travis_fold:start:system_info[0K[33;1mBuild system information[0m
Build language: java
Build id: ''
Job id: ''
[34m[1mBuild image provisioning date and time[0m
Thu Feb  5 15:09:33 UTC 2015
[34m[1mOperating System Details[0m
Distributor ID:	Ubuntu
Description:	Ubuntu 12.04.5 LTS
Release:	12.04
Codename:	precise
[34m[1mLinux Version[0m
3.13.0-29-generic
[34m[1mCookbooks Version[0m
a68419e https://github.com/travis-ci/travis-cookbooks/tree/a68419e
[34m[1mGCC version[0m
gcc (Ubuntu/Linaro 4.6.3-1ubuntu5) 4.6.3
Copyright (C) 2011 Free Software Foundation, Inc.
This is free software; see the source for copying conditions.  There is NO
warranty; not even for MERCHANTABILITY or FITNESS FOR A PARTICULAR PURPOSE.

[34m[1mLLVM version[0m
clang version 3.4 (tags/RELEASE_34/final)
Target: x86_64-unknown-linux-gnu
Thread model: posix
[34m[1mPre-installed Ruby versions[0m
ruby-1.9.3-p551
[34m[1mPre-installed Node.js versions[0m
v0.10.36
[34m[1mPre-installed Go versions[0m
1.4.1
[34m[1mRedis version[0m
redis-server 2.8.19
[34m[1mriak version[0m
2.0.2
[34m[1mMongoDB version[0m
MongoDB 2.4.12
[34m[1mCouchDB version[0m
couchdb 1.6.1
[34m[1mNeo4j version[0m
1.9.4
[34m[1mRabbitMQ Version[0m
3.4.3
[34m[1mElasticSearch version[0m
1.4.0
[34m[1mInstalled Sphinx versions[0m
2.0.10
2.1.9
2.2.6
[34m[1mDefault Sphinx version[0m
2.2.6
[34m[1mInstalled Firefox version[0m
firefox 31.0esr
[34m[1mPhantomJS version[0m
1.9.8
[34m[1mant -version[0m
Apache Ant(TM) version 1.8.2 compiled on December 3 2011
[34m[1mmvn -version[0m
Apache Maven 3.2.5 (12a6b3acb947671f09b81f49094c53f426d8cea1; 2014-12-14T17:29:23+00:00)
Maven home: /usr/local/maven
Java version: 1.7.0_76, vendor: Oracle Corporation
Java home: /usr/lib/jvm/java-7-oracle/jre
Default locale: en_US, platform encoding: ANSI_X3.4-1968
OS name: "linux", version: "3.13.0-29-generic", arch: "amd64", family: "unix"
travis_fold:end:system_info[0K
sed: cannot rename /etc/hosts: Device or resource busy
sed: cannot rename /etc/hosts: Device or resource busy
$ cd mycila/license-maven-plugin
$ jdk_switcher use openjdk7
Switching to OpenJDK7 (java-1.7.0-openjdk-amd64), JAVA_HOME will be set to /usr/lib/jvm/java-7-openjdk-amd64
$ java -Xmx32m -version
java version "1.7.0_75"
OpenJDK Runtime Environment (IcedTea 2.5.4) (7u75-2.5.4-1~precise1)
OpenJDK 64-Bit Server VM (build 24.75-b04, mixed mode)
$ javac -J-Xmx32m -version
javac 1.7.0_75
travis_fold:start:install[0Ktravis_time:start:0adabb4a[0K$ /bin/true

travis_time:end:0adabb4a:start=1479336899557760863,finish=1479336899567174724,duration=9413861[0Ktravis_fold:end:install[0Ktravis_time:start:04915625[0K$ mvn clean install --quiet -B

-------------------------------------------------------
 T E S T S
-------------------------------------------------------
Running com.mycila.maven.plugin.license.UseDefaultExcludesMojoTest
[info] Checking licenses...
[debug] Header file:/home/travis/build/mycila/license-maven-plugin/src/test/resources/check/header.txt:
Copyright (C) ${year} http://code.google.com/p/maven-license-plugin/

Licensed under the Apache License, Version 2.0 (the "License");
you may not use this file except in compliance with the License.
You may obtain a copy of the License at

        http://www.apache.org/licenses/LICENSE-2.0

Unless required by applicable law or agreed to in writing, software
distributed under the License is distributed on an "AS IS" BASIS,
WITHOUT WARRANTIES OR CONDITIONS OF ANY KIND, either express or implied.
See the License for the specific language governing permissions and
limitations under the License.
[debug] Number of execution threads: 3
[debug] From: src/test/resources/check
[debug] Including: [**]
[debug] Excluding: [doc1.txt]
[debug] Selected file: src/test/resources/check/header.txt [header style: text]
[debug] Skipping header file: src/test/resources/check/header.txt
[debug] Selected file: src/test/resources/check/valid/text.txt [header style: text]
[debug] Selected file: src/test/resources/check/test.apt.vm [header style: sharpstar_style]
[debug] Selected file: src/test/resources/check/valid/text2.txt [header style: text]
[debug] Header OK in: src/test/resources/check/valid/text.txt
[warn] Missing header in: src/test/resources/check/test.apt.vm
[debug] Selected file: src/test/resources/check/header2.txt [header style: text]
[warn] Missing header in: src/test/resources/check/valid/text2.txt
[debug] Selected file: src/test/resources/check/def/doc1.txt [header style: text]
[debug] Selected file: src/test/resources/check/def/additionalHeaderDefinitions.xml [header style: xml_style]
[warn] Missing header in: src/test/resources/check/header2.txt
[warn] Missing header in: src/test/resources/check/def/additionalHeaderDefinitions.xml
[warn] Missing header in: src/test/resources/check/def/doc1.txt
[debug] Selected file: src/test/resources/check/pom.xml [header style: xml_style]
[debug] Selected file: src/test/resources/check/issue76/std.xml [header style: xml_style]
[debug] Header OK in: src/test/resources/check/issue76/std.xml
[debug] Selected file: src/test/resources/check/issue76/before.xml [header style: xml_style]
[debug] Selected file: src/test/resources/check/issue76/before.txt [header style: text]
[warn] Missing header in: src/test/resources/check/issue76/before.xml
[debug] Selected file: src/test/resources/check/issue76/after.xml [header style: xml_style]
[warn] Missing header in: src/test/resources/check/issue76/before.txt
[debug] Selected file: src/test/resources/check/issue76/std.txt [header style: text]
[debug] Header OK in: src/test/resources/check/issue76/std.txt
[warn] Missing header in: src/test/resources/check/issue76/after.xml
[debug] Selected file: src/test/resources/check/issue76/after.txt [header style: text]
[warn] Missing header in: src/test/resources/check/issue76/after.txt
[debug] Selected file: src/test/resources/check/strict/nospace.java [header style: javadoc_style]
[debug] Selected file: src/test/resources/check/strict/space.java [header style: javadoc_style]
[warn] Missing header in: src/test/resources/check/strict/nospace.java
[debug] Selected file: src/test/resources/check/cp/header-in-cp.txt [header style: text]
[warn] Missing header in: src/test/resources/check/cp/header-in-cp.txt
[warn] Missing header in: src/test/resources/check/strict/space.java
[warn] Missing header in: src/test/resources/check/pom.xml
[debug] Selected file: src/test/resources/check/modules/header.txt [header style: text]
[debug] Selected file: src/test/resources/check/modules/module1/doc1.txt [header style: text]
[warn] Missing header in: src/test/resources/check/modules/module1/doc1.txt
[debug] Selected file: src/test/resources/check/linewrap/testconfig.xml [header style: xml_style]
[debug] Selected file: src/test/resources/check/linewrap/header.txt [header style: text]
[warn] Missing header in: src/test/resources/check/modules/header.txt
[warn] Missing header in: src/test/resources/check/linewrap/header.txt
[warn] Missing header in: src/test/resources/check/linewrap/testconfig.xml
Tests run: 1, Failures: 0, Errors: 0, Skipped: 0, Time elapsed: 0.182 sec - in com.mycila.maven.plugin.license.UseDefaultExcludesMojoTest
Running com.mycila.maven.plugin.license.ExcludesMojoTest
[info] Checking licenses...
[debug] Header file:/home/travis/build/mycila/license-maven-plugin/src/test/resources/check/header.txt:
Copyright (C) ${year} http://code.google.com/p/maven-license-plugin/

Licensed under the Apache License, Version 2.0 (the "License");
you may not use this file except in compliance with the License.
You may obtain a copy of the License at

        http://www.apache.org/licenses/LICENSE-2.0

Unless required by applicable law or agreed to in writing, software
distributed under the License is distributed on an "AS IS" BASIS,
WITHOUT WARRANTIES OR CONDITIONS OF ANY KIND, either express or implied.
See the License for the specific language governing permissions and
limitations under the License.
[debug] Number of execution threads: 3
[debug] From: src/test/resources/check
[debug] Including: [**]
[debug] Excluding: [**/*~, **/#*#, **/.#*, **/%*%, **/._*, **/.repository/**, **/CVS, **/CVS/**, **/.cvsignore, **/RCS, **/RCS/**, **/SCCS, **/SCCS/**, **/vssver.scc, **/.svn, **/.svn/**, **/.arch-ids, **/.arch-ids/**, **/.bzr, **/.bzr/**, **/.MySCMServerInfo, **/.DS_Store, **/.metadata, **/.metadata/**, **/.hg, **/.hg/**, **/.hgignore, **/.git, **/.git/**, **/.gitignore, **/.gitmodules, **/BitKeeper, **/BitKeeper/**, **/ChangeSet, **/ChangeSet/**, **/_darcs, **/_darcs/**, **/.darcsrepo, **/.darcsrepo/**, **/-darcs-backup*, **/.darcs-temp-mail, **/target/**, **/test-output/**, **/release.properties, **/dependency-reduced-pom.xml, **/pom.xml.releaseBackup, **/cobertura.ser, **/.clover/**, **/.classpath, **/.project, **/.settings/**, **/*.iml, **/*.ipr, **/*.iws, .idea/**, **/MANIFEST.MF, **/*.jpg, **/*.png, **/*.gif, **/*.ico, **/*.bmp, **/*.tiff, **/*.tif, **/*.cr2, **/*.xcf, **/*.class, **/*.exe, **/*.dll, **/*.so, **/*.md5, **/*.sha1, **/*.jar, **/*.zip, **/*.rar, **/*.tar, **/*.tar.gz, **/*.tar.bz2, **/*.gz, **/*.xls, **/META-INF/services/**, **/*.md, **/*.xls, **/*.doc, **/*.odt, **/*.ods, **/*.pdf, **/.travis.yml, **/*.swf, **/*.json]
[debug] Selected file: src/test/resources/check/valid/text2.txt [header style: text]
[warn] Missing header in: src/test/resources/check/valid/text2.txt
[debug] Selected file: src/test/resources/check/header.txt [header style: text]
[debug] Skipping header file: src/test/resources/check/header.txt
[debug] Selected file: src/test/resources/check/doc1.txt [header style: text]
[debug] Selected file: src/test/resources/check/test.apt.vm [header style: sharpstar_style]
[warn] Missing header in: src/test/resources/check/test.apt.vm
[warn] Missing header in: src/test/resources/check/doc1.txt
[debug] Selected file: src/test/resources/check/def/doc1.txt [header style: text]
[debug] Selected file: src/test/resources/check/header2.txt [header style: text]
[warn] Missing header in: src/test/resources/check/def/doc1.txt
[warn] Missing header in: src/test/resources/check/header2.txt
[debug] Selected file: src/test/resources/check/valid/text.txt [header style: text]
[debug] Selected file: src/test/resources/check/pom.xml [header style: xml_style]
[debug] Header OK in: src/test/resources/check/valid/text.txt
[debug] Selected file: src/test/resources/check/def/additionalHeaderDefinitions.xml [header style: xml_style]
[warn] Missing header in: src/test/resources/check/def/additionalHeaderDefinitions.xml
[debug] Selected file: src/test/resources/check/issue76/std.xml [header style: xml_style]
[debug] Header OK in: src/test/resources/check/issue76/std.xml
[debug] Selected file: src/test/resources/check/issue76/before.xml [header style: xml_style]
[warn] Missing header in: src/test/resources/check/issue76/before.xml
[warn] Missing header in: src/test/resources/check/pom.xml
[debug] Selected file: src/test/resources/check/issue76/after.xml [header style: xml_style]
[debug] Selected file: src/test/resources/check/issue76/std.txt [header style: text]
[warn] Missing header in: src/test/resources/check/issue76/after.xml
[debug] Header OK in: src/test/resources/check/issue76/std.txt
[debug] Selected file: src/test/resources/check/strict/nospace.java [header style: javadoc_style]
[debug] Selected file: src/test/resources/check/issue76/after.txt [header style: text]
[warn] Missing header in: src/test/resources/check/strict/nospace.java
[warn] Missing header in: src/test/resources/check/issue76/after.txt
[debug] Selected file: src/test/resources/check/strict/space.java [header style: javadoc_style]
[debug] Selected file: src/test/resources/check/cp/header-in-cp.txt [header style: text]
[warn] Missing header in: src/test/resources/check/cp/header-in-cp.txt
[warn] Missing header in: src/test/resources/check/strict/space.java
[debug] Selected file: src/test/resources/check/modules/header.txt [header style: text]
[debug] Selected file: src/test/resources/check/modules/module1/doc1.txt [header style: text]
[warn] Missing header in: src/test/resources/check/modules/module1/doc1.txt
[debug] Selected file: src/test/resources/check/issue76/before.txt [header style: text]
[warn] Missing header in: src/test/resources/check/issue76/before.txt
[debug] Selected file: src/test/resources/check/linewrap/header.txt [header style: text]
[warn] Missing header in: src/test/resources/check/linewrap/header.txt
[warn] Missing header in: src/test/resources/check/modules/header.txt
[debug] Selected file: src/test/resources/check/linewrap/testconfig.xml [header style: xml_style]
[warn] Missing header in: src/test/resources/check/linewrap/testconfig.xml
[info] Checking licenses...
[debug] Header file:/home/travis/build/mycila/license-maven-plugin/src/test/resources/check/header.txt:
Copyright (C) ${year} http://code.google.com/p/maven-license-plugin/

Licensed under the Apache License, Version 2.0 (the "License");
you may not use this file except in compliance with the License.
You may obtain a copy of the License at

        http://www.apache.org/licenses/LICENSE-2.0

Unless required by applicable law or agreed to in writing, software
distributed under the License is distributed on an "AS IS" BASIS,
WITHOUT WARRANTIES OR CONDITIONS OF ANY KIND, either express or implied.
See the License for the specific language governing permissions and
limitations under the License.
[debug] Number of execution threads: 3
[debug] From: src/test/resources/check
[debug] Including: [**]
[debug] Excluding: [**/*~, **/#*#, **/.#*, **/%*%, **/._*, **/.repository/**, **/CVS, **/CVS/**, **/.cvsignore, **/RCS, **/RCS/**, **/SCCS, **/SCCS/**, **/vssver.scc, **/.svn, **/.svn/**, **/.arch-ids, **/.arch-ids/**, **/.bzr, **/.bzr/**, **/.MySCMServerInfo, **/.DS_Store, **/.metadata, **/.metadata/**, **/.hg, **/.hg/**, **/.hgignore, **/.git, **/.git/**, **/.gitignore, **/.gitmodules, **/BitKeeper, **/BitKeeper/**, **/ChangeSet, **/ChangeSet/**, **/_darcs, **/_darcs/**, **/.darcsrepo, **/.darcsrepo/**, **/-darcs-backup*, **/.darcs-temp-mail, **/target/**, **/test-output/**, **/release.properties, **/dependency-reduced-pom.xml, **/pom.xml.releaseBackup, **/cobertura.ser, **/.clover/**, **/.classpath, **/.project, **/.settings/**, **/*.iml, **/*.ipr, **/*.iws, .idea/**, **/MANIFEST.MF, **/*.jpg, **/*.png, **/*.gif, **/*.ico, **/*.bmp, **/*.tiff, **/*.tif, **/*.cr2, **/*.xcf, **/*.class, **/*.exe, **/*.dll, **/*.so, **/*.md5, **/*.sha1, **/*.jar, **/*.zip, **/*.rar, **/*.tar, **/*.tar.gz, **/*.tar.bz2, **/*.gz, **/*.xls, **/META-INF/services/**, **/*.md, **/*.xls, **/*.doc, **/*.odt, **/*.ods, **/*.pdf, **/.travis.yml, **/*.swf, **/*.json, **/*.txt, **/*.xml, **/*.java, **/*.apt.vm]
Tests run: 2, Failures: 0, Errors: 0, Skipped: 0, Time elapsed: 0.15 sec - in com.mycila.maven.plugin.license.ExcludesMojoTest
Running com.mycila.maven.plugin.license.CheckTest
[info] Checking licenses...
[warn] Property 'strictCheck' is not enabled. Please consider adding <strictCheck>true</strictCheck> in your pom.xml file.
[warn] See http://mycila.github.io/license-maven-plugin for more information.
[debug] Header file:/home/travis/build/mycila/license-maven-plugin/src/test/resources/check/linewrap/header.txt:
Licensed to the Apache Software Foundation (ASF) under one
or more contributor license agreements.  See the NOTICE file
distributed with this work for additional information
regarding copyright ownership.  The ASF licenses this file
to you under the Apache License, Version 2.0 (the
"License"); you may not use this file except in compliance
with the License.  You may obtain a copy of the License at

 http://www.apache.org/licenses/LICENSE-2.0

Unless required by applicable law or agreed to in writing,
software distributed under the License is distributed on an
"AS IS" BASIS, WITHOUT WARRANTIES OR CONDITIONS OF ANY
KIND, either express or implied.  See the License for the
specific language governing permissions and limitations
under the License.
 
[debug] Number of execution threads: 3
[debug] From: src/test/resources/check/linewrap
[debug] Including: [**]
[debug] Excluding: [**/*~, **/#*#, **/.#*, **/%*%, **/._*, **/.repository/**, **/CVS, **/CVS/**, **/.cvsignore, **/RCS, **/RCS/**, **/SCCS, **/SCCS/**, **/vssver.scc, **/.svn, **/.svn/**, **/.arch-ids, **/.arch-ids/**, **/.bzr, **/.bzr/**, **/.MySCMServerInfo, **/.DS_Store, **/.metadata, **/.metadata/**, **/.hg, **/.hg/**, **/.hgignore, **/.git, **/.git/**, **/.gitignore, **/.gitmodules, **/BitKeeper, **/BitKeeper/**, **/ChangeSet, **/ChangeSet/**, **/_darcs, **/_darcs/**, **/.darcsrepo, **/.darcsrepo/**, **/-darcs-backup*, **/.darcs-temp-mail, **/target/**, **/test-output/**, **/release.properties, **/dependency-reduced-pom.xml, **/pom.xml.releaseBackup, **/cobertura.ser, **/.clover/**, **/.classpath, **/.project, **/.settings/**, **/*.iml, **/*.ipr, **/*.iws, .idea/**, **/MANIFEST.MF, **/*.jpg, **/*.png, **/*.gif, **/*.ico, **/*.bmp, **/*.tiff, **/*.tif, **/*.cr2, **/*.xcf, **/*.class, **/*.exe, **/*.dll, **/*.so, **/*.md5, **/*.sha1, **/*.jar, **/*.zip, **/*.rar, **/*.tar, **/*.tar.gz, **/*.tar.bz2, **/*.gz, **/*.xls, **/META-INF/services/**, **/*.md, **/*.xls, **/*.doc, **/*.odt, **/*.ods, **/*.pdf, **/.travis.yml, **/*.swf, **/*.json]
[debug] Selected file: src/test/resources/check/linewrap/header.txt [header style: text]
[debug] Skipping header file: src/test/resources/check/linewrap/header.txt
[debug] Selected file: src/test/resources/check/linewrap/testconfig.xml [header style: xml_style]
[debug] Header OK in: src/test/resources/check/linewrap/testconfig.xml
[info] Checking licenses...
[debug] Header file:/home/travis/build/mycila/license-maven-plugin/src/test/resources/check/linewrap/header.txt:
Licensed to the Apache Software Foundation (ASF) under one
or more contributor license agreements.  See the NOTICE file
distributed with this work for additional information
regarding copyright ownership.  The ASF licenses this file
to you under the Apache License, Version 2.0 (the
"License"); you may not use this file except in compliance
with the License.  You may obtain a copy of the License at

 http://www.apache.org/licenses/LICENSE-2.0

Unless required by applicable law or agreed to in writing,
software distributed under the License is distributed on an
"AS IS" BASIS, WITHOUT WARRANTIES OR CONDITIONS OF ANY
KIND, either express or implied.  See the License for the
specific language governing permissions and limitations
under the License.
 
[debug] Number of execution threads: 3
[debug] From: src/test/resources/check/linewrap
[debug] Including: [**]
[debug] Excluding: [**/*~, **/#*#, **/.#*, **/%*%, **/._*, **/.repository/**, **/CVS, **/CVS/**, **/.cvsignore, **/RCS, **/RCS/**, **/SCCS, **/SCCS/**, **/vssver.scc, **/.svn, **/.svn/**, **/.arch-ids, **/.arch-ids/**, **/.bzr, **/.bzr/**, **/.MySCMServerInfo, **/.DS_Store, **/.metadata, **/.metadata/**, **/.hg, **/.hg/**, **/.hgignore, **/.git, **/.git/**, **/.gitignore, **/.gitmodules, **/BitKeeper, **/BitKeeper/**, **/ChangeSet, **/ChangeSet/**, **/_darcs, **/_darcs/**, **/.darcsrepo, **/.darcsrepo/**, **/-darcs-backup*, **/.darcs-temp-mail, **/target/**, **/test-output/**, **/release.properties, **/dependency-reduced-pom.xml, **/pom.xml.releaseBackup, **/cobertura.ser, **/.clover/**, **/.classpath, **/.project, **/.settings/**, **/*.iml, **/*.ipr, **/*.iws, .idea/**, **/MANIFEST.MF, **/*.jpg, **/*.png, **/*.gif, **/*.ico, **/*.bmp, **/*.tiff, **/*.tif, **/*.cr2, **/*.xcf, **/*.class, **/*.exe, **/*.dll, **/*.so, **/*.md5, **/*.sha1, **/*.jar, **/*.zip, **/*.rar, **/*.tar, **/*.tar.gz, **/*.tar.bz2, **/*.gz, **/*.xls, **/META-INF/services/**, **/*.md, **/*.xls, **/*.doc, **/*.odt, **/*.ods, **/*.pdf, **/.travis.yml, **/*.swf, **/*.json]
[debug] Selected file: src/test/resources/check/linewrap/header.txt [header style: text]
[debug] Skipping header file: src/test/resources/check/linewrap/header.txt
[debug] Selected file: src/test/resources/check/linewrap/testconfig.xml [header style: xml_style]
[warn] Missing header in: src/test/resources/check/linewrap/testconfig.xml
[info] Updating license headers...
[debug] Header file:/home/travis/build/mycila/license-maven-plugin/src/test/resources/check/linewrap/header.txt:
Licensed to the Apache Software Foundation (ASF) under one
or more contributor license agreements.  See the NOTICE file
distributed with this work for additional information
regarding copyright ownership.  The ASF licenses this file
to you under the Apache License, Version 2.0 (the
"License"); you may not use this file except in compliance
with the License.  You may obtain a copy of the License at

 http://www.apache.org/licenses/LICENSE-2.0

Unless required by applicable law or agreed to in writing,
software distributed under the License is distributed on an
"AS IS" BASIS, WITHOUT WARRANTIES OR CONDITIONS OF ANY
KIND, either express or implied.  See the License for the
specific language governing permissions and limitations
under the License.
 
[debug] Number of execution threads: 3
[debug] From: target/test/linewrap
[debug] Including: [**]
[debug] Excluding: [**/*~, **/#*#, **/.#*, **/%*%, **/._*, **/.repository/**, **/CVS, **/CVS/**, **/.cvsignore, **/RCS, **/RCS/**, **/SCCS, **/SCCS/**, **/vssver.scc, **/.svn, **/.svn/**, **/.arch-ids, **/.arch-ids/**, **/.bzr, **/.bzr/**, **/.MySCMServerInfo, **/.DS_Store, **/.metadata, **/.metadata/**, **/.hg, **/.hg/**, **/.hgignore, **/.git, **/.git/**, **/.gitignore, **/.gitmodules, **/BitKeeper, **/BitKeeper/**, **/ChangeSet, **/ChangeSet/**, **/_darcs, **/_darcs/**, **/.darcsrepo, **/.darcsrepo/**, **/-darcs-backup*, **/.darcs-temp-mail, **/target/**, **/test-output/**, **/release.properties, **/dependency-reduced-pom.xml, **/pom.xml.releaseBackup, **/cobertura.ser, **/.clover/**, **/.classpath, **/.project, **/.settings/**, **/*.iml, **/*.ipr, **/*.iws, .idea/**, **/MANIFEST.MF, **/*.jpg, **/*.png, **/*.gif, **/*.ico, **/*.bmp, **/*.tiff, **/*.tif, **/*.cr2, **/*.xcf, **/*.class, **/*.exe, **/*.dll, **/*.so, **/*.md5, **/*.sha1, **/*.jar, **/*.zip, **/*.rar, **/*.tar, **/*.tar.gz, **/*.tar.bz2, **/*.gz, **/*.xls, **/META-INF/services/**, **/*.md, **/*.xls, **/*.doc, **/*.odt, **/*.ods, **/*.pdf, **/.travis.yml, **/*.swf, **/*.json]
[debug] Selected file: target/test/linewrap/testconfig.xml [header style: xml_style]
[info] Updating license header in: target/test/linewrap/testconfig.xml
[info] Checking licenses...
[debug] Header file:/home/travis/build/mycila/license-maven-plugin/src/test/resources/check/linewrap/header.txt:
Licensed to the Apache Software Foundation (ASF) under one
or more contributor license agreements.  See the NOTICE file
distributed with this work for additional information
regarding copyright ownership.  The ASF licenses this file
to you under the Apache License, Version 2.0 (the
"License"); you may not use this file except in compliance
with the License.  You may obtain a copy of the License at

 http://www.apache.org/licenses/LICENSE-2.0

Unless required by applicable law or agreed to in writing,
software distributed under the License is distributed on an
"AS IS" BASIS, WITHOUT WARRANTIES OR CONDITIONS OF ANY
KIND, either express or implied.  See the License for the
specific language governing permissions and limitations
under the License.
 
[debug] Number of execution threads: 3
[debug] From: target/test/linewrap
[debug] Including: [**]
[debug] Excluding: [**/*~, **/#*#, **/.#*, **/%*%, **/._*, **/.repository/**, **/CVS, **/CVS/**, **/.cvsignore, **/RCS, **/RCS/**, **/SCCS, **/SCCS/**, **/vssver.scc, **/.svn, **/.svn/**, **/.arch-ids, **/.arch-ids/**, **/.bzr, **/.bzr/**, **/.MySCMServerInfo, **/.DS_Store, **/.metadata, **/.metadata/**, **/.hg, **/.hg/**, **/.hgignore, **/.git, **/.git/**, **/.gitignore, **/.gitmodules, **/BitKeeper, **/BitKeeper/**, **/ChangeSet, **/ChangeSet/**, **/_darcs, **/_darcs/**, **/.darcsrepo, **/.darcsrepo/**, **/-darcs-backup*, **/.darcs-temp-mail, **/target/**, **/test-output/**, **/release.properties, **/dependency-reduced-pom.xml, **/pom.xml.releaseBackup, **/cobertura.ser, **/.clover/**, **/.classpath, **/.project, **/.settings/**, **/*.iml, **/*.ipr, **/*.iws, .idea/**, **/MANIFEST.MF, **/*.jpg, **/*.png, **/*.gif, **/*.ico, **/*.bmp, **/*.tiff, **/*.tif, **/*.cr2, **/*.xcf, **/*.class, **/*.exe, **/*.dll, **/*.so, **/*.md5, **/*.sha1, **/*.jar, **/*.zip, **/*.rar, **/*.tar, **/*.tar.gz, **/*.tar.bz2, **/*.gz, **/*.xls, **/META-INF/services/**, **/*.md, **/*.xls, **/*.doc, **/*.odt, **/*.ods, **/*.pdf, **/.travis.yml, **/*.swf, **/*.json]
[debug] Selected file: target/test/linewrap/testconfig.xml [header style: xml_style]
[debug] Header OK in: target/test/linewrap/testconfig.xml
Tests run: 1, Failures: 0, Errors: 0, Skipped: 0, Time elapsed: 0.386 sec - in com.mycila.maven.plugin.license.CheckTest
Running com.mycila.maven.plugin.license.MappingMojoTest
org.apache.maven.plugin.MojoExecutionException: Some files do not have the expected license header
	at com.mycila.maven.plugin.license.LicenseCheckMojo.execute(LicenseCheckMojo.java:56)
	at com.mycila.maven.plugin.license.MappingMojoTest.test_mapping_composed_extension(MappingMojoTest.java:87)
	at sun.reflect.NativeMethodAccessorImpl.invoke0(Native Method)
	at sun.reflect.NativeMethodAccessorImpl.invoke(NativeMethodAccessorImpl.java:57)
	at sun.reflect.DelegatingMethodAccessorImpl.invoke(DelegatingMethodAccessorImpl.java:43)
	at java.lang.reflect.Method.invoke(Method.java:606)
	at org.junit.runners.model.FrameworkMethod$1.runReflectiveCall(FrameworkMethod.java:45)
	at org.junit.internal.runners.model.ReflectiveCallable.run(ReflectiveCallable.java:15)
	at org.junit.runners.model.FrameworkMethod.invokeExplosively(FrameworkMethod.java:42)
	at org.junit.internal.runners.statements.InvokeMethod.evaluate(InvokeMethod.java:20)
	at org.junit.runners.ParentRunner.runLeaf(ParentRunner.java:263)
	at org.junit.runners.BlockJUnit4ClassRunner.runChild(BlockJUnit4ClassRunner.java:68)
	at org.junit.runners.BlockJUnit4ClassRunner.runChild(BlockJUnit4ClassRunner.java:47)
	at org.junit.runners.ParentRunner$3.run(ParentRunner.java:231)
	at org.junit.runners.ParentRunner$1.schedule(ParentRunner.java:60)
	at org.junit.runners.ParentRunner.runChildren(ParentRunner.java:229)
	at org.junit.runners.ParentRunner.access$000(ParentRunner.java:50)
	at org.junit.runners.ParentRunner$2.evaluate(ParentRunner.java:222)
	at org.junit.runners.ParentRunner.run(ParentRunner.java:300)
	at org.apache.maven.surefire.junit4.JUnit4Provider.execute(JUnit4Provider.java:264)
	at org.apache.maven.surefire.junit4.JUnit4Provider.executeTestSet(JUnit4Provider.java:153)
	at org.apache.maven.surefire.junit4.JUnit4Provider.invoke(JUnit4Provider.java:124)
	at org.apache.maven.surefire.booter.ForkedBooter.invokeProviderInSameClassLoader(ForkedBooter.java:200)
	at org.apache.maven.surefire.booter.ForkedBooter.runSuitesInProcess(ForkedBooter.java:153)
	at org.apache.maven.surefire.booter.ForkedBooter.main(ForkedBooter.java:103)
org.apache.maven.plugin.MojoExecutionException: Some files do not have the expected license header
	at com.mycila.maven.plugin.license.LicenseCheckMojo.execute(LicenseCheckMojo.java:56)
	at com.mycila.maven.plugin.license.MappingMojoTest.test_mapping(MappingMojoTest.java:48)
	at sun.reflect.NativeMethodAccessorImpl.invoke0(Native Method)
	at sun.reflect.NativeMethodAccessorImpl.invoke(NativeMethodAccessorImpl.java:57)
	at sun.reflect.DelegatingMethodAccessorImpl.invoke(DelegatingMethodAccessorImpl.java:43)
	at java.lang.reflect.Method.invoke(Method.java:606)
	at org.junit.runners.model.FrameworkMethod$1.runReflectiveCall(FrameworkMethod.java:45)
	at org.junit.internal.runners.model.ReflectiveCallable.run(ReflectiveCallable.java:15)
	at org.junit.runners.model.FrameworkMethod.invokeExplosively(FrameworkMethod.java:42)
	at org.junit.internal.runners.statements.InvokeMethod.evaluate(InvokeMethod.java:20)
	at org.junit.runners.ParentRunner.runLeaf(ParentRunner.java:263)
	at org.junit.runners.BlockJUnit4ClassRunner.runChild(BlockJUnit4ClassRunner.java:68)
	at org.junit.runners.BlockJUnit4ClassRunner.runChild(BlockJUnit4ClassRunner.java:47)
	at org.junit.runners.ParentRunner$3.run(ParentRunner.java:231)
	at org.junit.runners.ParentRunner$1.schedule(ParentRunner.java:60)
	at org.junit.runners.ParentRunner.runChildren(ParentRunner.java:229)
	at org.junit.runners.ParentRunner.access$000(ParentRunner.java:50)
	at org.junit.runners.ParentRunner$2.evaluate(ParentRunner.java:222)
	at org.junit.runners.ParentRunner.run(ParentRunner.java:300)
	at org.apache.maven.surefire.junit4.JUnit4Provider.execute(JUnit4Provider.java:264)
	at org.apache.maven.surefire.junit4.JUnit4Provider.executeTestSet(JUnit4Provider.java:153)
	at org.apache.maven.surefire.junit4.JUnit4Provider.invoke(JUnit4Provider.java:124)
	at org.apache.maven.surefire.booter.ForkedBooter.invokeProviderInSameClassLoader(ForkedBooter.java:200)
	at org.apache.maven.surefire.booter.ForkedBooter.runSuitesInProcess(ForkedBooter.java:153)
	at org.apache.maven.surefire.booter.ForkedBooter.main(ForkedBooter.java:103)
Tests run: 2, Failures: 0, Errors: 0, Skipped: 0, Time elapsed: 0.097 sec - in com.mycila.maven.plugin.license.MappingMojoTest
Running com.mycila.maven.plugin.license.ValidHeaderMojoTest
[info] Checking licenses...
[debug] Header file:/home/travis/build/mycila/license-maven-plugin/src/test/resources/test-header1.txt:
Copyright (C) ${year} http://code.google.com/p/maven-license-plugin/

Licensed under the Apache License, Version 2.0 (the "License");
you may not use this file except in compliance with the License.
You may obtain a copy of the License at

        http://www.apache.org/licenses/LICENSE-2.0

Unless required by applicable law or agreed to in writing, software
distributed under the License is distributed on an "AS IS" BASIS,
WITHOUT WARRANTIES OR CONDITIONS OF ANY KIND, either express or implied.
See the License for the specific language governing permissions and
limitations under the License.
[debug] Number of execution threads: 3
[debug] From: src/test/resources/check/valid
[debug] Including: [**]
[debug] Excluding: [**/*~, **/#*#, **/.#*, **/%*%, **/._*, **/.repository/**, **/CVS, **/CVS/**, **/.cvsignore, **/RCS, **/RCS/**, **/SCCS, **/SCCS/**, **/vssver.scc, **/.svn, **/.svn/**, **/.arch-ids, **/.arch-ids/**, **/.bzr, **/.bzr/**, **/.MySCMServerInfo, **/.DS_Store, **/.metadata, **/.metadata/**, **/.hg, **/.hg/**, **/.hgignore, **/.git, **/.git/**, **/.gitignore, **/.gitmodules, **/BitKeeper, **/BitKeeper/**, **/ChangeSet, **/ChangeSet/**, **/_darcs, **/_darcs/**, **/.darcsrepo, **/.darcsrepo/**, **/-darcs-backup*, **/.darcs-temp-mail, **/target/**, **/test-output/**, **/release.properties, **/dependency-reduced-pom.xml, **/pom.xml.releaseBackup, **/cobertura.ser, **/.clover/**, **/.classpath, **/.project, **/.settings/**, **/*.iml, **/*.ipr, **/*.iws, .idea/**, **/MANIFEST.MF, **/*.jpg, **/*.png, **/*.gif, **/*.ico, **/*.bmp, **/*.tiff, **/*.tif, **/*.cr2, **/*.xcf, **/*.class, **/*.exe, **/*.dll, **/*.so, **/*.md5, **/*.sha1, **/*.jar, **/*.zip, **/*.rar, **/*.tar, **/*.tar.gz, **/*.tar.bz2, **/*.gz, **/*.xls, **/META-INF/services/**, **/*.md, **/*.xls, **/*.doc, **/*.odt, **/*.ods, **/*.pdf, **/.travis.yml, **/*.swf, **/*.json]
[debug] Selected file: src/test/resources/check/valid/text2.txt [header style: text]
[warn] Missing header in: src/test/resources/check/valid/text2.txt
[debug] Selected file: src/test/resources/check/valid/text.txt [header style: text]
[debug] Header OK in: src/test/resources/check/valid/text.txt
[info] Checking licenses...
[debug] Header file:/home/travis/build/mycila/license-maven-plugin/src/test/resources/test-header1.txt:
Copyright (C) ${year} http://code.google.com/p/maven-license-plugin/

Licensed under the Apache License, Version 2.0 (the "License");
you may not use this file except in compliance with the License.
You may obtain a copy of the License at

        http://www.apache.org/licenses/LICENSE-2.0

Unless required by applicable law or agreed to in writing, software
distributed under the License is distributed on an "AS IS" BASIS,
WITHOUT WARRANTIES OR CONDITIONS OF ANY KIND, either express or implied.
See the License for the specific language governing permissions and
limitations under the License.
[debug] Number of execution threads: 3
[debug] From: src/test/resources/check/valid
[debug] Including: [**]
[debug] Excluding: [**/*~, **/#*#, **/.#*, **/%*%, **/._*, **/.repository/**, **/CVS, **/CVS/**, **/.cvsignore, **/RCS, **/RCS/**, **/SCCS, **/SCCS/**, **/vssver.scc, **/.svn, **/.svn/**, **/.arch-ids, **/.arch-ids/**, **/.bzr, **/.bzr/**, **/.MySCMServerInfo, **/.DS_Store, **/.metadata, **/.metadata/**, **/.hg, **/.hg/**, **/.hgignore, **/.git, **/.git/**, **/.gitignore, **/.gitmodules, **/BitKeeper, **/BitKeeper/**, **/ChangeSet, **/ChangeSet/**, **/_darcs, **/_darcs/**, **/.darcsrepo, **/.darcsrepo/**, **/-darcs-backup*, **/.darcs-temp-mail, **/target/**, **/test-output/**, **/release.properties, **/dependency-reduced-pom.xml, **/pom.xml.releaseBackup, **/cobertura.ser, **/.clover/**, **/.classpath, **/.project, **/.settings/**, **/*.iml, **/*.ipr, **/*.iws, .idea/**, **/MANIFEST.MF, **/*.jpg, **/*.png, **/*.gif, **/*.ico, **/*.bmp, **/*.tiff, **/*.tif, **/*.cr2, **/*.xcf, **/*.class, **/*.exe, **/*.dll, **/*.so, **/*.md5, **/*.sha1, **/*.jar, **/*.zip, **/*.rar, **/*.tar, **/*.tar.gz, **/*.tar.bz2, **/*.gz, **/*.xls, **/META-INF/services/**, **/*.md, **/*.xls, **/*.doc, **/*.odt, **/*.ods, **/*.pdf, **/.travis.yml, **/*.swf, **/*.json]
[debug] Selected file: src/test/resources/check/valid/text2.txt [header style: text]
[debug] Header OK in: src/test/resources/check/valid/text2.txt
[debug] Selected file: src/test/resources/check/valid/text.txt [header style: text]
[debug] Header OK in: src/test/resources/check/valid/text.txt
Tests run: 1, Failures: 0, Errors: 0, Skipped: 0, Time elapsed: 0.687 sec - in com.mycila.maven.plugin.license.ValidHeaderMojoTest
Running com.mycila.maven.plugin.license.HeaderMojoTest
[info] Checking licenses...
[debug] Header file:/home/travis/build/mycila/license-maven-plugin/target/test-classes/test-header1.txt:
Copyright (C) ${year} http://code.google.com/p/maven-license-plugin/

Licensed under the Apache License, Version 2.0 (the "License");
you may not use this file except in compliance with the License.
You may obtain a copy of the License at

        http://www.apache.org/licenses/LICENSE-2.0

Unless required by applicable law or agreed to in writing, software
distributed under the License is distributed on an "AS IS" BASIS,
WITHOUT WARRANTIES OR CONDITIONS OF ANY KIND, either express or implied.
See the License for the specific language governing permissions and
limitations under the License.
[debug] Number of execution threads: 3
[debug] From: src/test/resources/check
[debug] Including: [**]
[debug] Excluding: [**/*~, **/#*#, **/.#*, **/%*%, **/._*, **/.repository/**, **/CVS, **/CVS/**, **/.cvsignore, **/RCS, **/RCS/**, **/SCCS, **/SCCS/**, **/vssver.scc, **/.svn, **/.svn/**, **/.arch-ids, **/.arch-ids/**, **/.bzr, **/.bzr/**, **/.MySCMServerInfo, **/.DS_Store, **/.metadata, **/.metadata/**, **/.hg, **/.hg/**, **/.hgignore, **/.git, **/.git/**, **/.gitignore, **/.gitmodules, **/BitKeeper, **/BitKeeper/**, **/ChangeSet, **/ChangeSet/**, **/_darcs, **/_darcs/**, **/.darcsrepo, **/.darcsrepo/**, **/-darcs-backup*, **/.darcs-temp-mail, **/target/**, **/test-output/**, **/release.properties, **/dependency-reduced-pom.xml, **/pom.xml.releaseBackup, **/cobertura.ser, **/.clover/**, **/.classpath, **/.project, **/.settings/**, **/*.iml, **/*.ipr, **/*.iws, .idea/**, **/MANIFEST.MF, **/*.jpg, **/*.png, **/*.gif, **/*.ico, **/*.bmp, **/*.tiff, **/*.tif, **/*.cr2, **/*.xcf, **/*.class, **/*.exe, **/*.dll, **/*.so, **/*.md5, **/*.sha1, **/*.jar, **/*.zip, **/*.rar, **/*.tar, **/*.tar.gz, **/*.tar.bz2, **/*.gz, **/*.xls, **/META-INF/services/**, **/*.md, **/*.xls, **/*.doc, **/*.odt, **/*.ods, **/*.pdf, **/.travis.yml, **/*.swf, **/*.json]
[debug] Selected file: src/test/resources/check/valid/text2.txt [header style: text]
[warn] Missing header in: src/test/resources/check/valid/text2.txt
[debug] Selected file: src/test/resources/check/doc1.txt [header style: text]
[warn] Missing header in: src/test/resources/check/doc1.txt
[debug] Selected file: src/test/resources/check/test.apt.vm [header style: sharpstar_style]
[warn] Missing header in: src/test/resources/check/test.apt.vm
[debug] Selected file: src/test/resources/check/header2.txt [header style: text]
[warn] Missing header in: src/test/resources/check/header2.txt
[debug] Selected file: src/test/resources/check/def/doc1.txt [header style: text]
[warn] Missing header in: src/test/resources/check/def/doc1.txt
[debug] Selected file: src/test/resources/check/def/additionalHeaderDefinitions.xml [header style: xml_style]
[warn] Missing header in: src/test/resources/check/def/additionalHeaderDefinitions.xml
[debug] Selected file: src/test/resources/check/pom.xml [header style: xml_style]
[warn] Missing header in: src/test/resources/check/pom.xml
[debug] Selected file: src/test/resources/check/valid/text.txt [header style: text]
[debug] Selected file: src/test/resources/check/header.txt [header style: text]
[debug] Selected file: src/test/resources/check/issue76/std.xml [header style: xml_style]
[debug] Header OK in: src/test/resources/check/valid/text.txt
[debug] Header OK in: src/test/resources/check/issue76/std.xml
[debug] Selected file: src/test/resources/check/issue76/before.xml [header style: xml_style]
[warn] Missing header in: src/test/resources/check/header.txt
[debug] Selected file: src/test/resources/check/issue76/after.xml [header style: xml_style]
[debug] Selected file: src/test/resources/check/issue76/before.txt [header style: text]
[warn] Missing header in: src/test/resources/check/issue76/before.txt
[warn] Missing header in: src/test/resources/check/issue76/before.xml
[warn] Missing header in: src/test/resources/check/issue76/after.xml
[debug] Selected file: src/test/resources/check/issue76/std.txt [header style: text]
[debug] Selected file: src/test/resources/check/strict/nospace.java [header style: javadoc_style]
[debug] Header OK in: src/test/resources/check/issue76/std.txt
[debug] Selected file: src/test/resources/check/strict/space.java [header style: javadoc_style]
[debug] Selected file: src/test/resources/check/issue76/after.txt [header style: text]
[warn] Missing header in: src/test/resources/check/strict/space.java
[debug] Selected file: src/test/resources/check/cp/header-in-cp.txt [header style: text]
[warn] Missing header in: src/test/resources/check/issue76/after.txt
[warn] Missing header in: src/test/resources/check/strict/nospace.java
[debug] Selected file: src/test/resources/check/modules/module1/doc1.txt [header style: text]
[debug] Selected file: src/test/resources/check/modules/header.txt [header style: text]
[warn] Missing header in: src/test/resources/check/modules/module1/doc1.txt
[warn] Missing header in: src/test/resources/check/cp/header-in-cp.txt
[debug] Selected file: src/test/resources/check/linewrap/header.txt [header style: text]
[warn] Missing header in: src/test/resources/check/linewrap/header.txt
[debug] Selected file: src/test/resources/check/linewrap/testconfig.xml [header style: xml_style]
[warn] Missing header in: src/test/resources/check/linewrap/testconfig.xml
[warn] Missing header in: src/test/resources/check/modules/header.txt
[warn] Some files do not have the expected license header
[info] Checking licenses...
[warn] No header file specified to check for license
[info] Checking licenses...
[debug] Header file:/home/travis/build/mycila/license-maven-plugin/src/test/resources/check/header.txt:
Copyright (C) ${year} http://code.google.com/p/maven-license-plugin/

Licensed under the Apache License, Version 2.0 (the "License");
you may not use this file except in compliance with the License.
You may obtain a copy of the License at

        http://www.apache.org/licenses/LICENSE-2.0

Unless required by applicable law or agreed to in writing, software
distributed under the License is distributed on an "AS IS" BASIS,
WITHOUT WARRANTIES OR CONDITIONS OF ANY KIND, either express or implied.
See the License for the specific language governing permissions and
limitations under the License.
[debug] Number of execution threads: 3
[debug] From: src/test/resources/check
[debug] Including: [**]
[debug] Excluding: [**/*~, **/#*#, **/.#*, **/%*%, **/._*, **/.repository/**, **/CVS, **/CVS/**, **/.cvsignore, **/RCS, **/RCS/**, **/SCCS, **/SCCS/**, **/vssver.scc, **/.svn, **/.svn/**, **/.arch-ids, **/.arch-ids/**, **/.bzr, **/.bzr/**, **/.MySCMServerInfo, **/.DS_Store, **/.metadata, **/.metadata/**, **/.hg, **/.hg/**, **/.hgignore, **/.git, **/.git/**, **/.gitignore, **/.gitmodules, **/BitKeeper, **/BitKeeper/**, **/ChangeSet, **/ChangeSet/**, **/_darcs, **/_darcs/**, **/.darcsrepo, **/.darcsrepo/**, **/-darcs-backup*, **/.darcs-temp-mail, **/target/**, **/test-output/**, **/release.properties, **/dependency-reduced-pom.xml, **/pom.xml.releaseBackup, **/cobertura.ser, **/.clover/**, **/.classpath, **/.project, **/.settings/**, **/*.iml, **/*.ipr, **/*.iws, .idea/**, **/MANIFEST.MF, **/*.jpg, **/*.png, **/*.gif, **/*.ico, **/*.bmp, **/*.tiff, **/*.tif, **/*.cr2, **/*.xcf, **/*.class, **/*.exe, **/*.dll, **/*.so, **/*.md5, **/*.sha1, **/*.jar, **/*.zip, **/*.rar, **/*.tar, **/*.tar.gz, **/*.tar.bz2, **/*.gz, **/*.xls, **/META-INF/services/**, **/*.md, **/*.xls, **/*.doc, **/*.odt, **/*.ods, **/*.pdf, **/.travis.yml, **/*.swf, **/*.json]
[debug] Selected file: src/test/resources/check/header.txt [header style: text]
[debug] Skipping header file: src/test/resources/check/header.txt
[debug] Selected file: src/test/resources/check/valid/text2.txt [header style: text]
[warn] Missing header in: src/test/resources/check/valid/text2.txt
[debug] Selected file: src/test/resources/check/doc1.txt [header style: text]
[warn] Missing header in: src/test/resources/check/doc1.txt
[debug] Selected file: src/test/resources/check/test.apt.vm [header style: sharpstar_style]
[warn] Missing header in: src/test/resources/check/test.apt.vm
[debug] Selected file: src/test/resources/check/header2.txt [header style: text]
[warn] Missing header in: src/test/resources/check/header2.txt
[debug] Selected file: src/test/resources/check/def/doc1.txt [header style: text]
[warn] Missing header in: src/test/resources/check/def/doc1.txt
[debug] Selected file: src/test/resources/check/def/additionalHeaderDefinitions.xml [header style: xml_style]
[warn] Missing header in: src/test/resources/check/def/additionalHeaderDefinitions.xml
[debug] Selected file: src/test/resources/check/pom.xml [header style: xml_style]
[warn] Missing header in: src/test/resources/check/pom.xml
[debug] Selected file: src/test/resources/check/issue76/std.xml [header style: xml_style]
[debug] Header OK in: src/test/resources/check/issue76/std.xml
[debug] Selected file: src/test/resources/check/issue76/before.xml [header style: xml_style]
[warn] Missing header in: src/test/resources/check/issue76/before.xml
[debug] Selected file: src/test/resources/check/issue76/before.txt [header style: text]
[warn] Missing header in: src/test/resources/check/issue76/before.txt
[debug] Selected file: src/test/resources/check/issue76/after.xml [header style: xml_style]
[warn] Missing header in: src/test/resources/check/issue76/after.xml
[debug] Selected file: src/test/resources/check/issue76/std.txt [header style: text]
[debug] Header OK in: src/test/resources/check/issue76/std.txt
[debug] Selected file: src/test/resources/check/issue76/after.txt [header style: text]
[warn] Missing header in: src/test/resources/check/issue76/after.txt
[debug] Selected file: src/test/resources/check/strict/nospace.java [header style: javadoc_style]
[warn] Missing header in: src/test/resources/check/strict/nospace.java
[debug] Selected file: src/test/resources/check/strict/space.java [header style: javadoc_style]
[warn] Missing header in: src/test/resources/check/strict/space.java
[debug] Selected file: src/test/resources/check/cp/header-in-cp.txt [header style: text]
[debug] Selected file: src/test/resources/check/modules/header.txt [header style: text]
[warn] Missing header in: src/test/resources/check/modules/header.txt
[debug] Selected file: src/test/resources/check/modules/module1/doc1.txt [header style: text]
[warn] Missing header in: src/test/resources/check/modules/module1/doc1.txt
[debug] Selected file: src/test/resources/check/linewrap/header.txt [header style: text]
[warn] Missing header in: src/test/resources/check/linewrap/header.txt
[debug] Selected file: src/test/resources/check/linewrap/testconfig.xml [header style: xml_style]
[debug] Selected file: src/test/resources/check/valid/text.txt [header style: text]
[warn] Missing header in: src/test/resources/check/linewrap/testconfig.xml
[debug] Header OK in: src/test/resources/check/valid/text.txt
[warn] Missing header in: src/test/resources/check/cp/header-in-cp.txt
[warn] Some files do not have the expected license header
[info] Checking licenses...
[debug] Header file:/home/travis/build/mycila/license-maven-plugin/src/test/resources/check/header.txt:
Copyright (C) ${year} http://code.google.com/p/maven-license-plugin/

Licensed under the Apache License, Version 2.0 (the "License");
you may not use this file except in compliance with the License.
You may obtain a copy of the License at

        http://www.apache.org/licenses/LICENSE-2.0

Unless required by applicable law or agreed to in writing, software
distributed under the License is distributed on an "AS IS" BASIS,
WITHOUT WARRANTIES OR CONDITIONS OF ANY KIND, either express or implied.
See the License for the specific language governing permissions and
limitations under the License.
[debug] Number of execution threads: 3
[debug] From: src/test/resources/check
[debug] Including: [**]
[debug] Excluding: [**/*~, **/#*#, **/.#*, **/%*%, **/._*, **/.repository/**, **/CVS, **/CVS/**, **/.cvsignore, **/RCS, **/RCS/**, **/SCCS, **/SCCS/**, **/vssver.scc, **/.svn, **/.svn/**, **/.arch-ids, **/.arch-ids/**, **/.bzr, **/.bzr/**, **/.MySCMServerInfo, **/.DS_Store, **/.metadata, **/.metadata/**, **/.hg, **/.hg/**, **/.hgignore, **/.git, **/.git/**, **/.gitignore, **/.gitmodules, **/BitKeeper, **/BitKeeper/**, **/ChangeSet, **/ChangeSet/**, **/_darcs, **/_darcs/**, **/.darcsrepo, **/.darcsrepo/**, **/-darcs-backup*, **/.darcs-temp-mail, **/target/**, **/test-output/**, **/release.properties, **/dependency-reduced-pom.xml, **/pom.xml.releaseBackup, **/cobertura.ser, **/.clover/**, **/.classpath, **/.project, **/.settings/**, **/*.iml, **/*.ipr, **/*.iws, .idea/**, **/MANIFEST.MF, **/*.jpg, **/*.png, **/*.gif, **/*.ico, **/*.bmp, **/*.tiff, **/*.tif, **/*.cr2, **/*.xcf, **/*.class, **/*.exe, **/*.dll, **/*.so, **/*.md5, **/*.sha1, **/*.jar, **/*.zip, **/*.rar, **/*.tar, **/*.tar.gz, **/*.tar.bz2, **/*.gz, **/*.xls, **/META-INF/services/**, **/*.md, **/*.xls, **/*.doc, **/*.odt, **/*.ods, **/*.pdf, **/.travis.yml, **/*.swf, **/*.json]
[debug] Selected file: src/test/resources/check/header.txt [header style: text]
[debug] Skipping header file: src/test/resources/check/header.txt
[debug] Selected file: src/test/resources/check/valid/text2.txt [header style: text]
[warn] Missing header in: src/test/resources/check/valid/text2.txt
[debug] Selected file: src/test/resources/check/doc1.txt [header style: text]
[warn] Missing header in: src/test/resources/check/doc1.txt
[debug] Selected file: src/test/resources/check/test.apt.vm [header style: sharpstar_style]
[warn] Missing header in: src/test/resources/check/test.apt.vm
[debug] Selected file: src/test/resources/check/header2.txt [header style: text]
[warn] Missing header in: src/test/resources/check/header2.txt
[debug] Selected file: src/test/resources/check/def/doc1.txt [header style: text]
[warn] Missing header in: src/test/resources/check/def/doc1.txt
[debug] Selected file: src/test/resources/check/def/additionalHeaderDefinitions.xml [header style: xml_style]
[warn] Missing header in: src/test/resources/check/def/additionalHeaderDefinitions.xml
[debug] Selected file: src/test/resources/check/pom.xml [header style: xml_style]
[warn] Missing header in: src/test/resources/check/pom.xml
[debug] Selected file: src/test/resources/check/issue76/std.xml [header style: xml_style]
[debug] Header OK in: src/test/resources/check/issue76/std.xml
[debug] Selected file: src/test/resources/check/issue76/before.xml [header style: xml_style]
[warn] Missing header in: src/test/resources/check/issue76/before.xml
[debug] Selected file: src/test/resources/check/issue76/before.txt [header style: text]
[debug] Selected file: src/test/resources/check/issue76/after.xml [header style: xml_style]
[warn] Missing header in: src/test/resources/check/issue76/after.xml
[debug] Selected file: src/test/resources/check/issue76/std.txt [header style: text]
[debug] Header OK in: src/test/resources/check/issue76/std.txt
[warn] Missing header in: src/test/resources/check/issue76/before.txt
[debug] Selected file: src/test/resources/check/issue76/after.txt [header style: text]
[warn] Missing header in: src/test/resources/check/issue76/after.txt
[debug] Selected file: src/test/resources/check/strict/nospace.java [header style: javadoc_style]
[debug] Selected file: src/test/resources/check/strict/space.java [header style: javadoc_style]
[warn] Missing header in: src/test/resources/check/strict/space.java
[warn] Missing header in: src/test/resources/check/strict/nospace.java
[debug] Selected file: src/test/resources/check/cp/header-in-cp.txt [header style: text]
[warn] Missing header in: src/test/resources/check/cp/header-in-cp.txt
[debug] Selected file: src/test/resources/check/valid/text.txt [header style: text]
[debug] Selected file: src/test/resources/check/modules/module1/doc1.txt [header style: text]
[debug] Selected file: src/test/resources/check/modules/header.txt [header style: text]
[debug] Header OK in: src/test/resources/check/valid/text.txt
[warn] Missing header in: src/test/resources/check/modules/module1/doc1.txt
[warn] Missing header in: src/test/resources/check/modules/header.txt
[debug] Selected file: src/test/resources/check/linewrap/testconfig.xml [header style: xml_style]
[debug] Selected file: src/test/resources/check/linewrap/header.txt [header style: text]
[warn] Missing header in: src/test/resources/check/linewrap/testconfig.xml
[warn] Missing header in: src/test/resources/check/linewrap/header.txt
[warn] Some files do not have the expected license header
[info] Checking licenses...
[debug] Header file:/home/travis/build/mycila/license-maven-plugin/src/test/resources/check/cp/header-in-cp.txt:
Copyright (C) ${year} http://code.google.com/p/maven-license-plugin/

Licensed under the Apache License, Version 2.0 (the "License");
you may not use this file except in compliance with the License.
You may obtain a copy of the License at

        http://www.apache.org/licenses/LICENSE-2.0

Unless required by applicable law or agreed to in writing, software
distributed under the License is distributed on an "AS IS" BASIS,
WITHOUT WARRANTIES OR CONDITIONS OF ANY KIND, either express or implied.
See the License for the specific language governing permissions and
limitations under the License.

[debug] Number of execution threads: 3
[debug] From: src/test/resources/check
[debug] Including: [**]
[debug] Excluding: [**/*~, **/#*#, **/.#*, **/%*%, **/._*, **/.repository/**, **/CVS, **/CVS/**, **/.cvsignore, **/RCS, **/RCS/**, **/SCCS, **/SCCS/**, **/vssver.scc, **/.svn, **/.svn/**, **/.arch-ids, **/.arch-ids/**, **/.bzr, **/.bzr/**, **/.MySCMServerInfo, **/.DS_Store, **/.metadata, **/.metadata/**, **/.hg, **/.hg/**, **/.hgignore, **/.git, **/.git/**, **/.gitignore, **/.gitmodules, **/BitKeeper, **/BitKeeper/**, **/ChangeSet, **/ChangeSet/**, **/_darcs, **/_darcs/**, **/.darcsrepo, **/.darcsrepo/**, **/-darcs-backup*, **/.darcs-temp-mail, **/target/**, **/test-output/**, **/release.properties, **/dependency-reduced-pom.xml, **/pom.xml.releaseBackup, **/cobertura.ser, **/.clover/**, **/.classpath, **/.project, **/.settings/**, **/*.iml, **/*.ipr, **/*.iws, .idea/**, **/MANIFEST.MF, **/*.jpg, **/*.png, **/*.gif, **/*.ico, **/*.bmp, **/*.tiff, **/*.tif, **/*.cr2, **/*.xcf, **/*.class, **/*.exe, **/*.dll, **/*.so, **/*.md5, **/*.sha1, **/*.jar, **/*.zip, **/*.rar, **/*.tar, **/*.tar.gz, **/*.tar.bz2, **/*.gz, **/*.xls, **/META-INF/services/**, **/*.md, **/*.xls, **/*.doc, **/*.odt, **/*.ods, **/*.pdf, **/.travis.yml, **/*.swf, **/*.json]
[debug] Selected file: src/test/resources/check/header.txt [header style: text]
[warn] Missing header in: src/test/resources/check/header.txt
[debug] Selected file: src/test/resources/check/valid/text2.txt [header style: text]
[warn] Missing header in: src/test/resources/check/valid/text2.txt
[debug] Selected file: src/test/resources/check/doc1.txt [header style: text]
[warn] Missing header in: src/test/resources/check/doc1.txt
[debug] Selected file: src/test/resources/check/test.apt.vm [header style: sharpstar_style]
[warn] Missing header in: src/test/resources/check/test.apt.vm
[debug] Selected file: src/test/resources/check/header2.txt [header style: text]
[warn] Missing header in: src/test/resources/check/header2.txt
[debug] Selected file: src/test/resources/check/def/doc1.txt [header style: text]
[warn] Missing header in: src/test/resources/check/def/doc1.txt
[debug] Selected file: src/test/resources/check/pom.xml [header style: xml_style]
[debug] Selected file: src/test/resources/check/def/additionalHeaderDefinitions.xml [header style: xml_style]
[warn] Missing header in: src/test/resources/check/def/additionalHeaderDefinitions.xml
[warn] Missing header in: src/test/resources/check/pom.xml
[debug] Selected file: src/test/resources/check/issue76/std.xml [header style: xml_style]
[debug] Selected file: src/test/resources/check/issue76/before.xml [header style: xml_style]
[debug] Header OK in: src/test/resources/check/issue76/std.xml
[warn] Missing header in: src/test/resources/check/issue76/before.xml
[debug] Selected file: src/test/resources/check/issue76/before.txt [header style: text]
[warn] Missing header in: src/test/resources/check/issue76/before.txt
[debug] Selected file: src/test/resources/check/issue76/after.xml [header style: xml_style]
[warn] Missing header in: src/test/resources/check/issue76/after.xml
[debug] Selected file: src/test/resources/check/issue76/after.txt [header style: text]
[warn] Missing header in: src/test/resources/check/issue76/after.txt
[debug] Selected file: src/test/resources/check/strict/nospace.java [header style: javadoc_style]
[warn] Missing header in: src/test/resources/check/strict/nospace.java
[debug] Selected file: src/test/resources/check/strict/space.java [header style: javadoc_style]
[warn] Missing header in: src/test/resources/check/strict/space.java
[debug] Selected file: src/test/resources/check/valid/text.txt [header style: text]
[debug] Header OK in: src/test/resources/check/valid/text.txt
[debug] Selected file: src/test/resources/check/cp/header-in-cp.txt [header style: text]
[debug] Skipping header file: src/test/resources/check/cp/header-in-cp.txt
[debug] Selected file: src/test/resources/check/modules/header.txt [header style: text]
[debug] Selected file: src/test/resources/check/issue76/std.txt [header style: text]
[debug] Header OK in: src/test/resources/check/issue76/std.txt
[debug] Selected file: src/test/resources/check/linewrap/header.txt [header style: text]
[debug] Selected file: src/test/resources/check/modules/module1/doc1.txt [header style: text]
[warn] Missing header in: src/test/resources/check/linewrap/header.txt
[warn] Missing header in: src/test/resources/check/modules/module1/doc1.txt
[debug] Selected file: src/test/resources/check/linewrap/testconfig.xml [header style: xml_style]
[warn] Missing header in: src/test/resources/check/modules/header.txt
[warn] Missing header in: src/test/resources/check/linewrap/testconfig.xml
[warn] Some files do not have the expected license header
Tests run: 5, Failures: 0, Errors: 0, Skipped: 0, Time elapsed: 0.119 sec - in com.mycila.maven.plugin.license.HeaderMojoTest
Running com.mycila.maven.plugin.license.IncludesMojoTest
[info] Checking licenses...
[debug] Header file:/home/travis/build/mycila/license-maven-plugin/src/test/resources/check/header.txt:
Copyright (C) ${year} http://code.google.com/p/maven-license-plugin/

Licensed under the Apache License, Version 2.0 (the "License");
you may not use this file except in compliance with the License.
You may obtain a copy of the License at

        http://www.apache.org/licenses/LICENSE-2.0

Unless required by applicable law or agreed to in writing, software
distributed under the License is distributed on an "AS IS" BASIS,
WITHOUT WARRANTIES OR CONDITIONS OF ANY KIND, either express or implied.
See the License for the specific language governing permissions and
limitations under the License.
[debug] Number of execution threads: 3
[debug] From: src/test/resources/check
[debug] Including: [doc1.txt]
[debug] Excluding: [**/*~, **/#*#, **/.#*, **/%*%, **/._*, **/.repository/**, **/CVS, **/CVS/**, **/.cvsignore, **/RCS, **/RCS/**, **/SCCS, **/SCCS/**, **/vssver.scc, **/.svn, **/.svn/**, **/.arch-ids, **/.arch-ids/**, **/.bzr, **/.bzr/**, **/.MySCMServerInfo, **/.DS_Store, **/.metadata, **/.metadata/**, **/.hg, **/.hg/**, **/.hgignore, **/.git, **/.git/**, **/.gitignore, **/.gitmodules, **/BitKeeper, **/BitKeeper/**, **/ChangeSet, **/ChangeSet/**, **/_darcs, **/_darcs/**, **/.darcsrepo, **/.darcsrepo/**, **/-darcs-backup*, **/.darcs-temp-mail, **/target/**, **/test-output/**, **/release.properties, **/dependency-reduced-pom.xml, **/pom.xml.releaseBackup, **/cobertura.ser, **/.clover/**, **/.classpath, **/.project, **/.settings/**, **/*.iml, **/*.ipr, **/*.iws, .idea/**, **/MANIFEST.MF, **/*.jpg, **/*.png, **/*.gif, **/*.ico, **/*.bmp, **/*.tiff, **/*.tif, **/*.cr2, **/*.xcf, **/*.class, **/*.exe, **/*.dll, **/*.so, **/*.md5, **/*.sha1, **/*.jar, **/*.zip, **/*.rar, **/*.tar, **/*.tar.gz, **/*.tar.bz2, **/*.gz, **/*.xls, **/META-INF/services/**, **/*.md, **/*.xls, **/*.doc, **/*.odt, **/*.ods, **/*.pdf, **/.travis.yml, **/*.swf, **/*.json]
[debug] Selected file: src/test/resources/check/doc1.txt [header style: text]
[warn] Missing header in: src/test/resources/check/doc1.txt
[info] Checking licenses...
[debug] Header file:/home/travis/build/mycila/license-maven-plugin/src/test/resources/check/header.txt:
Copyright (C) ${year} http://code.google.com/p/maven-license-plugin/

Licensed under the Apache License, Version 2.0 (the "License");
you may not use this file except in compliance with the License.
You may obtain a copy of the License at

        http://www.apache.org/licenses/LICENSE-2.0

Unless required by applicable law or agreed to in writing, software
distributed under the License is distributed on an "AS IS" BASIS,
WITHOUT WARRANTIES OR CONDITIONS OF ANY KIND, either express or implied.
See the License for the specific language governing permissions and
limitations under the License.
[debug] Number of execution threads: 3
[debug] From: src/test/resources/check
[debug] Including: [inexisting]
[debug] Excluding: [**/*~, **/#*#, **/.#*, **/%*%, **/._*, **/.repository/**, **/CVS, **/CVS/**, **/.cvsignore, **/RCS, **/RCS/**, **/SCCS, **/SCCS/**, **/vssver.scc, **/.svn, **/.svn/**, **/.arch-ids, **/.arch-ids/**, **/.bzr, **/.bzr/**, **/.MySCMServerInfo, **/.DS_Store, **/.metadata, **/.metadata/**, **/.hg, **/.hg/**, **/.hgignore, **/.git, **/.git/**, **/.gitignore, **/.gitmodules, **/BitKeeper, **/BitKeeper/**, **/ChangeSet, **/ChangeSet/**, **/_darcs, **/_darcs/**, **/.darcsrepo, **/.darcsrepo/**, **/-darcs-backup*, **/.darcs-temp-mail, **/target/**, **/test-output/**, **/release.properties, **/dependency-reduced-pom.xml, **/pom.xml.releaseBackup, **/cobertura.ser, **/.clover/**, **/.classpath, **/.project, **/.settings/**, **/*.iml, **/*.ipr, **/*.iws, .idea/**, **/MANIFEST.MF, **/*.jpg, **/*.png, **/*.gif, **/*.ico, **/*.bmp, **/*.tiff, **/*.tif, **/*.cr2, **/*.xcf, **/*.class, **/*.exe, **/*.dll, **/*.so, **/*.md5, **/*.sha1, **/*.jar, **/*.zip, **/*.rar, **/*.tar, **/*.tar.gz, **/*.tar.bz2, **/*.gz, **/*.xls, **/META-INF/services/**, **/*.md, **/*.xls, **/*.doc, **/*.odt, **/*.ods, **/*.pdf, **/.travis.yml, **/*.swf, **/*.json]
Tests run: 2, Failures: 0, Errors: 0, Skipped: 0, Time elapsed: 0.011 sec - in com.mycila.maven.plugin.license.IncludesMojoTest
Running com.mycila.maven.plugin.license.util.FileUtilsTest
Tests run: 1, Failures: 0, Errors: 0, Skipped: 0, Time elapsed: 0.013 sec - in com.mycila.maven.plugin.license.util.FileUtilsTest
Running com.mycila.maven.plugin.license.util.FileContentTest
Tests run: 4, Failures: 0, Errors: 0, Skipped: 0, Time elapsed: 0 sec - in com.mycila.maven.plugin.license.util.FileContentTest
Running com.mycila.maven.plugin.license.util.SelectionTest
Tests run: 3, Failures: 0, Errors: 0, Skipped: 0, Time elapsed: 0.044 sec - in com.mycila.maven.plugin.license.util.SelectionTest
Running com.mycila.maven.plugin.license.util.resource.ResourceFinderTest
Tests run: 6, Failures: 0, Errors: 0, Skipped: 0, Time elapsed: 0.016 sec - in com.mycila.maven.plugin.license.util.resource.ResourceFinderTest
Running com.mycila.maven.plugin.license.RemoveMojoTest
[info] Removing license headers...
[debug] Header file:/home/travis/build/mycila/license-maven-plugin/src/test/resources/remove/header.txt:
Copyright license

[debug] Number of execution threads: 3
[debug] From: target/test/remove/txt
[debug] Including: [**]
[debug] Excluding: [**/*~, **/#*#, **/.#*, **/%*%, **/._*, **/.repository/**, **/CVS, **/CVS/**, **/.cvsignore, **/RCS, **/RCS/**, **/SCCS, **/SCCS/**, **/vssver.scc, **/.svn, **/.svn/**, **/.arch-ids, **/.arch-ids/**, **/.bzr, **/.bzr/**, **/.MySCMServerInfo, **/.DS_Store, **/.metadata, **/.metadata/**, **/.hg, **/.hg/**, **/.hgignore, **/.git, **/.git/**, **/.gitignore, **/.gitmodules, **/BitKeeper, **/BitKeeper/**, **/ChangeSet, **/ChangeSet/**, **/_darcs, **/_darcs/**, **/.darcsrepo, **/.darcsrepo/**, **/-darcs-backup*, **/.darcs-temp-mail, **/target/**, **/test-output/**, **/release.properties, **/dependency-reduced-pom.xml, **/pom.xml.releaseBackup, **/cobertura.ser, **/.clover/**, **/.classpath, **/.project, **/.settings/**, **/*.iml, **/*.ipr, **/*.iws, .idea/**, **/MANIFEST.MF, **/*.jpg, **/*.png, **/*.gif, **/*.ico, **/*.bmp, **/*.tiff, **/*.tif, **/*.cr2, **/*.xcf, **/*.class, **/*.exe, **/*.dll, **/*.so, **/*.md5, **/*.sha1, **/*.jar, **/*.zip, **/*.rar, **/*.tar, **/*.tar.gz, **/*.tar.bz2, **/*.gz, **/*.xls, **/META-INF/services/**, **/*.md, **/*.xls, **/*.doc, **/*.odt, **/*.ods, **/*.pdf, **/.travis.yml, **/*.swf, **/*.json]
[debug] Selected file: target/test/remove/txt/doc1.txt [header style: text]
[debug] Header was not found in: target/test/remove/txt/doc1.txt (But keep trying to find another header to remove)
[debug] Selected file: target/test/remove/txt/doc2.txt [header style: text]
[info] Removing license header from: target/test/remove/txt/doc2.txt
[info] Removing license headers...
[debug] Header file:/home/travis/build/mycila/license-maven-plugin/src/test/resources/remove/header.txt:
Copyright license

[debug] Number of execution threads: 3
[debug] From: target/test/remove/other
[debug] Including: [**]
[debug] Excluding: [**/*~, **/#*#, **/.#*, **/%*%, **/._*, **/.repository/**, **/CVS, **/CVS/**, **/.cvsignore, **/RCS, **/RCS/**, **/SCCS, **/SCCS/**, **/vssver.scc, **/.svn, **/.svn/**, **/.arch-ids, **/.arch-ids/**, **/.bzr, **/.bzr/**, **/.MySCMServerInfo, **/.DS_Store, **/.metadata, **/.metadata/**, **/.hg, **/.hg/**, **/.hgignore, **/.git, **/.git/**, **/.gitignore, **/.gitmodules, **/BitKeeper, **/BitKeeper/**, **/ChangeSet, **/ChangeSet/**, **/_darcs, **/_darcs/**, **/.darcsrepo, **/.darcsrepo/**, **/-darcs-backup*, **/.darcs-temp-mail, **/target/**, **/test-output/**, **/release.properties, **/dependency-reduced-pom.xml, **/pom.xml.releaseBackup, **/cobertura.ser, **/.clover/**, **/.classpath, **/.project, **/.settings/**, **/*.iml, **/*.ipr, **/*.iws, .idea/**, **/MANIFEST.MF, **/*.jpg, **/*.png, **/*.gif, **/*.ico, **/*.bmp, **/*.tiff, **/*.tif, **/*.cr2, **/*.xcf, **/*.class, **/*.exe, **/*.dll, **/*.so, **/*.md5, **/*.sha1, **/*.jar, **/*.zip, **/*.rar, **/*.tar, **/*.tar.gz, **/*.tar.bz2, **/*.gz, **/*.xls, **/META-INF/services/**, **/*.md, **/*.xls, **/*.doc, **/*.odt, **/*.ods, **/*.pdf, **/.travis.yml, **/*.swf, **/*.json]
[debug] Selected file: target/test/remove/other/doc9.xml [header style: xml_style]
[debug] Header was not found in: target/test/remove/other/doc9.xml (But keep trying to find another header to remove)
[debug] Selected file: target/test/remove/other/doc3.txt [header style: text]
[debug] Header was not found in: target/test/remove/other/doc3.txt (But keep trying to find another header to remove)
[info] Removing license headers...
[debug] Header file:/home/travis/build/mycila/license-maven-plugin/src/test/resources/remove/header.txt:
Copyright license

[debug] Number of execution threads: 3
[debug] From: target/test/remove/issue44
[debug] Including: [**]
[debug] Excluding: [**/*~, **/#*#, **/.#*, **/%*%, **/._*, **/.repository/**, **/CVS, **/CVS/**, **/.cvsignore, **/RCS, **/RCS/**, **/SCCS, **/SCCS/**, **/vssver.scc, **/.svn, **/.svn/**, **/.arch-ids, **/.arch-ids/**, **/.bzr, **/.bzr/**, **/.MySCMServerInfo, **/.DS_Store, **/.metadata, **/.metadata/**, **/.hg, **/.hg/**, **/.hgignore, **/.git, **/.git/**, **/.gitignore, **/.gitmodules, **/BitKeeper, **/BitKeeper/**, **/ChangeSet, **/ChangeSet/**, **/_darcs, **/_darcs/**, **/.darcsrepo, **/.darcsrepo/**, **/-darcs-backup*, **/.darcs-temp-mail, **/target/**, **/test-output/**, **/release.properties, **/dependency-reduced-pom.xml, **/pom.xml.releaseBackup, **/cobertura.ser, **/.clover/**, **/.classpath, **/.project, **/.settings/**, **/*.iml, **/*.ipr, **/*.iws, .idea/**, **/MANIFEST.MF, **/*.jpg, **/*.png, **/*.gif, **/*.ico, **/*.bmp, **/*.tiff, **/*.tif, **/*.cr2, **/*.xcf, **/*.class, **/*.exe, **/*.dll, **/*.so, **/*.md5, **/*.sha1, **/*.jar, **/*.zip, **/*.rar, **/*.tar, **/*.tar.gz, **/*.tar.bz2, **/*.gz, **/*.xls, **/META-INF/services/**, **/*.md, **/*.xls, **/*.doc, **/*.odt, **/*.ods, **/*.pdf, **/.travis.yml, **/*.swf, **/*.json]
[debug] Selected file: target/test/remove/issue44/issue44-2.rb [header style: script_style]
[debug] Header was not found in: target/test/remove/issue44/issue44-2.rb (But keep trying to find another header to remove)
[debug] Selected file: target/test/remove/issue44/issue44-3.rb [header style: script_style]
[debug] Header was not found in: target/test/remove/issue44/issue44-3.rb (But keep trying to find another header to remove)
[debug] Selected file: target/test/remove/issue44/issue44.rb [header style: script_style]
[debug] Header was not found in: target/test/remove/issue44/issue44.rb (But keep trying to find another header to remove)
[info] Removing license headers...
[debug] Header file:/home/travis/build/mycila/license-maven-plugin/src/test/resources/remove/header.txt:
Copyright license

[debug] Number of execution threads: 3
[debug] From: target/test/remove/multi
[debug] Including: [**]
[debug] Excluding: [**/*~, **/#*#, **/.#*, **/%*%, **/._*, **/.repository/**, **/CVS, **/CVS/**, **/.cvsignore, **/RCS, **/RCS/**, **/SCCS, **/SCCS/**, **/vssver.scc, **/.svn, **/.svn/**, **/.arch-ids, **/.arch-ids/**, **/.bzr, **/.bzr/**, **/.MySCMServerInfo, **/.DS_Store, **/.metadata, **/.metadata/**, **/.hg, **/.hg/**, **/.hgignore, **/.git, **/.git/**, **/.gitignore, **/.gitmodules, **/BitKeeper, **/BitKeeper/**, **/ChangeSet, **/ChangeSet/**, **/_darcs, **/_darcs/**, **/.darcsrepo, **/.darcsrepo/**, **/-darcs-backup*, **/.darcs-temp-mail, **/target/**, **/test-output/**, **/release.properties, **/dependency-reduced-pom.xml, **/pom.xml.releaseBackup, **/cobertura.ser, **/.clover/**, **/.classpath, **/.project, **/.settings/**, **/*.iml, **/*.ipr, **/*.iws, .idea/**, **/MANIFEST.MF, **/*.jpg, **/*.png, **/*.gif, **/*.ico, **/*.bmp, **/*.tiff, **/*.tif, **/*.cr2, **/*.xcf, **/*.class, **/*.exe, **/*.dll, **/*.so, **/*.md5, **/*.sha1, **/*.jar, **/*.zip, **/*.rar, **/*.tar, **/*.tar.gz, **/*.tar.bz2, **/*.gz, **/*.xls, **/META-INF/services/**, **/*.md, **/*.xls, **/*.doc, **/*.odt, **/*.ods, **/*.pdf, **/.travis.yml, **/*.swf, **/*.json]
[debug] Selected file: target/test/remove/multi/test.xml [header style: xml_style]
[debug] Header was not found in: target/test/remove/multi/test.xml (But keep trying to find another header to remove)
[info] Removing license headers...
[debug] Header file:/home/travis/build/mycila/license-maven-plugin/src/test/resources/remove/header.txt:
Copyright license

[debug] Number of execution threads: 3
[debug] From: target/test/remove/js
[debug] Including: [**]
[debug] Excluding: [**/*~, **/#*#, **/.#*, **/%*%, **/._*, **/.repository/**, **/CVS, **/CVS/**, **/.cvsignore, **/RCS, **/RCS/**, **/SCCS, **/SCCS/**, **/vssver.scc, **/.svn, **/.svn/**, **/.arch-ids, **/.arch-ids/**, **/.bzr, **/.bzr/**, **/.MySCMServerInfo, **/.DS_Store, **/.metadata, **/.metadata/**, **/.hg, **/.hg/**, **/.hgignore, **/.git, **/.git/**, **/.gitignore, **/.gitmodules, **/BitKeeper, **/BitKeeper/**, **/ChangeSet, **/ChangeSet/**, **/_darcs, **/_darcs/**, **/.darcsrepo, **/.darcsrepo/**, **/-darcs-backup*, **/.darcs-temp-mail, **/target/**, **/test-output/**, **/release.properties, **/dependency-reduced-pom.xml, **/pom.xml.releaseBackup, **/cobertura.ser, **/.clover/**, **/.classpath, **/.project, **/.settings/**, **/*.iml, **/*.ipr, **/*.iws, .idea/**, **/MANIFEST.MF, **/*.jpg, **/*.png, **/*.gif, **/*.ico, **/*.bmp, **/*.tiff, **/*.tif, **/*.cr2, **/*.xcf, **/*.class, **/*.exe, **/*.dll, **/*.so, **/*.md5, **/*.sha1, **/*.jar, **/*.zip, **/*.rar, **/*.tar, **/*.tar.gz, **/*.tar.bz2, **/*.gz, **/*.xls, **/META-INF/services/**, **/*.md, **/*.xls, **/*.doc, **/*.odt, **/*.ods, **/*.pdf, **/.travis.yml, **/*.swf, **/*.json]
[debug] Selected file: target/test/remove/js/test.js [header style: slashstar_style]
[debug] Header was not found in: target/test/remove/js/test.js (But keep trying to find another header to remove)
Tests run: 5, Failures: 0, Errors: 0, Skipped: 0, Time elapsed: 0.089 sec - in com.mycila.maven.plugin.license.RemoveMojoTest
Running com.mycila.maven.plugin.license.header.HeaderTypeTest
[text, doubleslash_style, exclamation3_style, apostrophe_style, ftl, unknown, doubletilde_style, slashstar_style, doubledashes_style, bracesstar_style, sharpstar_style, javadoc_style, batch, php, script_style, ftl_alt, lua, asp, dynascript_style, exclamation_style, percent3_style, semicolon_style, xml_style, haml_style, dynascript3_style]
Tests run: 1, Failures: 0, Errors: 0, Skipped: 0, Time elapsed: 0 sec - in com.mycila.maven.plugin.license.header.HeaderTypeTest
Running com.mycila.maven.plugin.license.header.AdditionalHeaderDefinitionTest
<?xml version="1.0" encoding="UTF-8" standalone="no"?>
<additionalHeaders>
    <xquery>
        <firstLine>(:</firstLine>
        <beforeEachLine> : </beforeEachLine>
        <endLine> :)EOL</endLine>
        <firstLineDetectionPattern>\(\:</firstLineDetectionPattern>
        <lastLineDetectionPattern>\:\)</lastLineDetectionPattern>
        <allowBlankLines>false</allowBlankLines>
        <isMultiline>false</isMultiline>
    </xquery>
</additionalHeaders>

<?xml version="1.0" encoding="UTF-8" standalone="no"?>
<additionalHeaders>
    <text>
        <firstLine>:(</firstLine>
        <beforeEachLine> ( </beforeEachLine>
        <endLine>:(</endLine>
        <firstLineDetectionPattern>\:\(</firstLineDetectionPattern>
        <lastLineDetectionPattern>\:\(</lastLineDetectionPattern>
        <allowBlankLines>false</allowBlankLines>
        <isMultiline>false</isMultiline>
    </text>
</additionalHeaders>

:(
 ( Copyright (C) 2008 http://code.google.com/p/maven-license-plugin/
 (
 ( Licensed under the Apache License, Version 2.0 (the "License");
 ( you may not use this file except in compliance with the License.
 ( You may obtain a copy of the License at
 (
 (         http://www.apache.org/licenses/LICENSE-2.0
 (
 ( Unless required by applicable law or agreed to in writing, software
 ( distributed under the License is distributed on an "AS IS" BASIS,
 ( WITHOUT WARRANTIES OR CONDITIONS OF ANY KIND, either express or implied.
 ( See the License for the specific language governing permissions and
 ( limitations under the License.
:(

Tests run: 3, Failures: 0, Errors: 0, Skipped: 0, Time elapsed: 3.065 sec - in com.mycila.maven.plugin.license.header.AdditionalHeaderDefinitionTest
Running com.mycila.maven.plugin.license.header.HeaderParserTest
Tests run: 9, Failures: 0, Errors: 0, Skipped: 0, Time elapsed: 0.012 sec - in com.mycila.maven.plugin.license.header.HeaderParserTest
Running com.mycila.maven.plugin.license.header.DefaultHeaderDefinitionTest
Tests run: 1, Failures: 0, Errors: 0, Skipped: 0, Time elapsed: 0.003 sec - in com.mycila.maven.plugin.license.header.DefaultHeaderDefinitionTest
Running com.mycila.maven.plugin.license.header.HeaderDefinitionTest
Tests run: 7, Failures: 0, Errors: 0, Skipped: 0, Time elapsed: 0.01 sec - in com.mycila.maven.plugin.license.header.HeaderDefinitionTest
Running com.mycila.maven.plugin.license.header.HeaderTest
Tests run: 4, Failures: 0, Errors: 0, Skipped: 0, Time elapsed: 0.012 sec - in com.mycila.maven.plugin.license.header.HeaderTest
Running com.mycila.maven.plugin.license.FailIfMissingMojoTest
[info] Checking licenses...
[debug] Header file:/home/travis/build/mycila/license-maven-plugin/src/test/resources/check/header.txt:
Copyright (C) ${year} http://code.google.com/p/maven-license-plugin/

Licensed under the Apache License, Version 2.0 (the "License");
you may not use this file except in compliance with the License.
You may obtain a copy of the License at

        http://www.apache.org/licenses/LICENSE-2.0

Unless required by applicable law or agreed to in writing, software
distributed under the License is distributed on an "AS IS" BASIS,
WITHOUT WARRANTIES OR CONDITIONS OF ANY KIND, either express or implied.
See the License for the specific language governing permissions and
limitations under the License.
[debug] Number of execution threads: 3
[debug] From: src/test/resources/check
[debug] Including: [**]
[debug] Excluding: [**/*~, **/#*#, **/.#*, **/%*%, **/._*, **/.repository/**, **/CVS, **/CVS/**, **/.cvsignore, **/RCS, **/RCS/**, **/SCCS, **/SCCS/**, **/vssver.scc, **/.svn, **/.svn/**, **/.arch-ids, **/.arch-ids/**, **/.bzr, **/.bzr/**, **/.MySCMServerInfo, **/.DS_Store, **/.metadata, **/.metadata/**, **/.hg, **/.hg/**, **/.hgignore, **/.git, **/.git/**, **/.gitignore, **/.gitmodules, **/BitKeeper, **/BitKeeper/**, **/ChangeSet, **/ChangeSet/**, **/_darcs, **/_darcs/**, **/.darcsrepo, **/.darcsrepo/**, **/-darcs-backup*, **/.darcs-temp-mail, **/target/**, **/test-output/**, **/release.properties, **/dependency-reduced-pom.xml, **/pom.xml.releaseBackup, **/cobertura.ser, **/.clover/**, **/.classpath, **/.project, **/.settings/**, **/*.iml, **/*.ipr, **/*.iws, .idea/**, **/MANIFEST.MF, **/*.jpg, **/*.png, **/*.gif, **/*.ico, **/*.bmp, **/*.tiff, **/*.tif, **/*.cr2, **/*.xcf, **/*.class, **/*.exe, **/*.dll, **/*.so, **/*.md5, **/*.sha1, **/*.jar, **/*.zip, **/*.rar, **/*.tar, **/*.tar.gz, **/*.tar.bz2, **/*.gz, **/*.xls, **/META-INF/services/**, **/*.md, **/*.xls, **/*.doc, **/*.odt, **/*.ods, **/*.pdf, **/.travis.yml, **/*.swf, **/*.json]
[debug] Selected file: src/test/resources/check/header.txt [header style: text]
[debug] Skipping header file: src/test/resources/check/header.txt
[debug] Selected file: src/test/resources/check/valid/text2.txt [header style: text]
[warn] Missing header in: src/test/resources/check/valid/text2.txt
[debug] Selected file: src/test/resources/check/doc1.txt [header style: text]
[debug] Selected file: src/test/resources/check/test.apt.vm [header style: sharpstar_style]
[warn] Missing header in: src/test/resources/check/test.apt.vm
[warn] Missing header in: src/test/resources/check/doc1.txt
[debug] Selected file: src/test/resources/check/header2.txt [header style: text]
[debug] Selected file: src/test/resources/check/def/doc1.txt [header style: text]
[warn] Missing header in: src/test/resources/check/header2.txt
[debug] Selected file: src/test/resources/check/def/additionalHeaderDefinitions.xml [header style: xml_style]
[warn] Missing header in: src/test/resources/check/def/additionalHeaderDefinitions.xml
[warn] Missing header in: src/test/resources/check/def/doc1.txt
[debug] Selected file: src/test/resources/check/pom.xml [header style: xml_style]
[debug] Selected file: src/test/resources/check/valid/text.txt [header style: text]
[warn] Missing header in: src/test/resources/check/pom.xml
[debug] Selected file: src/test/resources/check/issue76/std.xml [header style: xml_style]
[debug] Header OK in: src/test/resources/check/issue76/std.xml
[debug] Selected file: src/test/resources/check/issue76/before.xml [header style: xml_style]
[debug] Header OK in: src/test/resources/check/valid/text.txt
[debug] Selected file: src/test/resources/check/issue76/before.txt [header style: text]
[warn] Missing header in: src/test/resources/check/issue76/before.xml
[debug] Selected file: src/test/resources/check/issue76/after.xml [header style: xml_style]
[debug] Selected file: src/test/resources/check/issue76/std.txt [header style: text]
[warn] Missing header in: src/test/resources/check/issue76/before.txt
[warn] Missing header in: src/test/resources/check/issue76/after.xml
[debug] Selected file: src/test/resources/check/strict/nospace.java [header style: javadoc_style]
[debug] Selected file: src/test/resources/check/issue76/after.txt [header style: text]
[debug] Header OK in: src/test/resources/check/issue76/std.txt
[warn] Missing header in: src/test/resources/check/issue76/after.txt
[warn] Missing header in: src/test/resources/check/strict/nospace.java
[debug] Selected file: src/test/resources/check/modules/header.txt [header style: text]
[debug] Selected file: src/test/resources/check/cp/header-in-cp.txt [header style: text]
[debug] Selected file: src/test/resources/check/strict/space.java [header style: javadoc_style]
[warn] Missing header in: src/test/resources/check/modules/header.txt
[warn] Missing header in: src/test/resources/check/cp/header-in-cp.txt
[warn] Missing header in: src/test/resources/check/strict/space.java
[debug] Selected file: src/test/resources/check/linewrap/testconfig.xml [header style: xml_style]
[debug] Selected file: src/test/resources/check/modules/module1/doc1.txt [header style: text]
[debug] Selected file: src/test/resources/check/linewrap/header.txt [header style: text]
[warn] Missing header in: src/test/resources/check/linewrap/header.txt
[warn] Missing header in: src/test/resources/check/modules/module1/doc1.txt
[warn] Missing header in: src/test/resources/check/linewrap/testconfig.xml
[info] Checking licenses...
[debug] Header file:/home/travis/build/mycila/license-maven-plugin/src/test/resources/check/header.txt:
Copyright (C) ${year} http://code.google.com/p/maven-license-plugin/

Licensed under the Apache License, Version 2.0 (the "License");
you may not use this file except in compliance with the License.
You may obtain a copy of the License at

        http://www.apache.org/licenses/LICENSE-2.0

Unless required by applicable law or agreed to in writing, software
distributed under the License is distributed on an "AS IS" BASIS,
WITHOUT WARRANTIES OR CONDITIONS OF ANY KIND, either express or implied.
See the License for the specific language governing permissions and
limitations under the License.
[debug] Number of execution threads: 3
[debug] From: src/test/resources/check
[debug] Including: [**]
[debug] Excluding: [**/*~, **/#*#, **/.#*, **/%*%, **/._*, **/.repository/**, **/CVS, **/CVS/**, **/.cvsignore, **/RCS, **/RCS/**, **/SCCS, **/SCCS/**, **/vssver.scc, **/.svn, **/.svn/**, **/.arch-ids, **/.arch-ids/**, **/.bzr, **/.bzr/**, **/.MySCMServerInfo, **/.DS_Store, **/.metadata, **/.metadata/**, **/.hg, **/.hg/**, **/.hgignore, **/.git, **/.git/**, **/.gitignore, **/.gitmodules, **/BitKeeper, **/BitKeeper/**, **/ChangeSet, **/ChangeSet/**, **/_darcs, **/_darcs/**, **/.darcsrepo, **/.darcsrepo/**, **/-darcs-backup*, **/.darcs-temp-mail, **/target/**, **/test-output/**, **/release.properties, **/dependency-reduced-pom.xml, **/pom.xml.releaseBackup, **/cobertura.ser, **/.clover/**, **/.classpath, **/.project, **/.settings/**, **/*.iml, **/*.ipr, **/*.iws, .idea/**, **/MANIFEST.MF, **/*.jpg, **/*.png, **/*.gif, **/*.ico, **/*.bmp, **/*.tiff, **/*.tif, **/*.cr2, **/*.xcf, **/*.class, **/*.exe, **/*.dll, **/*.so, **/*.md5, **/*.sha1, **/*.jar, **/*.zip, **/*.rar, **/*.tar, **/*.tar.gz, **/*.tar.bz2, **/*.gz, **/*.xls, **/META-INF/services/**, **/*.md, **/*.xls, **/*.doc, **/*.odt, **/*.ods, **/*.pdf, **/.travis.yml, **/*.swf, **/*.json]
[debug] Selected file: src/test/resources/check/valid/text2.txt [header style: text]
[debug] Selected file: src/test/resources/check/header.txt [header style: text]
[debug] Skipping header file: src/test/resources/check/header.txt
[debug] Selected file: src/test/resources/check/doc1.txt [header style: text]
[debug] Selected file: src/test/resources/check/valid/text.txt [header style: text]
[warn] Missing header in: src/test/resources/check/valid/text2.txt
[debug] Selected file: src/test/resources/check/test.apt.vm [header style: sharpstar_style]
[debug] Header OK in: src/test/resources/check/valid/text.txt
[warn] Missing header in: src/test/resources/check/doc1.txt
[debug] Selected file: src/test/resources/check/header2.txt [header style: text]
[warn] Missing header in: src/test/resources/check/header2.txt
[debug] Selected file: src/test/resources/check/def/doc1.txt [header style: text]
[warn] Missing header in: src/test/resources/check/test.apt.vm
[debug] Selected file: src/test/resources/check/def/additionalHeaderDefinitions.xml [header style: xml_style]
[warn] Missing header in: src/test/resources/check/def/additionalHeaderDefinitions.xml
[debug] Selected file: src/test/resources/check/pom.xml [header style: xml_style]
[warn] Missing header in: src/test/resources/check/def/doc1.txt
[debug] Selected file: src/test/resources/check/issue76/std.xml [header style: xml_style]
[debug] Header OK in: src/test/resources/check/issue76/std.xml
[debug] Selected file: src/test/resources/check/issue76/before.xml [header style: xml_style]
[debug] Selected file: src/test/resources/check/issue76/before.txt [header style: text]
[warn] Missing header in: src/test/resources/check/issue76/before.txt
[debug] Selected file: src/test/resources/check/issue76/after.xml [header style: xml_style]
[warn] Missing header in: src/test/resources/check/pom.xml
[warn] Missing header in: src/test/resources/check/issue76/after.xml
[debug] Selected file: src/test/resources/check/issue76/after.txt [header style: text]
[warn] Missing header in: src/test/resources/check/issue76/after.txt
[warn] Missing header in: src/test/resources/check/issue76/before.xml
[debug] Selected file: src/test/resources/check/strict/nospace.java [header style: javadoc_style]
[debug] Selected file: src/test/resources/check/issue76/std.txt [header style: text]
[debug] Header OK in: src/test/resources/check/issue76/std.txt
[debug] Selected file: src/test/resources/check/strict/space.java [header style: javadoc_style]
[warn] Missing header in: src/test/resources/check/strict/space.java
[debug] Selected file: src/test/resources/check/cp/header-in-cp.txt [header style: text]
[debug] Selected file: src/test/resources/check/modules/header.txt [header style: text]
[warn] Missing header in: src/test/resources/check/modules/header.txt
[warn] Missing header in: src/test/resources/check/strict/nospace.java
[debug] Selected file: src/test/resources/check/modules/module1/doc1.txt [header style: text]
[debug] Selected file: src/test/resources/check/linewrap/header.txt [header style: text]
[warn] Missing header in: src/test/resources/check/linewrap/header.txt
[warn] Missing header in: src/test/resources/check/modules/module1/doc1.txt
[warn] Missing header in: src/test/resources/check/cp/header-in-cp.txt
[debug] Selected file: src/test/resources/check/linewrap/testconfig.xml [header style: xml_style]
[warn] Missing header in: src/test/resources/check/linewrap/testconfig.xml
[warn] Some files do not have the expected license header
Tests run: 2, Failures: 0, Errors: 0, Skipped: 0, Time elapsed: 0.081 sec - in com.mycila.maven.plugin.license.FailIfMissingMojoTest
Running com.mycila.maven.plugin.license.AdditionalHeaderMojoTest
[info] Checking licenses...
[debug] Header file:/home/travis/build/mycila/license-maven-plugin/src/test/resources/check/header.txt:
Copyright (C) ${year} http://code.google.com/p/maven-license-plugin/

Licensed under the Apache License, Version 2.0 (the "License");
you may not use this file except in compliance with the License.
You may obtain a copy of the License at

        http://www.apache.org/licenses/LICENSE-2.0

Unless required by applicable law or agreed to in writing, software
distributed under the License is distributed on an "AS IS" BASIS,
WITHOUT WARRANTIES OR CONDITIONS OF ANY KIND, either express or implied.
See the License for the specific language governing permissions and
limitations under the License.
[debug] Number of execution threads: 3
[debug] From: src/test/resources/check/def
[debug] Including: [**]
[debug] Excluding: [**/*~, **/#*#, **/.#*, **/%*%, **/._*, **/.repository/**, **/CVS, **/CVS/**, **/.cvsignore, **/RCS, **/RCS/**, **/SCCS, **/SCCS/**, **/vssver.scc, **/.svn, **/.svn/**, **/.arch-ids, **/.arch-ids/**, **/.bzr, **/.bzr/**, **/.MySCMServerInfo, **/.DS_Store, **/.metadata, **/.metadata/**, **/.hg, **/.hg/**, **/.hgignore, **/.git, **/.git/**, **/.gitignore, **/.gitmodules, **/BitKeeper, **/BitKeeper/**, **/ChangeSet, **/ChangeSet/**, **/_darcs, **/_darcs/**, **/.darcsrepo, **/.darcsrepo/**, **/-darcs-backup*, **/.darcs-temp-mail, **/target/**, **/test-output/**, **/release.properties, **/dependency-reduced-pom.xml, **/pom.xml.releaseBackup, **/cobertura.ser, **/.clover/**, **/.classpath, **/.project, **/.settings/**, **/*.iml, **/*.ipr, **/*.iws, .idea/**, **/MANIFEST.MF, **/*.jpg, **/*.png, **/*.gif, **/*.ico, **/*.bmp, **/*.tiff, **/*.tif, **/*.cr2, **/*.xcf, **/*.class, **/*.exe, **/*.dll, **/*.so, **/*.md5, **/*.sha1, **/*.jar, **/*.zip, **/*.rar, **/*.tar, **/*.tar.gz, **/*.tar.bz2, **/*.gz, **/*.xls, **/META-INF/services/**, **/*.md, **/*.xls, **/*.doc, **/*.odt, **/*.ods, **/*.pdf, **/.travis.yml, **/*.swf, **/*.json, *.xml]
[debug] Selected file: src/test/resources/check/def/doc1.txt [header style: text]
[warn] Missing header in: src/test/resources/check/def/doc1.txt
[info] Checking licenses...
[debug] Header file:/home/travis/build/mycila/license-maven-plugin/src/test/resources/check/header.txt:
Copyright (C) ${year} http://code.google.com/p/maven-license-plugin/

Licensed under the Apache License, Version 2.0 (the "License");
you may not use this file except in compliance with the License.
You may obtain a copy of the License at

        http://www.apache.org/licenses/LICENSE-2.0

Unless required by applicable law or agreed to in writing, software
distributed under the License is distributed on an "AS IS" BASIS,
WITHOUT WARRANTIES OR CONDITIONS OF ANY KIND, either express or implied.
See the License for the specific language governing permissions and
limitations under the License.
[debug] 2 header definitions loaded from '/check/def/additionalHeaderDefinitions.xml'
[debug] Number of execution threads: 3
[debug] From: src/test/resources/check/def
[debug] Including: [**]
[debug] Excluding: [**/*~, **/#*#, **/.#*, **/%*%, **/._*, **/.repository/**, **/CVS, **/CVS/**, **/.cvsignore, **/RCS, **/RCS/**, **/SCCS, **/SCCS/**, **/vssver.scc, **/.svn, **/.svn/**, **/.arch-ids, **/.arch-ids/**, **/.bzr, **/.bzr/**, **/.MySCMServerInfo, **/.DS_Store, **/.metadata, **/.metadata/**, **/.hg, **/.hg/**, **/.hgignore, **/.git, **/.git/**, **/.gitignore, **/.gitmodules, **/BitKeeper, **/BitKeeper/**, **/ChangeSet, **/ChangeSet/**, **/_darcs, **/_darcs/**, **/.darcsrepo, **/.darcsrepo/**, **/-darcs-backup*, **/.darcs-temp-mail, **/target/**, **/test-output/**, **/release.properties, **/dependency-reduced-pom.xml, **/pom.xml.releaseBackup, **/cobertura.ser, **/.clover/**, **/.classpath, **/.project, **/.settings/**, **/*.iml, **/*.ipr, **/*.iws, .idea/**, **/MANIFEST.MF, **/*.jpg, **/*.png, **/*.gif, **/*.ico, **/*.bmp, **/*.tiff, **/*.tif, **/*.cr2, **/*.xcf, **/*.class, **/*.exe, **/*.dll, **/*.so, **/*.md5, **/*.sha1, **/*.jar, **/*.zip, **/*.rar, **/*.tar, **/*.tar.gz, **/*.tar.bz2, **/*.gz, **/*.xls, **/META-INF/services/**, **/*.md, **/*.xls, **/*.doc, **/*.odt, **/*.ods, **/*.pdf, **/.travis.yml, **/*.swf, **/*.json, *.xml]
[debug] Selected file: src/test/resources/check/def/doc1.txt [header style: text]
[debug] Header OK in: src/test/resources/check/def/doc1.txt
Tests run: 1, Failures: 0, Errors: 0, Skipped: 0, Time elapsed: 0.793 sec - in com.mycila.maven.plugin.license.AdditionalHeaderMojoTest
Running com.mycila.maven.plugin.license.QuietMojoTest
Tests run: 1, Failures: 0, Errors: 0, Skipped: 0, Time elapsed: 0.057 sec - in com.mycila.maven.plugin.license.QuietMojoTest
Running com.mycila.maven.plugin.license.UseDefaultMappingMojoTest
Tests run: 2, Failures: 0, Errors: 0, Skipped: 0, Time elapsed: 0.044 sec - in com.mycila.maven.plugin.license.UseDefaultMappingMojoTest
Running com.mycila.maven.plugin.license.StrictTest
[info] Checking licenses...
[warn] Property 'strictCheck' is not enabled. Please consider adding <strictCheck>true</strictCheck> in your pom.xml file.
[warn] See http://mycila.github.io/license-maven-plugin for more information.
[debug] Header file:/home/travis/build/mycila/license-maven-plugin/src/test/resources/test-header1.txt:
Copyright (C) ${year} http://code.google.com/p/maven-license-plugin/

Licensed under the Apache License, Version 2.0 (the "License");
you may not use this file except in compliance with the License.
You may obtain a copy of the License at

        http://www.apache.org/licenses/LICENSE-2.0

Unless required by applicable law or agreed to in writing, software
distributed under the License is distributed on an "AS IS" BASIS,
WITHOUT WARRANTIES OR CONDITIONS OF ANY KIND, either express or implied.
See the License for the specific language governing permissions and
limitations under the License.
[debug] Number of execution threads: 3
[debug] From: src/test/resources/check/issue76
[debug] Including: [**]
[debug] Excluding: [**/*~, **/#*#, **/.#*, **/%*%, **/._*, **/.repository/**, **/CVS, **/CVS/**, **/.cvsignore, **/RCS, **/RCS/**, **/SCCS, **/SCCS/**, **/vssver.scc, **/.svn, **/.svn/**, **/.arch-ids, **/.arch-ids/**, **/.bzr, **/.bzr/**, **/.MySCMServerInfo, **/.DS_Store, **/.metadata, **/.metadata/**, **/.hg, **/.hg/**, **/.hgignore, **/.git, **/.git/**, **/.gitignore, **/.gitmodules, **/BitKeeper, **/BitKeeper/**, **/ChangeSet, **/ChangeSet/**, **/_darcs, **/_darcs/**, **/.darcsrepo, **/.darcsrepo/**, **/-darcs-backup*, **/.darcs-temp-mail, **/target/**, **/test-output/**, **/release.properties, **/dependency-reduced-pom.xml, **/pom.xml.releaseBackup, **/cobertura.ser, **/.clover/**, **/.classpath, **/.project, **/.settings/**, **/*.iml, **/*.ipr, **/*.iws, .idea/**, **/MANIFEST.MF, **/*.jpg, **/*.png, **/*.gif, **/*.ico, **/*.bmp, **/*.tiff, **/*.tif, **/*.cr2, **/*.xcf, **/*.class, **/*.exe, **/*.dll, **/*.so, **/*.md5, **/*.sha1, **/*.jar, **/*.zip, **/*.rar, **/*.tar, **/*.tar.gz, **/*.tar.bz2, **/*.gz, **/*.xls, **/META-INF/services/**, **/*.md, **/*.xls, **/*.doc, **/*.odt, **/*.ods, **/*.pdf, **/.travis.yml, **/*.swf, **/*.json]
[debug] Selected file: src/test/resources/check/issue76/std.xml [header style: xml_style]
[debug] Header OK in: src/test/resources/check/issue76/std.xml
[debug] Selected file: src/test/resources/check/issue76/before.xml [header style: xml_style]
[debug] Header OK in: src/test/resources/check/issue76/before.xml
[debug] Selected file: src/test/resources/check/issue76/std.txt [header style: text]
[debug] Header OK in: src/test/resources/check/issue76/std.txt
[debug] Selected file: src/test/resources/check/issue76/after.txt [header style: text]
[debug] Header OK in: src/test/resources/check/issue76/after.txt
[debug] Selected file: src/test/resources/check/issue76/before.txt [header style: text]
[debug] Selected file: src/test/resources/check/issue76/after.xml [header style: xml_style]
[debug] Header OK in: src/test/resources/check/issue76/after.xml
[debug] Header OK in: src/test/resources/check/issue76/before.txt
[info] Checking licenses...
[debug] Header file:/home/travis/build/mycila/license-maven-plugin/src/test/resources/test-header1.txt:
Copyright (C) ${year} http://code.google.com/p/maven-license-plugin/

Licensed under the Apache License, Version 2.0 (the "License");
you may not use this file except in compliance with the License.
You may obtain a copy of the License at

        http://www.apache.org/licenses/LICENSE-2.0

Unless required by applicable law or agreed to in writing, software
distributed under the License is distributed on an "AS IS" BASIS,
WITHOUT WARRANTIES OR CONDITIONS OF ANY KIND, either express or implied.
See the License for the specific language governing permissions and
limitations under the License.
[debug] Number of execution threads: 3
[debug] From: src/test/resources/check/issue76
[debug] Including: [**]
[debug] Excluding: [**/*~, **/#*#, **/.#*, **/%*%, **/._*, **/.repository/**, **/CVS, **/CVS/**, **/.cvsignore, **/RCS, **/RCS/**, **/SCCS, **/SCCS/**, **/vssver.scc, **/.svn, **/.svn/**, **/.arch-ids, **/.arch-ids/**, **/.bzr, **/.bzr/**, **/.MySCMServerInfo, **/.DS_Store, **/.metadata, **/.metadata/**, **/.hg, **/.hg/**, **/.hgignore, **/.git, **/.git/**, **/.gitignore, **/.gitmodules, **/BitKeeper, **/BitKeeper/**, **/ChangeSet, **/ChangeSet/**, **/_darcs, **/_darcs/**, **/.darcsrepo, **/.darcsrepo/**, **/-darcs-backup*, **/.darcs-temp-mail, **/target/**, **/test-output/**, **/release.properties, **/dependency-reduced-pom.xml, **/pom.xml.releaseBackup, **/cobertura.ser, **/.clover/**, **/.classpath, **/.project, **/.settings/**, **/*.iml, **/*.ipr, **/*.iws, .idea/**, **/MANIFEST.MF, **/*.jpg, **/*.png, **/*.gif, **/*.ico, **/*.bmp, **/*.tiff, **/*.tif, **/*.cr2, **/*.xcf, **/*.class, **/*.exe, **/*.dll, **/*.so, **/*.md5, **/*.sha1, **/*.jar, **/*.zip, **/*.rar, **/*.tar, **/*.tar.gz, **/*.tar.bz2, **/*.gz, **/*.xls, **/META-INF/services/**, **/*.md, **/*.xls, **/*.doc, **/*.odt, **/*.ods, **/*.pdf, **/.travis.yml, **/*.swf, **/*.json]
[debug] Selected file: src/test/resources/check/issue76/before.xml [header style: xml_style]
[debug] Selected file: src/test/resources/check/issue76/before.txt [header style: text]
[warn] Missing header in: src/test/resources/check/issue76/before.txt
[debug] Selected file: src/test/resources/check/issue76/std.xml [header style: xml_style]
[debug] Header OK in: src/test/resources/check/issue76/std.xml
[debug] Selected file: src/test/resources/check/issue76/after.xml [header style: xml_style]
[warn] Missing header in: src/test/resources/check/issue76/after.xml
[debug] Selected file: src/test/resources/check/issue76/after.txt [header style: text]
[debug] Selected file: src/test/resources/check/issue76/std.txt [header style: text]
[warn] Missing header in: src/test/resources/check/issue76/before.xml
[warn] Missing header in: src/test/resources/check/issue76/after.txt
[debug] Header OK in: src/test/resources/check/issue76/std.txt
[src/test/resources/check/issue76/before.txt, src/test/resources/check/issue76/after.xml, src/test/resources/check/issue76/before.xml, src/test/resources/check/issue76/after.txt]
[info] Checking licenses...
[debug] Header file:/home/travis/build/mycila/license-maven-plugin/src/test/resources/test-header1-diff.txt:
Copyright (C) ${year} http://code.google.com/p/maven-license-plugin/

Licensed under the Apache License, Version 2.0 (the "License");
you may not use this file except in compliance with the License.
You may obtain a copy of the License at

        http://www.apache.org/licenses/LICENSE-2.0

DIFF required by applicable law or agreed to in writing, software
distributed under the License is distributed on an "AS IS" BASIS,
WITHOUT WARRANTIES OR CONDITIONS OF ANY KIND, either express or implied.
See the License for the specific language governing permissions and
limitations under the License.
DIFF

[debug] Number of execution threads: 3
[debug] From: src/test/resources/check/strict
[debug] Including: [**]
[debug] Excluding: [**/*~, **/#*#, **/.#*, **/%*%, **/._*, **/.repository/**, **/CVS, **/CVS/**, **/.cvsignore, **/RCS, **/RCS/**, **/SCCS, **/SCCS/**, **/vssver.scc, **/.svn, **/.svn/**, **/.arch-ids, **/.arch-ids/**, **/.bzr, **/.bzr/**, **/.MySCMServerInfo, **/.DS_Store, **/.metadata, **/.metadata/**, **/.hg, **/.hg/**, **/.hgignore, **/.git, **/.git/**, **/.gitignore, **/.gitmodules, **/BitKeeper, **/BitKeeper/**, **/ChangeSet, **/ChangeSet/**, **/_darcs, **/_darcs/**, **/.darcsrepo, **/.darcsrepo/**, **/-darcs-backup*, **/.darcs-temp-mail, **/target/**, **/test-output/**, **/release.properties, **/dependency-reduced-pom.xml, **/pom.xml.releaseBackup, **/cobertura.ser, **/.clover/**, **/.classpath, **/.project, **/.settings/**, **/*.iml, **/*.ipr, **/*.iws, .idea/**, **/MANIFEST.MF, **/*.jpg, **/*.png, **/*.gif, **/*.ico, **/*.bmp, **/*.tiff, **/*.tif, **/*.cr2, **/*.xcf, **/*.class, **/*.exe, **/*.dll, **/*.so, **/*.md5, **/*.sha1, **/*.jar, **/*.zip, **/*.rar, **/*.tar, **/*.tar.gz, **/*.tar.bz2, **/*.gz, **/*.xls, **/META-INF/services/**, **/*.md, **/*.xls, **/*.doc, **/*.odt, **/*.ods, **/*.pdf, **/.travis.yml, **/*.swf, **/*.json]
[debug] Selected file: src/test/resources/check/strict/space.java [header style: javadoc_style]
[debug] Selected file: src/test/resources/check/strict/nospace.java [header style: javadoc_style]
[debug] Header OK in: src/test/resources/check/strict/nospace.java
[debug] Header OK in: src/test/resources/check/strict/space.java
[info] Checking licenses...
[debug] Header file:/home/travis/build/mycila/license-maven-plugin/src/test/resources/test-header1-diff.txt:
Copyright (C) ${year} http://code.google.com/p/maven-license-plugin/

Licensed under the Apache License, Version 2.0 (the "License");
you may not use this file except in compliance with the License.
You may obtain a copy of the License at

        http://www.apache.org/licenses/LICENSE-2.0

DIFF required by applicable law or agreed to in writing, software
distributed under the License is distributed on an "AS IS" BASIS,
WITHOUT WARRANTIES OR CONDITIONS OF ANY KIND, either express or implied.
See the License for the specific language governing permissions and
limitations under the License.
DIFF

[debug] Number of execution threads: 3
[debug] From: src/test/resources/check/strict
[debug] Including: [**]
[debug] Excluding: [**/*~, **/#*#, **/.#*, **/%*%, **/._*, **/.repository/**, **/CVS, **/CVS/**, **/.cvsignore, **/RCS, **/RCS/**, **/SCCS, **/SCCS/**, **/vssver.scc, **/.svn, **/.svn/**, **/.arch-ids, **/.arch-ids/**, **/.bzr, **/.bzr/**, **/.MySCMServerInfo, **/.DS_Store, **/.metadata, **/.metadata/**, **/.hg, **/.hg/**, **/.hgignore, **/.git, **/.git/**, **/.gitignore, **/.gitmodules, **/BitKeeper, **/BitKeeper/**, **/ChangeSet, **/ChangeSet/**, **/_darcs, **/_darcs/**, **/.darcsrepo, **/.darcsrepo/**, **/-darcs-backup*, **/.darcs-temp-mail, **/target/**, **/test-output/**, **/release.properties, **/dependency-reduced-pom.xml, **/pom.xml.releaseBackup, **/cobertura.ser, **/.clover/**, **/.classpath, **/.project, **/.settings/**, **/*.iml, **/*.ipr, **/*.iws, .idea/**, **/MANIFEST.MF, **/*.jpg, **/*.png, **/*.gif, **/*.ico, **/*.bmp, **/*.tiff, **/*.tif, **/*.cr2, **/*.xcf, **/*.class, **/*.exe, **/*.dll, **/*.so, **/*.md5, **/*.sha1, **/*.jar, **/*.zip, **/*.rar, **/*.tar, **/*.tar.gz, **/*.tar.bz2, **/*.gz, **/*.xls, **/META-INF/services/**, **/*.md, **/*.xls, **/*.doc, **/*.odt, **/*.ods, **/*.pdf, **/.travis.yml, **/*.swf, **/*.json]
[debug] Selected file: src/test/resources/check/strict/nospace.java [header style: javadoc_style]
[debug] Header OK in: src/test/resources/check/strict/nospace.java
[debug] Selected file: src/test/resources/check/strict/space.java [header style: javadoc_style]
[debug] Header OK in: src/test/resources/check/strict/space.java
[]
Tests run: 2, Failures: 0, Errors: 0, Skipped: 0, Time elapsed: 0.043 sec - in com.mycila.maven.plugin.license.StrictTest
Running com.mycila.maven.plugin.license.AggregateMojoTest
[info] Checking licenses...
[debug] Header file:/home/travis/build/mycila/license-maven-plugin/src/test/resources/check/modules/header.txt:
Copyright (C) ${year} http://code.google.com/p/maven-license-plugin/

Licensed under the Apache License, Version 2.0 (the "License");
you may not use this file except in compliance with the License.
You may obtain a copy of the License at

        http://www.apache.org/licenses/LICENSE-2.0

Unless required by applicable law or agreed to in writing, software
distributed under the License is distributed on an "AS IS" BASIS,
WITHOUT WARRANTIES OR CONDITIONS OF ANY KIND, either express or implied.
See the License for the specific language governing permissions and
limitations under the License.

[debug] Number of execution threads: 3
[debug] From: src/test/resources/check/modules
[debug] Including: [**]
[debug] Excluding: [**/*~, **/#*#, **/.#*, **/%*%, **/._*, **/.repository/**, **/CVS, **/CVS/**, **/.cvsignore, **/RCS, **/RCS/**, **/SCCS, **/SCCS/**, **/vssver.scc, **/.svn, **/.svn/**, **/.arch-ids, **/.arch-ids/**, **/.bzr, **/.bzr/**, **/.MySCMServerInfo, **/.DS_Store, **/.metadata, **/.metadata/**, **/.hg, **/.hg/**, **/.hgignore, **/.git, **/.git/**, **/.gitignore, **/.gitmodules, **/BitKeeper, **/BitKeeper/**, **/ChangeSet, **/ChangeSet/**, **/_darcs, **/_darcs/**, **/.darcsrepo, **/.darcsrepo/**, **/-darcs-backup*, **/.darcs-temp-mail, **/target/**, **/test-output/**, **/release.properties, **/dependency-reduced-pom.xml, **/pom.xml.releaseBackup, **/cobertura.ser, **/.clover/**, **/.classpath, **/.project, **/.settings/**, **/*.iml, **/*.ipr, **/*.iws, .idea/**, **/MANIFEST.MF, **/*.jpg, **/*.png, **/*.gif, **/*.ico, **/*.bmp, **/*.tiff, **/*.tif, **/*.cr2, **/*.xcf, **/*.class, **/*.exe, **/*.dll, **/*.so, **/*.md5, **/*.sha1, **/*.jar, **/*.zip, **/*.rar, **/*.tar, **/*.tar.gz, **/*.tar.bz2, **/*.gz, **/*.xls, **/META-INF/services/**, **/*.md, **/*.xls, **/*.doc, **/*.odt, **/*.ods, **/*.pdf, **/.travis.yml, **/*.swf, **/*.json, module1/**, module2/**, module3/**]
[debug] Selected file: src/test/resources/check/modules/header.txt [header style: text]
[debug] Skipping header file: src/test/resources/check/modules/header.txt
[info] Checking licenses...
[debug] Header file:/home/travis/build/mycila/license-maven-plugin/src/test/resources/check/modules/header.txt:
Copyright (C) ${year} http://code.google.com/p/maven-license-plugin/

Licensed under the Apache License, Version 2.0 (the "License");
you may not use this file except in compliance with the License.
You may obtain a copy of the License at

        http://www.apache.org/licenses/LICENSE-2.0

Unless required by applicable law or agreed to in writing, software
distributed under the License is distributed on an "AS IS" BASIS,
WITHOUT WARRANTIES OR CONDITIONS OF ANY KIND, either express or implied.
See the License for the specific language governing permissions and
limitations under the License.

[debug] Number of execution threads: 3
[debug] From: src/test/resources/check/modules
[debug] Including: [**]
[debug] Excluding: [**/*~, **/#*#, **/.#*, **/%*%, **/._*, **/.repository/**, **/CVS, **/CVS/**, **/.cvsignore, **/RCS, **/RCS/**, **/SCCS, **/SCCS/**, **/vssver.scc, **/.svn, **/.svn/**, **/.arch-ids, **/.arch-ids/**, **/.bzr, **/.bzr/**, **/.MySCMServerInfo, **/.DS_Store, **/.metadata, **/.metadata/**, **/.hg, **/.hg/**, **/.hgignore, **/.git, **/.git/**, **/.gitignore, **/.gitmodules, **/BitKeeper, **/BitKeeper/**, **/ChangeSet, **/ChangeSet/**, **/_darcs, **/_darcs/**, **/.darcsrepo, **/.darcsrepo/**, **/-darcs-backup*, **/.darcs-temp-mail, **/target/**, **/test-output/**, **/release.properties, **/dependency-reduced-pom.xml, **/pom.xml.releaseBackup, **/cobertura.ser, **/.clover/**, **/.classpath, **/.project, **/.settings/**, **/*.iml, **/*.ipr, **/*.iws, .idea/**, **/MANIFEST.MF, **/*.jpg, **/*.png, **/*.gif, **/*.ico, **/*.bmp, **/*.tiff, **/*.tif, **/*.cr2, **/*.xcf, **/*.class, **/*.exe, **/*.dll, **/*.so, **/*.md5, **/*.sha1, **/*.jar, **/*.zip, **/*.rar, **/*.tar, **/*.tar.gz, **/*.tar.bz2, **/*.gz, **/*.xls, **/META-INF/services/**, **/*.md, **/*.xls, **/*.doc, **/*.odt, **/*.ods, **/*.pdf, **/.travis.yml, **/*.swf, **/*.json]
[debug] Selected file: src/test/resources/check/modules/header.txt [header style: text]
[debug] Skipping header file: src/test/resources/check/modules/header.txt
[debug] Selected file: src/test/resources/check/modules/module1/doc1.txt [header style: text]
[warn] Missing header in: src/test/resources/check/modules/module1/doc1.txt
Tests run: 2, Failures: 0, Errors: 0, Skipped: 0, Time elapsed: 0.017 sec - in com.mycila.maven.plugin.license.AggregateMojoTest
Running com.mycila.maven.plugin.license.UpdateMojoTest
[info] Updating license headers...
[debug] Header file:/home/travis/build/mycila/license-maven-plugin/src/test/resources/update/header.txt:
My @Copyright license 2

[debug] Number of execution threads: 3
[debug] From: target/test/update/issue44
[debug] Including: [**]
[debug] Excluding: [**/*~, **/#*#, **/.#*, **/%*%, **/._*, **/.repository/**, **/CVS, **/CVS/**, **/.cvsignore, **/RCS, **/RCS/**, **/SCCS, **/SCCS/**, **/vssver.scc, **/.svn, **/.svn/**, **/.arch-ids, **/.arch-ids/**, **/.bzr, **/.bzr/**, **/.MySCMServerInfo, **/.DS_Store, **/.metadata, **/.metadata/**, **/.hg, **/.hg/**, **/.hgignore, **/.git, **/.git/**, **/.gitignore, **/.gitmodules, **/BitKeeper, **/BitKeeper/**, **/ChangeSet, **/ChangeSet/**, **/_darcs, **/_darcs/**, **/.darcsrepo, **/.darcsrepo/**, **/-darcs-backup*, **/.darcs-temp-mail, **/target/**, **/test-output/**, **/release.properties, **/dependency-reduced-pom.xml, **/pom.xml.releaseBackup, **/cobertura.ser, **/.clover/**, **/.classpath, **/.project, **/.settings/**, **/*.iml, **/*.ipr, **/*.iws, .idea/**, **/MANIFEST.MF, **/*.jpg, **/*.png, **/*.gif, **/*.ico, **/*.bmp, **/*.tiff, **/*.tif, **/*.cr2, **/*.xcf, **/*.class, **/*.exe, **/*.dll, **/*.so, **/*.md5, **/*.sha1, **/*.jar, **/*.zip, **/*.rar, **/*.tar, **/*.tar.gz, **/*.tar.bz2, **/*.gz, **/*.xls, **/META-INF/services/**, **/*.md, **/*.xls, **/*.doc, **/*.odt, **/*.ods, **/*.pdf, **/.travis.yml, **/*.swf, **/*.json]
[debug] Selected file: target/test/update/issue44/issue44-3.rb [header style: script_style]
[debug] Selected file: target/test/update/issue44/test.asp [header style: asp]
[info] Updating license header in: target/test/update/issue44/issue44-3.rb
[info] Updating license header in: target/test/update/issue44/test.asp
[info] Updating license headers...
[debug] Header file:/home/travis/build/mycila/license-maven-plugin/src/test/resources/update/issue14/header.txt:
Copyright (C) 2013 Salzburg Research.

Licensed under the Apache License, Version 2.0 (the "License");
you may not use this file except in compliance with the License.
You may obtain a copy of the License at

        http://www.apache.org/licenses/LICENSE-2.0

Unless required by applicable law or agreed to in writing, software
distributed under the License is distributed on an "AS IS" BASIS,
WITHOUT WARRANTIES OR CONDITIONS OF ANY KIND, either express or implied.
See the License for the specific language governing permissions and
limitations under the License.
[debug] Number of execution threads: 3
[debug] From: target/test/update/issue14
[debug] Including: [**]
[debug] Excluding: [**/*~, **/#*#, **/.#*, **/%*%, **/._*, **/.repository/**, **/CVS, **/CVS/**, **/.cvsignore, **/RCS, **/RCS/**, **/SCCS, **/SCCS/**, **/vssver.scc, **/.svn, **/.svn/**, **/.arch-ids, **/.arch-ids/**, **/.bzr, **/.bzr/**, **/.MySCMServerInfo, **/.DS_Store, **/.metadata, **/.metadata/**, **/.hg, **/.hg/**, **/.hgignore, **/.git, **/.git/**, **/.gitignore, **/.gitmodules, **/BitKeeper, **/BitKeeper/**, **/ChangeSet, **/ChangeSet/**, **/_darcs, **/_darcs/**, **/.darcsrepo, **/.darcsrepo/**, **/-darcs-backup*, **/.darcs-temp-mail, **/target/**, **/test-output/**, **/release.properties, **/dependency-reduced-pom.xml, **/pom.xml.releaseBackup, **/cobertura.ser, **/.clover/**, **/.classpath, **/.project, **/.settings/**, **/*.iml, **/*.ipr, **/*.iws, .idea/**, **/MANIFEST.MF, **/*.jpg, **/*.png, **/*.gif, **/*.ico, **/*.bmp, **/*.tiff, **/*.tif, **/*.cr2, **/*.xcf, **/*.class, **/*.exe, **/*.dll, **/*.so, **/*.md5, **/*.sha1, **/*.jar, **/*.zip, **/*.rar, **/*.tar, **/*.tar.gz, **/*.tar.bz2, **/*.gz, **/*.xls, **/META-INF/services/**, **/*.md, **/*.xls, **/*.doc, **/*.odt, **/*.ods, **/*.pdf, **/.travis.yml, **/*.swf, **/*.json]
[debug] Selected file: target/test/update/issue14/test.properties [header style: script_style]
[info] Updating license header in: target/test/update/issue14/test.properties
[info] Updating license headers...
[debug] Header file:/home/travis/build/mycila/license-maven-plugin/src/test/resources/update/header.txt:
My @Copyright license 2

[debug] Number of execution threads: 3
[debug] From: target/test/update
[debug] Including: [**]
[debug] Excluding: [**/*~, **/#*#, **/.#*, **/%*%, **/._*, **/.repository/**, **/CVS, **/CVS/**, **/.cvsignore, **/RCS, **/RCS/**, **/SCCS, **/SCCS/**, **/vssver.scc, **/.svn, **/.svn/**, **/.arch-ids, **/.arch-ids/**, **/.bzr, **/.bzr/**, **/.MySCMServerInfo, **/.DS_Store, **/.metadata, **/.metadata/**, **/.hg, **/.hg/**, **/.hgignore, **/.git, **/.git/**, **/.gitignore, **/.gitmodules, **/BitKeeper, **/BitKeeper/**, **/ChangeSet, **/ChangeSet/**, **/_darcs, **/_darcs/**, **/.darcsrepo, **/.darcsrepo/**, **/-darcs-backup*, **/.darcs-temp-mail, **/target/**, **/test-output/**, **/release.properties, **/dependency-reduced-pom.xml, **/pom.xml.releaseBackup, **/cobertura.ser, **/.clover/**, **/.classpath, **/.project, **/.settings/**, **/*.iml, **/*.ipr, **/*.iws, .idea/**, **/MANIFEST.MF, **/*.jpg, **/*.png, **/*.gif, **/*.ico, **/*.bmp, **/*.tiff, **/*.tif, **/*.cr2, **/*.xcf, **/*.class, **/*.exe, **/*.dll, **/*.so, **/*.md5, **/*.sha1, **/*.jar, **/*.zip, **/*.rar, **/*.tar, **/*.tar.gz, **/*.tar.bz2, **/*.gz, **/*.xls, **/META-INF/services/**, **/*.md, **/*.xls, **/*.doc, **/*.odt, **/*.ods, **/*.pdf, **/.travis.yml, **/*.swf, **/*.json]
[debug] Selected file: target/test/update/issue14/test.properties [header style: script_style]
[info] Updating license header in: target/test/update/issue14/test.properties
[debug] Selected file: target/test/update/issue44/issue44-3.rb [header style: script_style]
[debug] Selected file: target/test/update/doc1.txt [header style: text]
[debug] Header OK in: target/test/update/issue44/issue44-3.rb
[debug] Selected file: target/test/update/issue44/test.asp [header style: asp]
[info] Updating license header in: target/test/update/doc1.txt
[debug] Header OK in: target/test/update/issue44/test.asp
[debug] Selected file: target/test/update/doc2.txt [header style: text]
[info] Updating license header in: target/test/update/doc2.txt
[info] Updating license headers...
[debug] Header file:/home/travis/build/mycila/license-maven-plugin/src/test/resources/update/header.txt:
My @Copyright license 2

[debug] Number of execution threads: 3
[debug] From: target/test/update/issue48
[debug] Including: [**]
[debug] Excluding: [**/*~, **/#*#, **/.#*, **/%*%, **/._*, **/.repository/**, **/CVS, **/CVS/**, **/.cvsignore, **/RCS, **/RCS/**, **/SCCS, **/SCCS/**, **/vssver.scc, **/.svn, **/.svn/**, **/.arch-ids, **/.arch-ids/**, **/.bzr, **/.bzr/**, **/.MySCMServerInfo, **/.DS_Store, **/.metadata, **/.metadata/**, **/.hg, **/.hg/**, **/.hgignore, **/.git, **/.git/**, **/.gitignore, **/.gitmodules, **/BitKeeper, **/BitKeeper/**, **/ChangeSet, **/ChangeSet/**, **/_darcs, **/_darcs/**, **/.darcsrepo, **/.darcsrepo/**, **/-darcs-backup*, **/.darcs-temp-mail, **/target/**, **/test-output/**, **/release.properties, **/dependency-reduced-pom.xml, **/pom.xml.releaseBackup, **/cobertura.ser, **/.clover/**, **/.classpath, **/.project, **/.settings/**, **/*.iml, **/*.ipr, **/*.iws, .idea/**, **/MANIFEST.MF, **/*.jpg, **/*.png, **/*.gif, **/*.ico, **/*.bmp, **/*.tiff, **/*.tif, **/*.cr2, **/*.xcf, **/*.class, **/*.exe, **/*.dll, **/*.so, **/*.md5, **/*.sha1, **/*.jar, **/*.zip, **/*.rar, **/*.tar, **/*.tar.gz, **/*.tar.bz2, **/*.gz, **/*.xls, **/META-INF/services/**, **/*.md, **/*.xls, **/*.doc, **/*.odt, **/*.ods, **/*.pdf, **/.travis.yml, **/*.swf, **/*.json]
[debug] Selected file: target/test/update/issue48/test1.php [header style: php]
[debug] Selected file: target/test/update/issue48/test2.php [header style: php]
[info] Updating license header in: target/test/update/issue48/test2.php
[info] Updating license header in: target/test/update/issue48/test1.php
[info] Updating license headers...
[debug] Header file:/home/travis/build/mycila/license-maven-plugin/src/test/resources/update/header.txt:
My @Copyright license 2

[debug] Number of execution threads: 3
[debug] From: target/test/update/issue50
[debug] Including: [**]
[debug] Excluding: [**/*~, **/#*#, **/.#*, **/%*%, **/._*, **/.repository/**, **/CVS, **/CVS/**, **/.cvsignore, **/RCS, **/RCS/**, **/SCCS, **/SCCS/**, **/vssver.scc, **/.svn, **/.svn/**, **/.arch-ids, **/.arch-ids/**, **/.bzr, **/.bzr/**, **/.MySCMServerInfo, **/.DS_Store, **/.metadata, **/.metadata/**, **/.hg, **/.hg/**, **/.hgignore, **/.git, **/.git/**, **/.gitignore, **/.gitmodules, **/BitKeeper, **/BitKeeper/**, **/ChangeSet, **/ChangeSet/**, **/_darcs, **/_darcs/**, **/.darcsrepo, **/.darcsrepo/**, **/-darcs-backup*, **/.darcs-temp-mail, **/target/**, **/test-output/**, **/release.properties, **/dependency-reduced-pom.xml, **/pom.xml.releaseBackup, **/cobertura.ser, **/.clover/**, **/.classpath, **/.project, **/.settings/**, **/*.iml, **/*.ipr, **/*.iws, .idea/**, **/MANIFEST.MF, **/*.jpg, **/*.png, **/*.gif, **/*.ico, **/*.bmp, **/*.tiff, **/*.tif, **/*.cr2, **/*.xcf, **/*.class, **/*.exe, **/*.dll, **/*.so, **/*.md5, **/*.sha1, **/*.jar, **/*.zip, **/*.rar, **/*.tar, **/*.tar.gz, **/*.tar.bz2, **/*.gz, **/*.xls, **/META-INF/services/**, **/*.md, **/*.xls, **/*.doc, **/*.odt, **/*.ods, **/*.pdf, **/.travis.yml, **/*.swf, **/*.json]
[debug] Selected file: target/test/update/issue50/test1.properties [header style: script_style]
[info] Updating license header in: target/test/update/issue50/test1.properties
[debug] Selected file: target/test/update/issue50/test4.properties [header style: script_style]
[info] Updating license header in: target/test/update/issue50/test4.properties
[debug] Selected file: target/test/update/issue50/test2.properties [header style: script_style]
[info] Updating license header in: target/test/update/issue50/test2.properties
[debug] Selected file: target/test/update/issue50/test3.properties [header style: script_style]
[info] Updating license header in: target/test/update/issue50/test3.properties
Tests run: 5, Failures: 0, Errors: 0, Skipped: 0, Time elapsed: 0.042 sec - in com.mycila.maven.plugin.license.UpdateMojoTest
Running com.mycila.maven.plugin.license.document.DocumentTest
Tests run: 12, Failures: 0, Errors: 0, Skipped: 0, Time elapsed: 0.01 sec - in com.mycila.maven.plugin.license.document.DocumentTest

Results :

Tests run: 85, Failures: 0, Errors: 0, Skipped: 0


travis_time:end:04915625:start=1479336899574542326,finish=1479336964126652910,duration=64552110584[0K
[32;1mThe command "mvn clean install --quiet -B" exited with 0.[0m

Done. Your build exited with 0.
