travis_fold:start:system_info[0K[33;1mBuild system information[0m
Build language: java
Build id: ''
Job id: ''
[34m[1mBuild image provisioning date and time[0m
Thu Feb  5 15:09:33 UTC 2015
[34m[1mOperating System Details[0m
Distributor ID:	Ubuntu
Description:	Ubuntu 12.04.5 LTS
Release:	12.04
Codename:	precise
[34m[1mLinux Version[0m
3.13.0-29-generic
[34m[1mCookbooks Version[0m
a68419e https://github.com/travis-ci/travis-cookbooks/tree/a68419e
[34m[1mGCC version[0m
gcc (Ubuntu/Linaro 4.6.3-1ubuntu5) 4.6.3
Copyright (C) 2011 Free Software Foundation, Inc.
This is free software; see the source for copying conditions.  There is NO
warranty; not even for MERCHANTABILITY or FITNESS FOR A PARTICULAR PURPOSE.

[34m[1mLLVM version[0m
clang version 3.4 (tags/RELEASE_34/final)
Target: x86_64-unknown-linux-gnu
Thread model: posix
[34m[1mPre-installed Ruby versions[0m
ruby-1.9.3-p551
[34m[1mPre-installed Node.js versions[0m
v0.10.36
[34m[1mPre-installed Go versions[0m
1.4.1
[34m[1mRedis version[0m
redis-server 2.8.19
[34m[1mriak version[0m
2.0.2
[34m[1mMongoDB version[0m
MongoDB 2.4.12
[34m[1mCouchDB version[0m
couchdb 1.6.1
[34m[1mNeo4j version[0m
1.9.4
[34m[1mRabbitMQ Version[0m
3.4.3
[34m[1mElasticSearch version[0m
1.4.0
[34m[1mInstalled Sphinx versions[0m
2.0.10
2.1.9
2.2.6
[34m[1mDefault Sphinx version[0m
2.2.6
[34m[1mInstalled Firefox version[0m
firefox 31.0esr
[34m[1mPhantomJS version[0m
1.9.8
[34m[1mant -version[0m
Apache Ant(TM) version 1.8.2 compiled on December 3 2011
[34m[1mmvn -version[0m
Apache Maven 3.2.5 (12a6b3acb947671f09b81f49094c53f426d8cea1; 2014-12-14T17:29:23+00:00)
Maven home: /usr/local/maven
Java version: 1.7.0_76, vendor: Oracle Corporation
Java home: /usr/lib/jvm/java-7-oracle/jre
Default locale: en_US, platform encoding: ANSI_X3.4-1968
OS name: "linux", version: "3.13.0-29-generic", arch: "amd64", family: "unix"
travis_fold:end:system_info[0K
sed: cannot rename /etc/hosts: Device or resource busy
sed: cannot rename /etc/hosts: Device or resource busy
$ cd pedrovgs/Algorithms
$ java -Xmx32m -version
java version "1.7.0_76"
Java(TM) SE Runtime Environment (build 1.7.0_76-b13)
Java HotSpot(TM) 64-Bit Server VM (build 24.76-b04, mixed mode)
$ javac -J-Xmx32m -version
javac 1.7.0_76
travis_fold:start:install[0Ktravis_time:start:086ab4b6[0K$ mvn clean install
[INFO] Scanning for projects...
[INFO]                                                                         
[INFO] ------------------------------------------------------------------------
[INFO] Building Algorithms 1.0-SNAPSHOT
[INFO] ------------------------------------------------------------------------
Downloading: https://repo.maven.apache.org/maven2/org/apache/maven/plugins/maven-clean-plugin/2.5/maven-clean-plugin-2.5.pom
3/4 KB   4/4 KB            Downloaded: https://repo.maven.apache.org/maven2/org/apache/maven/plugins/maven-clean-plugin/2.5/maven-clean-plugin-2.5.pom (4 KB at 4.9 KB/sec)
Downloading: https://repo.maven.apache.org/maven2/org/apache/maven/plugins/maven-plugins/22/maven-plugins-22.pom
3/13 KB   5/13 KB   8/13 KB   11/13 KB   13/13 KB              Downloaded: https://repo.maven.apache.org/maven2/org/apache/maven/plugins/maven-plugins/22/maven-plugins-22.pom (13 KB at 82.2 KB/sec)
Downloading: https://repo.maven.apache.org/maven2/org/apache/maven/maven-parent/21/maven-parent-21.pom
3/26 KB    5/26 KB   8/26 KB   11/26 KB   13/26 KB   16/26 KB   19/26 KB   21/26 KB   24/26 KB   26/26 KB              Downloaded: https://repo.maven.apache.org/maven2/org/apache/maven/maven-parent/21/maven-parent-21.pom (26 KB at 182.6 KB/sec)
Downloading: https://repo.maven.apache.org/maven2/org/apache/apache/10/apache-10.pom
3/15 KB    5/15 KB   8/15 KB   11/15 KB   13/15 KB   15/15 KB              Downloaded: https://repo.maven.apache.org/maven2/org/apache/apache/10/apache-10.pom (15 KB at 122.5 KB/sec)
Downloading: https://repo.maven.apache.org/maven2/org/apache/maven/plugins/maven-clean-plugin/2.5/maven-clean-plugin-2.5.jar
3/25 KB    5/25 KB   8/25 KB   11/25 KB   13/25 KB   16/25 KB   19/25 KB   21/25 KB   24/25 KB   25/25 KB              Downloaded: https://repo.maven.apache.org/maven2/org/apache/maven/plugins/maven-clean-plugin/2.5/maven-clean-plugin-2.5.jar (25 KB at 190.9 KB/sec)
Downloading: https://repo.maven.apache.org/maven2/org/apache/maven/plugins/maven-resources-plugin/2.6/maven-resources-plugin-2.6.pom
3/8 KB     5/8 KB   8/8 KB   8/8 KB            Downloaded: https://repo.maven.apache.org/maven2/org/apache/maven/plugins/maven-resources-plugin/2.6/maven-resources-plugin-2.6.pom (8 KB at 68.3 KB/sec)
Downloading: https://repo.maven.apache.org/maven2/org/apache/maven/plugins/maven-plugins/23/maven-plugins-23.pom
3/9 KB   5/9 KB   8/9 KB   9/9 KB            Downloaded: https://repo.maven.apache.org/maven2/org/apache/maven/plugins/maven-plugins/23/maven-plugins-23.pom (9 KB at 73.6 KB/sec)
Downloading: https://repo.maven.apache.org/maven2/org/apache/maven/maven-parent/22/maven-parent-22.pom
3/30 KB   5/30 KB   8/30 KB   11/30 KB   13/30 KB   16/30 KB   19/30 KB   21/30 KB   24/30 KB   27/30 KB   29/30 KB   30/30 KB              Downloaded: https://repo.maven.apache.org/maven2/org/apache/maven/maven-parent/22/maven-parent-22.pom (30 KB at 218.4 KB/sec)
Downloading: https://repo.maven.apache.org/maven2/org/apache/apache/11/apache-11.pom
3/15 KB    6/15 KB   9/15 KB   11/15 KB   14/15 KB   15/15 KB              Downloaded: https://repo.maven.apache.org/maven2/org/apache/apache/11/apache-11.pom (15 KB at 121.5 KB/sec)
Downloading: https://repo.maven.apache.org/maven2/org/apache/maven/plugins/maven-resources-plugin/2.6/maven-resources-plugin-2.6.jar
3/29 KB    5/29 KB   8/29 KB   11/29 KB   13/29 KB   16/29 KB   19/29 KB   21/29 KB   24/29 KB   27/29 KB   29/29 KB   29/29 KB              Downloaded: https://repo.maven.apache.org/maven2/org/apache/maven/plugins/maven-resources-plugin/2.6/maven-resources-plugin-2.6.jar (29 KB at 242.2 KB/sec)
Downloading: https://repo.maven.apache.org/maven2/org/apache/maven/plugins/maven-compiler-plugin/3.1/maven-compiler-plugin-3.1.pom
3/10 KB    5/10 KB   8/10 KB   10/10 KB              Downloaded: https://repo.maven.apache.org/maven2/org/apache/maven/plugins/maven-compiler-plugin/3.1/maven-compiler-plugin-3.1.pom (10 KB at 77.9 KB/sec)
Downloading: https://repo.maven.apache.org/maven2/org/apache/maven/plugins/maven-plugins/24/maven-plugins-24.pom
3/11 KB    5/11 KB   8/11 KB   11/11 KB   11/11 KB              Downloaded: https://repo.maven.apache.org/maven2/org/apache/maven/plugins/maven-plugins/24/maven-plugins-24.pom (11 KB at 85.8 KB/sec)
Downloading: https://repo.maven.apache.org/maven2/org/apache/maven/maven-parent/23/maven-parent-23.pom
3/32 KB    5/32 KB   8/32 KB   11/32 KB   13/32 KB   16/32 KB   19/32 KB   21/32 KB   24/32 KB   27/32 KB   29/32 KB   32/32 KB   32/32 KB              Downloaded: https://repo.maven.apache.org/maven2/org/apache/maven/maven-parent/23/maven-parent-23.pom (32 KB at 234.0 KB/sec)
Downloading: https://repo.maven.apache.org/maven2/org/apache/apache/13/apache-13.pom
3/14 KB    5/14 KB   8/14 KB   11/14 KB   13/14 KB   14/14 KB              Downloaded: https://repo.maven.apache.org/maven2/org/apache/apache/13/apache-13.pom (14 KB at 105.8 KB/sec)
Downloading: https://repo.maven.apache.org/maven2/org/apache/maven/plugins/maven-compiler-plugin/3.1/maven-compiler-plugin-3.1.jar
3/42 KB    6/42 KB   9/42 KB   11/42 KB   14/42 KB   16/42 KB   19/42 KB   22/42 KB   25/42 KB   27/42 KB   30/42 KB   32/42 KB   36/42 KB   40/42 KB   42/42 KB              Downloaded: https://repo.maven.apache.org/maven2/org/apache/maven/plugins/maven-compiler-plugin/3.1/maven-compiler-plugin-3.1.jar (42 KB at 332.9 KB/sec)
Downloading: https://repo.maven.apache.org/maven2/org/apache/maven/plugins/maven-surefire-plugin/2.12.4/maven-surefire-plugin-2.12.4.pom
4/11 KB    8/11 KB   11/11 KB              Downloaded: https://repo.maven.apache.org/maven2/org/apache/maven/plugins/maven-surefire-plugin/2.12.4/maven-surefire-plugin-2.12.4.pom (11 KB at 90.5 KB/sec)
Downloading: https://repo.maven.apache.org/maven2/org/apache/maven/surefire/surefire/2.12.4/surefire-2.12.4.pom
4/14 KB    8/14 KB   12/14 KB   14/14 KB              Downloaded: https://repo.maven.apache.org/maven2/org/apache/maven/surefire/surefire/2.12.4/surefire-2.12.4.pom (14 KB at 108.6 KB/sec)
Downloading: https://repo.maven.apache.org/maven2/org/apache/maven/plugins/maven-surefire-plugin/2.12.4/maven-surefire-plugin-2.12.4.jar
4/30 KB    8/30 KB   12/30 KB   16/30 KB   20/30 KB   24/30 KB   28/30 KB   30/30 KB              Downloaded: https://repo.maven.apache.org/maven2/org/apache/maven/plugins/maven-surefire-plugin/2.12.4/maven-surefire-plugin-2.12.4.jar (30 KB at 218.7 KB/sec)
Downloading: https://repo.maven.apache.org/maven2/org/apache/maven/plugins/maven-jar-plugin/2.4/maven-jar-plugin-2.4.pom
4/6 KB     6/6 KB            Downloaded: https://repo.maven.apache.org/maven2/org/apache/maven/plugins/maven-jar-plugin/2.4/maven-jar-plugin-2.4.pom (6 KB at 46.3 KB/sec)
Downloading: https://repo.maven.apache.org/maven2/org/apache/maven/plugins/maven-jar-plugin/2.4/maven-jar-plugin-2.4.jar
3/34 KB   5/34 KB   8/34 KB   11/34 KB   13/34 KB   16/34 KB   19/34 KB   21/34 KB   24/34 KB   27/34 KB   29/34 KB   32/34 KB   34/34 KB              Downloaded: https://repo.maven.apache.org/maven2/org/apache/maven/plugins/maven-jar-plugin/2.4/maven-jar-plugin-2.4.jar (34 KB at 284.0 KB/sec)
Downloading: https://repo.maven.apache.org/maven2/org/apache/maven/plugins/maven-install-plugin/2.4/maven-install-plugin-2.4.pom
3/7 KB     5/7 KB   7/7 KB            Downloaded: https://repo.maven.apache.org/maven2/org/apache/maven/plugins/maven-install-plugin/2.4/maven-install-plugin-2.4.pom (7 KB at 54.7 KB/sec)
Downloading: https://repo.maven.apache.org/maven2/org/apache/maven/plugins/maven-install-plugin/2.4/maven-install-plugin-2.4.jar
3/27 KB   5/27 KB   8/27 KB   11/27 KB   13/27 KB   16/27 KB   19/27 KB   21/27 KB   24/27 KB   27/27 KB   27/27 KB              Downloaded: https://repo.maven.apache.org/maven2/org/apache/maven/plugins/maven-install-plugin/2.4/maven-install-plugin-2.4.jar (27 KB at 210.6 KB/sec)
Downloading: http://repo.maven.apache.org/maven2/junit/junit/4.11/junit-4.11.pom
3/3 KB              Downloaded: http://repo.maven.apache.org/maven2/junit/junit/4.11/junit-4.11.pom (3 KB at 76.3 KB/sec)
Downloading: http://repo.maven.apache.org/maven2/org/hamcrest/hamcrest-core/1.3/hamcrest-core-1.3.pom
766/766 B               Downloaded: http://repo.maven.apache.org/maven2/org/hamcrest/hamcrest-core/1.3/hamcrest-core-1.3.pom (766 B at 25.8 KB/sec)
Downloading: http://repo.maven.apache.org/maven2/org/hamcrest/hamcrest-parent/1.3/hamcrest-parent-1.3.pom
2/2 KB               Downloaded: http://repo.maven.apache.org/maven2/org/hamcrest/hamcrest-parent/1.3/hamcrest-parent-1.3.pom (2 KB at 71.3 KB/sec)
Downloading: http://repo.maven.apache.org/maven2/junit/junit/4.11/junit-4.11.jar
Downloading: http://repo.maven.apache.org/maven2/org/hamcrest/hamcrest-core/1.3/hamcrest-core-1.3.jar
4/240 KB   8/240 KB   12/240 KB   14/240 KB   4/44 KB   14/240 KB   8/44 KB   14/240 KB   12/44 KB   14/240 KB   15/44 KB   14/240 KB   15/44 KB   18/240 KB   15/44 KB   22/240 KB   15/44 KB   26/240 KB   15/44 KB   30/240 KB   15/44 KB   34/240 KB   15/44 KB   38/240 KB   15/44 KB   42/240 KB   15/44 KB   44/240 KB   19/44 KB   44/240 KB   23/44 KB   44/240 KB   27/44 KB   44/240 KB   31/44 KB   44/240 KB   35/44 KB   44/240 KB   39/44 KB   44/240 KB   43/44 KB   44/240 KB   44/44 KB   44/240 KB                          Downloaded: http://repo.maven.apache.org/maven2/org/hamcrest/hamcrest-core/1.3/hamcrest-core-1.3.jar (44 KB at 414.8 KB/sec)
48/240 KB              52/240 KB   56/240 KB   60/240 KB   64/240 KB   68/240 KB   72/240 KB   76/240 KB   80/240 KB   84/240 KB   88/240 KB   92/240 KB   96/240 KB   100/240 KB   103/240 KB   107/240 KB   111/240 KB   115/240 KB   119/240 KB   123/240 KB   127/240 KB   131/240 KB   135/240 KB   139/240 KB   143/240 KB   147/240 KB   151/240 KB   155/240 KB   159/240 KB   163/240 KB   167/240 KB   171/240 KB   175/240 KB   179/240 KB   183/240 KB   187/240 KB   191/240 KB   194/240 KB   198/240 KB   202/240 KB   206/240 KB   210/240 KB   214/240 KB   218/240 KB   222/240 KB   226/240 KB   230/240 KB   234/240 KB   238/240 KB   240/240 KB                Downloaded: http://repo.maven.apache.org/maven2/junit/junit/4.11/junit-4.11.jar (240 KB at 639.8 KB/sec)
[INFO] 
[INFO] --- maven-clean-plugin:2.5:clean (default-clean) @ algorithms ---
Downloading: https://repo.maven.apache.org/maven2/org/apache/maven/maven-plugin-api/2.0.6/maven-plugin-api-2.0.6.pom
2/2 KB                Downloaded: https://repo.maven.apache.org/maven2/org/apache/maven/maven-plugin-api/2.0.6/maven-plugin-api-2.0.6.pom (2 KB at 12.9 KB/sec)
Downloading: https://repo.maven.apache.org/maven2/org/apache/maven/maven/2.0.6/maven-2.0.6.pom
3/9 KB   5/9 KB   8/9 KB   9/9 KB            Downloaded: https://repo.maven.apache.org/maven2/org/apache/maven/maven/2.0.6/maven-2.0.6.pom (9 KB at 73.0 KB/sec)
Downloading: https://repo.maven.apache.org/maven2/org/apache/maven/maven-parent/5/maven-parent-5.pom
3/15 KB   5/15 KB   8/15 KB   11/15 KB   13/15 KB   15/15 KB              Downloaded: https://repo.maven.apache.org/maven2/org/apache/maven/maven-parent/5/maven-parent-5.pom (15 KB at 125.0 KB/sec)
Downloading: https://repo.maven.apache.org/maven2/org/apache/apache/3/apache-3.pom
3/4 KB     4/4 KB            Downloaded: https://repo.maven.apache.org/maven2/org/apache/apache/3/apache-3.pom (4 KB at 29.9 KB/sec)
Downloading: https://repo.maven.apache.org/maven2/org/codehaus/plexus/plexus-utils/3.0/plexus-utils-3.0.pom
3/4 KB   4/4 KB            Downloaded: https://repo.maven.apache.org/maven2/org/codehaus/plexus/plexus-utils/3.0/plexus-utils-3.0.pom (4 KB at 33.7 KB/sec)
Downloading: https://repo.maven.apache.org/maven2/org/sonatype/spice/spice-parent/16/spice-parent-16.pom
3/9 KB   5/9 KB   8/9 KB   9/9 KB            Downloaded: https://repo.maven.apache.org/maven2/org/sonatype/spice/spice-parent/16/spice-parent-16.pom (9 KB at 66.9 KB/sec)
Downloading: https://repo.maven.apache.org/maven2/org/sonatype/forge/forge-parent/5/forge-parent-5.pom
3/9 KB   5/9 KB   8/9 KB   9/9 KB            Downloaded: https://repo.maven.apache.org/maven2/org/sonatype/forge/forge-parent/5/forge-parent-5.pom (9 KB at 68.1 KB/sec)
Downloading: https://repo.maven.apache.org/maven2/org/codehaus/plexus/plexus-utils/3.0/plexus-utils-3.0.jar
3/221 KB   5/221 KB   8/221 KB   11/221 KB   13/221 KB   16/221 KB   19/221 KB   21/221 KB   24/221 KB   27/221 KB   29/221 KB   32/221 KB   36/221 KB   40/221 KB   44/221 KB   48/221 KB   52/221 KB   56/221 KB   60/221 KB   64/221 KB   68/221 KB   72/221 KB   76/221 KB   80/221 KB   84/221 KB   88/221 KB   92/221 KB   96/221 KB   100/221 KB   104/221 KB   108/221 KB   112/221 KB   116/221 KB   120/221 KB   124/221 KB   128/221 KB   132/221 KB   136/221 KB   140/221 KB   144/221 KB   148/221 KB   152/221 KB   156/221 KB   160/221 KB   164/221 KB   168/221 KB   172/221 KB   176/221 KB   180/221 KB   184/221 KB   188/221 KB   192/221 KB   196/221 KB   200/221 KB   204/221 KB   208/221 KB   212/221 KB   216/221 KB   220/221 KB   221/221 KB                Downloaded: https://repo.maven.apache.org/maven2/org/codehaus/plexus/plexus-utils/3.0/plexus-utils-3.0.jar (221 KB at 1240.3 KB/sec)
[INFO] 
[INFO] --- maven-resources-plugin:2.6:resources (default-resources) @ algorithms ---
Downloading: https://repo.maven.apache.org/maven2/org/apache/maven/maven-project/2.0.6/maven-project-2.0.6.pom
3/3 KB                Downloaded: https://repo.maven.apache.org/maven2/org/apache/maven/maven-project/2.0.6/maven-project-2.0.6.pom (3 KB at 22.2 KB/sec)
Downloading: https://repo.maven.apache.org/maven2/org/apache/maven/maven-settings/2.0.6/maven-settings-2.0.6.pom
2/2 KB            Downloaded: https://repo.maven.apache.org/maven2/org/apache/maven/maven-settings/2.0.6/maven-settings-2.0.6.pom (2 KB at 17.9 KB/sec)
Downloading: https://repo.maven.apache.org/maven2/org/apache/maven/maven-model/2.0.6/maven-model-2.0.6.pom
3/3 KB   3/3 KB            Downloaded: https://repo.maven.apache.org/maven2/org/apache/maven/maven-model/2.0.6/maven-model-2.0.6.pom (3 KB at 25.0 KB/sec)
Downloading: https://repo.maven.apache.org/maven2/org/codehaus/plexus/plexus-utils/1.4.1/plexus-utils-1.4.1.pom
2/2 KB            Downloaded: https://repo.maven.apache.org/maven2/org/codehaus/plexus/plexus-utils/1.4.1/plexus-utils-1.4.1.pom (2 KB at 15.5 KB/sec)
Downloading: https://repo.maven.apache.org/maven2/org/codehaus/plexus/plexus/1.0.11/plexus-1.0.11.pom
3/9 KB   5/9 KB   8/9 KB   9/9 KB            Downloaded: https://repo.maven.apache.org/maven2/org/codehaus/plexus/plexus/1.0.11/plexus-1.0.11.pom (9 KB at 73.0 KB/sec)
Downloading: https://repo.maven.apache.org/maven2/org/codehaus/plexus/plexus-container-default/1.0-alpha-9-stable-1/plexus-container-default-1.0-alpha-9-stable-1.pom
3/4 KB   4/4 KB            Downloaded: https://repo.maven.apache.org/maven2/org/codehaus/plexus/plexus-container-default/1.0-alpha-9-stable-1/plexus-container-default-1.0-alpha-9-stable-1.pom (4 KB at 33.8 KB/sec)
Downloading: https://repo.maven.apache.org/maven2/org/codehaus/plexus/plexus-containers/1.0.3/plexus-containers-1.0.3.pom
492/492 B               Downloaded: https://repo.maven.apache.org/maven2/org/codehaus/plexus/plexus-containers/1.0.3/plexus-containers-1.0.3.pom (492 B at 4.3 KB/sec)
Downloading: https://repo.maven.apache.org/maven2/org/codehaus/plexus/plexus/1.0.4/plexus-1.0.4.pom
3/6 KB      5/6 KB   6/6 KB            Downloaded: https://repo.maven.apache.org/maven2/org/codehaus/plexus/plexus/1.0.4/plexus-1.0.4.pom (6 KB at 49.1 KB/sec)
Downloading: https://repo.maven.apache.org/maven2/junit/junit/3.8.1/junit-3.8.1.pom
998/998 B               Downloaded: https://repo.maven.apache.org/maven2/junit/junit/3.8.1/junit-3.8.1.pom (998 B at 8.9 KB/sec)
Downloading: https://repo.maven.apache.org/maven2/org/codehaus/plexus/plexus-utils/1.0.4/plexus-utils-1.0.4.pom
3/7 KB      5/7 KB   7/7 KB            Downloaded: https://repo.maven.apache.org/maven2/org/codehaus/plexus/plexus-utils/1.0.4/plexus-utils-1.0.4.pom (7 KB at 62.6 KB/sec)
Downloading: https://repo.maven.apache.org/maven2/classworlds/classworlds/1.1-alpha-2/classworlds-1.1-alpha-2.pom
3/4 KB   4/4 KB            Downloaded: https://repo.maven.apache.org/maven2/classworlds/classworlds/1.1-alpha-2/classworlds-1.1-alpha-2.pom (4 KB at 25.2 KB/sec)
Downloading: https://repo.maven.apache.org/maven2/org/apache/maven/maven-profile/2.0.6/maven-profile-2.0.6.pom
2/2 KB            Downloaded: https://repo.maven.apache.org/maven2/org/apache/maven/maven-profile/2.0.6/maven-profile-2.0.6.pom (2 KB at 16.7 KB/sec)
Downloading: https://repo.maven.apache.org/maven2/org/apache/maven/maven-artifact-manager/2.0.6/maven-artifact-manager-2.0.6.pom
3/3 KB   3/3 KB            Downloaded: https://repo.maven.apache.org/maven2/org/apache/maven/maven-artifact-manager/2.0.6/maven-artifact-manager-2.0.6.pom (3 KB at 23.9 KB/sec)
Downloading: https://repo.maven.apache.org/maven2/org/apache/maven/maven-repository-metadata/2.0.6/maven-repository-metadata-2.0.6.pom
2/2 KB            Downloaded: https://repo.maven.apache.org/maven2/org/apache/maven/maven-repository-metadata/2.0.6/maven-repository-metadata-2.0.6.pom (2 KB at 16.0 KB/sec)
Downloading: https://repo.maven.apache.org/maven2/org/apache/maven/maven-artifact/2.0.6/maven-artifact-2.0.6.pom
2/2 KB            Downloaded: https://repo.maven.apache.org/maven2/org/apache/maven/maven-artifact/2.0.6/maven-artifact-2.0.6.pom (2 KB at 14.0 KB/sec)
Downloading: https://repo.maven.apache.org/maven2/org/apache/maven/maven-plugin-registry/2.0.6/maven-plugin-registry-2.0.6.pom
2/2 KB            Downloaded: https://repo.maven.apache.org/maven2/org/apache/maven/maven-plugin-registry/2.0.6/maven-plugin-registry-2.0.6.pom (2 KB at 15.8 KB/sec)
Downloading: https://repo.maven.apache.org/maven2/org/apache/maven/maven-core/2.0.6/maven-core-2.0.6.pom
3/7 KB   5/7 KB   7/7 KB            Downloaded: https://repo.maven.apache.org/maven2/org/apache/maven/maven-core/2.0.6/maven-core-2.0.6.pom (7 KB at 58.5 KB/sec)
Downloading: https://repo.maven.apache.org/maven2/org/apache/maven/maven-plugin-parameter-documenter/2.0.6/maven-plugin-parameter-documenter-2.0.6.pom
2/2 KB            Downloaded: https://repo.maven.apache.org/maven2/org/apache/maven/maven-plugin-parameter-documenter/2.0.6/maven-plugin-parameter-documenter-2.0.6.pom (2 KB at 17.0 KB/sec)
Downloading: https://repo.maven.apache.org/maven2/org/apache/maven/reporting/maven-reporting-api/2.0.6/maven-reporting-api-2.0.6.pom
2/2 KB            Downloaded: https://repo.maven.apache.org/maven2/org/apache/maven/reporting/maven-reporting-api/2.0.6/maven-reporting-api-2.0.6.pom (2 KB at 16.5 KB/sec)
Downloading: https://repo.maven.apache.org/maven2/org/apache/maven/reporting/maven-reporting/2.0.6/maven-reporting-2.0.6.pom
2/2 KB            Downloaded: https://repo.maven.apache.org/maven2/org/apache/maven/reporting/maven-reporting/2.0.6/maven-reporting-2.0.6.pom (2 KB at 12.2 KB/sec)
Downloading: https://repo.maven.apache.org/maven2/org/apache/maven/doxia/doxia-sink-api/1.0-alpha-7/doxia-sink-api-1.0-alpha-7.pom
424/424 B               Downloaded: https://repo.maven.apache.org/maven2/org/apache/maven/doxia/doxia-sink-api/1.0-alpha-7/doxia-sink-api-1.0-alpha-7.pom (424 B at 3.0 KB/sec)
Downloading: https://repo.maven.apache.org/maven2/org/apache/maven/doxia/doxia/1.0-alpha-7/doxia-1.0-alpha-7.pom
3/4 KB      4/4 KB            Downloaded: https://repo.maven.apache.org/maven2/org/apache/maven/doxia/doxia/1.0-alpha-7/doxia-1.0-alpha-7.pom (4 KB at 31.6 KB/sec)
Downloading: https://repo.maven.apache.org/maven2/org/apache/maven/maven-error-diagnostics/2.0.6/maven-error-diagnostics-2.0.6.pom
2/2 KB            Downloaded: https://repo.maven.apache.org/maven2/org/apache/maven/maven-error-diagnostics/2.0.6/maven-error-diagnostics-2.0.6.pom (2 KB at 14.5 KB/sec)
Downloading: https://repo.maven.apache.org/maven2/commons-cli/commons-cli/1.0/commons-cli-1.0.pom
3/3 KB   3/3 KB            Downloaded: https://repo.maven.apache.org/maven2/commons-cli/commons-cli/1.0/commons-cli-1.0.pom (3 KB at 15.8 KB/sec)
Downloading: https://repo.maven.apache.org/maven2/org/apache/maven/maven-plugin-descriptor/2.0.6/maven-plugin-descriptor-2.0.6.pom
2/2 KB            Downloaded: https://repo.maven.apache.org/maven2/org/apache/maven/maven-plugin-descriptor/2.0.6/maven-plugin-descriptor-2.0.6.pom (2 KB at 17.1 KB/sec)
Downloading: https://repo.maven.apache.org/maven2/org/codehaus/plexus/plexus-interactivity-api/1.0-alpha-4/plexus-interactivity-api-1.0-alpha-4.pom
3/7 KB   5/7 KB   7/7 KB            Downloaded: https://repo.maven.apache.org/maven2/org/codehaus/plexus/plexus-interactivity-api/1.0-alpha-4/plexus-interactivity-api-1.0-alpha-4.pom (7 KB at 60.2 KB/sec)
Downloading: https://repo.maven.apache.org/maven2/org/apache/maven/maven-monitor/2.0.6/maven-monitor-2.0.6.pom
2/2 KB            Downloaded: https://repo.maven.apache.org/maven2/org/apache/maven/maven-monitor/2.0.6/maven-monitor-2.0.6.pom (2 KB at 10.8 KB/sec)
Downloading: https://repo.maven.apache.org/maven2/classworlds/classworlds/1.1/classworlds-1.1.pom
3/4 KB   4/4 KB            Downloaded: https://repo.maven.apache.org/maven2/classworlds/classworlds/1.1/classworlds-1.1.pom (4 KB at 30.9 KB/sec)
Downloading: https://repo.maven.apache.org/maven2/org/codehaus/plexus/plexus-utils/2.0.5/plexus-utils-2.0.5.pom
3/4 KB   4/4 KB            Downloaded: https://repo.maven.apache.org/maven2/org/codehaus/plexus/plexus-utils/2.0.5/plexus-utils-2.0.5.pom (4 KB at 25.2 KB/sec)
Downloading: https://repo.maven.apache.org/maven2/org/codehaus/plexus/plexus/2.0.6/plexus-2.0.6.pom
3/17 KB   5/17 KB   8/17 KB   11/17 KB   13/17 KB   16/17 KB   17/17 KB              Downloaded: https://repo.maven.apache.org/maven2/org/codehaus/plexus/plexus/2.0.6/plexus-2.0.6.pom (17 KB at 143.6 KB/sec)
Downloading: https://repo.maven.apache.org/maven2/org/apache/maven/shared/maven-filtering/1.1/maven-filtering-1.1.pom
3/6 KB     5/6 KB   6/6 KB            Downloaded: https://repo.maven.apache.org/maven2/org/apache/maven/shared/maven-filtering/1.1/maven-filtering-1.1.pom (6 KB at 48.3 KB/sec)
Downloading: https://repo.maven.apache.org/maven2/org/apache/maven/shared/maven-shared-components/17/maven-shared-components-17.pom
3/9 KB   5/9 KB   8/9 KB   9/9 KB            Downloaded: https://repo.maven.apache.org/maven2/org/apache/maven/shared/maven-shared-components/17/maven-shared-components-17.pom (9 KB at 72.0 KB/sec)
Downloading: https://repo.maven.apache.org/maven2/org/codehaus/plexus/plexus-utils/1.5.15/plexus-utils-1.5.15.pom
3/7 KB   5/7 KB   7/7 KB            Downloaded: https://repo.maven.apache.org/maven2/org/codehaus/plexus/plexus-utils/1.5.15/plexus-utils-1.5.15.pom (7 KB at 60.3 KB/sec)
Downloading: https://repo.maven.apache.org/maven2/org/codehaus/plexus/plexus/2.0.2/plexus-2.0.2.pom
3/12 KB   5/12 KB   8/12 KB   11/12 KB   12/12 KB              Downloaded: https://repo.maven.apache.org/maven2/org/codehaus/plexus/plexus/2.0.2/plexus-2.0.2.pom (12 KB at 98.6 KB/sec)
Downloading: https://repo.maven.apache.org/maven2/org/codehaus/plexus/plexus-interpolation/1.12/plexus-interpolation-1.12.pom
889/889 B               Downloaded: https://repo.maven.apache.org/maven2/org/codehaus/plexus/plexus-interpolation/1.12/plexus-interpolation-1.12.pom (889 B at 8.0 KB/sec)
Downloading: https://repo.maven.apache.org/maven2/org/codehaus/plexus/plexus-components/1.1.14/plexus-components-1.1.14.pom
3/6 KB      5/6 KB   6/6 KB            Downloaded: https://repo.maven.apache.org/maven2/org/codehaus/plexus/plexus-components/1.1.14/plexus-components-1.1.14.pom (6 KB at 50.9 KB/sec)
Downloading: https://repo.maven.apache.org/maven2/org/sonatype/plexus/plexus-build-api/0.0.4/plexus-build-api-0.0.4.pom
3/3 KB   3/3 KB            Downloaded: https://repo.maven.apache.org/maven2/org/sonatype/plexus/plexus-build-api/0.0.4/plexus-build-api-0.0.4.pom (3 KB at 24.5 KB/sec)
Downloading: https://repo.maven.apache.org/maven2/org/sonatype/spice/spice-parent/10/spice-parent-10.pom
3/3 KB   3/3 KB            Downloaded: https://repo.maven.apache.org/maven2/org/sonatype/spice/spice-parent/10/spice-parent-10.pom (3 KB at 27.0 KB/sec)
Downloading: https://repo.maven.apache.org/maven2/org/sonatype/forge/forge-parent/3/forge-parent-3.pom
3/5 KB   5/5 KB   5/5 KB            Downloaded: https://repo.maven.apache.org/maven2/org/sonatype/forge/forge-parent/3/forge-parent-3.pom (5 KB at 42.7 KB/sec)
Downloading: https://repo.maven.apache.org/maven2/org/codehaus/plexus/plexus-utils/1.5.8/plexus-utils-1.5.8.pom
3/8 KB   5/8 KB   8/8 KB   8/8 KB            Downloaded: https://repo.maven.apache.org/maven2/org/codehaus/plexus/plexus-utils/1.5.8/plexus-utils-1.5.8.pom (8 KB at 65.6 KB/sec)
Downloading: https://repo.maven.apache.org/maven2/org/codehaus/plexus/plexus-interpolation/1.13/plexus-interpolation-1.13.pom
890/890 B               Downloaded: https://repo.maven.apache.org/maven2/org/codehaus/plexus/plexus-interpolation/1.13/plexus-interpolation-1.13.pom (890 B at 8.0 KB/sec)
Downloading: https://repo.maven.apache.org/maven2/org/codehaus/plexus/plexus-components/1.1.15/plexus-components-1.1.15.pom
3/3 KB      3/3 KB            Downloaded: https://repo.maven.apache.org/maven2/org/codehaus/plexus/plexus-components/1.1.15/plexus-components-1.1.15.pom (3 KB at 24.6 KB/sec)
Downloading: https://repo.maven.apache.org/maven2/org/codehaus/plexus/plexus/2.0.3/plexus-2.0.3.pom
3/16 KB   5/16 KB   8/16 KB   11/16 KB   13/16 KB   16/16 KB              Downloaded: https://repo.maven.apache.org/maven2/org/codehaus/plexus/plexus/2.0.3/plexus-2.0.3.pom (16 KB at 130.2 KB/sec)
Downloading: https://repo.maven.apache.org/maven2/org/apache/maven/reporting/maven-reporting-api/2.0.6/maven-reporting-api-2.0.6.jar
Downloading: https://repo.maven.apache.org/maven2/org/apache/maven/doxia/doxia-sink-api/1.0-alpha-7/doxia-sink-api-1.0-alpha-7.jar
Downloading: https://repo.maven.apache.org/maven2/commons-cli/commons-cli/1.0/commons-cli-1.0.jar
Downloading: https://repo.maven.apache.org/maven2/org/codehaus/plexus/plexus-interactivity-api/1.0-alpha-4/plexus-interactivity-api-1.0-alpha-4.jar
Downloading: https://repo.maven.apache.org/maven2/junit/junit/3.8.1/junit-3.8.1.jar
3/10 KB    5/10 KB   8/10 KB   10/10 KB              Downloaded: https://repo.maven.apache.org/maven2/org/apache/maven/reporting/maven-reporting-api/2.0.6/maven-reporting-api-2.0.6.jar (10 KB at 80.2 KB/sec)
Downloading: https://repo.maven.apache.org/maven2/org/codehaus/plexus/plexus-utils/2.0.5/plexus-utils-2.0.5.jar
3/218 KB   5/218 KB   8/218 KB   11/218 KB   13/218 KB   16/218 KB   19/218 KB   21/218 KB   24/218 KB   27/218 KB   29/218 KB   32/218 KB   32/218 KB   3/119 KB   32/218 KB   5/119 KB   32/218 KB   8/119 KB   32/218 KB   11/119 KB   36/218 KB   11/119 KB   40/218 KB   11/119 KB   44/218 KB   13/119 KB   48/218 KB   13/119 KB   40/218 KB   13/119 KB   48/218 KB   16/119 KB   48/218 KB   19/119 KB   48/218 KB   21/119 KB   52/218 KB   24/119 KB   3/6 KB   3/30 KB   52/218 KB   27/119 KB   3/6 KB   3/30 KB   52/218 KB   29/119 KB   3/6 KB   3/30 KB   52/218 KB   32/119 KB   52/218 KB   21/119 KB   3/6 KB   3/30 KB   52/218 KB   24/119 KB   3/30 KB   52/218 KB   24/119 KB   3/6 KB   5/30 KB   52/218 KB   32/119 KB   3/6 KB   8/30 KB   52/218 KB   32/119 KB   5/6 KB   11/30 KB   52/218 KB   3/14 KB   32/119 KB   5/6 KB   13/30 KB   52/218 KB   3/14 KB   32/119 KB   5/6 KB   8/30 KB   52/218 KB   3/14 KB   32/119 KB   6/6 KB   13/30 KB   52/218 KB   3/14 KB   32/119 KB   3/6 KB   8/30 KB   52/218 KB   3/14 KB   32/119 KB   6/6 KB   13/30 KB   52/218 KB   5/14 KB   32/119 KB   6/6 KB   16/30 KB   52/218 KB   8/14 KB   32/119 KB   6/6 KB   16/30 KB   52/218 KB   11/14 KB   32/119 KB   6/6 KB   16/30 KB   56/218 KB   13/14 KB   32/119 KB   6/6 KB   16/30 KB   52/218 KB   5/14 KB   32/119 KB   6/6 KB   19/30 KB   56/218 KB   13/14 KB   32/119 KB   6/6 KB   21/30 KB   56/218 KB   14/14 KB   32/119 KB   6/6 KB   24/30 KB   56/218 KB   14/14 KB   32/119 KB   6/6 KB   27/30 KB   56/218 KB   14/14 KB   32/119 KB   6/6 KB   29/30 KB   56/218 KB   14/14 KB   32/119 KB   6/6 KB   30/30 KB   56/218 KB   14/14 KB   36/119 KB   6/6 KB   16/30 KB   56/218 KB   11/14 KB   32/119 KB   6/6 KB   30/30 KB   60/218 KB   14/14 KB   36/119 KB   6/6 KB   30/30 KB   64/218 KB   14/14 KB   36/119 KB   6/6 KB   30/30 KB   68/218 KB   14/14 KB   36/119 KB   6/6 KB   30/30 KB   72/218 KB   14/14 KB   36/119 KB   6/6 KB   30/30 KB   76/218 KB   14/14 KB   36/119 KB   6/6 KB   30/30 KB   80/218 KB   14/14 KB   36/119 KB   6/6 KB   30/30 KB   84/218 KB   14/14 KB   36/119 KB   6/6 KB   29/30 KB   56/218 KB   14/14 KB   36/119 KB   6/6 KB   30/30 KB   84/218 KB   14/14 KB   40/119 KB   6/6 KB   19/30 KB   56/218 KB   14/14 KB   32/119 KB   6/6 KB   30/30 KB   84/218 KB   14/14 KB   44/119 KB   6/6 KB   30/30 KB   88/218 KB   14/14 KB   48/119 KB   6/6 KB   30/30 KB   88/218 KB   14/14 KB   44/119 KB   6/6 KB   30/30 KB   92/218 KB   14/14 KB   48/119 KB   6/6 KB   30/30 KB   96/218 KB   14/14 KB   52/119 KB   6/6 KB   30/30 KB   100/218 KB   14/14 KB   52/119 KB   6/6 KB   30/30 KB   104/218 KB   14/14 KB   52/119 KB   6/6 KB   30/30 KB   108/218 KB   14/14 KB   52/119 KB   6/6 KB   30/30 KB   112/218 KB   14/14 KB   52/119 KB   6/6 KB   30/30 KB   116/218 KB   14/14 KB   52/119 KB   6/6 KB   30/30 KB   92/218 KB   14/14 KB   52/119 KB   6/6 KB   30/30 KB   116/218 KB   14/14 KB   56/119 KB   6/6 KB   30/30 KB   116/218 KB   14/14 KB   60/119 KB   6/6 KB   30/30 KB   116/218 KB   14/14 KB   64/119 KB   6/6 KB   30/30 KB   116/218 KB   14/14 KB   68/119 KB   6/6 KB   30/30 KB   116/218 KB   14/14 KB   72/119 KB   6/6 KB   30/30 KB   116/218 KB   14/14 KB   76/119 KB   6/6 KB   30/30 KB   116/218 KB   14/14 KB   80/119 KB   6/6 KB   30/30 KB   120/218 KB   14/14 KB   80/119 KB   6/6 KB   30/30 KB   124/218 KB   14/14 KB   84/119 KB   6/6 KB   30/30 KB   128/218 KB   14/14 KB   84/119 KB   6/6 KB   30/30 KB   132/218 KB   14/14 KB   84/119 KB   6/6 KB   30/30 KB   136/218 KB   14/14 KB   84/119 KB   6/6 KB   30/30 KB   140/218 KB   14/14 KB   84/119 KB   6/6 KB   30/30 KB   144/218 KB   14/14 KB   84/119 KB   6/6 KB   30/30 KB   120/218 KB   14/14 KB   84/119 KB   6/6 KB   30/30 KB   148/218 KB   14/14 KB   88/119 KB   6/6 KB   30/30 KB   148/218 KB   14/14 KB   92/119 KB   6/6 KB   30/30 KB   148/218 KB   14/14 KB   96/119 KB   6/6 KB   30/30 KB   148/218 KB   14/14 KB   100/119 KB   6/6 KB   30/30 KB   148/218 KB   14/14 KB   104/119 KB   6/6 KB   30/30 KB   148/218 KB   14/14 KB   108/119 KB   6/6 KB   30/30 KB   148/218 KB   14/14 KB   112/119 KB   6/6 KB   30/30 KB   148/218 KB   14/14 KB   116/119 KB   6/6 KB   30/30 KB   148/218 KB   14/14 KB   119/119 KB   6/6 KB   30/30 KB   148/218 KB   14/14 KB   84/119 KB   6/6 KB   30/30 KB   152/218 KB   14/14 KB   119/119 KB   6/6 KB   30/30 KB   156/218 KB   14/14 KB   119/119 KB                                                            Downloaded: https://repo.maven.apache.org/maven2/org/apache/maven/doxia/doxia-sink-api/1.0-alpha-7/doxia-sink-api-1.0-alpha-7.jar (6 KB at 20.6 KB/sec)
Downloading: https://repo.maven.apache.org/maven2/org/apache/maven/shared/maven-filtering/1.1/maven-filtering-1.1.jar
30/30 KB   160/218 KB   14/14 KB   119/119 KB            30/30 KB   164/218 KB   14/14 KB   119/119 KB   30/30 KB   168/218 KB   14/14 KB   119/119 KB   30/30 KB   172/218 KB   14/14 KB   119/119 KB   30/30 KB   176/218 KB   14/14 KB   119/119 KB   30/30 KB   180/218 KB   14/14 KB   119/119 KB   30/30 KB   184/218 KB   14/14 KB   119/119 KB   30/30 KB   188/218 KB   14/14 KB   119/119 KB   30/30 KB   192/218 KB   14/14 KB   119/119 KB   30/30 KB   196/218 KB   14/14 KB   119/119 KB   30/30 KB   200/218 KB   14/14 KB   119/119 KB   30/30 KB   204/218 KB   14/14 KB   119/119 KB   30/30 KB   208/218 KB   14/14 KB   119/119 KB   30/30 KB   212/218 KB   14/14 KB   119/119 KB   30/30 KB   216/218 KB   14/14 KB   119/119 KB   30/30 KB   218/218 KB   14/14 KB   119/119 KB                                                   Downloaded: https://repo.maven.apache.org/maven2/org/codehaus/plexus/plexus-interactivity-api/1.0-alpha-4/plexus-interactivity-api-1.0-alpha-4.jar (14 KB at 44.2 KB/sec)
Downloading: https://repo.maven.apache.org/maven2/org/sonatype/plexus/plexus-build-api/0.0.4/plexus-build-api-0.0.4.jar
                                                Downloaded: https://repo.maven.apache.org/maven2/commons-cli/commons-cli/1.0/commons-cli-1.0.jar (30 KB at 96.1 KB/sec)
Downloading: https://repo.maven.apache.org/maven2/org/codehaus/plexus/plexus-interpolation/1.13/plexus-interpolation-1.13.jar
3/43 KB   218/218 KB   119/119 KB               5/43 KB   218/218 KB   119/119 KB   8/43 KB   218/218 KB   119/119 KB   11/43 KB   218/218 KB                                       Downloaded: https://repo.maven.apache.org/maven2/junit/junit/3.8.1/junit-3.8.1.jar (119 KB at 352.9 KB/sec)
13/43 KB   218/218 KB   16/43 KB   218/218 KB   19/43 KB   218/218 KB   21/43 KB   218/218 KB   24/43 KB   218/218 KB   27/43 KB   218/218 KB   29/43 KB   218/218 KB                           Downloaded: https://repo.maven.apache.org/maven2/org/codehaus/plexus/plexus-utils/2.0.5/plexus-utils-2.0.5.jar (218 KB at 629.9 KB/sec)
32/43 KB                36/43 KB   40/43 KB   43/43 KB   43/43 KB   3/7 KB   43/43 KB   5/7 KB   43/43 KB   7/7 KB   43/43 KB   7/7 KB   3/60 KB   43/43 KB   7/7 KB   5/60 KB   43/43 KB   7/7 KB   8/60 KB   43/43 KB   7/7 KB   11/60 KB   43/43 KB   7/7 KB   13/60 KB   43/43 KB   7/7 KB   16/60 KB   43/43 KB   7/7 KB   19/60 KB   43/43 KB   7/7 KB   21/60 KB   43/43 KB   7/7 KB   24/60 KB   43/43 KB   7/7 KB   27/60 KB   43/43 KB   7/7 KB   29/60 KB   43/43 KB   7/7 KB   32/60 KB   43/43 KB   7/7 KB   36/60 KB   43/43 KB   7/7 KB   40/60 KB   43/43 KB   7/7 KB   44/60 KB   43/43 KB   7/7 KB   48/60 KB   43/43 KB   7/7 KB   52/60 KB   43/43 KB   7/7 KB   56/60 KB   43/43 KB   7/7 KB   60/60 KB   43/43 KB   7/7 KB   60/60 KB                                  Downloaded: https://repo.maven.apache.org/maven2/org/apache/maven/shared/maven-filtering/1.1/maven-filtering-1.1.jar (43 KB at 105.0 KB/sec)
                               Downloaded: https://repo.maven.apache.org/maven2/org/sonatype/plexus/plexus-build-api/0.0.4/plexus-build-api-0.0.4.jar (7 KB at 16.3 KB/sec)
                               Downloaded: https://repo.maven.apache.org/maven2/org/codehaus/plexus/plexus-interpolation/1.13/plexus-interpolation-1.13.jar (60 KB at 134.6 KB/sec)
[WARNING] Using platform encoding (UTF-8 actually) to copy filtered resources, i.e. build is platform dependent!
[INFO] skip non existing resourceDirectory /home/travis/build/pedrovgs/Algorithms/src/main/resources
[INFO] 
[INFO] --- maven-compiler-plugin:3.1:compile (default-compile) @ algorithms ---
Downloading: https://repo.maven.apache.org/maven2/org/apache/maven/maven-plugin-api/2.0.9/maven-plugin-api-2.0.9.pom
2/2 KB                                  Downloaded: https://repo.maven.apache.org/maven2/org/apache/maven/maven-plugin-api/2.0.9/maven-plugin-api-2.0.9.pom (2 KB at 12.2 KB/sec)
Downloading: https://repo.maven.apache.org/maven2/org/apache/maven/maven/2.0.9/maven-2.0.9.pom
3/19 KB   5/19 KB   8/19 KB   11/19 KB   13/19 KB   16/19 KB   19/19 KB   19/19 KB              Downloaded: https://repo.maven.apache.org/maven2/org/apache/maven/maven/2.0.9/maven-2.0.9.pom (19 KB at 148.9 KB/sec)
Downloading: https://repo.maven.apache.org/maven2/org/apache/maven/maven-parent/8/maven-parent-8.pom
3/24 KB    5/24 KB   8/24 KB   11/24 KB   13/24 KB   16/24 KB   19/24 KB   21/24 KB   24/24 KB   24/24 KB              Downloaded: https://repo.maven.apache.org/maven2/org/apache/maven/maven-parent/8/maven-parent-8.pom (24 KB at 188.5 KB/sec)
Downloading: https://repo.maven.apache.org/maven2/org/apache/apache/4/apache-4.pom
3/5 KB     5/5 KB            Downloaded: https://repo.maven.apache.org/maven2/org/apache/apache/4/apache-4.pom (5 KB at 39.5 KB/sec)
Downloading: https://repo.maven.apache.org/maven2/org/apache/maven/maven-artifact/2.0.9/maven-artifact-2.0.9.pom
2/2 KB            Downloaded: https://repo.maven.apache.org/maven2/org/apache/maven/maven-artifact/2.0.9/maven-artifact-2.0.9.pom (2 KB at 14.6 KB/sec)
Downloading: https://repo.maven.apache.org/maven2/org/codehaus/plexus/plexus-utils/1.5.1/plexus-utils-1.5.1.pom
3/3 KB   3/3 KB            Downloaded: https://repo.maven.apache.org/maven2/org/codehaus/plexus/plexus-utils/1.5.1/plexus-utils-1.5.1.pom (3 KB at 20.2 KB/sec)
Downloading: https://repo.maven.apache.org/maven2/org/apache/maven/maven-core/2.0.9/maven-core-2.0.9.pom
3/8 KB   5/8 KB   8/8 KB   8/8 KB            Downloaded: https://repo.maven.apache.org/maven2/org/apache/maven/maven-core/2.0.9/maven-core-2.0.9.pom (8 KB at 66.1 KB/sec)
Downloading: https://repo.maven.apache.org/maven2/org/apache/maven/maven-settings/2.0.9/maven-settings-2.0.9.pom
3/3 KB            Downloaded: https://repo.maven.apache.org/maven2/org/apache/maven/maven-settings/2.0.9/maven-settings-2.0.9.pom (3 KB at 18.6 KB/sec)
Downloading: https://repo.maven.apache.org/maven2/org/apache/maven/maven-model/2.0.9/maven-model-2.0.9.pom
3/4 KB   4/4 KB            Downloaded: https://repo.maven.apache.org/maven2/org/apache/maven/maven-model/2.0.9/maven-model-2.0.9.pom (4 KB at 25.6 KB/sec)
Downloading: https://repo.maven.apache.org/maven2/org/apache/maven/maven-plugin-parameter-documenter/2.0.9/maven-plugin-parameter-documenter-2.0.9.pom
2/2 KB            Downloaded: https://repo.maven.apache.org/maven2/org/apache/maven/maven-plugin-parameter-documenter/2.0.9/maven-plugin-parameter-documenter-2.0.9.pom (2 KB at 18.4 KB/sec)
Downloading: https://repo.maven.apache.org/maven2/org/apache/maven/maven-profile/2.0.9/maven-profile-2.0.9.pom
3/3 KB            Downloaded: https://repo.maven.apache.org/maven2/org/apache/maven/maven-profile/2.0.9/maven-profile-2.0.9.pom (3 KB at 18.5 KB/sec)
Downloading: https://repo.maven.apache.org/maven2/org/apache/maven/maven-repository-metadata/2.0.9/maven-repository-metadata-2.0.9.pom
2/2 KB            Downloaded: https://repo.maven.apache.org/maven2/org/apache/maven/maven-repository-metadata/2.0.9/maven-repository-metadata-2.0.9.pom (2 KB at 15.9 KB/sec)
Downloading: https://repo.maven.apache.org/maven2/org/apache/maven/maven-error-diagnostics/2.0.9/maven-error-diagnostics-2.0.9.pom
2/2 KB            Downloaded: https://repo.maven.apache.org/maven2/org/apache/maven/maven-error-diagnostics/2.0.9/maven-error-diagnostics-2.0.9.pom (2 KB at 14.7 KB/sec)
Downloading: https://repo.maven.apache.org/maven2/org/apache/maven/maven-project/2.0.9/maven-project-2.0.9.pom
3/3 KB   3/3 KB            Downloaded: https://repo.maven.apache.org/maven2/org/apache/maven/maven-project/2.0.9/maven-project-2.0.9.pom (3 KB at 22.2 KB/sec)
Downloading: https://repo.maven.apache.org/maven2/org/apache/maven/maven-artifact-manager/2.0.9/maven-artifact-manager-2.0.9.pom
3/3 KB   3/3 KB            Downloaded: https://repo.maven.apache.org/maven2/org/apache/maven/maven-artifact-manager/2.0.9/maven-artifact-manager-2.0.9.pom (3 KB at 20.8 KB/sec)
Downloading: https://repo.maven.apache.org/maven2/org/apache/maven/maven-plugin-registry/2.0.9/maven-plugin-registry-2.0.9.pom
2/2 KB            Downloaded: https://repo.maven.apache.org/maven2/org/apache/maven/maven-plugin-registry/2.0.9/maven-plugin-registry-2.0.9.pom (2 KB at 16.5 KB/sec)
Downloading: https://repo.maven.apache.org/maven2/org/apache/maven/maven-plugin-descriptor/2.0.9/maven-plugin-descriptor-2.0.9.pom
3/3 KB            Downloaded: https://repo.maven.apache.org/maven2/org/apache/maven/maven-plugin-descriptor/2.0.9/maven-plugin-descriptor-2.0.9.pom (3 KB at 18.8 KB/sec)
Downloading: https://repo.maven.apache.org/maven2/org/apache/maven/maven-monitor/2.0.9/maven-monitor-2.0.9.pom
2/2 KB            Downloaded: https://repo.maven.apache.org/maven2/org/apache/maven/maven-monitor/2.0.9/maven-monitor-2.0.9.pom (2 KB at 10.9 KB/sec)
Downloading: https://repo.maven.apache.org/maven2/org/apache/maven/maven-toolchain/1.0/maven-toolchain-1.0.pom
3/4 KB   4/4 KB            Downloaded: https://repo.maven.apache.org/maven2/org/apache/maven/maven-toolchain/1.0/maven-toolchain-1.0.pom (4 KB at 27.1 KB/sec)
Downloading: https://repo.maven.apache.org/maven2/org/apache/maven/shared/maven-shared-utils/0.1/maven-shared-utils-0.1.pom
3/4 KB   4/4 KB            Downloaded: https://repo.maven.apache.org/maven2/org/apache/maven/shared/maven-shared-utils/0.1/maven-shared-utils-0.1.pom (4 KB at 36.6 KB/sec)
Downloading: https://repo.maven.apache.org/maven2/org/apache/maven/shared/maven-shared-components/18/maven-shared-components-18.pom
3/5 KB   5/5 KB   5/5 KB            Downloaded: https://repo.maven.apache.org/maven2/org/apache/maven/shared/maven-shared-components/18/maven-shared-components-18.pom (5 KB at 44.2 KB/sec)
Downloading: https://repo.maven.apache.org/maven2/com/google/code/findbugs/jsr305/2.0.1/jsr305-2.0.1.pom
965/965 B               Downloaded: https://repo.maven.apache.org/maven2/com/google/code/findbugs/jsr305/2.0.1/jsr305-2.0.1.pom (965 B at 8.0 KB/sec)
Downloading: https://repo.maven.apache.org/maven2/org/apache/maven/shared/maven-shared-incremental/1.1/maven-shared-incremental-1.1.pom
3/5 KB      5/5 KB            Downloaded: https://repo.maven.apache.org/maven2/org/apache/maven/shared/maven-shared-incremental/1.1/maven-shared-incremental-1.1.pom (5 KB at 42.5 KB/sec)
Downloading: https://repo.maven.apache.org/maven2/org/apache/maven/shared/maven-shared-components/19/maven-shared-components-19.pom
3/7 KB   5/7 KB   7/7 KB            Downloaded: https://repo.maven.apache.org/maven2/org/apache/maven/shared/maven-shared-components/19/maven-shared-components-19.pom (7 KB at 56.5 KB/sec)
Downloading: https://repo.maven.apache.org/maven2/org/apache/maven/maven-plugin-api/2.2.1/maven-plugin-api-2.2.1.pom
2/2 KB            Downloaded: https://repo.maven.apache.org/maven2/org/apache/maven/maven-plugin-api/2.2.1/maven-plugin-api-2.2.1.pom (2 KB at 13.7 KB/sec)
Downloading: https://repo.maven.apache.org/maven2/org/apache/maven/maven/2.2.1/maven-2.2.1.pom
3/22 KB   5/22 KB   8/22 KB   11/22 KB   13/22 KB   16/22 KB   19/22 KB   21/22 KB   22/22 KB              Downloaded: https://repo.maven.apache.org/maven2/org/apache/maven/maven/2.2.1/maven-2.2.1.pom (22 KB at 183.9 KB/sec)
Downloading: https://repo.maven.apache.org/maven2/org/apache/maven/maven-parent/11/maven-parent-11.pom
3/32 KB    5/32 KB   8/32 KB   11/32 KB   13/32 KB   16/32 KB   19/32 KB   21/32 KB   24/32 KB   27/32 KB   29/32 KB   32/32 KB   32/32 KB              Downloaded: https://repo.maven.apache.org/maven2/org/apache/maven/maven-parent/11/maven-parent-11.pom (32 KB at 263.7 KB/sec)
Downloading: https://repo.maven.apache.org/maven2/org/apache/apache/5/apache-5.pom
3/5 KB     5/5 KB            Downloaded: https://repo.maven.apache.org/maven2/org/apache/apache/5/apache-5.pom (5 KB at 36.0 KB/sec)
Downloading: https://repo.maven.apache.org/maven2/org/apache/maven/maven-core/2.2.1/maven-core-2.2.1.pom
3/12 KB   5/12 KB   8/12 KB   11/12 KB   12/12 KB              Downloaded: https://repo.maven.apache.org/maven2/org/apache/maven/maven-core/2.2.1/maven-core-2.2.1.pom (12 KB at 106.2 KB/sec)
Downloading: https://repo.maven.apache.org/maven2/org/apache/maven/maven-settings/2.2.1/maven-settings-2.2.1.pom
3/3 KB              Downloaded: https://repo.maven.apache.org/maven2/org/apache/maven/maven-settings/2.2.1/maven-settings-2.2.1.pom (3 KB at 19.5 KB/sec)
Downloading: https://repo.maven.apache.org/maven2/org/apache/maven/maven-model/2.2.1/maven-model-2.2.1.pom
3/4 KB   4/4 KB            Downloaded: https://repo.maven.apache.org/maven2/org/apache/maven/maven-model/2.2.1/maven-model-2.2.1.pom (4 KB at 28.3 KB/sec)
Downloading: https://repo.maven.apache.org/maven2/org/codehaus/plexus/plexus-interpolation/1.11/plexus-interpolation-1.11.pom
889/889 B               Downloaded: https://repo.maven.apache.org/maven2/org/codehaus/plexus/plexus-interpolation/1.11/plexus-interpolation-1.11.pom (889 B at 8.0 KB/sec)
Downloading: https://repo.maven.apache.org/maven2/org/apache/maven/maven-plugin-parameter-documenter/2.2.1/maven-plugin-parameter-documenter-2.2.1.pom
2/2 KB               Downloaded: https://repo.maven.apache.org/maven2/org/apache/maven/maven-plugin-parameter-documenter/2.2.1/maven-plugin-parameter-documenter-2.2.1.pom (2 KB at 18.0 KB/sec)
Downloading: https://repo.maven.apache.org/maven2/org/slf4j/slf4j-jdk14/1.5.6/slf4j-jdk14-1.5.6.pom
2/2 KB            Downloaded: https://repo.maven.apache.org/maven2/org/slf4j/slf4j-jdk14/1.5.6/slf4j-jdk14-1.5.6.pom (2 KB at 16.4 KB/sec)
Downloading: https://repo.maven.apache.org/maven2/org/slf4j/slf4j-parent/1.5.6/slf4j-parent-1.5.6.pom
3/8 KB   5/8 KB   8/8 KB   8/8 KB            Downloaded: https://repo.maven.apache.org/maven2/org/slf4j/slf4j-parent/1.5.6/slf4j-parent-1.5.6.pom (8 KB at 67.3 KB/sec)
Downloading: https://repo.maven.apache.org/maven2/org/slf4j/slf4j-api/1.5.6/slf4j-api-1.5.6.pom
3/3 KB   3/3 KB            Downloaded: https://repo.maven.apache.org/maven2/org/slf4j/slf4j-api/1.5.6/slf4j-api-1.5.6.pom (3 KB at 24.1 KB/sec)
Downloading: https://repo.maven.apache.org/maven2/org/slf4j/jcl-over-slf4j/1.5.6/jcl-over-slf4j-1.5.6.pom
3/3 KB   3/3 KB            Downloaded: https://repo.maven.apache.org/maven2/org/slf4j/jcl-over-slf4j/1.5.6/jcl-over-slf4j-1.5.6.pom (3 KB at 20.0 KB/sec)
Downloading: https://repo.maven.apache.org/maven2/org/apache/maven/maven-profile/2.2.1/maven-profile-2.2.1.pom
3/3 KB   3/3 KB            Downloaded: https://repo.maven.apache.org/maven2/org/apache/maven/maven-profile/2.2.1/maven-profile-2.2.1.pom (3 KB at 19.5 KB/sec)
Downloading: https://repo.maven.apache.org/maven2/org/apache/maven/maven-artifact/2.2.1/maven-artifact-2.2.1.pom
2/2 KB            Downloaded: https://repo.maven.apache.org/maven2/org/apache/maven/maven-artifact/2.2.1/maven-artifact-2.2.1.pom (2 KB at 14.7 KB/sec)
Downloading: https://repo.maven.apache.org/maven2/org/apache/maven/maven-repository-metadata/2.2.1/maven-repository-metadata-2.2.1.pom
2/2 KB            Downloaded: https://repo.maven.apache.org/maven2/org/apache/maven/maven-repository-metadata/2.2.1/maven-repository-metadata-2.2.1.pom (2 KB at 15.9 KB/sec)
Downloading: https://repo.maven.apache.org/maven2/org/apache/maven/maven-error-diagnostics/2.2.1/maven-error-diagnostics-2.2.1.pom
2/2 KB            Downloaded: https://repo.maven.apache.org/maven2/org/apache/maven/maven-error-diagnostics/2.2.1/maven-error-diagnostics-2.2.1.pom (2 KB at 15.4 KB/sec)
Downloading: https://repo.maven.apache.org/maven2/org/apache/maven/maven-project/2.2.1/maven-project-2.2.1.pom
3/3 KB   3/3 KB            Downloaded: https://repo.maven.apache.org/maven2/org/apache/maven/maven-project/2.2.1/maven-project-2.2.1.pom (3 KB at 25.3 KB/sec)
Downloading: https://repo.maven.apache.org/maven2/org/apache/maven/maven-artifact-manager/2.2.1/maven-artifact-manager-2.2.1.pom
3/4 KB   4/4 KB            Downloaded: https://repo.maven.apache.org/maven2/org/apache/maven/maven-artifact-manager/2.2.1/maven-artifact-manager-2.2.1.pom (4 KB at 26.4 KB/sec)
Downloading: https://repo.maven.apache.org/maven2/backport-util-concurrent/backport-util-concurrent/3.1/backport-util-concurrent-3.1.pom
880/880 B               Downloaded: https://repo.maven.apache.org/maven2/backport-util-concurrent/backport-util-concurrent/3.1/backport-util-concurrent-3.1.pom (880 B at 7.9 KB/sec)
Downloading: https://repo.maven.apache.org/maven2/org/apache/maven/maven-plugin-registry/2.2.1/maven-plugin-registry-2.2.1.pom
2/2 KB               Downloaded: https://repo.maven.apache.org/maven2/org/apache/maven/maven-plugin-registry/2.2.1/maven-plugin-registry-2.2.1.pom (2 KB at 16.0 KB/sec)
Downloading: https://repo.maven.apache.org/maven2/org/apache/maven/maven-plugin-descriptor/2.2.1/maven-plugin-descriptor-2.2.1.pom
3/3 KB            Downloaded: https://repo.maven.apache.org/maven2/org/apache/maven/maven-plugin-descriptor/2.2.1/maven-plugin-descriptor-2.2.1.pom (3 KB at 16.4 KB/sec)
Downloading: https://repo.maven.apache.org/maven2/org/apache/maven/maven-monitor/2.2.1/maven-monitor-2.2.1.pom
2/2 KB            Downloaded: https://repo.maven.apache.org/maven2/org/apache/maven/maven-monitor/2.2.1/maven-monitor-2.2.1.pom (2 KB at 10.5 KB/sec)
Downloading: https://repo.maven.apache.org/maven2/org/sonatype/plexus/plexus-sec-dispatcher/1.3/plexus-sec-dispatcher-1.3.pom
3/3 KB   3/3 KB            Downloaded: https://repo.maven.apache.org/maven2/org/sonatype/plexus/plexus-sec-dispatcher/1.3/plexus-sec-dispatcher-1.3.pom (3 KB at 26.5 KB/sec)
Downloading: https://repo.maven.apache.org/maven2/org/sonatype/spice/spice-parent/12/spice-parent-12.pom
3/7 KB   5/7 KB   7/7 KB            Downloaded: https://repo.maven.apache.org/maven2/org/sonatype/spice/spice-parent/12/spice-parent-12.pom (7 KB at 57.7 KB/sec)
Downloading: https://repo.maven.apache.org/maven2/org/sonatype/forge/forge-parent/4/forge-parent-4.pom
3/9 KB   5/9 KB   8/9 KB   9/9 KB            Downloaded: https://repo.maven.apache.org/maven2/org/sonatype/forge/forge-parent/4/forge-parent-4.pom (9 KB at 65.1 KB/sec)
Downloading: https://repo.maven.apache.org/maven2/org/codehaus/plexus/plexus-utils/1.5.5/plexus-utils-1.5.5.pom
3/6 KB   5/6 KB   6/6 KB            Downloaded: https://repo.maven.apache.org/maven2/org/codehaus/plexus/plexus-utils/1.5.5/plexus-utils-1.5.5.pom (6 KB at 47.0 KB/sec)
Downloading: https://repo.maven.apache.org/maven2/org/sonatype/plexus/plexus-cipher/1.4/plexus-cipher-1.4.pom
3/3 KB            Downloaded: https://repo.maven.apache.org/maven2/org/sonatype/plexus/plexus-cipher/1.4/plexus-cipher-1.4.pom (3 KB at 17.8 KB/sec)
Downloading: https://repo.maven.apache.org/maven2/org/codehaus/plexus/plexus-component-annotations/1.5.5/plexus-component-annotations-1.5.5.pom
815/815 B               Downloaded: https://repo.maven.apache.org/maven2/org/codehaus/plexus/plexus-component-annotations/1.5.5/plexus-component-annotations-1.5.5.pom (815 B at 7.5 KB/sec)
Downloading: https://repo.maven.apache.org/maven2/org/codehaus/plexus/plexus-containers/1.5.5/plexus-containers-1.5.5.pom
3/5 KB      5/5 KB            Downloaded: https://repo.maven.apache.org/maven2/org/codehaus/plexus/plexus-containers/1.5.5/plexus-containers-1.5.5.pom (5 KB at 37.3 KB/sec)
Downloading: https://repo.maven.apache.org/maven2/org/codehaus/plexus/plexus/2.0.7/plexus-2.0.7.pom
3/17 KB   5/17 KB   8/17 KB   11/17 KB   13/17 KB   16/17 KB   17/17 KB              Downloaded: https://repo.maven.apache.org/maven2/org/codehaus/plexus/plexus/2.0.7/plexus-2.0.7.pom (17 KB at 143.1 KB/sec)
Downloading: https://repo.maven.apache.org/maven2/org/codehaus/plexus/plexus-compiler-api/2.2/plexus-compiler-api-2.2.pom
865/865 B               Downloaded: https://repo.maven.apache.org/maven2/org/codehaus/plexus/plexus-compiler-api/2.2/plexus-compiler-api-2.2.pom (865 B at 6.9 KB/sec)
Downloading: https://repo.maven.apache.org/maven2/org/codehaus/plexus/plexus-compiler/2.2/plexus-compiler-2.2.pom
3/4 KB      4/4 KB            Downloaded: https://repo.maven.apache.org/maven2/org/codehaus/plexus/plexus-compiler/2.2/plexus-compiler-2.2.pom (4 KB at 30.4 KB/sec)
Downloading: https://repo.maven.apache.org/maven2/org/codehaus/plexus/plexus-components/1.3.1/plexus-components-1.3.1.pom
3/3 KB   3/3 KB            Downloaded: https://repo.maven.apache.org/maven2/org/codehaus/plexus/plexus-components/1.3.1/plexus-components-1.3.1.pom (3 KB at 24.9 KB/sec)
Downloading: https://repo.maven.apache.org/maven2/org/codehaus/plexus/plexus/3.3.1/plexus-3.3.1.pom
3/20 KB   5/20 KB   8/20 KB   11/20 KB   13/20 KB   16/20 KB   19/20 KB   20/20 KB              Downloaded: https://repo.maven.apache.org/maven2/org/codehaus/plexus/plexus/3.3.1/plexus-3.3.1.pom (20 KB at 163.7 KB/sec)
Downloading: https://repo.maven.apache.org/maven2/org/sonatype/spice/spice-parent/17/spice-parent-17.pom
3/7 KB     5/7 KB   7/7 KB            Downloaded: https://repo.maven.apache.org/maven2/org/sonatype/spice/spice-parent/17/spice-parent-17.pom (7 KB at 58.4 KB/sec)
Downloading: https://repo.maven.apache.org/maven2/org/sonatype/forge/forge-parent/10/forge-parent-10.pom
3/14 KB   5/14 KB   8/14 KB   11/14 KB   13/14 KB   14/14 KB              Downloaded: https://repo.maven.apache.org/maven2/org/sonatype/forge/forge-parent/10/forge-parent-10.pom (14 KB at 113.2 KB/sec)
Downloading: https://repo.maven.apache.org/maven2/org/codehaus/plexus/plexus-utils/3.0.8/plexus-utils-3.0.8.pom
3/4 KB     4/4 KB            Downloaded: https://repo.maven.apache.org/maven2/org/codehaus/plexus/plexus-utils/3.0.8/plexus-utils-3.0.8.pom (4 KB at 26.9 KB/sec)
Downloading: https://repo.maven.apache.org/maven2/org/codehaus/plexus/plexus/3.2/plexus-3.2.pom
3/19 KB   5/19 KB   8/19 KB   11/19 KB   13/19 KB   16/19 KB   19/19 KB   19/19 KB              Downloaded: https://repo.maven.apache.org/maven2/org/codehaus/plexus/plexus/3.2/plexus-3.2.pom (19 KB at 155.1 KB/sec)
Downloading: https://repo.maven.apache.org/maven2/org/codehaus/plexus/plexus-compiler-manager/2.2/plexus-compiler-manager-2.2.pom
690/690 B               Downloaded: https://repo.maven.apache.org/maven2/org/codehaus/plexus/plexus-compiler-manager/2.2/plexus-compiler-manager-2.2.pom (690 B at 6.0 KB/sec)
Downloading: https://repo.maven.apache.org/maven2/org/codehaus/plexus/plexus-compiler-javac/2.2/plexus-compiler-javac-2.2.pom
769/769 B               Downloaded: https://repo.maven.apache.org/maven2/org/codehaus/plexus/plexus-compiler-javac/2.2/plexus-compiler-javac-2.2.pom (769 B at 6.6 KB/sec)
Downloading: https://repo.maven.apache.org/maven2/org/codehaus/plexus/plexus-compilers/2.2/plexus-compilers-2.2.pom
2/2 KB               Downloaded: https://repo.maven.apache.org/maven2/org/codehaus/plexus/plexus-compilers/2.2/plexus-compilers-2.2.pom (2 KB at 10.9 KB/sec)
Downloading: https://repo.maven.apache.org/maven2/org/codehaus/plexus/plexus-container-default/1.5.5/plexus-container-default-1.5.5.pom
3/3 KB   3/3 KB            Downloaded: https://repo.maven.apache.org/maven2/org/codehaus/plexus/plexus-container-default/1.5.5/plexus-container-default-1.5.5.pom (3 KB at 25.9 KB/sec)
Downloading: https://repo.maven.apache.org/maven2/org/codehaus/plexus/plexus-utils/1.4.5/plexus-utils-1.4.5.pom
3/3 KB   3/3 KB            Downloaded: https://repo.maven.apache.org/maven2/org/codehaus/plexus/plexus-utils/1.4.5/plexus-utils-1.4.5.pom (3 KB at 19.7 KB/sec)
Downloading: https://repo.maven.apache.org/maven2/org/codehaus/plexus/plexus-classworlds/2.2.2/plexus-classworlds-2.2.2.pom
3/4 KB   4/4 KB            Downloaded: https://repo.maven.apache.org/maven2/org/codehaus/plexus/plexus-classworlds/2.2.2/plexus-classworlds-2.2.2.pom (4 KB at 31.3 KB/sec)
Downloading: https://repo.maven.apache.org/maven2/org/apache/xbean/xbean-reflect/3.4/xbean-reflect-3.4.pom
3/3 KB   3/3 KB            Downloaded: https://repo.maven.apache.org/maven2/org/apache/xbean/xbean-reflect/3.4/xbean-reflect-3.4.pom (3 KB at 19.5 KB/sec)
Downloading: https://repo.maven.apache.org/maven2/org/apache/xbean/xbean/3.4/xbean-3.4.pom
3/19 KB   5/19 KB   8/19 KB   11/19 KB   13/19 KB   16/19 KB   19/19 KB   19/19 KB              Downloaded: https://repo.maven.apache.org/maven2/org/apache/xbean/xbean/3.4/xbean-3.4.pom (19 KB at 152.1 KB/sec)
Downloading: https://repo.maven.apache.org/maven2/log4j/log4j/1.2.12/log4j-1.2.12.pom
145/145 B               Downloaded: https://repo.maven.apache.org/maven2/log4j/log4j/1.2.12/log4j-1.2.12.pom (145 B at 1.2 KB/sec)
Downloading: https://repo.maven.apache.org/maven2/commons-logging/commons-logging-api/1.1/commons-logging-api-1.1.pom
3/6 KB      5/6 KB   6/6 KB            Downloaded: https://repo.maven.apache.org/maven2/commons-logging/commons-logging-api/1.1/commons-logging-api-1.1.pom (6 KB at 43.2 KB/sec)
Downloading: https://repo.maven.apache.org/maven2/com/google/collections/google-collections/1.0/google-collections-1.0.pom
3/3 KB   3/3 KB            Downloaded: https://repo.maven.apache.org/maven2/com/google/collections/google-collections/1.0/google-collections-1.0.pom (3 KB at 20.9 KB/sec)
Downloading: https://repo.maven.apache.org/maven2/com/google/google/1/google-1.pom
2/2 KB            Downloaded: https://repo.maven.apache.org/maven2/com/google/google/1/google-1.pom (2 KB at 13.8 KB/sec)
Downloading: https://repo.maven.apache.org/maven2/junit/junit/3.8.2/junit-3.8.2.pom
747/747 B               Downloaded: https://repo.maven.apache.org/maven2/junit/junit/3.8.2/junit-3.8.2.pom (747 B at 6.5 KB/sec)
Downloading: https://repo.maven.apache.org/maven2/org/codehaus/plexus/plexus-utils/1.5.1/plexus-utils-1.5.1.jar
Downloading: https://repo.maven.apache.org/maven2/org/apache/maven/shared/maven-shared-utils/0.1/maven-shared-utils-0.1.jar
Downloading: https://repo.maven.apache.org/maven2/com/google/code/findbugs/jsr305/2.0.1/jsr305-2.0.1.jar
Downloading: https://repo.maven.apache.org/maven2/org/apache/maven/shared/maven-shared-incremental/1.1/maven-shared-incremental-1.1.jar
Downloading: https://repo.maven.apache.org/maven2/org/codehaus/plexus/plexus-component-annotations/1.5.5/plexus-component-annotations-1.5.5.jar
3/32 KB     3/32 KB   3/151 KB   3/32 KB   5/151 KB   3/206 KB   5/32 KB   3/14 KB   5/151 KB   3/206 KB   5/32 KB   5/14 KB   8/151 KB   3/206 KB   5/32 KB   5/151 KB   3/206 KB   8/32 KB   5/14 KB   8/151 KB   3/206 KB   3/32 KB   5/151 KB   5/206 KB   11/32 KB   5/14 KB   8/151 KB   8/206 KB   11/32 KB   5/14 KB   8/151 KB   11/206 KB   11/32 KB   5/14 KB   8/151 KB   13/206 KB   11/32 KB   5/14 KB   8/151 KB   16/206 KB   11/32 KB   5/14 KB   8/151 KB   3/206 KB   5/32 KB   3/14 KB   8/151 KB   3/206 KB   11/32 KB   5/14 KB   8/151 KB    16/206 KB   13/32 KB   5/14 KB   8/151 KB   16/206 KB   16/32 KB   5/14 KB   8/151 KB   19/206 KB   19/32 KB   8/14 KB   11/151 KB   19/206 KB   3/5 KB   21/32 KB   8/14 KB   11/151 KB   19/206 KB   3/5 KB   24/32 KB   8/14 KB   11/151 KB   19/206 KB   3/5 KB   27/32 KB   8/14 KB   11/151 KB   19/206 KB   16/32 KB   8/14 KB   11/151 KB   19/206 KB   3/5 KB   27/32 KB   11/14 KB   11/151 KB   19/206 KB   16/32 KB   5/14 KB   11/151 KB   21/206 KB   3/5 KB   27/32 KB   11/14 KB   11/151 KB   24/206 KB   3/5 KB   27/32 KB   11/14 KB   11/151 KB   27/206 KB   3/5 KB   27/32 KB   11/14 KB   11/151 KB   16/206 KB   16/32 KB   5/14 KB   11/151 KB   27/206 KB   3/5 KB   27/32 KB   11/14 KB   13/151 KB   27/206 KB   3/5 KB   27/32 KB   11/14 KB   16/151 KB   29/206 KB   3/5 KB   27/32 KB   11/14 KB   19/151 KB   19/206 KB   3/5 KB   19/32 KB   8/14 KB   11/151 KB   29/206 KB   5/5 KB   27/32 KB   11/14 KB   19/151 KB   29/206 KB   3/5 KB   27/32 KB   11/14 KB   16/151 KB   32/206 KB   5/5 KB   27/32 KB   11/14 KB   19/151 KB   32/206 KB   5/5 KB   27/32 KB   11/14 KB   21/151 KB   32/206 KB   5/5 KB   27/32 KB   11/14 KB   24/151 KB   36/206 KB   5/5 KB   27/32 KB   13/14 KB   27/151 KB   36/206 KB   5/5 KB   29/32 KB   13/14 KB   29/151 KB   36/206 KB   5/5 KB   29/32 KB   13/14 KB   32/151 KB   36/206 KB   5/5 KB   29/32 KB   13/14 KB   36/151 KB   36/206 KB   5/5 KB   29/32 KB   13/14 KB   40/151 KB   36/206 KB   5/5 KB   27/32 KB   13/14 KB   24/151 KB   40/206 KB   5/5 KB   29/32 KB   13/14 KB   40/151 KB   44/206 KB   5/5 KB   29/32 KB   13/14 KB   40/151 KB   48/206 KB   5/5 KB   29/32 KB   13/14 KB   40/151 KB   32/206 KB   5/5 KB   27/32 KB   13/14 KB   24/151 KB   48/206 KB   5/5 KB   29/32 KB   14/14 KB   40/151 KB   36/206 KB   5/5 KB   29/32 KB   13/14 KB   27/151 KB   48/206 KB   5/5 KB   32/32 KB   14/14 KB   40/151 KB   52/206 KB   5/5 KB   32/32 KB   14/14 KB   40/151 KB   56/206 KB   5/5 KB   32/32 KB   14/14 KB   40/151 KB   60/206 KB   5/5 KB   32/32 KB   14/14 KB   40/151 KB   64/206 KB   5/5 KB   32/32 KB   14/14 KB   40/151 KB   68/206 KB   5/5 KB   32/32 KB   14/14 KB   40/151 KB   72/206 KB   5/5 KB   32/32 KB   14/14 KB   44/151 KB   76/206 KB   5/5 KB   32/32 KB   14/14 KB   44/151 KB   80/206 KB   5/5 KB   32/32 KB   14/14 KB   44/151 KB   84/206 KB   5/5 KB   32/32 KB   14/14 KB   44/151 KB   88/206 KB   5/5 KB   32/32 KB   14/14 KB   44/151 KB   68/206 KB   5/5 KB   32/32 KB   14/14 KB   44/151 KB   88/206 KB   5/5 KB   32/32 KB   14/14 KB   48/151 KB   88/206 KB   5/5 KB   32/32 KB   14/14 KB   52/151 KB   88/206 KB   5/5 KB   32/32 KB   14/14 KB   56/151 KB   88/206 KB   5/5 KB   32/32 KB   14/14 KB   60/151 KB   88/206 KB   5/5 KB   32/32 KB   14/14 KB   64/151 KB   88/206 KB   5/5 KB   32/32 KB   14/14 KB   68/151 KB   88/206 KB   5/5 KB   32/32 KB   14/14 KB   72/151 KB   92/206 KB   5/5 KB   32/32 KB   14/14 KB   76/151 KB   92/206 KB   5/5 KB   32/32 KB   14/14 KB   80/151 KB   92/206 KB   5/5 KB   32/32 KB   14/14 KB   84/151 KB   92/206 KB   5/5 KB   32/32 KB   14/14 KB   88/151 KB   92/206 KB   5/5 KB   32/32 KB   14/14 KB   92/151 KB   92/206 KB   5/5 KB   32/32 KB   14/14 KB   96/151 KB   92/206 KB   5/5 KB   32/32 KB   14/14 KB   100/151 KB   92/206 KB   5/5 KB   32/32 KB   14/14 KB   72/151 KB   96/206 KB   5/5 KB   32/32 KB   14/14 KB   100/151 KB   100/206 KB   5/5 KB   32/32 KB   14/14 KB   100/151 KB   104/206 KB   5/5 KB   32/32 KB   14/14 KB   100/151 KB   108/206 KB   5/5 KB   32/32 KB   14/14 KB   100/151 KB   112/206 KB   5/5 KB   32/32 KB   14/14 KB   100/151 KB   116/206 KB   5/5 KB   32/32 KB   14/14 KB   100/151 KB   120/206 KB   5/5 KB   32/32 KB   14/14 KB   100/151 KB   124/206 KB   5/5 KB   32/32 KB   14/14 KB   100/151 KB   128/206 KB   5/5 KB   32/32 KB   14/14 KB   104/151 KB   124/206 KB   5/5 KB   32/32 KB   14/14 KB   104/151 KB   128/206 KB   5/5 KB   32/32 KB   14/14 KB   108/151 KB   128/206 KB   5/5 KB   32/32 KB   14/14 KB   112/151 KB   132/206 KB   5/5 KB   32/32 KB   14/14 KB   116/151 KB   132/206 KB   5/5 KB   32/32 KB   14/14 KB   120/151 KB   132/206 KB   5/5 KB   32/32 KB   14/14 KB   124/151 KB   132/206 KB   5/5 KB   32/32 KB   14/14 KB   128/151 KB   132/206 KB   5/5 KB   32/32 KB   14/14 KB   132/151 KB   132/206 KB   5/5 KB   32/32 KB   14/14 KB   112/151 KB   136/206 KB   5/5 KB   32/32 KB   14/14 KB   136/151 KB   140/206 KB   5/5 KB   32/32 KB   14/14 KB   136/151 KB   144/206 KB   5/5 KB   32/32 KB   14/14 KB   136/151 KB   148/206 KB   5/5 KB   32/32 KB   14/14 KB   136/151 KB   152/206 KB   5/5 KB   32/32 KB   14/14 KB   136/151 KB   156/206 KB   5/5 KB   32/32 KB   14/14 KB   136/151 KB   160/206 KB   5/5 KB   32/32 KB   14/14 KB   136/151 KB   164/206 KB   5/5 KB   32/32 KB   14/14 KB   136/151 KB   132/206 KB   5/5 KB   32/32 KB   14/14 KB   136/151 KB   164/206 KB   5/5 KB   32/32 KB   14/14 KB   140/151 KB   164/206 KB   5/5 KB   32/32 KB   14/14 KB   144/151 KB   164/206 KB   5/5 KB   32/32 KB   14/14 KB   148/151 KB   164/206 KB   5/5 KB   32/32 KB   14/14 KB   151/151 KB   168/206 KB   5/5 KB   32/32 KB   14/14 KB   151/151 KB   172/206 KB   5/5 KB   32/32 KB   14/14 KB   151/151 KB   176/206 KB   5/5 KB   32/32 KB   14/14 KB   151/151 KB   180/206 KB   5/5 KB   32/32 KB   14/14 KB   151/151 KB   184/206 KB   5/5 KB   32/32 KB   14/14 KB   151/151 KB   188/206 KB   5/5 KB   32/32 KB   14/14 KB   151/151 KB   192/206 KB   5/5 KB   32/32 KB   14/14 KB   151/151 KB   196/206 KB   5/5 KB   32/32 KB   14/14 KB   151/151 KB   200/206 KB   5/5 KB   32/32 KB   14/14 KB   151/151 KB   204/206 KB   5/5 KB   32/32 KB   14/14 KB   151/151 KB   206/206 KB   5/5 KB   32/32 KB   14/14 KB   151/151 KB                                                            Downloaded: https://repo.maven.apache.org/maven2/org/codehaus/plexus/plexus-component-annotations/1.5.5/plexus-component-annotations-1.5.5.jar (5 KB at 25.9 KB/sec)
Downloading: https://repo.maven.apache.org/maven2/org/codehaus/plexus/plexus-compiler-api/2.2/plexus-compiler-api-2.2.jar
                                                         Downloaded: https://repo.maven.apache.org/maven2/com/google/code/findbugs/jsr305/2.0.1/jsr305-2.0.1.jar (32 KB at 178.8 KB/sec)
Downloading: https://repo.maven.apache.org/maven2/org/codehaus/plexus/plexus-compiler-manager/2.2/plexus-compiler-manager-2.2.jar
                                                         Downloaded: https://repo.maven.apache.org/maven2/org/apache/maven/shared/maven-shared-incremental/1.1/maven-shared-incremental-1.1.jar (14 KB at 75.1 KB/sec)
Downloading: https://repo.maven.apache.org/maven2/org/codehaus/plexus/plexus-compiler-javac/2.2/plexus-compiler-javac-2.2.jar
                                                         Downloaded: https://repo.maven.apache.org/maven2/org/apache/maven/shared/maven-shared-utils/0.1/maven-shared-utils-0.1.jar (151 KB at 754.5 KB/sec)
Downloading: https://repo.maven.apache.org/maven2/org/apache/xbean/xbean-reflect/3.4/xbean-reflect-3.4.jar
                                                         Downloaded: https://repo.maven.apache.org/maven2/org/codehaus/plexus/plexus-utils/1.5.1/plexus-utils-1.5.1.jar (206 KB at 984.4 KB/sec)
Downloading: https://repo.maven.apache.org/maven2/log4j/log4j/1.2.12/log4j-1.2.12.jar
3/25 KB                                                  5/25 KB   8/25 KB   11/25 KB   13/25 KB   16/25 KB   19/25 KB   21/25 KB   24/25 KB   25/25 KB   25/25 KB   3/5 KB   25/25 KB   5/5 KB   25/25 KB   3/19 KB   5/5 KB   25/25 KB   5/19 KB   5/5 KB   25/25 KB   8/19 KB   5/5 KB   25/25 KB   11/19 KB   5/5 KB   25/25 KB   13/19 KB   5/5 KB   25/25 KB   16/19 KB   5/5 KB   25/25 KB   19/19 KB   5/5 KB   25/25 KB   19/19 KB   5/5 KB   25/25 KB   19/19 KB   5/5 KB   4/131 KB   25/25 KB   19/19 KB   5/5 KB   8/131 KB   25/25 KB   19/19 KB   5/5 KB   12/131 KB   25/25 KB   19/19 KB   5/5 KB   16/131 KB   25/25 KB   19/19 KB   5/5 KB   20/131 KB   25/25 KB   19/19 KB   5/5 KB   24/131 KB   25/25 KB   19/19 KB   5/5 KB   28/131 KB   25/25 KB   19/19 KB   5/5 KB   32/131 KB   25/25 KB   19/19 KB   5/5 KB   36/131 KB   25/25 KB   19/19 KB   5/5 KB   40/131 KB   25/25 KB   19/19 KB   5/5 KB   44/131 KB   25/25 KB   19/19 KB   5/5 KB   48/131 KB   25/25 KB   19/19 KB   4/350 KB   5/5 KB   48/131 KB   25/25 KB   19/19 KB   8/350 KB   5/5 KB   48/131 KB   25/25 KB   19/19 KB   12/350 KB   5/5 KB   48/131 KB   25/25 KB   19/19 KB   16/350 KB   5/5 KB   48/131 KB   25/25 KB   19/19 KB   20/350 KB   5/5 KB   48/131 KB   25/25 KB   19/19 KB   24/350 KB   5/5 KB   48/131 KB   25/25 KB   19/19 KB   28/350 KB   5/5 KB   52/131 KB   25/25 KB   19/19 KB   28/350 KB   5/5 KB   56/131 KB   25/25 KB   19/19 KB   28/350 KB   5/5 KB   60/131 KB   25/25 KB   19/19 KB   28/350 KB   5/5 KB   64/131 KB   25/25 KB   19/19 KB   28/350 KB   5/5 KB   68/131 KB   25/25 KB   19/19 KB   28/350 KB   5/5 KB   72/131 KB   25/25 KB   19/19 KB   28/350 KB   5/5 KB   52/131 KB   25/25 KB   19/19 KB   32/350 KB   5/5 KB   72/131 KB   25/25 KB   19/19 KB   36/350 KB   5/5 KB   72/131 KB   25/25 KB   19/19 KB   40/350 KB   5/5 KB   72/131 KB   25/25 KB   19/19 KB   44/350 KB   5/5 KB   72/131 KB   25/25 KB   19/19 KB   48/350 KB   5/5 KB   72/131 KB   25/25 KB   19/19 KB   48/350 KB   5/5 KB   76/131 KB   25/25 KB   19/19 KB   48/350 KB   5/5 KB   80/131 KB   25/25 KB   19/19 KB   48/350 KB   5/5 KB   84/131 KB   25/25 KB   19/19 KB   52/350 KB   5/5 KB   84/131 KB   25/25 KB   19/19 KB   56/350 KB   5/5 KB   88/131 KB   25/25 KB   19/19 KB   60/350 KB   5/5 KB   88/131 KB   25/25 KB   19/19 KB   64/350 KB   5/5 KB   88/131 KB   25/25 KB   19/19 KB   68/350 KB   5/5 KB   88/131 KB   25/25 KB   19/19 KB   72/350 KB   5/5 KB   88/131 KB   25/25 KB   19/19 KB   76/350 KB   88/131 KB            25/25 KB   19/19 KB   80/350 KB   88/131 KB   25/25 KB   19/19 KB   52/350 KB   5/5 KB   88/131 KB                                                 Downloaded: https://repo.maven.apache.org/maven2/org/codehaus/plexus/plexus-compiler-api/2.2/plexus-compiler-api-2.2.jar (25 KB at 86.8 KB/sec)
Downloading: https://repo.maven.apache.org/maven2/commons-logging/commons-logging-api/1.1/commons-logging-api-1.1.jar
                                                       Downloaded: https://repo.maven.apache.org/maven2/org/codehaus/plexus/plexus-compiler-manager/2.2/plexus-compiler-manager-2.2.jar (5 KB at 15.7 KB/sec)
Downloading: https://repo.maven.apache.org/maven2/com/google/collections/google-collections/1.0/google-collections-1.0.jar
                                              Downloaded: https://repo.maven.apache.org/maven2/org/codehaus/plexus/plexus-compiler-javac/2.2/plexus-compiler-javac-2.2.jar (19 KB at 64.6 KB/sec)
Downloading: https://repo.maven.apache.org/maven2/junit/junit/3.8.2/junit-3.8.2.jar
80/350 KB   92/131 KB                         80/350 KB   96/131 KB   80/350 KB   100/131 KB   80/350 KB   104/131 KB   80/350 KB   108/131 KB   80/350 KB   112/131 KB   84/350 KB   116/131 KB   84/350 KB   120/131 KB   84/350 KB   124/131 KB   84/350 KB   128/131 KB   84/350 KB   112/131 KB   88/350 KB   128/131 KB   92/350 KB   128/131 KB   96/350 KB   128/131 KB   100/350 KB   128/131 KB   104/350 KB   128/131 KB   108/350 KB   131/131 KB   112/350 KB   131/131 KB   104/350 KB   131/131 KB   116/350 KB   131/131 KB   120/350 KB   131/131 KB   124/350 KB   131/131 KB   128/350 KB   131/131 KB   132/350 KB   131/131 KB   136/350 KB   131/131 KB   140/350 KB   131/131 KB   144/350 KB   131/131 KB   148/350 KB   131/131 KB   152/350 KB   131/131 KB   156/350 KB   131/131 KB   160/350 KB   131/131 KB   164/350 KB   131/131 KB   168/350 KB   131/131 KB   172/350 KB   131/131 KB   176/350 KB   131/131 KB   180/350 KB   131/131 KB   184/350 KB   131/131 KB   188/350 KB   131/131 KB   192/350 KB   131/131 KB   196/350 KB   131/131 KB   200/350 KB   131/131 KB   204/350 KB   131/131 KB   208/350 KB   131/131 KB   212/350 KB   131/131 KB   216/350 KB   131/131 KB   220/350 KB   131/131 KB   224/350 KB   131/131 KB   228/350 KB   131/131 KB   232/350 KB   131/131 KB   236/350 KB   131/131 KB   240/350 KB   131/131 KB   244/350 KB   131/131 KB   248/350 KB   131/131 KB   252/350 KB   131/131 KB   256/350 KB   131/131 KB   260/350 KB   131/131 KB   264/350 KB   131/131 KB   268/350 KB   131/131 KB   272/350 KB   131/131 KB   276/350 KB   131/131 KB   280/350 KB   131/131 KB   284/350 KB   131/131 KB   288/350 KB   131/131 KB   292/350 KB   131/131 KB   296/350 KB   131/131 KB   300/350 KB   131/131 KB   304/350 KB   131/131 KB   308/350 KB   131/131 KB   312/350 KB   131/131 KB   316/350 KB   131/131 KB   320/350 KB   131/131 KB   324/350 KB   131/131 KB   328/350 KB   131/131 KB   332/350 KB   131/131 KB   336/350 KB   131/131 KB   340/350 KB   131/131 KB   344/350 KB   131/131 KB   348/350 KB   131/131 KB   350/350 KB   131/131 KB   350/350 KB   3/118 KB   131/131 KB   3/625 KB   3/44 KB   350/350 KB   5/118 KB   131/131 KB   3/625 KB   350/350 KB   3/118 KB   131/131 KB   5/625 KB   3/44 KB   350/350 KB   5/118 KB   131/131 KB   8/625 KB   3/44 KB   350/350 KB   5/118 KB   131/131 KB   11/625 KB   3/44 KB   350/350 KB   5/118 KB   131/131 KB   13/625 KB   3/44 KB   350/350 KB   5/118 KB   131/131 KB   16/625 KB   3/44 KB   350/350 KB   5/118 KB   131/131 KB   19/625 KB   3/44 KB   350/350 KB   5/118 KB   131/131 KB   3/625 KB   3/44 KB   350/350 KB   3/118 KB   131/131 KB   19/625 KB   5/44 KB   350/350 KB   5/118 KB   131/131 KB   19/625 KB   8/44 KB   350/350 KB   5/118 KB   131/131 KB   21/625 KB   11/44 KB   350/350 KB   5/118 KB   131/131 KB   21/625 KB   13/44 KB   350/350 KB   5/118 KB                21/625 KB   16/44 KB   350/350 KB   8/118 KB   21/625 KB   8/44 KB   350/350 KB   5/118 KB   131/131 KB   24/625 KB   16/44 KB   350/350 KB   8/118 KB   27/625 KB   16/44 KB   350/350 KB   8/118 KB   29/625 KB   16/44 KB   350/350 KB   8/118 KB   32/625 KB   16/44 KB   350/350 KB   8/118 KB   36/625 KB   16/44 KB   350/350 KB   8/118 KB   40/625 KB   19/44 KB   350/350 KB   8/118 KB   44/625 KB   19/44 KB   350/350 KB   8/118 KB   48/625 KB   19/44 KB   350/350 KB   8/118 KB   52/625 KB   19/44 KB   350/350 KB   8/118 KB   21/625 KB   13/44 KB   350/350 KB   8/118 KB                                                               Downloaded: https://repo.maven.apache.org/maven2/org/apache/xbean/xbean-reflect/3.4/xbean-reflect-3.4.jar (131 KB at 357.1 KB/sec)
52/625 KB   19/44 KB   350/350 KB   11/118 KB   36/625 KB   19/44 KB   350/350 KB   8/118 KB   52/625 KB   21/44 KB   350/350 KB   11/118 KB   52/625 KB   24/44 KB   350/350 KB   11/118 KB   52/625 KB   27/44 KB   350/350 KB   13/118 KB   52/625 KB   24/44 KB   350/350 KB   13/118 KB   52/625 KB   27/44 KB   350/350 KB   16/118 KB   52/625 KB   27/44 KB   350/350 KB   19/118 KB   56/625 KB   29/44 KB   350/350 KB   19/118 KB   60/625 KB   29/44 KB   350/350 KB   19/118 KB   64/625 KB   29/44 KB   350/350 KB   21/118 KB   52/625 KB   29/44 KB   350/350 KB   19/118 KB   64/625 KB   32/44 KB   350/350 KB   21/118 KB   64/625 KB   36/44 KB   350/350 KB   21/118 KB   68/625 KB   40/44 KB   350/350 KB   21/118 KB   68/625 KB   44/44 KB   350/350 KB   21/118 KB   68/625 KB   44/44 KB   21/118 KB                60/625 KB   29/44 KB   350/350 KB   21/118 KB   68/625 KB   44/44 KB   24/118 KB                                                   Downloaded: https://repo.maven.apache.org/maven2/log4j/log4j/1.2.12/log4j-1.2.12.jar (350 KB at 910.7 KB/sec)
68/625 KB   44/44 KB   27/118 KB   68/625 KB   44/44 KB   29/118 KB   68/625 KB   44/44 KB   32/118 KB   68/625 KB   44/44 KB   36/118 KB   68/625 KB   44/44 KB   40/118 KB   68/625 KB   44/44 KB   44/118 KB   68/625 KB   44/44 KB   48/118 KB   68/625 KB   44/44 KB   52/118 KB   68/625 KB   36/44 KB   350/350 KB   21/118 KB   72/625 KB   44/44 KB   52/118 KB   76/625 KB   44/44 KB   52/118 KB   80/625 KB   44/44 KB   52/118 KB   84/625 KB   44/44 KB   52/118 KB   88/625 KB   44/44 KB   56/118 KB   92/625 KB   44/44 KB   56/118 KB   96/625 KB   44/44 KB   56/118 KB   84/625 KB   44/44 KB   56/118 KB   96/625 KB   44/44 KB   60/118 KB   96/625 KB   44/44 KB   64/118 KB   96/625 KB   44/44 KB   68/118 KB   96/625 KB   44/44 KB   72/118 KB   96/625 KB   44/44 KB   76/118 KB   96/625 KB   44/44 KB   80/118 KB   96/625 KB   44/44 KB   84/118 KB   100/625 KB   44/44 KB   88/118 KB   100/625 KB   44/44 KB   92/118 KB   100/625 KB   44/44 KB   96/118 KB   100/625 KB   44/44 KB   100/118 KB   100/625 KB   44/44 KB   84/118 KB   104/625 KB   44/44 KB   100/118 KB   108/625 KB   44/44 KB   100/118 KB   112/625 KB   44/44 KB   100/118 KB   116/625 KB   44/44 KB   100/118 KB   120/625 KB   44/44 KB   100/118 KB   124/625 KB   44/44 KB   100/118 KB   128/625 KB   44/44 KB   100/118 KB   128/625 KB   44/44 KB   104/118 KB   128/625 KB   44/44 KB   108/118 KB   132/625 KB   44/44 KB   112/118 KB   132/625 KB   44/44 KB   116/118 KB   132/625 KB   44/44 KB   118/118 KB   132/625 KB   44/44 KB   108/118 KB   136/625 KB   44/44 KB   118/118 KB   140/625 KB   44/44 KB   118/118 KB   144/625 KB   44/44 KB   118/118 KB   148/625 KB   44/44 KB   118/118 KB   152/625 KB   44/44 KB   118/118 KB   156/625 KB   44/44 KB   118/118 KB   160/625 KB   44/44 KB   118/118 KB   164/625 KB   44/44 KB   118/118 KB   168/625 KB   44/44 KB   118/118 KB   172/625 KB   44/44 KB   118/118 KB   176/625 KB   44/44 KB   118/118 KB   180/625 KB   44/44 KB   118/118 KB   184/625 KB   44/44 KB   118/118 KB   188/625 KB   44/44 KB   118/118 KB   192/625 KB   44/44 KB   118/118 KB   196/625 KB   44/44 KB   118/118 KB   200/625 KB   44/44 KB   118/118 KB   204/625 KB   44/44 KB   118/118 KB   208/625 KB   44/44 KB   118/118 KB   212/625 KB   44/44 KB   118/118 KB   216/625 KB   44/44 KB   118/118 KB   220/625 KB   44/44 KB   118/118 KB   224/625 KB   44/44 KB   118/118 KB   228/625 KB   44/44 KB   118/118 KB   232/625 KB   44/44 KB   118/118 KB   236/625 KB   44/44 KB   118/118 KB   240/625 KB   44/44 KB   118/118 KB   244/625 KB   44/44 KB   118/118 KB   248/625 KB   44/44 KB   118/118 KB   252/625 KB   44/44 KB   118/118 KB   256/625 KB   44/44 KB   118/118 KB   260/625 KB   44/44 KB   118/118 KB   264/625 KB   44/44 KB   118/118 KB   268/625 KB   44/44 KB   118/118 KB   272/625 KB   44/44 KB   118/118 KB   276/625 KB   44/44 KB   118/118 KB   280/625 KB   44/44 KB   118/118 KB   284/625 KB   44/44 KB   118/118 KB   288/625 KB   44/44 KB   118/118 KB   292/625 KB   44/44 KB   118/118 KB   296/625 KB   44/44 KB   118/118 KB   300/625 KB   44/44 KB   118/118 KB   304/625 KB   44/44 KB   118/118 KB   308/625 KB   44/44 KB   118/118 KB   312/625 KB   44/44 KB   118/118 KB   316/625 KB   44/44 KB   118/118 KB   320/625 KB   44/44 KB   118/118 KB   324/625 KB   44/44 KB   118/118 KB   328/625 KB   44/44 KB   118/118 KB   332/625 KB   44/44 KB   118/118 KB   336/625 KB   44/44 KB   118/118 KB   340/625 KB   44/44 KB   118/118 KB   344/625 KB   44/44 KB   118/118 KB   348/625 KB   44/44 KB   118/118 KB   352/625 KB   44/44 KB   118/118 KB   356/625 KB   44/44 KB   118/118 KB   360/625 KB   44/44 KB   118/118 KB   364/625 KB   44/44 KB   118/118 KB   368/625 KB   44/44 KB   118/118 KB                                        Downloaded: https://repo.maven.apache.org/maven2/commons-logging/commons-logging-api/1.1/commons-logging-api-1.1.jar (44 KB at 99.2 KB/sec)
372/625 KB   118/118 KB              376/625 KB   118/118 KB   380/625 KB   118/118 KB   384/625 KB   118/118 KB   388/625 KB   118/118 KB   392/625 KB   118/118 KB   396/625 KB   118/118 KB   400/625 KB   118/118 KB   404/625 KB   118/118 KB   408/625 KB   118/118 KB   412/625 KB   118/118 KB   416/625 KB   118/118 KB   420/625 KB   118/118 KB   424/625 KB   118/118 KB   428/625 KB   118/118 KB   432/625 KB   118/118 KB   436/625 KB   118/118 KB   440/625 KB   118/118 KB   444/625 KB   118/118 KB   448/625 KB   118/118 KB   452/625 KB   118/118 KB   456/625 KB   118/118 KB   460/625 KB   118/118 KB   464/625 KB   118/118 KB   468/625 KB   118/118 KB   472/625 KB   118/118 KB   476/625 KB   118/118 KB   480/625 KB   118/118 KB   484/625 KB   118/118 KB   488/625 KB   118/118 KB   492/625 KB   118/118 KB   496/625 KB   118/118 KB   500/625 KB   118/118 KB   504/625 KB   118/118 KB   508/625 KB   118/118 KB   512/625 KB   118/118 KB   516/625 KB   118/118 KB   520/625 KB   118/118 KB   524/625 KB   118/118 KB   528/625 KB   118/118 KB   532/625 KB   118/118 KB   536/625 KB   118/118 KB   540/625 KB   118/118 KB   544/625 KB   118/118 KB   548/625 KB   118/118 KB   552/625 KB   118/118 KB   556/625 KB   118/118 KB   560/625 KB   118/118 KB   564/625 KB   118/118 KB   568/625 KB   118/118 KB                             Downloaded: https://repo.maven.apache.org/maven2/junit/junit/3.8.2/junit-3.8.2.jar (118 KB at 255.6 KB/sec)
572/625 KB                576/625 KB   580/625 KB   584/625 KB   588/625 KB   592/625 KB   596/625 KB   600/625 KB   604/625 KB   608/625 KB   612/625 KB   616/625 KB   620/625 KB   624/625 KB   625/625 KB                Downloaded: https://repo.maven.apache.org/maven2/com/google/collections/google-collections/1.0/google-collections-1.0.jar (625 KB at 1205.8 KB/sec)
[INFO] Changes detected - recompiling the module!
[WARNING] File encoding has not been set, using platform encoding UTF-8, i.e. build is platform dependent!
[INFO] Compiling 5 source files to /home/travis/build/pedrovgs/Algorithms/target/classes
[INFO] 
[INFO] --- maven-resources-plugin:2.6:testResources (default-testResources) @ algorithms ---
[WARNING] Using platform encoding (UTF-8 actually) to copy filtered resources, i.e. build is platform dependent!
[INFO] skip non existing resourceDirectory /home/travis/build/pedrovgs/Algorithms/src/test/resources
[INFO] 
[INFO] --- maven-compiler-plugin:3.1:testCompile (default-testCompile) @ algorithms ---
[INFO] Changes detected - recompiling the module!
[WARNING] File encoding has not been set, using platform encoding UTF-8, i.e. build is platform dependent!
[INFO] Compiling 4 source files to /home/travis/build/pedrovgs/Algorithms/target/test-classes
[INFO] 
[INFO] --- maven-surefire-plugin:2.12.4:test (default-test) @ algorithms ---
Downloading: https://repo.maven.apache.org/maven2/org/apache/maven/surefire/surefire-booter/2.12.4/surefire-booter-2.12.4.pom
3/3 KB       3/3 KB            Downloaded: https://repo.maven.apache.org/maven2/org/apache/maven/surefire/surefire-booter/2.12.4/surefire-booter-2.12.4.pom (3 KB at 28.2 KB/sec)
Downloading: https://repo.maven.apache.org/maven2/org/apache/maven/surefire/surefire-api/2.12.4/surefire-api-2.12.4.pom
3/3 KB   3/3 KB            Downloaded: https://repo.maven.apache.org/maven2/org/apache/maven/surefire/surefire-api/2.12.4/surefire-api-2.12.4.pom (3 KB at 23.4 KB/sec)
Downloading: https://repo.maven.apache.org/maven2/org/apache/maven/surefire/maven-surefire-common/2.12.4/maven-surefire-common-2.12.4.pom
3/6 KB   5/6 KB   6/6 KB            Downloaded: https://repo.maven.apache.org/maven2/org/apache/maven/surefire/maven-surefire-common/2.12.4/maven-surefire-common-2.12.4.pom (6 KB at 50.9 KB/sec)
Downloading: https://repo.maven.apache.org/maven2/org/apache/maven/plugin-tools/maven-plugin-annotations/3.1/maven-plugin-annotations-3.1.pom
2/2 KB            Downloaded: https://repo.maven.apache.org/maven2/org/apache/maven/plugin-tools/maven-plugin-annotations/3.1/maven-plugin-annotations-3.1.pom (2 KB at 14.7 KB/sec)
Downloading: https://repo.maven.apache.org/maven2/org/apache/maven/plugin-tools/maven-plugin-tools/3.1/maven-plugin-tools-3.1.pom
3/16 KB   5/16 KB   8/16 KB   11/16 KB   13/16 KB   16/16 KB   16/16 KB              Downloaded: https://repo.maven.apache.org/maven2/org/apache/maven/plugin-tools/maven-plugin-tools/3.1/maven-plugin-tools-3.1.pom (16 KB at 132.8 KB/sec)
Downloading: https://repo.maven.apache.org/maven2/org/apache/maven/reporting/maven-reporting-api/2.0.9/maven-reporting-api-2.0.9.pom
2/2 KB              Downloaded: https://repo.maven.apache.org/maven2/org/apache/maven/reporting/maven-reporting-api/2.0.9/maven-reporting-api-2.0.9.pom (2 KB at 16.9 KB/sec)
Downloading: https://repo.maven.apache.org/maven2/org/apache/maven/reporting/maven-reporting/2.0.9/maven-reporting-2.0.9.pom
2/2 KB            Downloaded: https://repo.maven.apache.org/maven2/org/apache/maven/reporting/maven-reporting/2.0.9/maven-reporting-2.0.9.pom (2 KB at 13.5 KB/sec)
Downloading: https://repo.maven.apache.org/maven2/org/apache/maven/maven-toolchain/2.0.9/maven-toolchain-2.0.9.pom
3/4 KB   4/4 KB            Downloaded: https://repo.maven.apache.org/maven2/org/apache/maven/maven-toolchain/2.0.9/maven-toolchain-2.0.9.pom (4 KB at 31.7 KB/sec)
Downloading: https://repo.maven.apache.org/maven2/org/apache/commons/commons-lang3/3.1/commons-lang3-3.1.pom
3/17 KB   5/17 KB   8/17 KB   11/17 KB   13/17 KB   16/17 KB   17/17 KB              Downloaded: https://repo.maven.apache.org/maven2/org/apache/commons/commons-lang3/3.1/commons-lang3-3.1.pom (17 KB at 137.1 KB/sec)
Downloading: https://repo.maven.apache.org/maven2/org/apache/commons/commons-parent/22/commons-parent-22.pom
3/41 KB    5/41 KB   8/41 KB   11/41 KB   13/41 KB   16/41 KB   19/41 KB   21/41 KB   24/41 KB   27/41 KB   29/41 KB   32/41 KB   36/41 KB   40/41 KB   41/41 KB              Downloaded: https://repo.maven.apache.org/maven2/org/apache/commons/commons-parent/22/commons-parent-22.pom (41 KB at 359.1 KB/sec)
Downloading: https://repo.maven.apache.org/maven2/org/apache/apache/9/apache-9.pom
4/15 KB    8/15 KB   12/15 KB   15/15 KB              Downloaded: https://repo.maven.apache.org/maven2/org/apache/apache/9/apache-9.pom (15 KB at 137.1 KB/sec)
Downloading: https://repo.maven.apache.org/maven2/org/apache/maven/shared/maven-common-artifact-filters/1.3/maven-common-artifact-filters-1.3.pom
4/4 KB              Downloaded: https://repo.maven.apache.org/maven2/org/apache/maven/shared/maven-common-artifact-filters/1.3/maven-common-artifact-filters-1.3.pom (4 KB at 26.8 KB/sec)
Downloading: https://repo.maven.apache.org/maven2/org/apache/maven/shared/maven-shared-components/12/maven-shared-components-12.pom
3/10 KB   5/10 KB   8/10 KB   10/10 KB              Downloaded: https://repo.maven.apache.org/maven2/org/apache/maven/shared/maven-shared-components/12/maven-shared-components-12.pom (10 KB at 83.7 KB/sec)
Downloading: https://repo.maven.apache.org/maven2/org/apache/maven/maven-parent/13/maven-parent-13.pom
3/23 KB    5/23 KB   8/23 KB   11/23 KB   13/23 KB   16/23 KB   19/23 KB   21/23 KB   23/23 KB              Downloaded: https://repo.maven.apache.org/maven2/org/apache/maven/maven-parent/13/maven-parent-13.pom (23 KB at 193.9 KB/sec)
Downloading: https://repo.maven.apache.org/maven2/org/apache/apache/6/apache-6.pom
3/13 KB    5/13 KB   8/13 KB   11/13 KB   13/13 KB              Downloaded: https://repo.maven.apache.org/maven2/org/apache/apache/6/apache-6.pom (13 KB at 111.6 KB/sec)
Downloading: https://repo.maven.apache.org/maven2/org/codehaus/plexus/plexus-container-default/1.0-alpha-9/plexus-container-default-1.0-alpha-9.pom
2/2 KB              Downloaded: https://repo.maven.apache.org/maven2/org/codehaus/plexus/plexus-container-default/1.0-alpha-9/plexus-container-default-1.0-alpha-9.pom (2 KB at 11.3 KB/sec)
Downloading: https://repo.maven.apache.org/maven2/org/apache/maven/surefire/surefire-booter/2.12.4/surefire-booter-2.12.4.jar
Downloading: https://repo.maven.apache.org/maven2/org/apache/maven/surefire/surefire-api/2.12.4/surefire-api-2.12.4.jar
Downloading: https://repo.maven.apache.org/maven2/org/apache/maven/surefire/maven-surefire-common/2.12.4/maven-surefire-common-2.12.4.jar
Downloading: https://repo.maven.apache.org/maven2/org/apache/commons/commons-lang3/3.1/commons-lang3-3.1.jar
Downloading: https://repo.maven.apache.org/maven2/org/apache/maven/shared/maven-common-artifact-filters/1.3/maven-common-artifact-filters-1.3.jar
3/115 KB   3/31 KB   3/115 KB   3/34 KB   3/309 KB   3/257 KB   5/31 KB   5/115 KB   3/34 KB   3/309 KB   3/257 KB   8/31 KB   5/115 KB   3/34 KB   3/309 KB   3/257 KB   11/31 KB   5/115 KB   3/34 KB   3/309 KB   3/257 KB   3/115 KB   3/34 KB   3/309 KB   3/257 KB   3/115 KB   3/34 KB   3/257 KB   11/31 KB   5/115 KB   5/34 KB   3/309 KB   3/257 KB   11/31 KB   5/115 KB   8/34 KB   3/309 KB   3/257 KB   11/31 KB   5/115 KB   11/34 KB   3/309 KB   3/257 KB   11/31 KB   5/115 KB   13/34 KB   3/309 KB   3/257 KB   11/31 KB   5/115 KB   16/34 KB   5/309 KB   3/257 KB   3/115 KB   3/257 KB   11/31 KB   5/115 KB   13/34 KB   5/309 KB   3/257 KB   11/31 KB   5/115 KB   19/34 KB   5/309 KB   3/257 KB   3/31 KB   5/115 KB   3/34 KB   3/309 KB   3/257 KB   11/31 KB   5/115 KB   19/34 KB   8/309 KB   5/257 KB   11/31 KB   5/115 KB   19/34 KB   8/309 KB   8/257 KB   11/31 KB   5/115 KB   19/34 KB   8/309 KB   3/257 KB   13/31 KB   8/115 KB   21/34 KB   11/309 KB   8/257 KB   13/31 KB   8/115 KB   21/34 KB   13/309 KB   11/257 KB   13/31 KB   8/115 KB   21/34 KB   8/309 KB   8/257 KB   13/31 KB   11/115 KB   21/34 KB   13/309 KB   11/257 KB   13/31 KB   5/115 KB   21/34 KB   8/309 KB   8/257 KB   11/31 KB   5/115 KB   21/34 KB   8/309 KB   8/257 KB   13/31 KB   11/115 KB   24/34 KB   13/309 KB   11/257 KB   13/31 KB   11/115 KB   27/34 KB   13/309 KB   11/257 KB   13/31 KB   8/115 KB   21/34 KB   11/309 KB   11/257 KB   16/31 KB   11/115 KB   27/34 KB   13/309 KB   13/257 KB   16/31 KB   13/115 KB   27/34 KB   13/309 KB   16/257 KB   16/31 KB   11/115 KB   27/34 KB   13/309 KB   11/257 KB   19/31 KB   13/115 KB   29/34 KB   13/309 KB   16/257 KB   21/31 KB   13/115 KB   29/34 KB   13/309 KB   16/257 KB   16/31 KB   13/115 KB   29/34 KB   13/309 KB   16/257 KB   21/31 KB   13/115 KB   32/34 KB   13/309 KB   16/257 KB   16/31 KB   13/115 KB   27/34 KB   13/309 KB   13/257 KB   24/31 KB   16/115 KB   32/34 KB   13/309 KB   16/257 KB   24/31 KB   19/115 KB   32/34 KB   13/309 KB   16/257 KB   24/31 KB   21/115 KB   34/34 KB   13/309 KB   16/257 KB   24/31 KB   24/115 KB   34/34 KB   13/309 KB   16/257 KB   24/31 KB   27/115 KB   34/34 KB   13/309 KB   19/257 KB   24/31 KB   29/115 KB   34/34 KB   13/309 KB   19/257 KB   24/31 KB   32/115 KB   34/34 KB   13/309 KB   19/257 KB   24/31 KB   13/115 KB   32/34 KB   13/309 KB   16/257 KB   27/31 KB   32/115 KB   34/34 KB   13/309 KB   19/257 KB   29/31 KB   32/115 KB   34/34 KB   13/309 KB   19/257 KB   31/31 KB   32/115 KB   34/34 KB   13/309 KB   19/257 KB   24/31 KB   24/115 KB   34/34 KB   13/309 KB   19/257 KB   24/31 KB   19/115 KB   34/34 KB   13/309 KB   16/257 KB   31/31 KB   32/115 KB   34/34 KB   13/309 KB   21/257 KB   31/31 KB   32/115 KB   34/34 KB   13/309 KB   24/257 KB   31/31 KB   32/115 KB   34/34 KB   13/309 KB   27/257 KB   31/31 KB   32/115 KB   34/34 KB   13/309 KB   29/257 KB   31/31 KB   36/115 KB   34/34 KB   16/309 KB   32/257 KB   31/31 KB   36/115 KB   34/34 KB   16/309 KB   36/257 KB   31/31 KB   36/115 KB   34/34 KB   16/309 KB   40/257 KB   31/31 KB   36/115 KB   34/34 KB   16/309 KB   44/257 KB   31/31 KB   36/115 KB   34/34 KB   16/309 KB   48/257 KB   31/31 KB   36/115 KB   34/34 KB   16/309 KB   29/257 KB   31/31 KB   40/115 KB   34/34 KB   16/309 KB   52/257 KB   31/31 KB   44/115 KB   34/34 KB   16/309 KB   52/257 KB   31/31 KB   48/115 KB   34/34 KB   16/309 KB   52/257 KB   31/31 KB   52/115 KB   34/34 KB   16/309 KB   52/257 KB   31/31 KB   56/115 KB   34/34 KB   16/309 KB   52/257 KB   31/31 KB   60/115 KB   34/34 KB   16/309 KB   52/257 KB   31/31 KB   64/115 KB   34/34 KB   16/309 KB   52/257 KB   31/31 KB   68/115 KB   34/34 KB   16/309 KB   52/257 KB   31/31 KB   32/115 KB   34/34 KB   16/309 KB   29/257 KB   31/31 KB   68/115 KB   34/34 KB   19/309 KB   52/257 KB   31/31 KB   68/115 KB   34/34 KB   21/309 KB   52/257 KB   31/31 KB   68/115 KB   34/34 KB   24/309 KB   52/257 KB   31/31 KB   68/115 KB   34/34 KB   27/309 KB   52/257 KB   31/31 KB   68/115 KB   34/34 KB   29/309 KB   52/257 KB   31/31 KB   68/115 KB   34/34 KB   32/309 KB   52/257 KB   31/31 KB   36/115 KB   34/34 KB   16/309 KB   52/257 KB   31/31 KB   68/115 KB   34/34 KB   32/309 KB   56/257 KB   31/31 KB   72/115 KB   34/34 KB   32/309 KB   60/257 KB   31/31 KB   72/115 KB   34/34 KB   36/309 KB   64/257 KB   31/31 KB   72/115 KB   34/34 KB   32/309 KB   56/257 KB   31/31 KB   76/115 KB   34/34 KB   36/309 KB   64/257 KB   31/31 KB   80/115 KB   34/34 KB   36/309 KB   64/257 KB   31/31 KB   84/115 KB   34/34 KB   36/309 KB   64/257 KB   31/31 KB   72/115 KB   34/34 KB   36/309 KB   60/257 KB   31/31 KB   84/115 KB   34/34 KB   40/309 KB   68/257 KB   31/31 KB   84/115 KB   34/34 KB   44/309 KB   68/257 KB   31/31 KB   84/115 KB   34/34 KB   48/309 KB   68/257 KB   31/31 KB   84/115 KB   34/34 KB   36/309 KB   68/257 KB   31/31 KB   84/115 KB   34/34 KB   48/309 KB   72/257 KB   31/31 KB   84/115 KB   34/34 KB   52/309 KB   76/257 KB   31/31 KB   88/115 KB   34/34 KB   52/309 KB   80/257 KB   31/31 KB   84/115 KB   34/34 KB   52/309 KB   72/257 KB   31/31 KB   88/115 KB   34/34 KB   56/309 KB   80/257 KB   31/31 KB   88/115 KB   34/34 KB   60/309 KB   80/257 KB   31/31 KB   88/115 KB   34/34 KB   64/309 KB   80/257 KB   31/31 KB   88/115 KB   34/34 KB   68/309 KB   84/257 KB   31/31 KB   88/115 KB   34/34 KB   72/309 KB   84/257 KB   31/31 KB   88/115 KB   34/34 KB   76/309 KB   84/257 KB   31/31 KB   88/115 KB   34/34 KB   52/309 KB   76/257 KB   31/31 KB   92/115 KB   34/34 KB   76/309 KB   84/257 KB   31/31 KB   96/115 KB   34/34 KB   76/309 KB   84/257 KB   31/31 KB   100/115 KB   34/34 KB   76/309 KB   84/257 KB   31/31 KB   104/115 KB   34/34 KB   76/309 KB   84/257 KB   31/31 KB   108/115 KB   34/34 KB   76/309 KB   84/257 KB   31/31 KB   112/115 KB   34/34 KB   76/309 KB   84/257 KB   31/31 KB   115/115 KB   34/34 KB   76/309 KB   84/257 KB   31/31 KB   88/115 KB   34/34 KB   64/309 KB   84/257 KB   31/31 KB   115/115 KB   34/34 KB   80/309 KB   88/257 KB   31/31 KB   115/115 KB   34/34 KB   80/309 KB   92/257 KB   31/31 KB   115/115 KB   34/34 KB   80/309 KB   96/257 KB   31/31 KB   115/115 KB   34/34 KB   80/309 KB   100/257 KB   31/31 KB   115/115 KB   34/34 KB   80/309 KB   104/257 KB   31/31 KB   115/115 KB   34/34 KB   80/309 KB   108/257 KB   31/31 KB   115/115 KB   34/34 KB   80/309 KB   112/257 KB   31/31 KB   115/115 KB   34/34 KB   80/309 KB   84/257 KB   31/31 KB   115/115 KB   34/34 KB   84/309 KB   112/257 KB   31/31 KB   115/115 KB   34/34 KB   84/309 KB   116/257 KB   31/31 KB   115/115 KB   34/34 KB   88/309 KB   120/257 KB   31/31 KB   115/115 KB   34/34 KB   88/309 KB   116/257 KB   31/31 KB   115/115 KB   34/34 KB   92/309 KB   120/257 KB   31/31 KB   115/115 KB   34/34 KB   96/309 KB   120/257 KB   31/31 KB   115/115 KB   34/34 KB   100/309 KB   124/257 KB   31/31 KB   115/115 KB   34/34 KB   104/309 KB   124/257 KB   31/31 KB   115/115 KB   34/34 KB   108/309 KB   124/257 KB   31/31 KB   115/115 KB   34/34 KB   112/309 KB   124/257 KB   31/31 KB   115/115 KB   34/34 KB   116/309 KB   124/257 KB   31/31 KB   115/115 KB   34/34 KB   120/309 KB   124/257 KB   31/31 KB   115/115 KB   34/34 KB   96/309 KB   124/257 KB   31/31 KB   115/115 KB   34/34 KB   120/309 KB   128/257 KB   31/31 KB   115/115 KB   34/34 KB   120/309 KB   132/257 KB   31/31 KB   115/115 KB   34/34 KB   120/309 KB   136/257 KB   31/31 KB   115/115 KB   34/34 KB   120/309 KB   140/257 KB   31/31 KB   115/115 KB   34/34 KB   120/309 KB   144/257 KB   31/31 KB   115/115 KB   34/34 KB   120/309 KB   148/257 KB   31/31 KB   115/115 KB   34/34 KB   124/309 KB   152/257 KB   31/31 KB   115/115 KB   34/34 KB   124/309 KB   156/257 KB   31/31 KB   115/115 KB   34/34 KB   124/309 KB   160/257 KB   31/31 KB   115/115 KB   34/34 KB   124/309 KB   164/257 KB   31/31 KB   115/115 KB   34/34 KB   124/309 KB   168/257 KB   31/31 KB   115/115 KB   34/34 KB   124/309 KB   172/257 KB   31/31 KB   115/115 KB   34/34 KB   124/309 KB   176/257 KB   31/31 KB   115/115 KB   34/34 KB   124/309 KB   180/257 KB   31/31 KB   115/115 KB   34/34 KB   124/309 KB   148/257 KB   31/31 KB   115/115 KB   34/34 KB   128/309 KB   180/257 KB   31/31 KB   115/115 KB   34/34 KB   132/309 KB   180/257 KB   31/31 KB   115/115 KB   34/34 KB   136/309 KB   180/257 KB   31/31 KB   115/115 KB   34/34 KB   140/309 KB   180/257 KB   31/31 KB   115/115 KB   34/34 KB   144/309 KB   180/257 KB   31/31 KB   115/115 KB   34/34 KB   148/309 KB   180/257 KB   31/31 KB   115/115 KB   34/34 KB   152/309 KB   184/257 KB   31/31 KB   115/115 KB   34/34 KB   156/309 KB   184/257 KB   31/31 KB   115/115 KB   34/34 KB   160/309 KB   184/257 KB   31/31 KB   115/115 KB   34/34 KB   164/309 KB   184/257 KB   31/31 KB   115/115 KB   34/34 KB   168/309 KB   184/257 KB   31/31 KB   115/115 KB   34/34 KB   172/309 KB   184/257 KB   31/31 KB   115/115 KB   34/34 KB   176/309 KB   184/257 KB   31/31 KB   115/115 KB   34/34 KB   148/309 KB   184/257 KB                                                                Downloaded: https://repo.maven.apache.org/maven2/org/apache/maven/surefire/surefire-booter/2.12.4/surefire-booter-2.12.4.jar (34 KB at 200.4 KB/sec)
Downloading: https://repo.maven.apache.org/maven2/org/codehaus/plexus/plexus-utils/3.0.8/plexus-utils-3.0.8.jar
31/31 KB   115/115 KB   176/309 KB   188/257 KB              31/31 KB   115/115 KB   176/309 KB   192/257 KB   31/31 KB   115/115 KB   176/309 KB   196/257 KB   31/31 KB   115/115 KB   176/309 KB   200/257 KB   31/31 KB   115/115 KB   176/309 KB   204/257 KB   31/31 KB   115/115 KB   176/309 KB   208/257 KB   31/31 KB   115/115 KB   176/309 KB   212/257 KB   115/115 KB   180/309 KB   216/257 KB   115/115 KB   180/309 KB   220/257 KB   115/115 KB   180/309 KB   224/257 KB   115/115 KB   180/309 KB   228/257 KB   115/115 KB   180/309 KB   232/257 KB   115/115 KB   180/309 KB   236/257 KB   115/115 KB   180/309 KB   240/257 KB   115/115 KB   180/309 KB   244/257 KB   115/115 KB   180/309 KB   212/257 KB                                                                Downloaded: https://repo.maven.apache.org/maven2/org/apache/maven/shared/maven-common-artifact-filters/1.3/maven-common-artifact-filters-1.3.jar (31 KB at 174.3 KB/sec)
Downloading: https://repo.maven.apache.org/maven2/org/apache/maven/reporting/maven-reporting-api/2.0.9/maven-reporting-api-2.0.9.jar
115/115 KB   184/309 KB   244/257 KB   115/115 KB   188/309 KB   244/257 KB   115/115 KB   192/309 KB   244/257 KB   115/115 KB   196/309 KB   244/257 KB   115/115 KB   200/309 KB   244/257 KB   115/115 KB   204/309 KB   244/257 KB   115/115 KB   208/309 KB   244/257 KB   115/115 KB   212/309 KB   244/257 KB   115/115 KB   216/309 KB   244/257 KB   115/115 KB   220/309 KB   248/257 KB   115/115 KB   216/309 KB   248/257 KB   115/115 KB   220/309 KB   252/257 KB   115/115 KB   220/309 KB   256/257 KB   115/115 KB   224/309 KB   257/257 KB   115/115 KB   224/309 KB   256/257 KB   115/115 KB   228/309 KB   257/257 KB   115/115 KB   232/309 KB   257/257 KB   115/115 KB   236/309 KB   257/257 KB   115/115 KB   240/309 KB   257/257 KB   115/115 KB   244/309 KB   257/257 KB   115/115 KB   248/309 KB   257/257 KB   115/115 KB   252/309 KB   257/257 KB   115/115 KB   256/309 KB   257/257 KB   115/115 KB   260/309 KB   257/257 KB   115/115 KB   264/309 KB   257/257 KB   115/115 KB   268/309 KB   257/257 KB   115/115 KB   272/309 KB   257/257 KB   115/115 KB   276/309 KB   257/257 KB   115/115 KB   280/309 KB   257/257 KB   115/115 KB   284/309 KB   257/257 KB   115/115 KB   288/309 KB   257/257 KB   115/115 KB   292/309 KB   257/257 KB   115/115 KB   296/309 KB   257/257 KB   115/115 KB   300/309 KB   257/257 KB   115/115 KB   304/309 KB   257/257 KB   115/115 KB   308/309 KB   257/257 KB   115/115 KB   309/309 KB   257/257 KB                                          Downloaded: https://repo.maven.apache.org/maven2/org/apache/maven/surefire/surefire-api/2.12.4/surefire-api-2.12.4.jar (115 KB at 574.1 KB/sec)
Downloading: https://repo.maven.apache.org/maven2/org/apache/maven/plugin-tools/maven-plugin-annotations/3.1/maven-plugin-annotations-3.1.jar
3/227 KB   309/309 KB   257/257 KB     5/227 KB   309/309 KB   257/257 KB   8/227 KB   309/309 KB   257/257 KB   11/227 KB   309/309 KB   257/257 KB   13/227 KB   309/309 KB   257/257 KB   16/227 KB   309/309 KB   257/257 KB   19/227 KB   309/309 KB   257/257 KB   21/227 KB   309/309 KB   257/257 KB   24/227 KB   309/309 KB   257/257 KB   27/227 KB   309/309 KB   257/257 KB   29/227 KB   309/309 KB   257/257 KB   32/227 KB   309/309 KB   257/257 KB   36/227 KB   309/309 KB   257/257 KB   40/227 KB   309/309 KB   257/257 KB   44/227 KB   309/309 KB   257/257 KB   3/10 KB   44/227 KB   309/309 KB   257/257 KB   5/10 KB   44/227 KB   309/309 KB   257/257 KB   8/10 KB   44/227 KB   309/309 KB   257/257 KB   10/10 KB   44/227 KB   309/309 KB   257/257 KB   10/10 KB   48/227 KB   309/309 KB   257/257 KB                                                    Downloaded: https://repo.maven.apache.org/maven2/org/apache/maven/surefire/maven-surefire-common/2.12.4/maven-surefire-common-2.12.4.jar (257 KB at 1064.2 KB/sec)
10/10 KB   52/227 KB   309/309 KB                10/10 KB   56/227 KB   309/309 KB   10/10 KB   60/227 KB   309/309 KB   10/10 KB   64/227 KB   309/309 KB   10/10 KB   68/227 KB   309/309 KB   10/10 KB   72/227 KB   309/309 KB   10/10 KB   76/227 KB   309/309 KB   10/10 KB   80/227 KB   309/309 KB   10/10 KB   84/227 KB   309/309 KB   10/10 KB   88/227 KB   309/309 KB   10/10 KB   92/227 KB   309/309 KB   10/10 KB   96/227 KB   309/309 KB   10/10 KB   100/227 KB   309/309 KB   10/10 KB   104/227 KB   309/309 KB   10/10 KB   108/227 KB   309/309 KB   10/10 KB   112/227 KB   309/309 KB   10/10 KB   116/227 KB   309/309 KB   10/10 KB   120/227 KB   309/309 KB   10/10 KB   124/227 KB   309/309 KB                                        Downloaded: https://repo.maven.apache.org/maven2/org/apache/commons/commons-lang3/3.1/commons-lang3-3.1.jar (309 KB at 1243.6 KB/sec)
10/10 KB   128/227 KB                10/10 KB   132/227 KB   10/10 KB   136/227 KB   10/10 KB   140/227 KB   10/10 KB   144/227 KB   10/10 KB   144/227 KB   4/14 KB   10/10 KB   144/227 KB   8/14 KB   10/10 KB   144/227 KB   12/14 KB   10/10 KB   144/227 KB   14/14 KB   10/10 KB   148/227 KB   14/14 KB   10/10 KB   152/227 KB   14/14 KB   10/10 KB   156/227 KB   14/14 KB   10/10 KB   160/227 KB   14/14 KB   10/10 KB   164/227 KB   14/14 KB   10/10 KB   168/227 KB   14/14 KB   10/10 KB   172/227 KB   14/14 KB   10/10 KB   176/227 KB   14/14 KB   10/10 KB   180/227 KB   14/14 KB   10/10 KB   184/227 KB   14/14 KB   10/10 KB   188/227 KB   14/14 KB   10/10 KB   192/227 KB   14/14 KB   10/10 KB   196/227 KB   14/14 KB   10/10 KB   200/227 KB   14/14 KB   10/10 KB   204/227 KB   14/14 KB   10/10 KB   208/227 KB   14/14 KB   10/10 KB   212/227 KB   14/14 KB   10/10 KB   216/227 KB   14/14 KB   10/10 KB   220/227 KB   14/14 KB   10/10 KB   224/227 KB   14/14 KB   10/10 KB   227/227 KB   14/14 KB                                      Downloaded: https://repo.maven.apache.org/maven2/org/apache/maven/reporting/maven-reporting-api/2.0.9/maven-reporting-api-2.0.9.jar (10 KB at 35.0 KB/sec)
                                   Downloaded: https://repo.maven.apache.org/maven2/org/apache/maven/plugin-tools/maven-plugin-annotations/3.1/maven-plugin-annotations-3.1.jar (14 KB at 44.6 KB/sec)
                                   Downloaded: https://repo.maven.apache.org/maven2/org/codehaus/plexus/plexus-utils/3.0.8/plexus-utils-3.0.8.jar (227 KB at 716.4 KB/sec)
[INFO] Surefire report directory: /home/travis/build/pedrovgs/Algorithms/target/surefire-reports
Downloading: https://repo.maven.apache.org/maven2/org/apache/maven/surefire/surefire-junit4/2.12.4/surefire-junit4-2.12.4.pom
3/3 KB                             3/3 KB            Downloaded: https://repo.maven.apache.org/maven2/org/apache/maven/surefire/surefire-junit4/2.12.4/surefire-junit4-2.12.4.pom (3 KB at 21.2 KB/sec)
Downloading: https://repo.maven.apache.org/maven2/org/apache/maven/surefire/surefire-providers/2.12.4/surefire-providers-2.12.4.pom
3/3 KB   3/3 KB            Downloaded: https://repo.maven.apache.org/maven2/org/apache/maven/surefire/surefire-providers/2.12.4/surefire-providers-2.12.4.pom (3 KB at 19.1 KB/sec)
Downloading: https://repo.maven.apache.org/maven2/org/apache/maven/surefire/surefire-junit4/2.12.4/surefire-junit4-2.12.4.jar
3/37 KB   5/37 KB   8/37 KB   11/37 KB   13/37 KB   16/37 KB   19/37 KB   21/37 KB   24/37 KB   27/37 KB   29/37 KB   32/37 KB   35/37 KB   37/37 KB              Downloaded: https://repo.maven.apache.org/maven2/org/apache/maven/surefire/surefire-junit4/2.12.4/surefire-junit4-2.12.4.jar (37 KB at 279.5 KB/sec)

-------------------------------------------------------
 T E S T S
-------------------------------------------------------
Running com.github.pedrovgs.app.problem4.SquareRootTest
Tests run: 6, Failures: 0, Errors: 0, Skipped: 0, Time elapsed: 0.085 sec
Running com.github.pedrovgs.app.problem2.VectorScalarProductTest
Tests run: 5, Failures: 0, Errors: 0, Skipped: 0, Time elapsed: 0.013 sec
Running com.github.pedrovgs.app.problem1.BitsCounterTest
Tests run: 10, Failures: 0, Errors: 0, Skipped: 0, Time elapsed: 0.026 sec
Running com.github.pedrovgs.app.problem3.SumBinaryNumberTest
Tests run: 15, Failures: 0, Errors: 0, Skipped: 0, Time elapsed: 0.061 sec

Results :

Tests run: 36, Failures: 0, Errors: 0, Skipped: 0

[INFO] 
[INFO] --- maven-jar-plugin:2.4:jar (default-jar) @ algorithms ---
Downloading: https://repo.maven.apache.org/maven2/org/apache/maven/maven-archiver/2.5/maven-archiver-2.5.pom
3/5 KB     5/5 KB            Downloaded: https://repo.maven.apache.org/maven2/org/apache/maven/maven-archiver/2.5/maven-archiver-2.5.pom (5 KB at 40.7 KB/sec)
Downloading: https://repo.maven.apache.org/maven2/org/codehaus/plexus/plexus-archiver/2.1/plexus-archiver-2.1.pom
3/3 KB   3/3 KB            Downloaded: https://repo.maven.apache.org/maven2/org/codehaus/plexus/plexus-archiver/2.1/plexus-archiver-2.1.pom (3 KB at 26.4 KB/sec)
Downloading: https://repo.maven.apache.org/maven2/org/codehaus/plexus/plexus-io/2.0.2/plexus-io-2.0.2.pom
2/2 KB            Downloaded: https://repo.maven.apache.org/maven2/org/codehaus/plexus/plexus-io/2.0.2/plexus-io-2.0.2.pom (2 KB at 16.4 KB/sec)
Downloading: https://repo.maven.apache.org/maven2/org/codehaus/plexus/plexus-components/1.1.19/plexus-components-1.1.19.pom
3/3 KB   3/3 KB            Downloaded: https://repo.maven.apache.org/maven2/org/codehaus/plexus/plexus-components/1.1.19/plexus-components-1.1.19.pom (3 KB at 25.6 KB/sec)
Downloading: https://repo.maven.apache.org/maven2/org/codehaus/plexus/plexus/3.0.1/plexus-3.0.1.pom
3/19 KB   5/19 KB   8/19 KB   11/19 KB   13/19 KB   16/19 KB   19/19 KB   19/19 KB              Downloaded: https://repo.maven.apache.org/maven2/org/codehaus/plexus/plexus/3.0.1/plexus-3.0.1.pom (19 KB at 158.1 KB/sec)
Downloading: https://repo.maven.apache.org/maven2/org/codehaus/plexus/plexus-interpolation/1.15/plexus-interpolation-1.15.pom
1018/1018 B                 Downloaded: https://repo.maven.apache.org/maven2/org/codehaus/plexus/plexus-interpolation/1.15/plexus-interpolation-1.15.pom (1018 B at 9.3 KB/sec)
Downloading: https://repo.maven.apache.org/maven2/commons-lang/commons-lang/2.1/commons-lang-2.1.pom
3/10 KB       5/10 KB   8/10 KB   10/10 KB              Downloaded: https://repo.maven.apache.org/maven2/commons-lang/commons-lang/2.1/commons-lang-2.1.pom (10 KB at 88.1 KB/sec)
Downloading: https://repo.maven.apache.org/maven2/org/apache/maven/maven-archiver/2.5/maven-archiver-2.5.jar
Downloading: https://repo.maven.apache.org/maven2/org/codehaus/plexus/plexus-interpolation/1.15/plexus-interpolation-1.15.jar
Downloading: https://repo.maven.apache.org/maven2/org/codehaus/plexus/plexus-archiver/2.1/plexus-archiver-2.1.jar
Downloading: https://repo.maven.apache.org/maven2/org/codehaus/plexus/plexus-io/2.0.2/plexus-io-2.0.2.jar
Downloading: https://repo.maven.apache.org/maven2/commons-lang/commons-lang/2.1/commons-lang-2.1.jar
3/181 KB   3/60 KB   3/181 KB   3/60 KB   3/57 KB   3/181 KB   5/60 KB   5/57 KB   3/181 KB   3/22 KB   5/60 KB   8/57 KB   3/181 KB   3/22 KB   5/60 KB   11/57 KB   3/181 KB   3/22 KB   5/60 KB   13/57 KB   3/181 KB   5/60 KB   3/57 KB   3/181 KB   3/22 KB   8/60 KB   13/57 KB   3/181 KB   3/22 KB   11/60 KB   13/57 KB   3/181 KB   3/22 KB   5/60 KB   5/57 KB   3/181 KB   5/22 KB   11/60 KB   13/57 KB   3/181 KB   8/22 KB   13/60 KB   13/57 KB   3/181 KB   11/22 KB   13/60 KB   13/57 KB   3/181 KB   13/22 KB   13/60 KB   16/57 KB   3/181 KB   16/22 KB   13/60 KB   16/57 KB   3/181 KB   19/22 KB   13/60 KB   16/57 KB   3/181 KB   5/22 KB   13/60 KB   13/57 KB   3/181 KB   19/22 KB   16/60 KB   16/57 KB   3/181 KB   19/22 KB   19/60 KB   16/57 KB   3/181 KB   19/22 KB   21/60 KB   16/57 KB   3/181 KB   19/22 KB   24/60 KB   16/57 KB   3/181 KB   11/22 KB   13/60 KB   16/57 KB   3/181 KB   19/22 KB   24/60 KB   19/57 KB   3/181 KB   19/22 KB   24/60 KB   21/57 KB   3/181 KB   19/22 KB   24/60 KB   24/57 KB   3/181 KB   3/203 KB   21/22 KB   24/60 KB   27/57 KB   5/181 KB   3/203 KB   21/22 KB   27/60 KB   29/57 KB   5/181 KB   3/203 KB   21/22 KB   27/60 KB   32/57 KB   5/181 KB   3/203 KB   21/22 KB   27/60 KB   36/57 KB   5/181 KB   3/203 KB   21/22 KB   24/60 KB   24/57 KB   5/181 KB   3/203 KB   21/22 KB   24/60 KB   24/57 KB   3/181 KB   21/22 KB   24/60 KB   24/57 KB   3/181 KB   3/203 KB   22/22 KB   27/60 KB   36/57 KB   5/181 KB   3/203 KB   21/22 KB   27/60 KB   27/57 KB   5/181 KB   3/203 KB   22/22 KB   29/60 KB   36/57 KB   5/181 KB   3/203 KB   22/22 KB   32/60 KB   36/57 KB   5/181 KB   5/203 KB   22/22 KB   36/60 KB   36/57 KB   5/181 KB   5/203 KB   22/22 KB   40/60 KB   40/57 KB   5/181 KB   5/203 KB   22/22 KB   44/60 KB   40/57 KB   5/181 KB   5/203 KB   22/22 KB   32/60 KB   36/57 KB   5/181 KB   8/203 KB   22/22 KB   44/60 KB   40/57 KB   8/181 KB   11/203 KB   22/22 KB   44/60 KB   40/57 KB   8/181 KB   13/203 KB   22/22 KB   44/60 KB   40/57 KB   8/181 KB   16/203 KB   22/22 KB   44/60 KB   40/57 KB   8/181 KB   19/203 KB   22/22 KB   48/60 KB   40/57 KB   8/181 KB   21/203 KB   22/22 KB   48/60 KB   40/57 KB   8/181 KB   24/203 KB   22/22 KB   48/60 KB   40/57 KB   8/181 KB   27/203 KB   22/22 KB   48/60 KB   40/57 KB   8/181 KB   5/203 KB   22/22 KB   44/60 KB   40/57 KB   8/181 KB   27/203 KB   22/22 KB   48/60 KB   40/57 KB   11/181 KB   5/203 KB   22/22 KB   36/60 KB   40/57 KB   5/181 KB   27/203 KB   22/22 KB   48/60 KB   44/57 KB   11/181 KB   27/203 KB   22/22 KB   48/60 KB   48/57 KB   11/181 KB   27/203 KB   22/22 KB   48/60 KB   52/57 KB   11/181 KB   27/203 KB   22/22 KB   48/60 KB   56/57 KB   13/181 KB   27/203 KB   22/22 KB   48/60 KB   57/57 KB   13/181 KB   16/203 KB   22/22 KB   48/60 KB   40/57 KB   8/181 KB   27/203 KB   22/22 KB   52/60 KB   57/57 KB   13/181 KB   27/203 KB   22/22 KB   56/60 KB   57/57 KB   13/181 KB   27/203 KB   22/22 KB   60/60 KB   57/57 KB   13/181 KB   27/203 KB   22/22 KB   48/60 KB   52/57 KB   13/181 KB   27/203 KB   22/22 KB   60/60 KB   57/57 KB   16/181 KB   27/203 KB   22/22 KB   60/60 KB   57/57 KB   19/181 KB   27/203 KB   22/22 KB   60/60 KB   57/57 KB   21/181 KB   27/203 KB   22/22 KB   60/60 KB   57/57 KB   24/181 KB   29/203 KB   22/22 KB   60/60 KB   57/57 KB   27/181 KB   29/203 KB   22/22 KB   60/60 KB   57/57 KB   29/181 KB   29/203 KB   22/22 KB   60/60 KB   57/57 KB   32/181 KB   29/203 KB   22/22 KB   60/60 KB   57/57 KB   36/181 KB   29/203 KB   22/22 KB   60/60 KB   57/57 KB   24/181 KB   32/203 KB   22/22 KB   60/60 KB   57/57 KB   36/181 KB   36/203 KB   22/22 KB   60/60 KB   57/57 KB   36/181 KB   40/203 KB   22/22 KB   60/60 KB   57/57 KB   36/181 KB   44/203 KB   22/22 KB   60/60 KB   57/57 KB   36/181 KB   48/203 KB   22/22 KB   60/60 KB   57/57 KB   40/181 KB   44/203 KB   22/22 KB   60/60 KB   57/57 KB   40/181 KB   48/203 KB   22/22 KB   60/60 KB   57/57 KB   44/181 KB   52/203 KB   22/22 KB   60/60 KB   57/57 KB   48/181 KB   52/203 KB   22/22 KB   60/60 KB   57/57 KB   52/181 KB   52/203 KB   22/22 KB   60/60 KB   57/57 KB   44/181 KB   56/203 KB   22/22 KB   60/60 KB   57/57 KB   52/181 KB   60/203 KB   22/22 KB   60/60 KB   57/57 KB   52/181 KB   64/203 KB   22/22 KB   60/60 KB   57/57 KB   56/181 KB   60/203 KB   22/22 KB   60/60 KB   57/57 KB   56/181 KB   64/203 KB   22/22 KB   60/60 KB   57/57 KB   60/181 KB   68/203 KB   22/22 KB   60/60 KB   57/57 KB   64/181 KB   68/203 KB   22/22 KB   60/60 KB   57/57 KB   68/181 KB   68/203 KB   22/22 KB   60/60 KB   57/57 KB   72/181 KB   68/203 KB   22/22 KB   60/60 KB   57/57 KB   76/181 KB   68/203 KB   22/22 KB   60/60 KB   57/57 KB   80/181 KB   68/203 KB   22/22 KB   60/60 KB   57/57 KB   84/181 KB   68/203 KB   22/22 KB   60/60 KB   57/57 KB   88/181 KB   68/203 KB   22/22 KB   60/60 KB   57/57 KB   60/181 KB   72/203 KB   22/22 KB   60/60 KB   57/57 KB   88/181 KB   76/203 KB   22/22 KB   60/60 KB   57/57 KB   88/181 KB   80/203 KB   22/22 KB   60/60 KB   57/57 KB   88/181 KB   84/203 KB   22/22 KB   60/60 KB   57/57 KB   88/181 KB   88/203 KB   22/22 KB   60/60 KB   57/57 KB   88/181 KB   92/203 KB   22/22 KB   60/60 KB   57/57 KB   88/181 KB   96/203 KB   22/22 KB   60/60 KB   57/57 KB   88/181 KB   100/203 KB   22/22 KB   60/60 KB   57/57 KB   92/181 KB   104/203 KB   22/22 KB   60/60 KB   57/57 KB   92/181 KB   108/203 KB   22/22 KB   60/60 KB   57/57 KB   92/181 KB   112/203 KB   22/22 KB   60/60 KB   57/57 KB   92/181 KB   116/203 KB   22/22 KB   60/60 KB   57/57 KB   92/181 KB   120/203 KB   22/22 KB   60/60 KB   57/57 KB   92/181 KB   96/203 KB   22/22 KB   60/60 KB   57/57 KB   92/181 KB   120/203 KB   22/22 KB   60/60 KB   57/57 KB   96/181 KB   120/203 KB   22/22 KB   60/60 KB   57/57 KB   100/181 KB   120/203 KB   22/22 KB   60/60 KB   57/57 KB   104/181 KB   120/203 KB   22/22 KB   60/60 KB   57/57 KB   108/181 KB   120/203 KB   22/22 KB   60/60 KB   57/57 KB   112/181 KB   124/203 KB   22/22 KB   60/60 KB   57/57 KB   116/181 KB   124/203 KB   22/22 KB   60/60 KB   57/57 KB   120/181 KB   124/203 KB   22/22 KB   60/60 KB   57/57 KB   124/181 KB   124/203 KB   22/22 KB   60/60 KB   57/57 KB   128/181 KB   124/203 KB   22/22 KB   60/60 KB   57/57 KB   112/181 KB   128/203 KB   22/22 KB   60/60 KB   57/57 KB   128/181 KB   132/203 KB   22/22 KB   60/60 KB   57/57 KB   128/181 KB   136/203 KB   22/22 KB   60/60 KB   57/57 KB   128/181 KB   140/203 KB   22/22 KB   60/60 KB   57/57 KB   128/181 KB   144/203 KB   22/22 KB   60/60 KB   57/57 KB   128/181 KB                                                              Downloaded: https://repo.maven.apache.org/maven2/org/apache/maven/maven-archiver/2.5/maven-archiver-2.5.jar (22 KB at 127.6 KB/sec)
144/203 KB   60/60 KB   57/57 KB   132/181 KB              144/203 KB   60/60 KB   57/57 KB   136/181 KB   148/203 KB   60/60 KB   57/57 KB   140/181 KB   148/203 KB   60/60 KB   57/57 KB   136/181 KB   152/203 KB   60/60 KB   57/57 KB   140/181 KB   152/203 KB   60/60 KB   57/57 KB   144/181 KB   152/203 KB   60/60 KB   57/57 KB   148/181 KB   156/203 KB   60/60 KB   57/57 KB   152/181 KB   156/203 KB   60/60 KB   57/57 KB   156/181 KB   156/203 KB   60/60 KB   57/57 KB   148/181 KB   160/203 KB   60/60 KB   57/57 KB   156/181 KB   160/203 KB   60/60 KB   57/57 KB   160/181 KB   164/203 KB   60/60 KB   57/57 KB   160/181 KB   168/203 KB   60/60 KB   57/57 KB   160/181 KB   172/203 KB   60/60 KB   57/57 KB   164/181 KB   176/203 KB   60/60 KB   57/57 KB   164/181 KB   180/203 KB   60/60 KB   57/57 KB   164/181 KB   184/203 KB   60/60 KB   57/57 KB   164/181 KB   188/203 KB   60/60 KB   57/57 KB   164/181 KB   168/203 KB   60/60 KB   57/57 KB   164/181 KB   188/203 KB   60/60 KB   57/57 KB   168/181 KB   188/203 KB   60/60 KB   57/57 KB   172/181 KB   188/203 KB   60/60 KB   57/57 KB   176/181 KB   192/203 KB   60/60 KB   57/57 KB   176/181 KB   196/203 KB   60/60 KB   57/57 KB   180/181 KB   200/203 KB   60/60 KB   57/57 KB   180/181 KB   203/203 KB   60/60 KB   57/57 KB   180/181 KB   192/203 KB   60/60 KB   57/57 KB   180/181 KB   203/203 KB   60/60 KB   57/57 KB   181/181 KB                                                   Downloaded: https://repo.maven.apache.org/maven2/org/codehaus/plexus/plexus-interpolation/1.15/plexus-interpolation-1.15.jar (60 KB at 315.8 KB/sec)
                                                Downloaded: https://repo.maven.apache.org/maven2/org/codehaus/plexus/plexus-io/2.0.2/plexus-io-2.0.2.jar (57 KB at 304.3 KB/sec)
                                                Downloaded: https://repo.maven.apache.org/maven2/org/codehaus/plexus/plexus-archiver/2.1/plexus-archiver-2.1.jar (181 KB at 776.4 KB/sec)
                                                Downloaded: https://repo.maven.apache.org/maven2/commons-lang/commons-lang/2.1/commons-lang-2.1.jar (203 KB at 852.3 KB/sec)
[INFO] Building jar: /home/travis/build/pedrovgs/Algorithms/target/algorithms-1.0-SNAPSHOT.jar
[INFO] 
[INFO] --- maven-install-plugin:2.4:install (default-install) @ algorithms ---
Downloading: https://repo.maven.apache.org/maven2/org/codehaus/plexus/plexus-utils/3.0.5/plexus-utils-3.0.5.pom
3/3 KB                                          3/3 KB            Downloaded: https://repo.maven.apache.org/maven2/org/codehaus/plexus/plexus-utils/3.0.5/plexus-utils-3.0.5.pom (3 KB at 22.5 KB/sec)
Downloading: https://repo.maven.apache.org/maven2/org/codehaus/plexus/plexus/3.1/plexus-3.1.pom
3/19 KB   5/19 KB   8/19 KB   11/19 KB   13/19 KB   16/19 KB   19/19 KB   19/19 KB              Downloaded: https://repo.maven.apache.org/maven2/org/codehaus/plexus/plexus/3.1/plexus-3.1.pom (19 KB at 158.1 KB/sec)
Downloading: https://repo.maven.apache.org/maven2/org/codehaus/plexus/plexus-digest/1.0/plexus-digest-1.0.pom
2/2 KB              Downloaded: https://repo.maven.apache.org/maven2/org/codehaus/plexus/plexus-digest/1.0/plexus-digest-1.0.pom (2 KB at 9.4 KB/sec)
Downloading: https://repo.maven.apache.org/maven2/org/codehaus/plexus/plexus-components/1.1.7/plexus-components-1.1.7.pom
3/5 KB   5/5 KB   5/5 KB            Downloaded: https://repo.maven.apache.org/maven2/org/codehaus/plexus/plexus-components/1.1.7/plexus-components-1.1.7.pom (5 KB at 42.2 KB/sec)
Downloading: https://repo.maven.apache.org/maven2/org/codehaus/plexus/plexus/1.0.8/plexus-1.0.8.pom
3/8 KB   5/8 KB   8/8 KB            Downloaded: https://repo.maven.apache.org/maven2/org/codehaus/plexus/plexus/1.0.8/plexus-1.0.8.pom (8 KB at 61.9 KB/sec)
Downloading: https://repo.maven.apache.org/maven2/org/codehaus/plexus/plexus-container-default/1.0-alpha-8/plexus-container-default-1.0-alpha-8.pom
3/8 KB   5/8 KB   8/8 KB            Downloaded: https://repo.maven.apache.org/maven2/org/codehaus/plexus/plexus-container-default/1.0-alpha-8/plexus-container-default-1.0-alpha-8.pom (8 KB at 59.6 KB/sec)
Downloading: https://repo.maven.apache.org/maven2/org/codehaus/plexus/plexus-utils/3.0.5/plexus-utils-3.0.5.jar
Downloading: https://repo.maven.apache.org/maven2/org/codehaus/plexus/plexus-digest/1.0/plexus-digest-1.0.jar
3/226 KB   3/12 KB   5/226 KB   3/12 KB   3/226 KB   5/12 KB   5/226 KB   8/12 KB   8/226 KB   5/12 KB   8/226 KB   11/12 KB   8/226 KB   12/12 KB   8/226 KB   12/12 KB   11/226 KB   12/12 KB   13/226 KB   12/12 KB   16/226 KB   12/12 KB   19/226 KB   12/12 KB   21/226 KB   12/12 KB   24/226 KB   12/12 KB   27/226 KB   12/12 KB   29/226 KB   12/12 KB   32/226 KB   12/12 KB   36/226 KB   12/12 KB   40/226 KB   12/12 KB   44/226 KB   12/12 KB   48/226 KB   12/12 KB   52/226 KB   12/12 KB   56/226 KB   12/12 KB   60/226 KB   12/12 KB   64/226 KB   12/12 KB   68/226 KB   12/12 KB   72/226 KB   12/12 KB   76/226 KB   12/12 KB   80/226 KB   12/12 KB   84/226 KB   12/12 KB   88/226 KB   12/12 KB   92/226 KB   12/12 KB   96/226 KB   12/12 KB   100/226 KB   12/12 KB   104/226 KB   12/12 KB   108/226 KB   12/12 KB   112/226 KB   12/12 KB   116/226 KB   12/12 KB   120/226 KB   12/12 KB   124/226 KB   12/12 KB   128/226 KB   12/12 KB   132/226 KB   12/12 KB   136/226 KB   12/12 KB   140/226 KB   12/12 KB   144/226 KB   12/12 KB   148/226 KB   12/12 KB   152/226 KB   12/12 KB   156/226 KB   12/12 KB   160/226 KB   12/12 KB   164/226 KB   12/12 KB   168/226 KB   12/12 KB   172/226 KB   12/12 KB   176/226 KB   12/12 KB   180/226 KB   12/12 KB   184/226 KB   12/12 KB   188/226 KB   12/12 KB   192/226 KB   12/12 KB   196/226 KB   12/12 KB   200/226 KB   12/12 KB   204/226 KB   12/12 KB   208/226 KB   12/12 KB   212/226 KB   12/12 KB   216/226 KB   12/12 KB   220/226 KB   12/12 KB   224/226 KB   12/12 KB   226/226 KB                           Downloaded: https://repo.maven.apache.org/maven2/org/codehaus/plexus/plexus-digest/1.0/plexus-digest-1.0.jar (12 KB at 89.1 KB/sec)
                        Downloaded: https://repo.maven.apache.org/maven2/org/codehaus/plexus/plexus-utils/3.0.5/plexus-utils-3.0.5.jar (226 KB at 1308.4 KB/sec)
[INFO] Installing /home/travis/build/pedrovgs/Algorithms/target/algorithms-1.0-SNAPSHOT.jar to /home/travis/.m2/repository/com/github/pedrovgs/app/algorithms/1.0-SNAPSHOT/algorithms-1.0-SNAPSHOT.jar
[INFO] Installing /home/travis/build/pedrovgs/Algorithms/pom.xml to /home/travis/.m2/repository/com/github/pedrovgs/app/algorithms/1.0-SNAPSHOT/algorithms-1.0-SNAPSHOT.pom
[INFO] ------------------------------------------------------------------------
[INFO] BUILD SUCCESS
[INFO] ------------------------------------------------------------------------
[INFO] Total time: 29.737 s
[INFO] Finished at: 2016-11-15T18:29:15+00:00
[INFO] Final Memory: 14M/35M
[INFO] ------------------------------------------------------------------------

travis_time:end:086ab4b6:start=1479234523695454272,finish=1479234555357859730,duration=31662405458[0Ktravis_fold:end:install[0Ktravis_time:start:1d24e76e[0K$ mvn test -B
[INFO] Scanning for projects...
[INFO]                                                                         
[INFO] ------------------------------------------------------------------------
[INFO] Building Algorithms 1.0-SNAPSHOT
[INFO] ------------------------------------------------------------------------
[INFO] 
[INFO] --- maven-resources-plugin:2.6:resources (default-resources) @ algorithms ---
[WARNING] Using platform encoding (UTF-8 actually) to copy filtered resources, i.e. build is platform dependent!
[INFO] skip non existing resourceDirectory /home/travis/build/pedrovgs/Algorithms/src/main/resources
[INFO] 
[INFO] --- maven-compiler-plugin:3.1:compile (default-compile) @ algorithms ---
[INFO] Nothing to compile - all classes are up to date
[INFO] 
[INFO] --- maven-resources-plugin:2.6:testResources (default-testResources) @ algorithms ---
[WARNING] Using platform encoding (UTF-8 actually) to copy filtered resources, i.e. build is platform dependent!
[INFO] skip non existing resourceDirectory /home/travis/build/pedrovgs/Algorithms/src/test/resources
[INFO] 
[INFO] --- maven-compiler-plugin:3.1:testCompile (default-testCompile) @ algorithms ---
[INFO] Nothing to compile - all classes are up to date
[INFO] 
[INFO] --- maven-surefire-plugin:2.12.4:test (default-test) @ algorithms ---
[INFO] Surefire report directory: /home/travis/build/pedrovgs/Algorithms/target/surefire-reports

-------------------------------------------------------
 T E S T S
-------------------------------------------------------
Running com.github.pedrovgs.app.problem4.SquareRootTest
Tests run: 6, Failures: 0, Errors: 0, Skipped: 0, Time elapsed: 0.059 sec
Running com.github.pedrovgs.app.problem2.VectorScalarProductTest
Tests run: 5, Failures: 0, Errors: 0, Skipped: 0, Time elapsed: 0.006 sec
Running com.github.pedrovgs.app.problem1.BitsCounterTest
Tests run: 10, Failures: 0, Errors: 0, Skipped: 0, Time elapsed: 0.028 sec
Running com.github.pedrovgs.app.problem3.SumBinaryNumberTest
Tests run: 15, Failures: 0, Errors: 0, Skipped: 0, Time elapsed: 0.049 sec

Results :

Tests run: 36, Failures: 0, Errors: 0, Skipped: 0

[INFO] ------------------------------------------------------------------------
[INFO] BUILD SUCCESS
[INFO] ------------------------------------------------------------------------
[INFO] Total time: 3.035 s
[INFO] Finished at: 2016-11-15T18:29:20+00:00
[INFO] Final Memory: 6M/16M
[INFO] ------------------------------------------------------------------------

travis_time:end:1d24e76e:start=1479234555363695025,finish=1479234560274242867,duration=4910547842[0K
[32;1mThe command "mvn test -B" exited with 0.[0m

Done. Your build exited with 0.
