travis_fold:start:system_info[0K[33;1mBuild system information[0m
Build language: java
Build id: ''
Job id: ''
[34m[1mBuild image provisioning date and time[0m
Thu Feb  5 15:09:33 UTC 2015
[34m[1mOperating System Details[0m
Distributor ID:	Ubuntu
Description:	Ubuntu 12.04.5 LTS
Release:	12.04
Codename:	precise
[34m[1mLinux Version[0m
3.13.0-29-generic
[34m[1mCookbooks Version[0m
a68419e https://github.com/travis-ci/travis-cookbooks/tree/a68419e
[34m[1mGCC version[0m
gcc (Ubuntu/Linaro 4.6.3-1ubuntu5) 4.6.3
Copyright (C) 2011 Free Software Foundation, Inc.
This is free software; see the source for copying conditions.  There is NO
warranty; not even for MERCHANTABILITY or FITNESS FOR A PARTICULAR PURPOSE.

[34m[1mLLVM version[0m
clang version 3.4 (tags/RELEASE_34/final)
Target: x86_64-unknown-linux-gnu
Thread model: posix
[34m[1mPre-installed Ruby versions[0m
ruby-1.9.3-p551
[34m[1mPre-installed Node.js versions[0m
v0.10.36
[34m[1mPre-installed Go versions[0m
1.4.1
[34m[1mRedis version[0m
redis-server 2.8.19
[34m[1mriak version[0m
2.0.2
[34m[1mMongoDB version[0m
MongoDB 2.4.12
[34m[1mCouchDB version[0m
couchdb 1.6.1
[34m[1mNeo4j version[0m
1.9.4
[34m[1mRabbitMQ Version[0m
3.4.3
[34m[1mElasticSearch version[0m
1.4.0
[34m[1mInstalled Sphinx versions[0m
2.0.10
2.1.9
2.2.6
[34m[1mDefault Sphinx version[0m
2.2.6
[34m[1mInstalled Firefox version[0m
firefox 31.0esr
[34m[1mPhantomJS version[0m
1.9.8
[34m[1mant -version[0m
Apache Ant(TM) version 1.8.2 compiled on December 3 2011
[34m[1mmvn -version[0m
Apache Maven 3.2.5 (12a6b3acb947671f09b81f49094c53f426d8cea1; 2014-12-14T17:29:23+00:00)
Maven home: /usr/local/maven
Java version: 1.7.0_76, vendor: Oracle Corporation
Java home: /usr/lib/jvm/java-7-oracle/jre
Default locale: en_US, platform encoding: ANSI_X3.4-1968
OS name: "linux", version: "3.13.0-29-generic", arch: "amd64", family: "unix"
travis_fold:end:system_info[0K
sed: cannot rename /etc/hosts: Device or resource busy
sed: cannot rename /etc/hosts: Device or resource busy
$ cd google/guice

[33;1mSetting environment variables from .travis.yml[0m
$ export LABEL=mvn
$ export CMD="mvn verify --fail-at-end -Dsource.skip=true -Dmaven.javadoc.skip=true"
$ export INSTALL="mvn dependency:go-offline install clean --fail-never --quiet -DskipTests=true -Dsource.skip=true -Dmaven.javadoc.skip=true"

$ jdk_switcher use openjdk7
Switching to OpenJDK7 (java-1.7.0-openjdk-amd64), JAVA_HOME will be set to /usr/lib/jvm/java-7-openjdk-amd64
$ java -Xmx32m -version
java version "1.7.0_75"
OpenJDK Runtime Environment (IcedTea 2.5.4) (7u75-2.5.4-1~precise1)
OpenJDK 64-Bit Server VM (build 24.75-b04, mixed mode)
$ javac -J-Xmx32m -version
javac 1.7.0_75
travis_fold:start:install[0Ktravis_time:start:0c131e44[0K$ ${INSTALL}
Should not skip: ^

travis_time:end:0c131e44:start=1479341883455171901,finish=1479342035084507062,duration=151629335161[0Ktravis_fold:end:install[0Ktravis_time:start:00c477a8[0K$ ${CMD}
[INFO] Scanning for projects...
[INFO] ------------------------------------------------------------------------
[INFO] Reactor Build Order:
[INFO] 
[INFO] Google Guice
[INFO] Google Guice - Core Library
[INFO] Google Guice - Extensions
[INFO] Google Guice - Extensions - AssistedInject
[INFO] Google Guice - Extensions - MultiBindings
[INFO] Google Guice - Extensions - Grapher
[INFO] Google Guice - Extensions - JMX
[INFO] Google Guice - Extensions - JNDI
[INFO] Google Guice - Extensions - Persist
[INFO] Google Guice - Extensions - Servlet
[INFO] Google Guice - Extensions - Spring
[INFO] Google Guice - Extensions - Struts2
[INFO] Google Guice - Extensions - TestLib
[INFO] Google Guice - Extensions - ThrowingProviders
[INFO]                                                                         
[INFO] ------------------------------------------------------------------------
[INFO] Building Google Guice 4.0-SNAPSHOT
[INFO] ------------------------------------------------------------------------
[INFO] 
[INFO] --- maven-gpg-plugin:1.4:sign (sign-artifacts) @ guice-parent ---
[INFO]                                                                         
[INFO] ------------------------------------------------------------------------
[INFO] Building Google Guice - Core Library 4.0-SNAPSHOT
[INFO] ------------------------------------------------------------------------
[INFO] 
[INFO] --- maven-remote-resources-plugin:1.1:process (default) @ guice ---
[INFO] Setting property: classpath.resource.loader.class => 'org.codehaus.plexus.velocity.ContextClassLoaderResourceLoader'.
[INFO] Setting property: velocimacro.messages.on => 'false'.
[INFO] Setting property: resource.loader => 'classpath'.
[INFO] Setting property: resource.manager.logwhenfound => 'false'.
[INFO] 
[INFO] --- maven-resources-plugin:2.6:resources (default-resources) @ guice ---
[INFO] Using 'UTF-8' encoding to copy filtered resources.
[INFO] Copying 0 resource
[INFO] Copying 3 resources
[INFO] 
[INFO] --- maven-compiler-plugin:2.3.2:compile (default-compile) @ guice ---
[INFO] Compiling 189 source files to /home/travis/build/google/guice/core/target/classes
[INFO] 
[INFO] --- animal-sniffer-maven-plugin:1.10:check (check-java-1.6-compat) @ guice ---
[INFO] Checking unresolved references to org.codehaus.mojo.signature:java16:1.0
[INFO] 
[INFO] --- maven-resources-plugin:2.6:testResources (default-testResources) @ guice ---
[INFO] Using 'UTF-8' encoding to copy filtered resources.
[INFO] Copying 0 resource
[INFO] Copying 3 resources
[INFO] 
[INFO] --- maven-compiler-plugin:2.3.2:testCompile (default-testCompile) @ guice ---
[INFO] Compiling 85 source files to /home/travis/build/google/guice/core/target/test-classes
[INFO] 
[INFO] --- maven-surefire-plugin:2.5:test (default-test) @ guice ---
Downloading: https://repo.maven.apache.org/maven2/org/apache/maven/surefire/surefire-junit4/2.5/surefire-junit4-2.5.pom
2/2 KB            Downloaded: https://repo.maven.apache.org/maven2/org/apache/maven/surefire/surefire-junit4/2.5/surefire-junit4-2.5.pom (2 KB at 1.9 KB/sec)
Downloading: https://repo.maven.apache.org/maven2/org/apache/maven/surefire/surefire-providers/2.5/surefire-providers-2.5.pom
2/2 KB            Downloaded: https://repo.maven.apache.org/maven2/org/apache/maven/surefire/surefire-providers/2.5/surefire-providers-2.5.pom (2 KB at 14.9 KB/sec)
Downloading: https://repo.maven.apache.org/maven2/junit/junit/4.0/junit-4.0.pom
210/210 B               Downloaded: https://repo.maven.apache.org/maven2/junit/junit/4.0/junit-4.0.pom (210 B at 1.6 KB/sec)
Downloading: https://repo.maven.apache.org/maven2/junit/junit/4.0/junit-4.0.jar
Downloading: https://repo.maven.apache.org/maven2/org/apache/maven/surefire/surefire-junit4/2.5/surefire-junit4-2.5.jar
3/12 KB     5/12 KB   8/12 KB   11/12 KB   12/12 KB   3/104 KB   12/12 KB   5/104 KB   12/12 KB   8/104 KB   12/12 KB   11/104 KB   12/12 KB   13/104 KB   12/12 KB   16/104 KB   12/12 KB   19/104 KB   12/12 KB   21/104 KB   12/12 KB   24/104 KB   12/12 KB   27/104 KB   12/12 KB   29/104 KB   12/12 KB   32/104 KB   12/12 KB   36/104 KB   12/12 KB   40/104 KB   12/12 KB   44/104 KB   12/12 KB   48/104 KB   12/12 KB                          52/104 KB              Downloaded: https://repo.maven.apache.org/maven2/org/apache/maven/surefire/surefire-junit4/2.5/surefire-junit4-2.5.jar (12 KB at 92.7 KB/sec)
56/104 KB   60/104 KB   64/104 KB   68/104 KB   72/104 KB   76/104 KB   80/104 KB   84/104 KB   88/104 KB   92/104 KB   96/104 KB   100/104 KB   104/104 KB                Downloaded: https://repo.maven.apache.org/maven2/junit/junit/4.0/junit-4.0.jar (104 KB at 518.2 KB/sec)
[INFO] Surefire report directory: /home/travis/build/google/guice/core/target/surefire-reports

-------------------------------------------------------
 T E S T S
-------------------------------------------------------
Running com.google.inject.internal.WeakKeySetTest
Tests run: 10, Failures: 0, Errors: 0, Skipped: 0, Time elapsed: 0.927 sec
Running com.google.inject.PrivateModuleTest
Tests run: 18, Failures: 0, Errors: 0, Skipped: 0, Time elapsed: 0.356 sec
Running com.google.inject.LoggerInjectionTest
Tests run: 5, Failures: 0, Errors: 0, Skipped: 0, Time elapsed: 0.028 sec
Running com.google.inject.spi.BindingTargetVisitorTest
Tests run: 1, Failures: 0, Errors: 0, Skipped: 0, Time elapsed: 0.004 sec
Running com.google.inject.BindingAnnotationTest
Tests run: 5, Failures: 0, Errors: 0, Skipped: 0, Time elapsed: 0.068 sec
Running com.google.inject.TypeLiteralTypeResolutionTest
Tests run: 16, Failures: 0, Errors: 0, Skipped: 0, Time elapsed: 0.046 sec
Running com.google.inject.name.NamesTest
Tests run: 5, Failures: 0, Errors: 0, Skipped: 0, Time elapsed: 0.018 sec
Running com.google.inject.ModuleTest
Tests run: 1, Failures: 0, Errors: 0, Skipped: 0, Time elapsed: 0.011 sec
Running com.google.inject.internal.util.LineNumbersTest
Tests run: 4, Failures: 0, Errors: 0, Skipped: 0, Time elapsed: 0.043 sec
Running com.google.inject.ProviderInjectionTest
Tests run: 4, Failures: 0, Errors: 0, Skipped: 0, Time elapsed: 0.053 sec
Running com.google.inject.util.ProvidersTest
Tests run: 4, Failures: 0, Errors: 0, Skipped: 0, Time elapsed: 0.01 sec
Running com.google.inject.util.TypesTest
Tests run: 10, Failures: 0, Errors: 0, Skipped: 0, Time elapsed: 0.014 sec
Running com.google.inject.NullableInjectionPointTest
Tests run: 14, Failures: 0, Errors: 0, Skipped: 0, Time elapsed: 0.082 sec
Running com.google.inject.internal.RehashableKeysTest
Tests run: 8, Failures: 0, Errors: 0, Skipped: 0, Time elapsed: 0.007 sec
Running com.google.inject.GenericInjectionTest
Tests run: 9, Failures: 0, Errors: 0, Skipped: 0, Time elapsed: 0.063 sec
Running com.google.inject.util.NoopOverrideTest
Tests run: 32, Failures: 0, Errors: 0, Skipped: 0, Time elapsed: 0.26 sec
Running com.google.inject.ProvisionListenerTest
Tests run: 19, Failures: 0, Errors: 0, Skipped: 0, Time elapsed: 0.189 sec
Running com.google.inject.BindingTest
Tests run: 17, Failures: 0, Errors: 0, Skipped: 0, Time elapsed: 0.251 sec
Running com.google.inject.BindingOrderTest
Tests run: 3, Failures: 0, Errors: 0, Skipped: 0, Time elapsed: 0.04 sec
Running com.google.inject.spi.HasDependenciesTest
Tests run: 3, Failures: 0, Errors: 0, Skipped: 0, Time elapsed: 0.047 sec
Running com.google.inject.OptionalBindingTest
Tests run: 18, Failures: 0, Errors: 0, Skipped: 0, Time elapsed: 0.178 sec
Running com.google.inject.ProvisionExceptionTest
Tests run: 15, Failures: 0, Errors: 0, Skipped: 0, Time elapsed: 0.144 sec
Running com.google.inject.ReflectionTest
Tests run: 3, Failures: 0, Errors: 0, Skipped: 0, Time elapsed: 0.023 sec
Running com.google.inject.spi.SpiBindingsTest
Tests run: 11, Failures: 0, Errors: 0, Skipped: 0, Time elapsed: 0.098 sec
Running com.google.inject.TypeLiteralInjectionTest
Tests run: 5, Failures: 0, Errors: 0, Skipped: 0, Time elapsed: 0.044 sec
Running com.googlecode.guice.Jsr330Test
Tests run: 14, Failures: 0, Errors: 0, Skipped: 0, Time elapsed: 0.127 sec
Running com.google.inject.internal.MoreTypesTest
Tests run: 2, Failures: 0, Errors: 0, Skipped: 0, Time elapsed: 0.005 sec
Running com.google.inject.TypeLiteralTest
Tests run: 13, Failures: 0, Errors: 0, Skipped: 0, Time elapsed: 0.016 sec
Running com.google.inject.DuplicateBindingsTest
Tests run: 18, Failures: 0, Errors: 0, Skipped: 0, Time elapsed: 0.146 sec
Running com.google.inject.ParentInjectorTest
Tests run: 16, Failures: 0, Errors: 0, Skipped: 0, Time elapsed: 0.118 sec
Running com.google.inject.InjectorTest
Tests run: 16, Failures: 0, Errors: 0, Skipped: 0, Time elapsed: 0.124 sec
Running com.google.inject.MembersInjectorTest
Tests run: 11, Failures: 0, Errors: 0, Skipped: 0, Time elapsed: 0.064 sec
Running com.google.inject.internal.ProxyFactoryTest
Tests run: 5, Failures: 0, Errors: 0, Skipped: 0, Time elapsed: 0.065 sec
Running com.google.inject.MethodInterceptionTest
Tests run: 10, Failures: 0, Errors: 0, Skipped: 0, Time elapsed: 0.086 sec
Running com.google.inject.spi.InjectorSpiTest
Tests run: 1, Failures: 0, Errors: 0, Skipped: 0, Time elapsed: 0.007 sec
Running com.google.inject.spi.ProviderMethodsTest
Tests run: 29, Failures: 0, Errors: 0, Skipped: 0, Time elapsed: 0.284 sec
Running com.google.inject.SuperclassTest
Tests run: 1, Failures: 0, Errors: 0, Skipped: 0, Time elapsed: 0.016 sec
Running com.google.inject.ImplicitBindingTest
Tests run: 8, Failures: 0, Errors: 0, Skipped: 0, Time elapsed: 0.108 sec
Running com.google.inject.spi.ToolStageInjectorTest
Tests run: 5, Failures: 0, Errors: 0, Skipped: 0, Time elapsed: 0.061 sec
Running com.google.inject.spi.ModuleRewriterTest
Tests run: 2, Failures: 0, Errors: 0, Skipped: 0, Time elapsed: 0.025 sec
Running com.google.inject.spi.ModuleSourceTest
Tests run: 3, Failures: 0, Errors: 0, Skipped: 0, Time elapsed: 0.015 sec
Running com.google.inject.spi.ElementApplyToTest
Tests run: 32, Failures: 0, Errors: 0, Skipped: 0, Time elapsed: 0.049 sec
Running com.google.inject.JitBindingsTest
Tests run: 23, Failures: 0, Errors: 0, Skipped: 0, Time elapsed: 0.107 sec
Running com.google.inject.internal.UniqueAnnotationsTest
Tests run: 1, Failures: 0, Errors: 0, Skipped: 0, Time elapsed: 0.002 sec
Running com.google.inject.BoundInstanceInjectionTest
Tests run: 4, Failures: 0, Errors: 0, Skipped: 0, Time elapsed: 0.013 sec
Running com.google.inject.RequireAtInjectOnConstructorsTest
Tests run: 8, Failures: 0, Errors: 0, Skipped: 0, Time elapsed: 0.017 sec
Running com.google.inject.matcher.MatcherTest
Tests run: 12, Failures: 0, Errors: 0, Skipped: 0, Time elapsed: 0.019 sec
Running com.google.inject.SerializationTest
Tests run: 2, Failures: 0, Errors: 0, Skipped: 0, Time elapsed: 0.007 sec
Running com.google.inject.util.OverrideModuleTest
Tests run: 25, Failures: 0, Errors: 0, Skipped: 0, Time elapsed: 0.105 sec
Running com.google.inject.spi.ElementsTest
Tests run: 32, Failures: 0, Errors: 0, Skipped: 0, Time elapsed: 0.031 sec
Running com.google.inject.TypeListenerTest
Tests run: 15, Failures: 0, Errors: 0, Skipped: 0, Time elapsed: 0.06 sec
Running com.google.inject.ProvisionExceptionsTest
Tests run: 5, Failures: 0, Errors: 0, Skipped: 0, Time elapsed: 0.024 sec
Running com.google.inject.CircularDependencyTest
Tests run: 19, Failures: 0, Errors: 0, Skipped: 0, Time elapsed: 0.085 sec
Running com.google.inject.spi.ElementSourceTest
Tests run: 2, Failures: 0, Errors: 0, Skipped: 0, Time elapsed: 0.005 sec
Running com.google.inject.IntegrationTest
Tests run: 1, Failures: 0, Errors: 0, Skipped: 0, Time elapsed: 0.008 sec
Running com.google.inject.name.NamedEquivalanceTest
Tests run: 11, Failures: 0, Errors: 0, Skipped: 0, Time elapsed: 0.028 sec
Running com.google.inject.KeyTest
Tests run: 13, Failures: 0, Errors: 0, Skipped: 0, Time elapsed: 0.02 sec
Running com.google.inject.BoundProviderTest
Tests run: 2, Failures: 0, Errors: 0, Skipped: 0, Time elapsed: 0.009 sec
Running com.google.inject.spi.InjectionPointTest
Tests run: 12, Failures: 0, Errors: 0, Skipped: 0, Time elapsed: 0.065 sec
Running com.google.inject.BinderTest
Tests run: 20, Failures: 0, Errors: 0, Skipped: 0, Time elapsed: 0.065 sec
Running com.google.inject.EagerSingletonTest
Tests run: 3, Failures: 0, Errors: 0, Skipped: 0, Time elapsed: 0.009 sec
Running com.googlecode.guice.BytecodeGenTest
Tests run: 8, Failures: 0, Errors: 0, Skipped: 0, Time elapsed: 0.338 sec
Running com.google.inject.RequestInjectionTest
Tests run: 8, Failures: 0, Errors: 0, Skipped: 0, Time elapsed: 0.03 sec
Running com.google.inject.ModulesTest
Tests run: 3, Failures: 0, Errors: 0, Skipped: 0, Time elapsed: 0.011 sec

Results :

Tests run: 655, Failures: 0, Errors: 0, Skipped: 0

[INFO] 
[INFO] --- maven-surefire-plugin:2.5:test (stack-traces-off) @ guice ---
[INFO] Surefire report directory: /home/travis/build/google/guice/core/target/surefire-reports

-------------------------------------------------------
 T E S T S
-------------------------------------------------------
Running com.google.inject.internal.WeakKeySetTest
Tests run: 10, Failures: 0, Errors: 0, Skipped: 0, Time elapsed: 0.803 sec
Running com.google.inject.PrivateModuleTest
Tests run: 18, Failures: 0, Errors: 0, Skipped: 0, Time elapsed: 0.374 sec
Running com.google.inject.LoggerInjectionTest
Tests run: 5, Failures: 0, Errors: 0, Skipped: 0, Time elapsed: 0.018 sec
Running com.google.inject.spi.BindingTargetVisitorTest
Tests run: 1, Failures: 0, Errors: 0, Skipped: 0, Time elapsed: 0.008 sec
Running com.google.inject.BindingAnnotationTest
Tests run: 5, Failures: 0, Errors: 0, Skipped: 0, Time elapsed: 0.038 sec
Running com.google.inject.TypeLiteralTypeResolutionTest
Tests run: 16, Failures: 0, Errors: 0, Skipped: 0, Time elapsed: 0.051 sec
Running com.google.inject.name.NamesTest
Tests run: 5, Failures: 0, Errors: 0, Skipped: 0, Time elapsed: 0.021 sec
Running com.google.inject.ModuleTest
Tests run: 1, Failures: 0, Errors: 0, Skipped: 0, Time elapsed: 0.011 sec
Running com.google.inject.internal.util.LineNumbersTest
Tests run: 4, Failures: 0, Errors: 0, Skipped: 0, Time elapsed: 0.04 sec
Running com.google.inject.ProviderInjectionTest
Tests run: 4, Failures: 0, Errors: 0, Skipped: 0, Time elapsed: 0.047 sec
Running com.google.inject.util.ProvidersTest
Tests run: 4, Failures: 0, Errors: 0, Skipped: 0, Time elapsed: 0.01 sec
Running com.google.inject.util.TypesTest
Tests run: 10, Failures: 0, Errors: 0, Skipped: 0, Time elapsed: 0.014 sec
Running com.google.inject.NullableInjectionPointTest
Tests run: 14, Failures: 0, Errors: 0, Skipped: 0, Time elapsed: 0.061 sec
Running com.google.inject.internal.RehashableKeysTest
Tests run: 8, Failures: 0, Errors: 0, Skipped: 0, Time elapsed: 0.007 sec
Running com.google.inject.GenericInjectionTest
Tests run: 9, Failures: 0, Errors: 0, Skipped: 0, Time elapsed: 0.056 sec
Running com.google.inject.util.NoopOverrideTest
Tests run: 32, Failures: 0, Errors: 0, Skipped: 0, Time elapsed: 0.237 sec
Running com.google.inject.ProvisionListenerTest
Tests run: 19, Failures: 0, Errors: 0, Skipped: 0, Time elapsed: 0.202 sec
Running com.google.inject.BindingTest
Tests run: 17, Failures: 0, Errors: 0, Skipped: 0, Time elapsed: 0.228 sec
Running com.google.inject.BindingOrderTest
Tests run: 3, Failures: 0, Errors: 0, Skipped: 0, Time elapsed: 0.034 sec
Running com.google.inject.spi.HasDependenciesTest
Tests run: 3, Failures: 0, Errors: 0, Skipped: 0, Time elapsed: 0.063 sec
Running com.google.inject.OptionalBindingTest
Tests run: 18, Failures: 0, Errors: 0, Skipped: 0, Time elapsed: 0.217 sec
Running com.google.inject.ProvisionExceptionTest
Tests run: 15, Failures: 0, Errors: 0, Skipped: 0, Time elapsed: 0.146 sec
Running com.google.inject.ReflectionTest
Tests run: 3, Failures: 0, Errors: 0, Skipped: 0, Time elapsed: 0.021 sec
Running com.google.inject.spi.SpiBindingsTest
Tests run: 11, Failures: 0, Errors: 0, Skipped: 0, Time elapsed: 0.095 sec
Running com.google.inject.TypeLiteralInjectionTest
Tests run: 5, Failures: 0, Errors: 0, Skipped: 0, Time elapsed: 0.031 sec
Running com.googlecode.guice.Jsr330Test
Tests run: 14, Failures: 0, Errors: 0, Skipped: 0, Time elapsed: 0.108 sec
Running com.google.inject.internal.MoreTypesTest
Tests run: 2, Failures: 0, Errors: 0, Skipped: 0, Time elapsed: 0.005 sec
Running com.google.inject.TypeLiteralTest
Tests run: 13, Failures: 0, Errors: 0, Skipped: 0, Time elapsed: 0.019 sec
Running com.google.inject.DuplicateBindingsTest
Tests run: 18, Failures: 0, Errors: 0, Skipped: 0, Time elapsed: 0.202 sec
Running com.google.inject.ParentInjectorTest
Tests run: 16, Failures: 0, Errors: 0, Skipped: 0, Time elapsed: 0.118 sec
Running com.google.inject.InjectorTest
Tests run: 16, Failures: 0, Errors: 0, Skipped: 0, Time elapsed: 0.064 sec
Running com.google.inject.MembersInjectorTest
Tests run: 11, Failures: 0, Errors: 0, Skipped: 0, Time elapsed: 0.042 sec
Running com.google.inject.internal.ProxyFactoryTest
Tests run: 5, Failures: 0, Errors: 0, Skipped: 0, Time elapsed: 0.042 sec
Running com.google.inject.MethodInterceptionTest
Tests run: 10, Failures: 0, Errors: 0, Skipped: 0, Time elapsed: 0.057 sec
Running com.google.inject.spi.InjectorSpiTest
Tests run: 1, Failures: 0, Errors: 0, Skipped: 0, Time elapsed: 0.008 sec
Running com.google.inject.spi.ProviderMethodsTest
Tests run: 29, Failures: 0, Errors: 0, Skipped: 0, Time elapsed: 0.151 sec
Running com.google.inject.SuperclassTest
Tests run: 1, Failures: 0, Errors: 0, Skipped: 0, Time elapsed: 0.008 sec
Running com.google.inject.ImplicitBindingTest
Tests run: 8, Failures: 0, Errors: 0, Skipped: 0, Time elapsed: 0.092 sec
Running com.google.inject.spi.ToolStageInjectorTest
Tests run: 5, Failures: 0, Errors: 0, Skipped: 0, Time elapsed: 0.061 sec
Running com.google.inject.spi.ModuleRewriterTest
Tests run: 2, Failures: 0, Errors: 0, Skipped: 0, Time elapsed: 0.032 sec
Running com.google.inject.spi.ModuleSourceTest
Tests run: 3, Failures: 0, Errors: 0, Skipped: 0, Time elapsed: 0.008 sec
Running com.google.inject.spi.ElementApplyToTest
Tests run: 32, Failures: 0, Errors: 0, Skipped: 0, Time elapsed: 0.08 sec
Running com.google.inject.JitBindingsTest
Tests run: 23, Failures: 0, Errors: 0, Skipped: 0, Time elapsed: 0.112 sec
Running com.google.inject.internal.UniqueAnnotationsTest
Tests run: 1, Failures: 0, Errors: 0, Skipped: 0, Time elapsed: 0.004 sec
Running com.google.inject.BoundInstanceInjectionTest
Tests run: 4, Failures: 0, Errors: 0, Skipped: 0, Time elapsed: 0.02 sec
Running com.google.inject.RequireAtInjectOnConstructorsTest
Tests run: 8, Failures: 0, Errors: 0, Skipped: 0, Time elapsed: 0.026 sec
Running com.google.inject.matcher.MatcherTest
Tests run: 12, Failures: 0, Errors: 0, Skipped: 0, Time elapsed: 0.027 sec
Running com.google.inject.SerializationTest
Tests run: 2, Failures: 0, Errors: 0, Skipped: 0, Time elapsed: 0.009 sec
Running com.google.inject.util.OverrideModuleTest
Tests run: 25, Failures: 0, Errors: 0, Skipped: 0, Time elapsed: 0.15 sec
Running com.google.inject.spi.ElementsTest
Tests run: 32, Failures: 0, Errors: 0, Skipped: 0, Time elapsed: 0.044 sec
Running com.google.inject.TypeListenerTest
Tests run: 15, Failures: 0, Errors: 0, Skipped: 0, Time elapsed: 0.111 sec
Running com.google.inject.ProvisionExceptionsTest
Tests run: 5, Failures: 0, Errors: 0, Skipped: 0, Time elapsed: 0.021 sec
Running com.google.inject.CircularDependencyTest
Tests run: 19, Failures: 0, Errors: 0, Skipped: 0, Time elapsed: 0.077 sec
Running com.google.inject.spi.ElementSourceTest
Tests run: 2, Failures: 0, Errors: 0, Skipped: 0, Time elapsed: 0.005 sec
Running com.google.inject.IntegrationTest
Tests run: 1, Failures: 0, Errors: 0, Skipped: 0, Time elapsed: 0.008 sec
Running com.google.inject.name.NamedEquivalanceTest
Tests run: 11, Failures: 0, Errors: 0, Skipped: 0, Time elapsed: 0.025 sec
Running com.google.inject.KeyTest
Tests run: 13, Failures: 0, Errors: 0, Skipped: 0, Time elapsed: 0.02 sec
Running com.google.inject.BoundProviderTest
Tests run: 2, Failures: 0, Errors: 0, Skipped: 0, Time elapsed: 0.01 sec
Running com.google.inject.spi.InjectionPointTest
Tests run: 12, Failures: 0, Errors: 0, Skipped: 0, Time elapsed: 0.069 sec
Running com.google.inject.BinderTest
Tests run: 20, Failures: 0, Errors: 0, Skipped: 0, Time elapsed: 0.059 sec
Running com.google.inject.EagerSingletonTest
Tests run: 3, Failures: 0, Errors: 0, Skipped: 0, Time elapsed: 0.008 sec
Running com.googlecode.guice.BytecodeGenTest
Tests run: 8, Failures: 0, Errors: 0, Skipped: 0, Time elapsed: 0.304 sec
Running com.google.inject.RequestInjectionTest
Tests run: 8, Failures: 0, Errors: 0, Skipped: 0, Time elapsed: 0.025 sec
Running com.google.inject.ModulesTest
Tests run: 3, Failures: 0, Errors: 0, Skipped: 0, Time elapsed: 0.011 sec

Results :

Tests run: 655, Failures: 0, Errors: 0, Skipped: 0

[INFO] 
[INFO] --- maven-surefire-plugin:2.5:test (stack-traces-complete) @ guice ---
[INFO] Surefire report directory: /home/travis/build/google/guice/core/target/surefire-reports

-------------------------------------------------------
 T E S T S
-------------------------------------------------------
Running com.google.inject.internal.WeakKeySetTest
Tests run: 10, Failures: 0, Errors: 0, Skipped: 0, Time elapsed: 0.923 sec
Running com.google.inject.PrivateModuleTest
Tests run: 18, Failures: 0, Errors: 0, Skipped: 0, Time elapsed: 0.391 sec
Running com.google.inject.LoggerInjectionTest
Tests run: 5, Failures: 0, Errors: 0, Skipped: 0, Time elapsed: 0.032 sec
Running com.google.inject.spi.BindingTargetVisitorTest
Tests run: 1, Failures: 0, Errors: 0, Skipped: 0, Time elapsed: 0.006 sec
Running com.google.inject.BindingAnnotationTest
Tests run: 5, Failures: 0, Errors: 0, Skipped: 0, Time elapsed: 0.052 sec
Running com.google.inject.TypeLiteralTypeResolutionTest
Tests run: 16, Failures: 0, Errors: 0, Skipped: 0, Time elapsed: 0.047 sec
Running com.google.inject.name.NamesTest
Tests run: 5, Failures: 0, Errors: 0, Skipped: 0, Time elapsed: 0.022 sec
Running com.google.inject.ModuleTest
Tests run: 1, Failures: 0, Errors: 0, Skipped: 0, Time elapsed: 0.01 sec
Running com.google.inject.internal.util.LineNumbersTest
Tests run: 4, Failures: 0, Errors: 0, Skipped: 0, Time elapsed: 0.035 sec
Running com.google.inject.ProviderInjectionTest
Tests run: 4, Failures: 0, Errors: 0, Skipped: 0, Time elapsed: 0.046 sec
Running com.google.inject.util.ProvidersTest
Tests run: 4, Failures: 0, Errors: 0, Skipped: 0, Time elapsed: 0.012 sec
Running com.google.inject.util.TypesTest
Tests run: 10, Failures: 0, Errors: 0, Skipped: 0, Time elapsed: 0.013 sec
Running com.google.inject.NullableInjectionPointTest
Tests run: 14, Failures: 0, Errors: 0, Skipped: 0, Time elapsed: 0.067 sec
Running com.google.inject.internal.RehashableKeysTest
Tests run: 8, Failures: 0, Errors: 0, Skipped: 0, Time elapsed: 0.015 sec
Running com.google.inject.GenericInjectionTest
Tests run: 9, Failures: 0, Errors: 0, Skipped: 0, Time elapsed: 0.101 sec
Running com.google.inject.util.NoopOverrideTest
Tests run: 32, Failures: 0, Errors: 0, Skipped: 0, Time elapsed: 0.229 sec
Running com.google.inject.ProvisionListenerTest
Tests run: 19, Failures: 0, Errors: 0, Skipped: 0, Time elapsed: 0.191 sec
Running com.google.inject.BindingTest
Tests run: 17, Failures: 0, Errors: 0, Skipped: 0, Time elapsed: 0.257 sec
Running com.google.inject.BindingOrderTest
Tests run: 3, Failures: 0, Errors: 0, Skipped: 0, Time elapsed: 0.049 sec
Running com.google.inject.spi.HasDependenciesTest
Tests run: 3, Failures: 0, Errors: 0, Skipped: 0, Time elapsed: 0.07 sec
Running com.google.inject.OptionalBindingTest
Tests run: 18, Failures: 0, Errors: 0, Skipped: 0, Time elapsed: 0.209 sec
Running com.google.inject.ProvisionExceptionTest
Tests run: 15, Failures: 0, Errors: 0, Skipped: 0, Time elapsed: 0.15 sec
Running com.google.inject.ReflectionTest
Tests run: 3, Failures: 0, Errors: 0, Skipped: 0, Time elapsed: 0.019 sec
Running com.google.inject.spi.SpiBindingsTest
Tests run: 11, Failures: 0, Errors: 0, Skipped: 0, Time elapsed: 0.095 sec
Running com.google.inject.TypeLiteralInjectionTest
Tests run: 5, Failures: 0, Errors: 0, Skipped: 0, Time elapsed: 0.047 sec
Running com.googlecode.guice.Jsr330Test
Tests run: 14, Failures: 0, Errors: 0, Skipped: 0, Time elapsed: 0.085 sec
Running com.google.inject.internal.MoreTypesTest
Tests run: 2, Failures: 0, Errors: 0, Skipped: 0, Time elapsed: 0.006 sec
Running com.google.inject.TypeLiteralTest
Tests run: 13, Failures: 0, Errors: 0, Skipped: 0, Time elapsed: 0.029 sec
Running com.google.inject.DuplicateBindingsTest
Tests run: 18, Failures: 0, Errors: 0, Skipped: 0, Time elapsed: 0.241 sec
Running com.google.inject.ParentInjectorTest
Tests run: 16, Failures: 0, Errors: 0, Skipped: 0, Time elapsed: 0.06 sec
Running com.google.inject.InjectorTest
Tests run: 16, Failures: 0, Errors: 0, Skipped: 0, Time elapsed: 0.062 sec
Running com.google.inject.MembersInjectorTest
Tests run: 11, Failures: 0, Errors: 0, Skipped: 0, Time elapsed: 0.078 sec
Running com.google.inject.internal.ProxyFactoryTest
Tests run: 5, Failures: 0, Errors: 0, Skipped: 0, Time elapsed: 0.05 sec
Running com.google.inject.MethodInterceptionTest
Tests run: 10, Failures: 0, Errors: 0, Skipped: 0, Time elapsed: 0.081 sec
Running com.google.inject.spi.InjectorSpiTest
Tests run: 1, Failures: 0, Errors: 0, Skipped: 0, Time elapsed: 0.007 sec
Running com.google.inject.spi.ProviderMethodsTest
Tests run: 29, Failures: 0, Errors: 0, Skipped: 0, Time elapsed: 0.274 sec
Running com.google.inject.SuperclassTest
Tests run: 1, Failures: 0, Errors: 0, Skipped: 0, Time elapsed: 0.006 sec
Running com.google.inject.ImplicitBindingTest
Tests run: 8, Failures: 0, Errors: 0, Skipped: 0, Time elapsed: 0.046 sec
Running com.google.inject.spi.ToolStageInjectorTest
Tests run: 5, Failures: 0, Errors: 0, Skipped: 0, Time elapsed: 0.04 sec
Running com.google.inject.spi.ModuleRewriterTest
Tests run: 2, Failures: 0, Errors: 0, Skipped: 0, Time elapsed: 0.023 sec
Running com.google.inject.spi.ModuleSourceTest
Tests run: 3, Failures: 0, Errors: 0, Skipped: 0, Time elapsed: 0.008 sec
Running com.google.inject.spi.ElementApplyToTest
Tests run: 32, Failures: 0, Errors: 0, Skipped: 0, Time elapsed: 0.131 sec
Running com.google.inject.JitBindingsTest
Tests run: 23, Failures: 0, Errors: 0, Skipped: 0, Time elapsed: 0.157 sec
Running com.google.inject.internal.UniqueAnnotationsTest
Tests run: 1, Failures: 0, Errors: 0, Skipped: 0, Time elapsed: 0.003 sec
Running com.google.inject.BoundInstanceInjectionTest
Tests run: 4, Failures: 0, Errors: 0, Skipped: 0, Time elapsed: 0.016 sec
Running com.google.inject.RequireAtInjectOnConstructorsTest
Tests run: 8, Failures: 0, Errors: 0, Skipped: 0, Time elapsed: 0.028 sec
Running com.google.inject.matcher.MatcherTest
Tests run: 12, Failures: 0, Errors: 0, Skipped: 0, Time elapsed: 0.021 sec
Running com.google.inject.SerializationTest
Tests run: 2, Failures: 0, Errors: 0, Skipped: 0, Time elapsed: 0.007 sec
Running com.google.inject.util.OverrideModuleTest
Tests run: 25, Failures: 0, Errors: 0, Skipped: 0, Time elapsed: 0.121 sec
Running com.google.inject.spi.ElementsTest
Tests run: 32, Failures: 0, Errors: 0, Skipped: 0, Time elapsed: 0.042 sec
Running com.google.inject.TypeListenerTest
Tests run: 15, Failures: 0, Errors: 0, Skipped: 0, Time elapsed: 0.075 sec
Running com.google.inject.ProvisionExceptionsTest
Tests run: 5, Failures: 0, Errors: 0, Skipped: 0, Time elapsed: 0.024 sec
Running com.google.inject.CircularDependencyTest
Tests run: 19, Failures: 0, Errors: 0, Skipped: 0, Time elapsed: 0.077 sec
Running com.google.inject.spi.ElementSourceTest
Tests run: 2, Failures: 0, Errors: 0, Skipped: 0, Time elapsed: 0.005 sec
Running com.google.inject.IntegrationTest
Tests run: 1, Failures: 0, Errors: 0, Skipped: 0, Time elapsed: 0.012 sec
Running com.google.inject.name.NamedEquivalanceTest
Tests run: 11, Failures: 0, Errors: 0, Skipped: 0, Time elapsed: 0.038 sec
Running com.google.inject.KeyTest
Tests run: 13, Failures: 0, Errors: 0, Skipped: 0, Time elapsed: 0.035 sec
Running com.google.inject.BoundProviderTest
Tests run: 2, Failures: 0, Errors: 0, Skipped: 0, Time elapsed: 0.013 sec
Running com.google.inject.spi.InjectionPointTest
Tests run: 12, Failures: 0, Errors: 0, Skipped: 0, Time elapsed: 0.078 sec
Running com.google.inject.BinderTest
Tests run: 20, Failures: 0, Errors: 0, Skipped: 0, Time elapsed: 0.068 sec
Running com.google.inject.EagerSingletonTest
Tests run: 3, Failures: 0, Errors: 0, Skipped: 0, Time elapsed: 0.01 sec
Running com.googlecode.guice.BytecodeGenTest
Tests run: 8, Failures: 0, Errors: 0, Skipped: 0, Time elapsed: 0.297 sec
Running com.google.inject.RequestInjectionTest
Tests run: 8, Failures: 0, Errors: 0, Skipped: 0, Time elapsed: 0.026 sec
Running com.google.inject.ModulesTest
Tests run: 3, Failures: 0, Errors: 0, Skipped: 0, Time elapsed: 0.013 sec

Results :

Tests run: 655, Failures: 0, Errors: 0, Skipped: 0

[INFO] 
[INFO] --- maven-bundle-plugin:2.1.0:manifest (default) @ guice ---
[INFO] 
[INFO] >>> munge-maven-plugin:1.0:munge-fork (default) > [munge]prepare-package @ guice >>>
[INFO] 
[INFO] --- munge-maven-plugin:1.0:munge (default) @ guice ---
[INFO] 
[INFO] --- maven-remote-resources-plugin:1.1:process (default) @ guice ---
[INFO] 
[INFO] --- maven-resources-plugin:2.6:resources (default-resources) @ guice ---
[INFO] Using 'UTF-8' encoding to copy filtered resources.
[INFO] Copying 0 resource
[INFO] Copying 0 resource
[INFO] Copying 3 resources
[INFO] 
[INFO] --- maven-compiler-plugin:2.3.2:compile (default-compile) @ guice ---
[INFO] Compiling 183 source files to /home/travis/build/google/guice/core/target/munged/classes
[INFO] 
[INFO] --- animal-sniffer-maven-plugin:1.10:check (check-java-1.6-compat) @ guice ---
[INFO] Checking unresolved references to org.codehaus.mojo.signature:java16:1.0
[INFO] 
[INFO] --- maven-resources-plugin:2.6:testResources (default-testResources) @ guice ---
[INFO] Using 'UTF-8' encoding to copy filtered resources.
[INFO] Copying 0 resource
[INFO] Copying 3 resources
[INFO] Copying 3 resources
[INFO] 
[INFO] --- maven-compiler-plugin:2.3.2:testCompile (default-testCompile) @ guice ---
[INFO] Compiling 81 source files to /home/travis/build/google/guice/core/target/munged/test-classes
[INFO] 
[INFO] --- maven-surefire-plugin:2.5:test (default-test) @ guice ---
[INFO] Surefire report directory: /home/travis/build/google/guice/core/target/munged/surefire-reports

-------------------------------------------------------
 T E S T S
-------------------------------------------------------
Running com.google.inject.internal.WeakKeySetTest
Tests run: 10, Failures: 0, Errors: 0, Skipped: 0, Time elapsed: 0.865 sec
Running com.google.inject.PrivateModuleTest
Tests run: 18, Failures: 0, Errors: 0, Skipped: 0, Time elapsed: 0.287 sec
Running com.google.inject.LoggerInjectionTest
Tests run: 5, Failures: 0, Errors: 0, Skipped: 0, Time elapsed: 0.019 sec
Running com.google.inject.spi.BindingTargetVisitorTest
Tests run: 1, Failures: 0, Errors: 0, Skipped: 0, Time elapsed: 0.006 sec
Running com.google.inject.BindingAnnotationTest
Tests run: 5, Failures: 0, Errors: 0, Skipped: 0, Time elapsed: 0.045 sec
Running com.google.inject.TypeLiteralTypeResolutionTest
Tests run: 16, Failures: 0, Errors: 0, Skipped: 0, Time elapsed: 0.055 sec
Running com.google.inject.ModuleTest
Tests run: 1, Failures: 0, Errors: 0, Skipped: 0, Time elapsed: 0.01 sec
Running com.google.inject.name.NamesTest
Tests run: 5, Failures: 0, Errors: 0, Skipped: 0, Time elapsed: 0.023 sec
Running com.google.inject.internal.util.LineNumbersTest
Tests run: 1, Failures: 0, Errors: 0, Skipped: 0, Time elapsed: 0.011 sec
Running com.google.inject.ProviderInjectionTest
Tests run: 4, Failures: 0, Errors: 0, Skipped: 0, Time elapsed: 0.035 sec
Running com.google.inject.util.ProvidersTest
Tests run: 4, Failures: 0, Errors: 0, Skipped: 0, Time elapsed: 0.013 sec
Running com.google.inject.util.TypesTest
Tests run: 10, Failures: 0, Errors: 0, Skipped: 0, Time elapsed: 0.016 sec
Running com.google.inject.NullableInjectionPointTest
Tests run: 14, Failures: 0, Errors: 0, Skipped: 0, Time elapsed: 0.066 sec
Running com.google.inject.internal.RehashableKeysTest
Tests run: 8, Failures: 0, Errors: 0, Skipped: 0, Time elapsed: 0.008 sec
Running com.google.inject.GenericInjectionTest
Tests run: 9, Failures: 0, Errors: 0, Skipped: 0, Time elapsed: 0.055 sec
Running com.google.inject.util.NoopOverrideTest
Tests run: 31, Failures: 0, Errors: 0, Skipped: 0, Time elapsed: 0.264 sec
Running com.google.inject.ProvisionListenerTest
Tests run: 19, Failures: 0, Errors: 0, Skipped: 0, Time elapsed: 0.121 sec
Running com.google.inject.BindingTest
Tests run: 16, Failures: 0, Errors: 0, Skipped: 0, Time elapsed: 0.132 sec
Running com.google.inject.BindingOrderTest
Tests run: 3, Failures: 0, Errors: 0, Skipped: 0, Time elapsed: 0.033 sec
Running com.google.inject.spi.HasDependenciesTest
Tests run: 3, Failures: 0, Errors: 0, Skipped: 0, Time elapsed: 0.023 sec
Running com.google.inject.OptionalBindingTest
Tests run: 18, Failures: 0, Errors: 0, Skipped: 0, Time elapsed: 0.187 sec
Running com.google.inject.ProvisionExceptionTest
Tests run: 15, Failures: 0, Errors: 0, Skipped: 0, Time elapsed: 0.097 sec
Running com.google.inject.ReflectionTest
Tests run: 3, Failures: 0, Errors: 0, Skipped: 0, Time elapsed: 0.012 sec
Running com.google.inject.spi.SpiBindingsTest
Tests run: 11, Failures: 0, Errors: 0, Skipped: 0, Time elapsed: 0.11 sec
Running com.google.inject.TypeLiteralInjectionTest
Tests run: 5, Failures: 0, Errors: 0, Skipped: 0, Time elapsed: 0.05 sec
Running com.googlecode.guice.Jsr330Test
Tests run: 14, Failures: 0, Errors: 0, Skipped: 0, Time elapsed: 0.139 sec
Running com.google.inject.internal.MoreTypesTest
Tests run: 2, Failures: 0, Errors: 0, Skipped: 0, Time elapsed: 0.006 sec
Running com.google.inject.TypeLiteralTest
Tests run: 13, Failures: 0, Errors: 0, Skipped: 0, Time elapsed: 0.048 sec
Running com.google.inject.DuplicateBindingsTest
Tests run: 18, Failures: 0, Errors: 0, Skipped: 0, Time elapsed: 0.211 sec
Running com.google.inject.ParentInjectorTest
Tests run: 15, Failures: 0, Errors: 0, Skipped: 0, Time elapsed: 0.072 sec
Running com.google.inject.InjectorTest
Tests run: 16, Failures: 0, Errors: 0, Skipped: 0, Time elapsed: 0.058 sec
Running com.google.inject.MembersInjectorTest
Tests run: 11, Failures: 0, Errors: 0, Skipped: 0, Time elapsed: 0.056 sec
Running com.google.inject.spi.InjectorSpiTest
Tests run: 1, Failures: 0, Errors: 0, Skipped: 0, Time elapsed: 0.015 sec
Running com.google.inject.spi.ProviderMethodsTest
Tests run: 27, Failures: 0, Errors: 0, Skipped: 0, Time elapsed: 0.13 sec
Running com.google.inject.SuperclassTest
Tests run: 1, Failures: 0, Errors: 0, Skipped: 0, Time elapsed: 0.005 sec
Running com.google.inject.ImplicitBindingTest
Tests run: 8, Failures: 0, Errors: 0, Skipped: 0, Time elapsed: 0.044 sec
Running com.google.inject.spi.ToolStageInjectorTest
Tests run: 5, Failures: 0, Errors: 0, Skipped: 0, Time elapsed: 0.034 sec
Running com.google.inject.spi.ModuleRewriterTest
Tests run: 2, Failures: 0, Errors: 0, Skipped: 0, Time elapsed: 0.021 sec
Running com.google.inject.spi.ModuleSourceTest
Tests run: 3, Failures: 0, Errors: 0, Skipped: 0, Time elapsed: 0.008 sec
Running com.google.inject.spi.ElementApplyToTest
Tests run: 31, Failures: 0, Errors: 0, Skipped: 0, Time elapsed: 0.086 sec
Running com.google.inject.JitBindingsTest
Tests run: 23, Failures: 0, Errors: 0, Skipped: 0, Time elapsed: 0.085 sec
Running com.google.inject.internal.UniqueAnnotationsTest
Tests run: 1, Failures: 0, Errors: 0, Skipped: 0, Time elapsed: 0.004 sec
Running com.google.inject.BoundInstanceInjectionTest
Tests run: 4, Failures: 0, Errors: 0, Skipped: 0, Time elapsed: 0.018 sec
Running com.google.inject.RequireAtInjectOnConstructorsTest
Tests run: 8, Failures: 0, Errors: 0, Skipped: 0, Time elapsed: 0.024 sec
Running com.google.inject.matcher.MatcherTest
Tests run: 12, Failures: 0, Errors: 0, Skipped: 0, Time elapsed: 0.029 sec
Running com.google.inject.SerializationTest
Tests run: 2, Failures: 0, Errors: 0, Skipped: 0, Time elapsed: 0.009 sec
Running com.google.inject.util.OverrideModuleTest
Tests run: 25, Failures: 0, Errors: 0, Skipped: 0, Time elapsed: 0.137 sec
Running com.google.inject.spi.ElementsTest
Tests run: 31, Failures: 0, Errors: 0, Skipped: 0, Time elapsed: 0.032 sec
Running com.google.inject.TypeListenerTest
Tests run: 14, Failures: 0, Errors: 0, Skipped: 0, Time elapsed: 0.065 sec
Running com.google.inject.ProvisionExceptionsTest
Tests run: 5, Failures: 0, Errors: 0, Skipped: 0, Time elapsed: 0.027 sec
Running com.google.inject.CircularDependencyTest
Tests run: 19, Failures: 0, Errors: 0, Skipped: 0, Time elapsed: 0.103 sec
Running com.google.inject.spi.ElementSourceTest
Tests run: 2, Failures: 0, Errors: 0, Skipped: 0, Time elapsed: 0.006 sec
Running com.google.inject.name.NamedEquivalanceTest
Tests run: 11, Failures: 0, Errors: 0, Skipped: 0, Time elapsed: 0.046 sec
Running com.google.inject.KeyTest
Tests run: 13, Failures: 0, Errors: 0, Skipped: 0, Time elapsed: 0.038 sec
Running com.google.inject.BoundProviderTest
Tests run: 2, Failures: 0, Errors: 0, Skipped: 0, Time elapsed: 0.007 sec
Running com.google.inject.spi.InjectionPointTest
Tests run: 12, Failures: 0, Errors: 0, Skipped: 0, Time elapsed: 0.078 sec
Running com.google.inject.BinderTest
Tests run: 20, Failures: 0, Errors: 0, Skipped: 0, Time elapsed: 0.071 sec
Running com.google.inject.EagerSingletonTest
Tests run: 3, Failures: 0, Errors: 0, Skipped: 0, Time elapsed: 0.009 sec
Running com.google.inject.RequestInjectionTest
Tests run: 8, Failures: 0, Errors: 0, Skipped: 0, Time elapsed: 0.038 sec
Running com.google.inject.ModulesTest
Tests run: 3, Failures: 0, Errors: 0, Skipped: 0, Time elapsed: 0.018 sec

Results :

Tests run: 620, Failures: 0, Errors: 0, Skipped: 0

[INFO] 
[INFO] --- maven-surefire-plugin:2.5:test (stack-traces-off) @ guice ---
[INFO] Surefire report directory: /home/travis/build/google/guice/core/target/munged/surefire-reports

-------------------------------------------------------
 T E S T S
-------------------------------------------------------
Running com.google.inject.internal.WeakKeySetTest
Tests run: 10, Failures: 0, Errors: 0, Skipped: 0, Time elapsed: 0.781 sec
Running com.google.inject.PrivateModuleTest
Tests run: 18, Failures: 0, Errors: 0, Skipped: 0, Time elapsed: 0.247 sec
Running com.google.inject.LoggerInjectionTest
Tests run: 5, Failures: 0, Errors: 0, Skipped: 0, Time elapsed: 0.021 sec
Running com.google.inject.spi.BindingTargetVisitorTest
Tests run: 1, Failures: 0, Errors: 0, Skipped: 0, Time elapsed: 0.005 sec
Running com.google.inject.BindingAnnotationTest
Tests run: 5, Failures: 0, Errors: 0, Skipped: 0, Time elapsed: 0.039 sec
Running com.google.inject.TypeLiteralTypeResolutionTest
Tests run: 16, Failures: 0, Errors: 0, Skipped: 0, Time elapsed: 0.075 sec
Running com.google.inject.ModuleTest
Tests run: 1, Failures: 0, Errors: 0, Skipped: 0, Time elapsed: 0.008 sec
Running com.google.inject.name.NamesTest
Tests run: 5, Failures: 0, Errors: 0, Skipped: 0, Time elapsed: 0.017 sec
Running com.google.inject.internal.util.LineNumbersTest
Tests run: 1, Failures: 0, Errors: 0, Skipped: 0, Time elapsed: 0.009 sec
Running com.google.inject.ProviderInjectionTest
Tests run: 4, Failures: 0, Errors: 0, Skipped: 0, Time elapsed: 0.037 sec
Running com.google.inject.util.ProvidersTest
Tests run: 4, Failures: 0, Errors: 0, Skipped: 0, Time elapsed: 0.015 sec
Running com.google.inject.util.TypesTest
Tests run: 10, Failures: 0, Errors: 0, Skipped: 0, Time elapsed: 0.025 sec
Running com.google.inject.NullableInjectionPointTest
Tests run: 14, Failures: 0, Errors: 0, Skipped: 0, Time elapsed: 0.063 sec
Running com.google.inject.internal.RehashableKeysTest
Tests run: 8, Failures: 0, Errors: 0, Skipped: 0, Time elapsed: 0.008 sec
Running com.google.inject.GenericInjectionTest
Tests run: 9, Failures: 0, Errors: 0, Skipped: 0, Time elapsed: 0.056 sec
Running com.google.inject.util.NoopOverrideTest
Tests run: 31, Failures: 0, Errors: 0, Skipped: 0, Time elapsed: 0.237 sec
Running com.google.inject.ProvisionListenerTest
Tests run: 19, Failures: 0, Errors: 0, Skipped: 0, Time elapsed: 0.123 sec
Running com.google.inject.BindingTest
Tests run: 16, Failures: 0, Errors: 0, Skipped: 0, Time elapsed: 0.076 sec
Running com.google.inject.BindingOrderTest
Tests run: 3, Failures: 0, Errors: 0, Skipped: 0, Time elapsed: 0.017 sec
Running com.google.inject.spi.HasDependenciesTest
Tests run: 3, Failures: 0, Errors: 0, Skipped: 0, Time elapsed: 0.019 sec
Running com.google.inject.OptionalBindingTest
Tests run: 18, Failures: 0, Errors: 0, Skipped: 0, Time elapsed: 0.162 sec
Running com.google.inject.ProvisionExceptionTest
Tests run: 15, Failures: 0, Errors: 0, Skipped: 0, Time elapsed: 0.126 sec
Running com.google.inject.ReflectionTest
Tests run: 3, Failures: 0, Errors: 0, Skipped: 0, Time elapsed: 0.013 sec
Running com.google.inject.spi.SpiBindingsTest
Tests run: 11, Failures: 0, Errors: 0, Skipped: 0, Time elapsed: 0.052 sec
Running com.google.inject.TypeLiteralInjectionTest
Tests run: 5, Failures: 0, Errors: 0, Skipped: 0, Time elapsed: 0.022 sec
Running com.googlecode.guice.Jsr330Test
Tests run: 14, Failures: 0, Errors: 0, Skipped: 0, Time elapsed: 0.085 sec
Running com.google.inject.internal.MoreTypesTest
Tests run: 2, Failures: 0, Errors: 0, Skipped: 0, Time elapsed: 0.008 sec
Running com.google.inject.TypeLiteralTest
Tests run: 13, Failures: 0, Errors: 0, Skipped: 0, Time elapsed: 0.047 sec
Running com.google.inject.DuplicateBindingsTest
Tests run: 18, Failures: 0, Errors: 0, Skipped: 0, Time elapsed: 0.251 sec
Running com.google.inject.ParentInjectorTest
Tests run: 15, Failures: 0, Errors: 0, Skipped: 0, Time elapsed: 0.083 sec
Running com.google.inject.InjectorTest
Tests run: 16, Failures: 0, Errors: 0, Skipped: 0, Time elapsed: 0.128 sec
Running com.google.inject.MembersInjectorTest
Tests run: 11, Failures: 0, Errors: 0, Skipped: 0, Time elapsed: 0.038 sec
Running com.google.inject.spi.InjectorSpiTest
Tests run: 1, Failures: 0, Errors: 0, Skipped: 0, Time elapsed: 0.015 sec
Running com.google.inject.spi.ProviderMethodsTest
Tests run: 27, Failures: 0, Errors: 0, Skipped: 0, Time elapsed: 0.101 sec
Running com.google.inject.SuperclassTest
Tests run: 1, Failures: 0, Errors: 0, Skipped: 0, Time elapsed: 0.005 sec
Running com.google.inject.ImplicitBindingTest
Tests run: 8, Failures: 0, Errors: 0, Skipped: 0, Time elapsed: 0.065 sec
Running com.google.inject.spi.ToolStageInjectorTest
Tests run: 5, Failures: 0, Errors: 0, Skipped: 0, Time elapsed: 0.046 sec
Running com.google.inject.spi.ModuleRewriterTest
Tests run: 2, Failures: 0, Errors: 0, Skipped: 0, Time elapsed: 0.026 sec
Running com.google.inject.spi.ModuleSourceTest
Tests run: 3, Failures: 0, Errors: 0, Skipped: 0, Time elapsed: 0.007 sec
Running com.google.inject.spi.ElementApplyToTest
Tests run: 31, Failures: 0, Errors: 0, Skipped: 0, Time elapsed: 0.076 sec
Running com.google.inject.JitBindingsTest
Tests run: 23, Failures: 0, Errors: 0, Skipped: 0, Time elapsed: 0.219 sec
Running com.google.inject.internal.UniqueAnnotationsTest
Tests run: 1, Failures: 0, Errors: 0, Skipped: 0, Time elapsed: 0.003 sec
Running com.google.inject.BoundInstanceInjectionTest
Tests run: 4, Failures: 0, Errors: 0, Skipped: 0, Time elapsed: 0.02 sec
Running com.google.inject.RequireAtInjectOnConstructorsTest
Tests run: 8, Failures: 0, Errors: 0, Skipped: 0, Time elapsed: 0.046 sec
Running com.google.inject.matcher.MatcherTest
Tests run: 12, Failures: 0, Errors: 0, Skipped: 0, Time elapsed: 0.04 sec
Running com.google.inject.SerializationTest
Tests run: 2, Failures: 0, Errors: 0, Skipped: 0, Time elapsed: 0.008 sec
Running com.google.inject.util.OverrideModuleTest
Tests run: 25, Failures: 0, Errors: 0, Skipped: 0, Time elapsed: 0.095 sec
Running com.google.inject.spi.ElementsTest
Tests run: 31, Failures: 0, Errors: 0, Skipped: 0, Time elapsed: 0.051 sec
Running com.google.inject.TypeListenerTest
Tests run: 14, Failures: 0, Errors: 0, Skipped: 0, Time elapsed: 0.111 sec
Running com.google.inject.ProvisionExceptionsTest
Tests run: 5, Failures: 0, Errors: 0, Skipped: 0, Time elapsed: 0.051 sec
Running com.google.inject.CircularDependencyTest
Tests run: 19, Failures: 0, Errors: 0, Skipped: 0, Time elapsed: 0.133 sec
Running com.google.inject.spi.ElementSourceTest
Tests run: 2, Failures: 0, Errors: 0, Skipped: 0, Time elapsed: 0.006 sec
Running com.google.inject.name.NamedEquivalanceTest
Tests run: 11, Failures: 0, Errors: 0, Skipped: 0, Time elapsed: 0.05 sec
Running com.google.inject.KeyTest
Tests run: 13, Failures: 0, Errors: 0, Skipped: 0, Time elapsed: 0.034 sec
Running com.google.inject.BoundProviderTest
Tests run: 2, Failures: 0, Errors: 0, Skipped: 0, Time elapsed: 0.013 sec
Running com.google.inject.spi.InjectionPointTest
Tests run: 12, Failures: 0, Errors: 0, Skipped: 0, Time elapsed: 0.114 sec
Running com.google.inject.BinderTest
Tests run: 20, Failures: 0, Errors: 0, Skipped: 0, Time elapsed: 0.066 sec
Running com.google.inject.EagerSingletonTest
Tests run: 3, Failures: 0, Errors: 0, Skipped: 0, Time elapsed: 0.007 sec
Running com.google.inject.RequestInjectionTest
Tests run: 8, Failures: 0, Errors: 0, Skipped: 0, Time elapsed: 0.021 sec
Running com.google.inject.ModulesTest
Tests run: 3, Failures: 0, Errors: 0, Skipped: 0, Time elapsed: 0.008 sec

Results :

Tests run: 620, Failures: 0, Errors: 0, Skipped: 0

[INFO] 
[INFO] --- maven-surefire-plugin:2.5:test (stack-traces-complete) @ guice ---
[INFO] Surefire report directory: /home/travis/build/google/guice/core/target/munged/surefire-reports

-------------------------------------------------------
 T E S T S
-------------------------------------------------------
Running com.google.inject.internal.WeakKeySetTest
Tests run: 10, Failures: 0, Errors: 0, Skipped: 0, Time elapsed: 0.828 sec
Running com.google.inject.PrivateModuleTest
Tests run: 18, Failures: 0, Errors: 0, Skipped: 0, Time elapsed: 0.281 sec
Running com.google.inject.LoggerInjectionTest
Tests run: 5, Failures: 0, Errors: 0, Skipped: 0, Time elapsed: 0.021 sec
Running com.google.inject.spi.BindingTargetVisitorTest
Tests run: 1, Failures: 0, Errors: 0, Skipped: 0, Time elapsed: 0.013 sec
Running com.google.inject.BindingAnnotationTest
Tests run: 5, Failures: 0, Errors: 0, Skipped: 0, Time elapsed: 0.048 sec
Running com.google.inject.TypeLiteralTypeResolutionTest
Tests run: 16, Failures: 0, Errors: 0, Skipped: 0, Time elapsed: 0.059 sec
Running com.google.inject.ModuleTest
Tests run: 1, Failures: 0, Errors: 0, Skipped: 0, Time elapsed: 0.01 sec
Running com.google.inject.name.NamesTest
Tests run: 5, Failures: 0, Errors: 0, Skipped: 0, Time elapsed: 0.029 sec
Running com.google.inject.internal.util.LineNumbersTest
Tests run: 1, Failures: 0, Errors: 0, Skipped: 0, Time elapsed: 0.01 sec
Running com.google.inject.ProviderInjectionTest
Tests run: 4, Failures: 0, Errors: 0, Skipped: 0, Time elapsed: 0.033 sec
Running com.google.inject.util.ProvidersTest
Tests run: 4, Failures: 0, Errors: 0, Skipped: 0, Time elapsed: 0.011 sec
Running com.google.inject.util.TypesTest
Tests run: 10, Failures: 0, Errors: 0, Skipped: 0, Time elapsed: 0.016 sec
Running com.google.inject.NullableInjectionPointTest
Tests run: 14, Failures: 0, Errors: 0, Skipped: 0, Time elapsed: 0.068 sec
Running com.google.inject.internal.RehashableKeysTest
Tests run: 8, Failures: 0, Errors: 0, Skipped: 0, Time elapsed: 0.007 sec
Running com.google.inject.GenericInjectionTest
Tests run: 9, Failures: 0, Errors: 0, Skipped: 0, Time elapsed: 0.05 sec
Running com.google.inject.util.NoopOverrideTest
Tests run: 31, Failures: 0, Errors: 0, Skipped: 0, Time elapsed: 0.255 sec
Running com.google.inject.ProvisionListenerTest
Tests run: 19, Failures: 0, Errors: 0, Skipped: 0, Time elapsed: 0.135 sec
Running com.google.inject.BindingTest
Tests run: 16, Failures: 0, Errors: 0, Skipped: 0, Time elapsed: 0.082 sec
Running com.google.inject.BindingOrderTest
Tests run: 3, Failures: 0, Errors: 0, Skipped: 0, Time elapsed: 0.02 sec
Running com.google.inject.spi.HasDependenciesTest
Tests run: 3, Failures: 0, Errors: 0, Skipped: 0, Time elapsed: 0.022 sec
Running com.google.inject.OptionalBindingTest
Tests run: 18, Failures: 0, Errors: 0, Skipped: 0, Time elapsed: 0.112 sec
Running com.google.inject.ProvisionExceptionTest
Tests run: 15, Failures: 0, Errors: 0, Skipped: 0, Time elapsed: 0.149 sec
Running com.google.inject.ReflectionTest
Tests run: 3, Failures: 0, Errors: 0, Skipped: 0, Time elapsed: 0.024 sec
Running com.google.inject.spi.SpiBindingsTest
Tests run: 11, Failures: 0, Errors: 0, Skipped: 0, Time elapsed: 0.106 sec
Running com.google.inject.TypeLiteralInjectionTest
Tests run: 5, Failures: 0, Errors: 0, Skipped: 0, Time elapsed: 0.033 sec
Running com.googlecode.guice.Jsr330Test
Tests run: 14, Failures: 0, Errors: 0, Skipped: 0, Time elapsed: 0.124 sec
Running com.google.inject.internal.MoreTypesTest
Tests run: 2, Failures: 0, Errors: 0, Skipped: 0, Time elapsed: 0.004 sec
Running com.google.inject.TypeLiteralTest
Tests run: 13, Failures: 0, Errors: 0, Skipped: 0, Time elapsed: 0.021 sec
Running com.google.inject.DuplicateBindingsTest
Tests run: 18, Failures: 0, Errors: 0, Skipped: 0, Time elapsed: 0.177 sec
Running com.google.inject.ParentInjectorTest
Tests run: 15, Failures: 0, Errors: 0, Skipped: 0, Time elapsed: 0.123 sec
Running com.google.inject.InjectorTest
Tests run: 16, Failures: 0, Errors: 0, Skipped: 0, Time elapsed: 0.134 sec
Running com.google.inject.MembersInjectorTest
Tests run: 11, Failures: 0, Errors: 0, Skipped: 0, Time elapsed: 0.067 sec
Running com.google.inject.spi.InjectorSpiTest
Tests run: 1, Failures: 0, Errors: 0, Skipped: 0, Time elapsed: 0.016 sec
Running com.google.inject.spi.ProviderMethodsTest
Tests run: 27, Failures: 0, Errors: 0, Skipped: 0, Time elapsed: 0.226 sec
Running com.google.inject.SuperclassTest
Tests run: 1, Failures: 0, Errors: 0, Skipped: 0, Time elapsed: 0.005 sec
Running com.google.inject.ImplicitBindingTest
Tests run: 8, Failures: 0, Errors: 0, Skipped: 0, Time elapsed: 0.039 sec
Running com.google.inject.spi.ToolStageInjectorTest
Tests run: 5, Failures: 0, Errors: 0, Skipped: 0, Time elapsed: 0.047 sec
Running com.google.inject.spi.ModuleRewriterTest
Tests run: 2, Failures: 0, Errors: 0, Skipped: 0, Time elapsed: 0.016 sec
Running com.google.inject.spi.ModuleSourceTest
Tests run: 3, Failures: 0, Errors: 0, Skipped: 0, Time elapsed: 0.008 sec
Running com.google.inject.spi.ElementApplyToTest
Tests run: 31, Failures: 0, Errors: 0, Skipped: 0, Time elapsed: 0.104 sec
Running com.google.inject.JitBindingsTest
Tests run: 23, Failures: 0, Errors: 0, Skipped: 0, Time elapsed: 0.202 sec
Running com.google.inject.internal.UniqueAnnotationsTest
Tests run: 1, Failures: 0, Errors: 0, Skipped: 0, Time elapsed: 0.006 sec
Running com.google.inject.BoundInstanceInjectionTest
Tests run: 4, Failures: 0, Errors: 0, Skipped: 0, Time elapsed: 0.034 sec
Running com.google.inject.RequireAtInjectOnConstructorsTest
Tests run: 8, Failures: 0, Errors: 0, Skipped: 0, Time elapsed: 0.048 sec
Running com.google.inject.matcher.MatcherTest
Tests run: 12, Failures: 0, Errors: 0, Skipped: 0, Time elapsed: 0.049 sec
Running com.google.inject.SerializationTest
Tests run: 2, Failures: 0, Errors: 0, Skipped: 0, Time elapsed: 0.021 sec
Running com.google.inject.util.OverrideModuleTest
Tests run: 25, Failures: 0, Errors: 0, Skipped: 0, Time elapsed: 0.146 sec
Running com.google.inject.spi.ElementsTest
Tests run: 31, Failures: 0, Errors: 0, Skipped: 0, Time elapsed: 0.071 sec
Running com.google.inject.TypeListenerTest
Tests run: 14, Failures: 0, Errors: 0, Skipped: 0, Time elapsed: 0.06 sec
Running com.google.inject.ProvisionExceptionsTest
Tests run: 5, Failures: 0, Errors: 0, Skipped: 0, Time elapsed: 0.016 sec
Running com.google.inject.CircularDependencyTest
Tests run: 19, Failures: 0, Errors: 0, Skipped: 0, Time elapsed: 0.062 sec
Running com.google.inject.spi.ElementSourceTest
Tests run: 2, Failures: 0, Errors: 0, Skipped: 0, Time elapsed: 0.005 sec
Running com.google.inject.name.NamedEquivalanceTest
Tests run: 11, Failures: 0, Errors: 0, Skipped: 0, Time elapsed: 0.026 sec
Running com.google.inject.KeyTest
Tests run: 13, Failures: 0, Errors: 0, Skipped: 0, Time elapsed: 0.021 sec
Running com.google.inject.BoundProviderTest
Tests run: 2, Failures: 0, Errors: 0, Skipped: 0, Time elapsed: 0.015 sec
Running com.google.inject.spi.InjectionPointTest
Tests run: 12, Failures: 0, Errors: 0, Skipped: 0, Time elapsed: 0.067 sec
Running com.google.inject.BinderTest
Tests run: 20, Failures: 0, Errors: 0, Skipped: 0, Time elapsed: 0.069 sec
Running com.google.inject.EagerSingletonTest
Tests run: 3, Failures: 0, Errors: 0, Skipped: 0, Time elapsed: 0.009 sec
Running com.google.inject.RequestInjectionTest
Tests run: 8, Failures: 0, Errors: 0, Skipped: 0, Time elapsed: 0.023 sec
Running com.google.inject.ModulesTest
Tests run: 3, Failures: 0, Errors: 0, Skipped: 0, Time elapsed: 0.01 sec

Results :

Tests run: 620, Failures: 0, Errors: 0, Skipped: 0

[INFO] 
[INFO] --- maven-bundle-plugin:2.1.0:manifest (default) @ guice ---
[INFO] 
[INFO] <<< munge-maven-plugin:1.0:munge-fork (default) < [munge]prepare-package @ guice <<<
[INFO] 
[INFO] --- munge-maven-plugin:1.0:munge-fork (default) @ guice ---
[INFO] 
[INFO] --- maven-jar-plugin:2.3.1:jar (default-jar) @ guice ---
[INFO] Building jar: /home/travis/build/google/guice/core/target/guice-4.0-SNAPSHOT.jar
[INFO] 
[INFO] --- jarjar-maven-plugin:1.8:jarjar (jarjar) @ guice ---
[INFO] Processing: /home/travis/build/google/guice/core/target/guice-4.0-SNAPSHOT.jar
[INFO] Building zip: /home/travis/build/google/guice/core/target/jarjar/uber-guice-4.0-SNAPSHOT.jar
[INFO] JarJar'ing to: /home/travis/build/google/guice/core/target/guice-4.0-SNAPSHOT.jar
[INFO] Original: /home/travis/build/google/guice/core/target/original-guice-4.0-SNAPSHOT.jar
[INFO] 
[INFO] --- maven-jar-plugin:2.3.1:test-jar (default) @ guice ---
[INFO] Building jar: /home/travis/build/google/guice/core/target/guice-4.0-SNAPSHOT-tests.jar
[INFO] 
[INFO] --- maven-jar-plugin:2.3.1:jar (no_aop) @ guice ---
[INFO] Building jar: /home/travis/build/google/guice/core/target/guice-4.0-SNAPSHOT-no_aop.jar
[INFO] 
[INFO] --- maven-jar-plugin:2.3.1:jar (classes) @ guice ---
[WARNING] JAR will be empty - no content was marked for inclusion!
[INFO] Building jar: /home/travis/build/google/guice/core/target/guice-4.0-SNAPSHOT-classes.jar
[INFO] 
[INFO] >>> maven-source-plugin:2.1.2:jar (default) > generate-sources @ guice >>>
[INFO] 
[INFO] <<< maven-source-plugin:2.1.2:jar (default) < generate-sources @ guice <<<
[INFO] 
[INFO] --- maven-source-plugin:2.1.2:jar (default) @ guice ---
[INFO] com already added, skipping
[INFO] com/google already added, skipping
[INFO] com/google/inject already added, skipping
[INFO] com/google/inject/spi already added, skipping
[INFO] com/google/inject/matcher already added, skipping
[INFO] com/google/inject/util already added, skipping
[INFO] com/google/inject/binder already added, skipping
[INFO] com/google/inject/name already added, skipping
[INFO] com/google/inject/internal already added, skipping
[INFO] com/google/inject/internal/util already added, skipping
[INFO] META-INF already added, skipping
[INFO] META-INF/NOTICE already added, skipping
[INFO] META-INF/LICENSE already added, skipping
[INFO] META-INF/DEPENDENCIES already added, skipping
[INFO] Building jar: /home/travis/build/google/guice/core/target/guice-4.0-SNAPSHOT-sources.jar
[INFO] com already added, skipping
[INFO] com/google already added, skipping
[INFO] com/google/inject already added, skipping
[INFO] com/google/inject/spi already added, skipping
[INFO] com/google/inject/matcher already added, skipping
[INFO] com/google/inject/util already added, skipping
[INFO] com/google/inject/binder already added, skipping
[INFO] com/google/inject/name already added, skipping
[INFO] com/google/inject/internal already added, skipping
[INFO] com/google/inject/internal/util already added, skipping
[INFO] META-INF already added, skipping
[INFO] META-INF/NOTICE already added, skipping
[INFO] META-INF/LICENSE already added, skipping
[INFO] META-INF/DEPENDENCIES already added, skipping
[INFO] 
[INFO] >>> maven-source-plugin:2.1.2:test-jar (default) > generate-sources @ guice >>>
[INFO] 
[INFO] <<< maven-source-plugin:2.1.2:test-jar (default) < generate-sources @ guice <<<
[INFO] 
[INFO] --- maven-source-plugin:2.1.2:test-jar (default) @ guice ---
[INFO] com already added, skipping
[INFO] com/googlecode already added, skipping
[INFO] com/googlecode/guice already added, skipping
[INFO] com/googlecode/guice/bundle already added, skipping
[INFO] com/google already added, skipping
[INFO] com/google/inject already added, skipping
[INFO] com/google/inject/spi already added, skipping
[INFO] com/google/inject/matcher already added, skipping
[INFO] com/google/inject/util already added, skipping
[INFO] com/google/inject/example already added, skipping
[INFO] com/google/inject/name already added, skipping
[INFO] com/google/inject/internal already added, skipping
[INFO] com/google/inject/internal/util already added, skipping
[INFO] META-INF already added, skipping
[INFO] META-INF/NOTICE already added, skipping
[INFO] META-INF/LICENSE already added, skipping
[INFO] META-INF/DEPENDENCIES already added, skipping
[INFO] Building jar: /home/travis/build/google/guice/core/target/guice-4.0-SNAPSHOT-test-sources.jar
[INFO] com already added, skipping
[INFO] com/googlecode already added, skipping
[INFO] com/googlecode/guice already added, skipping
[INFO] com/googlecode/guice/bundle already added, skipping
[INFO] com/google already added, skipping
[INFO] com/google/inject already added, skipping
[INFO] com/google/inject/spi already added, skipping
[INFO] com/google/inject/matcher already added, skipping
[INFO] com/google/inject/util already added, skipping
[INFO] com/google/inject/example already added, skipping
[INFO] com/google/inject/name already added, skipping
[INFO] com/google/inject/internal already added, skipping
[INFO] com/google/inject/internal/util already added, skipping
[INFO] META-INF already added, skipping
[INFO] META-INF/NOTICE already added, skipping
[INFO] META-INF/LICENSE already added, skipping
[INFO] META-INF/DEPENDENCIES already added, skipping
[INFO] 
[INFO] --- maven-javadoc-plugin:2.7:jar (default) @ guice ---
[INFO] Skipping javadoc generation
[INFO] 
[INFO] --- maven-gpg-plugin:1.4:sign (sign-artifacts) @ guice ---
[INFO]                                                                         
[INFO] ------------------------------------------------------------------------
[INFO] Building Google Guice - Extensions 4.0-SNAPSHOT
[INFO] ------------------------------------------------------------------------
[INFO] 
[INFO] --- maven-remote-resources-plugin:1.1:process (default) @ extensions-parent ---
[INFO] 
[INFO] --- animal-sniffer-maven-plugin:1.10:check (check-java-1.6-compat) @ extensions-parent ---
[INFO] Checking unresolved references to org.codehaus.mojo.signature:java16:1.0
[INFO] 
[INFO] --- maven-bundle-plugin:2.1.0:manifest (default) @ extensions-parent ---
[WARNING] Ignoring project type pom - supportedProjectTypes = [jar, bundle]
[INFO] 
[INFO] >>> maven-source-plugin:2.1.2:jar (default) > generate-sources @ extensions-parent >>>
[INFO] 
[INFO] <<< maven-source-plugin:2.1.2:jar (default) < generate-sources @ extensions-parent <<<
[INFO] 
[INFO] --- maven-source-plugin:2.1.2:jar (default) @ extensions-parent ---
[INFO] 
[INFO] >>> maven-source-plugin:2.1.2:test-jar (default) > generate-sources @ extensions-parent >>>
[INFO] 
[INFO] <<< maven-source-plugin:2.1.2:test-jar (default) < generate-sources @ extensions-parent <<<
[INFO] 
[INFO] --- maven-source-plugin:2.1.2:test-jar (default) @ extensions-parent ---
[INFO] 
[INFO] --- maven-javadoc-plugin:2.7:jar (default) @ extensions-parent ---
[INFO] Skipping javadoc generation
[INFO] 
[INFO] --- maven-gpg-plugin:1.4:sign (sign-artifacts) @ extensions-parent ---
[INFO]                                                                         
[INFO] ------------------------------------------------------------------------
[INFO] Building Google Guice - Extensions - AssistedInject 4.0-SNAPSHOT
[INFO] ------------------------------------------------------------------------
[INFO] 
[INFO] --- maven-remote-resources-plugin:1.1:process (default) @ guice-assistedinject ---
[INFO] 
[INFO] --- maven-resources-plugin:2.6:resources (default-resources) @ guice-assistedinject ---
[INFO] Using 'UTF-8' encoding to copy filtered resources.
[INFO] Copying 0 resource
[INFO] Copying 3 resources
[INFO] 
[INFO] --- maven-compiler-plugin:2.3.2:compile (default-compile) @ guice-assistedinject ---
[INFO] Compiling 13 source files to /home/travis/build/google/guice/extensions/assistedinject/target/classes
[INFO] 
[INFO] --- animal-sniffer-maven-plugin:1.10:check (check-java-1.6-compat) @ guice-assistedinject ---
[INFO] Checking unresolved references to org.codehaus.mojo.signature:java16:1.0
[INFO] 
[INFO] --- maven-resources-plugin:2.6:testResources (default-testResources) @ guice-assistedinject ---
[INFO] Using 'UTF-8' encoding to copy filtered resources.
[INFO] Copying 0 resource
[INFO] Copying 3 resources
[INFO] 
[INFO] --- maven-compiler-plugin:2.3.2:testCompile (default-testCompile) @ guice-assistedinject ---
[INFO] Compiling 5 source files to /home/travis/build/google/guice/extensions/assistedinject/target/test-classes
[INFO] 
[INFO] --- maven-surefire-plugin:2.5:test (default-test) @ guice-assistedinject ---
[INFO] Surefire report directory: /home/travis/build/google/guice/extensions/assistedinject/target/surefire-reports

-------------------------------------------------------
 T E S T S
-------------------------------------------------------
Running com.google.inject.assistedinject.FactoryProvider2Test
Tests run: 38, Failures: 0, Errors: 0, Skipped: 0, Time elapsed: 0.955 sec
Running com.google.inject.assistedinject.ExtensionSpiTest
Tests run: 2, Failures: 0, Errors: 0, Skipped: 0, Time elapsed: 0.057 sec
Running com.google.inject.assistedinject.ManyConstructorsTest
Tests run: 8, Failures: 0, Errors: 0, Skipped: 0, Time elapsed: 0.109 sec
Running com.google.inject.assistedinject.FactoryModuleBuilderTest
Tests run: 19, Failures: 0, Errors: 0, Skipped: 0, Time elapsed: 0.263 sec
Running com.google.inject.assistedinject.FactoryProviderTest
Tests run: 25, Failures: 0, Errors: 0, Skipped: 0, Time elapsed: 0.281 sec

Results :

Tests run: 92, Failures: 0, Errors: 0, Skipped: 0

[INFO] 
[INFO] --- maven-surefire-plugin:2.5:test (stack-traces-off) @ guice-assistedinject ---
[INFO] Surefire report directory: /home/travis/build/google/guice/extensions/assistedinject/target/surefire-reports

-------------------------------------------------------
 T E S T S
-------------------------------------------------------
Running com.google.inject.assistedinject.FactoryProvider2Test
Tests run: 38, Failures: 0, Errors: 0, Skipped: 0, Time elapsed: 1.031 sec
Running com.google.inject.assistedinject.ExtensionSpiTest
Tests run: 2, Failures: 0, Errors: 0, Skipped: 0, Time elapsed: 0.085 sec
Running com.google.inject.assistedinject.ManyConstructorsTest
Tests run: 8, Failures: 0, Errors: 0, Skipped: 0, Time elapsed: 0.163 sec
Running com.google.inject.assistedinject.FactoryModuleBuilderTest
Tests run: 19, Failures: 0, Errors: 0, Skipped: 0, Time elapsed: 0.324 sec
Running com.google.inject.assistedinject.FactoryProviderTest
Tests run: 25, Failures: 0, Errors: 0, Skipped: 0, Time elapsed: 0.257 sec

Results :

Tests run: 92, Failures: 0, Errors: 0, Skipped: 0

[INFO] 
[INFO] --- maven-surefire-plugin:2.5:test (stack-traces-complete) @ guice-assistedinject ---
[INFO] Surefire report directory: /home/travis/build/google/guice/extensions/assistedinject/target/surefire-reports

-------------------------------------------------------
 T E S T S
-------------------------------------------------------
Running com.google.inject.assistedinject.FactoryProvider2Test
Tests run: 38, Failures: 0, Errors: 0, Skipped: 0, Time elapsed: 1.152 sec
Running com.google.inject.assistedinject.ExtensionSpiTest
Tests run: 2, Failures: 0, Errors: 0, Skipped: 0, Time elapsed: 0.088 sec
Running com.google.inject.assistedinject.ManyConstructorsTest
Tests run: 8, Failures: 0, Errors: 0, Skipped: 0, Time elapsed: 0.206 sec
Running com.google.inject.assistedinject.FactoryModuleBuilderTest
Tests run: 19, Failures: 0, Errors: 0, Skipped: 0, Time elapsed: 0.272 sec
Running com.google.inject.assistedinject.FactoryProviderTest
Tests run: 25, Failures: 0, Errors: 0, Skipped: 0, Time elapsed: 0.201 sec

Results :

Tests run: 92, Failures: 0, Errors: 0, Skipped: 0

[INFO] 
[INFO] --- maven-bundle-plugin:2.1.0:manifest (default) @ guice-assistedinject ---
[INFO] 
[INFO] --- maven-jar-plugin:2.3.1:jar (default-jar) @ guice-assistedinject ---
[INFO] Building jar: /home/travis/build/google/guice/extensions/assistedinject/target/guice-assistedinject-4.0-SNAPSHOT.jar
[INFO] 
[INFO] >>> maven-source-plugin:2.1.2:jar (default) > generate-sources @ guice-assistedinject >>>
[INFO] 
[INFO] <<< maven-source-plugin:2.1.2:jar (default) < generate-sources @ guice-assistedinject <<<
[INFO] 
[INFO] --- maven-source-plugin:2.1.2:jar (default) @ guice-assistedinject ---
[INFO] com already added, skipping
[INFO] com/google already added, skipping
[INFO] com/google/inject already added, skipping
[INFO] com/google/inject/assistedinject already added, skipping
[INFO] META-INF already added, skipping
[INFO] META-INF/NOTICE already added, skipping
[INFO] META-INF/LICENSE already added, skipping
[INFO] META-INF/DEPENDENCIES already added, skipping
[INFO] Building jar: /home/travis/build/google/guice/extensions/assistedinject/target/guice-assistedinject-4.0-SNAPSHOT-sources.jar
[INFO] com already added, skipping
[INFO] com/google already added, skipping
[INFO] com/google/inject already added, skipping
[INFO] com/google/inject/assistedinject already added, skipping
[INFO] META-INF already added, skipping
[INFO] META-INF/NOTICE already added, skipping
[INFO] META-INF/LICENSE already added, skipping
[INFO] META-INF/DEPENDENCIES already added, skipping
[INFO] 
[INFO] >>> maven-source-plugin:2.1.2:test-jar (default) > generate-sources @ guice-assistedinject >>>
[INFO] 
[INFO] <<< maven-source-plugin:2.1.2:test-jar (default) < generate-sources @ guice-assistedinject <<<
[INFO] 
[INFO] --- maven-source-plugin:2.1.2:test-jar (default) @ guice-assistedinject ---
[INFO] com already added, skipping
[INFO] com/google already added, skipping
[INFO] com/google/inject already added, skipping
[INFO] com/google/inject/assistedinject already added, skipping
[INFO] META-INF already added, skipping
[INFO] META-INF/NOTICE already added, skipping
[INFO] META-INF/LICENSE already added, skipping
[INFO] META-INF/DEPENDENCIES already added, skipping
[INFO] Building jar: /home/travis/build/google/guice/extensions/assistedinject/target/guice-assistedinject-4.0-SNAPSHOT-test-sources.jar
[INFO] com already added, skipping
[INFO] com/google already added, skipping
[INFO] com/google/inject already added, skipping
[INFO] com/google/inject/assistedinject already added, skipping
[INFO] META-INF already added, skipping
[INFO] META-INF/NOTICE already added, skipping
[INFO] META-INF/LICENSE already added, skipping
[INFO] META-INF/DEPENDENCIES already added, skipping
[INFO] 
[INFO] --- maven-javadoc-plugin:2.7:jar (default) @ guice-assistedinject ---
[INFO] Skipping javadoc generation
[INFO] 
[INFO] --- maven-jar-plugin:2.3.1:test-jar (default) @ guice-assistedinject ---
[INFO] Building jar: /home/travis/build/google/guice/extensions/assistedinject/target/guice-assistedinject-4.0-SNAPSHOT-tests.jar
[INFO] 
[INFO] --- maven-gpg-plugin:1.4:sign (sign-artifacts) @ guice-assistedinject ---
[INFO]                                                                         
[INFO] ------------------------------------------------------------------------
[INFO] Building Google Guice - Extensions - MultiBindings 4.0-SNAPSHOT
[INFO] ------------------------------------------------------------------------
[INFO] 
[INFO] --- maven-remote-resources-plugin:1.1:process (default) @ guice-multibindings ---
[INFO] 
[INFO] --- maven-resources-plugin:2.6:resources (default-resources) @ guice-multibindings ---
[INFO] Using 'UTF-8' encoding to copy filtered resources.
[INFO] Copying 0 resource
[INFO] Copying 3 resources
[INFO] 
[INFO] --- maven-compiler-plugin:2.3.2:compile (default-compile) @ guice-multibindings ---
[INFO] Compiling 10 source files to /home/travis/build/google/guice/extensions/multibindings/target/classes
[INFO] 
[INFO] --- animal-sniffer-maven-plugin:1.10:check (check-java-1.6-compat) @ guice-multibindings ---
[INFO] Checking unresolved references to org.codehaus.mojo.signature:java16:1.0
[INFO] 
[INFO] --- maven-resources-plugin:2.6:testResources (default-testResources) @ guice-multibindings ---
[INFO] Using 'UTF-8' encoding to copy filtered resources.
[INFO] Copying 0 resource
[INFO] Copying 3 resources
[INFO] 
[INFO] --- maven-compiler-plugin:2.3.2:testCompile (default-testCompile) @ guice-multibindings ---
[INFO] Compiling 7 source files to /home/travis/build/google/guice/extensions/multibindings/target/test-classes
[INFO] 
[INFO] --- maven-surefire-plugin:2.5:test (default-test) @ guice-multibindings ---
[INFO] Surefire report directory: /home/travis/build/google/guice/extensions/multibindings/target/surefire-reports

-------------------------------------------------------
 T E S T S
-------------------------------------------------------
Running com.google.inject.multibindings.MultibinderTest
Tests run: 34, Failures: 0, Errors: 0, Skipped: 0, Time elapsed: 1.218 sec
Running com.google.inject.multibindings.MapBinderTest
Tests run: 30, Failures: 0, Errors: 0, Skipped: 0, Time elapsed: 0.866 sec
Running com.google.inject.multibindings.OptionalBinderTest
Tests run: 30, Failures: 0, Errors: 0, Skipped: 0, Time elapsed: 0.693 sec

Results :

Tests run: 94, Failures: 0, Errors: 0, Skipped: 0

[INFO] 
[INFO] --- maven-surefire-plugin:2.5:test (stack-traces-off) @ guice-multibindings ---
[INFO] Surefire report directory: /home/travis/build/google/guice/extensions/multibindings/target/surefire-reports

-------------------------------------------------------
 T E S T S
-------------------------------------------------------
Running com.google.inject.multibindings.MultibinderTest
Tests run: 34, Failures: 0, Errors: 0, Skipped: 0, Time elapsed: 1.233 sec
Running com.google.inject.multibindings.MapBinderTest
Tests run: 30, Failures: 0, Errors: 0, Skipped: 0, Time elapsed: 0.949 sec
Running com.google.inject.multibindings.OptionalBinderTest
Tests run: 30, Failures: 0, Errors: 0, Skipped: 0, Time elapsed: 0.591 sec

Results :

Tests run: 94, Failures: 0, Errors: 0, Skipped: 0

[INFO] 
[INFO] --- maven-surefire-plugin:2.5:test (stack-traces-complete) @ guice-multibindings ---
[INFO] Surefire report directory: /home/travis/build/google/guice/extensions/multibindings/target/surefire-reports

-------------------------------------------------------
 T E S T S
-------------------------------------------------------
Running com.google.inject.multibindings.MultibinderTest
Tests run: 34, Failures: 0, Errors: 0, Skipped: 0, Time elapsed: 1.323 sec
Running com.google.inject.multibindings.MapBinderTest
Tests run: 30, Failures: 0, Errors: 0, Skipped: 0, Time elapsed: 1.438 sec
Running com.google.inject.multibindings.OptionalBinderTest
Tests run: 30, Failures: 0, Errors: 0, Skipped: 0, Time elapsed: 1.924 sec

Results :

Tests run: 94, Failures: 0, Errors: 0, Skipped: 0

[INFO] 
[INFO] --- maven-bundle-plugin:2.1.0:manifest (default) @ guice-multibindings ---
[INFO] 
[INFO] --- maven-jar-plugin:2.3.1:jar (default-jar) @ guice-multibindings ---
[INFO] Building jar: /home/travis/build/google/guice/extensions/multibindings/target/guice-multibindings-4.0-SNAPSHOT.jar
[INFO] 
[INFO] >>> maven-source-plugin:2.1.2:jar (default) > generate-sources @ guice-multibindings >>>
[INFO] 
[INFO] <<< maven-source-plugin:2.1.2:jar (default) < generate-sources @ guice-multibindings <<<
[INFO] 
[INFO] --- maven-source-plugin:2.1.2:jar (default) @ guice-multibindings ---
[INFO] com already added, skipping
[INFO] com/google already added, skipping
[INFO] com/google/inject already added, skipping
[INFO] com/google/inject/multibindings already added, skipping
[INFO] META-INF already added, skipping
[INFO] META-INF/NOTICE already added, skipping
[INFO] META-INF/LICENSE already added, skipping
[INFO] META-INF/DEPENDENCIES already added, skipping
[INFO] Building jar: /home/travis/build/google/guice/extensions/multibindings/target/guice-multibindings-4.0-SNAPSHOT-sources.jar
[INFO] com already added, skipping
[INFO] com/google already added, skipping
[INFO] com/google/inject already added, skipping
[INFO] com/google/inject/multibindings already added, skipping
[INFO] META-INF already added, skipping
[INFO] META-INF/NOTICE already added, skipping
[INFO] META-INF/LICENSE already added, skipping
[INFO] META-INF/DEPENDENCIES already added, skipping
[INFO] 
[INFO] >>> maven-source-plugin:2.1.2:test-jar (default) > generate-sources @ guice-multibindings >>>
[INFO] 
[INFO] <<< maven-source-plugin:2.1.2:test-jar (default) < generate-sources @ guice-multibindings <<<
[INFO] 
[INFO] --- maven-source-plugin:2.1.2:test-jar (default) @ guice-multibindings ---
[INFO] com already added, skipping
[INFO] com/google already added, skipping
[INFO] com/google/inject already added, skipping
[INFO] com/google/inject/multibindings already added, skipping
[INFO] META-INF already added, skipping
[INFO] META-INF/NOTICE already added, skipping
[INFO] META-INF/LICENSE already added, skipping
[INFO] META-INF/DEPENDENCIES already added, skipping
[INFO] Building jar: /home/travis/build/google/guice/extensions/multibindings/target/guice-multibindings-4.0-SNAPSHOT-test-sources.jar
[INFO] com already added, skipping
[INFO] com/google already added, skipping
[INFO] com/google/inject already added, skipping
[INFO] com/google/inject/multibindings already added, skipping
[INFO] META-INF already added, skipping
[INFO] META-INF/NOTICE already added, skipping
[INFO] META-INF/LICENSE already added, skipping
[INFO] META-INF/DEPENDENCIES already added, skipping
[INFO] 
[INFO] --- maven-javadoc-plugin:2.7:jar (default) @ guice-multibindings ---
[INFO] Skipping javadoc generation
[INFO] 
[INFO] --- maven-jar-plugin:2.3.1:test-jar (default) @ guice-multibindings ---
[INFO] Building jar: /home/travis/build/google/guice/extensions/multibindings/target/guice-multibindings-4.0-SNAPSHOT-tests.jar
[INFO] 
[INFO] --- maven-gpg-plugin:1.4:sign (sign-artifacts) @ guice-multibindings ---
[INFO]                                                                         
[INFO] ------------------------------------------------------------------------
[INFO] Building Google Guice - Extensions - Grapher 4.0-SNAPSHOT
[INFO] ------------------------------------------------------------------------
[INFO] 
[INFO] --- maven-remote-resources-plugin:1.1:process (default) @ guice-grapher ---
[INFO] 
[INFO] --- maven-resources-plugin:2.6:resources (default-resources) @ guice-grapher ---
[INFO] Using 'UTF-8' encoding to copy filtered resources.
[INFO] Copying 0 resource
[INFO] Copying 3 resources
[INFO] 
[INFO] --- maven-compiler-plugin:2.3.2:compile (default-compile) @ guice-grapher ---
[INFO] Compiling 34 source files to /home/travis/build/google/guice/extensions/grapher/target/classes
[INFO] 
[INFO] --- animal-sniffer-maven-plugin:1.10:check (check-java-1.6-compat) @ guice-grapher ---
[INFO] Checking unresolved references to org.codehaus.mojo.signature:java16:1.0
[INFO] 
[INFO] --- maven-resources-plugin:2.6:testResources (default-testResources) @ guice-grapher ---
[INFO] Using 'UTF-8' encoding to copy filtered resources.
[INFO] Copying 0 resource
[INFO] Copying 3 resources
[INFO] 
[INFO] --- maven-compiler-plugin:2.3.2:testCompile (default-testCompile) @ guice-grapher ---
[INFO] Compiling 28 source files to /home/travis/build/google/guice/extensions/grapher/target/test-classes
[INFO] 
[INFO] --- maven-surefire-plugin:2.5:test (default-test) @ guice-grapher ---
[INFO] Surefire report directory: /home/travis/build/google/guice/extensions/grapher/target/surefire-reports

-------------------------------------------------------
 T E S T S
-------------------------------------------------------
Running com.google.inject.grapher.TransitiveDependencyVisitorTest
Tests run: 8, Failures: 0, Errors: 0, Skipped: 0, Time elapsed: 0.57 sec
Running com.google.inject.grapher.AbstractInjectorGrapherTest
Tests run: 3, Failures: 0, Errors: 0, Skipped: 0, Time elapsed: 0.056 sec
Running com.google.inject.grapher.ShortNameFactoryTest
Tests run: 14, Failures: 0, Errors: 0, Skipped: 0, Time elapsed: 0.06 sec

Results :

Tests run: 25, Failures: 0, Errors: 0, Skipped: 0

[INFO] 
[INFO] --- maven-surefire-plugin:2.5:test (stack-traces-off) @ guice-grapher ---
[INFO] Surefire report directory: /home/travis/build/google/guice/extensions/grapher/target/surefire-reports

-------------------------------------------------------
 T E S T S
-------------------------------------------------------
Running com.google.inject.grapher.TransitiveDependencyVisitorTest
Tests run: 8, Failures: 0, Errors: 0, Skipped: 0, Time elapsed: 0.497 sec
Running com.google.inject.grapher.AbstractInjectorGrapherTest
Tests run: 3, Failures: 0, Errors: 0, Skipped: 0, Time elapsed: 0.047 sec
Running com.google.inject.grapher.ShortNameFactoryTest
Tests run: 14, Failures: 0, Errors: 0, Skipped: 0, Time elapsed: 0.054 sec

Results :

Tests run: 25, Failures: 0, Errors: 0, Skipped: 0

[INFO] 
[INFO] --- maven-surefire-plugin:2.5:test (stack-traces-complete) @ guice-grapher ---
[INFO] Surefire report directory: /home/travis/build/google/guice/extensions/grapher/target/surefire-reports

-------------------------------------------------------
 T E S T S
-------------------------------------------------------
Running com.google.inject.grapher.TransitiveDependencyVisitorTest
Tests run: 8, Failures: 0, Errors: 0, Skipped: 0, Time elapsed: 0.594 sec
Running com.google.inject.grapher.AbstractInjectorGrapherTest
Tests run: 3, Failures: 0, Errors: 0, Skipped: 0, Time elapsed: 0.073 sec
Running com.google.inject.grapher.ShortNameFactoryTest
Tests run: 14, Failures: 0, Errors: 0, Skipped: 0, Time elapsed: 0.07 sec

Results :

Tests run: 25, Failures: 0, Errors: 0, Skipped: 0

[INFO] 
[INFO] --- maven-bundle-plugin:2.1.0:manifest (default) @ guice-grapher ---
[INFO] 
[INFO] --- maven-jar-plugin:2.3.1:jar (default-jar) @ guice-grapher ---
[INFO] Building jar: /home/travis/build/google/guice/extensions/grapher/target/guice-grapher-4.0-SNAPSHOT.jar
[INFO] 
[INFO] >>> maven-source-plugin:2.1.2:jar (default) > generate-sources @ guice-grapher >>>
[INFO] 
[INFO] <<< maven-source-plugin:2.1.2:jar (default) < generate-sources @ guice-grapher <<<
[INFO] 
[INFO] --- maven-source-plugin:2.1.2:jar (default) @ guice-grapher ---
[INFO] com already added, skipping
[INFO] com/google already added, skipping
[INFO] com/google/inject already added, skipping
[INFO] com/google/inject/grapher already added, skipping
[INFO] com/google/inject/grapher/graphviz already added, skipping
[INFO] META-INF already added, skipping
[INFO] META-INF/NOTICE already added, skipping
[INFO] META-INF/LICENSE already added, skipping
[INFO] META-INF/DEPENDENCIES already added, skipping
[INFO] Building jar: /home/travis/build/google/guice/extensions/grapher/target/guice-grapher-4.0-SNAPSHOT-sources.jar
[INFO] com already added, skipping
[INFO] com/google already added, skipping
[INFO] com/google/inject already added, skipping
[INFO] com/google/inject/grapher already added, skipping
[INFO] com/google/inject/grapher/graphviz already added, skipping
[INFO] META-INF already added, skipping
[INFO] META-INF/NOTICE already added, skipping
[INFO] META-INF/LICENSE already added, skipping
[INFO] META-INF/DEPENDENCIES already added, skipping
[INFO] 
[INFO] >>> maven-source-plugin:2.1.2:test-jar (default) > generate-sources @ guice-grapher >>>
[INFO] 
[INFO] <<< maven-source-plugin:2.1.2:test-jar (default) < generate-sources @ guice-grapher <<<
[INFO] 
[INFO] --- maven-source-plugin:2.1.2:test-jar (default) @ guice-grapher ---
[INFO] com already added, skipping
[INFO] com/google already added, skipping
[INFO] com/google/inject already added, skipping
[INFO] com/google/inject/grapher already added, skipping
[INFO] com/google/inject/grapher/demo already added, skipping
[INFO] META-INF already added, skipping
[INFO] META-INF/NOTICE already added, skipping
[INFO] META-INF/LICENSE already added, skipping
[INFO] META-INF/DEPENDENCIES already added, skipping
[INFO] Building jar: /home/travis/build/google/guice/extensions/grapher/target/guice-grapher-4.0-SNAPSHOT-test-sources.jar
[INFO] com already added, skipping
[INFO] com/google already added, skipping
[INFO] com/google/inject already added, skipping
[INFO] com/google/inject/grapher already added, skipping
[INFO] com/google/inject/grapher/demo already added, skipping
[INFO] META-INF already added, skipping
[INFO] META-INF/NOTICE already added, skipping
[INFO] META-INF/LICENSE already added, skipping
[INFO] META-INF/DEPENDENCIES already added, skipping
[INFO] 
[INFO] --- maven-javadoc-plugin:2.7:jar (default) @ guice-grapher ---
[INFO] Skipping javadoc generation
[INFO] 
[INFO] --- maven-jar-plugin:2.3.1:test-jar (default) @ guice-grapher ---
[INFO] Building jar: /home/travis/build/google/guice/extensions/grapher/target/guice-grapher-4.0-SNAPSHOT-tests.jar
[INFO] 
[INFO] --- maven-gpg-plugin:1.4:sign (sign-artifacts) @ guice-grapher ---
[INFO]                                                                         
[INFO] ------------------------------------------------------------------------
[INFO] Building Google Guice - Extensions - JMX 4.0-SNAPSHOT
[INFO] ------------------------------------------------------------------------
[INFO] 
[INFO] --- maven-remote-resources-plugin:1.1:process (default) @ guice-jmx ---
[INFO] 
[INFO] --- maven-resources-plugin:2.6:resources (default-resources) @ guice-jmx ---
[INFO] Using 'UTF-8' encoding to copy filtered resources.
[INFO] Copying 0 resource
[INFO] Copying 3 resources
[INFO] 
[INFO] --- maven-compiler-plugin:2.3.2:compile (default-compile) @ guice-jmx ---
[INFO] Compiling 4 source files to /home/travis/build/google/guice/extensions/jmx/target/classes
[INFO] 
[INFO] --- animal-sniffer-maven-plugin:1.10:check (check-java-1.6-compat) @ guice-jmx ---
[INFO] Checking unresolved references to org.codehaus.mojo.signature:java16:1.0
[INFO] 
[INFO] --- maven-resources-plugin:2.6:testResources (default-testResources) @ guice-jmx ---
[INFO] Using 'UTF-8' encoding to copy filtered resources.
[INFO] Copying 0 resource
[INFO] Copying 3 resources
[INFO] 
[INFO] --- maven-compiler-plugin:2.3.2:testCompile (default-testCompile) @ guice-jmx ---
[INFO] Compiling 1 source file to /home/travis/build/google/guice/extensions/jmx/target/test-classes
[INFO] 
[INFO] --- maven-surefire-plugin:2.5:test (default-test) @ guice-jmx ---
[INFO] Tests are skipped.
[INFO] 
[INFO] --- maven-surefire-plugin:2.5:test (stack-traces-off) @ guice-jmx ---
[INFO] Tests are skipped.
[INFO] 
[INFO] --- maven-surefire-plugin:2.5:test (stack-traces-complete) @ guice-jmx ---
[INFO] Tests are skipped.
[INFO] 
[INFO] --- maven-bundle-plugin:2.1.0:manifest (default) @ guice-jmx ---
[INFO] 
[INFO] --- maven-jar-plugin:2.3.1:jar (default-jar) @ guice-jmx ---
[INFO] Building jar: /home/travis/build/google/guice/extensions/jmx/target/guice-jmx-4.0-SNAPSHOT.jar
[INFO] 
[INFO] >>> maven-source-plugin:2.1.2:jar (default) > generate-sources @ guice-jmx >>>
[INFO] 
[INFO] <<< maven-source-plugin:2.1.2:jar (default) < generate-sources @ guice-jmx <<<
[INFO] 
[INFO] --- maven-source-plugin:2.1.2:jar (default) @ guice-jmx ---
[INFO] com already added, skipping
[INFO] com/google already added, skipping
[INFO] com/google/inject already added, skipping
[INFO] com/google/inject/tools already added, skipping
[INFO] com/google/inject/tools/jmx already added, skipping
[INFO] META-INF already added, skipping
[INFO] META-INF/NOTICE already added, skipping
[INFO] META-INF/LICENSE already added, skipping
[INFO] META-INF/DEPENDENCIES already added, skipping
[INFO] Building jar: /home/travis/build/google/guice/extensions/jmx/target/guice-jmx-4.0-SNAPSHOT-sources.jar
[INFO] com already added, skipping
[INFO] com/google already added, skipping
[INFO] com/google/inject already added, skipping
[INFO] com/google/inject/tools already added, skipping
[INFO] com/google/inject/tools/jmx already added, skipping
[INFO] META-INF already added, skipping
[INFO] META-INF/NOTICE already added, skipping
[INFO] META-INF/LICENSE already added, skipping
[INFO] META-INF/DEPENDENCIES already added, skipping
[INFO] 
[INFO] >>> maven-source-plugin:2.1.2:test-jar (default) > generate-sources @ guice-jmx >>>
[INFO] 
[INFO] <<< maven-source-plugin:2.1.2:test-jar (default) < generate-sources @ guice-jmx <<<
[INFO] 
[INFO] --- maven-source-plugin:2.1.2:test-jar (default) @ guice-jmx ---
[INFO] com already added, skipping
[INFO] com/google already added, skipping
[INFO] com/google/inject already added, skipping
[INFO] com/google/inject/tools already added, skipping
[INFO] com/google/inject/tools/jmx already added, skipping
[INFO] META-INF already added, skipping
[INFO] META-INF/NOTICE already added, skipping
[INFO] META-INF/LICENSE already added, skipping
[INFO] META-INF/DEPENDENCIES already added, skipping
[INFO] Building jar: /home/travis/build/google/guice/extensions/jmx/target/guice-jmx-4.0-SNAPSHOT-test-sources.jar
[INFO] com already added, skipping
[INFO] com/google already added, skipping
[INFO] com/google/inject already added, skipping
[INFO] com/google/inject/tools already added, skipping
[INFO] com/google/inject/tools/jmx already added, skipping
[INFO] META-INF already added, skipping
[INFO] META-INF/NOTICE already added, skipping
[INFO] META-INF/LICENSE already added, skipping
[INFO] META-INF/DEPENDENCIES already added, skipping
[INFO] 
[INFO] --- maven-javadoc-plugin:2.7:jar (default) @ guice-jmx ---
[INFO] Skipping javadoc generation
[INFO] 
[INFO] --- maven-jar-plugin:2.3.1:test-jar (default) @ guice-jmx ---
[INFO] Building jar: /home/travis/build/google/guice/extensions/jmx/target/guice-jmx-4.0-SNAPSHOT-tests.jar
[INFO] 
[INFO] --- maven-gpg-plugin:1.4:sign (sign-artifacts) @ guice-jmx ---
[INFO]                                                                         
[INFO] ------------------------------------------------------------------------
[INFO] Building Google Guice - Extensions - JNDI 4.0-SNAPSHOT
[INFO] ------------------------------------------------------------------------
[INFO] 
[INFO] --- maven-remote-resources-plugin:1.1:process (default) @ guice-jndi ---
[INFO] 
[INFO] --- maven-resources-plugin:2.6:resources (default-resources) @ guice-jndi ---
[INFO] Using 'UTF-8' encoding to copy filtered resources.
[INFO] Copying 0 resource
[INFO] Copying 3 resources
[INFO] 
[INFO] --- maven-compiler-plugin:2.3.2:compile (default-compile) @ guice-jndi ---
[INFO] Compiling 2 source files to /home/travis/build/google/guice/extensions/jndi/target/classes
[INFO] 
[INFO] --- animal-sniffer-maven-plugin:1.10:check (check-java-1.6-compat) @ guice-jndi ---
[INFO] Checking unresolved references to org.codehaus.mojo.signature:java16:1.0
[INFO] 
[INFO] --- maven-resources-plugin:2.6:testResources (default-testResources) @ guice-jndi ---
[INFO] Using 'UTF-8' encoding to copy filtered resources.
[INFO] skip non existing resourceDirectory /home/travis/build/google/guice/extensions/jndi/test
[INFO] Copying 3 resources
[INFO] 
[INFO] --- maven-compiler-plugin:2.3.2:testCompile (default-testCompile) @ guice-jndi ---
[INFO] No sources to compile
[INFO] 
[INFO] --- maven-surefire-plugin:2.5:test (default-test) @ guice-jndi ---
[INFO] Surefire report directory: /home/travis/build/google/guice/extensions/jndi/target/surefire-reports

-------------------------------------------------------
 T E S T S
-------------------------------------------------------
There are no tests to run.

Results :

Tests run: 0, Failures: 0, Errors: 0, Skipped: 0

[INFO] 
[INFO] --- maven-surefire-plugin:2.5:test (stack-traces-off) @ guice-jndi ---
[INFO] Surefire report directory: /home/travis/build/google/guice/extensions/jndi/target/surefire-reports

-------------------------------------------------------
 T E S T S
-------------------------------------------------------
There are no tests to run.

Results :

Tests run: 0, Failures: 0, Errors: 0, Skipped: 0

[INFO] 
[INFO] --- maven-surefire-plugin:2.5:test (stack-traces-complete) @ guice-jndi ---
[INFO] Surefire report directory: /home/travis/build/google/guice/extensions/jndi/target/surefire-reports

-------------------------------------------------------
 T E S T S
-------------------------------------------------------
There are no tests to run.

Results :

Tests run: 0, Failures: 0, Errors: 0, Skipped: 0

[INFO] 
[INFO] --- maven-bundle-plugin:2.1.0:manifest (default) @ guice-jndi ---
[INFO] 
[INFO] --- maven-jar-plugin:2.3.1:jar (default-jar) @ guice-jndi ---
[INFO] Building jar: /home/travis/build/google/guice/extensions/jndi/target/guice-jndi-4.0-SNAPSHOT.jar
[INFO] 
[INFO] >>> maven-source-plugin:2.1.2:jar (default) > generate-sources @ guice-jndi >>>
[INFO] 
[INFO] <<< maven-source-plugin:2.1.2:jar (default) < generate-sources @ guice-jndi <<<
[INFO] 
[INFO] --- maven-source-plugin:2.1.2:jar (default) @ guice-jndi ---
[INFO] com already added, skipping
[INFO] com/google already added, skipping
[INFO] com/google/inject already added, skipping
[INFO] com/google/inject/jndi already added, skipping
[INFO] META-INF already added, skipping
[INFO] META-INF/NOTICE already added, skipping
[INFO] META-INF/LICENSE already added, skipping
[INFO] META-INF/DEPENDENCIES already added, skipping
[INFO] Building jar: /home/travis/build/google/guice/extensions/jndi/target/guice-jndi-4.0-SNAPSHOT-sources.jar
[INFO] com already added, skipping
[INFO] com/google already added, skipping
[INFO] com/google/inject already added, skipping
[INFO] com/google/inject/jndi already added, skipping
[INFO] META-INF already added, skipping
[INFO] META-INF/NOTICE already added, skipping
[INFO] META-INF/LICENSE already added, skipping
[INFO] META-INF/DEPENDENCIES already added, skipping
[INFO] 
[INFO] >>> maven-source-plugin:2.1.2:test-jar (default) > generate-sources @ guice-jndi >>>
[INFO] 
[INFO] <<< maven-source-plugin:2.1.2:test-jar (default) < generate-sources @ guice-jndi <<<
[INFO] 
[INFO] --- maven-source-plugin:2.1.2:test-jar (default) @ guice-jndi ---
[INFO] META-INF already added, skipping
[INFO] META-INF/NOTICE already added, skipping
[INFO] META-INF/LICENSE already added, skipping
[INFO] META-INF/DEPENDENCIES already added, skipping
[INFO] Building jar: /home/travis/build/google/guice/extensions/jndi/target/guice-jndi-4.0-SNAPSHOT-test-sources.jar
[INFO] META-INF already added, skipping
[INFO] META-INF/NOTICE already added, skipping
[INFO] META-INF/LICENSE already added, skipping
[INFO] META-INF/DEPENDENCIES already added, skipping
[INFO] 
[INFO] --- maven-javadoc-plugin:2.7:jar (default) @ guice-jndi ---
[INFO] Skipping javadoc generation
[INFO] 
[INFO] --- maven-jar-plugin:2.3.1:test-jar (default) @ guice-jndi ---
[INFO] Building jar: /home/travis/build/google/guice/extensions/jndi/target/guice-jndi-4.0-SNAPSHOT-tests.jar
[INFO] 
[INFO] --- maven-gpg-plugin:1.4:sign (sign-artifacts) @ guice-jndi ---
[INFO]                                                                         
[INFO] ------------------------------------------------------------------------
[INFO] Building Google Guice - Extensions - Persist 4.0-SNAPSHOT
[INFO] ------------------------------------------------------------------------
[INFO] 
[INFO] --- maven-remote-resources-plugin:1.1:process (default) @ guice-persist ---
[INFO] 
[INFO] --- maven-resources-plugin:2.6:resources (default-resources) @ guice-persist ---
[INFO] Using 'UTF-8' encoding to copy filtered resources.
[INFO] Copying 0 resource
[INFO] Copying 3 resources
[INFO] 
[INFO] --- maven-compiler-plugin:2.3.2:compile (default-compile) @ guice-persist ---
[INFO] Compiling 17 source files to /home/travis/build/google/guice/extensions/persist/target/classes
[INFO] 
[INFO] --- animal-sniffer-maven-plugin:1.10:check (check-java-1.6-compat) @ guice-persist ---
[INFO] Checking unresolved references to org.codehaus.mojo.signature:java16:1.0
[INFO] 
[INFO] --- maven-resources-plugin:2.6:testResources (default-testResources) @ guice-persist ---
[INFO] Using 'UTF-8' encoding to copy filtered resources.
[INFO] Copying 2 resources
[INFO] Copying 3 resources
[INFO] 
[INFO] --- maven-compiler-plugin:2.3.2:testCompile (default-testCompile) @ guice-persist ---
[INFO] Compiling 17 source files to /home/travis/build/google/guice/extensions/persist/target/test-classes
[INFO] 
[INFO] --- maven-surefire-plugin:2.5:test (default-test) @ guice-persist ---
[INFO] Surefire report directory: /home/travis/build/google/guice/extensions/persist/target/surefire-reports

-------------------------------------------------------
 T E S T S
-------------------------------------------------------
Running com.google.inject.persist.jpa.CustomPropsEntityManagerFactoryProvisionTest
Tests run: 1, Failures: 0, Errors: 0, Skipped: 0, Time elapsed: 1.751 sec
Running com.google.inject.persist.jpa.ManagedLocalTransactionsAcrossRequestTest
Tests run: 4, Failures: 0, Errors: 0, Skipped: 0, Time elapsed: 0.468 sec
Running com.google.inject.persist.jpa.ManualLocalTransactionsWithCustomMatcherTest
Tests run: 1, Failures: 0, Errors: 0, Skipped: 0, Time elapsed: 0.093 sec
Running com.google.inject.persist.jpa.ManualLocalTransactionsTest
Tests run: 1, Failures: 0, Errors: 0, Skipped: 0, Time elapsed: 0.073 sec
Running com.google.inject.persist.jpa.JoiningLocalTransactionsTest
Tests run: 3, Failures: 0, Errors: 0, Skipped: 0, Time elapsed: 0.221 sec
Running com.google.inject.persist.jpa.EntityManagerProvisionTest
Tests run: 2, Failures: 0, Errors: 0, Skipped: 0, Time elapsed: 0.125 sec
Running com.google.inject.persist.jpa.JpaWorkManagerTest
Tests run: 2, Failures: 0, Errors: 0, Skipped: 0, Time elapsed: 0.127 sec
Running com.google.inject.persist.jpa.EntityManagerPerRequestProvisionTest
Tests run: 2, Failures: 0, Errors: 0, Skipped: 0, Time elapsed: 0.107 sec
Running com.google.inject.persist.jpa.DynamicFinderTest
Tests run: 1, Failures: 0, Errors: 0, Skipped: 0, Time elapsed: 0.081 sec
Running com.google.inject.persist.EdslTest
Tests run: 1, Failures: 0, Errors: 0, Skipped: 0, Time elapsed: 0.013 sec
Running com.google.inject.persist.jpa.ManagedLocalTransactionsTest
Tests run: 4, Failures: 0, Errors: 0, Skipped: 0, Time elapsed: 0.189 sec
Running com.google.inject.persist.jpa.EntityManagerFactoryProvisionTest
Tests run: 1, Failures: 0, Errors: 0, Skipped: 0, Time elapsed: 0.04 sec
Running com.google.inject.persist.jpa.ClassLevelManagedLocalTransactionsTest
Tests run: 4, Failures: 0, Errors: 0, Skipped: 0, Time elapsed: 0.227 sec
Running com.google.inject.persist.jpa.ManualLocalTransactionsConfidenceTest
Tests run: 1, Failures: 0, Errors: 0, Skipped: 0, Time elapsed: 0.062 sec

Results :

Tests run: 28, Failures: 0, Errors: 0, Skipped: 0

[INFO] 
[INFO] --- maven-surefire-plugin:2.5:test (stack-traces-off) @ guice-persist ---
[INFO] Surefire report directory: /home/travis/build/google/guice/extensions/persist/target/surefire-reports

-------------------------------------------------------
 T E S T S
-------------------------------------------------------
Running com.google.inject.persist.jpa.CustomPropsEntityManagerFactoryProvisionTest
Tests run: 1, Failures: 0, Errors: 0, Skipped: 0, Time elapsed: 1.741 sec
Running com.google.inject.persist.jpa.ManagedLocalTransactionsAcrossRequestTest
Tests run: 4, Failures: 0, Errors: 0, Skipped: 0, Time elapsed: 0.524 sec
Running com.google.inject.persist.jpa.ManualLocalTransactionsWithCustomMatcherTest
Tests run: 1, Failures: 0, Errors: 0, Skipped: 0, Time elapsed: 0.085 sec
Running com.google.inject.persist.jpa.ManualLocalTransactionsTest
Tests run: 1, Failures: 0, Errors: 0, Skipped: 0, Time elapsed: 0.08 sec
Running com.google.inject.persist.jpa.JoiningLocalTransactionsTest
Tests run: 3, Failures: 0, Errors: 0, Skipped: 0, Time elapsed: 0.186 sec
Running com.google.inject.persist.jpa.EntityManagerProvisionTest
Tests run: 2, Failures: 0, Errors: 0, Skipped: 0, Time elapsed: 0.112 sec
Running com.google.inject.persist.jpa.JpaWorkManagerTest
Tests run: 2, Failures: 0, Errors: 0, Skipped: 0, Time elapsed: 0.118 sec
Running com.google.inject.persist.jpa.EntityManagerPerRequestProvisionTest
Tests run: 2, Failures: 0, Errors: 0, Skipped: 0, Time elapsed: 0.113 sec
Running com.google.inject.persist.jpa.DynamicFinderTest
Tests run: 1, Failures: 0, Errors: 0, Skipped: 0, Time elapsed: 0.086 sec
Running com.google.inject.persist.EdslTest
Tests run: 1, Failures: 0, Errors: 0, Skipped: 0, Time elapsed: 0.014 sec
Running com.google.inject.persist.jpa.ManagedLocalTransactionsTest
Tests run: 4, Failures: 0, Errors: 0, Skipped: 0, Time elapsed: 0.195 sec
Running com.google.inject.persist.jpa.EntityManagerFactoryProvisionTest
Tests run: 1, Failures: 0, Errors: 0, Skipped: 0, Time elapsed: 0.039 sec
Running com.google.inject.persist.jpa.ClassLevelManagedLocalTransactionsTest
Tests run: 4, Failures: 0, Errors: 0, Skipped: 0, Time elapsed: 0.195 sec
Running com.google.inject.persist.jpa.ManualLocalTransactionsConfidenceTest
Tests run: 1, Failures: 0, Errors: 0, Skipped: 0, Time elapsed: 0.061 sec

Results :

Tests run: 28, Failures: 0, Errors: 0, Skipped: 0

[INFO] 
[INFO] --- maven-surefire-plugin:2.5:test (stack-traces-complete) @ guice-persist ---
[INFO] Surefire report directory: /home/travis/build/google/guice/extensions/persist/target/surefire-reports

-------------------------------------------------------
 T E S T S
-------------------------------------------------------
Running com.google.inject.persist.jpa.CustomPropsEntityManagerFactoryProvisionTest
Tests run: 1, Failures: 0, Errors: 0, Skipped: 0, Time elapsed: 1.611 sec
Running com.google.inject.persist.jpa.ManagedLocalTransactionsAcrossRequestTest
Tests run: 4, Failures: 0, Errors: 0, Skipped: 0, Time elapsed: 0.478 sec
Running com.google.inject.persist.jpa.ManualLocalTransactionsWithCustomMatcherTest
Tests run: 1, Failures: 0, Errors: 0, Skipped: 0, Time elapsed: 0.101 sec
Running com.google.inject.persist.jpa.ManualLocalTransactionsTest
Tests run: 1, Failures: 0, Errors: 0, Skipped: 0, Time elapsed: 0.074 sec
Running com.google.inject.persist.jpa.JoiningLocalTransactionsTest
Tests run: 3, Failures: 0, Errors: 0, Skipped: 0, Time elapsed: 0.194 sec
Running com.google.inject.persist.jpa.EntityManagerProvisionTest
Tests run: 2, Failures: 0, Errors: 0, Skipped: 0, Time elapsed: 0.113 sec
Running com.google.inject.persist.jpa.JpaWorkManagerTest
Tests run: 2, Failures: 0, Errors: 0, Skipped: 0, Time elapsed: 0.111 sec
Running com.google.inject.persist.jpa.EntityManagerPerRequestProvisionTest
Tests run: 2, Failures: 0, Errors: 0, Skipped: 0, Time elapsed: 0.116 sec
Running com.google.inject.persist.jpa.DynamicFinderTest
Tests run: 1, Failures: 0, Errors: 0, Skipped: 0, Time elapsed: 0.094 sec
Running com.google.inject.persist.EdslTest
Tests run: 1, Failures: 0, Errors: 0, Skipped: 0, Time elapsed: 0.016 sec
Running com.google.inject.persist.jpa.ManagedLocalTransactionsTest
Tests run: 4, Failures: 0, Errors: 0, Skipped: 0, Time elapsed: 0.213 sec
Running com.google.inject.persist.jpa.EntityManagerFactoryProvisionTest
Tests run: 1, Failures: 0, Errors: 0, Skipped: 0, Time elapsed: 0.047 sec
Running com.google.inject.persist.jpa.ClassLevelManagedLocalTransactionsTest
Tests run: 4, Failures: 0, Errors: 0, Skipped: 0, Time elapsed: 0.207 sec
Running com.google.inject.persist.jpa.ManualLocalTransactionsConfidenceTest
Tests run: 1, Failures: 0, Errors: 0, Skipped: 0, Time elapsed: 0.066 sec

Results :

Tests run: 28, Failures: 0, Errors: 0, Skipped: 0

[INFO] 
[INFO] --- maven-bundle-plugin:2.1.0:manifest (default) @ guice-persist ---
[INFO] 
[INFO] --- maven-jar-plugin:2.3.1:jar (default-jar) @ guice-persist ---
[INFO] Building jar: /home/travis/build/google/guice/extensions/persist/target/guice-persist-4.0-SNAPSHOT.jar
[INFO] 
[INFO] >>> maven-source-plugin:2.1.2:jar (default) > generate-sources @ guice-persist >>>
[INFO] 
[INFO] <<< maven-source-plugin:2.1.2:jar (default) < generate-sources @ guice-persist <<<
[INFO] 
[INFO] --- maven-source-plugin:2.1.2:jar (default) @ guice-persist ---
[INFO] com already added, skipping
[INFO] com/google already added, skipping
[INFO] com/google/inject already added, skipping
[INFO] com/google/inject/persist already added, skipping
[INFO] com/google/inject/persist/finder already added, skipping
[INFO] com/google/inject/persist/jpa already added, skipping
[INFO] META-INF already added, skipping
[INFO] META-INF/NOTICE already added, skipping
[INFO] META-INF/LICENSE already added, skipping
[INFO] META-INF/DEPENDENCIES already added, skipping
[INFO] Building jar: /home/travis/build/google/guice/extensions/persist/target/guice-persist-4.0-SNAPSHOT-sources.jar
[INFO] com already added, skipping
[INFO] com/google already added, skipping
[INFO] com/google/inject already added, skipping
[INFO] com/google/inject/persist already added, skipping
[INFO] com/google/inject/persist/finder already added, skipping
[INFO] com/google/inject/persist/jpa already added, skipping
[INFO] META-INF already added, skipping
[INFO] META-INF/NOTICE already added, skipping
[INFO] META-INF/LICENSE already added, skipping
[INFO] META-INF/DEPENDENCIES already added, skipping
[INFO] 
[INFO] >>> maven-source-plugin:2.1.2:test-jar (default) > generate-sources @ guice-persist >>>
[INFO] 
[INFO] <<< maven-source-plugin:2.1.2:test-jar (default) < generate-sources @ guice-persist <<<
[INFO] 
[INFO] --- maven-source-plugin:2.1.2:test-jar (default) @ guice-persist ---
[INFO] META-INF already added, skipping
[INFO] META-INF already added, skipping
[INFO] com already added, skipping
[INFO] com/google already added, skipping
[INFO] com/google/inject already added, skipping
[INFO] com/google/inject/persist already added, skipping
[INFO] com/google/inject/persist/jpa already added, skipping
[INFO] META-INF/persistence.xml already added, skipping
[INFO] log4j.properties already added, skipping
[INFO] META-INF already added, skipping
[INFO] META-INF/NOTICE already added, skipping
[INFO] META-INF/LICENSE already added, skipping
[INFO] META-INF/DEPENDENCIES already added, skipping
[INFO] Building jar: /home/travis/build/google/guice/extensions/persist/target/guice-persist-4.0-SNAPSHOT-test-sources.jar
[INFO] META-INF already added, skipping
[INFO] META-INF already added, skipping
[INFO] com already added, skipping
[INFO] com/google already added, skipping
[INFO] com/google/inject already added, skipping
[INFO] com/google/inject/persist already added, skipping
[INFO] com/google/inject/persist/jpa already added, skipping
[INFO] META-INF/persistence.xml already added, skipping
[INFO] log4j.properties already added, skipping
[INFO] META-INF already added, skipping
[INFO] META-INF/NOTICE already added, skipping
[INFO] META-INF/LICENSE already added, skipping
[INFO] META-INF/DEPENDENCIES already added, skipping
[INFO] 
[INFO] --- maven-javadoc-plugin:2.7:jar (default) @ guice-persist ---
[INFO] Skipping javadoc generation
[INFO] 
[INFO] --- maven-jar-plugin:2.3.1:test-jar (default) @ guice-persist ---
[INFO] Building jar: /home/travis/build/google/guice/extensions/persist/target/guice-persist-4.0-SNAPSHOT-tests.jar
[INFO] 
[INFO] --- maven-gpg-plugin:1.4:sign (sign-artifacts) @ guice-persist ---
[INFO]                                                                         
[INFO] ------------------------------------------------------------------------
[INFO] Building Google Guice - Extensions - Servlet 4.0-SNAPSHOT
[INFO] ------------------------------------------------------------------------
[INFO] 
[INFO] --- maven-remote-resources-plugin:1.1:process (default) @ guice-servlet ---
[INFO] 
[INFO] --- maven-resources-plugin:2.6:resources (default-resources) @ guice-servlet ---
[INFO] Using 'UTF-8' encoding to copy filtered resources.
[INFO] Copying 0 resource
[INFO] Copying 3 resources
[INFO] 
[INFO] --- maven-compiler-plugin:2.3.2:compile (default-compile) @ guice-servlet ---
[INFO] Compiling 35 source files to /home/travis/build/google/guice/extensions/servlet/target/classes
[INFO] 
[INFO] --- animal-sniffer-maven-plugin:1.10:check (check-java-1.6-compat) @ guice-servlet ---
[INFO] Checking unresolved references to org.codehaus.mojo.signature:java16:1.0
[INFO] 
[INFO] --- maven-resources-plugin:2.6:testResources (default-testResources) @ guice-servlet ---
[INFO] Using 'UTF-8' encoding to copy filtered resources.
[INFO] Copying 0 resource
[INFO] Copying 3 resources
[INFO] 
[INFO] --- maven-compiler-plugin:2.3.2:testCompile (default-testCompile) @ guice-servlet ---
[INFO] Compiling 30 source files to /home/travis/build/google/guice/extensions/servlet/target/test-classes
[INFO] 
[INFO] --- maven-surefire-plugin:2.5:test (default-test) @ guice-servlet ---
[INFO] Surefire report directory: /home/travis/build/google/guice/extensions/servlet/target/surefire-reports

-------------------------------------------------------
 T E S T S
-------------------------------------------------------
Running com.google.inject.servlet.ContinuingHttpServletRequestTest
Tests run: 2, Failures: 0, Errors: 0, Skipped: 0, Time elapsed: 0.194 sec
Running com.google.inject.servlet.ServletDefinitionPathsTest
Tests run: 3, Failures: 0, Errors: 0, Skipped: 0, Time elapsed: 0.121 sec
Running com.google.inject.servlet.TransferRequestIntegrationTest
Tests run: 5, Failures: 0, Errors: 0, Skipped: 0, Time elapsed: 0.415 sec
Running com.google.inject.servlet.ServletTest
Tests run: 10, Failures: 0, Errors: 0, Skipped: 0, Time elapsed: 0.341 sec
Running com.google.inject.servlet.ContextPathTest
Tests run: 7, Failures: 0, Errors: 0, Skipped: 0, Time elapsed: 0.106 sec
Running com.google.inject.servlet.VarargsFilterDispatchIntegrationTest
Tests run: 3, Failures: 0, Errors: 0, Skipped: 0, Time elapsed: 0.049 sec
Running com.google.inject.servlet.ServletModuleTest
Tests run: 2, Failures: 0, Errors: 0, Skipped: 0, Time elapsed: 0.034 sec
Running com.google.inject.servlet.MultipleServletInjectorsTest
Tests run: 1, Failures: 0, Errors: 0, Skipped: 0, Time elapsed: 0.03 sec
Running com.google.inject.servlet.EdslTest
Tests run: 2, Failures: 0, Errors: 0, Skipped: 0, Time elapsed: 0.038 sec
Running com.google.inject.servlet.ScopeRequestIntegrationTest
Tests run: 3, Failures: 0, Errors: 0, Skipped: 0, Time elapsed: 0.052 sec
Running com.google.inject.servlet.ContinuingRequestIntegrationTest
Tests run: 2, Failures: 0, Errors: 0, Skipped: 0, Time elapsed: 0.047 sec
Running com.google.inject.servlet.ServletScopesTest
Tests run: 2, Failures: 0, Errors: 0, Skipped: 0, Time elapsed: 0.064 sec
Running com.google.inject.servlet.MultiModuleDispatchIntegrationTest
Tests run: 1, Failures: 0, Errors: 0, Skipped: 0, Time elapsed: 0.027 sec
Running com.google.inject.servlet.FilterDefinitionTest
Tests run: 5, Failures: 0, Errors: 0, Skipped: 0, Time elapsed: 0.021 sec
Running com.google.inject.servlet.InvalidScopeBindingTest
Tests run: 3, Failures: 0, Errors: 0, Skipped: 0, Time elapsed: 0.08 sec
Running com.google.inject.servlet.ExtensionSpiTest
Tests run: 2, Failures: 0, Errors: 0, Skipped: 0, Time elapsed: 0.051 sec
Running com.google.inject.servlet.FilterDispatchIntegrationTest
Tests run: 6, Failures: 0, Errors: 0, Skipped: 0, Time elapsed: 0.095 sec
Running com.google.inject.servlet.InjectedFilterPipelineTest
Tests run: 1, Failures: 0, Errors: 0, Skipped: 0, Time elapsed: 0.078 sec
Running com.google.inject.servlet.ServletDefinitionTest
Tests run: 2, Failures: 0, Errors: 0, Skipped: 0, Time elapsed: 0.005 sec
Running com.google.inject.servlet.UriPatternTypeTest
Tests run: 2, Failures: 0, Errors: 0, Skipped: 0, Time elapsed: 0.013 sec
Running com.google.inject.servlet.VarargsServletDispatchIntegrationTest
Tests run: 3, Failures: 0, Errors: 0, Skipped: 0, Time elapsed: 0.095 sec
Running com.google.inject.servlet.ServletPipelineRequestDispatcherTest
Tests run: 3, Failures: 0, Errors: 0, Skipped: 0, Time elapsed: 0.017 sec
Running com.google.inject.servlet.FilterPipelineTest
Tests run: 1, Failures: 0, Errors: 0, Skipped: 0, Time elapsed: 0.027 sec
Running com.google.inject.servlet.ServletUtilsTest
Tests run: 4, Failures: 0, Errors: 0, Skipped: 0, Time elapsed: 0.006 sec
Running com.google.inject.servlet.ServletDispatchIntegrationTest
Tests run: 5, Failures: 0, Errors: 0, Skipped: 0, Time elapsed: 0.071 sec

Results :

Tests run: 80, Failures: 0, Errors: 0, Skipped: 0

[INFO] 
[INFO] --- maven-surefire-plugin:2.5:test (stack-traces-off) @ guice-servlet ---
[INFO] Surefire report directory: /home/travis/build/google/guice/extensions/servlet/target/surefire-reports

-------------------------------------------------------
 T E S T S
-------------------------------------------------------
Running com.google.inject.servlet.ContinuingHttpServletRequestTest
Tests run: 2, Failures: 0, Errors: 0, Skipped: 0, Time elapsed: 0.194 sec
Running com.google.inject.servlet.ServletDefinitionPathsTest
Tests run: 3, Failures: 0, Errors: 0, Skipped: 0, Time elapsed: 0.118 sec
Running com.google.inject.servlet.TransferRequestIntegrationTest
Tests run: 5, Failures: 0, Errors: 0, Skipped: 0, Time elapsed: 0.455 sec
Running com.google.inject.servlet.ServletTest
Tests run: 10, Failures: 0, Errors: 0, Skipped: 0, Time elapsed: 0.312 sec
Running com.google.inject.servlet.ContextPathTest
Tests run: 7, Failures: 0, Errors: 0, Skipped: 0, Time elapsed: 0.098 sec
Running com.google.inject.servlet.VarargsFilterDispatchIntegrationTest
Tests run: 3, Failures: 0, Errors: 0, Skipped: 0, Time elapsed: 0.041 sec
Running com.google.inject.servlet.ServletModuleTest
Tests run: 2, Failures: 0, Errors: 0, Skipped: 0, Time elapsed: 0.033 sec
Running com.google.inject.servlet.MultipleServletInjectorsTest
Tests run: 1, Failures: 0, Errors: 0, Skipped: 0, Time elapsed: 0.028 sec
Running com.google.inject.servlet.EdslTest
Tests run: 2, Failures: 0, Errors: 0, Skipped: 0, Time elapsed: 0.04 sec
Running com.google.inject.servlet.ScopeRequestIntegrationTest
Tests run: 3, Failures: 0, Errors: 0, Skipped: 0, Time elapsed: 0.051 sec
Running com.google.inject.servlet.ContinuingRequestIntegrationTest
Tests run: 2, Failures: 0, Errors: 0, Skipped: 0, Time elapsed: 0.055 sec
Running com.google.inject.servlet.ServletScopesTest
Tests run: 2, Failures: 0, Errors: 0, Skipped: 0, Time elapsed: 0.054 sec
Running com.google.inject.servlet.MultiModuleDispatchIntegrationTest
Tests run: 1, Failures: 0, Errors: 0, Skipped: 0, Time elapsed: 0.023 sec
Running com.google.inject.servlet.FilterDefinitionTest
Tests run: 5, Failures: 0, Errors: 0, Skipped: 0, Time elapsed: 0.025 sec
Running com.google.inject.servlet.InvalidScopeBindingTest
Tests run: 3, Failures: 0, Errors: 0, Skipped: 0, Time elapsed: 0.081 sec
Running com.google.inject.servlet.ExtensionSpiTest
Tests run: 2, Failures: 0, Errors: 0, Skipped: 0, Time elapsed: 0.046 sec
Running com.google.inject.servlet.FilterDispatchIntegrationTest
Tests run: 6, Failures: 0, Errors: 0, Skipped: 0, Time elapsed: 0.091 sec
Running com.google.inject.servlet.InjectedFilterPipelineTest
Tests run: 1, Failures: 0, Errors: 0, Skipped: 0, Time elapsed: 0.075 sec
Running com.google.inject.servlet.ServletDefinitionTest
Tests run: 2, Failures: 0, Errors: 0, Skipped: 0, Time elapsed: 0.005 sec
Running com.google.inject.servlet.UriPatternTypeTest
Tests run: 2, Failures: 0, Errors: 0, Skipped: 0, Time elapsed: 0.003 sec
Running com.google.inject.servlet.VarargsServletDispatchIntegrationTest
Tests run: 3, Failures: 0, Errors: 0, Skipped: 0, Time elapsed: 0.085 sec
Running com.google.inject.servlet.ServletPipelineRequestDispatcherTest
Tests run: 3, Failures: 0, Errors: 0, Skipped: 0, Time elapsed: 0.018 sec
Running com.google.inject.servlet.FilterPipelineTest
Tests run: 1, Failures: 0, Errors: 0, Skipped: 0, Time elapsed: 0.025 sec
Running com.google.inject.servlet.ServletUtilsTest
Tests run: 4, Failures: 0, Errors: 0, Skipped: 0, Time elapsed: 0.006 sec
Running com.google.inject.servlet.ServletDispatchIntegrationTest
Tests run: 5, Failures: 0, Errors: 0, Skipped: 0, Time elapsed: 0.075 sec

Results :

Tests run: 80, Failures: 0, Errors: 0, Skipped: 0

[INFO] 
[INFO] --- maven-surefire-plugin:2.5:test (stack-traces-complete) @ guice-servlet ---
[INFO] Surefire report directory: /home/travis/build/google/guice/extensions/servlet/target/surefire-reports

-------------------------------------------------------
 T E S T S
-------------------------------------------------------
Running com.google.inject.servlet.ContinuingHttpServletRequestTest
Tests run: 2, Failures: 0, Errors: 0, Skipped: 0, Time elapsed: 0.215 sec
Running com.google.inject.servlet.ServletDefinitionPathsTest
Tests run: 3, Failures: 0, Errors: 0, Skipped: 0, Time elapsed: 0.137 sec
Running com.google.inject.servlet.TransferRequestIntegrationTest
Tests run: 5, Failures: 0, Errors: 0, Skipped: 0, Time elapsed: 0.429 sec
Running com.google.inject.servlet.ServletTest
Tests run: 10, Failures: 0, Errors: 0, Skipped: 0, Time elapsed: 0.345 sec
Running com.google.inject.servlet.ContextPathTest
Tests run: 7, Failures: 0, Errors: 0, Skipped: 0, Time elapsed: 0.115 sec
Running com.google.inject.servlet.VarargsFilterDispatchIntegrationTest
Tests run: 3, Failures: 0, Errors: 0, Skipped: 0, Time elapsed: 0.05 sec
Running com.google.inject.servlet.ServletModuleTest
Tests run: 2, Failures: 0, Errors: 0, Skipped: 0, Time elapsed: 0.033 sec
Running com.google.inject.servlet.MultipleServletInjectorsTest
Tests run: 1, Failures: 0, Errors: 0, Skipped: 0, Time elapsed: 0.03 sec
Running com.google.inject.servlet.EdslTest
Tests run: 2, Failures: 0, Errors: 0, Skipped: 0, Time elapsed: 0.041 sec
Running com.google.inject.servlet.ScopeRequestIntegrationTest
Tests run: 3, Failures: 0, Errors: 0, Skipped: 0, Time elapsed: 0.056 sec
Running com.google.inject.servlet.ContinuingRequestIntegrationTest
Tests run: 2, Failures: 0, Errors: 0, Skipped: 0, Time elapsed: 0.057 sec
Running com.google.inject.servlet.ServletScopesTest
Tests run: 2, Failures: 0, Errors: 0, Skipped: 0, Time elapsed: 0.08 sec
Running com.google.inject.servlet.MultiModuleDispatchIntegrationTest
Tests run: 1, Failures: 0, Errors: 0, Skipped: 0, Time elapsed: 0.026 sec
Running com.google.inject.servlet.FilterDefinitionTest
Tests run: 5, Failures: 0, Errors: 0, Skipped: 0, Time elapsed: 0.02 sec
Running com.google.inject.servlet.InvalidScopeBindingTest
Tests run: 3, Failures: 0, Errors: 0, Skipped: 0, Time elapsed: 0.09 sec
Running com.google.inject.servlet.ExtensionSpiTest
Tests run: 2, Failures: 0, Errors: 0, Skipped: 0, Time elapsed: 0.061 sec
Running com.google.inject.servlet.FilterDispatchIntegrationTest
Tests run: 6, Failures: 0, Errors: 0, Skipped: 0, Time elapsed: 0.13 sec
Running com.google.inject.servlet.InjectedFilterPipelineTest
Tests run: 1, Failures: 0, Errors: 0, Skipped: 0, Time elapsed: 0.063 sec
Running com.google.inject.servlet.ServletDefinitionTest
Tests run: 2, Failures: 0, Errors: 0, Skipped: 0, Time elapsed: 0.012 sec
Running com.google.inject.servlet.UriPatternTypeTest
Tests run: 2, Failures: 0, Errors: 0, Skipped: 0, Time elapsed: 0.003 sec
Running com.google.inject.servlet.VarargsServletDispatchIntegrationTest
Tests run: 3, Failures: 0, Errors: 0, Skipped: 0, Time elapsed: 0.056 sec
Running com.google.inject.servlet.ServletPipelineRequestDispatcherTest
Tests run: 3, Failures: 0, Errors: 0, Skipped: 0, Time elapsed: 0.011 sec
Running com.google.inject.servlet.FilterPipelineTest
Tests run: 1, Failures: 0, Errors: 0, Skipped: 0, Time elapsed: 0.019 sec
Running com.google.inject.servlet.ServletUtilsTest
Tests run: 4, Failures: 0, Errors: 0, Skipped: 0, Time elapsed: 0.005 sec
Running com.google.inject.servlet.ServletDispatchIntegrationTest
Tests run: 5, Failures: 0, Errors: 0, Skipped: 0, Time elapsed: 0.075 sec

Results :

Tests run: 80, Failures: 0, Errors: 0, Skipped: 0

[INFO] 
[INFO] --- maven-bundle-plugin:2.1.0:manifest (default) @ guice-servlet ---
[INFO] 
[INFO] --- maven-jar-plugin:2.3.1:jar (default-jar) @ guice-servlet ---
[INFO] Building jar: /home/travis/build/google/guice/extensions/servlet/target/guice-servlet-4.0-SNAPSHOT.jar
[INFO] 
[INFO] >>> maven-source-plugin:2.1.2:jar (default) > generate-sources @ guice-servlet >>>
[INFO] 
[INFO] <<< maven-source-plugin:2.1.2:jar (default) < generate-sources @ guice-servlet <<<
[INFO] 
[INFO] --- maven-source-plugin:2.1.2:jar (default) @ guice-servlet ---
[INFO] com already added, skipping
[INFO] com/google already added, skipping
[INFO] com/google/inject already added, skipping
[INFO] com/google/inject/servlet already added, skipping
[INFO] META-INF already added, skipping
[INFO] META-INF/NOTICE already added, skipping
[INFO] META-INF/LICENSE already added, skipping
[INFO] META-INF/DEPENDENCIES already added, skipping
[INFO] Building jar: /home/travis/build/google/guice/extensions/servlet/target/guice-servlet-4.0-SNAPSHOT-sources.jar
[INFO] com already added, skipping
[INFO] com/google already added, skipping
[INFO] com/google/inject already added, skipping
[INFO] com/google/inject/servlet already added, skipping
[INFO] META-INF already added, skipping
[INFO] META-INF/NOTICE already added, skipping
[INFO] META-INF/LICENSE already added, skipping
[INFO] META-INF/DEPENDENCIES already added, skipping
[INFO] 
[INFO] >>> maven-source-plugin:2.1.2:test-jar (default) > generate-sources @ guice-servlet >>>
[INFO] 
[INFO] <<< maven-source-plugin:2.1.2:test-jar (default) < generate-sources @ guice-servlet <<<
[INFO] 
[INFO] --- maven-source-plugin:2.1.2:test-jar (default) @ guice-servlet ---
[INFO] com already added, skipping
[INFO] com/google already added, skipping
[INFO] com/google/inject already added, skipping
[INFO] com/google/inject/servlet already added, skipping
[INFO] META-INF already added, skipping
[INFO] META-INF/NOTICE already added, skipping
[INFO] META-INF/LICENSE already added, skipping
[INFO] META-INF/DEPENDENCIES already added, skipping
[INFO] Building jar: /home/travis/build/google/guice/extensions/servlet/target/guice-servlet-4.0-SNAPSHOT-test-sources.jar
[INFO] com already added, skipping
[INFO] com/google already added, skipping
[INFO] com/google/inject already added, skipping
[INFO] com/google/inject/servlet already added, skipping
[INFO] META-INF already added, skipping
[INFO] META-INF/NOTICE already added, skipping
[INFO] META-INF/LICENSE already added, skipping
[INFO] META-INF/DEPENDENCIES already added, skipping
[INFO] 
[INFO] --- maven-javadoc-plugin:2.7:jar (default) @ guice-servlet ---
[INFO] Skipping javadoc generation
[INFO] 
[INFO] --- maven-jar-plugin:2.3.1:test-jar (default) @ guice-servlet ---
[INFO] Building jar: /home/travis/build/google/guice/extensions/servlet/target/guice-servlet-4.0-SNAPSHOT-tests.jar
[INFO] 
[INFO] --- maven-gpg-plugin:1.4:sign (sign-artifacts) @ guice-servlet ---
[INFO]                                                                         
[INFO] ------------------------------------------------------------------------
[INFO] Building Google Guice - Extensions - Spring 4.0-SNAPSHOT
[INFO] ------------------------------------------------------------------------
[INFO] 
[INFO] --- maven-remote-resources-plugin:1.1:process (default) @ guice-spring ---
[INFO] 
[INFO] --- maven-resources-plugin:2.6:resources (default-resources) @ guice-spring ---
[INFO] Using 'UTF-8' encoding to copy filtered resources.
[INFO] Copying 0 resource
[INFO] Copying 3 resources
[INFO] 
[INFO] --- maven-compiler-plugin:2.3.2:compile (default-compile) @ guice-spring ---
[INFO] Compiling 2 source files to /home/travis/build/google/guice/extensions/spring/target/classes
[INFO] 
[INFO] --- animal-sniffer-maven-plugin:1.10:check (check-java-1.6-compat) @ guice-spring ---
[INFO] Checking unresolved references to org.codehaus.mojo.signature:java16:1.0
[INFO] 
[INFO] --- maven-resources-plugin:2.6:testResources (default-testResources) @ guice-spring ---
[INFO] Using 'UTF-8' encoding to copy filtered resources.
[INFO] Copying 0 resource
[INFO] Copying 3 resources
[INFO] 
[INFO] --- maven-compiler-plugin:2.3.2:testCompile (default-testCompile) @ guice-spring ---
[INFO] Compiling 1 source file to /home/travis/build/google/guice/extensions/spring/target/test-classes
[INFO] 
[INFO] --- maven-surefire-plugin:2.5:test (default-test) @ guice-spring ---
[INFO] Surefire report directory: /home/travis/build/google/guice/extensions/spring/target/surefire-reports

-------------------------------------------------------
 T E S T S
-------------------------------------------------------
Running com.google.inject.spring.SpringIntegrationTest
Tests run: 2, Failures: 0, Errors: 0, Skipped: 0, Time elapsed: 0.603 sec

Results :

Tests run: 2, Failures: 0, Errors: 0, Skipped: 0

[INFO] 
[INFO] --- maven-surefire-plugin:2.5:test (stack-traces-off) @ guice-spring ---
[INFO] Surefire report directory: /home/travis/build/google/guice/extensions/spring/target/surefire-reports

-------------------------------------------------------
 T E S T S
-------------------------------------------------------
Running com.google.inject.spring.SpringIntegrationTest
Tests run: 2, Failures: 0, Errors: 0, Skipped: 0, Time elapsed: 0.613 sec

Results :

Tests run: 2, Failures: 0, Errors: 0, Skipped: 0

[INFO] 
[INFO] --- maven-surefire-plugin:2.5:test (stack-traces-complete) @ guice-spring ---
[INFO] Surefire report directory: /home/travis/build/google/guice/extensions/spring/target/surefire-reports

-------------------------------------------------------
 T E S T S
-------------------------------------------------------
Running com.google.inject.spring.SpringIntegrationTest
Tests run: 2, Failures: 0, Errors: 0, Skipped: 0, Time elapsed: 0.569 sec

Results :

Tests run: 2, Failures: 0, Errors: 0, Skipped: 0

[INFO] 
[INFO] --- maven-bundle-plugin:2.1.0:manifest (default) @ guice-spring ---
[INFO] 
[INFO] --- maven-jar-plugin:2.3.1:jar (default-jar) @ guice-spring ---
[INFO] Building jar: /home/travis/build/google/guice/extensions/spring/target/guice-spring-4.0-SNAPSHOT.jar
[INFO] 
[INFO] >>> maven-source-plugin:2.1.2:jar (default) > generate-sources @ guice-spring >>>
[INFO] 
[INFO] <<< maven-source-plugin:2.1.2:jar (default) < generate-sources @ guice-spring <<<
[INFO] 
[INFO] --- maven-source-plugin:2.1.2:jar (default) @ guice-spring ---
[INFO] com already added, skipping
[INFO] com/google already added, skipping
[INFO] com/google/inject already added, skipping
[INFO] com/google/inject/spring already added, skipping
[INFO] META-INF already added, skipping
[INFO] META-INF/NOTICE already added, skipping
[INFO] META-INF/LICENSE already added, skipping
[INFO] META-INF/DEPENDENCIES already added, skipping
[INFO] Building jar: /home/travis/build/google/guice/extensions/spring/target/guice-spring-4.0-SNAPSHOT-sources.jar
[INFO] com already added, skipping
[INFO] com/google already added, skipping
[INFO] com/google/inject already added, skipping
[INFO] com/google/inject/spring already added, skipping
[INFO] META-INF already added, skipping
[INFO] META-INF/NOTICE already added, skipping
[INFO] META-INF/LICENSE already added, skipping
[INFO] META-INF/DEPENDENCIES already added, skipping
[INFO] 
[INFO] >>> maven-source-plugin:2.1.2:test-jar (default) > generate-sources @ guice-spring >>>
[INFO] 
[INFO] <<< maven-source-plugin:2.1.2:test-jar (default) < generate-sources @ guice-spring <<<
[INFO] 
[INFO] --- maven-source-plugin:2.1.2:test-jar (default) @ guice-spring ---
[INFO] com already added, skipping
[INFO] com/google already added, skipping
[INFO] com/google/inject already added, skipping
[INFO] com/google/inject/spring already added, skipping
[INFO] META-INF already added, skipping
[INFO] META-INF/NOTICE already added, skipping
[INFO] META-INF/LICENSE already added, skipping
[INFO] META-INF/DEPENDENCIES already added, skipping
[INFO] Building jar: /home/travis/build/google/guice/extensions/spring/target/guice-spring-4.0-SNAPSHOT-test-sources.jar
[INFO] com already added, skipping
[INFO] com/google already added, skipping
[INFO] com/google/inject already added, skipping
[INFO] com/google/inject/spring already added, skipping
[INFO] META-INF already added, skipping
[INFO] META-INF/NOTICE already added, skipping
[INFO] META-INF/LICENSE already added, skipping
[INFO] META-INF/DEPENDENCIES already added, skipping
[INFO] 
[INFO] --- maven-javadoc-plugin:2.7:jar (default) @ guice-spring ---
[INFO] Skipping javadoc generation
[INFO] 
[INFO] --- maven-jar-plugin:2.3.1:test-jar (default) @ guice-spring ---
[INFO] Building jar: /home/travis/build/google/guice/extensions/spring/target/guice-spring-4.0-SNAPSHOT-tests.jar
[INFO] 
[INFO] --- maven-gpg-plugin:1.4:sign (sign-artifacts) @ guice-spring ---
[INFO]                                                                         
[INFO] ------------------------------------------------------------------------
[INFO] Building Google Guice - Extensions - Struts2 4.0-SNAPSHOT
[INFO] ------------------------------------------------------------------------
[INFO] 
[INFO] --- maven-remote-resources-plugin:1.1:process (default) @ guice-struts2 ---
[INFO] 
[INFO] --- maven-resources-plugin:2.6:resources (default-resources) @ guice-struts2 ---
[INFO] Using 'UTF-8' encoding to copy filtered resources.
[INFO] Copying 1 resource
[INFO] Copying 3 resources
[INFO] 
[INFO] --- maven-compiler-plugin:2.3.2:compile (default-compile) @ guice-struts2 ---
[INFO] Compiling 3 source files to /home/travis/build/google/guice/extensions/struts2/target/classes
[INFO] 
[INFO] --- animal-sniffer-maven-plugin:1.10:check (check-java-1.6-compat) @ guice-struts2 ---
[INFO] Checking unresolved references to org.codehaus.mojo.signature:java16:1.0
[INFO] 
[INFO] --- maven-resources-plugin:2.6:testResources (default-testResources) @ guice-struts2 ---
[INFO] Using 'UTF-8' encoding to copy filtered resources.
[INFO] Copying 0 resource
[INFO] Copying 3 resources
[INFO] 
[INFO] --- maven-compiler-plugin:2.3.2:testCompile (default-testCompile) @ guice-struts2 ---
[INFO] Compiling 1 source file to /home/travis/build/google/guice/extensions/struts2/target/test-classes
[INFO] 
[INFO] --- maven-surefire-plugin:2.5:test (default-test) @ guice-struts2 ---
[INFO] Surefire report directory: /home/travis/build/google/guice/extensions/struts2/target/surefire-reports

-------------------------------------------------------
 T E S T S
-------------------------------------------------------
Running com.google.inject.struts2.Struts2FactoryTest
Tests run: 1, Failures: 0, Errors: 0, Skipped: 0, Time elapsed: 0.708 sec

Results :

Tests run: 1, Failures: 0, Errors: 0, Skipped: 0

[INFO] 
[INFO] --- maven-surefire-plugin:2.5:test (stack-traces-off) @ guice-struts2 ---
[INFO] Surefire report directory: /home/travis/build/google/guice/extensions/struts2/target/surefire-reports

-------------------------------------------------------
 T E S T S
-------------------------------------------------------
Running com.google.inject.struts2.Struts2FactoryTest
Tests run: 1, Failures: 0, Errors: 0, Skipped: 0, Time elapsed: 0.714 sec

Results :

Tests run: 1, Failures: 0, Errors: 0, Skipped: 0

[INFO] 
[INFO] --- maven-surefire-plugin:2.5:test (stack-traces-complete) @ guice-struts2 ---
[INFO] Surefire report directory: /home/travis/build/google/guice/extensions/struts2/target/surefire-reports

-------------------------------------------------------
 T E S T S
-------------------------------------------------------
Running com.google.inject.struts2.Struts2FactoryTest
Tests run: 1, Failures: 0, Errors: 0, Skipped: 0, Time elapsed: 0.691 sec

Results :

Tests run: 1, Failures: 0, Errors: 0, Skipped: 0

[INFO] 
[INFO] --- maven-bundle-plugin:2.1.0:manifest (default) @ guice-struts2 ---
[INFO] 
[INFO] --- maven-jar-plugin:2.3.1:jar (default-jar) @ guice-struts2 ---
[INFO] Building jar: /home/travis/build/google/guice/extensions/struts2/target/guice-struts2-4.0-SNAPSHOT.jar
[INFO] 
[INFO] >>> maven-source-plugin:2.1.2:jar (default) > generate-sources @ guice-struts2 >>>
[INFO] 
[INFO] <<< maven-source-plugin:2.1.2:jar (default) < generate-sources @ guice-struts2 <<<
[INFO] 
[INFO] --- maven-source-plugin:2.1.2:jar (default) @ guice-struts2 ---
[INFO] com already added, skipping
[INFO] com/google already added, skipping
[INFO] com/google/inject already added, skipping
[INFO] com/google/inject/struts2 already added, skipping
[INFO] struts-plugin.xml already added, skipping
[INFO] META-INF already added, skipping
[INFO] META-INF/NOTICE already added, skipping
[INFO] META-INF/LICENSE already added, skipping
[INFO] META-INF/DEPENDENCIES already added, skipping
[INFO] Building jar: /home/travis/build/google/guice/extensions/struts2/target/guice-struts2-4.0-SNAPSHOT-sources.jar
[INFO] com already added, skipping
[INFO] com/google already added, skipping
[INFO] com/google/inject already added, skipping
[INFO] com/google/inject/struts2 already added, skipping
[INFO] struts-plugin.xml already added, skipping
[INFO] META-INF already added, skipping
[INFO] META-INF/NOTICE already added, skipping
[INFO] META-INF/LICENSE already added, skipping
[INFO] META-INF/DEPENDENCIES already added, skipping
[INFO] 
[INFO] >>> maven-source-plugin:2.1.2:test-jar (default) > generate-sources @ guice-struts2 >>>
[INFO] 
[INFO] <<< maven-source-plugin:2.1.2:test-jar (default) < generate-sources @ guice-struts2 <<<
[INFO] 
[INFO] --- maven-source-plugin:2.1.2:test-jar (default) @ guice-struts2 ---
[INFO] com already added, skipping
[INFO] com/google already added, skipping
[INFO] com/google/inject already added, skipping
[INFO] com/google/inject/struts2 already added, skipping
[INFO] META-INF already added, skipping
[INFO] META-INF/NOTICE already added, skipping
[INFO] META-INF/LICENSE already added, skipping
[INFO] META-INF/DEPENDENCIES already added, skipping
[INFO] Building jar: /home/travis/build/google/guice/extensions/struts2/target/guice-struts2-4.0-SNAPSHOT-test-sources.jar
[INFO] com already added, skipping
[INFO] com/google already added, skipping
[INFO] com/google/inject already added, skipping
[INFO] com/google/inject/struts2 already added, skipping
[INFO] META-INF already added, skipping
[INFO] META-INF/NOTICE already added, skipping
[INFO] META-INF/LICENSE already added, skipping
[INFO] META-INF/DEPENDENCIES already added, skipping
[INFO] 
[INFO] --- maven-javadoc-plugin:2.7:jar (default) @ guice-struts2 ---
[INFO] Skipping javadoc generation
[INFO] 
[INFO] --- maven-jar-plugin:2.3.1:test-jar (default) @ guice-struts2 ---
[INFO] Building jar: /home/travis/build/google/guice/extensions/struts2/target/guice-struts2-4.0-SNAPSHOT-tests.jar
[INFO] 
[INFO] --- maven-gpg-plugin:1.4:sign (sign-artifacts) @ guice-struts2 ---
[INFO]                                                                         
[INFO] ------------------------------------------------------------------------
[INFO] Building Google Guice - Extensions - TestLib 4.0-SNAPSHOT
[INFO] ------------------------------------------------------------------------
[INFO] 
[INFO] --- maven-remote-resources-plugin:1.1:process (default) @ guice-testlib ---
[INFO] 
[INFO] --- maven-resources-plugin:2.6:resources (default-resources) @ guice-testlib ---
[INFO] Using 'UTF-8' encoding to copy filtered resources.
[INFO] Copying 0 resource
[INFO] Copying 3 resources
[INFO] 
[INFO] --- maven-compiler-plugin:2.3.2:compile (default-compile) @ guice-testlib ---
[INFO] Compiling 2 source files to /home/travis/build/google/guice/extensions/testlib/target/classes
[INFO] 
[INFO] --- animal-sniffer-maven-plugin:1.10:check (check-java-1.6-compat) @ guice-testlib ---
[INFO] Checking unresolved references to org.codehaus.mojo.signature:java16:1.0
[INFO] 
[INFO] --- maven-resources-plugin:2.6:testResources (default-testResources) @ guice-testlib ---
[INFO] Using 'UTF-8' encoding to copy filtered resources.
[INFO] Copying 0 resource
[INFO] Copying 3 resources
[INFO] 
[INFO] --- maven-compiler-plugin:2.3.2:testCompile (default-testCompile) @ guice-testlib ---
[INFO] Compiling 1 source file to /home/travis/build/google/guice/extensions/testlib/target/test-classes
[INFO] 
[INFO] --- maven-surefire-plugin:2.5:test (default-test) @ guice-testlib ---
[INFO] Surefire report directory: /home/travis/build/google/guice/extensions/testlib/target/surefire-reports

-------------------------------------------------------
 T E S T S
-------------------------------------------------------
Running com.google.inject.testing.fieldbinder.BoundFieldModuleTest
Tests run: 38, Failures: 0, Errors: 0, Skipped: 0, Time elapsed: 0.52 sec

Results :

Tests run: 38, Failures: 0, Errors: 0, Skipped: 0

[INFO] 
[INFO] --- maven-surefire-plugin:2.5:test (stack-traces-off) @ guice-testlib ---
[INFO] Surefire report directory: /home/travis/build/google/guice/extensions/testlib/target/surefire-reports

-------------------------------------------------------
 T E S T S
-------------------------------------------------------
Running com.google.inject.testing.fieldbinder.BoundFieldModuleTest
Tests run: 38, Failures: 0, Errors: 0, Skipped: 0, Time elapsed: 0.513 sec

Results :

Tests run: 38, Failures: 0, Errors: 0, Skipped: 0

[INFO] 
[INFO] --- maven-surefire-plugin:2.5:test (stack-traces-complete) @ guice-testlib ---
[INFO] Surefire report directory: /home/travis/build/google/guice/extensions/testlib/target/surefire-reports

-------------------------------------------------------
 T E S T S
-------------------------------------------------------
Running com.google.inject.testing.fieldbinder.BoundFieldModuleTest
Tests run: 38, Failures: 0, Errors: 0, Skipped: 0, Time elapsed: 0.544 sec

Results :

Tests run: 38, Failures: 0, Errors: 0, Skipped: 0

[INFO] 
[INFO] --- maven-bundle-plugin:2.1.0:manifest (default) @ guice-testlib ---
[INFO] 
[INFO] --- maven-jar-plugin:2.3.1:jar (default-jar) @ guice-testlib ---
[INFO] Building jar: /home/travis/build/google/guice/extensions/testlib/target/guice-testlib-4.0-SNAPSHOT.jar
[INFO] 
[INFO] >>> maven-source-plugin:2.1.2:jar (default) > generate-sources @ guice-testlib >>>
[INFO] 
[INFO] <<< maven-source-plugin:2.1.2:jar (default) < generate-sources @ guice-testlib <<<
[INFO] 
[INFO] --- maven-source-plugin:2.1.2:jar (default) @ guice-testlib ---
[INFO] com already added, skipping
[INFO] com/google already added, skipping
[INFO] com/google/inject already added, skipping
[INFO] com/google/inject/testing already added, skipping
[INFO] com/google/inject/testing/fieldbinder already added, skipping
[INFO] META-INF already added, skipping
[INFO] META-INF/NOTICE already added, skipping
[INFO] META-INF/LICENSE already added, skipping
[INFO] META-INF/DEPENDENCIES already added, skipping
[INFO] Building jar: /home/travis/build/google/guice/extensions/testlib/target/guice-testlib-4.0-SNAPSHOT-sources.jar
[INFO] com already added, skipping
[INFO] com/google already added, skipping
[INFO] com/google/inject already added, skipping
[INFO] com/google/inject/testing already added, skipping
[INFO] com/google/inject/testing/fieldbinder already added, skipping
[INFO] META-INF already added, skipping
[INFO] META-INF/NOTICE already added, skipping
[INFO] META-INF/LICENSE already added, skipping
[INFO] META-INF/DEPENDENCIES already added, skipping
[INFO] 
[INFO] >>> maven-source-plugin:2.1.2:test-jar (default) > generate-sources @ guice-testlib >>>
[INFO] 
[INFO] <<< maven-source-plugin:2.1.2:test-jar (default) < generate-sources @ guice-testlib <<<
[INFO] 
[INFO] --- maven-source-plugin:2.1.2:test-jar (default) @ guice-testlib ---
[INFO] com already added, skipping
[INFO] com/google already added, skipping
[INFO] com/google/inject already added, skipping
[INFO] com/google/inject/testing already added, skipping
[INFO] com/google/inject/testing/fieldbinder already added, skipping
[INFO] META-INF already added, skipping
[INFO] META-INF/NOTICE already added, skipping
[INFO] META-INF/LICENSE already added, skipping
[INFO] META-INF/DEPENDENCIES already added, skipping
[INFO] Building jar: /home/travis/build/google/guice/extensions/testlib/target/guice-testlib-4.0-SNAPSHOT-test-sources.jar
[INFO] com already added, skipping
[INFO] com/google already added, skipping
[INFO] com/google/inject already added, skipping
[INFO] com/google/inject/testing already added, skipping
[INFO] com/google/inject/testing/fieldbinder already added, skipping
[INFO] META-INF already added, skipping
[INFO] META-INF/NOTICE already added, skipping
[INFO] META-INF/LICENSE already added, skipping
[INFO] META-INF/DEPENDENCIES already added, skipping
[INFO] 
[INFO] --- maven-javadoc-plugin:2.7:jar (default) @ guice-testlib ---
[INFO] Skipping javadoc generation
[INFO] 
[INFO] --- maven-jar-plugin:2.3.1:test-jar (default) @ guice-testlib ---
[INFO] Building jar: /home/travis/build/google/guice/extensions/testlib/target/guice-testlib-4.0-SNAPSHOT-tests.jar
[INFO] 
[INFO] --- maven-gpg-plugin:1.4:sign (sign-artifacts) @ guice-testlib ---
[INFO]                                                                         
[INFO] ------------------------------------------------------------------------
[INFO] Building Google Guice - Extensions - ThrowingProviders 4.0-SNAPSHOT
[INFO] ------------------------------------------------------------------------
[INFO] 
[INFO] --- maven-remote-resources-plugin:1.1:process (default) @ guice-throwingproviders ---
[INFO] 
[INFO] --- maven-resources-plugin:2.6:resources (default-resources) @ guice-throwingproviders ---
[INFO] Using 'UTF-8' encoding to copy filtered resources.
[INFO] Copying 0 resource
[INFO] Copying 3 resources
[INFO] 
[INFO] --- maven-compiler-plugin:2.3.2:compile (default-compile) @ guice-throwingproviders ---
[INFO] Compiling 10 source files to /home/travis/build/google/guice/extensions/throwingproviders/target/classes
[INFO] 
[INFO] --- animal-sniffer-maven-plugin:1.10:check (check-java-1.6-compat) @ guice-throwingproviders ---
[INFO] Checking unresolved references to org.codehaus.mojo.signature:java16:1.0
[INFO] 
[INFO] --- maven-resources-plugin:2.6:testResources (default-testResources) @ guice-throwingproviders ---
[INFO] Using 'UTF-8' encoding to copy filtered resources.
[INFO] Copying 0 resource
[INFO] Copying 3 resources
[INFO] 
[INFO] --- maven-compiler-plugin:2.3.2:testCompile (default-testCompile) @ guice-throwingproviders ---
[INFO] Compiling 4 source files to /home/travis/build/google/guice/extensions/throwingproviders/target/test-classes
[INFO] 
[INFO] --- maven-surefire-plugin:2.5:test (default-test) @ guice-throwingproviders ---
[INFO] Surefire report directory: /home/travis/build/google/guice/extensions/throwingproviders/target/surefire-reports

-------------------------------------------------------
 T E S T S
-------------------------------------------------------
Running com.google.inject.throwingproviders.ThrowingProviderTest
Tests run: 34, Failures: 0, Errors: 0, Skipped: 0, Time elapsed: 0.993 sec
Running com.google.inject.throwingproviders.CheckedProviderTest
Tests run: 54, Failures: 0, Errors: 0, Skipped: 0, Time elapsed: 1.005 sec
Running com.google.inject.throwingproviders.CheckedProviderMethodsModuleTest
Tests run: 6, Failures: 0, Errors: 0, Skipped: 0, Time elapsed: 0.162 sec

Results :

Tests run: 94, Failures: 0, Errors: 0, Skipped: 0

[INFO] 
[INFO] --- maven-surefire-plugin:2.5:test (stack-traces-off) @ guice-throwingproviders ---
[INFO] Surefire report directory: /home/travis/build/google/guice/extensions/throwingproviders/target/surefire-reports

-------------------------------------------------------
 T E S T S
-------------------------------------------------------
Running com.google.inject.throwingproviders.ThrowingProviderTest
Tests run: 34, Failures: 0, Errors: 0, Skipped: 0, Time elapsed: 0.905 sec
Running com.google.inject.throwingproviders.CheckedProviderTest
Tests run: 54, Failures: 0, Errors: 0, Skipped: 0, Time elapsed: 0.843 sec
Running com.google.inject.throwingproviders.CheckedProviderMethodsModuleTest
Tests run: 6, Failures: 0, Errors: 0, Skipped: 0, Time elapsed: 0.078 sec

Results :

Tests run: 94, Failures: 0, Errors: 0, Skipped: 0

[INFO] 
[INFO] --- maven-surefire-plugin:2.5:test (stack-traces-complete) @ guice-throwingproviders ---
[INFO] Surefire report directory: /home/travis/build/google/guice/extensions/throwingproviders/target/surefire-reports

-------------------------------------------------------
 T E S T S
-------------------------------------------------------
Running com.google.inject.throwingproviders.ThrowingProviderTest
Tests run: 34, Failures: 0, Errors: 0, Skipped: 0, Time elapsed: 1.089 sec
Running com.google.inject.throwingproviders.CheckedProviderTest
Tests run: 54, Failures: 0, Errors: 0, Skipped: 0, Time elapsed: 0.759 sec
Running com.google.inject.throwingproviders.CheckedProviderMethodsModuleTest
Tests run: 6, Failures: 0, Errors: 0, Skipped: 0, Time elapsed: 0.108 sec

Results :

Tests run: 94, Failures: 0, Errors: 0, Skipped: 0

[INFO] 
[INFO] --- maven-bundle-plugin:2.1.0:manifest (default) @ guice-throwingproviders ---
Should not skip: ^
[INFO] 
[INFO] --- maven-jar-plugin:2.3.1:jar (default-jar) @ guice-throwingproviders ---
[INFO] Building jar: /home/travis/build/google/guice/extensions/throwingproviders/target/guice-throwingproviders-4.0-SNAPSHOT.jar
[INFO] 
[INFO] >>> maven-source-plugin:2.1.2:jar (default) > generate-sources @ guice-throwingproviders >>>
[INFO] 
[INFO] <<< maven-source-plugin:2.1.2:jar (default) < generate-sources @ guice-throwingproviders <<<
[INFO] 
[INFO] --- maven-source-plugin:2.1.2:jar (default) @ guice-throwingproviders ---
[INFO] com already added, skipping
[INFO] com/google already added, skipping
[INFO] com/google/inject already added, skipping
[INFO] com/google/inject/throwingproviders already added, skipping
[INFO] META-INF already added, skipping
[INFO] META-INF/NOTICE already added, skipping
[INFO] META-INF/LICENSE already added, skipping
[INFO] META-INF/DEPENDENCIES already added, skipping
[INFO] Building jar: /home/travis/build/google/guice/extensions/throwingproviders/target/guice-throwingproviders-4.0-SNAPSHOT-sources.jar
[INFO] com already added, skipping
[INFO] com/google already added, skipping
[INFO] com/google/inject already added, skipping
[INFO] com/google/inject/throwingproviders already added, skipping
[INFO] META-INF already added, skipping
[INFO] META-INF/NOTICE already added, skipping
[INFO] META-INF/LICENSE already added, skipping
[INFO] META-INF/DEPENDENCIES already added, skipping
[INFO] 
[INFO] >>> maven-source-plugin:2.1.2:test-jar (default) > generate-sources @ guice-throwingproviders >>>
[INFO] 
[INFO] <<< maven-source-plugin:2.1.2:test-jar (default) < generate-sources @ guice-throwingproviders <<<
[INFO] 
[INFO] --- maven-source-plugin:2.1.2:test-jar (default) @ guice-throwingproviders ---
[INFO] com already added, skipping
[INFO] com/google already added, skipping
[INFO] com/google/inject already added, skipping
[INFO] com/google/inject/throwingproviders already added, skipping
[INFO] META-INF already added, skipping
[INFO] META-INF/NOTICE already added, skipping
[INFO] META-INF/LICENSE already added, skipping
[INFO] META-INF/DEPENDENCIES already added, skipping
[INFO] Building jar: /home/travis/build/google/guice/extensions/throwingproviders/target/guice-throwingproviders-4.0-SNAPSHOT-test-sources.jar
[INFO] com already added, skipping
[INFO] com/google already added, skipping
[INFO] com/google/inject already added, skipping
[INFO] com/google/inject/throwingproviders already added, skipping
[INFO] META-INF already added, skipping
[INFO] META-INF/NOTICE already added, skipping
[INFO] META-INF/LICENSE already added, skipping
[INFO] META-INF/DEPENDENCIES already added, skipping
[INFO] 
[INFO] --- maven-javadoc-plugin:2.7:jar (default) @ guice-throwingproviders ---
[INFO] Skipping javadoc generation
[INFO] 
[INFO] --- maven-jar-plugin:2.3.1:test-jar (default) @ guice-throwingproviders ---
[INFO] Building jar: /home/travis/build/google/guice/extensions/throwingproviders/target/guice-throwingproviders-4.0-SNAPSHOT-tests.jar
[INFO] 
[INFO] --- maven-gpg-plugin:1.4:sign (sign-artifacts) @ guice-throwingproviders ---
[INFO] ------------------------------------------------------------------------
[INFO] Reactor Summary:
[INFO] 
[INFO] Google Guice ....................................... SUCCESS [  0.248 s]
[INFO] Google Guice - Core Library ........................ SUCCESS [01:08 min]
[INFO] Google Guice - Extensions .......................... SUCCESS [  0.635 s]
[INFO] Google Guice - Extensions - AssistedInject ......... SUCCESS [ 14.291 s]
[INFO] Google Guice - Extensions - MultiBindings .......... SUCCESS [ 15.228 s]
[INFO] Google Guice - Extensions - Grapher ................ SUCCESS [  6.154 s]
[INFO] Google Guice - Extensions - JMX .................... SUCCESS [  1.717 s]
[INFO] Google Guice - Extensions - JNDI ................... SUCCESS [  1.852 s]
[INFO] Google Guice - Extensions - Persist ................ SUCCESS [ 14.806 s]
[INFO] Google Guice - Extensions - Servlet ................ SUCCESS [ 11.124 s]
[INFO] Google Guice - Extensions - Spring ................. SUCCESS [  4.335 s]
[INFO] Google Guice - Extensions - Struts2 ................ SUCCESS [  4.763 s]
[INFO] Google Guice - Extensions - TestLib ................ SUCCESS [  4.543 s]
[INFO] Google Guice - Extensions - ThrowingProviders ...... SUCCESS [ 11.378 s]
[INFO] ------------------------------------------------------------------------
[INFO] BUILD SUCCESS
[INFO] ------------------------------------------------------------------------
[INFO] Total time: 02:40 min
[INFO] Finished at: 2016-11-17T00:23:17+00:00
[INFO] Final Memory: 124M/255M
[INFO] ------------------------------------------------------------------------

travis_time:end:00c477a8:start=1479342035101345370,finish=1479342197887775657,duration=162786430287[0K
[32;1mThe command "${CMD}" exited with 0.[0m
travis_fold:start:after_success[0Ktravis_time:start:13701d8c[0K$ ./generate-latest-docs.sh

travis_time:end:13701d8c:start=1479342197918113959,finish=1479342197943126793,duration=25012834[0Ktravis_fold:end:after_success[0K
Done. Your build exited with 0.
