travis_fold:start:system_info[0K[33;1mBuild system information[0m
Build language: java
Build id: ''
Job id: ''
[34m[1mBuild image provisioning date and time[0m
Thu Feb  5 15:09:33 UTC 2015
[34m[1mOperating System Details[0m
Distributor ID:	Ubuntu
Description:	Ubuntu 12.04.5 LTS
Release:	12.04
Codename:	precise
[34m[1mLinux Version[0m
3.13.0-29-generic
[34m[1mCookbooks Version[0m
a68419e https://github.com/travis-ci/travis-cookbooks/tree/a68419e
[34m[1mGCC version[0m
gcc (Ubuntu/Linaro 4.6.3-1ubuntu5) 4.6.3
Copyright (C) 2011 Free Software Foundation, Inc.
This is free software; see the source for copying conditions.  There is NO
warranty; not even for MERCHANTABILITY or FITNESS FOR A PARTICULAR PURPOSE.

[34m[1mLLVM version[0m
clang version 3.4 (tags/RELEASE_34/final)
Target: x86_64-unknown-linux-gnu
Thread model: posix
[34m[1mPre-installed Ruby versions[0m
ruby-1.9.3-p551
[34m[1mPre-installed Node.js versions[0m
v0.10.36
[34m[1mPre-installed Go versions[0m
1.4.1
[34m[1mRedis version[0m
redis-server 2.8.19
[34m[1mriak version[0m
2.0.2
[34m[1mMongoDB version[0m
MongoDB 2.4.12
[34m[1mCouchDB version[0m
couchdb 1.6.1
[34m[1mNeo4j version[0m
1.9.4
[34m[1mRabbitMQ Version[0m
3.4.3
[34m[1mElasticSearch version[0m
1.4.0
[34m[1mInstalled Sphinx versions[0m
2.0.10
2.1.9
2.2.6
[34m[1mDefault Sphinx version[0m
2.2.6
[34m[1mInstalled Firefox version[0m
firefox 31.0esr
[34m[1mPhantomJS version[0m
1.9.8
[34m[1mant -version[0m
Apache Ant(TM) version 1.8.2 compiled on December 3 2011
[34m[1mmvn -version[0m
Apache Maven 3.2.5 (12a6b3acb947671f09b81f49094c53f426d8cea1; 2014-12-14T17:29:23+00:00)
Maven home: /usr/local/maven
Java version: 1.7.0_76, vendor: Oracle Corporation
Java home: /usr/lib/jvm/java-7-oracle/jre
Default locale: en_US, platform encoding: ANSI_X3.4-1968
OS name: "linux", version: "3.13.0-29-generic", arch: "amd64", family: "unix"
travis_fold:end:system_info[0K
sed: cannot rename /etc/hosts: Device or resource busy
sed: cannot rename /etc/hosts: Device or resource busy
$ cd igniterealtime/Openfire
$ java -Xmx32m -version
java version "1.7.0_76"
Java(TM) SE Runtime Environment (build 1.7.0_76-b13)
Java HotSpot(TM) 64-Bit Server VM (build 24.76-b04, mixed mode)
$ javac -J-Xmx32m -version
javac 1.7.0_76
travis_time:start:024782ab[0K$ ant -f build/build.xml openfire test plugins
Buildfile: /home/travis/build/igniterealtime/Openfire/build/build.xml

init:
    [mkdir] Created dir: /home/travis/build/igniterealtime/Openfire/work
    [mkdir] Created dir: /home/travis/build/igniterealtime/Openfire/work/overlay/classes

compile:
    [mkdir] Created dir: /home/travis/build/igniterealtime/Openfire/work/classes
    [javac] Compiling 650 source files to /home/travis/build/igniterealtime/Openfire/work/classes
    [javac] Note: Some input files use or override a deprecated API.
    [javac] Note: Recompile with -Xlint:deprecation for details.
    [javac] Note: Some input files use unchecked or unsafe operations.
    [javac] Note: Recompile with -Xlint:unchecked for details.
    [javac] Creating empty /home/travis/build/igniterealtime/Openfire/work/classes/org/jivesoftware/openfire/commands/package-info.class
    [javac] Creating empty /home/travis/build/igniterealtime/Openfire/work/classes/org/jivesoftware/openfire/http/package-info.class
    [javac] Creating empty /home/travis/build/igniterealtime/Openfire/work/classes/org/jivesoftware/openfire/filetransfer/package-info.class
    [javac] Creating empty /home/travis/build/igniterealtime/Openfire/work/classes/org/jivesoftware/openfire/pubsub/models/package-info.class
    [javac] Creating empty /home/travis/build/igniterealtime/Openfire/work/classes/org/jivesoftware/openfire/ldap/package-info.class
    [javac] Creating empty /home/travis/build/igniterealtime/Openfire/work/classes/org/jivesoftware/openfire/container/package-info.class
    [javac] Creating empty /home/travis/build/igniterealtime/Openfire/work/classes/org/jivesoftware/util/package-info.class
    [javac] Creating empty /home/travis/build/igniterealtime/Openfire/work/classes/org/jivesoftware/openfire/server/package-info.class
    [javac] Creating empty /home/travis/build/igniterealtime/Openfire/work/classes/org/jivesoftware/openfire/launcher/package-info.class
    [javac] Creating empty /home/travis/build/igniterealtime/Openfire/work/classes/org/jivesoftware/openfire/privacy/package-info.class
    [javac] Creating empty /home/travis/build/igniterealtime/Openfire/work/classes/org/jivesoftware/openfire/forms/package-info.class
    [javac] Creating empty /home/travis/build/igniterealtime/Openfire/work/classes/org/jivesoftware/openfire/pubsub/package-info.class
    [javac] Creating empty /home/travis/build/igniterealtime/Openfire/work/classes/org/jivesoftware/openfire/disco/package-info.class
    [javac] Creating empty /home/travis/build/igniterealtime/Openfire/work/classes/org/jivesoftware/openfire/carbons/package-info.class
    [javac] Creating empty /home/travis/build/igniterealtime/Openfire/work/classes/org/jivesoftware/openfire/audit/package-info.class
    [javac] Creating empty /home/travis/build/igniterealtime/Openfire/work/classes/org/jivesoftware/openfire/handler/package-info.class
    [javac] Creating empty /home/travis/build/igniterealtime/Openfire/work/classes/org/jivesoftware/openfire/entitycaps/package-info.class
    [javac] Creating empty /home/travis/build/igniterealtime/Openfire/work/classes/org/jivesoftware/openfire/multiplex/package-info.class
    [javac] Creating empty /home/travis/build/igniterealtime/Openfire/work/classes/org/jivesoftware/openfire/muc/spi/package-info.class
    [javac] Creating empty /home/travis/build/igniterealtime/Openfire/work/classes/org/jivesoftware/database/package-info.class
    [javac] Creating empty /home/travis/build/igniterealtime/Openfire/work/classes/org/jivesoftware/openfire/update/package-info.class
    [javac] Creating empty /home/travis/build/igniterealtime/Openfire/work/classes/org/jivesoftware/openfire/roster/package-info.class
    [javac] Creating empty /home/travis/build/igniterealtime/Openfire/work/classes/org/jivesoftware/openfire/user/package-info.class
    [javac] Creating empty /home/travis/build/igniterealtime/Openfire/work/classes/org/jivesoftware/openfire/interceptor/package-info.class
    [javac] Creating empty /home/travis/build/igniterealtime/Openfire/work/classes/org/jivesoftware/openfire/group/package-info.class
    [javac] Creating empty /home/travis/build/igniterealtime/Openfire/work/classes/org/jivesoftware/openfire/muc/package-info.class
    [javac] Creating empty /home/travis/build/igniterealtime/Openfire/work/classes/org/jivesoftware/openfire/sasl/package-info.class
    [javac] Creating empty /home/travis/build/igniterealtime/Openfire/work/classes/org/jivesoftware/openfire/auth/package-info.class
    [javac] Creating empty /home/travis/build/igniterealtime/Openfire/work/classes/org/jivesoftware/openfire/forward/package-info.class
    [javac] Creating empty /home/travis/build/igniterealtime/Openfire/work/classes/org/jivesoftware/openfire/pep/package-info.class
    [javac] Creating empty /home/travis/build/igniterealtime/Openfire/work/classes/org/jivesoftware/admin/package-info.class
    [javac] Creating empty /home/travis/build/igniterealtime/Openfire/work/classes/org/jivesoftware/openfire/event/package-info.class
     [echo] Nothing to compile from custom here 

jspc:
    [mkdir] Created dir: /home/travis/build/igniterealtime/Openfire/work/jspc
    [mkdir] Created dir: /home/travis/build/igniterealtime/Openfire/work/jspc/java
    [mkdir] Created dir: /home/travis/build/igniterealtime/Openfire/work/jspc/classes
    [mkdir] Created dir: /home/travis/build/igniterealtime/Openfire/work/webapp

-jspc-impl:
    [mkdir] Created dir: /home/travis/build/igniterealtime/Openfire/work/jspc/jsp
     [copy] Copying 276 files to /home/travis/build/igniterealtime/Openfire/work/jspc/jsp
     [java] log4j:WARN No appenders could be found for logger (org.apache.jasper.JspC).
     [java] log4j:WARN Please initialize the log4j system properly.
    [javac] Compiling 107 source files to /home/travis/build/igniterealtime/Openfire/work/jspc/classes
    [javac] Note: Some input files use or override a deprecated API.
    [javac] Note: Recompile with -Xlint:deprecation for details.
    [javac] Note: Some input files use unchecked or unsafe operations.
    [javac] Note: Recompile with -Xlint:unchecked for details.
     [copy] Copying 1 file to /home/travis/build/igniterealtime/Openfire/work/webapp/WEB-INF
     [copy] Copying 1 file to /home/travis/build/igniterealtime/Openfire/work/webapp/WEB-INF
     [copy] Copying 1 file to /home/travis/build/igniterealtime/Openfire/work/webapp/WEB-INF
     [copy] Copying 1 file to /home/travis/build/igniterealtime/Openfire/work/webapp/WEB-INF
      [jar] Building jar: /home/travis/build/igniterealtime/Openfire/work/jspc/admin-jsp.jar

-i18n:
    [mkdir] Created dir: /home/travis/build/igniterealtime/Openfire/work/tempbuild/i18n
     [copy] Copying 1 file to /home/travis/build/igniterealtime/Openfire/work/tempbuild/i18n

openfire:
    [mkdir] Created dir: /home/travis/build/igniterealtime/Openfire/work/lib
      [jar] Building jar: /home/travis/build/igniterealtime/Openfire/work/lib/openfire.jar
      [jar] META-INF/LICENSE.txt already added, skipping
      [jar] META-INF/LICENSE.txt already added, skipping
      [jar] META-INF/NOTICE.txt already added, skipping
      [jar] META-INF/LICENSE.txt already added, skipping
      [jar] META-INF/NOTICE.txt already added, skipping
      [jar] META-INF/LICENSE.txt already added, skipping
      [jar] META-INF/LICENSE.txt already added, skipping
      [jar] about.html already added, skipping
      [jar] about.html already added, skipping
      [jar] about.html already added, skipping
      [jar] about.html already added, skipping
      [jar] about.html already added, skipping
      [jar] about.html already added, skipping
      [jar] about.html already added, skipping
      [jar] about.html already added, skipping
      [jar] about.html already added, skipping
      [jar] about.html already added, skipping
      [jar] META-INF/LICENSE.txt already added, skipping
      [jar] META-INF/NOTICE.txt already added, skipping
      [jar] META-INF/LICENSE.jzlib.txt already added, skipping
      [jar] META-INF/LICENSE.slf4j.txt already added, skipping
      [jar] META-INF/LICENSE.springframework.txt already added, skipping
      [jar] META-INF/LICENSE.txt already added, skipping
      [jar] META-INF/NOTICE.txt already added, skipping
      [jar] META-INF/LICENSE.jzlib.txt already added, skipping
      [jar] META-INF/LICENSE.slf4j.txt already added, skipping
      [jar] META-INF/LICENSE.springframework.txt already added, skipping
      [jar] META-INF/LICENSE.txt already added, skipping
      [jar] META-INF/NOTICE.txt already added, skipping
      [jar] META-INF/LICENSE.jzlib.txt already added, skipping
      [jar] META-INF/LICENSE.slf4j.txt already added, skipping
      [jar] META-INF/LICENSE.springframework.txt already added, skipping
      [jar] META-INF/LICENSE.txt already added, skipping
      [jar] META-INF/NOTICE.txt already added, skipping
      [jar] META-INF/License.txt already added, skipping
      [jar] org/jivesoftware/util/FastDateFormat$CharacterLiteral.class already added, skipping
      [jar] org/jivesoftware/util/FastDateFormat$NumberRule.class already added, skipping
      [jar] org/jivesoftware/util/FastDateFormat$PaddedNumberField.class already added, skipping
      [jar] org/jivesoftware/util/FastDateFormat$Pair.class already added, skipping
      [jar] org/jivesoftware/util/FastDateFormat$Rule.class already added, skipping
      [jar] org/jivesoftware/util/FastDateFormat$StringLiteral.class already added, skipping
      [jar] org/jivesoftware/util/FastDateFormat$TextField.class already added, skipping
      [jar] org/jivesoftware/util/FastDateFormat$TimeZoneDisplayKey.class already added, skipping
      [jar] org/jivesoftware/util/FastDateFormat$TimeZoneRule.class already added, skipping
      [jar] org/jivesoftware/util/FastDateFormat$TwelveHourField.class already added, skipping
      [jar] org/jivesoftware/util/FastDateFormat$TwentyFourHourField.class already added, skipping
      [jar] org/jivesoftware/util/FastDateFormat$TwoDigitMonthField.class already added, skipping
      [jar] org/jivesoftware/util/FastDateFormat$TwoDigitNumberField.class already added, skipping
      [jar] org/jivesoftware/util/FastDateFormat$TwoDigitYearField.class already added, skipping
      [jar] org/jivesoftware/util/FastDateFormat$UnpaddedMonthField.class already added, skipping
      [jar] org/jivesoftware/util/FastDateFormat$UnpaddedNumberField.class already added, skipping
      [jar] org/jivesoftware/util/FastDateFormat.class already added, skipping
      [jar] Building jar: /home/travis/build/igniterealtime/Openfire/work/lib/startup.jar
     [copy] Copying 14 files to /home/travis/build/igniterealtime/Openfire/work/lib
     [copy] Copying 1 file to /home/travis/build/igniterealtime/Openfire/work/lib
     [copy] Copying 2 files to /home/travis/build/igniterealtime/Openfire/work/lib

openfireHome:
    [mkdir] Created dir: /home/travis/build/igniterealtime/Openfire/target/openfire
     [copy] Copying 3 files to /home/travis/build/igniterealtime/Openfire/target/openfire
     [copy] Copying 145 files to /home/travis/build/igniterealtime/Openfire/target/openfire/resources
     [copy] Copying 3 files to /home/travis/build/igniterealtime/Openfire/target/openfire/resources
     [copy] Copying 4 files to /home/travis/build/igniterealtime/Openfire/target/openfire/resources
     [copy] Copying 19 files to /home/travis/build/igniterealtime/Openfire/target/openfire/lib

adminPlugin:
     [copy] Copying 1 file to /home/travis/build/igniterealtime/Openfire/target/openfire/plugins
     [copy] Copying 154 files to /home/travis/build/igniterealtime/Openfire/target/openfire/plugins/admin/webapp
     [copy] Copying 4 files to /home/travis/build/igniterealtime/Openfire/target/openfire/plugins/admin/webapp
     [copy] Copying 1 file to /home/travis/build/igniterealtime/Openfire/target/openfire/plugins/admin/webapp/WEB-INF/lib

spank:
    [mkdir] Created dir: /home/travis/build/igniterealtime/Openfire/target/openfire/resources/spank
     [copy] Copying 2 files to /home/travis/build/igniterealtime/Openfire/target/openfire/resources/spank
     [copy] Copying 12 files to /home/travis/build/igniterealtime/Openfire/target/openfire
    [mkdir] Created dir: /home/travis/build/igniterealtime/Openfire/target/openfire/logs

init:

compile:
     [echo] Nothing to compile from custom here 

jspc:

-jspc-impl:
     [java] log4j:WARN No appenders could be found for logger (org.apache.jasper.JspC).
     [java] log4j:WARN Please initialize the log4j system properly.
     [copy] Copying 1 file to /home/travis/build/igniterealtime/Openfire/work/webapp/WEB-INF
     [copy] Copying 1 file to /home/travis/build/igniterealtime/Openfire/work/webapp/WEB-INF
     [copy] Copying 1 file to /home/travis/build/igniterealtime/Openfire/work/webapp/WEB-INF
     [copy] Copying 1 file to /home/travis/build/igniterealtime/Openfire/work/webapp/WEB-INF

-i18n:

openfire:
      [jar] Building jar: /home/travis/build/igniterealtime/Openfire/work/lib/openfire.jar
      [jar] META-INF/LICENSE.txt already added, skipping
      [jar] META-INF/LICENSE.txt already added, skipping
      [jar] META-INF/NOTICE.txt already added, skipping
      [jar] META-INF/LICENSE.txt already added, skipping
      [jar] META-INF/NOTICE.txt already added, skipping
      [jar] META-INF/LICENSE.txt already added, skipping
      [jar] META-INF/LICENSE.txt already added, skipping
      [jar] about.html already added, skipping
      [jar] about.html already added, skipping
      [jar] about.html already added, skipping
      [jar] about.html already added, skipping
      [jar] about.html already added, skipping
      [jar] about.html already added, skipping
      [jar] about.html already added, skipping
      [jar] about.html already added, skipping
      [jar] about.html already added, skipping
      [jar] about.html already added, skipping
      [jar] META-INF/LICENSE.txt already added, skipping
      [jar] META-INF/NOTICE.txt already added, skipping
      [jar] META-INF/LICENSE.jzlib.txt already added, skipping
      [jar] META-INF/LICENSE.slf4j.txt already added, skipping
      [jar] META-INF/LICENSE.springframework.txt already added, skipping
      [jar] META-INF/LICENSE.txt already added, skipping
      [jar] META-INF/NOTICE.txt already added, skipping
      [jar] META-INF/LICENSE.jzlib.txt already added, skipping
      [jar] META-INF/LICENSE.slf4j.txt already added, skipping
      [jar] META-INF/LICENSE.springframework.txt already added, skipping
      [jar] META-INF/LICENSE.txt already added, skipping
      [jar] META-INF/NOTICE.txt already added, skipping
      [jar] META-INF/LICENSE.jzlib.txt already added, skipping
      [jar] META-INF/LICENSE.slf4j.txt already added, skipping
      [jar] META-INF/LICENSE.springframework.txt already added, skipping
      [jar] META-INF/LICENSE.txt already added, skipping
      [jar] META-INF/NOTICE.txt already added, skipping
      [jar] META-INF/License.txt already added, skipping
      [jar] org/jivesoftware/util/FastDateFormat$CharacterLiteral.class already added, skipping
      [jar] org/jivesoftware/util/FastDateFormat$NumberRule.class already added, skipping
      [jar] org/jivesoftware/util/FastDateFormat$PaddedNumberField.class already added, skipping
      [jar] org/jivesoftware/util/FastDateFormat$Pair.class already added, skipping
      [jar] org/jivesoftware/util/FastDateFormat$Rule.class already added, skipping
      [jar] org/jivesoftware/util/FastDateFormat$StringLiteral.class already added, skipping
      [jar] org/jivesoftware/util/FastDateFormat$TextField.class already added, skipping
      [jar] org/jivesoftware/util/FastDateFormat$TimeZoneDisplayKey.class already added, skipping
      [jar] org/jivesoftware/util/FastDateFormat$TimeZoneRule.class already added, skipping
      [jar] org/jivesoftware/util/FastDateFormat$TwelveHourField.class already added, skipping
      [jar] org/jivesoftware/util/FastDateFormat$TwentyFourHourField.class already added, skipping
      [jar] org/jivesoftware/util/FastDateFormat$TwoDigitMonthField.class already added, skipping
      [jar] org/jivesoftware/util/FastDateFormat$TwoDigitNumberField.class already added, skipping
      [jar] org/jivesoftware/util/FastDateFormat$TwoDigitYearField.class already added, skipping
      [jar] org/jivesoftware/util/FastDateFormat$UnpaddedMonthField.class already added, skipping
      [jar] org/jivesoftware/util/FastDateFormat$UnpaddedNumberField.class already added, skipping
      [jar] org/jivesoftware/util/FastDateFormat.class already added, skipping

openfireHome:
     [copy] Copying 1 file to /home/travis/build/igniterealtime/Openfire/target/openfire/lib

adminPlugin:
     [copy] Copying 4 files to /home/travis/build/igniterealtime/Openfire/target/openfire/plugins/admin/webapp

spank:

test:
    [mkdir] Created dir: /home/travis/build/igniterealtime/Openfire/work/test/classes
    [javac] Compiling 20 source files to /home/travis/build/igniterealtime/Openfire/work/test/classes
    [javac] Note: /home/travis/build/igniterealtime/Openfire/src/test/java/org/jivesoftware/util/AdminConsoleTest.java uses unchecked or unsafe operations.
    [javac] Note: Recompile with -Xlint:unchecked for details.
     [copy] Copying 6 files to /home/travis/build/igniterealtime/Openfire/work/test
    [mkdir] Created dir: /home/travis/build/igniterealtime/Openfire/work/test/results
    [junit] Running org.jivesoftware.admin.AuthCheckFilterTest
    [junit] Tests run: 1, Failures: 0, Errors: 0, Time elapsed: 0.169 sec
    [junit] Running org.jivesoftware.openfire.OfflineMessageStoreTest
    [junit] Tests run: 8, Failures: 0, Errors: 0, Time elapsed: 0.2 sec
    [junit] Running org.jivesoftware.openfire.carbons.MessageCarbonsTest
    [junit] Tests run: 2, Failures: 0, Errors: 0, Time elapsed: 0.138 sec
    [junit] Running org.jivesoftware.openfire.forward.ForwardTest
    [junit] Tests run: 1, Failures: 0, Errors: 0, Time elapsed: 0.133 sec
    [junit] Running org.jivesoftware.openfire.handler.IQEntityTimeHandlerTest
    [junit] Tests run: 5, Failures: 0, Errors: 0, Time elapsed: 2.532 sec
    [junit] Running org.jivesoftware.openfire.muc.spi.MucPrivilegesTest
    [junit] Tests run: 9, Failures: 0, Errors: 0, Time elapsed: 0.161 sec
    [junit] Running org.jivesoftware.openfire.net.DNSUtilTest
    [junit] Tests run: 8, Failures: 0, Errors: 0, Time elapsed: 0.18 sec
    [junit] Running org.jivesoftware.openfire.nio.XmlNumericCharacterReferenceTest
    [junit] Tests run: 6, Failures: 0, Errors: 0, Time elapsed: 0.133 sec
    [junit] Running org.jivesoftware.util.AdminConsoleTest
    [junit] Tests run: 3, Failures: 0, Errors: 0, Time elapsed: 0.469 sec
    [junit] Running org.jivesoftware.util.AesEncryptorTest
    [junit] Tests run: 4, Failures: 0, Errors: 0, Time elapsed: 1.328 sec
    [junit] Running org.jivesoftware.util.BlowfishEncryptorTest
    [junit] Tests run: 4, Failures: 0, Errors: 0, Time elapsed: 0.114 sec
    [junit] Running org.jivesoftware.util.CertificateTest
    [junit] Tests run: 1, Failures: 0, Errors: 0, Time elapsed: 0.069 sec
    [junit] Running org.jivesoftware.util.EntityCapabilitiesManagerTest
    [junit] Tests run: 2, Failures: 0, Errors: 0, Time elapsed: 0.302 sec
    [junit] Running org.jivesoftware.util.IntEnumTest
    [junit] Tests run: 1, Failures: 0, Errors: 0, Time elapsed: 0.071 sec
    [junit] Running org.jivesoftware.util.JIDTest
    [junit] Tests run: 3, Failures: 0, Errors: 0, Time elapsed: 0.122 sec
    [junit] Running org.jivesoftware.util.LDAPTest
    [junit] Tests run: 1, Failures: 0, Errors: 0, Time elapsed: 0.15 sec
    [junit] Running org.jivesoftware.util.VersionTest
    [junit] Tests run: 4, Failures: 0, Errors: 0, Time elapsed: 0.094 sec
    [junit] Running org.jivesoftware.util.XMLPropertiesTest
    [junit] Tests run: 4, Failures: 0, Errors: 0, Time elapsed: 0.168 sec
    [junit] Running org.jivesoftware.util.XMPPDateTimeFormatTest
    [junit] Tests run: 1, Failures: 0, Errors: 0, Time elapsed: 0.079 sec
    [junit] Running org.jivesoftware.util.XPPWriterTest
    [junit] Tests run: 0, Failures: 0, Errors: 0, Time elapsed: 0.058 sec

init:

anttasks:
    [mkdir] Created dir: /home/travis/build/igniterealtime/Openfire/work/tools
    [mkdir] Created dir: /home/travis/build/igniterealtime/Openfire/work/tools/classes
    [javac] /home/travis/build/igniterealtime/Openfire/build/build.xml:1655: warning: 'includeantruntime' was not set, defaulting to build.sysclasspath=last; set to false for repeatable builds
    [javac] Compiling 1 source file to /home/travis/build/igniterealtime/Openfire/work/tools/classes
      [jar] Building jar: /home/travis/build/igniterealtime/Openfire/work/tools/ant-subdirtask.jar

plugins:

init:

compile:
     [echo] Nothing to compile from custom here 

jspc:

-jspc-impl:
     [java] log4j:WARN No appenders could be found for logger (org.apache.jasper.JspC).
     [java] log4j:WARN Please initialize the log4j system properly.
     [copy] Copying 1 file to /home/travis/build/igniterealtime/Openfire/work/webapp/WEB-INF
     [copy] Copying 1 file to /home/travis/build/igniterealtime/Openfire/work/webapp/WEB-INF
     [copy] Copying 1 file to /home/travis/build/igniterealtime/Openfire/work/webapp/WEB-INF
     [copy] Copying 1 file to /home/travis/build/igniterealtime/Openfire/work/webapp/WEB-INF

-i18n:

openfire:
      [jar] Building jar: /home/travis/build/igniterealtime/Openfire/work/lib/openfire.jar
      [jar] META-INF/LICENSE.txt already added, skipping
      [jar] META-INF/LICENSE.txt already added, skipping
      [jar] META-INF/NOTICE.txt already added, skipping
      [jar] META-INF/LICENSE.txt already added, skipping
      [jar] META-INF/NOTICE.txt already added, skipping
      [jar] META-INF/LICENSE.txt already added, skipping
      [jar] META-INF/LICENSE.txt already added, skipping
      [jar] about.html already added, skipping
      [jar] about.html already added, skipping
      [jar] about.html already added, skipping
      [jar] about.html already added, skipping
      [jar] about.html already added, skipping
      [jar] about.html already added, skipping
      [jar] about.html already added, skipping
      [jar] about.html already added, skipping
      [jar] about.html already added, skipping
      [jar] about.html already added, skipping
      [jar] META-INF/LICENSE.txt already added, skipping
      [jar] META-INF/NOTICE.txt already added, skipping
      [jar] META-INF/LICENSE.jzlib.txt already added, skipping
      [jar] META-INF/LICENSE.slf4j.txt already added, skipping
      [jar] META-INF/LICENSE.springframework.txt already added, skipping
      [jar] META-INF/LICENSE.txt already added, skipping
      [jar] META-INF/NOTICE.txt already added, skipping
      [jar] META-INF/LICENSE.jzlib.txt already added, skipping
      [jar] META-INF/LICENSE.slf4j.txt already added, skipping
      [jar] META-INF/LICENSE.springframework.txt already added, skipping
      [jar] META-INF/LICENSE.txt already added, skipping
      [jar] META-INF/NOTICE.txt already added, skipping
      [jar] META-INF/LICENSE.jzlib.txt already added, skipping
      [jar] META-INF/LICENSE.slf4j.txt already added, skipping
      [jar] META-INF/LICENSE.springframework.txt already added, skipping
      [jar] META-INF/LICENSE.txt already added, skipping
      [jar] META-INF/NOTICE.txt already added, skipping
      [jar] META-INF/License.txt already added, skipping
      [jar] org/jivesoftware/util/FastDateFormat$CharacterLiteral.class already added, skipping
      [jar] org/jivesoftware/util/FastDateFormat$NumberRule.class already added, skipping
      [jar] org/jivesoftware/util/FastDateFormat$PaddedNumberField.class already added, skipping
      [jar] org/jivesoftware/util/FastDateFormat$Pair.class already added, skipping
      [jar] org/jivesoftware/util/FastDateFormat$Rule.class already added, skipping
      [jar] org/jivesoftware/util/FastDateFormat$StringLiteral.class already added, skipping
      [jar] org/jivesoftware/util/FastDateFormat$TextField.class already added, skipping
      [jar] org/jivesoftware/util/FastDateFormat$TimeZoneDisplayKey.class already added, skipping
      [jar] org/jivesoftware/util/FastDateFormat$TimeZoneRule.class already added, skipping
      [jar] org/jivesoftware/util/FastDateFormat$TwelveHourField.class already added, skipping
      [jar] org/jivesoftware/util/FastDateFormat$TwentyFourHourField.class already added, skipping
      [jar] org/jivesoftware/util/FastDateFormat$TwoDigitMonthField.class already added, skipping
      [jar] org/jivesoftware/util/FastDateFormat$TwoDigitNumberField.class already added, skipping
      [jar] org/jivesoftware/util/FastDateFormat$TwoDigitYearField.class already added, skipping
      [jar] org/jivesoftware/util/FastDateFormat$UnpaddedMonthField.class already added, skipping
      [jar] org/jivesoftware/util/FastDateFormat$UnpaddedNumberField.class already added, skipping
      [jar] org/jivesoftware/util/FastDateFormat.class already added, skipping

openfireHome:
    [mkdir] Created dir: /home/travis/build/igniterealtime/Openfire/work/plugins

init:

anttasks:
    [javac] /home/travis/build/igniterealtime/Openfire/build/build.xml:1655: warning: 'includeantruntime' was not set, defaulting to build.sysclasspath=last; set to false for repeatable builds
    [javac] Compiling 1 source file to /home/travis/build/igniterealtime/Openfire/work/tools/classes
      [jar] Building jar: /home/travis/build/igniterealtime/Openfire/work/tools/ant-subdirtask.jar

-plugins-impl-dev:

-plugin-impl-dev-build:

-plugins-impl:
    [mkdir] Created dir: /home/travis/build/igniterealtime/Openfire/work/plugins-dev
    [mkdir] Created dir: /home/travis/build/igniterealtime/Openfire/work/plugins-dev/search
    [mkdir] Created dir: /home/travis/build/igniterealtime/Openfire/work/plugins-dev/search/target
    [mkdir] Created dir: /home/travis/build/igniterealtime/Openfire/work/plugins-dev/search/target/classes
    [javac] Compiling 1 source file to /home/travis/build/igniterealtime/Openfire/work/plugins-dev/search/target/classes
    [mkdir] Created dir: /home/travis/build/igniterealtime/Openfire/work/plugins-dev/search/target/lib
    [mkdir] Created dir: /home/travis/build/igniterealtime/Openfire/work/plugins-dev/search/work/lib/source
    [mkdir] Created dir: /home/travis/build/igniterealtime/Openfire/work/plugins-dev/search/work/lib/classes
      [jar] Building jar: /home/travis/build/igniterealtime/Openfire/work/plugins-dev/search/target/lib/plugin-search.jar
   [delete] Deleting directory /home/travis/build/igniterealtime/Openfire/work/plugins-dev/search/work/lib/classes
   [delete] Deleting directory /home/travis/build/igniterealtime/Openfire/work/plugins-dev/search/work/lib/source
    [mkdir] Created dir: /home/travis/build/igniterealtime/Openfire/work/plugins-dev/search/jar
     [copy] Copying 5 files to /home/travis/build/igniterealtime/Openfire/work/plugins-dev/search/jar
    [mkdir] Created dir: /home/travis/build/igniterealtime/Openfire/work/plugins-dev/search/target/jspc/java
    [mkdir] Created dir: /home/travis/build/igniterealtime/Openfire/work/plugins-dev/search/target/jspc/classes
     [copy] Copying 20 files to /home/travis/build/igniterealtime/Openfire/work/plugins-dev/search/target/web
  [jasper2] log4j:WARN No appenders could be found for logger (org.apache.jasper.JspC).
  [jasper2] log4j:WARN Please initialize the log4j system properly.
     [copy] Copying 1 file to /home/travis/build/igniterealtime/Openfire/work/plugins-dev/search/target/web/WEB-INF
    [javac] Compiling 2 source files to /home/travis/build/igniterealtime/Openfire/work/plugins-dev/search/target/jspc/classes
      [jar] Building jar: /home/travis/build/igniterealtime/Openfire/work/plugins-dev/search/target/lib/plugin-search-jspc.jar
  [pack200] Building: /home/travis/build/igniterealtime/Openfire/work/plugins-dev/search/target/lib/plugin-search-jspc.jar.pack
  [pack200] Packing with Pack200
  [pack200] Source File :/home/travis/build/igniterealtime/Openfire/work/plugins-dev/search/target/lib/plugin-search-jspc.jar
  [pack200] Dest.  File :/home/travis/build/igniterealtime/Openfire/work/plugins-dev/search/target/lib/plugin-search-jspc.jar.pack
  [pack200] Building: /home/travis/build/igniterealtime/Openfire/work/plugins-dev/search/target/lib/plugin-search.jar.pack
  [pack200] Packing with Pack200
  [pack200] Source File :/home/travis/build/igniterealtime/Openfire/work/plugins-dev/search/target/lib/plugin-search.jar
  [pack200] Dest.  File :/home/travis/build/igniterealtime/Openfire/work/plugins-dev/search/target/lib/plugin-search.jar.pack
     [copy] Copying 3 files to /home/travis/build/igniterealtime/Openfire/work/plugins-dev/search/jar
     [copy] Copying 11 files to /home/travis/build/igniterealtime/Openfire/work/plugins-dev/search/jar
     [copy] Copied 8 empty directories to 5 empty directories under /home/travis/build/igniterealtime/Openfire/work/plugins-dev/search/jar
      [jar] Building jar: /home/travis/build/igniterealtime/Openfire/work/plugins/search.jar
   [delete] Deleting directory /home/travis/build/igniterealtime/Openfire/work/plugins-dev/search/jar
    [mkdir] Created dir: /home/travis/build/igniterealtime/Openfire/work/plugins-dev/gojara
    [mkdir] Created dir: /home/travis/build/igniterealtime/Openfire/work/plugins-dev/gojara/target
    [mkdir] Created dir: /home/travis/build/igniterealtime/Openfire/work/plugins-dev/gojara/target/classes
    [javac] Compiling 26 source files to /home/travis/build/igniterealtime/Openfire/work/plugins-dev/gojara/target/classes
    [mkdir] Created dir: /home/travis/build/igniterealtime/Openfire/work/plugins-dev/gojara/target/lib
    [mkdir] Created dir: /home/travis/build/igniterealtime/Openfire/work/plugins-dev/gojara/work/lib/source
    [mkdir] Created dir: /home/travis/build/igniterealtime/Openfire/work/plugins-dev/gojara/work/lib/classes
      [jar] Building jar: /home/travis/build/igniterealtime/Openfire/work/plugins-dev/gojara/target/lib/plugin-gojara.jar
   [delete] Deleting directory /home/travis/build/igniterealtime/Openfire/work/plugins-dev/gojara/work/lib/classes
   [delete] Deleting directory /home/travis/build/igniterealtime/Openfire/work/plugins-dev/gojara/work/lib/source
     [copy] Copying 2 files to /home/travis/build/igniterealtime/Openfire/work/plugins-dev/gojara/target/lib
    [mkdir] Created dir: /home/travis/build/igniterealtime/Openfire/work/plugins-dev/gojara/jar
     [copy] Copying 5 files to /home/travis/build/igniterealtime/Openfire/work/plugins-dev/gojara/jar
    [mkdir] Created dir: /home/travis/build/igniterealtime/Openfire/work/plugins-dev/gojara/target/jspc/java
    [mkdir] Created dir: /home/travis/build/igniterealtime/Openfire/work/plugins-dev/gojara/target/jspc/classes
     [copy] Copying 39 files to /home/travis/build/igniterealtime/Openfire/work/plugins-dev/gojara/target/web
     [copy] Copying 1 file to /home/travis/build/igniterealtime/Openfire/work/plugins-dev/gojara/target/web/WEB-INF
    [javac] Compiling 6 source files to /home/travis/build/igniterealtime/Openfire/work/plugins-dev/gojara/target/jspc/classes
    [javac] Note: /home/travis/build/igniterealtime/Openfire/work/plugins-dev/gojara/target/jspc/java/org/jivesoftware/openfire/plugin/gojara/liveStats_jsp.java uses or overrides a deprecated API.
    [javac] Note: Recompile with -Xlint:deprecation for details.
      [jar] Building jar: /home/travis/build/igniterealtime/Openfire/work/plugins-dev/gojara/target/lib/plugin-gojara-jspc.jar
  [pack200] Building: /home/travis/build/igniterealtime/Openfire/work/plugins-dev/gojara/target/lib/json.jar.pack
  [pack200] Packing with Pack200
  [pack200] Source File :/home/travis/build/igniterealtime/Openfire/work/plugins-dev/gojara/target/lib/json.jar
  [pack200] Dest.  File :/home/travis/build/igniterealtime/Openfire/work/plugins-dev/gojara/target/lib/json.jar.pack
  [pack200] Building: /home/travis/build/igniterealtime/Openfire/work/plugins-dev/gojara/target/lib/plugin-gojara-jspc.jar.pack
  [pack200] Packing with Pack200
  [pack200] Source File :/home/travis/build/igniterealtime/Openfire/work/plugins-dev/gojara/target/lib/plugin-gojara-jspc.jar
  [pack200] Dest.  File :/home/travis/build/igniterealtime/Openfire/work/plugins-dev/gojara/target/lib/plugin-gojara-jspc.jar.pack
  [pack200] Building: /home/travis/build/igniterealtime/Openfire/work/plugins-dev/gojara/target/lib/plugin-gojara.jar.pack
  [pack200] Packing with Pack200
  [pack200] Source File :/home/travis/build/igniterealtime/Openfire/work/plugins-dev/gojara/target/lib/plugin-gojara.jar
  [pack200] Dest.  File :/home/travis/build/igniterealtime/Openfire/work/plugins-dev/gojara/target/lib/plugin-gojara.jar.pack
     [copy] Copying 5 files to /home/travis/build/igniterealtime/Openfire/work/plugins-dev/gojara/jar
     [copy] Copying 38 files to /home/travis/build/igniterealtime/Openfire/work/plugins-dev/gojara/jar
     [copy] Copied 23 empty directories to 14 empty directories under /home/travis/build/igniterealtime/Openfire/work/plugins-dev/gojara/jar
      [jar] Building jar: /home/travis/build/igniterealtime/Openfire/work/plugins/gojara.jar
   [delete] Deleting directory /home/travis/build/igniterealtime/Openfire/work/plugins-dev/gojara/jar
    [mkdir] Created dir: /home/travis/build/igniterealtime/Openfire/work/plugins-dev/kraken
    [mkdir] Created dir: /home/travis/build/igniterealtime/Openfire/work/plugins-dev/kraken/target
    [mkdir] Created dir: /home/travis/build/igniterealtime/Openfire/work/plugins-dev/kraken/target/classes
    [javac] Compiling 110 source files to /home/travis/build/igniterealtime/Openfire/work/plugins-dev/kraken/target/classes
    [javac] Note: Some input files use or override a deprecated API.
    [javac] Note: Recompile with -Xlint:deprecation for details.
    [javac] Note: Some input files use unchecked or unsafe operations.
    [javac] Note: Recompile with -Xlint:unchecked for details.
    [mkdir] Created dir: /home/travis/build/igniterealtime/Openfire/work/plugins-dev/kraken/target/lib
    [mkdir] Created dir: /home/travis/build/igniterealtime/Openfire/work/plugins-dev/kraken/work/lib/source
    [mkdir] Created dir: /home/travis/build/igniterealtime/Openfire/work/plugins-dev/kraken/work/lib/classes
      [jar] Building jar: /home/travis/build/igniterealtime/Openfire/work/plugins-dev/kraken/target/lib/plugin-kraken.jar
   [delete] Deleting directory /home/travis/build/igniterealtime/Openfire/work/plugins-dev/kraken/work/lib/classes
   [delete] Deleting directory /home/travis/build/igniterealtime/Openfire/work/plugins-dev/kraken/work/lib/source
     [copy] Copying 24 files to /home/travis/build/igniterealtime/Openfire/work/plugins-dev/kraken/target/lib
    [mkdir] Created dir: /home/travis/build/igniterealtime/Openfire/work/plugins-dev/kraken/jar
     [copy] Copying 6 files to /home/travis/build/igniterealtime/Openfire/work/plugins-dev/kraken/jar
    [mkdir] Created dir: /home/travis/build/igniterealtime/Openfire/work/plugins-dev/kraken/target/jspc/java
    [mkdir] Created dir: /home/travis/build/igniterealtime/Openfire/work/plugins-dev/kraken/target/jspc/classes
     [copy] Copying 80 files to /home/travis/build/igniterealtime/Openfire/work/plugins-dev/kraken/target/web
     [copy] Copying 1 file to /home/travis/build/igniterealtime/Openfire/work/plugins-dev/kraken/target/web/WEB-INF
    [javac] Compiling 4 source files to /home/travis/build/igniterealtime/Openfire/work/plugins-dev/kraken/target/jspc/classes
    [javac] Note: /home/travis/build/igniterealtime/Openfire/work/plugins-dev/kraken/target/jspc/java/org/jivesoftware/openfire/plugin/kraken/kraken_002dregistrations_jsp.java uses unchecked or unsafe operations.
    [javac] Note: Recompile with -Xlint:unchecked for details.
      [jar] Building jar: /home/travis/build/igniterealtime/Openfire/work/plugins-dev/kraken/target/lib/plugin-kraken-jspc.jar
  [pack200] Building: /home/travis/build/igniterealtime/Openfire/work/plugins-dev/kraken/target/lib/concurrent.jar.pack
  [pack200] Packing with Pack200
  [pack200] Source File :/home/travis/build/igniterealtime/Openfire/work/plugins-dev/kraken/target/lib/concurrent.jar
  [pack200] Dest.  File :/home/travis/build/igniterealtime/Openfire/work/plugins-dev/kraken/target/lib/concurrent.jar.pack
  [pack200] Building: /home/travis/build/igniterealtime/Openfire/work/plugins-dev/kraken/target/lib/dwr.jar.pack
  [pack200] Packing with Pack200
  [pack200] Source File :/home/travis/build/igniterealtime/Openfire/work/plugins-dev/kraken/target/lib/dwr.jar
  [pack200] Dest.  File :/home/travis/build/igniterealtime/Openfire/work/plugins-dev/kraken/target/lib/dwr.jar.pack
  [pack200] Building: /home/travis/build/igniterealtime/Openfire/work/plugins-dev/kraken/target/lib/httpclient.jar.pack
  [pack200] Packing with Pack200
  [pack200] Source File :/home/travis/build/igniterealtime/Openfire/work/plugins-dev/kraken/target/lib/httpclient.jar
  [pack200] Dest.  File :/home/travis/build/igniterealtime/Openfire/work/plugins-dev/kraken/target/lib/httpclient.jar.pack
  [pack200] Building: /home/travis/build/igniterealtime/Openfire/work/plugins-dev/kraken/target/lib/httpcore.jar.pack
  [pack200] Packing with Pack200
  [pack200] Source File :/home/travis/build/igniterealtime/Openfire/work/plugins-dev/kraken/target/lib/httpcore.jar
  [pack200] Dest.  File :/home/travis/build/igniterealtime/Openfire/work/plugins-dev/kraken/target/lib/httpcore.jar.pack
  [pack200] Building: /home/travis/build/igniterealtime/Openfire/work/plugins-dev/kraken/target/lib/jainsipapi.jar.pack
  [pack200] Packing with Pack200
  [pack200] Source File :/home/travis/build/igniterealtime/Openfire/work/plugins-dev/kraken/target/lib/jainsipapi.jar
  [pack200] Dest.  File :/home/travis/build/igniterealtime/Openfire/work/plugins-dev/kraken/target/lib/jainsipapi.jar.pack
  [pack200] Building: /home/travis/build/igniterealtime/Openfire/work/plugins-dev/kraken/target/lib/jainsipri.jar.pack
  [pack200] Packing with Pack200
  [pack200] Source File :/home/travis/build/igniterealtime/Openfire/work/plugins-dev/kraken/target/lib/jainsipri.jar
  [pack200] Dest.  File :/home/travis/build/igniterealtime/Openfire/work/plugins-dev/kraken/target/lib/jainsipri.jar.pack
  [pack200] Building: /home/travis/build/igniterealtime/Openfire/work/plugins-dev/kraken/target/lib/jakarta-regexp.jar.pack
  [pack200] Packing with Pack200
  [pack200] Source File :/home/travis/build/igniterealtime/Openfire/work/plugins-dev/kraken/target/lib/jakarta-regexp.jar
  [pack200] Dest.  File :/home/travis/build/igniterealtime/Openfire/work/plugins-dev/kraken/target/lib/jakarta-regexp.jar.pack
  [pack200] Building: /home/travis/build/igniterealtime/Openfire/work/plugins-dev/kraken/target/lib/jcip-annotations.jar.pack
  [pack200] Packing with Pack200
  [pack200] Source File :/home/travis/build/igniterealtime/Openfire/work/plugins-dev/kraken/target/lib/jcip-annotations.jar
  [pack200] Dest.  File :/home/travis/build/igniterealtime/Openfire/work/plugins-dev/kraken/target/lib/jcip-annotations.jar.pack
  [pack200] Building: /home/travis/build/igniterealtime/Openfire/work/plugins-dev/kraken/target/lib/jggapi.jar.pack
  [pack200] Packing with Pack200
  [pack200] Source File :/home/travis/build/igniterealtime/Openfire/work/plugins-dev/kraken/target/lib/jggapi.jar
  [pack200] Dest.  File :/home/travis/build/igniterealtime/Openfire/work/plugins-dev/kraken/target/lib/jggapi.jar.pack
  [pack200] Building: /home/travis/build/igniterealtime/Openfire/work/plugins-dev/kraken/target/lib/jml.jar.pack
  [pack200] Packing with Pack200
  [pack200] Source File :/home/travis/build/igniterealtime/Openfire/work/plugins-dev/kraken/target/lib/jml.jar
  [pack200] Dest.  File :/home/travis/build/igniterealtime/Openfire/work/plugins-dev/kraken/target/lib/jml.jar.pack
  [pack200] Building: /home/travis/build/igniterealtime/Openfire/work/plugins-dev/kraken/target/lib/joscar-common.jar.pack
  [pack200] Packing with Pack200
  [pack200] Source File :/home/travis/build/igniterealtime/Openfire/work/plugins-dev/kraken/target/lib/joscar-common.jar
  [pack200] Dest.  File :/home/travis/build/igniterealtime/Openfire/work/plugins-dev/kraken/target/lib/joscar-common.jar.pack
  [pack200] Building: /home/travis/build/igniterealtime/Openfire/work/plugins-dev/kraken/target/lib/joscar-protocol.jar.pack
  [pack200] Packing with Pack200
  [pack200] Source File :/home/travis/build/igniterealtime/Openfire/work/plugins-dev/kraken/target/lib/joscar-protocol.jar
  [pack200] Dest.  File :/home/travis/build/igniterealtime/Openfire/work/plugins-dev/kraken/target/lib/joscar-protocol.jar.pack
  [pack200] Building: /home/travis/build/igniterealtime/Openfire/work/plugins-dev/kraken/target/lib/jqql.jar.pack
  [pack200] Packing with Pack200
  [pack200] Source File :/home/travis/build/igniterealtime/Openfire/work/plugins-dev/kraken/target/lib/jqql.jar
  [pack200] Dest.  File :/home/travis/build/igniterealtime/Openfire/work/plugins-dev/kraken/target/lib/jqql.jar.pack
  [pack200] Building: /home/travis/build/igniterealtime/Openfire/work/plugins-dev/kraken/target/lib/jsocks.jar.pack
  [pack200] Packing with Pack200
  [pack200] Source File :/home/travis/build/igniterealtime/Openfire/work/plugins-dev/kraken/target/lib/jsocks.jar
  [pack200] Dest.  File :/home/travis/build/igniterealtime/Openfire/work/plugins-dev/kraken/target/lib/jsocks.jar.pack
  [pack200] Building: /home/travis/build/igniterealtime/Openfire/work/plugins-dev/kraken/target/lib/json.jar.pack
  [pack200] Packing with Pack200
  [pack200] Source File :/home/travis/build/igniterealtime/Openfire/work/plugins-dev/kraken/target/lib/json.jar
  [pack200] Dest.  File :/home/travis/build/igniterealtime/Openfire/work/plugins-dev/kraken/target/lib/json.jar.pack
  [pack200] Building: /home/travis/build/igniterealtime/Openfire/work/plugins-dev/kraken/target/lib/martyr.jar.pack
  [pack200] Packing with Pack200
  [pack200] Source File :/home/travis/build/igniterealtime/Openfire/work/plugins-dev/kraken/target/lib/martyr.jar
  [pack200] Dest.  File :/home/travis/build/igniterealtime/Openfire/work/plugins-dev/kraken/target/lib/martyr.jar.pack
  [pack200] Building: /home/travis/build/igniterealtime/Openfire/work/plugins-dev/kraken/target/lib/msim.jar.pack
  [pack200] Packing with Pack200
  [pack200] Source File :/home/travis/build/igniterealtime/Openfire/work/plugins-dev/kraken/target/lib/msim.jar
  [pack200] Dest.  File :/home/travis/build/igniterealtime/Openfire/work/plugins-dev/kraken/target/lib/msim.jar.pack
  [pack200] Building: /home/travis/build/igniterealtime/Openfire/work/plugins-dev/kraken/target/lib/openymsg.jar.pack
  [pack200] Packing with Pack200
  [pack200] Source File :/home/travis/build/igniterealtime/Openfire/work/plugins-dev/kraken/target/lib/openymsg.jar
  [pack200] Dest.  File :/home/travis/build/igniterealtime/Openfire/work/plugins-dev/kraken/target/lib/openymsg.jar.pack
  [pack200] Building: /home/travis/build/igniterealtime/Openfire/work/plugins-dev/kraken/target/lib/plugin-kraken-jspc.jar.pack
  [pack200] Packing with Pack200
  [pack200] Source File :/home/travis/build/igniterealtime/Openfire/work/plugins-dev/kraken/target/lib/plugin-kraken-jspc.jar
  [pack200] Dest.  File :/home/travis/build/igniterealtime/Openfire/work/plugins-dev/kraken/target/lib/plugin-kraken-jspc.jar.pack
  [pack200] Building: /home/travis/build/igniterealtime/Openfire/work/plugins-dev/kraken/target/lib/plugin-kraken.jar.pack
  [pack200] Packing with Pack200
  [pack200] Source File :/home/travis/build/igniterealtime/Openfire/work/plugins-dev/kraken/target/lib/plugin-kraken.jar
  [pack200] Dest.  File :/home/travis/build/igniterealtime/Openfire/work/plugins-dev/kraken/target/lib/plugin-kraken.jar.pack
  [pack200] Building: /home/travis/build/igniterealtime/Openfire/work/plugins-dev/kraken/target/lib/smack.jar.pack
  [pack200] Packing with Pack200
  [pack200] Source File :/home/travis/build/igniterealtime/Openfire/work/plugins-dev/kraken/target/lib/smack.jar
  [pack200] Dest.  File :/home/travis/build/igniterealtime/Openfire/work/plugins-dev/kraken/target/lib/smack.jar.pack
  [pack200] Building: /home/travis/build/igniterealtime/Openfire/work/plugins-dev/kraken/target/lib/smackx.jar.pack
  [pack200] Packing with Pack200
  [pack200] Source File :/home/travis/build/igniterealtime/Openfire/work/plugins-dev/kraken/target/lib/smackx.jar
  [pack200] Dest.  File :/home/travis/build/igniterealtime/Openfire/work/plugins-dev/kraken/target/lib/smackx.jar.pack
  [pack200] Building: /home/travis/build/igniterealtime/Openfire/work/plugins-dev/kraken/target/lib/stcomm.jar.pack
  [pack200] Packing with Pack200
  [pack200] Source File :/home/travis/build/igniterealtime/Openfire/work/plugins-dev/kraken/target/lib/stcomm.jar
  [pack200] Dest.  File :/home/travis/build/igniterealtime/Openfire/work/plugins-dev/kraken/target/lib/stcomm.jar.pack
  [pack200] Nov 17, 2016 10:24:25 PM com.sun.java.util.jar.pack.Utils$Pack200Logger warning
  [pack200] WARNING: Passing class file uncompressed due to unrecognized attribute: com/lotus/sametime/announcementui/AnnouncementDialog.class
  [pack200] Nov 17, 2016 10:24:25 PM com.sun.java.util.jar.pack.Utils$Pack200Logger warning
  [pack200] WARNING: Passing class file uncompressed due to unrecognized attribute: com/lotus/sametime/announcementui/AnnouncementUIComp.class
  [pack200] Nov 17, 2016 10:24:25 PM com.sun.java.util.jar.pack.Utils$Pack200Logger warning
  [pack200] WARNING: Passing class file uncompressed due to unrecognized attribute: com/lotus/sametime/announcementui/SendAnnouncementDialog.class
  [pack200] Nov 17, 2016 10:24:25 PM com.sun.java.util.jar.pack.Utils$Pack200Logger warning
  [pack200] WARNING: Passing class file uncompressed due to unrecognized attribute: com/lotus/sametime/chatui/ChatFrame.class
  [pack200] Nov 17, 2016 10:24:25 PM com.sun.java.util.jar.pack.Utils$Pack200Logger warning
  [pack200] WARNING: Passing class file uncompressed due to unrecognized attribute: com/lotus/sametime/chatui/UpgradeDialog.class
  [pack200] Nov 17, 2016 10:24:25 PM com.sun.java.util.jar.pack.Utils$Pack200Logger warning
  [pack200] WARNING: Passing class file uncompressed due to unrecognized attribute: com/lotus/sametime/chatui/conf/ConfPanel.class
  [pack200] Nov 17, 2016 10:24:25 PM com.sun.java.util.jar.pack.Utils$Pack200Logger warning
  [pack200] WARNING: Passing class file uncompressed due to unrecognized attribute: com/lotus/sametime/chatui/invitation/InviteDialog.class
  [pack200] Nov 17, 2016 10:24:25 PM com.sun.java.util.jar.pack.Utils$Pack200Logger warning
  [pack200] WARNING: Passing class file uncompressed due to unrecognized attribute: com/lotus/sametime/commui/PrivacyDialog.class
  [pack200] Nov 17, 2016 10:24:25 PM com.sun.java.util.jar.pack.Utils$Pack200Logger warning
  [pack200] WARNING: Passing class file uncompressed due to unrecognized attribute: com/lotus/sametime/commui/PrivacyPanel.class
  [pack200] Nov 17, 2016 10:24:25 PM com.sun.java.util.jar.pack.Utils$Pack200Logger warning
  [pack200] WARNING: Passing class file uncompressed due to unrecognized attribute: com/lotus/sametime/commui/ResolveFrame.class
  [pack200] Nov 17, 2016 10:24:26 PM com.sun.java.util.jar.pack.Utils$Pack200Logger warning
  [pack200] WARNING: Passing class file uncompressed due to unrecognized attribute: com/lotus/sametime/core/util/b.class
  [pack200] Nov 17, 2016 10:24:26 PM com.sun.java.util.jar.pack.Utils$Pack200Logger warning
  [pack200] WARNING: Passing class file uncompressed due to unrecognized attribute: com/lotus/sametime/directoryui/DirectoryPanel.class
  [pack200] Nov 17, 2016 10:24:26 PM com.sun.java.util.jar.pack.Utils$Pack200Logger warning
  [pack200] WARNING: Passing class file uncompressed due to unrecognized attribute: com/lotus/sametime/filetransferui/FileTransferStatusDialog.class
  [pack200] Nov 17, 2016 10:24:26 PM com.sun.java.util.jar.pack.Utils$Pack200Logger warning
  [pack200] WARNING: Passing class file uncompressed due to unrecognized attribute: com/lotus/sametime/filetransferui/FileTransferUIComp.class
  [pack200] Nov 17, 2016 10:24:26 PM com.sun.java.util.jar.pack.Utils$Pack200Logger warning
  [pack200] WARNING: Passing class file uncompressed due to unrecognized attribute: com/lotus/sametime/filetransferui/ReceiveFileDialog.class
  [pack200] Nov 17, 2016 10:24:26 PM com.sun.java.util.jar.pack.Utils$Pack200Logger warning
  [pack200] WARNING: Passing class file uncompressed due to unrecognized attribute: com/lotus/sametime/filetransferui/SendFileDialog.class
  [pack200] Nov 17, 2016 10:24:26 PM com.sun.java.util.jar.pack.Utils$Pack200Logger warning
  [pack200] WARNING: Passing class file uncompressed due to unrecognized attribute: com/lotus/sametime/guiutils/tree/McTitleView.class
  [pack200] Building: /home/travis/build/igniterealtime/Openfire/work/plugins-dev/kraken/target/lib/xmlrpc.jar.pack
  [pack200] Packing with Pack200
  [pack200] Source File :/home/travis/build/igniterealtime/Openfire/work/plugins-dev/kraken/target/lib/xmlrpc.jar
  [pack200] Dest.  File :/home/travis/build/igniterealtime/Openfire/work/plugins-dev/kraken/target/lib/xmlrpc.jar.pack
     [copy] Copying 26 files to /home/travis/build/igniterealtime/Openfire/work/plugins-dev/kraken/jar
     [copy] Copying 166 files to /home/travis/build/igniterealtime/Openfire/work/plugins-dev/kraken/jar
     [copy] Copied 49 empty directories to 29 empty directories under /home/travis/build/igniterealtime/Openfire/work/plugins-dev/kraken/jar
      [jar] Building jar: /home/travis/build/igniterealtime/Openfire/work/plugins/kraken.jar
   [delete] Deleting directory /home/travis/build/igniterealtime/Openfire/work/plugins-dev/kraken/jar
    [mkdir] Created dir: /home/travis/build/igniterealtime/Openfire/work/plugins-dev/userCreation
    [mkdir] Created dir: /home/travis/build/igniterealtime/Openfire/work/plugins-dev/userCreation/target
    [mkdir] Created dir: /home/travis/build/igniterealtime/Openfire/work/plugins-dev/userCreation/target/classes
    [javac] Compiling 1 source file to /home/travis/build/igniterealtime/Openfire/work/plugins-dev/userCreation/target/classes
    [javac] Note: /home/travis/build/igniterealtime/Openfire/src/plugins/userCreation/src/java/org/jivesoftware/openfire/plugin/UserCreationPlugin.java uses or overrides a deprecated API.
    [javac] Note: Recompile with -Xlint:deprecation for details.
    [mkdir] Created dir: /home/travis/build/igniterealtime/Openfire/work/plugins-dev/userCreation/target/lib
    [mkdir] Created dir: /home/travis/build/igniterealtime/Openfire/work/plugins-dev/userCreation/work/lib/source
    [mkdir] Created dir: /home/travis/build/igniterealtime/Openfire/work/plugins-dev/userCreation/work/lib/classes
      [jar] Building jar: /home/travis/build/igniterealtime/Openfire/work/plugins-dev/userCreation/target/lib/plugin-userCreation.jar
   [delete] Deleting directory /home/travis/build/igniterealtime/Openfire/work/plugins-dev/userCreation/work/lib/classes
   [delete] Deleting directory /home/travis/build/igniterealtime/Openfire/work/plugins-dev/userCreation/work/lib/source
    [mkdir] Created dir: /home/travis/build/igniterealtime/Openfire/work/plugins-dev/userCreation/jar
     [copy] Copying 2 files to /home/travis/build/igniterealtime/Openfire/work/plugins-dev/userCreation/jar
    [mkdir] Created dir: /home/travis/build/igniterealtime/Openfire/work/plugins-dev/userCreation/target/jspc/java
    [mkdir] Created dir: /home/travis/build/igniterealtime/Openfire/work/plugins-dev/userCreation/target/jspc/classes
     [copy] Copying 11 files to /home/travis/build/igniterealtime/Openfire/work/plugins-dev/userCreation/target/web
     [copy] Copying 1 file to /home/travis/build/igniterealtime/Openfire/work/plugins-dev/userCreation/target/web/WEB-INF
    [javac] Compiling 1 source file to /home/travis/build/igniterealtime/Openfire/work/plugins-dev/userCreation/target/jspc/classes
      [jar] Building jar: /home/travis/build/igniterealtime/Openfire/work/plugins-dev/userCreation/target/lib/plugin-userCreation-jspc.jar
  [pack200] Building: /home/travis/build/igniterealtime/Openfire/work/plugins-dev/userCreation/target/lib/plugin-userCreation-jspc.jar.pack
  [pack200] Packing with Pack200
  [pack200] Source File :/home/travis/build/igniterealtime/Openfire/work/plugins-dev/userCreation/target/lib/plugin-userCreation-jspc.jar
  [pack200] Dest.  File :/home/travis/build/igniterealtime/Openfire/work/plugins-dev/userCreation/target/lib/plugin-userCreation-jspc.jar.pack
  [pack200] Building: /home/travis/build/igniterealtime/Openfire/work/plugins-dev/userCreation/target/lib/plugin-userCreation.jar.pack
  [pack200] Packing with Pack200
  [pack200] Source File :/home/travis/build/igniterealtime/Openfire/work/plugins-dev/userCreation/target/lib/plugin-userCreation.jar
  [pack200] Dest.  File :/home/travis/build/igniterealtime/Openfire/work/plugins-dev/userCreation/target/lib/plugin-userCreation.jar.pack
     [copy] Copying 3 files to /home/travis/build/igniterealtime/Openfire/work/plugins-dev/userCreation/jar
     [copy] Copied 6 empty directories to 5 empty directories under /home/travis/build/igniterealtime/Openfire/work/plugins-dev/userCreation/jar
      [jar] Building jar: /home/travis/build/igniterealtime/Openfire/work/plugins/userCreation.jar
   [delete] Deleting directory /home/travis/build/igniterealtime/Openfire/work/plugins-dev/userCreation/jar
    [mkdir] Created dir: /home/travis/build/igniterealtime/Openfire/work/plugins-dev/monitoring
    [mkdir] Created dir: /home/travis/build/igniterealtime/Openfire/work/plugins-dev/monitoring/target
    [mkdir] Created dir: /home/travis/build/igniterealtime/Openfire/work/plugins-dev/monitoring/target/classes
    [javac] Compiling 60 source files to /home/travis/build/igniterealtime/Openfire/work/plugins-dev/monitoring/target/classes
    [javac] Note: Some input files use or override a deprecated API.
    [javac] Note: Recompile with -Xlint:deprecation for details.
    [javac] Note: Some input files use unchecked or unsafe operations.
    [javac] Note: Recompile with -Xlint:unchecked for details.
    [mkdir] Created dir: /home/travis/build/igniterealtime/Openfire/work/plugins-dev/monitoring/target/lib
    [mkdir] Created dir: /home/travis/build/igniterealtime/Openfire/work/plugins-dev/monitoring/work/lib/source
    [mkdir] Created dir: /home/travis/build/igniterealtime/Openfire/work/plugins-dev/monitoring/work/lib/classes
      [jar] Building jar: /home/travis/build/igniterealtime/Openfire/work/plugins-dev/monitoring/target/lib/plugin-monitoring.jar
   [delete] Deleting directory /home/travis/build/igniterealtime/Openfire/work/plugins-dev/monitoring/work/lib/classes
   [delete] Deleting directory /home/travis/build/igniterealtime/Openfire/work/plugins-dev/monitoring/work/lib/source
     [copy] Copying 7 files to /home/travis/build/igniterealtime/Openfire/work/plugins-dev/monitoring/target/lib
    [mkdir] Created dir: /home/travis/build/igniterealtime/Openfire/work/plugins-dev/monitoring/jar
     [copy] Copying 5 files to /home/travis/build/igniterealtime/Openfire/work/plugins-dev/monitoring/jar
    [mkdir] Created dir: /home/travis/build/igniterealtime/Openfire/work/plugins-dev/monitoring/target/jspc/java
    [mkdir] Created dir: /home/travis/build/igniterealtime/Openfire/work/plugins-dev/monitoring/target/jspc/classes
     [copy] Copying 48 files to /home/travis/build/igniterealtime/Openfire/work/plugins-dev/monitoring/target/web
     [copy] Copying 1 file to /home/travis/build/igniterealtime/Openfire/work/plugins-dev/monitoring/target/web/WEB-INF
    [javac] Compiling 8 source files to /home/travis/build/igniterealtime/Openfire/work/plugins-dev/monitoring/target/jspc/classes
    [javac] Note: Some input files use or override a deprecated API.
    [javac] Note: Recompile with -Xlint:deprecation for details.
    [javac] Note: /home/travis/build/igniterealtime/Openfire/work/plugins-dev/monitoring/target/jspc/java/org/jivesoftware/openfire/plugin/monitoring/archiving_002dsettings_jsp.java uses unchecked or unsafe operations.
    [javac] Note: Recompile with -Xlint:unchecked for details.
      [jar] Building jar: /home/travis/build/igniterealtime/Openfire/work/plugins-dev/monitoring/target/lib/plugin-monitoring-jspc.jar
  [pack200] Building: /home/travis/build/igniterealtime/Openfire/work/plugins-dev/monitoring/target/lib/dwr.jar.pack
  [pack200] Packing with Pack200
  [pack200] Source File :/home/travis/build/igniterealtime/Openfire/work/plugins-dev/monitoring/target/lib/dwr.jar
  [pack200] Dest.  File :/home/travis/build/igniterealtime/Openfire/work/plugins-dev/monitoring/target/lib/dwr.jar.pack
  [pack200] Building: /home/travis/build/igniterealtime/Openfire/work/plugins-dev/monitoring/target/lib/itext.jar.pack
  [pack200] Packing with Pack200
  [pack200] Source File :/home/travis/build/igniterealtime/Openfire/work/plugins-dev/monitoring/target/lib/itext.jar
  [pack200] Dest.  File :/home/travis/build/igniterealtime/Openfire/work/plugins-dev/monitoring/target/lib/itext.jar.pack
  [pack200] Building: /home/travis/build/igniterealtime/Openfire/work/plugins-dev/monitoring/target/lib/jcommon.jar.pack
  [pack200] Packing with Pack200
  [pack200] Source File :/home/travis/build/igniterealtime/Openfire/work/plugins-dev/monitoring/target/lib/jcommon.jar
  [pack200] Dest.  File :/home/travis/build/igniterealtime/Openfire/work/plugins-dev/monitoring/target/lib/jcommon.jar.pack
  [pack200] Building: /home/travis/build/igniterealtime/Openfire/work/plugins-dev/monitoring/target/lib/jfreechart.jar.pack
  [pack200] Packing with Pack200
  [pack200] Source File :/home/travis/build/igniterealtime/Openfire/work/plugins-dev/monitoring/target/lib/jfreechart.jar
  [pack200] Dest.  File :/home/travis/build/igniterealtime/Openfire/work/plugins-dev/monitoring/target/lib/jfreechart.jar.pack
  [pack200] Building: /home/travis/build/igniterealtime/Openfire/work/plugins-dev/monitoring/target/lib/jrobin.jar.pack
  [pack200] Packing with Pack200
  [pack200] Source File :/home/travis/build/igniterealtime/Openfire/work/plugins-dev/monitoring/target/lib/jrobin.jar
  [pack200] Dest.  File :/home/travis/build/igniterealtime/Openfire/work/plugins-dev/monitoring/target/lib/jrobin.jar.pack
  [pack200] Building: /home/travis/build/igniterealtime/Openfire/work/plugins-dev/monitoring/target/lib/lucene.jar.pack
  [pack200] Packing with Pack200
  [pack200] Source File :/home/travis/build/igniterealtime/Openfire/work/plugins-dev/monitoring/target/lib/lucene.jar
  [pack200] Dest.  File :/home/travis/build/igniterealtime/Openfire/work/plugins-dev/monitoring/target/lib/lucene.jar.pack
  [pack200] Building: /home/travis/build/igniterealtime/Openfire/work/plugins-dev/monitoring/target/lib/picocontainer.jar.pack
  [pack200] Packing with Pack200
  [pack200] Source File :/home/travis/build/igniterealtime/Openfire/work/plugins-dev/monitoring/target/lib/picocontainer.jar
  [pack200] Dest.  File :/home/travis/build/igniterealtime/Openfire/work/plugins-dev/monitoring/target/lib/picocontainer.jar.pack
  [pack200] Building: /home/travis/build/igniterealtime/Openfire/work/plugins-dev/monitoring/target/lib/plugin-monitoring-jspc.jar.pack
  [pack200] Packing with Pack200
  [pack200] Source File :/home/travis/build/igniterealtime/Openfire/work/plugins-dev/monitoring/target/lib/plugin-monitoring-jspc.jar
  [pack200] Dest.  File :/home/travis/build/igniterealtime/Openfire/work/plugins-dev/monitoring/target/lib/plugin-monitoring-jspc.jar.pack
  [pack200] Building: /home/travis/build/igniterealtime/Openfire/work/plugins-dev/monitoring/target/lib/plugin-monitoring.jar.pack
  [pack200] Packing with Pack200
  [pack200] Source File :/home/travis/build/igniterealtime/Openfire/work/plugins-dev/monitoring/target/lib/plugin-monitoring.jar
  [pack200] Dest.  File :/home/travis/build/igniterealtime/Openfire/work/plugins-dev/monitoring/target/lib/plugin-monitoring.jar.pack
     [copy] Copying 11 files to /home/travis/build/igniterealtime/Openfire/work/plugins-dev/monitoring/jar
     [copy] Copying 60 files to /home/travis/build/igniterealtime/Openfire/work/plugins-dev/monitoring/jar
     [copy] Copied 34 empty directories to 22 empty directories under /home/travis/build/igniterealtime/Openfire/work/plugins-dev/monitoring/jar
      [jar] Building jar: /home/travis/build/igniterealtime/Openfire/work/plugins/monitoring.jar
   [delete] Deleting directory /home/travis/build/igniterealtime/Openfire/work/plugins-dev/monitoring/jar
    [mkdir] Created dir: /home/travis/build/igniterealtime/Openfire/work/plugins-dev/jitsivideobridge
    [mkdir] Created dir: /home/travis/build/igniterealtime/Openfire/work/plugins-dev/jitsivideobridge/target
    [mkdir] Created dir: /home/travis/build/igniterealtime/Openfire/work/plugins-dev/jitsivideobridge/target/classes
    [javac] Compiling 122 source files to /home/travis/build/igniterealtime/Openfire/work/plugins-dev/jitsivideobridge/target/classes
    [javac] Note: Some input files use or override a deprecated API.
    [javac] Note: Recompile with -Xlint:deprecation for details.
    [javac] Note: Some input files use unchecked or unsafe operations.
    [javac] Note: Recompile with -Xlint:unchecked for details.
    [mkdir] Created dir: /home/travis/build/igniterealtime/Openfire/work/plugins-dev/jitsivideobridge/target/lib
    [mkdir] Created dir: /home/travis/build/igniterealtime/Openfire/work/plugins-dev/jitsivideobridge/work/lib/source
    [mkdir] Created dir: /home/travis/build/igniterealtime/Openfire/work/plugins-dev/jitsivideobridge/work/lib/classes
      [jar] Building jar: /home/travis/build/igniterealtime/Openfire/work/plugins-dev/jitsivideobridge/target/lib/plugin-jitsivideobridge.jar
   [delete] Deleting directory /home/travis/build/igniterealtime/Openfire/work/plugins-dev/jitsivideobridge/work/lib/classes
   [delete] Deleting directory /home/travis/build/igniterealtime/Openfire/work/plugins-dev/jitsivideobridge/work/lib/source
     [copy] Copying 43 files to /home/travis/build/igniterealtime/Openfire/work/plugins-dev/jitsivideobridge/target/lib
    [mkdir] Created dir: /home/travis/build/igniterealtime/Openfire/work/plugins-dev/jitsivideobridge/jar
     [copy] Copying 5 files to /home/travis/build/igniterealtime/Openfire/work/plugins-dev/jitsivideobridge/jar
    [mkdir] Created dir: /home/travis/build/igniterealtime/Openfire/work/plugins-dev/jitsivideobridge/target/jspc/java
    [mkdir] Created dir: /home/travis/build/igniterealtime/Openfire/work/plugins-dev/jitsivideobridge/target/jspc/classes
     [copy] Copying 11 files to /home/travis/build/igniterealtime/Openfire/work/plugins-dev/jitsivideobridge/target/web
     [copy] Copying 1 file to /home/travis/build/igniterealtime/Openfire/work/plugins-dev/jitsivideobridge/target/web/WEB-INF
    [javac] Compiling 1 source file to /home/travis/build/igniterealtime/Openfire/work/plugins-dev/jitsivideobridge/target/jspc/classes
      [jar] Building jar: /home/travis/build/igniterealtime/Openfire/work/plugins-dev/jitsivideobridge/target/lib/plugin-jitsivideobridge-jspc.jar
  [pack200] Building: /home/travis/build/igniterealtime/Openfire/work/plugins-dev/jitsivideobridge/target/lib/bccontrib.jar.pack
  [pack200] Packing with Pack200
  [pack200] Source File :/home/travis/build/igniterealtime/Openfire/work/plugins-dev/jitsivideobridge/target/lib/bccontrib.jar
  [pack200] Dest.  File :/home/travis/build/igniterealtime/Openfire/work/plugins-dev/jitsivideobridge/target/lib/bccontrib.jar.pack
  [pack200] Building: /home/travis/build/igniterealtime/Openfire/work/plugins-dev/jitsivideobridge/target/lib/classmate-0.8.0.jar.pack
  [pack200] Packing with Pack200
  [pack200] Source File :/home/travis/build/igniterealtime/Openfire/work/plugins-dev/jitsivideobridge/target/lib/classmate-0.8.0.jar
  [pack200] Dest.  File :/home/travis/build/igniterealtime/Openfire/work/plugins-dev/jitsivideobridge/target/lib/classmate-0.8.0.jar.pack
  [pack200] Building: /home/travis/build/igniterealtime/Openfire/work/plugins-dev/jitsivideobridge/target/lib/concurrentlinkedhashmap-lru.jar.pack
  [pack200] Packing with Pack200
  [pack200] Source File :/home/travis/build/igniterealtime/Openfire/work/plugins-dev/jitsivideobridge/target/lib/concurrentlinkedhashmap-lru.jar
  [pack200] Dest.  File :/home/travis/build/igniterealtime/Openfire/work/plugins-dev/jitsivideobridge/target/lib/concurrentlinkedhashmap-lru.jar.pack
  [pack200] Building: /home/travis/build/igniterealtime/Openfire/work/plugins-dev/jitsivideobridge/target/lib/configuration.jar.pack
  [pack200] Packing with Pack200
  [pack200] Source File :/home/travis/build/igniterealtime/Openfire/work/plugins-dev/jitsivideobridge/target/lib/configuration.jar
  [pack200] Dest.  File :/home/travis/build/igniterealtime/Openfire/work/plugins-dev/jitsivideobridge/target/lib/configuration.jar.pack
  [pack200] Building: /home/travis/build/igniterealtime/Openfire/work/plugins-dev/jitsivideobridge/target/lib/dns.jar.pack
  [pack200] Packing with Pack200
  [pack200] Source File :/home/travis/build/igniterealtime/Openfire/work/plugins-dev/jitsivideobridge/target/lib/dns.jar
  [pack200] Dest.  File :/home/travis/build/igniterealtime/Openfire/work/plugins-dev/jitsivideobridge/target/lib/dns.jar.pack
  [pack200] Building: /home/travis/build/igniterealtime/Openfire/work/plugins-dev/jitsivideobridge/target/lib/dnsservice.jar.pack
  [pack200] Packing with Pack200
  [pack200] Source File :/home/travis/build/igniterealtime/Openfire/work/plugins-dev/jitsivideobridge/target/lib/dnsservice.jar
  [pack200] Dest.  File :/home/travis/build/igniterealtime/Openfire/work/plugins-dev/jitsivideobridge/target/lib/dnsservice.jar.pack
  [pack200] Building: /home/travis/build/igniterealtime/Openfire/work/plugins-dev/jitsivideobridge/target/lib/dom4j.jar.pack
  [pack200] Packing with Pack200
  [pack200] Source File :/home/travis/build/igniterealtime/Openfire/work/plugins-dev/jitsivideobridge/target/lib/dom4j.jar
  [pack200] Dest.  File :/home/travis/build/igniterealtime/Openfire/work/plugins-dev/jitsivideobridge/target/lib/dom4j.jar.pack
  [pack200] Building: /home/travis/build/igniterealtime/Openfire/work/plugins-dev/jitsivideobridge/target/lib/fileaccess.jar.pack
  [pack200] Packing with Pack200
  [pack200] Source File :/home/travis/build/igniterealtime/Openfire/work/plugins-dev/jitsivideobridge/target/lib/fileaccess.jar
  [pack200] Dest.  File :/home/travis/build/igniterealtime/Openfire/work/plugins-dev/jitsivideobridge/target/lib/fileaccess.jar.pack
  [pack200] Building: /home/travis/build/igniterealtime/Openfire/work/plugins-dev/jitsivideobridge/target/lib/hibernate-validator-5.0.1.Final.jar.pack
  [pack200] Packing with Pack200
  [pack200] Source File :/home/travis/build/igniterealtime/Openfire/work/plugins-dev/jitsivideobridge/target/lib/hibernate-validator-5.0.1.Final.jar
  [pack200] Dest.  File :/home/travis/build/igniterealtime/Openfire/work/plugins-dev/jitsivideobridge/target/lib/hibernate-validator-5.0.1.Final.jar.pack
  [pack200] Building: /home/travis/build/igniterealtime/Openfire/work/plugins-dev/jitsivideobridge/target/lib/jain-sdp.jar.pack
  [pack200] Packing with Pack200
  [pack200] Source File :/home/travis/build/igniterealtime/Openfire/work/plugins-dev/jitsivideobridge/target/lib/jain-sdp.jar
  [pack200] Dest.  File :/home/travis/build/igniterealtime/Openfire/work/plugins-dev/jitsivideobridge/target/lib/jain-sdp.jar.pack
  [pack200] Building: /home/travis/build/igniterealtime/Openfire/work/plugins-dev/jitsivideobridge/target/lib/jain-sip-api.jar.pack
  [pack200] Packing with Pack200
  [pack200] Source File :/home/travis/build/igniterealtime/Openfire/work/plugins-dev/jitsivideobridge/target/lib/jain-sip-api.jar
  [pack200] Dest.  File :/home/travis/build/igniterealtime/Openfire/work/plugins-dev/jitsivideobridge/target/lib/jain-sip-api.jar.pack
  [pack200] Building: /home/travis/build/igniterealtime/Openfire/work/plugins-dev/jitsivideobridge/target/lib/jain-sip-ri.jar.pack
  [pack200] Packing with Pack200
  [pack200] Source File :/home/travis/build/igniterealtime/Openfire/work/plugins-dev/jitsivideobridge/target/lib/jain-sip-ri.jar
  [pack200] Dest.  File :/home/travis/build/igniterealtime/Openfire/work/plugins-dev/jitsivideobridge/target/lib/jain-sip-ri.jar.pack
  [pack200] Building: /home/travis/build/igniterealtime/Openfire/work/plugins-dev/jitsivideobridge/target/lib/jboss-logging-3.1.1.GA.jar.pack
  [pack200] Packing with Pack200
  [pack200] Source File :/home/travis/build/igniterealtime/Openfire/work/plugins-dev/jitsivideobridge/target/lib/jboss-logging-3.1.1.GA.jar
  [pack200] Dest.  File :/home/travis/build/igniterealtime/Openfire/work/plugins-dev/jitsivideobridge/target/lib/jboss-logging-3.1.1.GA.jar.pack
  [pack200] Building: /home/travis/build/igniterealtime/Openfire/work/plugins-dev/jitsivideobridge/target/lib/jitsi-android-osgi.jar.pack
  [pack200] Packing with Pack200
  [pack200] Source File :/home/travis/build/igniterealtime/Openfire/work/plugins-dev/jitsivideobridge/target/lib/jitsi-android-osgi.jar
  [pack200] Dest.  File :/home/travis/build/igniterealtime/Openfire/work/plugins-dev/jitsivideobridge/target/lib/jitsi-android-osgi.jar.pack
  [pack200] Building: /home/travis/build/igniterealtime/Openfire/work/plugins-dev/jitsivideobridge/target/lib/jitsi-videobridge-native-linux-32.jar.pack
  [pack200] Packing with Pack200
  [pack200] Source File :/home/travis/build/igniterealtime/Openfire/work/plugins-dev/jitsivideobridge/target/lib/jitsi-videobridge-native-linux-32.jar
  [pack200] Dest.  File :/home/travis/build/igniterealtime/Openfire/work/plugins-dev/jitsivideobridge/target/lib/jitsi-videobridge-native-linux-32.jar.pack
  [pack200] Building: /home/travis/build/igniterealtime/Openfire/work/plugins-dev/jitsivideobridge/target/lib/jitsi-videobridge-native-linux-64.jar.pack
  [pack200] Packing with Pack200
  [pack200] Source File :/home/travis/build/igniterealtime/Openfire/work/plugins-dev/jitsivideobridge/target/lib/jitsi-videobridge-native-linux-64.jar
  [pack200] Dest.  File :/home/travis/build/igniterealtime/Openfire/work/plugins-dev/jitsivideobridge/target/lib/jitsi-videobridge-native-linux-64.jar.pack
  [pack200] Building: /home/travis/build/igniterealtime/Openfire/work/plugins-dev/jitsivideobridge/target/lib/jitsi-videobridge-native-macosx.jar.pack
  [pack200] Packing with Pack200
  [pack200] Source File :/home/travis/build/igniterealtime/Openfire/work/plugins-dev/jitsivideobridge/target/lib/jitsi-videobridge-native-macosx.jar
  [pack200] Dest.  File :/home/travis/build/igniterealtime/Openfire/work/plugins-dev/jitsivideobridge/target/lib/jitsi-videobridge-native-macosx.jar.pack
  [pack200] Building: /home/travis/build/igniterealtime/Openfire/work/plugins-dev/jitsivideobridge/target/lib/jitsi-videobridge-native-windows-32.jar.pack
  [pack200] Packing with Pack200
  [pack200] Source File :/home/travis/build/igniterealtime/Openfire/work/plugins-dev/jitsivideobridge/target/lib/jitsi-videobridge-native-windows-32.jar
  [pack200] Dest.  File :/home/travis/build/igniterealtime/Openfire/work/plugins-dev/jitsivideobridge/target/lib/jitsi-videobridge-native-windows-32.jar.pack
  [pack200] Building: /home/travis/build/igniterealtime/Openfire/work/plugins-dev/jitsivideobridge/target/lib/jitsi-videobridge-native-windows-64.jar.pack
  [pack200] Packing with Pack200
  [pack200] Source File :/home/travis/build/igniterealtime/Openfire/work/plugins-dev/jitsivideobridge/target/lib/jitsi-videobridge-native-windows-64.jar
  [pack200] Dest.  File :/home/travis/build/igniterealtime/Openfire/work/plugins-dev/jitsivideobridge/target/lib/jitsi-videobridge-native-windows-64.jar.pack
  [pack200] Building: /home/travis/build/igniterealtime/Openfire/work/plugins-dev/jitsivideobridge/target/lib/jitsi-videobridge.jar.pack
  [pack200] Packing with Pack200
  [pack200] Source File :/home/travis/build/igniterealtime/Openfire/work/plugins-dev/jitsivideobridge/target/lib/jitsi-videobridge.jar
  [pack200] Dest.  File :/home/travis/build/igniterealtime/Openfire/work/plugins-dev/jitsivideobridge/target/lib/jitsi-videobridge.jar.pack
  [pack200] Building: /home/travis/build/igniterealtime/Openfire/work/plugins-dev/jitsivideobridge/target/lib/jnalib.jar.pack
  [pack200] Packing with Pack200
  [pack200] Source File :/home/travis/build/igniterealtime/Openfire/work/plugins-dev/jitsivideobridge/target/lib/jnalib.jar
  [pack200] Dest.  File :/home/travis/build/igniterealtime/Openfire/work/plugins-dev/jitsivideobridge/target/lib/jnalib.jar.pack
  [pack200] Building: /home/travis/build/igniterealtime/Openfire/work/plugins-dev/jitsivideobridge/target/lib/json.jar.pack
  [pack200] Packing with Pack200
  [pack200] Source File :/home/travis/build/igniterealtime/Openfire/work/plugins-dev/jitsivideobridge/target/lib/json.jar
  [pack200] Dest.  File :/home/travis/build/igniterealtime/Openfire/work/plugins-dev/jitsivideobridge/target/lib/json.jar.pack
  [pack200] Building: /home/travis/build/igniterealtime/Openfire/work/plugins-dev/jitsivideobridge/target/lib/libidn.jar.pack
  [pack200] Packing with Pack200
  [pack200] Source File :/home/travis/build/igniterealtime/Openfire/work/plugins-dev/jitsivideobridge/target/lib/libidn.jar
  [pack200] Dest.  File :/home/travis/build/igniterealtime/Openfire/work/plugins-dev/jitsivideobridge/target/lib/libidn.jar.pack
  [pack200] Building: /home/travis/build/igniterealtime/Openfire/work/plugins-dev/jitsivideobridge/target/lib/libjitsi.jar.pack
  [pack200] Packing with Pack200
  [pack200] Source File :/home/travis/build/igniterealtime/Openfire/work/plugins-dev/jitsivideobridge/target/lib/libjitsi.jar
  [pack200] Dest.  File :/home/travis/build/igniterealtime/Openfire/work/plugins-dev/jitsivideobridge/target/lib/libjitsi.jar.pack
  [pack200] Building: /home/travis/build/igniterealtime/Openfire/work/plugins-dev/jitsivideobridge/target/lib/netaddr.jar.pack
  [pack200] Packing with Pack200
  [pack200] Source File :/home/travis/build/igniterealtime/Openfire/work/plugins-dev/jitsivideobridge/target/lib/netaddr.jar
  [pack200] Dest.  File :/home/travis/build/igniterealtime/Openfire/work/plugins-dev/jitsivideobridge/target/lib/netaddr.jar.pack
  [pack200] Building: /home/travis/build/igniterealtime/Openfire/work/plugins-dev/jitsivideobridge/target/lib/osgi.core.jar.pack
  [pack200] Packing with Pack200
  [pack200] Source File :/home/travis/build/igniterealtime/Openfire/work/plugins-dev/jitsivideobridge/target/lib/osgi.core.jar
  [pack200] Dest.  File :/home/travis/build/igniterealtime/Openfire/work/plugins-dev/jitsivideobridge/target/lib/osgi.core.jar.pack
  [pack200] Building: /home/travis/build/igniterealtime/Openfire/work/plugins-dev/jitsivideobridge/target/lib/packetlogging.jar.pack
  [pack200] Packing with Pack200
  [pack200] Source File :/home/travis/build/igniterealtime/Openfire/work/plugins-dev/jitsivideobridge/target/lib/packetlogging.jar
  [pack200] Dest.  File :/home/travis/build/igniterealtime/Openfire/work/plugins-dev/jitsivideobridge/target/lib/packetlogging.jar.pack
  [pack200] Building: /home/travis/build/igniterealtime/Openfire/work/plugins-dev/jitsivideobridge/target/lib/plugin-jitsivideobridge-jspc.jar.pack
  [pack200] Packing with Pack200
  [pack200] Source File :/home/travis/build/igniterealtime/Openfire/work/plugins-dev/jitsivideobridge/target/lib/plugin-jitsivideobridge-jspc.jar
  [pack200] Dest.  File :/home/travis/build/igniterealtime/Openfire/work/plugins-dev/jitsivideobridge/target/lib/plugin-jitsivideobridge-jspc.jar.pack
  [pack200] Building: /home/travis/build/igniterealtime/Openfire/work/plugins-dev/jitsivideobridge/target/lib/plugin-jitsivideobridge.jar.pack
  [pack200] Packing with Pack200
  [pack200] Source File :/home/travis/build/igniterealtime/Openfire/work/plugins-dev/jitsivideobridge/target/lib/plugin-jitsivideobridge.jar
  [pack200] Dest.  File :/home/travis/build/igniterealtime/Openfire/work/plugins-dev/jitsivideobridge/target/lib/plugin-jitsivideobridge.jar.pack
  [pack200] Building: /home/travis/build/igniterealtime/Openfire/work/plugins-dev/jitsivideobridge/target/lib/protocol-jabber.jar.pack
  [pack200] Packing with Pack200
  [pack200] Source File :/home/travis/build/igniterealtime/Openfire/work/plugins-dev/jitsivideobridge/target/lib/protocol-jabber.jar
  [pack200] Dest.  File :/home/travis/build/igniterealtime/Openfire/work/plugins-dev/jitsivideobridge/target/lib/protocol-jabber.jar.pack
  [pack200] Building: /home/travis/build/igniterealtime/Openfire/work/plugins-dev/jitsivideobridge/target/lib/protocol-media.jar.pack
  [pack200] Packing with Pack200
  [pack200] Source File :/home/travis/build/igniterealtime/Openfire/work/plugins-dev/jitsivideobridge/target/lib/protocol-media.jar
  [pack200] Dest.  File :/home/travis/build/igniterealtime/Openfire/work/plugins-dev/jitsivideobridge/target/lib/protocol-media.jar.pack
  [pack200] Building: /home/travis/build/igniterealtime/Openfire/work/plugins-dev/jitsivideobridge/target/lib/protocol.jar.pack
  [pack200] Packing with Pack200
  [pack200] Source File :/home/travis/build/igniterealtime/Openfire/work/plugins-dev/jitsivideobridge/target/lib/protocol.jar
  [pack200] Dest.  File :/home/travis/build/igniterealtime/Openfire/work/plugins-dev/jitsivideobridge/target/lib/protocol.jar.pack
  [pack200] Building: /home/travis/build/igniterealtime/Openfire/work/plugins-dev/jitsivideobridge/target/lib/rayo-core-2.0-SNAPSHOT.jar.pack
  [pack200] Packing with Pack200
  [pack200] Source File :/home/travis/build/igniterealtime/Openfire/work/plugins-dev/jitsivideobridge/target/lib/rayo-core-2.0-SNAPSHOT.jar
  [pack200] Dest.  File :/home/travis/build/igniterealtime/Openfire/work/plugins-dev/jitsivideobridge/target/lib/rayo-core-2.0-SNAPSHOT.jar.pack
  [pack200] Building: /home/travis/build/igniterealtime/Openfire/work/plugins-dev/jitsivideobridge/target/lib/resourcemanager.jar.pack
  [pack200] Packing with Pack200
  [pack200] Source File :/home/travis/build/igniterealtime/Openfire/work/plugins-dev/jitsivideobridge/target/lib/resourcemanager.jar
  [pack200] Dest.  File :/home/travis/build/igniterealtime/Openfire/work/plugins-dev/jitsivideobridge/target/lib/resourcemanager.jar.pack
  [pack200] Building: /home/travis/build/igniterealtime/Openfire/work/plugins-dev/jitsivideobridge/target/lib/slf4j-api.jar.pack
  [pack200] Packing with Pack200
  [pack200] Source File :/home/travis/build/igniterealtime/Openfire/work/plugins-dev/jitsivideobridge/target/lib/slf4j-api.jar
  [pack200] Dest.  File :/home/travis/build/igniterealtime/Openfire/work/plugins-dev/jitsivideobridge/target/lib/slf4j-api.jar.pack
  [pack200] Building: /home/travis/build/igniterealtime/Openfire/work/plugins-dev/jitsivideobridge/target/lib/smack.jar.pack
  [pack200] Packing with Pack200
  [pack200] Source File :/home/travis/build/igniterealtime/Openfire/work/plugins-dev/jitsivideobridge/target/lib/smack.jar
  [pack200] Dest.  File :/home/travis/build/igniterealtime/Openfire/work/plugins-dev/jitsivideobridge/target/lib/smack.jar.pack
  [pack200] Building: /home/travis/build/igniterealtime/Openfire/work/plugins-dev/jitsivideobridge/target/lib/tinder.jar.pack
  [pack200] Packing with Pack200
  [pack200] Source File :/home/travis/build/igniterealtime/Openfire/work/plugins-dev/jitsivideobridge/target/lib/tinder.jar
  [pack200] Dest.  File :/home/travis/build/igniterealtime/Openfire/work/plugins-dev/jitsivideobridge/target/lib/tinder.jar.pack
  [pack200] Building: /home/travis/build/igniterealtime/Openfire/work/plugins-dev/jitsivideobridge/target/lib/ui-service.jar.pack
  [pack200] Packing with Pack200
  [pack200] Source File :/home/travis/build/igniterealtime/Openfire/work/plugins-dev/jitsivideobridge/target/lib/ui-service.jar
  [pack200] Dest.  File :/home/travis/build/igniterealtime/Openfire/work/plugins-dev/jitsivideobridge/target/lib/ui-service.jar.pack
  [pack200] Building: /home/travis/build/igniterealtime/Openfire/work/plugins-dev/jitsivideobridge/target/lib/util.jar.pack
  [pack200] Packing with Pack200
  [pack200] Source File :/home/travis/build/igniterealtime/Openfire/work/plugins-dev/jitsivideobridge/target/lib/util.jar
  [pack200] Dest.  File :/home/travis/build/igniterealtime/Openfire/work/plugins-dev/jitsivideobridge/target/lib/util.jar.pack
  [pack200] Building: /home/travis/build/igniterealtime/Openfire/work/plugins-dev/jitsivideobridge/target/lib/validation-api-1.1.0.Final.jar.pack
  [pack200] Packing with Pack200
  [pack200] Source File :/home/travis/build/igniterealtime/Openfire/work/plugins-dev/jitsivideobridge/target/lib/validation-api-1.1.0.Final.jar
  [pack200] Dest.  File :/home/travis/build/igniterealtime/Openfire/work/plugins-dev/jitsivideobridge/target/lib/validation-api-1.1.0.Final.jar.pack
  [pack200] Building: /home/travis/build/igniterealtime/Openfire/work/plugins-dev/jitsivideobridge/target/lib/whack.jar.pack
  [pack200] Packing with Pack200
  [pack200] Source File :/home/travis/build/igniterealtime/Openfire/work/plugins-dev/jitsivideobridge/target/lib/whack.jar
  [pack200] Dest.  File :/home/travis/build/igniterealtime/Openfire/work/plugins-dev/jitsivideobridge/target/lib/whack.jar.pack
  [pack200] Building: /home/travis/build/igniterealtime/Openfire/work/plugins-dev/jitsivideobridge/target/lib/xercesImpl.jar.pack
  [pack200] Packing with Pack200
  [pack200] Source File :/home/travis/build/igniterealtime/Openfire/work/plugins-dev/jitsivideobridge/target/lib/xercesImpl.jar
  [pack200] Dest.  File :/home/travis/build/igniterealtime/Openfire/work/plugins-dev/jitsivideobridge/target/lib/xercesImpl.jar.pack
  [pack200] Building: /home/travis/build/igniterealtime/Openfire/work/plugins-dev/jitsivideobridge/target/lib/xml-apis.jar.pack
  [pack200] Packing with Pack200
  [pack200] Source File :/home/travis/build/igniterealtime/Openfire/work/plugins-dev/jitsivideobridge/target/lib/xml-apis.jar
  [pack200] Dest.  File :/home/travis/build/igniterealtime/Openfire/work/plugins-dev/jitsivideobridge/target/lib/xml-apis.jar.pack
  [pack200] Building: /home/travis/build/igniterealtime/Openfire/work/plugins-dev/jitsivideobridge/target/lib/xpp3.jar.pack
  [pack200] Packing with Pack200
  [pack200] Source File :/home/travis/build/igniterealtime/Openfire/work/plugins-dev/jitsivideobridge/target/lib/xpp3.jar
  [pack200] Dest.  File :/home/travis/build/igniterealtime/Openfire/work/plugins-dev/jitsivideobridge/target/lib/xpp3.jar.pack
  [pack200] Building: /home/travis/build/igniterealtime/Openfire/work/plugins-dev/jitsivideobridge/target/lib/zrtp4j.jar.pack
  [pack200] Packing with Pack200
  [pack200] Source File :/home/travis/build/igniterealtime/Openfire/work/plugins-dev/jitsivideobridge/target/lib/zrtp4j.jar
  [pack200] Dest.  File :/home/travis/build/igniterealtime/Openfire/work/plugins-dev/jitsivideobridge/target/lib/zrtp4j.jar.pack
     [copy] Copying 46 files to /home/travis/build/igniterealtime/Openfire/work/plugins-dev/jitsivideobridge/jar
     [copy] Copying 5778 files to /home/travis/build/igniterealtime/Openfire/work/plugins-dev/jitsivideobridge/jar
     [copy] Copied 1336 empty directories to 28 empty directories under /home/travis/build/igniterealtime/Openfire/work/plugins-dev/jitsivideobridge/jar
      [jar] Building jar: /home/travis/build/igniterealtime/Openfire/work/plugins/jitsivideobridge.jar
   [delete] Deleting directory /home/travis/build/igniterealtime/Openfire/work/plugins-dev/jitsivideobridge/jar
    [mkdir] Created dir: /home/travis/build/igniterealtime/Openfire/work/plugins-dev/justmarried
    [mkdir] Created dir: /home/travis/build/igniterealtime/Openfire/work/plugins-dev/justmarried/target
    [mkdir] Created dir: /home/travis/build/igniterealtime/Openfire/work/plugins-dev/justmarried/target/classes
    [javac] Compiling 1 source file to /home/travis/build/igniterealtime/Openfire/work/plugins-dev/justmarried/target/classes
    [mkdir] Created dir: /home/travis/build/igniterealtime/Openfire/work/plugins-dev/justmarried/target/lib
    [mkdir] Created dir: /home/travis/build/igniterealtime/Openfire/work/plugins-dev/justmarried/work/lib/source
    [mkdir] Created dir: /home/travis/build/igniterealtime/Openfire/work/plugins-dev/justmarried/work/lib/classes
      [jar] Building jar: /home/travis/build/igniterealtime/Openfire/work/plugins-dev/justmarried/target/lib/plugin-justmarried.jar
   [delete] Deleting directory /home/travis/build/igniterealtime/Openfire/work/plugins-dev/justmarried/work/lib/classes
   [delete] Deleting directory /home/travis/build/igniterealtime/Openfire/work/plugins-dev/justmarried/work/lib/source
     [copy] Copying 1 file to /home/travis/build/igniterealtime/Openfire/work/plugins-dev/justmarried/target/lib
    [mkdir] Created dir: /home/travis/build/igniterealtime/Openfire/work/plugins-dev/justmarried/jar
     [copy] Copying 5 files to /home/travis/build/igniterealtime/Openfire/work/plugins-dev/justmarried/jar
    [mkdir] Created dir: /home/travis/build/igniterealtime/Openfire/work/plugins-dev/justmarried/target/jspc/java
    [mkdir] Created dir: /home/travis/build/igniterealtime/Openfire/work/plugins-dev/justmarried/target/jspc/classes
     [copy] Copying 14 files to /home/travis/build/igniterealtime/Openfire/work/plugins-dev/justmarried/target/web
     [copy] Copying 1 file to /home/travis/build/igniterealtime/Openfire/work/plugins-dev/justmarried/target/web/WEB-INF
    [javac] Compiling 1 source file to /home/travis/build/igniterealtime/Openfire/work/plugins-dev/justmarried/target/jspc/classes
      [jar] Building jar: /home/travis/build/igniterealtime/Openfire/work/plugins-dev/justmarried/target/lib/plugin-justmarried-jspc.jar
  [pack200] Building: /home/travis/build/igniterealtime/Openfire/work/plugins-dev/justmarried/target/lib/log4j.jar.pack
  [pack200] Packing with Pack200
  [pack200] Source File :/home/travis/build/igniterealtime/Openfire/work/plugins-dev/justmarried/target/lib/log4j.jar
  [pack200] Dest.  File :/home/travis/build/igniterealtime/Openfire/work/plugins-dev/justmarried/target/lib/log4j.jar.pack
  [pack200] Building: /home/travis/build/igniterealtime/Openfire/work/plugins-dev/justmarried/target/lib/plugin-justmarried-jspc.jar.pack
  [pack200] Packing with Pack200
  [pack200] Source File :/home/travis/build/igniterealtime/Openfire/work/plugins-dev/justmarried/target/lib/plugin-justmarried-jspc.jar
  [pack200] Dest.  File :/home/travis/build/igniterealtime/Openfire/work/plugins-dev/justmarried/target/lib/plugin-justmarried-jspc.jar.pack
  [pack200] Building: /home/travis/build/igniterealtime/Openfire/work/plugins-dev/justmarried/target/lib/plugin-justmarried.jar.pack
  [pack200] Packing with Pack200
  [pack200] Source File :/home/travis/build/igniterealtime/Openfire/work/plugins-dev/justmarried/target/lib/plugin-justmarried.jar
  [pack200] Dest.  File :/home/travis/build/igniterealtime/Openfire/work/plugins-dev/justmarried/target/lib/plugin-justmarried.jar.pack
     [copy] Copying 4 files to /home/travis/build/igniterealtime/Openfire/work/plugins-dev/justmarried/jar
     [copy] Copying 3 files to /home/travis/build/igniterealtime/Openfire/work/plugins-dev/justmarried/jar
     [copy] Copied 9 empty directories to 6 empty directories under /home/travis/build/igniterealtime/Openfire/work/plugins-dev/justmarried/jar
      [jar] Building jar: /home/travis/build/igniterealtime/Openfire/work/plugins/justmarried.jar
   [delete] Deleting directory /home/travis/build/igniterealtime/Openfire/work/plugins-dev/justmarried/jar
    [mkdir] Created dir: /home/travis/build/igniterealtime/Openfire/work/plugins-dev/packetFilter
    [mkdir] Created dir: /home/travis/build/igniterealtime/Openfire/work/plugins-dev/packetFilter/target
    [mkdir] Created dir: /home/travis/build/igniterealtime/Openfire/work/plugins-dev/packetFilter/target/classes
    [javac] Compiling 16 source files to /home/travis/build/igniterealtime/Openfire/work/plugins-dev/packetFilter/target/classes
    [javac] Note: /home/travis/build/igniterealtime/Openfire/src/plugins/packetFilter/src/java/org/jivesoftware/openfire/plugin/component/ComponentList.java uses unchecked or unsafe operations.
    [javac] Note: Recompile with -Xlint:unchecked for details.
    [mkdir] Created dir: /home/travis/build/igniterealtime/Openfire/work/plugins-dev/packetFilter/target/lib
    [mkdir] Created dir: /home/travis/build/igniterealtime/Openfire/work/plugins-dev/packetFilter/work/lib/source
    [mkdir] Created dir: /home/travis/build/igniterealtime/Openfire/work/plugins-dev/packetFilter/work/lib/classes
      [jar] Building jar: /home/travis/build/igniterealtime/Openfire/work/plugins-dev/packetFilter/target/lib/plugin-packetFilter.jar
   [delete] Deleting directory /home/travis/build/igniterealtime/Openfire/work/plugins-dev/packetFilter/work/lib/classes
   [delete] Deleting directory /home/travis/build/igniterealtime/Openfire/work/plugins-dev/packetFilter/work/lib/source
    [mkdir] Created dir: /home/travis/build/igniterealtime/Openfire/work/plugins-dev/packetFilter/jar
     [copy] Copying 5 files to /home/travis/build/igniterealtime/Openfire/work/plugins-dev/packetFilter/jar
    [mkdir] Created dir: /home/travis/build/igniterealtime/Openfire/work/plugins-dev/packetFilter/target/jspc/java
    [mkdir] Created dir: /home/travis/build/igniterealtime/Openfire/work/plugins-dev/packetFilter/target/jspc/classes
     [copy] Copying 22 files to /home/travis/build/igniterealtime/Openfire/work/plugins-dev/packetFilter/target/web
     [copy] Copying 1 file to /home/travis/build/igniterealtime/Openfire/work/plugins-dev/packetFilter/target/web/WEB-INF
    [javac] Compiling 5 source files to /home/travis/build/igniterealtime/Openfire/work/plugins-dev/packetFilter/target/jspc/classes
      [jar] Building jar: /home/travis/build/igniterealtime/Openfire/work/plugins-dev/packetFilter/target/lib/plugin-packetFilter-jspc.jar
  [pack200] Building: /home/travis/build/igniterealtime/Openfire/work/plugins-dev/packetFilter/target/lib/plugin-packetFilter-jspc.jar.pack
  [pack200] Packing with Pack200
  [pack200] Source File :/home/travis/build/igniterealtime/Openfire/work/plugins-dev/packetFilter/target/lib/plugin-packetFilter-jspc.jar
  [pack200] Dest.  File :/home/travis/build/igniterealtime/Openfire/work/plugins-dev/packetFilter/target/lib/plugin-packetFilter-jspc.jar.pack
  [pack200] Building: /home/travis/build/igniterealtime/Openfire/work/plugins-dev/packetFilter/target/lib/plugin-packetFilter.jar.pack
  [pack200] Packing with Pack200
  [pack200] Source File :/home/travis/build/igniterealtime/Openfire/work/plugins-dev/packetFilter/target/lib/plugin-packetFilter.jar
  [pack200] Dest.  File :/home/travis/build/igniterealtime/Openfire/work/plugins-dev/packetFilter/target/lib/plugin-packetFilter.jar.pack
     [copy] Copying 3 files to /home/travis/build/igniterealtime/Openfire/work/plugins-dev/packetFilter/jar
     [copy] Copying 21 files to /home/travis/build/igniterealtime/Openfire/work/plugins-dev/packetFilter/jar
     [copy] Copied 17 empty directories to 8 empty directories under /home/travis/build/igniterealtime/Openfire/work/plugins-dev/packetFilter/jar
      [jar] Building jar: /home/travis/build/igniterealtime/Openfire/work/plugins/packetFilter.jar
   [delete] Deleting directory /home/travis/build/igniterealtime/Openfire/work/plugins-dev/packetFilter/jar
    [mkdir] Created dir: /home/travis/build/igniterealtime/Openfire/work/plugins-dev/emailListener
    [mkdir] Created dir: /home/travis/build/igniterealtime/Openfire/work/plugins-dev/emailListener/target
    [mkdir] Created dir: /home/travis/build/igniterealtime/Openfire/work/plugins-dev/emailListener/target/classes
    [javac] Compiling 2 source files to /home/travis/build/igniterealtime/Openfire/work/plugins-dev/emailListener/target/classes
    [javac] Note: /home/travis/build/igniterealtime/Openfire/src/plugins/emailListener/src/java/org/jivesoftware/openfire/plugin/emailListener/EmailListener.java uses or overrides a deprecated API.
    [javac] Note: Recompile with -Xlint:deprecation for details.
    [mkdir] Created dir: /home/travis/build/igniterealtime/Openfire/work/plugins-dev/emailListener/target/lib
    [mkdir] Created dir: /home/travis/build/igniterealtime/Openfire/work/plugins-dev/emailListener/work/lib/source
    [mkdir] Created dir: /home/travis/build/igniterealtime/Openfire/work/plugins-dev/emailListener/work/lib/classes
      [jar] Building jar: /home/travis/build/igniterealtime/Openfire/work/plugins-dev/emailListener/target/lib/plugin-emailListener.jar
   [delete] Deleting directory /home/travis/build/igniterealtime/Openfire/work/plugins-dev/emailListener/work/lib/classes
   [delete] Deleting directory /home/travis/build/igniterealtime/Openfire/work/plugins-dev/emailListener/work/lib/source
    [mkdir] Created dir: /home/travis/build/igniterealtime/Openfire/work/plugins-dev/emailListener/jar
     [copy] Copying 5 files to /home/travis/build/igniterealtime/Openfire/work/plugins-dev/emailListener/jar
    [mkdir] Created dir: /home/travis/build/igniterealtime/Openfire/work/plugins-dev/emailListener/target/jspc/java
    [mkdir] Created dir: /home/travis/build/igniterealtime/Openfire/work/plugins-dev/emailListener/target/jspc/classes
     [copy] Copying 11 files to /home/travis/build/igniterealtime/Openfire/work/plugins-dev/emailListener/target/web
     [copy] Copying 1 file to /home/travis/build/igniterealtime/Openfire/work/plugins-dev/emailListener/target/web/WEB-INF
    [javac] Compiling 1 source file to /home/travis/build/igniterealtime/Openfire/work/plugins-dev/emailListener/target/jspc/classes
      [jar] Building jar: /home/travis/build/igniterealtime/Openfire/work/plugins-dev/emailListener/target/lib/plugin-emailListener-jspc.jar
  [pack200] Building: /home/travis/build/igniterealtime/Openfire/work/plugins-dev/emailListener/target/lib/plugin-emailListener-jspc.jar.pack
  [pack200] Packing with Pack200
  [pack200] Source File :/home/travis/build/igniterealtime/Openfire/work/plugins-dev/emailListener/target/lib/plugin-emailListener-jspc.jar
  [pack200] Dest.  File :/home/travis/build/igniterealtime/Openfire/work/plugins-dev/emailListener/target/lib/plugin-emailListener-jspc.jar.pack
  [pack200] Building: /home/travis/build/igniterealtime/Openfire/work/plugins-dev/emailListener/target/lib/plugin-emailListener.jar.pack
  [pack200] Packing with Pack200
  [pack200] Source File :/home/travis/build/igniterealtime/Openfire/work/plugins-dev/emailListener/target/lib/plugin-emailListener.jar
  [pack200] Dest.  File :/home/travis/build/igniterealtime/Openfire/work/plugins-dev/emailListener/target/lib/plugin-emailListener.jar.pack
     [copy] Copying 3 files to /home/travis/build/igniterealtime/Openfire/work/plugins-dev/emailListener/jar
     [copy] Copied 7 empty directories to 6 empty directories under /home/travis/build/igniterealtime/Openfire/work/plugins-dev/emailListener/jar
      [jar] Building jar: /home/travis/build/igniterealtime/Openfire/work/plugins/emailListener.jar
   [delete] Deleting directory /home/travis/build/igniterealtime/Openfire/work/plugins-dev/emailListener/jar
    [mkdir] Created dir: /home/travis/build/igniterealtime/Openfire/work/plugins-dev/userservice
    [mkdir] Created dir: /home/travis/build/igniterealtime/Openfire/work/plugins-dev/userservice/target
    [mkdir] Created dir: /home/travis/build/igniterealtime/Openfire/work/plugins-dev/userservice/target/classes
    [javac] Compiling 2 source files to /home/travis/build/igniterealtime/Openfire/work/plugins-dev/userservice/target/classes
    [javac] Note: /home/travis/build/igniterealtime/Openfire/src/plugins/userservice/src/java/org/jivesoftware/openfire/plugin/userService/UserServiceServlet.java uses or overrides a deprecated API.
    [javac] Note: Recompile with -Xlint:deprecation for details.
    [mkdir] Created dir: /home/travis/build/igniterealtime/Openfire/work/plugins-dev/userservice/target/lib
    [mkdir] Created dir: /home/travis/build/igniterealtime/Openfire/work/plugins-dev/userservice/work/lib/source
    [mkdir] Created dir: /home/travis/build/igniterealtime/Openfire/work/plugins-dev/userservice/work/lib/classes
      [jar] Building jar: /home/travis/build/igniterealtime/Openfire/work/plugins-dev/userservice/target/lib/plugin-userservice.jar
   [delete] Deleting directory /home/travis/build/igniterealtime/Openfire/work/plugins-dev/userservice/work/lib/classes
   [delete] Deleting directory /home/travis/build/igniterealtime/Openfire/work/plugins-dev/userservice/work/lib/source
    [mkdir] Created dir: /home/travis/build/igniterealtime/Openfire/work/plugins-dev/userservice/jar
     [copy] Copying 5 files to /home/travis/build/igniterealtime/Openfire/work/plugins-dev/userservice/jar
    [mkdir] Created dir: /home/travis/build/igniterealtime/Openfire/work/plugins-dev/userservice/target/jspc/java
    [mkdir] Created dir: /home/travis/build/igniterealtime/Openfire/work/plugins-dev/userservice/target/jspc/classes
     [copy] Copying 13 files to /home/travis/build/igniterealtime/Openfire/work/plugins-dev/userservice/target/web
     [copy] Copying 1 file to /home/travis/build/igniterealtime/Openfire/work/plugins-dev/userservice/target/web/WEB-INF
    [javac] Compiling 1 source file to /home/travis/build/igniterealtime/Openfire/work/plugins-dev/userservice/target/jspc/classes
      [jar] Building jar: /home/travis/build/igniterealtime/Openfire/work/plugins-dev/userservice/target/lib/plugin-userservice-jspc.jar
  [pack200] Building: /home/travis/build/igniterealtime/Openfire/work/plugins-dev/userservice/target/lib/plugin-userservice-jspc.jar.pack
  [pack200] Packing with Pack200
  [pack200] Source File :/home/travis/build/igniterealtime/Openfire/work/plugins-dev/userservice/target/lib/plugin-userservice-jspc.jar
  [pack200] Dest.  File :/home/travis/build/igniterealtime/Openfire/work/plugins-dev/userservice/target/lib/plugin-userservice-jspc.jar.pack
  [pack200] Building: /home/travis/build/igniterealtime/Openfire/work/plugins-dev/userservice/target/lib/plugin-userservice.jar.pack
  [pack200] Packing with Pack200
  [pack200] Source File :/home/travis/build/igniterealtime/Openfire/work/plugins-dev/userservice/target/lib/plugin-userservice.jar
  [pack200] Dest.  File :/home/travis/build/igniterealtime/Openfire/work/plugins-dev/userservice/target/lib/plugin-userservice.jar.pack
     [copy] Copying 4 files to /home/travis/build/igniterealtime/Openfire/work/plugins-dev/userservice/jar
     [copy] Copying 2 files to /home/travis/build/igniterealtime/Openfire/work/plugins-dev/userservice/jar
     [copy] Copied 9 empty directories to 6 empty directories under /home/travis/build/igniterealtime/Openfire/work/plugins-dev/userservice/jar
      [jar] Building jar: /home/travis/build/igniterealtime/Openfire/work/plugins/userservice.jar
   [delete] Deleting directory /home/travis/build/igniterealtime/Openfire/work/plugins-dev/userservice/jar
    [mkdir] Created dir: /home/travis/build/igniterealtime/Openfire/work/plugins-dev/sip
    [mkdir] Created dir: /home/travis/build/igniterealtime/Openfire/work/plugins-dev/sip/target
    [mkdir] Created dir: /home/travis/build/igniterealtime/Openfire/work/plugins-dev/sip/target/classes
    [javac] Compiling 30 source files to /home/travis/build/igniterealtime/Openfire/work/plugins-dev/sip/target/classes
    [javac] Note: /home/travis/build/igniterealtime/Openfire/src/plugins/sip/src/java/org/jivesoftware/openfire/sip/tester/stack/SipManager.java uses unchecked or unsafe operations.
    [javac] Note: Recompile with -Xlint:unchecked for details.
    [mkdir] Created dir: /home/travis/build/igniterealtime/Openfire/work/plugins-dev/sip/target/lib
    [mkdir] Created dir: /home/travis/build/igniterealtime/Openfire/work/plugins-dev/sip/work/lib/source
    [mkdir] Created dir: /home/travis/build/igniterealtime/Openfire/work/plugins-dev/sip/work/lib/classes
      [jar] Building jar: /home/travis/build/igniterealtime/Openfire/work/plugins-dev/sip/target/lib/plugin-sip.jar
   [delete] Deleting directory /home/travis/build/igniterealtime/Openfire/work/plugins-dev/sip/work/lib/classes
   [delete] Deleting directory /home/travis/build/igniterealtime/Openfire/work/plugins-dev/sip/work/lib/source
     [copy] Copying 2 files to /home/travis/build/igniterealtime/Openfire/work/plugins-dev/sip/target/lib
    [mkdir] Created dir: /home/travis/build/igniterealtime/Openfire/work/plugins-dev/sip/jar
     [copy] Copying 5 files to /home/travis/build/igniterealtime/Openfire/work/plugins-dev/sip/jar
    [mkdir] Created dir: /home/travis/build/igniterealtime/Openfire/work/plugins-dev/sip/target/jspc/java
    [mkdir] Created dir: /home/travis/build/igniterealtime/Openfire/work/plugins-dev/sip/target/jspc/classes
     [copy] Copying 18 files to /home/travis/build/igniterealtime/Openfire/work/plugins-dev/sip/target/web
     [copy] Copying 1 file to /home/travis/build/igniterealtime/Openfire/work/plugins-dev/sip/target/web/WEB-INF
    [javac] Compiling 5 source files to /home/travis/build/igniterealtime/Openfire/work/plugins-dev/sip/target/jspc/classes
    [javac] Note: Some input files use or override a deprecated API.
    [javac] Note: Recompile with -Xlint:deprecation for details.
    [javac] Note: /home/travis/build/igniterealtime/Openfire/work/plugins-dev/sip/target/jspc/java/org/jivesoftware/openfire/plugin/sip/sipark_002dsettings_jsp.java uses unchecked or unsafe operations.
    [javac] Note: Recompile with -Xlint:unchecked for details.
      [jar] Building jar: /home/travis/build/igniterealtime/Openfire/work/plugins-dev/sip/target/lib/plugin-sip-jspc.jar
  [pack200] Building: /home/travis/build/igniterealtime/Openfire/work/plugins-dev/sip/target/lib/JainSipApi1.1.jar.pack
  [pack200] Packing with Pack200
  [pack200] Source File :/home/travis/build/igniterealtime/Openfire/work/plugins-dev/sip/target/lib/JainSipApi1.1.jar
  [pack200] Dest.  File :/home/travis/build/igniterealtime/Openfire/work/plugins-dev/sip/target/lib/JainSipApi1.1.jar.pack
  [pack200] Building: /home/travis/build/igniterealtime/Openfire/work/plugins-dev/sip/target/lib/nist-sip-1.2.jar.pack
  [pack200] Packing with Pack200
  [pack200] Source File :/home/travis/build/igniterealtime/Openfire/work/plugins-dev/sip/target/lib/nist-sip-1.2.jar
  [pack200] Dest.  File :/home/travis/build/igniterealtime/Openfire/work/plugins-dev/sip/target/lib/nist-sip-1.2.jar.pack
  [pack200] Building: /home/travis/build/igniterealtime/Openfire/work/plugins-dev/sip/target/lib/plugin-sip-jspc.jar.pack
  [pack200] Packing with Pack200
  [pack200] Source File :/home/travis/build/igniterealtime/Openfire/work/plugins-dev/sip/target/lib/plugin-sip-jspc.jar
  [pack200] Dest.  File :/home/travis/build/igniterealtime/Openfire/work/plugins-dev/sip/target/lib/plugin-sip-jspc.jar.pack
  [pack200] Building: /home/travis/build/igniterealtime/Openfire/work/plugins-dev/sip/target/lib/plugin-sip.jar.pack
  [pack200] Packing with Pack200
  [pack200] Source File :/home/travis/build/igniterealtime/Openfire/work/plugins-dev/sip/target/lib/plugin-sip.jar
  [pack200] Dest.  File :/home/travis/build/igniterealtime/Openfire/work/plugins-dev/sip/target/lib/plugin-sip.jar.pack
     [copy] Copying 5 files to /home/travis/build/igniterealtime/Openfire/work/plugins-dev/sip/jar
     [copy] Copying 27 files to /home/travis/build/igniterealtime/Openfire/work/plugins-dev/sip/jar
     [copy] Copied 20 empty directories to 12 empty directories under /home/travis/build/igniterealtime/Openfire/work/plugins-dev/sip/jar
      [jar] Building jar: /home/travis/build/igniterealtime/Openfire/work/plugins/sip.jar
   [delete] Deleting directory /home/travis/build/igniterealtime/Openfire/work/plugins-dev/sip/jar
    [mkdir] Created dir: /home/travis/build/igniterealtime/Openfire/work/plugins-dev/userImportExport
    [mkdir] Created dir: /home/travis/build/igniterealtime/Openfire/work/plugins-dev/userImportExport/target
    [mkdir] Created dir: /home/travis/build/igniterealtime/Openfire/work/plugins-dev/userImportExport/target/classes
    [javac] Compiling 2 source files to /home/travis/build/igniterealtime/Openfire/work/plugins-dev/userImportExport/target/classes
    [javac] Note: /home/travis/build/igniterealtime/Openfire/src/plugins/userImportExport/src/java/org/jivesoftware/openfire/plugin/ImportExportPlugin.java uses unchecked or unsafe operations.
    [javac] Note: Recompile with -Xlint:unchecked for details.
    [mkdir] Created dir: /home/travis/build/igniterealtime/Openfire/work/plugins-dev/userImportExport/target/lib
    [mkdir] Created dir: /home/travis/build/igniterealtime/Openfire/work/plugins-dev/userImportExport/work/lib/source
    [mkdir] Created dir: /home/travis/build/igniterealtime/Openfire/work/plugins-dev/userImportExport/work/lib/classes
      [jar] Building jar: /home/travis/build/igniterealtime/Openfire/work/plugins-dev/userImportExport/target/lib/plugin-userImportExport.jar
   [delete] Deleting directory /home/travis/build/igniterealtime/Openfire/work/plugins-dev/userImportExport/work/lib/classes
   [delete] Deleting directory /home/travis/build/igniterealtime/Openfire/work/plugins-dev/userImportExport/work/lib/source
     [copy] Copying 5 files to /home/travis/build/igniterealtime/Openfire/work/plugins-dev/userImportExport/target/lib
    [mkdir] Created dir: /home/travis/build/igniterealtime/Openfire/work/plugins-dev/userImportExport/jar
     [copy] Copying 5 files to /home/travis/build/igniterealtime/Openfire/work/plugins-dev/userImportExport/jar
    [mkdir] Created dir: /home/travis/build/igniterealtime/Openfire/work/plugins-dev/userImportExport/target/jspc/java
    [mkdir] Created dir: /home/travis/build/igniterealtime/Openfire/work/plugins-dev/userImportExport/target/jspc/classes
     [copy] Copying 17 files to /home/travis/build/igniterealtime/Openfire/work/plugins-dev/userImportExport/target/web
     [copy] Copying 1 file to /home/travis/build/igniterealtime/Openfire/work/plugins-dev/userImportExport/target/web/WEB-INF
    [javac] Compiling 4 source files to /home/travis/build/igniterealtime/Openfire/work/plugins-dev/userImportExport/target/jspc/classes
    [javac] Note: /home/travis/build/igniterealtime/Openfire/work/plugins-dev/userImportExport/target/jspc/java/org/jivesoftware/openfire/plugin/userImportExport/import_002duser_002ddata_jsp.java uses or overrides a deprecated API.
    [javac] Note: Recompile with -Xlint:deprecation for details.
      [jar] Building jar: /home/travis/build/igniterealtime/Openfire/work/plugins-dev/userImportExport/target/lib/plugin-userImportExport-jspc.jar
  [pack200] Building: /home/travis/build/igniterealtime/Openfire/work/plugins-dev/userImportExport/target/lib/commons-fileupload-1.0.jar.pack
  [pack200] Packing with Pack200
  [pack200] Source File :/home/travis/build/igniterealtime/Openfire/work/plugins-dev/userImportExport/target/lib/commons-fileupload-1.0.jar
  [pack200] Dest.  File :/home/travis/build/igniterealtime/Openfire/work/plugins-dev/userImportExport/target/lib/commons-fileupload-1.0.jar.pack
  [pack200] Building: /home/travis/build/igniterealtime/Openfire/work/plugins-dev/userImportExport/target/lib/isorelax.jar.pack
  [pack200] Packing with Pack200
  [pack200] Source File :/home/travis/build/igniterealtime/Openfire/work/plugins-dev/userImportExport/target/lib/isorelax.jar
  [pack200] Dest.  File :/home/travis/build/igniterealtime/Openfire/work/plugins-dev/userImportExport/target/lib/isorelax.jar.pack
  [pack200] Building: /home/travis/build/igniterealtime/Openfire/work/plugins-dev/userImportExport/target/lib/msv.jar.pack
  [pack200] Packing with Pack200
  [pack200] Source File :/home/travis/build/igniterealtime/Openfire/work/plugins-dev/userImportExport/target/lib/msv.jar
  [pack200] Dest.  File :/home/travis/build/igniterealtime/Openfire/work/plugins-dev/userImportExport/target/lib/msv.jar.pack
  [pack200] Building: /home/travis/build/igniterealtime/Openfire/work/plugins-dev/userImportExport/target/lib/plugin-userImportExport-jspc.jar.pack
  [pack200] Packing with Pack200
  [pack200] Source File :/home/travis/build/igniterealtime/Openfire/work/plugins-dev/userImportExport/target/lib/plugin-userImportExport-jspc.jar
  [pack200] Dest.  File :/home/travis/build/igniterealtime/Openfire/work/plugins-dev/userImportExport/target/lib/plugin-userImportExport-jspc.jar.pack
  [pack200] Building: /home/travis/build/igniterealtime/Openfire/work/plugins-dev/userImportExport/target/lib/plugin-userImportExport.jar.pack
  [pack200] Packing with Pack200
  [pack200] Source File :/home/travis/build/igniterealtime/Openfire/work/plugins-dev/userImportExport/target/lib/plugin-userImportExport.jar
  [pack200] Dest.  File :/home/travis/build/igniterealtime/Openfire/work/plugins-dev/userImportExport/target/lib/plugin-userImportExport.jar.pack
  [pack200] Building: /home/travis/build/igniterealtime/Openfire/work/plugins-dev/userImportExport/target/lib/relaxngDatatype.jar.pack
  [pack200] Packing with Pack200
  [pack200] Source File :/home/travis/build/igniterealtime/Openfire/work/plugins-dev/userImportExport/target/lib/relaxngDatatype.jar
  [pack200] Dest.  File :/home/travis/build/igniterealtime/Openfire/work/plugins-dev/userImportExport/target/lib/relaxngDatatype.jar.pack
  [pack200] Building: /home/travis/build/igniterealtime/Openfire/work/plugins-dev/userImportExport/target/lib/xsdlib.jar.pack
  [pack200] Packing with Pack200
  [pack200] Source File :/home/travis/build/igniterealtime/Openfire/work/plugins-dev/userImportExport/target/lib/xsdlib.jar
  [pack200] Dest.  File :/home/travis/build/igniterealtime/Openfire/work/plugins-dev/userImportExport/target/lib/xsdlib.jar.pack
     [copy] Copying 8 files to /home/travis/build/igniterealtime/Openfire/work/plugins-dev/userImportExport/jar
     [copy] Copying 4 files to /home/travis/build/igniterealtime/Openfire/work/plugins-dev/userImportExport/jar
     [copy] Copied 7 empty directories to 5 empty directories under /home/travis/build/igniterealtime/Openfire/work/plugins-dev/userImportExport/jar
      [jar] Building jar: /home/travis/build/igniterealtime/Openfire/work/plugins/userImportExport.jar
   [delete] Deleting directory /home/travis/build/igniterealtime/Openfire/work/plugins-dev/userImportExport/jar
    [mkdir] Created dir: /home/travis/build/igniterealtime/Openfire/work/plugins-dev/presence
    [mkdir] Created dir: /home/travis/build/igniterealtime/Openfire/work/plugins-dev/presence/target
    [mkdir] Created dir: /home/travis/build/igniterealtime/Openfire/work/plugins-dev/presence/target/classes
    [javac] Compiling 6 source files to /home/travis/build/igniterealtime/Openfire/work/plugins-dev/presence/target/classes
    [mkdir] Created dir: /home/travis/build/igniterealtime/Openfire/work/plugins-dev/presence/target/lib
    [mkdir] Created dir: /home/travis/build/igniterealtime/Openfire/work/plugins-dev/presence/work/lib/source
    [mkdir] Created dir: /home/travis/build/igniterealtime/Openfire/work/plugins-dev/presence/work/lib/classes
      [jar] Building jar: /home/travis/build/igniterealtime/Openfire/work/plugins-dev/presence/target/lib/plugin-presence.jar
   [delete] Deleting directory /home/travis/build/igniterealtime/Openfire/work/plugins-dev/presence/work/lib/classes
   [delete] Deleting directory /home/travis/build/igniterealtime/Openfire/work/plugins-dev/presence/work/lib/source
    [mkdir] Created dir: /home/travis/build/igniterealtime/Openfire/work/plugins-dev/presence/jar
     [copy] Copying 5 files to /home/travis/build/igniterealtime/Openfire/work/plugins-dev/presence/jar
    [mkdir] Created dir: /home/travis/build/igniterealtime/Openfire/work/plugins-dev/presence/target/jspc/java
    [mkdir] Created dir: /home/travis/build/igniterealtime/Openfire/work/plugins-dev/presence/target/jspc/classes
     [copy] Copying 17 files to /home/travis/build/igniterealtime/Openfire/work/plugins-dev/presence/target/web
     [copy] Copying 1 file to /home/travis/build/igniterealtime/Openfire/work/plugins-dev/presence/target/web/WEB-INF
    [javac] Compiling 1 source file to /home/travis/build/igniterealtime/Openfire/work/plugins-dev/presence/target/jspc/classes
      [jar] Building jar: /home/travis/build/igniterealtime/Openfire/work/plugins-dev/presence/target/lib/plugin-presence-jspc.jar
  [pack200] Building: /home/travis/build/igniterealtime/Openfire/work/plugins-dev/presence/target/lib/plugin-presence-jspc.jar.pack
  [pack200] Packing with Pack200
  [pack200] Source File :/home/travis/build/igniterealtime/Openfire/work/plugins-dev/presence/target/lib/plugin-presence-jspc.jar
  [pack200] Dest.  File :/home/travis/build/igniterealtime/Openfire/work/plugins-dev/presence/target/lib/plugin-presence-jspc.jar.pack
  [pack200] Building: /home/travis/build/igniterealtime/Openfire/work/plugins-dev/presence/target/lib/plugin-presence.jar.pack
  [pack200] Packing with Pack200
  [pack200] Source File :/home/travis/build/igniterealtime/Openfire/work/plugins-dev/presence/target/lib/plugin-presence.jar
  [pack200] Dest.  File :/home/travis/build/igniterealtime/Openfire/work/plugins-dev/presence/target/lib/plugin-presence.jar.pack
     [copy] Copying 4 files to /home/travis/build/igniterealtime/Openfire/work/plugins-dev/presence/jar
     [copy] Copying 6 files to /home/travis/build/igniterealtime/Openfire/work/plugins-dev/presence/jar
     [copy] Copied 9 empty directories to 6 empty directories under /home/travis/build/igniterealtime/Openfire/work/plugins-dev/presence/jar
      [jar] Building jar: /home/travis/build/igniterealtime/Openfire/work/plugins/presence.jar
   [delete] Deleting directory /home/travis/build/igniterealtime/Openfire/work/plugins-dev/presence/jar
    [mkdir] Created dir: /home/travis/build/igniterealtime/Openfire/work/plugins-dev/stunserver
    [mkdir] Created dir: /home/travis/build/igniterealtime/Openfire/work/plugins-dev/stunserver/target
    [mkdir] Created dir: /home/travis/build/igniterealtime/Openfire/work/plugins-dev/stunserver/target/classes
    [javac] Compiling 2 source files to /home/travis/build/igniterealtime/Openfire/work/plugins-dev/stunserver/target/classes
    [mkdir] Created dir: /home/travis/build/igniterealtime/Openfire/work/plugins-dev/stunserver/target/lib
    [mkdir] Created dir: /home/travis/build/igniterealtime/Openfire/work/plugins-dev/stunserver/work/lib/source
    [mkdir] Created dir: /home/travis/build/igniterealtime/Openfire/work/plugins-dev/stunserver/work/lib/classes
      [jar] Building jar: /home/travis/build/igniterealtime/Openfire/work/plugins-dev/stunserver/target/lib/plugin-stunserver.jar
   [delete] Deleting directory /home/travis/build/igniterealtime/Openfire/work/plugins-dev/stunserver/work/lib/classes
   [delete] Deleting directory /home/travis/build/igniterealtime/Openfire/work/plugins-dev/stunserver/work/lib/source
     [copy] Copying 1 file to /home/travis/build/igniterealtime/Openfire/work/plugins-dev/stunserver/target/lib
    [mkdir] Created dir: /home/travis/build/igniterealtime/Openfire/work/plugins-dev/stunserver/jar
     [copy] Copying 5 files to /home/travis/build/igniterealtime/Openfire/work/plugins-dev/stunserver/jar
    [mkdir] Created dir: /home/travis/build/igniterealtime/Openfire/work/plugins-dev/stunserver/target/jspc/java
    [mkdir] Created dir: /home/travis/build/igniterealtime/Openfire/work/plugins-dev/stunserver/target/jspc/classes
     [copy] Copying 11 files to /home/travis/build/igniterealtime/Openfire/work/plugins-dev/stunserver/target/web
     [copy] Copying 1 file to /home/travis/build/igniterealtime/Openfire/work/plugins-dev/stunserver/target/web/WEB-INF
    [javac] Compiling 1 source file to /home/travis/build/igniterealtime/Openfire/work/plugins-dev/stunserver/target/jspc/classes
      [jar] Building jar: /home/travis/build/igniterealtime/Openfire/work/plugins-dev/stunserver/target/lib/plugin-stunserver-jspc.jar
  [pack200] Building: /home/travis/build/igniterealtime/Openfire/work/plugins-dev/stunserver/target/lib/jstun-0.6.1.jar.pack
  [pack200] Packing with Pack200
  [pack200] Source File :/home/travis/build/igniterealtime/Openfire/work/plugins-dev/stunserver/target/lib/jstun-0.6.1.jar
  [pack200] Dest.  File :/home/travis/build/igniterealtime/Openfire/work/plugins-dev/stunserver/target/lib/jstun-0.6.1.jar.pack
  [pack200] Building: /home/travis/build/igniterealtime/Openfire/work/plugins-dev/stunserver/target/lib/plugin-stunserver-jspc.jar.pack
  [pack200] Packing with Pack200
  [pack200] Source File :/home/travis/build/igniterealtime/Openfire/work/plugins-dev/stunserver/target/lib/plugin-stunserver-jspc.jar
  [pack200] Dest.  File :/home/travis/build/igniterealtime/Openfire/work/plugins-dev/stunserver/target/lib/plugin-stunserver-jspc.jar.pack
  [pack200] Building: /home/travis/build/igniterealtime/Openfire/work/plugins-dev/stunserver/target/lib/plugin-stunserver.jar.pack
  [pack200] Packing with Pack200
  [pack200] Source File :/home/travis/build/igniterealtime/Openfire/work/plugins-dev/stunserver/target/lib/plugin-stunserver.jar
  [pack200] Dest.  File :/home/travis/build/igniterealtime/Openfire/work/plugins-dev/stunserver/target/lib/plugin-stunserver.jar.pack
     [copy] Copying 4 files to /home/travis/build/igniterealtime/Openfire/work/plugins-dev/stunserver/jar
     [copy] Copying 12 files to /home/travis/build/igniterealtime/Openfire/work/plugins-dev/stunserver/jar
     [copy] Copied 7 empty directories to 5 empty directories under /home/travis/build/igniterealtime/Openfire/work/plugins-dev/stunserver/jar
      [jar] Building jar: /home/travis/build/igniterealtime/Openfire/work/plugins/stunserver.jar
   [delete] Deleting directory /home/travis/build/igniterealtime/Openfire/work/plugins-dev/stunserver/jar
    [mkdir] Created dir: /home/travis/build/igniterealtime/Openfire/work/plugins-dev/xmldebugger
    [mkdir] Created dir: /home/travis/build/igniterealtime/Openfire/work/plugins-dev/xmldebugger/target
    [mkdir] Created dir: /home/travis/build/igniterealtime/Openfire/work/plugins-dev/xmldebugger/target/classes
    [javac] Compiling 3 source files to /home/travis/build/igniterealtime/Openfire/work/plugins-dev/xmldebugger/target/classes
    [mkdir] Created dir: /home/travis/build/igniterealtime/Openfire/work/plugins-dev/xmldebugger/target/lib
    [mkdir] Created dir: /home/travis/build/igniterealtime/Openfire/work/plugins-dev/xmldebugger/work/lib/source
    [mkdir] Created dir: /home/travis/build/igniterealtime/Openfire/work/plugins-dev/xmldebugger/work/lib/classes
      [jar] Building jar: /home/travis/build/igniterealtime/Openfire/work/plugins-dev/xmldebugger/target/lib/plugin-xmldebugger.jar
   [delete] Deleting directory /home/travis/build/igniterealtime/Openfire/work/plugins-dev/xmldebugger/work/lib/classes
   [delete] Deleting directory /home/travis/build/igniterealtime/Openfire/work/plugins-dev/xmldebugger/work/lib/source
    [mkdir] Created dir: /home/travis/build/igniterealtime/Openfire/work/plugins-dev/xmldebugger/jar
     [copy] Copying 3 files to /home/travis/build/igniterealtime/Openfire/work/plugins-dev/xmldebugger/jar
    [mkdir] Created dir: /home/travis/build/igniterealtime/Openfire/work/plugins-dev/xmldebugger/target/jspc/java
    [mkdir] Created dir: /home/travis/build/igniterealtime/Openfire/work/plugins-dev/xmldebugger/target/jspc/classes
     [copy] Copying 11 files to /home/travis/build/igniterealtime/Openfire/work/plugins-dev/xmldebugger/target/web
     [copy] Copying 1 file to /home/travis/build/igniterealtime/Openfire/work/plugins-dev/xmldebugger/target/web/WEB-INF
    [javac] Compiling 1 source file to /home/travis/build/igniterealtime/Openfire/work/plugins-dev/xmldebugger/target/jspc/classes
      [jar] Building jar: /home/travis/build/igniterealtime/Openfire/work/plugins-dev/xmldebugger/target/lib/plugin-xmldebugger-jspc.jar
  [pack200] Building: /home/travis/build/igniterealtime/Openfire/work/plugins-dev/xmldebugger/target/lib/plugin-xmldebugger-jspc.jar.pack
  [pack200] Packing with Pack200
  [pack200] Source File :/home/travis/build/igniterealtime/Openfire/work/plugins-dev/xmldebugger/target/lib/plugin-xmldebugger-jspc.jar
  [pack200] Dest.  File :/home/travis/build/igniterealtime/Openfire/work/plugins-dev/xmldebugger/target/lib/plugin-xmldebugger-jspc.jar.pack
  [pack200] Building: /home/travis/build/igniterealtime/Openfire/work/plugins-dev/xmldebugger/target/lib/plugin-xmldebugger.jar.pack
  [pack200] Packing with Pack200
  [pack200] Source File :/home/travis/build/igniterealtime/Openfire/work/plugins-dev/xmldebugger/target/lib/plugin-xmldebugger.jar
  [pack200] Dest.  File :/home/travis/build/igniterealtime/Openfire/work/plugins-dev/xmldebugger/target/lib/plugin-xmldebugger.jar.pack
     [copy] Copying 3 files to /home/travis/build/igniterealtime/Openfire/work/plugins-dev/xmldebugger/jar
     [copy] Copied 6 empty directories to 5 empty directories under /home/travis/build/igniterealtime/Openfire/work/plugins-dev/xmldebugger/jar
      [jar] Building jar: /home/travis/build/igniterealtime/Openfire/work/plugins/xmldebugger.jar
   [delete] Deleting directory /home/travis/build/igniterealtime/Openfire/work/plugins-dev/xmldebugger/jar
    [mkdir] Created dir: /home/travis/build/igniterealtime/Openfire/work/plugins-dev/hazelcast
    [mkdir] Created dir: /home/travis/build/igniterealtime/Openfire/work/plugins-dev/hazelcast/target
    [mkdir] Created dir: /home/travis/build/igniterealtime/Openfire/work/plugins-dev/hazelcast/target/classes
    [javac] Compiling 27 source files to /home/travis/build/igniterealtime/Openfire/work/plugins-dev/hazelcast/target/classes
    [javac] Note: Some input files use or override a deprecated API.
    [javac] Note: Recompile with -Xlint:deprecation for details.
    [javac] Note: Some input files use unchecked or unsafe operations.
    [javac] Note: Recompile with -Xlint:unchecked for details.
    [mkdir] Created dir: /home/travis/build/igniterealtime/Openfire/work/plugins-dev/hazelcast/target/lib
    [mkdir] Created dir: /home/travis/build/igniterealtime/Openfire/work/plugins-dev/hazelcast/work/lib/source
    [mkdir] Created dir: /home/travis/build/igniterealtime/Openfire/work/plugins-dev/hazelcast/work/lib/classes
      [jar] Building jar: /home/travis/build/igniterealtime/Openfire/work/plugins-dev/hazelcast/target/lib/plugin-hazelcast.jar
   [delete] Deleting directory /home/travis/build/igniterealtime/Openfire/work/plugins-dev/hazelcast/work/lib/classes
   [delete] Deleting directory /home/travis/build/igniterealtime/Openfire/work/plugins-dev/hazelcast/work/lib/source
     [copy] Copying 2 files to /home/travis/build/igniterealtime/Openfire/work/plugins-dev/hazelcast/target/lib
    [mkdir] Created dir: /home/travis/build/igniterealtime/Openfire/work/plugins-dev/hazelcast/jar
     [copy] Copying 5 files to /home/travis/build/igniterealtime/Openfire/work/plugins-dev/hazelcast/jar
    [mkdir] Created dir: /home/travis/build/igniterealtime/Openfire/work/plugins-dev/hazelcast/target/jspc/java
    [mkdir] Created dir: /home/travis/build/igniterealtime/Openfire/work/plugins-dev/hazelcast/target/jspc/classes
     [copy] Copying 12 files to /home/travis/build/igniterealtime/Openfire/work/plugins-dev/hazelcast/target/web
     [copy] Copying 1 file to /home/travis/build/igniterealtime/Openfire/work/plugins-dev/hazelcast/target/web/WEB-INF
    [javac] Compiling 1 source file to /home/travis/build/igniterealtime/Openfire/work/plugins-dev/hazelcast/target/jspc/classes
    [javac] Note: /home/travis/build/igniterealtime/Openfire/work/plugins-dev/hazelcast/target/jspc/java/org/jivesoftware/openfire/plugin/hazelcast/system_002dclustering_002dnode_jsp.java uses or overrides a deprecated API.
    [javac] Note: Recompile with -Xlint:deprecation for details.
      [jar] Building jar: /home/travis/build/igniterealtime/Openfire/work/plugins-dev/hazelcast/target/lib/plugin-hazelcast-jspc.jar
  [pack200] Building: /home/travis/build/igniterealtime/Openfire/work/plugins-dev/hazelcast/target/lib/hazelcast-3.1.7.jar.pack
  [pack200] Packing with Pack200
  [pack200] Source File :/home/travis/build/igniterealtime/Openfire/work/plugins-dev/hazelcast/target/lib/hazelcast-3.1.7.jar
  [pack200] Dest.  File :/home/travis/build/igniterealtime/Openfire/work/plugins-dev/hazelcast/target/lib/hazelcast-3.1.7.jar.pack
  [pack200] Building: /home/travis/build/igniterealtime/Openfire/work/plugins-dev/hazelcast/target/lib/hazelcast-cloud-3.1.7.jar.pack
  [pack200] Packing with Pack200
  [pack200] Source File :/home/travis/build/igniterealtime/Openfire/work/plugins-dev/hazelcast/target/lib/hazelcast-cloud-3.1.7.jar
  [pack200] Dest.  File :/home/travis/build/igniterealtime/Openfire/work/plugins-dev/hazelcast/target/lib/hazelcast-cloud-3.1.7.jar.pack
  [pack200] Building: /home/travis/build/igniterealtime/Openfire/work/plugins-dev/hazelcast/target/lib/plugin-hazelcast-jspc.jar.pack
  [pack200] Packing with Pack200
  [pack200] Source File :/home/travis/build/igniterealtime/Openfire/work/plugins-dev/hazelcast/target/lib/plugin-hazelcast-jspc.jar
  [pack200] Dest.  File :/home/travis/build/igniterealtime/Openfire/work/plugins-dev/hazelcast/target/lib/plugin-hazelcast-jspc.jar.pack
  [pack200] Building: /home/travis/build/igniterealtime/Openfire/work/plugins-dev/hazelcast/target/lib/plugin-hazelcast.jar.pack
  [pack200] Packing with Pack200
  [pack200] Source File :/home/travis/build/igniterealtime/Openfire/work/plugins-dev/hazelcast/target/lib/plugin-hazelcast.jar
  [pack200] Dest.  File :/home/travis/build/igniterealtime/Openfire/work/plugins-dev/hazelcast/target/lib/plugin-hazelcast.jar.pack
     [copy] Copying 5 files to /home/travis/build/igniterealtime/Openfire/work/plugins-dev/hazelcast/jar
     [copy] Copying 3 files to /home/travis/build/igniterealtime/Openfire/work/plugins-dev/hazelcast/jar
     [copy] Copied 11 empty directories to 8 empty directories under /home/travis/build/igniterealtime/Openfire/work/plugins-dev/hazelcast/jar
      [jar] Building jar: /home/travis/build/igniterealtime/Openfire/work/plugins/hazelcast.jar
   [delete] Deleting directory /home/travis/build/igniterealtime/Openfire/work/plugins-dev/hazelcast/jar
    [mkdir] Created dir: /home/travis/build/igniterealtime/Openfire/work/plugins-dev/fastpath
    [mkdir] Created dir: /home/travis/build/igniterealtime/Openfire/work/plugins-dev/fastpath/target
    [mkdir] Created dir: /home/travis/build/igniterealtime/Openfire/work/plugins-dev/fastpath/target/classes
    [javac] Compiling 124 source files to /home/travis/build/igniterealtime/Openfire/work/plugins-dev/fastpath/target/classes
    [javac] Note: Some input files use or override a deprecated API.
    [javac] Note: Recompile with -Xlint:deprecation for details.
    [javac] Note: Some input files use unchecked or unsafe operations.
    [javac] Note: Recompile with -Xlint:unchecked for details.
    [mkdir] Created dir: /home/travis/build/igniterealtime/Openfire/work/plugins-dev/fastpath/target/lib
    [mkdir] Created dir: /home/travis/build/igniterealtime/Openfire/work/plugins-dev/fastpath/work/lib/source
    [mkdir] Created dir: /home/travis/build/igniterealtime/Openfire/work/plugins-dev/fastpath/work/lib/classes
      [jar] Building jar: /home/travis/build/igniterealtime/Openfire/work/plugins-dev/fastpath/target/lib/plugin-fastpath.jar
   [delete] Deleting directory /home/travis/build/igniterealtime/Openfire/work/plugins-dev/fastpath/work/lib/classes
   [delete] Deleting directory /home/travis/build/igniterealtime/Openfire/work/plugins-dev/fastpath/work/lib/source
     [copy] Copying 3 files to /home/travis/build/igniterealtime/Openfire/work/plugins-dev/fastpath/target/lib
    [mkdir] Created dir: /home/travis/build/igniterealtime/Openfire/work/plugins-dev/fastpath/jar
     [copy] Copying 5 files to /home/travis/build/igniterealtime/Openfire/work/plugins-dev/fastpath/jar
    [mkdir] Created dir: /home/travis/build/igniterealtime/Openfire/work/plugins-dev/fastpath/target/jspc/java
    [mkdir] Created dir: /home/travis/build/igniterealtime/Openfire/work/plugins-dev/fastpath/target/jspc/classes
     [copy] Copying 102 files to /home/travis/build/igniterealtime/Openfire/work/plugins-dev/fastpath/target/web
     [copy] Copying 1 file to /home/travis/build/igniterealtime/Openfire/work/plugins-dev/fastpath/target/web/WEB-INF
    [javac] Compiling 41 source files to /home/travis/build/igniterealtime/Openfire/work/plugins-dev/fastpath/target/jspc/classes
    [javac] Note: Some input files use or override a deprecated API.
    [javac] Note: Recompile with -Xlint:deprecation for details.
    [javac] Note: Some input files use unchecked or unsafe operations.
    [javac] Note: Recompile with -Xlint:unchecked for details.
      [jar] Building jar: /home/travis/build/igniterealtime/Openfire/work/plugins-dev/fastpath/target/lib/plugin-fastpath-jspc.jar
  [pack200] Building: /home/travis/build/igniterealtime/Openfire/work/plugins-dev/fastpath/target/lib/commons-fileupload-1.0.jar.pack
  [pack200] Packing with Pack200
  [pack200] Source File :/home/travis/build/igniterealtime/Openfire/work/plugins-dev/fastpath/target/lib/commons-fileupload-1.0.jar
  [pack200] Dest.  File :/home/travis/build/igniterealtime/Openfire/work/plugins-dev/fastpath/target/lib/commons-fileupload-1.0.jar.pack
  [pack200] Building: /home/travis/build/igniterealtime/Openfire/work/plugins-dev/fastpath/target/lib/lucene.jar.pack
  [pack200] Packing with Pack200
  [pack200] Source File :/home/travis/build/igniterealtime/Openfire/work/plugins-dev/fastpath/target/lib/lucene.jar
  [pack200] Dest.  File :/home/travis/build/igniterealtime/Openfire/work/plugins-dev/fastpath/target/lib/lucene.jar.pack
  [pack200] Building: /home/travis/build/igniterealtime/Openfire/work/plugins-dev/fastpath/target/lib/plugin-fastpath-jspc.jar.pack
  [pack200] Packing with Pack200
  [pack200] Source File :/home/travis/build/igniterealtime/Openfire/work/plugins-dev/fastpath/target/lib/plugin-fastpath-jspc.jar
  [pack200] Dest.  File :/home/travis/build/igniterealtime/Openfire/work/plugins-dev/fastpath/target/lib/plugin-fastpath-jspc.jar.pack
  [pack200] Building: /home/travis/build/igniterealtime/Openfire/work/plugins-dev/fastpath/target/lib/plugin-fastpath.jar.pack
  [pack200] Packing with Pack200
  [pack200] Source File :/home/travis/build/igniterealtime/Openfire/work/plugins-dev/fastpath/target/lib/plugin-fastpath.jar
  [pack200] Dest.  File :/home/travis/build/igniterealtime/Openfire/work/plugins-dev/fastpath/target/lib/plugin-fastpath.jar.pack
  [pack200] Building: /home/travis/build/igniterealtime/Openfire/work/plugins-dev/fastpath/target/lib/xstream.jar.pack
  [pack200] Packing with Pack200
  [pack200] Source File :/home/travis/build/igniterealtime/Openfire/work/plugins-dev/fastpath/target/lib/xstream.jar
  [pack200] Dest.  File :/home/travis/build/igniterealtime/Openfire/work/plugins-dev/fastpath/target/lib/xstream.jar.pack
     [copy] Copying 7 files to /home/travis/build/igniterealtime/Openfire/work/plugins-dev/fastpath/jar
     [copy] Copying 56 files to /home/travis/build/igniterealtime/Openfire/work/plugins-dev/fastpath/jar
     [copy] Copied 35 empty directories to 30 empty directories under /home/travis/build/igniterealtime/Openfire/work/plugins-dev/fastpath/jar
      [jar] Building jar: /home/travis/build/igniterealtime/Openfire/work/plugins/fastpath.jar
   [delete] Deleting directory /home/travis/build/igniterealtime/Openfire/work/plugins-dev/fastpath/jar
    [mkdir] Created dir: /home/travis/build/igniterealtime/Openfire/work/plugins-dev/registration
    [mkdir] Created dir: /home/travis/build/igniterealtime/Openfire/work/plugins-dev/registration/target
    [mkdir] Created dir: /home/travis/build/igniterealtime/Openfire/work/plugins-dev/registration/target/classes
    [javac] Compiling 1 source file to /home/travis/build/igniterealtime/Openfire/work/plugins-dev/registration/target/classes
    [mkdir] Created dir: /home/travis/build/igniterealtime/Openfire/work/plugins-dev/registration/target/lib
    [mkdir] Created dir: /home/travis/build/igniterealtime/Openfire/work/plugins-dev/registration/work/lib/source
    [mkdir] Created dir: /home/travis/build/igniterealtime/Openfire/work/plugins-dev/registration/work/lib/classes
      [jar] Building jar: /home/travis/build/igniterealtime/Openfire/work/plugins-dev/registration/target/lib/plugin-registration.jar
   [delete] Deleting directory /home/travis/build/igniterealtime/Openfire/work/plugins-dev/registration/work/lib/classes
   [delete] Deleting directory /home/travis/build/igniterealtime/Openfire/work/plugins-dev/registration/work/lib/source
     [copy] Copying 1 file to /home/travis/build/igniterealtime/Openfire/work/plugins-dev/registration/target/lib
    [mkdir] Created dir: /home/travis/build/igniterealtime/Openfire/work/plugins-dev/registration/jar
     [copy] Copying 5 files to /home/travis/build/igniterealtime/Openfire/work/plugins-dev/registration/jar
    [mkdir] Created dir: /home/travis/build/igniterealtime/Openfire/work/plugins-dev/registration/target/jspc/java
    [mkdir] Created dir: /home/travis/build/igniterealtime/Openfire/work/plugins-dev/registration/target/jspc/classes
     [copy] Copying 15 files to /home/travis/build/igniterealtime/Openfire/work/plugins-dev/registration/target/web
     [copy] Copying 1 file to /home/travis/build/igniterealtime/Openfire/work/plugins-dev/registration/target/web/WEB-INF
    [javac] Compiling 2 source files to /home/travis/build/igniterealtime/Openfire/work/plugins-dev/registration/target/jspc/classes
    [javac] Note: /home/travis/build/igniterealtime/Openfire/work/plugins-dev/registration/target/jspc/java/org/jivesoftware/openfire/plugin/registration/sign_002dup_jsp.java uses or overrides a deprecated API.
    [javac] Note: Recompile with -Xlint:deprecation for details.
    [javac] Note: /home/travis/build/igniterealtime/Openfire/work/plugins-dev/registration/target/jspc/java/org/jivesoftware/openfire/plugin/registration/sign_002dup_jsp.java uses unchecked or unsafe operations.
    [javac] Note: Recompile with -Xlint:unchecked for details.
      [jar] Building jar: /home/travis/build/igniterealtime/Openfire/work/plugins-dev/registration/target/lib/plugin-registration-jspc.jar
  [pack200] Building: /home/travis/build/igniterealtime/Openfire/work/plugins-dev/registration/target/lib/plugin-registration-jspc.jar.pack
  [pack200] Packing with Pack200
  [pack200] Source File :/home/travis/build/igniterealtime/Openfire/work/plugins-dev/registration/target/lib/plugin-registration-jspc.jar
  [pack200] Dest.  File :/home/travis/build/igniterealtime/Openfire/work/plugins-dev/registration/target/lib/plugin-registration-jspc.jar.pack
  [pack200] Building: /home/travis/build/igniterealtime/Openfire/work/plugins-dev/registration/target/lib/plugin-registration.jar.pack
  [pack200] Packing with Pack200
  [pack200] Source File :/home/travis/build/igniterealtime/Openfire/work/plugins-dev/registration/target/lib/plugin-registration.jar
  [pack200] Dest.  File :/home/travis/build/igniterealtime/Openfire/work/plugins-dev/registration/target/lib/plugin-registration.jar.pack
  [pack200] Building: /home/travis/build/igniterealtime/Openfire/work/plugins-dev/registration/target/lib/recaptcha4j.jar.pack
  [pack200] Packing with Pack200
  [pack200] Source File :/home/travis/build/igniterealtime/Openfire/work/plugins-dev/registration/target/lib/recaptcha4j.jar
  [pack200] Dest.  File :/home/travis/build/igniterealtime/Openfire/work/plugins-dev/registration/target/lib/recaptcha4j.jar.pack
     [copy] Copying 4 files to /home/travis/build/igniterealtime/Openfire/work/plugins-dev/registration/jar
     [copy] Copying 4 files to /home/travis/build/igniterealtime/Openfire/work/plugins-dev/registration/jar
     [copy] Copied 8 empty directories to 5 empty directories under /home/travis/build/igniterealtime/Openfire/work/plugins-dev/registration/jar
      [jar] Building jar: /home/travis/build/igniterealtime/Openfire/work/plugins/registration.jar
   [delete] Deleting directory /home/travis/build/igniterealtime/Openfire/work/plugins-dev/registration/jar
     [echo] bypassing clustering plugin, build via single plugin target if needed
    [mkdir] Created dir: /home/travis/build/igniterealtime/Openfire/work/plugins-dev/motd
    [mkdir] Created dir: /home/travis/build/igniterealtime/Openfire/work/plugins-dev/motd/target
    [mkdir] Created dir: /home/travis/build/igniterealtime/Openfire/work/plugins-dev/motd/target/classes
    [javac] Compiling 1 source file to /home/travis/build/igniterealtime/Openfire/work/plugins-dev/motd/target/classes
    [mkdir] Created dir: /home/travis/build/igniterealtime/Openfire/work/plugins-dev/motd/target/lib
    [mkdir] Created dir: /home/travis/build/igniterealtime/Openfire/work/plugins-dev/motd/work/lib/source
    [mkdir] Created dir: /home/travis/build/igniterealtime/Openfire/work/plugins-dev/motd/work/lib/classes
      [jar] Building jar: /home/travis/build/igniterealtime/Openfire/work/plugins-dev/motd/target/lib/plugin-motd.jar
   [delete] Deleting directory /home/travis/build/igniterealtime/Openfire/work/plugins-dev/motd/work/lib/classes
   [delete] Deleting directory /home/travis/build/igniterealtime/Openfire/work/plugins-dev/motd/work/lib/source
    [mkdir] Created dir: /home/travis/build/igniterealtime/Openfire/work/plugins-dev/motd/jar
     [copy] Copying 5 files to /home/travis/build/igniterealtime/Openfire/work/plugins-dev/motd/jar
    [mkdir] Created dir: /home/travis/build/igniterealtime/Openfire/work/plugins-dev/motd/target/jspc/java
    [mkdir] Created dir: /home/travis/build/igniterealtime/Openfire/work/plugins-dev/motd/target/jspc/classes
     [copy] Copying 13 files to /home/travis/build/igniterealtime/Openfire/work/plugins-dev/motd/target/web
     [copy] Copying 1 file to /home/travis/build/igniterealtime/Openfire/work/plugins-dev/motd/target/web/WEB-INF
    [javac] Compiling 1 source file to /home/travis/build/igniterealtime/Openfire/work/plugins-dev/motd/target/jspc/classes
      [jar] Building jar: /home/travis/build/igniterealtime/Openfire/work/plugins-dev/motd/target/lib/plugin-motd-jspc.jar
  [pack200] Building: /home/travis/build/igniterealtime/Openfire/work/plugins-dev/motd/target/lib/plugin-motd-jspc.jar.pack
  [pack200] Packing with Pack200
  [pack200] Source File :/home/travis/build/igniterealtime/Openfire/work/plugins-dev/motd/target/lib/plugin-motd-jspc.jar
  [pack200] Dest.  File :/home/travis/build/igniterealtime/Openfire/work/plugins-dev/motd/target/lib/plugin-motd-jspc.jar.pack
  [pack200] Building: /home/travis/build/igniterealtime/Openfire/work/plugins-dev/motd/target/lib/plugin-motd.jar.pack
  [pack200] Packing with Pack200
  [pack200] Source File :/home/travis/build/igniterealtime/Openfire/work/plugins-dev/motd/target/lib/plugin-motd.jar
  [pack200] Dest.  File :/home/travis/build/igniterealtime/Openfire/work/plugins-dev/motd/target/lib/plugin-motd.jar.pack
     [copy] Copying 3 files to /home/travis/build/igniterealtime/Openfire/work/plugins-dev/motd/jar
     [copy] Copying 3 files to /home/travis/build/igniterealtime/Openfire/work/plugins-dev/motd/jar
     [copy] Copied 8 empty directories to 5 empty directories under /home/travis/build/igniterealtime/Openfire/work/plugins-dev/motd/jar
      [jar] Building jar: /home/travis/build/igniterealtime/Openfire/work/plugins/motd.jar
   [delete] Deleting directory /home/travis/build/igniterealtime/Openfire/work/plugins-dev/motd/jar
    [mkdir] Created dir: /home/travis/build/igniterealtime/Openfire/work/plugins-dev/nodejs
    [mkdir] Created dir: /home/travis/build/igniterealtime/Openfire/work/plugins-dev/nodejs/target
    [mkdir] Created dir: /home/travis/build/igniterealtime/Openfire/work/plugins-dev/nodejs/target/classes
    [javac] Compiling 3 source files to /home/travis/build/igniterealtime/Openfire/work/plugins-dev/nodejs/target/classes
    [javac] Note: /home/travis/build/igniterealtime/Openfire/src/plugins/nodejs/src/java/org/ifsoft/nodejs/openfire/NodeThread.java uses or overrides a deprecated API.
    [javac] Note: Recompile with -Xlint:deprecation for details.
    [mkdir] Created dir: /home/travis/build/igniterealtime/Openfire/work/plugins-dev/nodejs/target/lib
    [mkdir] Created dir: /home/travis/build/igniterealtime/Openfire/work/plugins-dev/nodejs/work/lib/source
    [mkdir] Created dir: /home/travis/build/igniterealtime/Openfire/work/plugins-dev/nodejs/work/lib/classes
      [jar] Building jar: /home/travis/build/igniterealtime/Openfire/work/plugins-dev/nodejs/target/lib/plugin-nodejs.jar
   [delete] Deleting directory /home/travis/build/igniterealtime/Openfire/work/plugins-dev/nodejs/work/lib/classes
   [delete] Deleting directory /home/travis/build/igniterealtime/Openfire/work/plugins-dev/nodejs/work/lib/source
    [mkdir] Created dir: /home/travis/build/igniterealtime/Openfire/work/plugins-dev/nodejs/jar
     [copy] Copying 5 files to /home/travis/build/igniterealtime/Openfire/work/plugins-dev/nodejs/jar
    [mkdir] Created dir: /home/travis/build/igniterealtime/Openfire/work/plugins-dev/nodejs/target/jspc/java
    [mkdir] Created dir: /home/travis/build/igniterealtime/Openfire/work/plugins-dev/nodejs/target/jspc/classes
     [copy] Copying 11 files to /home/travis/build/igniterealtime/Openfire/work/plugins-dev/nodejs/target/web
     [copy] Copying 1 file to /home/travis/build/igniterealtime/Openfire/work/plugins-dev/nodejs/target/web/WEB-INF
    [javac] Compiling 1 source file to /home/travis/build/igniterealtime/Openfire/work/plugins-dev/nodejs/target/jspc/classes
      [jar] Building jar: /home/travis/build/igniterealtime/Openfire/work/plugins-dev/nodejs/target/lib/plugin-nodejs-jspc.jar
  [pack200] Building: /home/travis/build/igniterealtime/Openfire/work/plugins-dev/nodejs/target/lib/plugin-nodejs-jspc.jar.pack
  [pack200] Packing with Pack200
  [pack200] Source File :/home/travis/build/igniterealtime/Openfire/work/plugins-dev/nodejs/target/lib/plugin-nodejs-jspc.jar
  [pack200] Dest.  File :/home/travis/build/igniterealtime/Openfire/work/plugins-dev/nodejs/target/lib/plugin-nodejs-jspc.jar.pack
  [pack200] Building: /home/travis/build/igniterealtime/Openfire/work/plugins-dev/nodejs/target/lib/plugin-nodejs.jar.pack
  [pack200] Packing with Pack200
  [pack200] Source File :/home/travis/build/igniterealtime/Openfire/work/plugins-dev/nodejs/target/lib/plugin-nodejs.jar
  [pack200] Dest.  File :/home/travis/build/igniterealtime/Openfire/work/plugins-dev/nodejs/target/lib/plugin-nodejs.jar.pack
     [copy] Copying 3 files to /home/travis/build/igniterealtime/Openfire/work/plugins-dev/nodejs/jar
     [copy] Copying 6 files to /home/travis/build/igniterealtime/Openfire/work/plugins-dev/nodejs/jar
     [copy] Copied 15 empty directories to 7 empty directories under /home/travis/build/igniterealtime/Openfire/work/plugins-dev/nodejs/jar
      [jar] Building jar: /home/travis/build/igniterealtime/Openfire/work/plugins/nodejs.jar
   [delete] Deleting directory /home/travis/build/igniterealtime/Openfire/work/plugins-dev/nodejs/jar
    [mkdir] Created dir: /home/travis/build/igniterealtime/Openfire/work/plugins-dev/subscription
    [mkdir] Created dir: /home/travis/build/igniterealtime/Openfire/work/plugins-dev/subscription/target
    [mkdir] Created dir: /home/travis/build/igniterealtime/Openfire/work/plugins-dev/subscription/target/classes
    [javac] Compiling 1 source file to /home/travis/build/igniterealtime/Openfire/work/plugins-dev/subscription/target/classes
    [mkdir] Created dir: /home/travis/build/igniterealtime/Openfire/work/plugins-dev/subscription/target/lib
    [mkdir] Created dir: /home/travis/build/igniterealtime/Openfire/work/plugins-dev/subscription/work/lib/source
    [mkdir] Created dir: /home/travis/build/igniterealtime/Openfire/work/plugins-dev/subscription/work/lib/classes
      [jar] Building jar: /home/travis/build/igniterealtime/Openfire/work/plugins-dev/subscription/target/lib/plugin-subscription.jar
   [delete] Deleting directory /home/travis/build/igniterealtime/Openfire/work/plugins-dev/subscription/work/lib/classes
   [delete] Deleting directory /home/travis/build/igniterealtime/Openfire/work/plugins-dev/subscription/work/lib/source
    [mkdir] Created dir: /home/travis/build/igniterealtime/Openfire/work/plugins-dev/subscription/jar
     [copy] Copying 5 files to /home/travis/build/igniterealtime/Openfire/work/plugins-dev/subscription/jar
    [mkdir] Created dir: /home/travis/build/igniterealtime/Openfire/work/plugins-dev/subscription/target/jspc/java
    [mkdir] Created dir: /home/travis/build/igniterealtime/Openfire/work/plugins-dev/subscription/target/jspc/classes
     [copy] Copying 14 files to /home/travis/build/igniterealtime/Openfire/work/plugins-dev/subscription/target/web
     [copy] Copying 1 file to /home/travis/build/igniterealtime/Openfire/work/plugins-dev/subscription/target/web/WEB-INF
    [javac] Compiling 1 source file to /home/travis/build/igniterealtime/Openfire/work/plugins-dev/subscription/target/jspc/classes
      [jar] Building jar: /home/travis/build/igniterealtime/Openfire/work/plugins-dev/subscription/target/lib/plugin-subscription-jspc.jar
  [pack200] Building: /home/travis/build/igniterealtime/Openfire/work/plugins-dev/subscription/target/lib/plugin-subscription-jspc.jar.pack
  [pack200] Packing with Pack200
  [pack200] Source File :/home/travis/build/igniterealtime/Openfire/work/plugins-dev/subscription/target/lib/plugin-subscription-jspc.jar
  [pack200] Dest.  File :/home/travis/build/igniterealtime/Openfire/work/plugins-dev/subscription/target/lib/plugin-subscription-jspc.jar.pack
  [pack200] Building: /home/travis/build/igniterealtime/Openfire/work/plugins-dev/subscription/target/lib/plugin-subscription.jar.pack
  [pack200] Packing with Pack200
  [pack200] Source File :/home/travis/build/igniterealtime/Openfire/work/plugins-dev/subscription/target/lib/plugin-subscription.jar
  [pack200] Dest.  File :/home/travis/build/igniterealtime/Openfire/work/plugins-dev/subscription/target/lib/plugin-subscription.jar.pack
     [copy] Copying 3 files to /home/travis/build/igniterealtime/Openfire/work/plugins-dev/subscription/jar
     [copy] Copying 3 files to /home/travis/build/igniterealtime/Openfire/work/plugins-dev/subscription/jar
     [copy] Copied 7 empty directories to 5 empty directories under /home/travis/build/igniterealtime/Openfire/work/plugins-dev/subscription/jar
      [jar] Building jar: /home/travis/build/igniterealtime/Openfire/work/plugins/subscription.jar
   [delete] Deleting directory /home/travis/build/igniterealtime/Openfire/work/plugins-dev/subscription/jar
    [mkdir] Created dir: /home/travis/build/igniterealtime/Openfire/work/plugins-dev/dbaccess
    [mkdir] Created dir: /home/travis/build/igniterealtime/Openfire/work/plugins-dev/dbaccess/target
    [mkdir] Created dir: /home/travis/build/igniterealtime/Openfire/work/plugins-dev/dbaccess/target/classes
    [javac] Compiling 1 source file to /home/travis/build/igniterealtime/Openfire/work/plugins-dev/dbaccess/target/classes
    [mkdir] Created dir: /home/travis/build/igniterealtime/Openfire/work/plugins-dev/dbaccess/target/lib
    [mkdir] Created dir: /home/travis/build/igniterealtime/Openfire/work/plugins-dev/dbaccess/work/lib/source
    [mkdir] Created dir: /home/travis/build/igniterealtime/Openfire/work/plugins-dev/dbaccess/work/lib/classes
      [jar] Building jar: /home/travis/build/igniterealtime/Openfire/work/plugins-dev/dbaccess/target/lib/plugin-dbaccess.jar
   [delete] Deleting directory /home/travis/build/igniterealtime/Openfire/work/plugins-dev/dbaccess/work/lib/classes
   [delete] Deleting directory /home/travis/build/igniterealtime/Openfire/work/plugins-dev/dbaccess/work/lib/source
    [mkdir] Created dir: /home/travis/build/igniterealtime/Openfire/work/plugins-dev/dbaccess/jar
     [copy] Copying 5 files to /home/travis/build/igniterealtime/Openfire/work/plugins-dev/dbaccess/jar
    [mkdir] Created dir: /home/travis/build/igniterealtime/Openfire/work/plugins-dev/dbaccess/target/jspc/java
    [mkdir] Created dir: /home/travis/build/igniterealtime/Openfire/work/plugins-dev/dbaccess/target/jspc/classes
     [copy] Copying 11 files to /home/travis/build/igniterealtime/Openfire/work/plugins-dev/dbaccess/target/web
     [copy] Copying 1 file to /home/travis/build/igniterealtime/Openfire/work/plugins-dev/dbaccess/target/web/WEB-INF
    [javac] Compiling 1 source file to /home/travis/build/igniterealtime/Openfire/work/plugins-dev/dbaccess/target/jspc/classes
      [jar] Building jar: /home/travis/build/igniterealtime/Openfire/work/plugins-dev/dbaccess/target/lib/plugin-dbaccess-jspc.jar
  [pack200] Building: /home/travis/build/igniterealtime/Openfire/work/plugins-dev/dbaccess/target/lib/plugin-dbaccess-jspc.jar.pack
  [pack200] Packing with Pack200
  [pack200] Source File :/home/travis/build/igniterealtime/Openfire/work/plugins-dev/dbaccess/target/lib/plugin-dbaccess-jspc.jar
  [pack200] Dest.  File :/home/travis/build/igniterealtime/Openfire/work/plugins-dev/dbaccess/target/lib/plugin-dbaccess-jspc.jar.pack
  [pack200] Building: /home/travis/build/igniterealtime/Openfire/work/plugins-dev/dbaccess/target/lib/plugin-dbaccess.jar.pack
  [pack200] Packing with Pack200
  [pack200] Source File :/home/travis/build/igniterealtime/Openfire/work/plugins-dev/dbaccess/target/lib/plugin-dbaccess.jar
  [pack200] Dest.  File :/home/travis/build/igniterealtime/Openfire/work/plugins-dev/dbaccess/target/lib/plugin-dbaccess.jar.pack
     [copy] Copying 3 files to /home/travis/build/igniterealtime/Openfire/work/plugins-dev/dbaccess/jar
     [copy] Copied 6 empty directories to 5 empty directories under /home/travis/build/igniterealtime/Openfire/work/plugins-dev/dbaccess/jar
      [jar] Building jar: /home/travis/build/igniterealtime/Openfire/work/plugins/dbaccess.jar
   [delete] Deleting directory /home/travis/build/igniterealtime/Openfire/work/plugins-dev/dbaccess/jar
    [mkdir] Created dir: /home/travis/build/igniterealtime/Openfire/work/plugins-dev/rayo
    [mkdir] Created dir: /home/travis/build/igniterealtime/Openfire/work/plugins-dev/rayo/target
    [mkdir] Created dir: /home/travis/build/igniterealtime/Openfire/work/plugins-dev/rayo/target/classes
    [javac] Compiling 227 source files to /home/travis/build/igniterealtime/Openfire/work/plugins-dev/rayo/target/classes
    [javac] /home/travis/build/igniterealtime/Openfire/src/plugins/rayo/src/java/com/sun/voip/server/SipServer.java:161: warning: unreachable catch clause
    [javac]         } catch(SipException e) {
    [javac]           ^
    [javac]   thrown type PeerUnavailableException has already been caught
    [javac] /home/travis/build/igniterealtime/Openfire/src/plugins/rayo/src/java/com/sun/voip/server/SipIncomingCallAgent.java:213: warning: unreachable catch clause
    [javac]         } catch (SipException e) {
    [javac]           ^
    [javac]   thrown type TransactionDoesNotExistException has already been caught
    [javac] /home/travis/build/igniterealtime/Openfire/src/plugins/rayo/src/java/com/sun/voip/server/SipTPCCallAgent.java:261: warning: unreachable catch clause
    [javac]         } catch (SipException e) {
    [javac]           ^
    [javac]   thrown type TransactionDoesNotExistException has already been caught
    [javac] Note: Some input files use or override a deprecated API.
    [javac] Note: Recompile with -Xlint:deprecation for details.
    [javac] Note: Some input files use unchecked or unsafe operations.
    [javac] Note: Recompile with -Xlint:unchecked for details.
    [javac] 3 warnings
    [mkdir] Created dir: /home/travis/build/igniterealtime/Openfire/work/plugins-dev/rayo/target/lib
    [mkdir] Created dir: /home/travis/build/igniterealtime/Openfire/work/plugins-dev/rayo/work/lib/source
    [mkdir] Created dir: /home/travis/build/igniterealtime/Openfire/work/plugins-dev/rayo/work/lib/classes
      [jar] Building jar: /home/travis/build/igniterealtime/Openfire/work/plugins-dev/rayo/target/lib/plugin-rayo.jar
   [delete] Deleting directory /home/travis/build/igniterealtime/Openfire/work/plugins-dev/rayo/work/lib/classes
   [delete] Deleting directory /home/travis/build/igniterealtime/Openfire/work/plugins-dev/rayo/work/lib/source
     [copy] Copying 33 files to /home/travis/build/igniterealtime/Openfire/work/plugins-dev/rayo/target/lib
    [mkdir] Created dir: /home/travis/build/igniterealtime/Openfire/work/plugins-dev/rayo/jar
     [copy] Copying 5 files to /home/travis/build/igniterealtime/Openfire/work/plugins-dev/rayo/jar
    [mkdir] Created dir: /home/travis/build/igniterealtime/Openfire/work/plugins-dev/rayo/target/jspc/java
    [mkdir] Created dir: /home/travis/build/igniterealtime/Openfire/work/plugins-dev/rayo/target/jspc/classes
     [copy] Copying 11 files to /home/travis/build/igniterealtime/Openfire/work/plugins-dev/rayo/target/web
     [copy] Copying 1 file to /home/travis/build/igniterealtime/Openfire/work/plugins-dev/rayo/target/web/WEB-INF
    [javac] Compiling 1 source file to /home/travis/build/igniterealtime/Openfire/work/plugins-dev/rayo/target/jspc/classes
      [jar] Building jar: /home/travis/build/igniterealtime/Openfire/work/plugins-dev/rayo/target/lib/plugin-rayo-jspc.jar
  [pack200] Building: /home/travis/build/igniterealtime/Openfire/work/plugins-dev/rayo/target/lib/classmate-0.8.0.jar.pack
  [pack200] Packing with Pack200
  [pack200] Source File :/home/travis/build/igniterealtime/Openfire/work/plugins-dev/rayo/target/lib/classmate-0.8.0.jar
  [pack200] Dest.  File :/home/travis/build/igniterealtime/Openfire/work/plugins-dev/rayo/target/lib/classmate-0.8.0.jar.pack
  [pack200] Building: /home/travis/build/igniterealtime/Openfire/work/plugins-dev/rayo/target/lib/cmu_us_kal.jar.pack
  [pack200] Packing with Pack200
  [pack200] Source File :/home/travis/build/igniterealtime/Openfire/work/plugins-dev/rayo/target/lib/cmu_us_kal.jar
  [pack200] Dest.  File :/home/travis/build/igniterealtime/Openfire/work/plugins-dev/rayo/target/lib/cmu_us_kal.jar.pack
  [pack200] Building: /home/travis/build/igniterealtime/Openfire/work/plugins-dev/rayo/target/lib/cmudict04.jar.pack
  [pack200] Packing with Pack200
  [pack200] Source File :/home/travis/build/igniterealtime/Openfire/work/plugins-dev/rayo/target/lib/cmudict04.jar
  [pack200] Dest.  File :/home/travis/build/igniterealtime/Openfire/work/plugins-dev/rayo/target/lib/cmudict04.jar.pack
  [pack200] Building: /home/travis/build/igniterealtime/Openfire/work/plugins-dev/rayo/target/lib/cmulex.jar.pack
  [pack200] Packing with Pack200
  [pack200] Source File :/home/travis/build/igniterealtime/Openfire/work/plugins-dev/rayo/target/lib/cmulex.jar
  [pack200] Dest.  File :/home/travis/build/igniterealtime/Openfire/work/plugins-dev/rayo/target/lib/cmulex.jar.pack
  [pack200] Building: /home/travis/build/igniterealtime/Openfire/work/plugins-dev/rayo/target/lib/cmutimelex.jar.pack
  [pack200] Packing with Pack200
  [pack200] Source File :/home/travis/build/igniterealtime/Openfire/work/plugins-dev/rayo/target/lib/cmutimelex.jar
  [pack200] Dest.  File :/home/travis/build/igniterealtime/Openfire/work/plugins-dev/rayo/target/lib/cmutimelex.jar.pack
  [pack200] Building: /home/travis/build/igniterealtime/Openfire/work/plugins-dev/rayo/target/lib/codecLib_dtmf.jar.pack
  [pack200] Packing with Pack200
  [pack200] Source File :/home/travis/build/igniterealtime/Openfire/work/plugins-dev/rayo/target/lib/codecLib_dtmf.jar
  [pack200] Dest.  File :/home/travis/build/igniterealtime/Openfire/work/plugins-dev/rayo/target/lib/codecLib_dtmf.jar.pack
  [pack200] Building: /home/travis/build/igniterealtime/Openfire/work/plugins-dev/rayo/target/lib/concurrent.jar.pack
  [pack200] Packing with Pack200
  [pack200] Source File :/home/travis/build/igniterealtime/Openfire/work/plugins-dev/rayo/target/lib/concurrent.jar
  [pack200] Dest.  File :/home/travis/build/igniterealtime/Openfire/work/plugins-dev/rayo/target/lib/concurrent.jar.pack
  [pack200] Building: /home/travis/build/igniterealtime/Openfire/work/plugins-dev/rayo/target/lib/en_us.jar.pack
  [pack200] Packing with Pack200
  [pack200] Source File :/home/travis/build/igniterealtime/Openfire/work/plugins-dev/rayo/target/lib/en_us.jar
  [pack200] Dest.  File :/home/travis/build/igniterealtime/Openfire/work/plugins-dev/rayo/target/lib/en_us.jar.pack
  [pack200] Building: /home/travis/build/igniterealtime/Openfire/work/plugins-dev/rayo/target/lib/freetts.jar.pack
  [pack200] Packing with Pack200
  [pack200] Source File :/home/travis/build/igniterealtime/Openfire/work/plugins-dev/rayo/target/lib/freetts.jar
  [pack200] Dest.  File :/home/travis/build/igniterealtime/Openfire/work/plugins-dev/rayo/target/lib/freetts.jar.pack
  [pack200] Building: /home/travis/build/igniterealtime/Openfire/work/plugins-dev/rayo/target/lib/guava-11.0.1.jar.pack
  [pack200] Packing with Pack200
  [pack200] Source File :/home/travis/build/igniterealtime/Openfire/work/plugins-dev/rayo/target/lib/guava-11.0.1.jar
  [pack200] Dest.  File :/home/travis/build/igniterealtime/Openfire/work/plugins-dev/rayo/target/lib/guava-11.0.1.jar.pack
  [pack200] Building: /home/travis/build/igniterealtime/Openfire/work/plugins-dev/rayo/target/lib/hibernate-validator-5.0.1.Final.jar.pack
  [pack200] Packing with Pack200
  [pack200] Source File :/home/travis/build/igniterealtime/Openfire/work/plugins-dev/rayo/target/lib/hibernate-validator-5.0.1.Final.jar
  [pack200] Dest.  File :/home/travis/build/igniterealtime/Openfire/work/plugins-dev/rayo/target/lib/hibernate-validator-5.0.1.Final.jar.pack
  [pack200] Building: /home/travis/build/igniterealtime/Openfire/work/plugins-dev/rayo/target/lib/jain-sip-api.jar.pack
  [pack200] Packing with Pack200
  [pack200] Source File :/home/travis/build/igniterealtime/Openfire/work/plugins-dev/rayo/target/lib/jain-sip-api.jar
  [pack200] Dest.  File :/home/travis/build/igniterealtime/Openfire/work/plugins-dev/rayo/target/lib/jain-sip-api.jar.pack
  [pack200] Building: /home/travis/build/igniterealtime/Openfire/work/plugins-dev/rayo/target/lib/jain-sip-ri.jar.pack
  [pack200] Packing with Pack200
  [pack200] Source File :/home/travis/build/igniterealtime/Openfire/work/plugins-dev/rayo/target/lib/jain-sip-ri.jar
  [pack200] Dest.  File :/home/travis/build/igniterealtime/Openfire/work/plugins-dev/rayo/target/lib/jain-sip-ri.jar.pack
  [pack200] Building: /home/travis/build/igniterealtime/Openfire/work/plugins-dev/rayo/target/lib/javax.el-2.2.4.jar.pack
  [pack200] Packing with Pack200
  [pack200] Source File :/home/travis/build/igniterealtime/Openfire/work/plugins-dev/rayo/target/lib/javax.el-2.2.4.jar
  [pack200] Dest.  File :/home/travis/build/igniterealtime/Openfire/work/plugins-dev/rayo/target/lib/javax.el-2.2.4.jar.pack
  [pack200] Building: /home/travis/build/igniterealtime/Openfire/work/plugins-dev/rayo/target/lib/javax.el-api-2.2.4.jar.pack
  [pack200] Packing with Pack200
  [pack200] Source File :/home/travis/build/igniterealtime/Openfire/work/plugins-dev/rayo/target/lib/javax.el-api-2.2.4.jar
  [pack200] Dest.  File :/home/travis/build/igniterealtime/Openfire/work/plugins-dev/rayo/target/lib/javax.el-api-2.2.4.jar.pack
  [pack200] Building: /home/travis/build/igniterealtime/Openfire/work/plugins-dev/rayo/target/lib/jboss-logging-3.1.1.GA.jar.pack
  [pack200] Packing with Pack200
  [pack200] Source File :/home/travis/build/igniterealtime/Openfire/work/plugins-dev/rayo/target/lib/jboss-logging-3.1.1.GA.jar
  [pack200] Dest.  File :/home/travis/build/igniterealtime/Openfire/work/plugins-dev/rayo/target/lib/jboss-logging-3.1.1.GA.jar.pack
  [pack200] Building: /home/travis/build/igniterealtime/Openfire/work/plugins-dev/rayo/target/lib/joda-time-2.3.jar.pack
  [pack200] Packing with Pack200
  [pack200] Source File :/home/travis/build/igniterealtime/Openfire/work/plugins-dev/rayo/target/lib/joda-time-2.3.jar
  [pack200] Dest.  File :/home/travis/build/igniterealtime/Openfire/work/plugins-dev/rayo/target/lib/joda-time-2.3.jar.pack
  [pack200] Building: /home/travis/build/igniterealtime/Openfire/work/plugins-dev/rayo/target/lib/jspeex.jar.pack
  [pack200] Packing with Pack200
  [pack200] Source File :/home/travis/build/igniterealtime/Openfire/work/plugins-dev/rayo/target/lib/jspeex.jar
  [pack200] Dest.  File :/home/travis/build/igniterealtime/Openfire/work/plugins-dev/rayo/target/lib/jspeex.jar.pack
  [pack200] Building: /home/travis/build/igniterealtime/Openfire/work/plugins-dev/rayo/target/lib/log4j-1.2.8.jar.pack
  [pack200] Packing with Pack200
  [pack200] Source File :/home/travis/build/igniterealtime/Openfire/work/plugins-dev/rayo/target/lib/log4j-1.2.8.jar
  [pack200] Dest.  File :/home/travis/build/igniterealtime/Openfire/work/plugins-dev/rayo/target/lib/log4j-1.2.8.jar.pack
  [pack200] Building: /home/travis/build/igniterealtime/Openfire/work/plugins-dev/rayo/target/lib/moho-api-trunk-SNAPSHOT.jar.pack
  [pack200] Packing with Pack200
  [pack200] Source File :/home/travis/build/igniterealtime/Openfire/work/plugins-dev/rayo/target/lib/moho-api-trunk-SNAPSHOT.jar
  [pack200] Dest.  File :/home/travis/build/igniterealtime/Openfire/work/plugins-dev/rayo/target/lib/moho-api-trunk-SNAPSHOT.jar.pack
  [pack200] Building: /home/travis/build/igniterealtime/Openfire/work/plugins-dev/rayo/target/lib/mscontrol-api-1.0-SNAPSHOT.jar.pack
  [pack200] Packing with Pack200
  [pack200] Source File :/home/travis/build/igniterealtime/Openfire/work/plugins-dev/rayo/target/lib/mscontrol-api-1.0-SNAPSHOT.jar
  [pack200] Dest.  File :/home/travis/build/igniterealtime/Openfire/work/plugins-dev/rayo/target/lib/mscontrol-api-1.0-SNAPSHOT.jar.pack
  [pack200] Building: /home/travis/build/igniterealtime/Openfire/work/plugins-dev/rayo/target/lib/netty-3.5.1.Final.jar.pack
  [pack200] Packing with Pack200
  [pack200] Source File :/home/travis/build/igniterealtime/Openfire/work/plugins-dev/rayo/target/lib/netty-3.5.1.Final.jar
  [pack200] Dest.  File :/home/travis/build/igniterealtime/Openfire/work/plugins-dev/rayo/target/lib/netty-3.5.1.Final.jar.pack
  [pack200] Building: /home/travis/build/igniterealtime/Openfire/work/plugins-dev/rayo/target/lib/plugin-rayo-jspc.jar.pack
  [pack200] Packing with Pack200
  [pack200] Source File :/home/travis/build/igniterealtime/Openfire/work/plugins-dev/rayo/target/lib/plugin-rayo-jspc.jar
  [pack200] Dest.  File :/home/travis/build/igniterealtime/Openfire/work/plugins-dev/rayo/target/lib/plugin-rayo-jspc.jar.pack
  [pack200] Building: /home/travis/build/igniterealtime/Openfire/work/plugins-dev/rayo/target/lib/plugin-rayo.jar.pack
  [pack200] Packing with Pack200
  [pack200] Source File :/home/travis/build/igniterealtime/Openfire/work/plugins-dev/rayo/target/lib/plugin-rayo.jar
  [pack200] Dest.  File :/home/travis/build/igniterealtime/Openfire/work/plugins-dev/rayo/target/lib/plugin-rayo.jar.pack
  [pack200] Building: /home/travis/build/igniterealtime/Openfire/work/plugins-dev/rayo/target/lib/rayo-core-2.0-SNAPSHOT.jar.pack
  [pack200] Packing with Pack200
  [pack200] Source File :/home/travis/build/igniterealtime/Openfire/work/plugins-dev/rayo/target/lib/rayo-core-2.0-SNAPSHOT.jar
  [pack200] Dest.  File :/home/travis/build/igniterealtime/Openfire/work/plugins-dev/rayo/target/lib/rayo-core-2.0-SNAPSHOT.jar.pack
  [pack200] Building: /home/travis/build/igniterealtime/Openfire/work/plugins-dev/rayo/target/lib/rayo-native-linux-32.jar.pack
  [pack200] Packing with Pack200
  [pack200] Source File :/home/travis/build/igniterealtime/Openfire/work/plugins-dev/rayo/target/lib/rayo-native-linux-32.jar
  [pack200] Dest.  File :/home/travis/build/igniterealtime/Openfire/work/plugins-dev/rayo/target/lib/rayo-native-linux-32.jar.pack
  [pack200] Building: /home/travis/build/igniterealtime/Openfire/work/plugins-dev/rayo/target/lib/rayo-native-linux-64.jar.pack
  [pack200] Packing with Pack200
  [pack200] Source File :/home/travis/build/igniterealtime/Openfire/work/plugins-dev/rayo/target/lib/rayo-native-linux-64.jar
  [pack200] Dest.  File :/home/travis/build/igniterealtime/Openfire/work/plugins-dev/rayo/target/lib/rayo-native-linux-64.jar.pack
  [pack200] Building: /home/travis/build/igniterealtime/Openfire/work/plugins-dev/rayo/target/lib/rayo-native-macosx.jar.pack
  [pack200] Packing with Pack200
  [pack200] Source File :/home/travis/build/igniterealtime/Openfire/work/plugins-dev/rayo/target/lib/rayo-native-macosx.jar
  [pack200] Dest.  File :/home/travis/build/igniterealtime/Openfire/work/plugins-dev/rayo/target/lib/rayo-native-macosx.jar.pack
  [pack200] Building: /home/travis/build/igniterealtime/Openfire/work/plugins-dev/rayo/target/lib/rayo-native-windows-32.jar.pack
  [pack200] Packing with Pack200
  [pack200] Source File :/home/travis/build/igniterealtime/Openfire/work/plugins-dev/rayo/target/lib/rayo-native-windows-32.jar
  [pack200] Dest.  File :/home/travis/build/igniterealtime/Openfire/work/plugins-dev/rayo/target/lib/rayo-native-windows-32.jar.pack
  [pack200] Building: /home/travis/build/igniterealtime/Openfire/work/plugins-dev/rayo/target/lib/rayo-native-windows-64.jar.pack
  [pack200] Packing with Pack200
  [pack200] Source File :/home/travis/build/igniterealtime/Openfire/work/plugins-dev/rayo/target/lib/rayo-native-windows-64.jar
  [pack200] Dest.  File :/home/travis/build/igniterealtime/Openfire/work/plugins-dev/rayo/target/lib/rayo-native-windows-64.jar.pack
  [pack200] Building: /home/travis/build/igniterealtime/Openfire/work/plugins-dev/rayo/target/lib/stun.jar.pack
  [pack200] Packing with Pack200
  [pack200] Source File :/home/travis/build/igniterealtime/Openfire/work/plugins-dev/rayo/target/lib/stun.jar
  [pack200] Dest.  File :/home/travis/build/igniterealtime/Openfire/work/plugins-dev/rayo/target/lib/stun.jar.pack
  [pack200] Building: /home/travis/build/igniterealtime/Openfire/work/plugins-dev/rayo/target/lib/tinder.jar.pack
  [pack200] Packing with Pack200
  [pack200] Source File :/home/travis/build/igniterealtime/Openfire/work/plugins-dev/rayo/target/lib/tinder.jar
  [pack200] Dest.  File :/home/travis/build/igniterealtime/Openfire/work/plugins-dev/rayo/target/lib/tinder.jar.pack
  [pack200] Building: /home/travis/build/igniterealtime/Openfire/work/plugins-dev/rayo/target/lib/validation-api-1.1.0.Final.jar.pack
  [pack200] Packing with Pack200
  [pack200] Source File :/home/travis/build/igniterealtime/Openfire/work/plugins-dev/rayo/target/lib/validation-api-1.1.0.Final.jar
  [pack200] Dest.  File :/home/travis/build/igniterealtime/Openfire/work/plugins-dev/rayo/target/lib/validation-api-1.1.0.Final.jar.pack
  [pack200] Building: /home/travis/build/igniterealtime/Openfire/work/plugins-dev/rayo/target/lib/vlib-core-12.2.22.jar.pack
  [pack200] Packing with Pack200
  [pack200] Source File :/home/travis/build/igniterealtime/Openfire/work/plugins-dev/rayo/target/lib/vlib-core-12.2.22.jar
  [pack200] Dest.  File :/home/travis/build/igniterealtime/Openfire/work/plugins-dev/rayo/target/lib/vlib-core-12.2.22.jar.pack
  [pack200] Building: /home/travis/build/igniterealtime/Openfire/work/plugins-dev/rayo/target/lib/voip-sounds.jar.pack
  [pack200] Packing with Pack200
  [pack200] Source File :/home/travis/build/igniterealtime/Openfire/work/plugins-dev/rayo/target/lib/voip-sounds.jar
  [pack200] Dest.  File :/home/travis/build/igniterealtime/Openfire/work/plugins-dev/rayo/target/lib/voip-sounds.jar.pack
     [copy] Copying 36 files to /home/travis/build/igniterealtime/Openfire/work/plugins-dev/rayo/jar
     [copy] Copying 152 files to /home/travis/build/igniterealtime/Openfire/work/plugins-dev/rayo/jar
     [copy] Copied 42 empty directories to 31 empty directories under /home/travis/build/igniterealtime/Openfire/work/plugins-dev/rayo/jar
      [jar] Building jar: /home/travis/build/igniterealtime/Openfire/work/plugins/rayo.jar
   [delete] Deleting directory /home/travis/build/igniterealtime/Openfire/work/plugins-dev/rayo/jar
    [mkdir] Created dir: /home/travis/build/igniterealtime/Openfire/work/plugins-dev/loadStats
    [mkdir] Created dir: /home/travis/build/igniterealtime/Openfire/work/plugins-dev/loadStats/target
    [mkdir] Created dir: /home/travis/build/igniterealtime/Openfire/work/plugins-dev/loadStats/target/classes
    [javac] Compiling 2 source files to /home/travis/build/igniterealtime/Openfire/work/plugins-dev/loadStats/target/classes
    [javac] Note: /home/travis/build/igniterealtime/Openfire/src/plugins/loadStats/src/java/org/jivesoftware/openfire/plugin/StatCollector.java uses or overrides a deprecated API.
    [javac] Note: Recompile with -Xlint:deprecation for details.
    [mkdir] Created dir: /home/travis/build/igniterealtime/Openfire/work/plugins-dev/loadStats/target/lib
    [mkdir] Created dir: /home/travis/build/igniterealtime/Openfire/work/plugins-dev/loadStats/work/lib/source
    [mkdir] Created dir: /home/travis/build/igniterealtime/Openfire/work/plugins-dev/loadStats/work/lib/classes
      [jar] Building jar: /home/travis/build/igniterealtime/Openfire/work/plugins-dev/loadStats/target/lib/plugin-loadStats.jar
   [delete] Deleting directory /home/travis/build/igniterealtime/Openfire/work/plugins-dev/loadStats/work/lib/classes
   [delete] Deleting directory /home/travis/build/igniterealtime/Openfire/work/plugins-dev/loadStats/work/lib/source
    [mkdir] Created dir: /home/travis/build/igniterealtime/Openfire/work/plugins-dev/loadStats/jar
     [copy] Copying 5 files to /home/travis/build/igniterealtime/Openfire/work/plugins-dev/loadStats/jar
  [pack200] Building: /home/travis/build/igniterealtime/Openfire/work/plugins-dev/loadStats/target/lib/plugin-loadStats.jar.pack
  [pack200] Packing with Pack200
  [pack200] Source File :/home/travis/build/igniterealtime/Openfire/work/plugins-dev/loadStats/target/lib/plugin-loadStats.jar
  [pack200] Dest.  File :/home/travis/build/igniterealtime/Openfire/work/plugins-dev/loadStats/target/lib/plugin-loadStats.jar.pack
     [copy] Copying 1 file to /home/travis/build/igniterealtime/Openfire/work/plugins-dev/loadStats/jar
     [copy] Copied 5 empty directories to 5 empty directories under /home/travis/build/igniterealtime/Openfire/work/plugins-dev/loadStats/jar
      [jar] Building jar: /home/travis/build/igniterealtime/Openfire/work/plugins/loadStats.jar
   [delete] Deleting directory /home/travis/build/igniterealtime/Openfire/work/plugins-dev/loadStats/jar
    [mkdir] Created dir: /home/travis/build/igniterealtime/Openfire/work/plugins-dev/jingleNodes
    [mkdir] Created dir: /home/travis/build/igniterealtime/Openfire/work/plugins-dev/jingleNodes/target
    [mkdir] Created dir: /home/travis/build/igniterealtime/Openfire/work/plugins-dev/jingleNodes/target/classes
    [javac] Compiling 2 source files to /home/travis/build/igniterealtime/Openfire/work/plugins-dev/jingleNodes/target/classes
    [mkdir] Created dir: /home/travis/build/igniterealtime/Openfire/work/plugins-dev/jingleNodes/target/lib
    [mkdir] Created dir: /home/travis/build/igniterealtime/Openfire/work/plugins-dev/jingleNodes/work/lib/source
    [mkdir] Created dir: /home/travis/build/igniterealtime/Openfire/work/plugins-dev/jingleNodes/work/lib/classes
      [jar] Building jar: /home/travis/build/igniterealtime/Openfire/work/plugins-dev/jingleNodes/target/lib/plugin-jingleNodes.jar
   [delete] Deleting directory /home/travis/build/igniterealtime/Openfire/work/plugins-dev/jingleNodes/work/lib/classes
   [delete] Deleting directory /home/travis/build/igniterealtime/Openfire/work/plugins-dev/jingleNodes/work/lib/source
     [copy] Copying 1 file to /home/travis/build/igniterealtime/Openfire/work/plugins-dev/jingleNodes/target/lib
    [mkdir] Created dir: /home/travis/build/igniterealtime/Openfire/work/plugins-dev/jingleNodes/jar
     [copy] Copying 5 files to /home/travis/build/igniterealtime/Openfire/work/plugins-dev/jingleNodes/jar
    [mkdir] Created dir: /home/travis/build/igniterealtime/Openfire/work/plugins-dev/jingleNodes/target/jspc/java
    [mkdir] Created dir: /home/travis/build/igniterealtime/Openfire/work/plugins-dev/jingleNodes/target/jspc/classes
     [copy] Copying 11 files to /home/travis/build/igniterealtime/Openfire/work/plugins-dev/jingleNodes/target/web
     [copy] Copying 1 file to /home/travis/build/igniterealtime/Openfire/work/plugins-dev/jingleNodes/target/web/WEB-INF
    [javac] Compiling 1 source file to /home/travis/build/igniterealtime/Openfire/work/plugins-dev/jingleNodes/target/jspc/classes
      [jar] Building jar: /home/travis/build/igniterealtime/Openfire/work/plugins-dev/jingleNodes/target/lib/plugin-jingleNodes-jspc.jar
  [pack200] Building: /home/travis/build/igniterealtime/Openfire/work/plugins-dev/jingleNodes/target/lib/jnsapi.jar.pack
  [pack200] Packing with Pack200
  [pack200] Source File :/home/travis/build/igniterealtime/Openfire/work/plugins-dev/jingleNodes/target/lib/jnsapi.jar
  [pack200] Dest.  File :/home/travis/build/igniterealtime/Openfire/work/plugins-dev/jingleNodes/target/lib/jnsapi.jar.pack
  [pack200] Building: /home/travis/build/igniterealtime/Openfire/work/plugins-dev/jingleNodes/target/lib/plugin-jingleNodes-jspc.jar.pack
  [pack200] Packing with Pack200
  [pack200] Source File :/home/travis/build/igniterealtime/Openfire/work/plugins-dev/jingleNodes/target/lib/plugin-jingleNodes-jspc.jar
  [pack200] Dest.  File :/home/travis/build/igniterealtime/Openfire/work/plugins-dev/jingleNodes/target/lib/plugin-jingleNodes-jspc.jar.pack
  [pack200] Building: /home/travis/build/igniterealtime/Openfire/work/plugins-dev/jingleNodes/target/lib/plugin-jingleNodes.jar.pack
  [pack200] Packing with Pack200
  [pack200] Source File :/home/travis/build/igniterealtime/Openfire/work/plugins-dev/jingleNodes/target/lib/plugin-jingleNodes.jar
  [pack200] Dest.  File :/home/travis/build/igniterealtime/Openfire/work/plugins-dev/jingleNodes/target/lib/plugin-jingleNodes.jar.pack
     [copy] Copying 4 files to /home/travis/build/igniterealtime/Openfire/work/plugins-dev/jingleNodes/jar
     [copy] Copying 1 file to /home/travis/build/igniterealtime/Openfire/work/plugins-dev/jingleNodes/jar
     [copy] Copied 5 empty directories to 3 empty directories under /home/travis/build/igniterealtime/Openfire/work/plugins-dev/jingleNodes/jar
      [jar] Building jar: /home/travis/build/igniterealtime/Openfire/work/plugins/jingleNodes.jar
   [delete] Deleting directory /home/travis/build/igniterealtime/Openfire/work/plugins-dev/jingleNodes/jar
    [mkdir] Created dir: /home/travis/build/igniterealtime/Openfire/work/plugins-dev/contentFilter
    [mkdir] Created dir: /home/travis/build/igniterealtime/Openfire/work/plugins-dev/contentFilter/target
    [mkdir] Created dir: /home/travis/build/igniterealtime/Openfire/work/plugins-dev/contentFilter/target/classes
    [javac] Compiling 2 source files to /home/travis/build/igniterealtime/Openfire/work/plugins-dev/contentFilter/target/classes
    [javac] Note: /home/travis/build/igniterealtime/Openfire/src/plugins/contentFilter/src/java/org/jivesoftware/openfire/plugin/ContentFilter.java uses unchecked or unsafe operations.
    [javac] Note: Recompile with -Xlint:unchecked for details.
    [mkdir] Created dir: /home/travis/build/igniterealtime/Openfire/work/plugins-dev/contentFilter/target/lib
    [mkdir] Created dir: /home/travis/build/igniterealtime/Openfire/work/plugins-dev/contentFilter/work/lib/source
    [mkdir] Created dir: /home/travis/build/igniterealtime/Openfire/work/plugins-dev/contentFilter/work/lib/classes
      [jar] Building jar: /home/travis/build/igniterealtime/Openfire/work/plugins-dev/contentFilter/target/lib/plugin-contentFilter.jar
   [delete] Deleting directory /home/travis/build/igniterealtime/Openfire/work/plugins-dev/contentFilter/work/lib/classes
   [delete] Deleting directory /home/travis/build/igniterealtime/Openfire/work/plugins-dev/contentFilter/work/lib/source
    [mkdir] Created dir: /home/travis/build/igniterealtime/Openfire/work/plugins-dev/contentFilter/jar
     [copy] Copying 5 files to /home/travis/build/igniterealtime/Openfire/work/plugins-dev/contentFilter/jar
    [mkdir] Created dir: /home/travis/build/igniterealtime/Openfire/work/plugins-dev/contentFilter/target/jspc/java
    [mkdir] Created dir: /home/travis/build/igniterealtime/Openfire/work/plugins-dev/contentFilter/target/jspc/classes
     [copy] Copying 13 files to /home/travis/build/igniterealtime/Openfire/work/plugins-dev/contentFilter/target/web
     [copy] Copying 1 file to /home/travis/build/igniterealtime/Openfire/work/plugins-dev/contentFilter/target/web/WEB-INF
    [javac] Compiling 1 source file to /home/travis/build/igniterealtime/Openfire/work/plugins-dev/contentFilter/target/jspc/classes
      [jar] Building jar: /home/travis/build/igniterealtime/Openfire/work/plugins-dev/contentFilter/target/lib/plugin-contentFilter-jspc.jar
  [pack200] Building: /home/travis/build/igniterealtime/Openfire/work/plugins-dev/contentFilter/target/lib/plugin-contentFilter-jspc.jar.pack
  [pack200] Packing with Pack200
  [pack200] Source File :/home/travis/build/igniterealtime/Openfire/work/plugins-dev/contentFilter/target/lib/plugin-contentFilter-jspc.jar
  [pack200] Dest.  File :/home/travis/build/igniterealtime/Openfire/work/plugins-dev/contentFilter/target/lib/plugin-contentFilter-jspc.jar.pack
  [pack200] Building: /home/travis/build/igniterealtime/Openfire/work/plugins-dev/contentFilter/target/lib/plugin-contentFilter.jar.pack
  [pack200] Packing with Pack200
  [pack200] Source File :/home/travis/build/igniterealtime/Openfire/work/plugins-dev/contentFilter/target/lib/plugin-contentFilter.jar
  [pack200] Dest.  File :/home/travis/build/igniterealtime/Openfire/work/plugins-dev/contentFilter/target/lib/plugin-contentFilter.jar.pack
     [copy] Copying 3 files to /home/travis/build/igniterealtime/Openfire/work/plugins-dev/contentFilter/jar
     [copy] Copying 3 files to /home/travis/build/igniterealtime/Openfire/work/plugins-dev/contentFilter/jar
     [copy] Copied 13 empty directories to 5 empty directories under /home/travis/build/igniterealtime/Openfire/work/plugins-dev/contentFilter/jar
      [jar] Building jar: /home/travis/build/igniterealtime/Openfire/work/plugins/contentFilter.jar
   [delete] Deleting directory /home/travis/build/igniterealtime/Openfire/work/plugins-dev/contentFilter/jar
    [mkdir] Created dir: /home/travis/build/igniterealtime/Openfire/work/plugins-dev/broadcast
    [mkdir] Created dir: /home/travis/build/igniterealtime/Openfire/work/plugins-dev/broadcast/target
    [mkdir] Created dir: /home/travis/build/igniterealtime/Openfire/work/plugins-dev/broadcast/target/classes
    [javac] Compiling 1 source file to /home/travis/build/igniterealtime/Openfire/work/plugins-dev/broadcast/target/classes
    [mkdir] Created dir: /home/travis/build/igniterealtime/Openfire/work/plugins-dev/broadcast/target/lib
    [mkdir] Created dir: /home/travis/build/igniterealtime/Openfire/work/plugins-dev/broadcast/work/lib/source
    [mkdir] Created dir: /home/travis/build/igniterealtime/Openfire/work/plugins-dev/broadcast/work/lib/classes
      [jar] Building jar: /home/travis/build/igniterealtime/Openfire/work/plugins-dev/broadcast/target/lib/plugin-broadcast.jar
   [delete] Deleting directory /home/travis/build/igniterealtime/Openfire/work/plugins-dev/broadcast/work/lib/classes
   [delete] Deleting directory /home/travis/build/igniterealtime/Openfire/work/plugins-dev/broadcast/work/lib/source
    [mkdir] Created dir: /home/travis/build/igniterealtime/Openfire/work/plugins-dev/broadcast/jar
     [copy] Copying 5 files to /home/travis/build/igniterealtime/Openfire/work/plugins-dev/broadcast/jar
  [pack200] Building: /home/travis/build/igniterealtime/Openfire/work/plugins-dev/broadcast/target/lib/plugin-broadcast.jar.pack
  [pack200] Packing with Pack200
  [pack200] Source File :/home/travis/build/igniterealtime/Openfire/work/plugins-dev/broadcast/target/lib/plugin-broadcast.jar
  [pack200] Dest.  File :/home/travis/build/igniterealtime/Openfire/work/plugins-dev/broadcast/target/lib/plugin-broadcast.jar.pack
     [copy] Copying 1 file to /home/travis/build/igniterealtime/Openfire/work/plugins-dev/broadcast/jar
     [copy] Copied 5 empty directories to 5 empty directories under /home/travis/build/igniterealtime/Openfire/work/plugins-dev/broadcast/jar
      [jar] Building jar: /home/travis/build/igniterealtime/Openfire/work/plugins/broadcast.jar
   [delete] Deleting directory /home/travis/build/igniterealtime/Openfire/work/plugins-dev/broadcast/jar
    [mkdir] Created dir: /home/travis/build/igniterealtime/Openfire/work/plugins-dev/clientControl
    [mkdir] Created dir: /home/travis/build/igniterealtime/Openfire/work/plugins-dev/clientControl/target
    [mkdir] Created dir: /home/travis/build/igniterealtime/Openfire/work/plugins-dev/clientControl/target/classes
    [javac] Compiling 10 source files to /home/travis/build/igniterealtime/Openfire/work/plugins-dev/clientControl/target/classes
    [javac] Note: /home/travis/build/igniterealtime/Openfire/src/plugins/clientControl/src/java/org/jivesoftware/openfire/plugin/spark/BookmarkInterceptor.java uses unchecked or unsafe operations.
    [javac] Note: Recompile with -Xlint:unchecked for details.
    [mkdir] Created dir: /home/travis/build/igniterealtime/Openfire/work/plugins-dev/clientControl/target/lib
    [mkdir] Created dir: /home/travis/build/igniterealtime/Openfire/work/plugins-dev/clientControl/work/lib/source
    [mkdir] Created dir: /home/travis/build/igniterealtime/Openfire/work/plugins-dev/clientControl/work/lib/classes
      [jar] Building jar: /home/travis/build/igniterealtime/Openfire/work/plugins-dev/clientControl/target/lib/plugin-clientControl.jar
   [delete] Deleting directory /home/travis/build/igniterealtime/Openfire/work/plugins-dev/clientControl/work/lib/classes
   [delete] Deleting directory /home/travis/build/igniterealtime/Openfire/work/plugins-dev/clientControl/work/lib/source
     [copy] Copying 1 file to /home/travis/build/igniterealtime/Openfire/work/plugins-dev/clientControl/target/lib
    [mkdir] Created dir: /home/travis/build/igniterealtime/Openfire/work/plugins-dev/clientControl/jar
     [copy] Copying 5 files to /home/travis/build/igniterealtime/Openfire/work/plugins-dev/clientControl/jar
    [mkdir] Created dir: /home/travis/build/igniterealtime/Openfire/work/plugins-dev/clientControl/target/jspc/java
    [mkdir] Created dir: /home/travis/build/igniterealtime/Openfire/work/plugins-dev/clientControl/target/jspc/classes
     [copy] Copying 39 files to /home/travis/build/igniterealtime/Openfire/work/plugins-dev/clientControl/target/web
     [copy] Copying 1 file to /home/travis/build/igniterealtime/Openfire/work/plugins-dev/clientControl/target/web/WEB-INF
    [javac] Compiling 8 source files to /home/travis/build/igniterealtime/Openfire/work/plugins-dev/clientControl/target/jspc/classes
    [javac] Note: Some input files use or override a deprecated API.
    [javac] Note: Recompile with -Xlint:deprecation for details.
      [jar] Building jar: /home/travis/build/igniterealtime/Openfire/work/plugins-dev/clientControl/target/lib/plugin-clientControl-jspc.jar
  [pack200] Building: /home/travis/build/igniterealtime/Openfire/work/plugins-dev/clientControl/target/lib/commons-fileupload-1.0.jar.pack
  [pack200] Packing with Pack200
  [pack200] Source File :/home/travis/build/igniterealtime/Openfire/work/plugins-dev/clientControl/target/lib/commons-fileupload-1.0.jar
  [pack200] Dest.  File :/home/travis/build/igniterealtime/Openfire/work/plugins-dev/clientControl/target/lib/commons-fileupload-1.0.jar.pack
  [pack200] Building: /home/travis/build/igniterealtime/Openfire/work/plugins-dev/clientControl/target/lib/plugin-clientControl-jspc.jar.pack
  [pack200] Packing with Pack200
  [pack200] Source File :/home/travis/build/igniterealtime/Openfire/work/plugins-dev/clientControl/target/lib/plugin-clientControl-jspc.jar
  [pack200] Dest.  File :/home/travis/build/igniterealtime/Openfire/work/plugins-dev/clientControl/target/lib/plugin-clientControl-jspc.jar.pack
  [pack200] Building: /home/travis/build/igniterealtime/Openfire/work/plugins-dev/clientControl/target/lib/plugin-clientControl.jar.pack
  [pack200] Packing with Pack200
  [pack200] Source File :/home/travis/build/igniterealtime/Openfire/work/plugins-dev/clientControl/target/lib/plugin-clientControl.jar
  [pack200] Dest.  File :/home/travis/build/igniterealtime/Openfire/work/plugins-dev/clientControl/target/lib/plugin-clientControl.jar.pack
     [copy] Copying 5 files to /home/travis/build/igniterealtime/Openfire/work/plugins-dev/clientControl/jar
     [copy] Copying 39 files to /home/travis/build/igniterealtime/Openfire/work/plugins-dev/clientControl/jar
     [copy] Copied 13 empty directories to 7 empty directories under /home/travis/build/igniterealtime/Openfire/work/plugins-dev/clientControl/jar
      [jar] Building jar: /home/travis/build/igniterealtime/Openfire/work/plugins/clientControl.jar
   [delete] Deleting directory /home/travis/build/igniterealtime/Openfire/work/plugins-dev/clientControl/jar

openfireHome:
     [copy] Copying 1 file to /home/travis/build/igniterealtime/Openfire/target/openfire/lib

adminPlugin:
     [copy] Copying 4 files to /home/travis/build/igniterealtime/Openfire/target/openfire/plugins/admin/webapp

spank:
     [copy] Copying 28 files to /home/travis/build/igniterealtime/Openfire/target/openfire/plugins

BUILD SUCCESSFUL
Total time: 1 minute 44 seconds

travis_time:end:024782ab:start=1479421407385457496,finish=1479421511762895451,duration=104377437955[0K
[32;1mThe command "ant -f build/build.xml openfire test plugins" exited with 0.[0m

Done. Your build exited with 0.
