travis_fold:start:system_info[0K[33;1mBuild system information[0m
Build language: java
Build id: ''
Job id: ''
[34m[1mBuild image provisioning date and time[0m
Thu Feb  5 15:09:33 UTC 2015
[34m[1mOperating System Details[0m
Distributor ID:	Ubuntu
Description:	Ubuntu 12.04.5 LTS
Release:	12.04
Codename:	precise
[34m[1mLinux Version[0m
3.13.0-29-generic
[34m[1mCookbooks Version[0m
a68419e https://github.com/travis-ci/travis-cookbooks/tree/a68419e
[34m[1mGCC version[0m
gcc (Ubuntu/Linaro 4.6.3-1ubuntu5) 4.6.3
Copyright (C) 2011 Free Software Foundation, Inc.
This is free software; see the source for copying conditions.  There is NO
warranty; not even for MERCHANTABILITY or FITNESS FOR A PARTICULAR PURPOSE.

[34m[1mLLVM version[0m
clang version 3.4 (tags/RELEASE_34/final)
Target: x86_64-unknown-linux-gnu
Thread model: posix
[34m[1mPre-installed Ruby versions[0m
ruby-1.9.3-p551
[34m[1mPre-installed Node.js versions[0m
v0.10.36
[34m[1mPre-installed Go versions[0m
1.4.1
[34m[1mRedis version[0m
redis-server 2.8.19
[34m[1mriak version[0m
2.0.2
[34m[1mMongoDB version[0m
MongoDB 2.4.12
[34m[1mCouchDB version[0m
couchdb 1.6.1
[34m[1mNeo4j version[0m
1.9.4
[34m[1mRabbitMQ Version[0m
3.4.3
[34m[1mElasticSearch version[0m
1.4.0
[34m[1mInstalled Sphinx versions[0m
2.0.10
2.1.9
2.2.6
[34m[1mDefault Sphinx version[0m
2.2.6
[34m[1mInstalled Firefox version[0m
firefox 31.0esr
[34m[1mPhantomJS version[0m
1.9.8
[34m[1mant -version[0m
Apache Ant(TM) version 1.8.2 compiled on December 3 2011
[34m[1mmvn -version[0m
Apache Maven 3.2.5 (12a6b3acb947671f09b81f49094c53f426d8cea1; 2014-12-14T17:29:23+00:00)
Maven home: /usr/local/maven
Java version: 1.7.0_76, vendor: Oracle Corporation
Java home: /usr/lib/jvm/java-7-oracle/jre
Default locale: en_US, platform encoding: ANSI_X3.4-1968
OS name: "linux", version: "3.13.0-29-generic", arch: "amd64", family: "unix"
travis_fold:end:system_info[0K
sed: cannot rename /etc/hosts: Device or resource busy
sed: cannot rename /etc/hosts: Device or resource busy
$ cd ktoso/maven-git-commit-id-plugin
$ java -Xmx32m -version
java version "1.7.0_76"
Java(TM) SE Runtime Environment (build 1.7.0_76-b13)
Java HotSpot(TM) 64-Bit Server VM (build 24.76-b04, mixed mode)
$ javac -J-Xmx32m -version
javac 1.7.0_76
travis_fold:start:install[0Ktravis_time:start:00496188[0K$ mvn install -DskipTests=true -Dmaven.javadoc.skip=true -B -V
Apache Maven 3.2.5 (12a6b3acb947671f09b81f49094c53f426d8cea1; 2014-12-14T17:29:23+00:00)
Maven home: /usr/local/maven
Java version: 1.7.0_76, vendor: Oracle Corporation
Java home: /usr/lib/jvm/java-7-oracle/jre
Default locale: en_US, platform encoding: UTF-8
OS name: "linux", version: "4.4.0-31-generic", arch: "amd64", family: "unix"
[INFO] Scanning for projects...
[INFO] Downloading: http://repo.maven.apache.org/maven2/org/sonatype/oss/oss-parent/6/oss-parent-6.pom
[INFO] Downloaded: http://repo.maven.apache.org/maven2/org/sonatype/oss/oss-parent/6/oss-parent-6.pom (5 KB at 22.8 KB/sec)
[INFO]                                                                         
[INFO] ------------------------------------------------------------------------
[INFO] Building Git Commit Id Plugin Maven Mojo 2.1.6-SNAPSHOT
[INFO] ------------------------------------------------------------------------
[INFO] Downloading: https://repo.maven.apache.org/maven2/org/apache/maven/plugins/maven-enforcer-plugin/1.0-beta-1/maven-enforcer-plugin-1.0-beta-1.pom
[INFO] Downloaded: https://repo.maven.apache.org/maven2/org/apache/maven/plugins/maven-enforcer-plugin/1.0-beta-1/maven-enforcer-plugin-1.0-beta-1.pom (6 KB at 11.9 KB/sec)
[INFO] Downloading: https://repo.maven.apache.org/maven2/org/apache/maven/enforcer/enforcer/1.0-beta-1/enforcer-1.0-beta-1.pom
[INFO] Downloaded: https://repo.maven.apache.org/maven2/org/apache/maven/enforcer/enforcer/1.0-beta-1/enforcer-1.0-beta-1.pom (12 KB at 85.8 KB/sec)
[INFO] Downloading: https://repo.maven.apache.org/maven2/org/apache/maven/maven-parent/11/maven-parent-11.pom
[INFO] Downloaded: https://repo.maven.apache.org/maven2/org/apache/maven/maven-parent/11/maven-parent-11.pom (32 KB at 255.2 KB/sec)
[INFO] Downloading: https://repo.maven.apache.org/maven2/org/apache/apache/5/apache-5.pom
[INFO] Downloaded: https://repo.maven.apache.org/maven2/org/apache/apache/5/apache-5.pom (5 KB at 35.4 KB/sec)
[INFO] Downloading: https://repo.maven.apache.org/maven2/org/apache/maven/plugins/maven-enforcer-plugin/1.0-beta-1/maven-enforcer-plugin-1.0-beta-1.jar
[INFO] Downloaded: https://repo.maven.apache.org/maven2/org/apache/maven/plugins/maven-enforcer-plugin/1.0-beta-1/maven-enforcer-plugin-1.0-beta-1.jar (21 KB at 183.7 KB/sec)
[INFO] Downloading: https://repo.maven.apache.org/maven2/org/apache/maven/plugins/maven-resources-plugin/2.6/maven-resources-plugin-2.6.pom
[INFO] Downloaded: https://repo.maven.apache.org/maven2/org/apache/maven/plugins/maven-resources-plugin/2.6/maven-resources-plugin-2.6.pom (8 KB at 73.4 KB/sec)
[INFO] Downloading: https://repo.maven.apache.org/maven2/org/apache/maven/plugins/maven-plugins/23/maven-plugins-23.pom
[INFO] Downloaded: https://repo.maven.apache.org/maven2/org/apache/maven/plugins/maven-plugins/23/maven-plugins-23.pom (9 KB at 78.8 KB/sec)
[INFO] Downloading: https://repo.maven.apache.org/maven2/org/apache/maven/maven-parent/22/maven-parent-22.pom
[INFO] Downloaded: https://repo.maven.apache.org/maven2/org/apache/maven/maven-parent/22/maven-parent-22.pom (30 KB at 257.0 KB/sec)
[INFO] Downloading: https://repo.maven.apache.org/maven2/org/apache/apache/11/apache-11.pom
[INFO] Downloaded: https://repo.maven.apache.org/maven2/org/apache/apache/11/apache-11.pom (15 KB at 132.7 KB/sec)
[INFO] Downloading: https://repo.maven.apache.org/maven2/org/apache/maven/plugins/maven-resources-plugin/2.6/maven-resources-plugin-2.6.jar
[INFO] Downloaded: https://repo.maven.apache.org/maven2/org/apache/maven/plugins/maven-resources-plugin/2.6/maven-resources-plugin-2.6.jar (29 KB at 234.4 KB/sec)
[INFO] Downloading: https://repo.maven.apache.org/maven2/org/apache/maven/plugins/maven-compiler-plugin/2.5.1/maven-compiler-plugin-2.5.1.pom
[INFO] Downloaded: https://repo.maven.apache.org/maven2/org/apache/maven/plugins/maven-compiler-plugin/2.5.1/maven-compiler-plugin-2.5.1.pom (8 KB at 67.9 KB/sec)
[INFO] Downloading: https://repo.maven.apache.org/maven2/org/apache/maven/plugins/maven-plugins/22/maven-plugins-22.pom
[INFO] Downloaded: https://repo.maven.apache.org/maven2/org/apache/maven/plugins/maven-plugins/22/maven-plugins-22.pom (13 KB at 110.7 KB/sec)
[INFO] Downloading: https://repo.maven.apache.org/maven2/org/apache/maven/maven-parent/21/maven-parent-21.pom
[INFO] Downloaded: https://repo.maven.apache.org/maven2/org/apache/maven/maven-parent/21/maven-parent-21.pom (26 KB at 216.3 KB/sec)
[INFO] Downloading: https://repo.maven.apache.org/maven2/org/apache/apache/10/apache-10.pom
[INFO] Downloaded: https://repo.maven.apache.org/maven2/org/apache/apache/10/apache-10.pom (15 KB at 126.8 KB/sec)
[INFO] Downloading: https://repo.maven.apache.org/maven2/org/apache/maven/plugins/maven-compiler-plugin/2.5.1/maven-compiler-plugin-2.5.1.jar
[INFO] Downloaded: https://repo.maven.apache.org/maven2/org/apache/maven/plugins/maven-compiler-plugin/2.5.1/maven-compiler-plugin-2.5.1.jar (32 KB at 266.8 KB/sec)
[INFO] Downloading: https://repo.maven.apache.org/maven2/org/apache/maven/plugins/maven-plugin-plugin/3.2/maven-plugin-plugin-3.2.pom
[INFO] Downloaded: https://repo.maven.apache.org/maven2/org/apache/maven/plugins/maven-plugin-plugin/3.2/maven-plugin-plugin-3.2.pom (12 KB at 101.0 KB/sec)
[INFO] Downloading: https://repo.maven.apache.org/maven2/org/apache/maven/plugin-tools/maven-plugin-tools/3.2/maven-plugin-tools-3.2.pom
[INFO] Downloaded: https://repo.maven.apache.org/maven2/org/apache/maven/plugin-tools/maven-plugin-tools/3.2/maven-plugin-tools-3.2.pom (17 KB at 135.6 KB/sec)
[INFO] Downloading: https://repo.maven.apache.org/maven2/org/apache/maven/plugins/maven-plugin-plugin/3.2/maven-plugin-plugin-3.2.jar
[INFO] Downloaded: https://repo.maven.apache.org/maven2/org/apache/maven/plugins/maven-plugin-plugin/3.2/maven-plugin-plugin-3.2.jar (47 KB at 379.8 KB/sec)
[INFO] Downloading: https://repo.maven.apache.org/maven2/org/apache/maven/plugins/maven-surefire-plugin/2.12.4/maven-surefire-plugin-2.12.4.pom
[INFO] Downloaded: https://repo.maven.apache.org/maven2/org/apache/maven/plugins/maven-surefire-plugin/2.12.4/maven-surefire-plugin-2.12.4.pom (11 KB at 89.7 KB/sec)
[INFO] Downloading: https://repo.maven.apache.org/maven2/org/apache/maven/surefire/surefire/2.12.4/surefire-2.12.4.pom
[INFO] Downloaded: https://repo.maven.apache.org/maven2/org/apache/maven/surefire/surefire/2.12.4/surefire-2.12.4.pom (14 KB at 116.1 KB/sec)
[INFO] Downloading: https://repo.maven.apache.org/maven2/org/apache/maven/plugins/maven-surefire-plugin/2.12.4/maven-surefire-plugin-2.12.4.jar
[INFO] Downloaded: https://repo.maven.apache.org/maven2/org/apache/maven/plugins/maven-surefire-plugin/2.12.4/maven-surefire-plugin-2.12.4.jar (30 KB at 256.4 KB/sec)
[INFO] Downloading: https://repo.maven.apache.org/maven2/org/apache/maven/plugins/maven-jar-plugin/2.4/maven-jar-plugin-2.4.pom
[INFO] Downloaded: https://repo.maven.apache.org/maven2/org/apache/maven/plugins/maven-jar-plugin/2.4/maven-jar-plugin-2.4.pom (6 KB at 52.8 KB/sec)
[INFO] Downloading: https://repo.maven.apache.org/maven2/org/apache/maven/plugins/maven-jar-plugin/2.4/maven-jar-plugin-2.4.jar
[INFO] Downloaded: https://repo.maven.apache.org/maven2/org/apache/maven/plugins/maven-jar-plugin/2.4/maven-jar-plugin-2.4.jar (34 KB at 307.6 KB/sec)
[INFO] Downloading: https://repo.maven.apache.org/maven2/org/apache/maven/plugins/maven-install-plugin/2.4/maven-install-plugin-2.4.pom
[INFO] Downloaded: https://repo.maven.apache.org/maven2/org/apache/maven/plugins/maven-install-plugin/2.4/maven-install-plugin-2.4.pom (7 KB at 54.7 KB/sec)
[INFO] Downloading: https://repo.maven.apache.org/maven2/org/apache/maven/plugins/maven-install-plugin/2.4/maven-install-plugin-2.4.jar
[INFO] Downloaded: https://repo.maven.apache.org/maven2/org/apache/maven/plugins/maven-install-plugin/2.4/maven-install-plugin-2.4.jar (27 KB at 228.9 KB/sec)
[INFO] Downloading: http://repo.maven.apache.org/maven2/org/apache/maven/maven-plugin-api/2.2.1/maven-plugin-api-2.2.1.pom
[INFO] Downloaded: http://repo.maven.apache.org/maven2/org/apache/maven/maven-plugin-api/2.2.1/maven-plugin-api-2.2.1.pom (2 KB at 67.8 KB/sec)
[INFO] Downloading: http://repo.maven.apache.org/maven2/org/apache/maven/maven/2.2.1/maven-2.2.1.pom
[INFO] Downloaded: http://repo.maven.apache.org/maven2/org/apache/maven/maven/2.2.1/maven-2.2.1.pom (22 KB at 729.5 KB/sec)
[INFO] Downloading: http://repo.maven.apache.org/maven2/org/apache/maven/maven-project/2.2.1/maven-project-2.2.1.pom
[INFO] Downloaded: http://repo.maven.apache.org/maven2/org/apache/maven/maven-project/2.2.1/maven-project-2.2.1.pom (3 KB at 129.0 KB/sec)
[INFO] Downloading: http://repo.maven.apache.org/maven2/org/apache/maven/maven-settings/2.2.1/maven-settings-2.2.1.pom
[INFO] Downloaded: http://repo.maven.apache.org/maven2/org/apache/maven/maven-settings/2.2.1/maven-settings-2.2.1.pom (3 KB at 101.3 KB/sec)
[INFO] Downloading: http://repo.maven.apache.org/maven2/org/apache/maven/maven-model/2.2.1/maven-model-2.2.1.pom
[INFO] Downloaded: http://repo.maven.apache.org/maven2/org/apache/maven/maven-model/2.2.1/maven-model-2.2.1.pom (4 KB at 143.8 KB/sec)
[INFO] Downloading: http://repo.maven.apache.org/maven2/org/codehaus/plexus/plexus-utils/1.5.15/plexus-utils-1.5.15.pom
[INFO] Downloaded: http://repo.maven.apache.org/maven2/org/codehaus/plexus/plexus-utils/1.5.15/plexus-utils-1.5.15.pom (7 KB at 290.8 KB/sec)
[INFO] Downloading: http://repo.maven.apache.org/maven2/org/codehaus/plexus/plexus/2.0.2/plexus-2.0.2.pom
[INFO] Downloaded: http://repo.maven.apache.org/maven2/org/codehaus/plexus/plexus/2.0.2/plexus-2.0.2.pom (12 KB at 354.3 KB/sec)
[INFO] Downloading: http://repo.maven.apache.org/maven2/org/codehaus/plexus/plexus-interpolation/1.11/plexus-interpolation-1.11.pom
[INFO] Downloaded: http://repo.maven.apache.org/maven2/org/codehaus/plexus/plexus-interpolation/1.11/plexus-interpolation-1.11.pom (889 B at 41.3 KB/sec)
[INFO] Downloading: http://repo.maven.apache.org/maven2/org/codehaus/plexus/plexus-components/1.1.14/plexus-components-1.1.14.pom
[INFO] Downloaded: http://repo.maven.apache.org/maven2/org/codehaus/plexus/plexus-components/1.1.14/plexus-components-1.1.14.pom (6 KB at 259.3 KB/sec)
[INFO] Downloading: http://repo.maven.apache.org/maven2/org/codehaus/plexus/plexus-container-default/1.0-alpha-9-stable-1/plexus-container-default-1.0-alpha-9-stable-1.pom
[INFO] Downloaded: http://repo.maven.apache.org/maven2/org/codehaus/plexus/plexus-container-default/1.0-alpha-9-stable-1/plexus-container-default-1.0-alpha-9-stable-1.pom (4 KB at 175.3 KB/sec)
[INFO] Downloading: http://repo.maven.apache.org/maven2/org/codehaus/plexus/plexus-containers/1.0.3/plexus-containers-1.0.3.pom
[INFO] Downloaded: http://repo.maven.apache.org/maven2/org/codehaus/plexus/plexus-containers/1.0.3/plexus-containers-1.0.3.pom (492 B at 24.0 KB/sec)
[INFO] Downloading: http://repo.maven.apache.org/maven2/org/codehaus/plexus/plexus/1.0.4/plexus-1.0.4.pom
[INFO] Downloaded: http://repo.maven.apache.org/maven2/org/codehaus/plexus/plexus/1.0.4/plexus-1.0.4.pom (6 KB at 243.6 KB/sec)
[INFO] Downloading: http://repo.maven.apache.org/maven2/junit/junit/3.8.1/junit-3.8.1.pom
[INFO] Downloaded: http://repo.maven.apache.org/maven2/junit/junit/3.8.1/junit-3.8.1.pom (998 B at 46.4 KB/sec)
[INFO] Downloading: http://repo.maven.apache.org/maven2/org/codehaus/plexus/plexus-utils/1.0.4/plexus-utils-1.0.4.pom
[INFO] Downloaded: http://repo.maven.apache.org/maven2/org/codehaus/plexus/plexus-utils/1.0.4/plexus-utils-1.0.4.pom (7 KB at 291.1 KB/sec)
[INFO] Downloading: http://repo.maven.apache.org/maven2/classworlds/classworlds/1.1-alpha-2/classworlds-1.1-alpha-2.pom
[INFO] Downloaded: http://repo.maven.apache.org/maven2/classworlds/classworlds/1.1-alpha-2/classworlds-1.1-alpha-2.pom (4 KB at 122.2 KB/sec)
[INFO] Downloading: http://repo.maven.apache.org/maven2/org/apache/maven/maven-profile/2.2.1/maven-profile-2.2.1.pom
[INFO] Downloaded: http://repo.maven.apache.org/maven2/org/apache/maven/maven-profile/2.2.1/maven-profile-2.2.1.pom (3 KB at 92.2 KB/sec)
[INFO] Downloading: http://repo.maven.apache.org/maven2/org/apache/maven/maven-artifact-manager/2.2.1/maven-artifact-manager-2.2.1.pom
[INFO] Downloaded: http://repo.maven.apache.org/maven2/org/apache/maven/maven-artifact-manager/2.2.1/maven-artifact-manager-2.2.1.pom (4 KB at 137.7 KB/sec)
[INFO] Downloading: http://repo.maven.apache.org/maven2/org/apache/maven/maven-repository-metadata/2.2.1/maven-repository-metadata-2.2.1.pom
[INFO] Downloaded: http://repo.maven.apache.org/maven2/org/apache/maven/maven-repository-metadata/2.2.1/maven-repository-metadata-2.2.1.pom (2 KB at 60.9 KB/sec)
[INFO] Downloading: http://repo.maven.apache.org/maven2/org/apache/maven/maven-artifact/2.2.1/maven-artifact-2.2.1.pom
[INFO] Downloaded: http://repo.maven.apache.org/maven2/org/apache/maven/maven-artifact/2.2.1/maven-artifact-2.2.1.pom (2 KB at 70.2 KB/sec)
[INFO] Downloading: http://repo.maven.apache.org/maven2/org/apache/maven/wagon/wagon-provider-api/1.0-beta-6/wagon-provider-api-1.0-beta-6.pom
[INFO] Downloaded: http://repo.maven.apache.org/maven2/org/apache/maven/wagon/wagon-provider-api/1.0-beta-6/wagon-provider-api-1.0-beta-6.pom (2 KB at 74.7 KB/sec)
[INFO] Downloading: http://repo.maven.apache.org/maven2/org/apache/maven/wagon/wagon/1.0-beta-6/wagon-1.0-beta-6.pom
[INFO] Downloaded: http://repo.maven.apache.org/maven2/org/apache/maven/wagon/wagon/1.0-beta-6/wagon-1.0-beta-6.pom (13 KB at 483.8 KB/sec)
[INFO] Downloading: http://repo.maven.apache.org/maven2/org/codehaus/plexus/plexus-utils/1.4.2/plexus-utils-1.4.2.pom
[INFO] Downloaded: http://repo.maven.apache.org/maven2/org/codehaus/plexus/plexus-utils/1.4.2/plexus-utils-1.4.2.pom (2 KB at 91.1 KB/sec)
[INFO] Downloading: http://repo.maven.apache.org/maven2/org/codehaus/plexus/plexus/1.0.11/plexus-1.0.11.pom
[INFO] Downloaded: http://repo.maven.apache.org/maven2/org/codehaus/plexus/plexus/1.0.11/plexus-1.0.11.pom (9 KB at 350.4 KB/sec)
[INFO] Downloading: http://repo.maven.apache.org/maven2/backport-util-concurrent/backport-util-concurrent/3.1/backport-util-concurrent-3.1.pom
[INFO] Downloaded: http://repo.maven.apache.org/maven2/backport-util-concurrent/backport-util-concurrent/3.1/backport-util-concurrent-3.1.pom (880 B at 40.9 KB/sec)
[INFO] Downloading: http://repo.maven.apache.org/maven2/org/apache/maven/maven-plugin-registry/2.2.1/maven-plugin-registry-2.2.1.pom
[INFO] Downloaded: http://repo.maven.apache.org/maven2/org/apache/maven/maven-plugin-registry/2.2.1/maven-plugin-registry-2.2.1.pom (2 KB at 75.4 KB/sec)
[INFO] Downloading: http://repo.maven.apache.org/maven2/com/google/inject/guice/2.0/guice-2.0.pom
[INFO] Downloaded: http://repo.maven.apache.org/maven2/com/google/inject/guice/2.0/guice-2.0.pom (771 B at 35.9 KB/sec)
[INFO] Downloading: http://repo.maven.apache.org/maven2/com/google/inject/guice-parent/2.0/guice-parent-2.0.pom
[INFO] Downloaded: http://repo.maven.apache.org/maven2/com/google/inject/guice-parent/2.0/guice-parent-2.0.pom (3 KB at 93.4 KB/sec)
[INFO] Downloading: http://repo.maven.apache.org/maven2/com/google/google/1/google-1.pom
[INFO] Downloaded: http://repo.maven.apache.org/maven2/com/google/google/1/google-1.pom (2 KB at 2.1 KB/sec)
[INFO] Downloading: http://repo.maven.apache.org/maven2/aopalliance/aopalliance/1.0/aopalliance-1.0.pom
[INFO] Downloaded: http://repo.maven.apache.org/maven2/aopalliance/aopalliance/1.0/aopalliance-1.0.pom (363 B at 12.2 KB/sec)
[INFO] Downloading: http://repo.maven.apache.org/maven2/joda-time/joda-time/2.0/joda-time-2.0.pom
[INFO] Downloaded: http://repo.maven.apache.org/maven2/joda-time/joda-time/2.0/joda-time-2.0.pom (15 KB at 439.7 KB/sec)
[INFO] Downloading: http://repo.maven.apache.org/maven2/com/google/guava/guava/13.0/guava-13.0.pom
[INFO] Downloaded: http://repo.maven.apache.org/maven2/com/google/guava/guava/13.0/guava-13.0.pom (6 KB at 193.3 KB/sec)
[INFO] Downloading: http://repo.maven.apache.org/maven2/com/google/guava/guava-parent/13.0/guava-parent-13.0.pom
[INFO] Downloaded: http://repo.maven.apache.org/maven2/com/google/guava/guava-parent/13.0/guava-parent-13.0.pom (3 KB at 103.9 KB/sec)
[INFO] Downloading: http://repo.maven.apache.org/maven2/org/sonatype/oss/oss-parent/7/oss-parent-7.pom
[INFO] Downloaded: http://repo.maven.apache.org/maven2/org/sonatype/oss/oss-parent/7/oss-parent-7.pom (5 KB at 142.8 KB/sec)
[INFO] Downloading: http://repo.maven.apache.org/maven2/com/intellij/annotations/9.0.4/annotations-9.0.4.pom
[INFO] Downloaded: http://repo.maven.apache.org/maven2/com/intellij/annotations/9.0.4/annotations-9.0.4.pom (2 KB at 50.2 KB/sec)
[INFO] Downloading: http://repo.maven.apache.org/maven2/org/eclipse/jgit/org.eclipse.jgit/2.0.0.201206130900-r/org.eclipse.jgit-2.0.0.201206130900-r.pom
[INFO] Downloaded: http://repo.maven.apache.org/maven2/org/eclipse/jgit/org.eclipse.jgit/2.0.0.201206130900-r/org.eclipse.jgit-2.0.0.201206130900-r.pom (6 KB at 223.8 KB/sec)
[INFO] Downloading: http://repo.maven.apache.org/maven2/org/eclipse/jgit/org.eclipse.jgit-parent/2.0.0.201206130900-r/org.eclipse.jgit-parent-2.0.0.201206130900-r.pom
[INFO] Downloaded: http://repo.maven.apache.org/maven2/org/eclipse/jgit/org.eclipse.jgit-parent/2.0.0.201206130900-r/org.eclipse.jgit-parent-2.0.0.201206130900-r.pom (16 KB at 418.6 KB/sec)
[INFO] Downloading: http://repo.maven.apache.org/maven2/com/jcraft/jsch/0.1.44-1/jsch-0.1.44-1.pom
[INFO] Downloaded: http://repo.maven.apache.org/maven2/com/jcraft/jsch/0.1.44-1/jsch-0.1.44-1.pom (4 KB at 127.6 KB/sec)
[INFO] Downloading: http://repo.maven.apache.org/maven2/junit/junit/4.10/junit-4.10.pom
[INFO] Downloaded: http://repo.maven.apache.org/maven2/junit/junit/4.10/junit-4.10.pom (3 KB at 104.1 KB/sec)
[INFO] Downloading: http://repo.maven.apache.org/maven2/org/hamcrest/hamcrest-core/1.1/hamcrest-core-1.1.pom
[INFO] Downloaded: http://repo.maven.apache.org/maven2/org/hamcrest/hamcrest-core/1.1/hamcrest-core-1.1.pom (481 B at 21.4 KB/sec)
[INFO] Downloading: http://repo.maven.apache.org/maven2/org/hamcrest/hamcrest-parent/1.1/hamcrest-parent-1.1.pom
[INFO] Downloaded: http://repo.maven.apache.org/maven2/org/hamcrest/hamcrest-parent/1.1/hamcrest-parent-1.1.pom (6 KB at 229.6 KB/sec)
[INFO] Downloading: http://repo.maven.apache.org/maven2/org/easytesting/fest-assert/1.4/fest-assert-1.4.pom
[INFO] Downloaded: http://repo.maven.apache.org/maven2/org/easytesting/fest-assert/1.4/fest-assert-1.4.pom (3 KB at 92.8 KB/sec)
[INFO] Downloading: http://repo.maven.apache.org/maven2/org/easytesting/fest/1.0.8/fest-1.0.8.pom
[INFO] Downloaded: http://repo.maven.apache.org/maven2/org/easytesting/fest/1.0.8/fest-1.0.8.pom (12 KB at 437.6 KB/sec)
[INFO] Downloading: http://repo.maven.apache.org/maven2/org/easytesting/fest-util/1.1.6/fest-util-1.1.6.pom
[INFO] Downloaded: http://repo.maven.apache.org/maven2/org/easytesting/fest-util/1.1.6/fest-util-1.1.6.pom (2 KB at 63.4 KB/sec)
[INFO] Downloading: http://repo.maven.apache.org/maven2/org/codehaus/plexus/plexus-utils/2.0.5/plexus-utils-2.0.5.pom
[INFO] Downloaded: http://repo.maven.apache.org/maven2/org/codehaus/plexus/plexus-utils/2.0.5/plexus-utils-2.0.5.pom (4 KB at 148.0 KB/sec)
[INFO] Downloading: http://repo.maven.apache.org/maven2/org/codehaus/plexus/plexus/2.0.6/plexus-2.0.6.pom
[INFO] Downloaded: http://repo.maven.apache.org/maven2/org/codehaus/plexus/plexus/2.0.6/plexus-2.0.6.pom (17 KB at 629.6 KB/sec)
[INFO] Downloading: http://repo.maven.apache.org/maven2/org/mockito/mockito-all/1.9.0/mockito-all-1.9.0.pom
[INFO] Downloaded: http://repo.maven.apache.org/maven2/org/mockito/mockito-all/1.9.0/mockito-all-1.9.0.pom (1010 B at 44.8 KB/sec)
[INFO] Downloading: http://repo.maven.apache.org/maven2/org/apache/commons/commons-io/1.3.2/commons-io-1.3.2.pom
[INFO] Downloaded: http://repo.maven.apache.org/maven2/org/apache/commons/commons-io/1.3.2/commons-io-1.3.2.pom (640 B at 29.8 KB/sec)
[INFO] Downloading: http://repo.maven.apache.org/maven2/commons-io/commons-io/1.3.2/commons-io-1.3.2.pom
[INFO] Downloaded: http://repo.maven.apache.org/maven2/commons-io/commons-io/1.3.2/commons-io-1.3.2.pom (10 KB at 395.8 KB/sec)
[INFO] Downloading: http://repo.maven.apache.org/maven2/org/apache/commons/commons-parent/3/commons-parent-3.pom
[INFO] Downloaded: http://repo.maven.apache.org/maven2/org/apache/commons/commons-parent/3/commons-parent-3.pom (12 KB at 443.6 KB/sec)
[INFO] Downloading: http://repo.maven.apache.org/maven2/org/apache/apache/4/apache-4.pom
[INFO] Downloaded: http://repo.maven.apache.org/maven2/org/apache/apache/4/apache-4.pom (5 KB at 175.6 KB/sec)
[WARNING] The artifact org.apache.commons:commons-io:jar:1.3.2 has been relocated to commons-io:commons-io:jar:1.3.2
[INFO] Downloading: http://repo.maven.apache.org/maven2/org/apache/maven/maven-plugin-api/2.2.1/maven-plugin-api-2.2.1.jar
[INFO] Downloading: http://repo.maven.apache.org/maven2/org/apache/maven/maven-settings/2.2.1/maven-settings-2.2.1.jar
[INFO] Downloading: http://repo.maven.apache.org/maven2/org/apache/maven/maven-project/2.2.1/maven-project-2.2.1.jar
[INFO] Downloading: http://repo.maven.apache.org/maven2/org/apache/maven/maven-profile/2.2.1/maven-profile-2.2.1.jar
[INFO] Downloading: http://repo.maven.apache.org/maven2/org/apache/maven/maven-model/2.2.1/maven-model-2.2.1.jar
[INFO] Downloaded: http://repo.maven.apache.org/maven2/org/apache/maven/maven-plugin-api/2.2.1/maven-plugin-api-2.2.1.jar (13 KB at 318.0 KB/sec)
[INFO] Downloading: http://repo.maven.apache.org/maven2/org/apache/maven/maven-artifact-manager/2.2.1/maven-artifact-manager-2.2.1.jar
[INFO] Downloaded: http://repo.maven.apache.org/maven2/org/apache/maven/maven-profile/2.2.1/maven-profile-2.2.1.jar (35 KB at 437.1 KB/sec)
[INFO] Downloading: http://repo.maven.apache.org/maven2/org/apache/maven/maven-repository-metadata/2.2.1/maven-repository-metadata-2.2.1.jar
[INFO] Downloaded: http://repo.maven.apache.org/maven2/org/apache/maven/maven-settings/2.2.1/maven-settings-2.2.1.jar (48 KB at 469.5 KB/sec)
[INFO] Downloading: http://repo.maven.apache.org/maven2/org/apache/maven/wagon/wagon-provider-api/1.0-beta-6/wagon-provider-api-1.0-beta-6.jar
[INFO] Downloaded: http://repo.maven.apache.org/maven2/org/apache/maven/maven-repository-metadata/2.2.1/maven-repository-metadata-2.2.1.jar (26 KB at 202.1 KB/sec)
[INFO] Downloading: http://repo.maven.apache.org/maven2/backport-util-concurrent/backport-util-concurrent/3.1/backport-util-concurrent-3.1.jar
[INFO] Downloaded: http://repo.maven.apache.org/maven2/org/apache/maven/maven-artifact-manager/2.2.1/maven-artifact-manager-2.2.1.jar (66 KB at 523.7 KB/sec)
[INFO] Downloading: http://repo.maven.apache.org/maven2/org/apache/maven/maven-plugin-registry/2.2.1/maven-plugin-registry-2.2.1.jar
[INFO] Downloaded: http://repo.maven.apache.org/maven2/org/apache/maven/maven-model/2.2.1/maven-model-2.2.1.jar (86 KB at 577.9 KB/sec)
[INFO] Downloading: http://repo.maven.apache.org/maven2/org/codehaus/plexus/plexus-interpolation/1.11/plexus-interpolation-1.11.jar
[INFO] Downloaded: http://repo.maven.apache.org/maven2/org/apache/maven/wagon/wagon-provider-api/1.0-beta-6/wagon-provider-api-1.0-beta-6.jar (52 KB at 287.0 KB/sec)
[INFO] Downloading: http://repo.maven.apache.org/maven2/org/apache/maven/maven-artifact/2.2.1/maven-artifact-2.2.1.jar
[INFO] Downloaded: http://repo.maven.apache.org/maven2/org/apache/maven/maven-plugin-registry/2.2.1/maven-plugin-registry-2.2.1.jar (30 KB at 158.5 KB/sec)
[INFO] Downloading: http://repo.maven.apache.org/maven2/org/codehaus/plexus/plexus-container-default/1.0-alpha-9-stable-1/plexus-container-default-1.0-alpha-9-stable-1.jar
[INFO] Downloaded: http://repo.maven.apache.org/maven2/org/apache/maven/maven-project/2.2.1/maven-project-2.2.1.jar (153 KB at 657.8 KB/sec)
[INFO] Downloading: http://repo.maven.apache.org/maven2/classworlds/classworlds/1.1-alpha-2/classworlds-1.1-alpha-2.jar
[INFO] Downloaded: http://repo.maven.apache.org/maven2/org/codehaus/plexus/plexus-interpolation/1.11/plexus-interpolation-1.11.jar (50 KB at 219.1 KB/sec)
[INFO] Downloading: http://repo.maven.apache.org/maven2/com/google/inject/guice/2.0/guice-2.0.jar
[INFO] Downloaded: http://repo.maven.apache.org/maven2/classworlds/classworlds/1.1-alpha-2/classworlds-1.1-alpha-2.jar (37 KB at 130.4 KB/sec)
[INFO] Downloading: http://repo.maven.apache.org/maven2/aopalliance/aopalliance/1.0/aopalliance-1.0.jar
[INFO] Downloaded: http://repo.maven.apache.org/maven2/org/apache/maven/maven-artifact/2.2.1/maven-artifact-2.2.1.jar (79 KB at 258.0 KB/sec)
[INFO] Downloading: http://repo.maven.apache.org/maven2/joda-time/joda-time/2.0/joda-time-2.0.jar
[INFO] Downloaded: http://repo.maven.apache.org/maven2/aopalliance/aopalliance/1.0/aopalliance-1.0.jar (5 KB at 14.0 KB/sec)
[INFO] Downloading: http://repo.maven.apache.org/maven2/com/google/guava/guava/13.0/guava-13.0.jar
[INFO] Downloaded: http://repo.maven.apache.org/maven2/org/codehaus/plexus/plexus-container-default/1.0-alpha-9-stable-1/plexus-container-default-1.0-alpha-9-stable-1.jar (190 KB at 407.8 KB/sec)
[INFO] Downloading: http://repo.maven.apache.org/maven2/com/intellij/annotations/9.0.4/annotations-9.0.4.jar
[INFO] Downloaded: http://repo.maven.apache.org/maven2/com/intellij/annotations/9.0.4/annotations-9.0.4.jar (10 KB at 19.5 KB/sec)
[INFO] Downloading: http://repo.maven.apache.org/maven2/org/eclipse/jgit/org.eclipse.jgit/2.0.0.201206130900-r/org.eclipse.jgit-2.0.0.201206130900-r.jar
[INFO] Downloaded: http://repo.maven.apache.org/maven2/backport-util-concurrent/backport-util-concurrent/3.1/backport-util-concurrent-3.1.jar (324 KB at 590.1 KB/sec)
[INFO] Downloading: http://repo.maven.apache.org/maven2/com/jcraft/jsch/0.1.44-1/jsch-0.1.44-1.jar
[INFO] Downloaded: http://repo.maven.apache.org/maven2/com/jcraft/jsch/0.1.44-1/jsch-0.1.44-1.jar (209 KB at 258.7 KB/sec)
[INFO] Downloading: http://repo.maven.apache.org/maven2/junit/junit/4.10/junit-4.10.jar
[INFO] Downloaded: http://repo.maven.apache.org/maven2/joda-time/joda-time/2.0/joda-time-2.0.jar (556 KB at 524.9 KB/sec)
[INFO] Downloading: http://repo.maven.apache.org/maven2/org/hamcrest/hamcrest-core/1.1/hamcrest-core-1.1.jar
[INFO] Downloaded: http://repo.maven.apache.org/maven2/org/hamcrest/hamcrest-core/1.1/hamcrest-core-1.1.jar (75 KB at 66.0 KB/sec)
[INFO] Downloading: http://repo.maven.apache.org/maven2/org/easytesting/fest-assert/1.4/fest-assert-1.4.jar
[INFO] Downloaded: http://repo.maven.apache.org/maven2/com/google/inject/guice/2.0/guice-2.0.jar (652 KB at 561.2 KB/sec)
[INFO] Downloading: http://repo.maven.apache.org/maven2/org/easytesting/fest-util/1.1.6/fest-util-1.1.6.jar
[INFO] Downloaded: http://repo.maven.apache.org/maven2/junit/junit/4.10/junit-4.10.jar (248 KB at 209.3 KB/sec)
[INFO] Downloading: http://repo.maven.apache.org/maven2/org/codehaus/plexus/plexus-utils/2.0.5/plexus-utils-2.0.5.jar
[INFO] Downloaded: http://repo.maven.apache.org/maven2/org/easytesting/fest-util/1.1.6/fest-util-1.1.6.jar (31 KB at 24.7 KB/sec)
[INFO] Downloading: http://repo.maven.apache.org/maven2/org/mockito/mockito-all/1.9.0/mockito-all-1.9.0.jar
[INFO] Downloaded: http://repo.maven.apache.org/maven2/org/easytesting/fest-assert/1.4/fest-assert-1.4.jar (77 KB at 60.5 KB/sec)
[INFO] Downloading: http://repo.maven.apache.org/maven2/commons-io/commons-io/1.3.2/commons-io-1.3.2.jar
[INFO] Downloaded: http://repo.maven.apache.org/maven2/commons-io/commons-io/1.3.2/commons-io-1.3.2.jar (86 KB at 61.5 KB/sec)
[INFO] Downloaded: http://repo.maven.apache.org/maven2/org/codehaus/plexus/plexus-utils/2.0.5/plexus-utils-2.0.5.jar (218 KB at 151.9 KB/sec)
[INFO] Downloaded: http://repo.maven.apache.org/maven2/org/eclipse/jgit/org.eclipse.jgit/2.0.0.201206130900-r/org.eclipse.jgit-2.0.0.201206130900-r.jar (1542 KB at 640.0 KB/sec)
[INFO] Downloaded: http://repo.maven.apache.org/maven2/com/google/guava/guava/13.0/guava-13.0.jar (1847 KB at 679.0 KB/sec)
[INFO] Downloaded: http://repo.maven.apache.org/maven2/org/mockito/mockito-all/1.9.0/mockito-all-1.9.0.jar (1461 KB at 488.5 KB/sec)
[INFO] 
[INFO] --- maven-enforcer-plugin:1.0-beta-1:enforce (enforce-maven) @ git-commit-id-plugin ---
[INFO] Downloading: https://repo.maven.apache.org/maven2/org/apache/maven/maven-artifact/2.0.9/maven-artifact-2.0.9.pom
[INFO] Downloaded: https://repo.maven.apache.org/maven2/org/apache/maven/maven-artifact/2.0.9/maven-artifact-2.0.9.pom (2 KB at 14.4 KB/sec)
[INFO] Downloading: https://repo.maven.apache.org/maven2/org/apache/maven/maven/2.0.9/maven-2.0.9.pom
[INFO] Downloaded: https://repo.maven.apache.org/maven2/org/apache/maven/maven/2.0.9/maven-2.0.9.pom (19 KB at 155.2 KB/sec)
[INFO] Downloading: https://repo.maven.apache.org/maven2/org/apache/maven/maven-parent/8/maven-parent-8.pom
[INFO] Downloaded: https://repo.maven.apache.org/maven2/org/apache/maven/maven-parent/8/maven-parent-8.pom (24 KB at 210.4 KB/sec)
[INFO] Downloading: https://repo.maven.apache.org/maven2/org/codehaus/plexus/plexus-utils/1.5.8/plexus-utils-1.5.8.pom
[INFO] Downloaded: https://repo.maven.apache.org/maven2/org/codehaus/plexus/plexus-utils/1.5.8/plexus-utils-1.5.8.pom (8 KB at 71.6 KB/sec)
[INFO] Downloading: https://repo.maven.apache.org/maven2/org/apache/maven/maven-plugin-api/2.0.9/maven-plugin-api-2.0.9.pom
[INFO] Downloaded: https://repo.maven.apache.org/maven2/org/apache/maven/maven-plugin-api/2.0.9/maven-plugin-api-2.0.9.pom (2 KB at 13.3 KB/sec)
[INFO] Downloading: https://repo.maven.apache.org/maven2/org/apache/maven/maven-project/2.0.9/maven-project-2.0.9.pom
[INFO] Downloaded: https://repo.maven.apache.org/maven2/org/apache/maven/maven-project/2.0.9/maven-project-2.0.9.pom (3 KB at 24.5 KB/sec)
[INFO] Downloading: https://repo.maven.apache.org/maven2/org/apache/maven/maven-settings/2.0.9/maven-settings-2.0.9.pom
[INFO] Downloaded: https://repo.maven.apache.org/maven2/org/apache/maven/maven-settings/2.0.9/maven-settings-2.0.9.pom (3 KB at 18.4 KB/sec)
[INFO] Downloading: https://repo.maven.apache.org/maven2/org/apache/maven/maven-model/2.0.9/maven-model-2.0.9.pom
[INFO] Downloaded: https://repo.maven.apache.org/maven2/org/apache/maven/maven-model/2.0.9/maven-model-2.0.9.pom (4 KB at 27.9 KB/sec)
[INFO] Downloading: https://repo.maven.apache.org/maven2/junit/junit/3.8.2/junit-3.8.2.pom
[INFO] Downloaded: https://repo.maven.apache.org/maven2/junit/junit/3.8.2/junit-3.8.2.pom (747 B at 6.8 KB/sec)
[INFO] Downloading: https://repo.maven.apache.org/maven2/org/apache/maven/maven-profile/2.0.9/maven-profile-2.0.9.pom
[INFO] Downloaded: https://repo.maven.apache.org/maven2/org/apache/maven/maven-profile/2.0.9/maven-profile-2.0.9.pom (3 KB at 18.2 KB/sec)
[INFO] Downloading: https://repo.maven.apache.org/maven2/org/apache/maven/maven-artifact-manager/2.0.9/maven-artifact-manager-2.0.9.pom
[INFO] Downloaded: https://repo.maven.apache.org/maven2/org/apache/maven/maven-artifact-manager/2.0.9/maven-artifact-manager-2.0.9.pom (3 KB at 24.4 KB/sec)
[INFO] Downloading: https://repo.maven.apache.org/maven2/org/apache/maven/maven-repository-metadata/2.0.9/maven-repository-metadata-2.0.9.pom
[INFO] Downloaded: https://repo.maven.apache.org/maven2/org/apache/maven/maven-repository-metadata/2.0.9/maven-repository-metadata-2.0.9.pom (2 KB at 4.3 KB/sec)
[INFO] Downloading: https://repo.maven.apache.org/maven2/org/apache/maven/maven-plugin-registry/2.0.9/maven-plugin-registry-2.0.9.pom
[INFO] Downloaded: https://repo.maven.apache.org/maven2/org/apache/maven/maven-plugin-registry/2.0.9/maven-plugin-registry-2.0.9.pom (2 KB at 17.7 KB/sec)
[INFO] Downloading: https://repo.maven.apache.org/maven2/org/apache/maven/maven-core/2.0.9/maven-core-2.0.9.pom
[INFO] Downloaded: https://repo.maven.apache.org/maven2/org/apache/maven/maven-core/2.0.9/maven-core-2.0.9.pom (8 KB at 66.1 KB/sec)
[INFO] Downloading: https://repo.maven.apache.org/maven2/org/apache/maven/maven-plugin-parameter-documenter/2.0.9/maven-plugin-parameter-documenter-2.0.9.pom
[INFO] Downloaded: https://repo.maven.apache.org/maven2/org/apache/maven/maven-plugin-parameter-documenter/2.0.9/maven-plugin-parameter-documenter-2.0.9.pom (2 KB at 17.3 KB/sec)
[INFO] Downloading: https://repo.maven.apache.org/maven2/org/apache/maven/reporting/maven-reporting-api/2.0.9/maven-reporting-api-2.0.9.pom
[INFO] Downloaded: https://repo.maven.apache.org/maven2/org/apache/maven/reporting/maven-reporting-api/2.0.9/maven-reporting-api-2.0.9.pom (2 KB at 15.9 KB/sec)
[INFO] Downloading: https://repo.maven.apache.org/maven2/org/apache/maven/reporting/maven-reporting/2.0.9/maven-reporting-2.0.9.pom
[INFO] Downloaded: https://repo.maven.apache.org/maven2/org/apache/maven/reporting/maven-reporting/2.0.9/maven-reporting-2.0.9.pom (2 KB at 13.3 KB/sec)
[INFO] Downloading: https://repo.maven.apache.org/maven2/org/apache/maven/doxia/doxia-sink-api/1.0-alpha-10/doxia-sink-api-1.0-alpha-10.pom
[INFO] Downloaded: https://repo.maven.apache.org/maven2/org/apache/maven/doxia/doxia-sink-api/1.0-alpha-10/doxia-sink-api-1.0-alpha-10.pom (2 KB at 12.0 KB/sec)
[INFO] Downloading: https://repo.maven.apache.org/maven2/org/apache/maven/doxia/doxia/1.0-alpha-10/doxia-1.0-alpha-10.pom
[INFO] Downloaded: https://repo.maven.apache.org/maven2/org/apache/maven/doxia/doxia/1.0-alpha-10/doxia-1.0-alpha-10.pom (9 KB at 79.9 KB/sec)
[INFO] Downloading: https://repo.maven.apache.org/maven2/org/apache/maven/maven-parent/6/maven-parent-6.pom
[INFO] Downloaded: https://repo.maven.apache.org/maven2/org/apache/maven/maven-parent/6/maven-parent-6.pom (20 KB at 174.8 KB/sec)
[INFO] Downloading: https://repo.maven.apache.org/maven2/org/apache/maven/maven-error-diagnostics/2.0.9/maven-error-diagnostics-2.0.9.pom
[INFO] Downloaded: https://repo.maven.apache.org/maven2/org/apache/maven/maven-error-diagnostics/2.0.9/maven-error-diagnostics-2.0.9.pom (2 KB at 16.2 KB/sec)
[INFO] Downloading: https://repo.maven.apache.org/maven2/commons-cli/commons-cli/1.0/commons-cli-1.0.pom
[INFO] Downloaded: https://repo.maven.apache.org/maven2/commons-cli/commons-cli/1.0/commons-cli-1.0.pom (3 KB at 18.7 KB/sec)
[INFO] Downloading: https://repo.maven.apache.org/maven2/org/apache/maven/maven-plugin-descriptor/2.0.9/maven-plugin-descriptor-2.0.9.pom
[INFO] Downloaded: https://repo.maven.apache.org/maven2/org/apache/maven/maven-plugin-descriptor/2.0.9/maven-plugin-descriptor-2.0.9.pom (3 KB at 18.9 KB/sec)
[INFO] Downloading: https://repo.maven.apache.org/maven2/org/codehaus/plexus/plexus-interactivity-api/1.0-alpha-4/plexus-interactivity-api-1.0-alpha-4.pom
[INFO] Downloaded: https://repo.maven.apache.org/maven2/org/codehaus/plexus/plexus-interactivity-api/1.0-alpha-4/plexus-interactivity-api-1.0-alpha-4.pom (7 KB at 64.7 KB/sec)
[INFO] Downloading: https://repo.maven.apache.org/maven2/org/apache/maven/maven-monitor/2.0.9/maven-monitor-2.0.9.pom
[INFO] Downloaded: https://repo.maven.apache.org/maven2/org/apache/maven/maven-monitor/2.0.9/maven-monitor-2.0.9.pom (2 KB at 10.8 KB/sec)
[INFO] Downloading: https://repo.maven.apache.org/maven2/classworlds/classworlds/1.1/classworlds-1.1.pom
[INFO] Downloaded: https://repo.maven.apache.org/maven2/classworlds/classworlds/1.1/classworlds-1.1.pom (4 KB at 29.8 KB/sec)
[INFO] Downloading: https://repo.maven.apache.org/maven2/commons-lang/commons-lang/2.3/commons-lang-2.3.pom
[INFO] Downloaded: https://repo.maven.apache.org/maven2/commons-lang/commons-lang/2.3/commons-lang-2.3.pom (11 KB at 98.7 KB/sec)
[INFO] Downloading: https://repo.maven.apache.org/maven2/org/apache/maven/enforcer/enforcer-api/1.0-beta-1/enforcer-api-1.0-beta-1.pom
[INFO] Downloaded: https://repo.maven.apache.org/maven2/org/apache/maven/enforcer/enforcer-api/1.0-beta-1/enforcer-api-1.0-beta-1.pom (4 KB at 26.8 KB/sec)
[INFO] Downloading: https://repo.maven.apache.org/maven2/org/codehaus/plexus/plexus-container-default/1.0-alpha-9/plexus-container-default-1.0-alpha-9.pom
[INFO] Downloaded: https://repo.maven.apache.org/maven2/org/codehaus/plexus/plexus-container-default/1.0-alpha-9/plexus-container-default-1.0-alpha-9.pom (2 KB at 10.6 KB/sec)
[INFO] Downloading: https://repo.maven.apache.org/maven2/org/apache/maven/enforcer/enforcer-rules/1.0-beta-1/enforcer-rules-1.0-beta-1.pom
[INFO] Downloaded: https://repo.maven.apache.org/maven2/org/apache/maven/enforcer/enforcer-rules/1.0-beta-1/enforcer-rules-1.0-beta-1.pom (5 KB at 36.7 KB/sec)
[INFO] Downloading: https://repo.maven.apache.org/maven2/org/beanshell/bsh/2.0b4/bsh-2.0b4.pom
[INFO] Downloaded: https://repo.maven.apache.org/maven2/org/beanshell/bsh/2.0b4/bsh-2.0b4.pom (2 KB at 10.7 KB/sec)
[INFO] Downloading: https://repo.maven.apache.org/maven2/org/beanshell/beanshell/2.0b4/beanshell-2.0b4.pom
[INFO] Downloaded: https://repo.maven.apache.org/maven2/org/beanshell/beanshell/2.0b4/beanshell-2.0b4.pom (2 KB at 12.8 KB/sec)
[INFO] Downloading: https://repo.maven.apache.org/maven2/org/apache/maven/reporting/maven-reporting-api/2.0.9/maven-reporting-api-2.0.9.jar
[INFO] Downloading: https://repo.maven.apache.org/maven2/org/apache/maven/doxia/doxia-sink-api/1.0-alpha-10/doxia-sink-api-1.0-alpha-10.jar
[INFO] Downloading: https://repo.maven.apache.org/maven2/commons-cli/commons-cli/1.0/commons-cli-1.0.jar
[INFO] Downloading: https://repo.maven.apache.org/maven2/org/codehaus/plexus/plexus-interactivity-api/1.0-alpha-4/plexus-interactivity-api-1.0-alpha-4.jar
[INFO] Downloading: https://repo.maven.apache.org/maven2/org/codehaus/plexus/plexus-utils/1.5.8/plexus-utils-1.5.8.jar
[INFO] Downloaded: https://repo.maven.apache.org/maven2/org/apache/maven/doxia/doxia-sink-api/1.0-alpha-10/doxia-sink-api-1.0-alpha-10.jar (10 KB at 82.0 KB/sec)
[INFO] Downloading: https://repo.maven.apache.org/maven2/commons-lang/commons-lang/2.3/commons-lang-2.3.jar
[INFO] Downloaded: https://repo.maven.apache.org/maven2/org/apache/maven/reporting/maven-reporting-api/2.0.9/maven-reporting-api-2.0.9.jar (10 KB at 47.4 KB/sec)
[INFO] Downloading: https://repo.maven.apache.org/maven2/org/apache/maven/enforcer/enforcer-api/1.0-beta-1/enforcer-api-1.0-beta-1.jar
[INFO] Downloaded: https://repo.maven.apache.org/maven2/org/codehaus/plexus/plexus-interactivity-api/1.0-alpha-4/plexus-interactivity-api-1.0-alpha-4.jar (14 KB at 62.1 KB/sec)
[INFO] Downloading: https://repo.maven.apache.org/maven2/org/apache/maven/enforcer/enforcer-rules/1.0-beta-1/enforcer-rules-1.0-beta-1.jar
[INFO] Downloaded: https://repo.maven.apache.org/maven2/commons-cli/commons-cli/1.0/commons-cli-1.0.jar (30 KB at 132.5 KB/sec)
[INFO] Downloading: https://repo.maven.apache.org/maven2/org/beanshell/bsh/2.0b4/bsh-2.0b4.jar
[INFO] Downloaded: https://repo.maven.apache.org/maven2/commons-lang/commons-lang/2.3/commons-lang-2.3.jar (240 KB at 932.0 KB/sec)
[INFO] Downloaded: https://repo.maven.apache.org/maven2/org/codehaus/plexus/plexus-utils/1.5.8/plexus-utils-1.5.8.jar (262 KB at 994.6 KB/sec)
[INFO] Downloaded: https://repo.maven.apache.org/maven2/org/apache/maven/enforcer/enforcer-api/1.0-beta-1/enforcer-api-1.0-beta-1.jar (10 KB at 30.7 KB/sec)
[INFO] Downloaded: https://repo.maven.apache.org/maven2/org/apache/maven/enforcer/enforcer-rules/1.0-beta-1/enforcer-rules-1.0-beta-1.jar (53 KB at 157.0 KB/sec)
[INFO] Downloaded: https://repo.maven.apache.org/maven2/org/beanshell/bsh/2.0b4/bsh-2.0b4.jar (276 KB at 766.3 KB/sec)
[INFO] 
[INFO] --- maven-resources-plugin:2.6:resources (default-resources) @ git-commit-id-plugin ---
[INFO] Downloading: https://repo.maven.apache.org/maven2/org/apache/maven/maven-plugin-api/2.0.6/maven-plugin-api-2.0.6.pom
[INFO] Downloaded: https://repo.maven.apache.org/maven2/org/apache/maven/maven-plugin-api/2.0.6/maven-plugin-api-2.0.6.pom (2 KB at 12.8 KB/sec)
[INFO] Downloading: https://repo.maven.apache.org/maven2/org/apache/maven/maven/2.0.6/maven-2.0.6.pom
[INFO] Downloaded: https://repo.maven.apache.org/maven2/org/apache/maven/maven/2.0.6/maven-2.0.6.pom (9 KB at 85.0 KB/sec)
[INFO] Downloading: https://repo.maven.apache.org/maven2/org/apache/maven/maven-parent/5/maven-parent-5.pom
[INFO] Downloaded: https://repo.maven.apache.org/maven2/org/apache/maven/maven-parent/5/maven-parent-5.pom (15 KB at 130.5 KB/sec)
[INFO] Downloading: https://repo.maven.apache.org/maven2/org/apache/apache/3/apache-3.pom
[INFO] Downloaded: https://repo.maven.apache.org/maven2/org/apache/apache/3/apache-3.pom (4 KB at 31.0 KB/sec)
[INFO] Downloading: https://repo.maven.apache.org/maven2/org/apache/maven/maven-project/2.0.6/maven-project-2.0.6.pom
[INFO] Downloaded: https://repo.maven.apache.org/maven2/org/apache/maven/maven-project/2.0.6/maven-project-2.0.6.pom (3 KB at 24.5 KB/sec)
[INFO] Downloading: https://repo.maven.apache.org/maven2/org/apache/maven/maven-settings/2.0.6/maven-settings-2.0.6.pom
[INFO] Downloaded: https://repo.maven.apache.org/maven2/org/apache/maven/maven-settings/2.0.6/maven-settings-2.0.6.pom (2 KB at 18.4 KB/sec)
[INFO] Downloading: https://repo.maven.apache.org/maven2/org/apache/maven/maven-model/2.0.6/maven-model-2.0.6.pom
[INFO] Downloaded: https://repo.maven.apache.org/maven2/org/apache/maven/maven-model/2.0.6/maven-model-2.0.6.pom (3 KB at 26.8 KB/sec)
[INFO] Downloading: https://repo.maven.apache.org/maven2/org/codehaus/plexus/plexus-utils/1.4.1/plexus-utils-1.4.1.pom
[INFO] Downloaded: https://repo.maven.apache.org/maven2/org/codehaus/plexus/plexus-utils/1.4.1/plexus-utils-1.4.1.pom (2 KB at 16.8 KB/sec)
[INFO] Downloading: https://repo.maven.apache.org/maven2/org/apache/maven/maven-profile/2.0.6/maven-profile-2.0.6.pom
[INFO] Downloaded: https://repo.maven.apache.org/maven2/org/apache/maven/maven-profile/2.0.6/maven-profile-2.0.6.pom (2 KB at 17.7 KB/sec)
[INFO] Downloading: https://repo.maven.apache.org/maven2/org/apache/maven/maven-artifact-manager/2.0.6/maven-artifact-manager-2.0.6.pom
[INFO] Downloaded: https://repo.maven.apache.org/maven2/org/apache/maven/maven-artifact-manager/2.0.6/maven-artifact-manager-2.0.6.pom (3 KB at 24.4 KB/sec)
[INFO] Downloading: https://repo.maven.apache.org/maven2/org/apache/maven/maven-repository-metadata/2.0.6/maven-repository-metadata-2.0.6.pom
[INFO] Downloaded: https://repo.maven.apache.org/maven2/org/apache/maven/maven-repository-metadata/2.0.6/maven-repository-metadata-2.0.6.pom (2 KB at 17.4 KB/sec)
[INFO] Downloading: https://repo.maven.apache.org/maven2/org/apache/maven/maven-artifact/2.0.6/maven-artifact-2.0.6.pom
[INFO] Downloaded: https://repo.maven.apache.org/maven2/org/apache/maven/maven-artifact/2.0.6/maven-artifact-2.0.6.pom (2 KB at 14.5 KB/sec)
[INFO] Downloading: https://repo.maven.apache.org/maven2/org/apache/maven/maven-plugin-registry/2.0.6/maven-plugin-registry-2.0.6.pom
[INFO] Downloaded: https://repo.maven.apache.org/maven2/org/apache/maven/maven-plugin-registry/2.0.6/maven-plugin-registry-2.0.6.pom (2 KB at 18.5 KB/sec)
[INFO] Downloading: https://repo.maven.apache.org/maven2/org/apache/maven/maven-core/2.0.6/maven-core-2.0.6.pom
[INFO] Downloaded: https://repo.maven.apache.org/maven2/org/apache/maven/maven-core/2.0.6/maven-core-2.0.6.pom (7 KB at 62.4 KB/sec)
[INFO] Downloading: https://repo.maven.apache.org/maven2/org/apache/maven/maven-plugin-parameter-documenter/2.0.6/maven-plugin-parameter-documenter-2.0.6.pom
[INFO] Downloaded: https://repo.maven.apache.org/maven2/org/apache/maven/maven-plugin-parameter-documenter/2.0.6/maven-plugin-parameter-documenter-2.0.6.pom (2 KB at 17.4 KB/sec)
[INFO] Downloading: https://repo.maven.apache.org/maven2/org/apache/maven/reporting/maven-reporting-api/2.0.6/maven-reporting-api-2.0.6.pom
[INFO] Downloaded: https://repo.maven.apache.org/maven2/org/apache/maven/reporting/maven-reporting-api/2.0.6/maven-reporting-api-2.0.6.pom (2 KB at 16.5 KB/sec)
[INFO] Downloading: https://repo.maven.apache.org/maven2/org/apache/maven/reporting/maven-reporting/2.0.6/maven-reporting-2.0.6.pom
[INFO] Downloaded: https://repo.maven.apache.org/maven2/org/apache/maven/reporting/maven-reporting/2.0.6/maven-reporting-2.0.6.pom (2 KB at 13.0 KB/sec)
[INFO] Downloading: https://repo.maven.apache.org/maven2/org/apache/maven/doxia/doxia-sink-api/1.0-alpha-7/doxia-sink-api-1.0-alpha-7.pom
[INFO] Downloaded: https://repo.maven.apache.org/maven2/org/apache/maven/doxia/doxia-sink-api/1.0-alpha-7/doxia-sink-api-1.0-alpha-7.pom (424 B at 3.9 KB/sec)
[INFO] Downloading: https://repo.maven.apache.org/maven2/org/apache/maven/doxia/doxia/1.0-alpha-7/doxia-1.0-alpha-7.pom
[INFO] Downloaded: https://repo.maven.apache.org/maven2/org/apache/maven/doxia/doxia/1.0-alpha-7/doxia-1.0-alpha-7.pom (4 KB at 37.5 KB/sec)
[INFO] Downloading: https://repo.maven.apache.org/maven2/org/apache/maven/maven-error-diagnostics/2.0.6/maven-error-diagnostics-2.0.6.pom
[INFO] Downloaded: https://repo.maven.apache.org/maven2/org/apache/maven/maven-error-diagnostics/2.0.6/maven-error-diagnostics-2.0.6.pom (2 KB at 16.0 KB/sec)
[INFO] Downloading: https://repo.maven.apache.org/maven2/org/apache/maven/maven-plugin-descriptor/2.0.6/maven-plugin-descriptor-2.0.6.pom
[INFO] Downloaded: https://repo.maven.apache.org/maven2/org/apache/maven/maven-plugin-descriptor/2.0.6/maven-plugin-descriptor-2.0.6.pom (2 KB at 18.9 KB/sec)
[INFO] Downloading: https://repo.maven.apache.org/maven2/org/apache/maven/maven-monitor/2.0.6/maven-monitor-2.0.6.pom
[INFO] Downloaded: https://repo.maven.apache.org/maven2/org/apache/maven/maven-monitor/2.0.6/maven-monitor-2.0.6.pom (2 KB at 11.7 KB/sec)
[INFO] Downloading: https://repo.maven.apache.org/maven2/org/apache/maven/shared/maven-filtering/1.1/maven-filtering-1.1.pom
[INFO] Downloaded: https://repo.maven.apache.org/maven2/org/apache/maven/shared/maven-filtering/1.1/maven-filtering-1.1.pom (6 KB at 50.9 KB/sec)
[INFO] Downloading: https://repo.maven.apache.org/maven2/org/apache/maven/shared/maven-shared-components/17/maven-shared-components-17.pom
[INFO] Downloaded: https://repo.maven.apache.org/maven2/org/apache/maven/shared/maven-shared-components/17/maven-shared-components-17.pom (9 KB at 81.7 KB/sec)
[INFO] Downloading: https://repo.maven.apache.org/maven2/org/codehaus/plexus/plexus-interpolation/1.12/plexus-interpolation-1.12.pom
[INFO] Downloaded: https://repo.maven.apache.org/maven2/org/codehaus/plexus/plexus-interpolation/1.12/plexus-interpolation-1.12.pom (889 B at 8.3 KB/sec)
[INFO] Downloading: https://repo.maven.apache.org/maven2/org/sonatype/plexus/plexus-build-api/0.0.4/plexus-build-api-0.0.4.pom
[INFO] Downloaded: https://repo.maven.apache.org/maven2/org/sonatype/plexus/plexus-build-api/0.0.4/plexus-build-api-0.0.4.pom (3 KB at 25.0 KB/sec)
[INFO] Downloading: https://repo.maven.apache.org/maven2/org/sonatype/spice/spice-parent/10/spice-parent-10.pom
[INFO] Downloaded: https://repo.maven.apache.org/maven2/org/sonatype/spice/spice-parent/10/spice-parent-10.pom (3 KB at 27.0 KB/sec)
[INFO] Downloading: https://repo.maven.apache.org/maven2/org/sonatype/forge/forge-parent/3/forge-parent-3.pom
[INFO] Downloaded: https://repo.maven.apache.org/maven2/org/sonatype/forge/forge-parent/3/forge-parent-3.pom (5 KB at 42.7 KB/sec)
[INFO] Downloading: https://repo.maven.apache.org/maven2/org/codehaus/plexus/plexus-interpolation/1.13/plexus-interpolation-1.13.pom
[INFO] Downloaded: https://repo.maven.apache.org/maven2/org/codehaus/plexus/plexus-interpolation/1.13/plexus-interpolation-1.13.pom (890 B at 7.8 KB/sec)
[INFO] Downloading: https://repo.maven.apache.org/maven2/org/codehaus/plexus/plexus-components/1.1.15/plexus-components-1.1.15.pom
[INFO] Downloaded: https://repo.maven.apache.org/maven2/org/codehaus/plexus/plexus-components/1.1.15/plexus-components-1.1.15.pom (3 KB at 25.1 KB/sec)
[INFO] Downloading: https://repo.maven.apache.org/maven2/org/codehaus/plexus/plexus/2.0.3/plexus-2.0.3.pom
[INFO] Downloaded: https://repo.maven.apache.org/maven2/org/codehaus/plexus/plexus/2.0.3/plexus-2.0.3.pom (16 KB at 136.0 KB/sec)
[INFO] Downloading: https://repo.maven.apache.org/maven2/org/apache/maven/reporting/maven-reporting-api/2.0.6/maven-reporting-api-2.0.6.jar
[INFO] Downloading: https://repo.maven.apache.org/maven2/junit/junit/3.8.1/junit-3.8.1.jar
[INFO] Downloading: https://repo.maven.apache.org/maven2/org/apache/maven/doxia/doxia-sink-api/1.0-alpha-7/doxia-sink-api-1.0-alpha-7.jar
[INFO] Downloading: https://repo.maven.apache.org/maven2/org/apache/maven/shared/maven-filtering/1.1/maven-filtering-1.1.jar
[INFO] Downloading: https://repo.maven.apache.org/maven2/org/sonatype/plexus/plexus-build-api/0.0.4/plexus-build-api-0.0.4.jar
[INFO] Downloaded: https://repo.maven.apache.org/maven2/org/apache/maven/doxia/doxia-sink-api/1.0-alpha-7/doxia-sink-api-1.0-alpha-7.jar (6 KB at 47.5 KB/sec)
[INFO] Downloading: https://repo.maven.apache.org/maven2/org/codehaus/plexus/plexus-interpolation/1.13/plexus-interpolation-1.13.jar
[INFO] Downloaded: https://repo.maven.apache.org/maven2/org/sonatype/plexus/plexus-build-api/0.0.4/plexus-build-api-0.0.4.jar (7 KB at 53.6 KB/sec)
[INFO] Downloaded: https://repo.maven.apache.org/maven2/org/apache/maven/reporting/maven-reporting-api/2.0.6/maven-reporting-api-2.0.6.jar (10 KB at 74.1 KB/sec)
[INFO] Downloaded: https://repo.maven.apache.org/maven2/org/apache/maven/shared/maven-filtering/1.1/maven-filtering-1.1.jar (43 KB at 321.3 KB/sec)
[INFO] Downloaded: https://repo.maven.apache.org/maven2/junit/junit/3.8.1/junit-3.8.1.jar (119 KB at 832.6 KB/sec)
[INFO] Downloaded: https://repo.maven.apache.org/maven2/org/codehaus/plexus/plexus-interpolation/1.13/plexus-interpolation-1.13.jar (60 KB at 251.6 KB/sec)
[INFO] Using 'UTF-8' encoding to copy filtered resources.
[INFO] Copying 2 resources
[INFO] 
[INFO] --- maven-compiler-plugin:2.5.1:compile (default-compile) @ git-commit-id-plugin ---
[INFO] Downloading: https://repo.maven.apache.org/maven2/org/codehaus/plexus/plexus-utils/1.5.1/plexus-utils-1.5.1.pom
[INFO] Downloaded: https://repo.maven.apache.org/maven2/org/codehaus/plexus/plexus-utils/1.5.1/plexus-utils-1.5.1.pom (3 KB at 20.6 KB/sec)
[INFO] Downloading: https://repo.maven.apache.org/maven2/org/apache/maven/maven-toolchain/1.0/maven-toolchain-1.0.pom
[INFO] Downloaded: https://repo.maven.apache.org/maven2/org/apache/maven/maven-toolchain/1.0/maven-toolchain-1.0.pom (4 KB at 30.9 KB/sec)
[INFO] Downloading: https://repo.maven.apache.org/maven2/org/codehaus/plexus/plexus-utils/3.0/plexus-utils-3.0.pom
[INFO] Downloaded: https://repo.maven.apache.org/maven2/org/codehaus/plexus/plexus-utils/3.0/plexus-utils-3.0.pom (4 KB at 37.8 KB/sec)
[INFO] Downloading: https://repo.maven.apache.org/maven2/org/sonatype/spice/spice-parent/16/spice-parent-16.pom
[INFO] Downloaded: https://repo.maven.apache.org/maven2/org/sonatype/spice/spice-parent/16/spice-parent-16.pom (9 KB at 73.5 KB/sec)
[INFO] Downloading: https://repo.maven.apache.org/maven2/org/sonatype/forge/forge-parent/5/forge-parent-5.pom
[INFO] Downloaded: https://repo.maven.apache.org/maven2/org/sonatype/forge/forge-parent/5/forge-parent-5.pom (9 KB at 77.0 KB/sec)
[INFO] Downloading: https://repo.maven.apache.org/maven2/org/codehaus/plexus/plexus-compiler-api/1.9.1/plexus-compiler-api-1.9.1.pom
[INFO] Downloaded: https://repo.maven.apache.org/maven2/org/codehaus/plexus/plexus-compiler-api/1.9.1/plexus-compiler-api-1.9.1.pom (867 B at 7.8 KB/sec)
[INFO] Downloading: https://repo.maven.apache.org/maven2/org/codehaus/plexus/plexus-compiler/1.9.1/plexus-compiler-1.9.1.pom
[INFO] Downloaded: https://repo.maven.apache.org/maven2/org/codehaus/plexus/plexus-compiler/1.9.1/plexus-compiler-1.9.1.pom (4 KB at 35.7 KB/sec)
[INFO] Downloading: https://repo.maven.apache.org/maven2/org/codehaus/plexus/plexus-components/1.1.20/plexus-components-1.1.20.pom
[INFO] Downloaded: https://repo.maven.apache.org/maven2/org/codehaus/plexus/plexus-components/1.1.20/plexus-components-1.1.20.pom (3 KB at 26.8 KB/sec)
[INFO] Downloading: https://repo.maven.apache.org/maven2/org/codehaus/plexus/plexus/3.1/plexus-3.1.pom
[INFO] Downloaded: https://repo.maven.apache.org/maven2/org/codehaus/plexus/plexus/3.1/plexus-3.1.pom (19 KB at 163.8 KB/sec)
[INFO] Downloading: https://repo.maven.apache.org/maven2/org/sonatype/spice/spice-parent/17/spice-parent-17.pom
[INFO] Downloaded: https://repo.maven.apache.org/maven2/org/sonatype/spice/spice-parent/17/spice-parent-17.pom (7 KB at 62.9 KB/sec)
[INFO] Downloading: https://repo.maven.apache.org/maven2/org/sonatype/forge/forge-parent/10/forge-parent-10.pom
[INFO] Downloaded: https://repo.maven.apache.org/maven2/org/sonatype/forge/forge-parent/10/forge-parent-10.pom (14 KB at 115.1 KB/sec)
[INFO] Downloading: https://repo.maven.apache.org/maven2/org/codehaus/plexus/plexus-compiler-manager/1.9.1/plexus-compiler-manager-1.9.1.pom
[INFO] Downloaded: https://repo.maven.apache.org/maven2/org/codehaus/plexus/plexus-compiler-manager/1.9.1/plexus-compiler-manager-1.9.1.pom (692 B at 6.3 KB/sec)
[INFO] Downloading: https://repo.maven.apache.org/maven2/org/codehaus/plexus/plexus-compiler-javac/1.9.1/plexus-compiler-javac-1.9.1.pom
[INFO] Downloaded: https://repo.maven.apache.org/maven2/org/codehaus/plexus/plexus-compiler-javac/1.9.1/plexus-compiler-javac-1.9.1.pom (688 B at 6.5 KB/sec)
[INFO] Downloading: https://repo.maven.apache.org/maven2/org/codehaus/plexus/plexus-compilers/1.9.1/plexus-compilers-1.9.1.pom
[INFO] Downloaded: https://repo.maven.apache.org/maven2/org/codehaus/plexus/plexus-compilers/1.9.1/plexus-compilers-1.9.1.pom (2 KB at 11.0 KB/sec)
[INFO] Downloading: https://repo.maven.apache.org/maven2/org/codehaus/plexus/plexus-utils/3.0/plexus-utils-3.0.jar
[INFO] Downloading: https://repo.maven.apache.org/maven2/org/codehaus/plexus/plexus-compiler-api/1.9.1/plexus-compiler-api-1.9.1.jar
[INFO] Downloading: https://repo.maven.apache.org/maven2/org/codehaus/plexus/plexus-compiler-manager/1.9.1/plexus-compiler-manager-1.9.1.jar
[INFO] Downloading: https://repo.maven.apache.org/maven2/org/codehaus/plexus/plexus-compiler-javac/1.9.1/plexus-compiler-javac-1.9.1.jar
[INFO] Downloaded: https://repo.maven.apache.org/maven2/org/codehaus/plexus/plexus-compiler-manager/1.9.1/plexus-compiler-manager-1.9.1.jar (5 KB at 39.4 KB/sec)
[INFO] Downloaded: https://repo.maven.apache.org/maven2/org/codehaus/plexus/plexus-compiler-api/1.9.1/plexus-compiler-api-1.9.1.jar (21 KB at 177.1 KB/sec)
[INFO] Downloaded: https://repo.maven.apache.org/maven2/org/codehaus/plexus/plexus-compiler-javac/1.9.1/plexus-compiler-javac-1.9.1.jar (14 KB at 110.1 KB/sec)
[INFO] Downloaded: https://repo.maven.apache.org/maven2/org/codehaus/plexus/plexus-utils/3.0/plexus-utils-3.0.jar (221 KB at 1443.0 KB/sec)
[INFO] Compiling 11 source files to /home/travis/build/ktoso/maven-git-commit-id-plugin/target/classes
[INFO] 
[INFO] --- maven-plugin-plugin:3.2:descriptor (default-descriptor) @ git-commit-id-plugin ---
[INFO] Downloading: https://repo.maven.apache.org/maven2/org/apache/maven/plugin-tools/maven-plugin-tools-annotations/3.2/maven-plugin-tools-annotations-3.2.pom
[INFO] Downloaded: https://repo.maven.apache.org/maven2/org/apache/maven/plugin-tools/maven-plugin-tools-annotations/3.2/maven-plugin-tools-annotations-3.2.pom (5 KB at 40.7 KB/sec)
[INFO] Downloading: https://repo.maven.apache.org/maven2/org/apache/maven/maven-plugin-descriptor/2.2.1/maven-plugin-descriptor-2.2.1.pom
[INFO] Downloaded: https://repo.maven.apache.org/maven2/org/apache/maven/maven-plugin-descriptor/2.2.1/maven-plugin-descriptor-2.2.1.pom (3 KB at 19.4 KB/sec)
[INFO] Downloading: https://repo.maven.apache.org/maven2/org/apache/maven/plugin-tools/maven-plugin-tools-api/3.2/maven-plugin-tools-api-3.2.pom
[INFO] Downloaded: https://repo.maven.apache.org/maven2/org/apache/maven/plugin-tools/maven-plugin-tools-api/3.2/maven-plugin-tools-api-3.2.pom (3 KB at 27.2 KB/sec)
[INFO] Downloading: https://repo.maven.apache.org/maven2/org/apache/maven/plugin-tools/maven-plugin-annotations/3.2/maven-plugin-annotations-3.2.pom
[INFO] Downloaded: https://repo.maven.apache.org/maven2/org/apache/maven/plugin-tools/maven-plugin-annotations/3.2/maven-plugin-annotations-3.2.pom (2 KB at 15.2 KB/sec)
[INFO] Downloading: https://repo.maven.apache.org/maven2/org/codehaus/plexus/plexus-component-annotations/1.5.5/plexus-component-annotations-1.5.5.pom
[INFO] Downloaded: https://repo.maven.apache.org/maven2/org/codehaus/plexus/plexus-component-annotations/1.5.5/plexus-component-annotations-1.5.5.pom (815 B at 7.6 KB/sec)
[INFO] Downloading: https://repo.maven.apache.org/maven2/org/codehaus/plexus/plexus-containers/1.5.5/plexus-containers-1.5.5.pom
[INFO] Downloaded: https://repo.maven.apache.org/maven2/org/codehaus/plexus/plexus-containers/1.5.5/plexus-containers-1.5.5.pom (5 KB at 39.8 KB/sec)
[INFO] Downloading: https://repo.maven.apache.org/maven2/org/codehaus/plexus/plexus/2.0.7/plexus-2.0.7.pom
[INFO] Downloaded: https://repo.maven.apache.org/maven2/org/codehaus/plexus/plexus/2.0.7/plexus-2.0.7.pom (17 KB at 155.0 KB/sec)
[INFO] Downloading: https://repo.maven.apache.org/maven2/asm/asm/3.3.1/asm-3.3.1.pom
[INFO] Downloaded: https://repo.maven.apache.org/maven2/asm/asm/3.3.1/asm-3.3.1.pom (266 B at 2.3 KB/sec)
[INFO] Downloading: https://repo.maven.apache.org/maven2/asm/asm-parent/3.3.1/asm-parent-3.3.1.pom
[INFO] Downloaded: https://repo.maven.apache.org/maven2/asm/asm-parent/3.3.1/asm-parent-3.3.1.pom (5 KB at 39.5 KB/sec)
[INFO] Downloading: https://repo.maven.apache.org/maven2/asm/asm-commons/3.3.1/asm-commons-3.3.1.pom
[INFO] Downloaded: https://repo.maven.apache.org/maven2/asm/asm-commons/3.3.1/asm-commons-3.3.1.pom (417 B at 3.7 KB/sec)
[INFO] Downloading: https://repo.maven.apache.org/maven2/asm/asm-tree/3.3.1/asm-tree-3.3.1.pom
[INFO] Downloaded: https://repo.maven.apache.org/maven2/asm/asm-tree/3.3.1/asm-tree-3.3.1.pom (406 B at 3.8 KB/sec)
[INFO] Downloading: https://repo.maven.apache.org/maven2/org/codehaus/plexus/plexus-archiver/2.1.1/plexus-archiver-2.1.1.pom
[INFO] Downloaded: https://repo.maven.apache.org/maven2/org/codehaus/plexus/plexus-archiver/2.1.1/plexus-archiver-2.1.1.pom (3 KB at 26.1 KB/sec)
[INFO] Downloading: https://repo.maven.apache.org/maven2/org/codehaus/plexus/plexus-io/2.0.3/plexus-io-2.0.3.pom
[INFO] Downloaded: https://repo.maven.apache.org/maven2/org/codehaus/plexus/plexus-io/2.0.3/plexus-io-2.0.3.pom (2 KB at 15.8 KB/sec)
[INFO] Downloading: https://repo.maven.apache.org/maven2/org/codehaus/plexus/plexus-components/1.1.19/plexus-components-1.1.19.pom
[INFO] Downloaded: https://repo.maven.apache.org/maven2/org/codehaus/plexus/plexus-components/1.1.19/plexus-components-1.1.19.pom (3 KB at 25.1 KB/sec)
[INFO] Downloading: https://repo.maven.apache.org/maven2/org/codehaus/plexus/plexus/3.0.1/plexus-3.0.1.pom
[INFO] Downloaded: https://repo.maven.apache.org/maven2/org/codehaus/plexus/plexus/3.0.1/plexus-3.0.1.pom (19 KB at 168.3 KB/sec)
[INFO] Downloading: https://repo.maven.apache.org/maven2/com/thoughtworks/qdox/qdox/1.12.1/qdox-1.12.1.pom
[INFO] Downloaded: https://repo.maven.apache.org/maven2/com/thoughtworks/qdox/qdox/1.12.1/qdox-1.12.1.pom (18 KB at 157.7 KB/sec)
[INFO] Downloading: https://repo.maven.apache.org/maven2/org/codehaus/codehaus-parent/4/codehaus-parent-4.pom
[INFO] Downloaded: https://repo.maven.apache.org/maven2/org/codehaus/codehaus-parent/4/codehaus-parent-4.pom (5 KB at 44.0 KB/sec)
[INFO] Downloading: https://repo.maven.apache.org/maven2/org/apache/maven/doxia/doxia-sink-api/1.2/doxia-sink-api-1.2.pom
[INFO] Downloaded: https://repo.maven.apache.org/maven2/org/apache/maven/doxia/doxia-sink-api/1.2/doxia-sink-api-1.2.pom (2 KB at 15.0 KB/sec)
[INFO] Downloading: https://repo.maven.apache.org/maven2/org/apache/maven/doxia/doxia/1.2/doxia-1.2.pom
[INFO] Downloaded: https://repo.maven.apache.org/maven2/org/apache/maven/doxia/doxia/1.2/doxia-1.2.pom (19 KB at 161.3 KB/sec)
[INFO] Downloading: https://repo.maven.apache.org/maven2/org/apache/maven/maven-parent/19/maven-parent-19.pom
[INFO] Downloaded: https://repo.maven.apache.org/maven2/org/apache/maven/maven-parent/19/maven-parent-19.pom (25 KB at 224.0 KB/sec)
[INFO] Downloading: https://repo.maven.apache.org/maven2/org/apache/apache/9/apache-9.pom
[INFO] Downloaded: https://repo.maven.apache.org/maven2/org/apache/apache/9/apache-9.pom (15 KB at 139.7 KB/sec)
[INFO] Downloading: https://repo.maven.apache.org/maven2/org/apache/maven/doxia/doxia-logging-api/1.2/doxia-logging-api-1.2.pom
[INFO] Downloaded: https://repo.maven.apache.org/maven2/org/apache/maven/doxia/doxia-logging-api/1.2/doxia-logging-api-1.2.pom (2 KB at 15.2 KB/sec)
[INFO] Downloading: https://repo.maven.apache.org/maven2/org/apache/maven/doxia/doxia-site-renderer/1.2/doxia-site-renderer-1.2.pom
[INFO] Downloaded: https://repo.maven.apache.org/maven2/org/apache/maven/doxia/doxia-site-renderer/1.2/doxia-site-renderer-1.2.pom (7 KB at 55.9 KB/sec)
[INFO] Downloading: https://repo.maven.apache.org/maven2/org/apache/maven/doxia/doxia-sitetools/1.2/doxia-sitetools-1.2.pom
[INFO] Downloaded: https://repo.maven.apache.org/maven2/org/apache/maven/doxia/doxia-sitetools/1.2/doxia-sitetools-1.2.pom (16 KB at 149.4 KB/sec)
[INFO] Downloading: https://repo.maven.apache.org/maven2/org/apache/maven/doxia/doxia-core/1.2/doxia-core-1.2.pom
[INFO] Downloaded: https://repo.maven.apache.org/maven2/org/apache/maven/doxia/doxia-core/1.2/doxia-core-1.2.pom (4 KB at 36.8 KB/sec)
[INFO] Downloading: https://repo.maven.apache.org/maven2/xerces/xercesImpl/2.9.1/xercesImpl-2.9.1.pom
[INFO] Downloaded: https://repo.maven.apache.org/maven2/xerces/xercesImpl/2.9.1/xercesImpl-2.9.1.pom (2 KB at 11.4 KB/sec)
[INFO] Downloading: https://repo.maven.apache.org/maven2/xml-apis/xml-apis/1.3.04/xml-apis-1.3.04.pom
[INFO] Downloaded: https://repo.maven.apache.org/maven2/xml-apis/xml-apis/1.3.04/xml-apis-1.3.04.pom (2 KB at 15.7 KB/sec)
[INFO] Downloading: https://repo.maven.apache.org/maven2/commons-lang/commons-lang/2.4/commons-lang-2.4.pom
[INFO] Downloaded: https://repo.maven.apache.org/maven2/commons-lang/commons-lang/2.4/commons-lang-2.4.pom (14 KB at 131.2 KB/sec)
[INFO] Downloading: https://repo.maven.apache.org/maven2/org/apache/commons/commons-parent/9/commons-parent-9.pom
[INFO] Downloaded: https://repo.maven.apache.org/maven2/org/apache/commons/commons-parent/9/commons-parent-9.pom (22 KB at 191.2 KB/sec)
[INFO] Downloading: https://repo.maven.apache.org/maven2/org/apache/httpcomponents/httpclient/4.0.2/httpclient-4.0.2.pom
[INFO] Downloaded: https://repo.maven.apache.org/maven2/org/apache/httpcomponents/httpclient/4.0.2/httpclient-4.0.2.pom (8 KB at 69.7 KB/sec)
[INFO] Downloading: https://repo.maven.apache.org/maven2/org/apache/httpcomponents/httpcomponents-client/4.0.2/httpcomponents-client-4.0.2.pom
[INFO] Downloaded: https://repo.maven.apache.org/maven2/org/apache/httpcomponents/httpcomponents-client/4.0.2/httpcomponents-client-4.0.2.pom (9 KB at 82.6 KB/sec)
[INFO] Downloading: https://repo.maven.apache.org/maven2/org/apache/httpcomponents/project/4.1/project-4.1.pom
[INFO] Downloaded: https://repo.maven.apache.org/maven2/org/apache/httpcomponents/project/4.1/project-4.1.pom (16 KB at 142.8 KB/sec)
[INFO] Downloading: https://repo.maven.apache.org/maven2/org/apache/httpcomponents/httpcore/4.0.1/httpcore-4.0.1.pom
[INFO] Downloaded: https://repo.maven.apache.org/maven2/org/apache/httpcomponents/httpcore/4.0.1/httpcore-4.0.1.pom (5 KB at 44.6 KB/sec)
[INFO] Downloading: https://repo.maven.apache.org/maven2/org/apache/httpcomponents/httpcomponents-core/4.0.1/httpcomponents-core-4.0.1.pom
[INFO] Downloaded: https://repo.maven.apache.org/maven2/org/apache/httpcomponents/httpcomponents-core/4.0.1/httpcomponents-core-4.0.1.pom (10 KB at 87.0 KB/sec)
[INFO] Downloading: https://repo.maven.apache.org/maven2/org/apache/httpcomponents/project/4.0/project-4.0.pom
[INFO] Downloaded: https://repo.maven.apache.org/maven2/org/apache/httpcomponents/project/4.0/project-4.0.pom (13 KB at 123.1 KB/sec)
[INFO] Downloading: https://repo.maven.apache.org/maven2/commons-logging/commons-logging/1.1.1/commons-logging-1.1.1.pom
[INFO] Downloaded: https://repo.maven.apache.org/maven2/commons-logging/commons-logging/1.1.1/commons-logging-1.1.1.pom (18 KB at 172.4 KB/sec)
[INFO] Downloading: https://repo.maven.apache.org/maven2/org/apache/commons/commons-parent/5/commons-parent-5.pom
[INFO] Downloaded: https://repo.maven.apache.org/maven2/org/apache/commons/commons-parent/5/commons-parent-5.pom (16 KB at 152.1 KB/sec)
[INFO] Downloading: https://repo.maven.apache.org/maven2/commons-codec/commons-codec/1.3/commons-codec-1.3.pom
[INFO] Downloaded: https://repo.maven.apache.org/maven2/commons-codec/commons-codec/1.3/commons-codec-1.3.pom (6 KB at 51.4 KB/sec)
[INFO] Downloading: https://repo.maven.apache.org/maven2/org/apache/maven/doxia/doxia-decoration-model/1.2/doxia-decoration-model-1.2.pom
[INFO] Downloaded: https://repo.maven.apache.org/maven2/org/apache/maven/doxia/doxia-decoration-model/1.2/doxia-decoration-model-1.2.pom (3 KB at 27.1 KB/sec)
[INFO] Downloading: https://repo.maven.apache.org/maven2/org/apache/maven/doxia/doxia-module-xhtml/1.2/doxia-module-xhtml-1.2.pom
[INFO] Downloaded: https://repo.maven.apache.org/maven2/org/apache/maven/doxia/doxia-module-xhtml/1.2/doxia-module-xhtml-1.2.pom (2 KB at 14.9 KB/sec)
[INFO] Downloading: https://repo.maven.apache.org/maven2/org/apache/maven/doxia/doxia-modules/1.2/doxia-modules-1.2.pom
[INFO] Downloaded: https://repo.maven.apache.org/maven2/org/apache/maven/doxia/doxia-modules/1.2/doxia-modules-1.2.pom (3 KB at 22.2 KB/sec)
[INFO] Downloading: https://repo.maven.apache.org/maven2/org/apache/maven/doxia/doxia-module-fml/1.2/doxia-module-fml-1.2.pom
[INFO] Downloaded: https://repo.maven.apache.org/maven2/org/apache/maven/doxia/doxia-module-fml/1.2/doxia-module-fml-1.2.pom (6 KB at 50.9 KB/sec)
[INFO] Downloading: https://repo.maven.apache.org/maven2/org/codehaus/plexus/plexus-i18n/1.0-beta-7/plexus-i18n-1.0-beta-7.pom
[INFO] Downloaded: https://repo.maven.apache.org/maven2/org/codehaus/plexus/plexus-i18n/1.0-beta-7/plexus-i18n-1.0-beta-7.pom (2 KB at 9.7 KB/sec)
[INFO] Downloading: https://repo.maven.apache.org/maven2/org/codehaus/plexus/plexus-components/1.1.12/plexus-components-1.1.12.pom
[INFO] Downloaded: https://repo.maven.apache.org/maven2/org/codehaus/plexus/plexus-components/1.1.12/plexus-components-1.1.12.pom (3 KB at 27.2 KB/sec)
[INFO] Downloading: https://repo.maven.apache.org/maven2/org/codehaus/plexus/plexus/1.0.10/plexus-1.0.10.pom
[INFO] Downloaded: https://repo.maven.apache.org/maven2/org/codehaus/plexus/plexus/1.0.10/plexus-1.0.10.pom (9 KB at 76.7 KB/sec)
[INFO] Downloading: https://repo.maven.apache.org/maven2/org/codehaus/plexus/plexus-velocity/1.1.8/plexus-velocity-1.1.8.pom
[INFO] Downloaded: https://repo.maven.apache.org/maven2/org/codehaus/plexus/plexus-velocity/1.1.8/plexus-velocity-1.1.8.pom (2 KB at 17.7 KB/sec)
[INFO] Downloading: https://repo.maven.apache.org/maven2/org/apache/velocity/velocity/1.7/velocity-1.7.pom
[INFO] Downloaded: https://repo.maven.apache.org/maven2/org/apache/velocity/velocity/1.7/velocity-1.7.pom (11 KB at 102.9 KB/sec)
[INFO] Downloading: https://repo.maven.apache.org/maven2/commons-collections/commons-collections/3.2.1/commons-collections-3.2.1.pom
[INFO] Downloaded: https://repo.maven.apache.org/maven2/commons-collections/commons-collections/3.2.1/commons-collections-3.2.1.pom (13 KB at 117.4 KB/sec)
[INFO] Downloading: https://repo.maven.apache.org/maven2/org/apache/maven/plugin-tools/maven-plugin-tools-generators/3.2/maven-plugin-tools-generators-3.2.pom
[INFO] Downloaded: https://repo.maven.apache.org/maven2/org/apache/maven/plugin-tools/maven-plugin-tools-generators/3.2/maven-plugin-tools-generators-3.2.pom (5 KB at 38.9 KB/sec)
[INFO] Downloading: https://repo.maven.apache.org/maven2/org/apache/maven/reporting/maven-reporting-api/3.0/maven-reporting-api-3.0.pom
[INFO] Downloaded: https://repo.maven.apache.org/maven2/org/apache/maven/reporting/maven-reporting-api/3.0/maven-reporting-api-3.0.pom (3 KB at 21.3 KB/sec)
[INFO] Downloading: https://repo.maven.apache.org/maven2/org/apache/maven/shared/maven-shared-components/15/maven-shared-components-15.pom
[INFO] Downloaded: https://repo.maven.apache.org/maven2/org/apache/maven/shared/maven-shared-components/15/maven-shared-components-15.pom (10 KB at 85.2 KB/sec)
[INFO] Downloading: https://repo.maven.apache.org/maven2/org/apache/maven/maven-parent/16/maven-parent-16.pom
[INFO] Downloaded: https://repo.maven.apache.org/maven2/org/apache/maven/maven-parent/16/maven-parent-16.pom (23 KB at 206.6 KB/sec)
[INFO] Downloading: https://repo.maven.apache.org/maven2/org/apache/apache/7/apache-7.pom
[INFO] Downloaded: https://repo.maven.apache.org/maven2/org/apache/apache/7/apache-7.pom (15 KB at 136.8 KB/sec)
[INFO] Downloading: https://repo.maven.apache.org/maven2/org/apache/maven/doxia/doxia-sink-api/1.0/doxia-sink-api-1.0.pom
[INFO] Downloaded: https://repo.maven.apache.org/maven2/org/apache/maven/doxia/doxia-sink-api/1.0/doxia-sink-api-1.0.pom (2 KB at 12.3 KB/sec)
[INFO] Downloading: https://repo.maven.apache.org/maven2/org/apache/maven/doxia/doxia/1.0/doxia-1.0.pom
[INFO] Downloaded: https://repo.maven.apache.org/maven2/org/apache/maven/doxia/doxia/1.0/doxia-1.0.pom (10 KB at 86.4 KB/sec)
[INFO] Downloading: https://repo.maven.apache.org/maven2/org/apache/maven/maven-parent/10/maven-parent-10.pom
[INFO] Downloaded: https://repo.maven.apache.org/maven2/org/apache/maven/maven-parent/10/maven-parent-10.pom (31 KB at 283.4 KB/sec)
[INFO] Downloading: https://repo.maven.apache.org/maven2/commons-collections/commons-collections/3.1/commons-collections-3.1.pom
[INFO] Downloaded: https://repo.maven.apache.org/maven2/commons-collections/commons-collections/3.1/commons-collections-3.1.pom (6 KB at 56.6 KB/sec)
[INFO] Downloading: https://repo.maven.apache.org/maven2/net/sf/jtidy/jtidy/r938/jtidy-r938.pom
[INFO] Downloaded: https://repo.maven.apache.org/maven2/net/sf/jtidy/jtidy/r938/jtidy-r938.pom (10 KB at 86.6 KB/sec)
[INFO] Downloading: https://repo.maven.apache.org/maven2/org/apache/maven/reporting/maven-reporting-impl/2.1/maven-reporting-impl-2.1.pom
[INFO] Downloaded: https://repo.maven.apache.org/maven2/org/apache/maven/reporting/maven-reporting-impl/2.1/maven-reporting-impl-2.1.pom (5 KB at 40.2 KB/sec)
[INFO] Downloading: https://repo.maven.apache.org/maven2/org/apache/maven/doxia/doxia-sink-api/1.1.2/doxia-sink-api-1.1.2.pom
[INFO] Downloaded: https://repo.maven.apache.org/maven2/org/apache/maven/doxia/doxia-sink-api/1.1.2/doxia-sink-api-1.1.2.pom (2 KB at 14.1 KB/sec)
[INFO] Downloading: https://repo.maven.apache.org/maven2/org/apache/maven/doxia/doxia/1.1.2/doxia-1.1.2.pom
[INFO] Downloaded: https://repo.maven.apache.org/maven2/org/apache/maven/doxia/doxia/1.1.2/doxia-1.1.2.pom (18 KB at 164.2 KB/sec)
[INFO] Downloading: https://repo.maven.apache.org/maven2/org/apache/maven/maven-parent/15/maven-parent-15.pom
[INFO] Downloaded: https://repo.maven.apache.org/maven2/org/apache/maven/maven-parent/15/maven-parent-15.pom (24 KB at 207.4 KB/sec)
[INFO] Downloading: https://repo.maven.apache.org/maven2/org/apache/apache/6/apache-6.pom
[INFO] Downloaded: https://repo.maven.apache.org/maven2/org/apache/apache/6/apache-6.pom (13 KB at 121.3 KB/sec)
[INFO] Downloading: https://repo.maven.apache.org/maven2/org/apache/maven/doxia/doxia-logging-api/1.1.2/doxia-logging-api-1.1.2.pom
[INFO] Downloaded: https://repo.maven.apache.org/maven2/org/apache/maven/doxia/doxia-logging-api/1.1.2/doxia-logging-api-1.1.2.pom (2 KB at 15.1 KB/sec)
[INFO] Downloading: https://repo.maven.apache.org/maven2/org/apache/maven/doxia/doxia-core/1.1.2/doxia-core-1.1.2.pom
[INFO] Downloaded: https://repo.maven.apache.org/maven2/org/apache/maven/doxia/doxia-core/1.1.2/doxia-core-1.1.2.pom (4 KB at 35.3 KB/sec)
[INFO] Downloading: https://repo.maven.apache.org/maven2/xerces/xercesImpl/2.8.1/xercesImpl-2.8.1.pom
[INFO] Downloaded: https://repo.maven.apache.org/maven2/xerces/xercesImpl/2.8.1/xercesImpl-2.8.1.pom (3 KB at 20.5 KB/sec)
[INFO] Downloading: https://repo.maven.apache.org/maven2/xml-apis/xml-apis/1.3.03/xml-apis-1.3.03.pom
[INFO] Downloaded: https://repo.maven.apache.org/maven2/xml-apis/xml-apis/1.3.03/xml-apis-1.3.03.pom (738 B at 6.9 KB/sec)
[INFO] Downloading: https://repo.maven.apache.org/maven2/org/apache/apache/1/apache-1.pom
[INFO] Downloaded: https://repo.maven.apache.org/maven2/org/apache/apache/1/apache-1.pom (4 KB at 32.0 KB/sec)
[INFO] Downloading: https://repo.maven.apache.org/maven2/commons-httpclient/commons-httpclient/3.1/commons-httpclient-3.1.pom
[INFO] Downloaded: https://repo.maven.apache.org/maven2/commons-httpclient/commons-httpclient/3.1/commons-httpclient-3.1.pom (8 KB at 69.6 KB/sec)
[INFO] Downloading: https://repo.maven.apache.org/maven2/commons-logging/commons-logging/1.0.4/commons-logging-1.0.4.pom
[INFO] Downloaded: https://repo.maven.apache.org/maven2/commons-logging/commons-logging/1.0.4/commons-logging-1.0.4.pom (6 KB at 47.2 KB/sec)
[INFO] Downloading: https://repo.maven.apache.org/maven2/commons-codec/commons-codec/1.2/commons-codec-1.2.pom
[INFO] Downloaded: https://repo.maven.apache.org/maven2/commons-codec/commons-codec/1.2/commons-codec-1.2.pom (4 KB at 35.2 KB/sec)
[INFO] Downloading: https://repo.maven.apache.org/maven2/org/apache/maven/doxia/doxia-site-renderer/1.1.2/doxia-site-renderer-1.1.2.pom
[INFO] Downloaded: https://repo.maven.apache.org/maven2/org/apache/maven/doxia/doxia-site-renderer/1.1.2/doxia-site-renderer-1.1.2.pom (6 KB at 57.5 KB/sec)
[INFO] Downloading: https://repo.maven.apache.org/maven2/org/apache/maven/doxia/doxia-sitetools/1.1.2/doxia-sitetools-1.1.2.pom
[INFO] Downloaded: https://repo.maven.apache.org/maven2/org/apache/maven/doxia/doxia-sitetools/1.1.2/doxia-sitetools-1.1.2.pom (15 KB at 136.9 KB/sec)
[INFO] Downloading: https://repo.maven.apache.org/maven2/org/apache/maven/doxia/doxia-decoration-model/1.1.2/doxia-decoration-model-1.1.2.pom
[INFO] Downloaded: https://repo.maven.apache.org/maven2/org/apache/maven/doxia/doxia-decoration-model/1.1.2/doxia-decoration-model-1.1.2.pom (3 KB at 27.4 KB/sec)
[INFO] Downloading: https://repo.maven.apache.org/maven2/org/apache/maven/doxia/doxia-module-xhtml/1.1.2/doxia-module-xhtml-1.1.2.pom
[INFO] Downloaded: https://repo.maven.apache.org/maven2/org/apache/maven/doxia/doxia-module-xhtml/1.1.2/doxia-module-xhtml-1.1.2.pom (2 KB at 14.1 KB/sec)
[INFO] Downloading: https://repo.maven.apache.org/maven2/org/apache/maven/doxia/doxia-modules/1.1.2/doxia-modules-1.1.2.pom
[INFO] Downloaded: https://repo.maven.apache.org/maven2/org/apache/maven/doxia/doxia-modules/1.1.2/doxia-modules-1.1.2.pom (3 KB at 21.6 KB/sec)
[INFO] Downloading: https://repo.maven.apache.org/maven2/org/apache/maven/doxia/doxia-module-fml/1.1.2/doxia-module-fml-1.1.2.pom
[INFO] Downloaded: https://repo.maven.apache.org/maven2/org/apache/maven/doxia/doxia-module-fml/1.1.2/doxia-module-fml-1.1.2.pom (6 KB at 51.1 KB/sec)
[INFO] Downloading: https://repo.maven.apache.org/maven2/commons-collections/commons-collections/3.2/commons-collections-3.2.pom
[INFO] Downloaded: https://repo.maven.apache.org/maven2/commons-collections/commons-collections/3.2/commons-collections-3.2.pom (11 KB at 104.6 KB/sec)
[INFO] Downloading: https://repo.maven.apache.org/maven2/commons-validator/commons-validator/1.2.0/commons-validator-1.2.0.pom
[INFO] Downloaded: https://repo.maven.apache.org/maven2/commons-validator/commons-validator/1.2.0/commons-validator-1.2.0.pom (9 KB at 82.9 KB/sec)
[INFO] Downloading: https://repo.maven.apache.org/maven2/commons-beanutils/commons-beanutils/1.7.0/commons-beanutils-1.7.0.pom
[INFO] Downloaded: https://repo.maven.apache.org/maven2/commons-beanutils/commons-beanutils/1.7.0/commons-beanutils-1.7.0.pom (357 B at 3.4 KB/sec)
[INFO] Downloading: https://repo.maven.apache.org/maven2/commons-logging/commons-logging/1.0.3/commons-logging-1.0.3.pom
[INFO] Downloaded: https://repo.maven.apache.org/maven2/commons-logging/commons-logging/1.0.3/commons-logging-1.0.3.pom (866 B at 8.1 KB/sec)
[INFO] Downloading: https://repo.maven.apache.org/maven2/commons-digester/commons-digester/1.6/commons-digester-1.6.pom
[INFO] Downloaded: https://repo.maven.apache.org/maven2/commons-digester/commons-digester/1.6/commons-digester-1.6.pom (974 B at 9.1 KB/sec)
[INFO] Downloading: https://repo.maven.apache.org/maven2/commons-beanutils/commons-beanutils/1.6/commons-beanutils-1.6.pom
[INFO] Downloaded: https://repo.maven.apache.org/maven2/commons-beanutils/commons-beanutils/1.6/commons-beanutils-1.6.pom (3 KB at 20.9 KB/sec)
[INFO] Downloading: https://repo.maven.apache.org/maven2/commons-logging/commons-logging/1.0/commons-logging-1.0.pom
[INFO] Downloaded: https://repo.maven.apache.org/maven2/commons-logging/commons-logging/1.0/commons-logging-1.0.pom (163 B at 1.4 KB/sec)
[INFO] Downloading: https://repo.maven.apache.org/maven2/commons-collections/commons-collections/2.0/commons-collections-2.0.pom
[INFO] Downloaded: https://repo.maven.apache.org/maven2/commons-collections/commons-collections/2.0/commons-collections-2.0.pom (171 B at 1.6 KB/sec)
[INFO] Downloading: https://repo.maven.apache.org/maven2/commons-collections/commons-collections/2.1/commons-collections-2.1.pom
[INFO] Downloaded: https://repo.maven.apache.org/maven2/commons-collections/commons-collections/2.1/commons-collections-2.1.pom (4 KB at 30.4 KB/sec)
[INFO] Downloading: https://repo.maven.apache.org/maven2/xml-apis/xml-apis/1.0.b2/xml-apis-1.0.b2.pom
[INFO] Downloaded: https://repo.maven.apache.org/maven2/xml-apis/xml-apis/1.0.b2/xml-apis-1.0.b2.pom (3 KB at 21.1 KB/sec)
[INFO] Downloading: https://repo.maven.apache.org/maven2/oro/oro/2.0.8/oro-2.0.8.pom
[INFO] Downloaded: https://repo.maven.apache.org/maven2/oro/oro/2.0.8/oro-2.0.8.pom (140 B at 1.3 KB/sec)
[INFO] Downloading: https://repo.maven.apache.org/maven2/xml-apis/xml-apis/2.0.2/xml-apis-2.0.2.pom
[INFO] Downloaded: https://repo.maven.apache.org/maven2/xml-apis/xml-apis/2.0.2/xml-apis-2.0.2.pom (346 B at 3.2 KB/sec)
[INFO] Downloading: https://repo.maven.apache.org/maven2/org/apache/maven/plugin-tools/maven-plugin-tools-java/3.2/maven-plugin-tools-java-3.2.pom
[INFO] Downloaded: https://repo.maven.apache.org/maven2/org/apache/maven/plugin-tools/maven-plugin-tools-java/3.2/maven-plugin-tools-java-3.2.pom (4 KB at 33.2 KB/sec)
[INFO] Downloading: https://repo.maven.apache.org/maven2/org/apache/maven/plugin-tools/maven-plugin-tools-beanshell/3.2/maven-plugin-tools-beanshell-3.2.pom
[INFO] Downloaded: https://repo.maven.apache.org/maven2/org/apache/maven/plugin-tools/maven-plugin-tools-beanshell/3.2/maven-plugin-tools-beanshell-3.2.pom (3 KB at 21.2 KB/sec)
[INFO] Downloading: https://repo.maven.apache.org/maven2/bsh/bsh/1.3.0/bsh-1.3.0.pom
[INFO] Downloaded: https://repo.maven.apache.org/maven2/bsh/bsh/1.3.0/bsh-1.3.0.pom (210 B at 1.8 KB/sec)
[INFO] Downloading: https://repo.maven.apache.org/maven2/org/apache/maven/plugin-tools/maven-plugin-tools-model/3.2/maven-plugin-tools-model-3.2.pom
[INFO] Downloaded: https://repo.maven.apache.org/maven2/org/apache/maven/plugin-tools/maven-plugin-tools-model/3.2/maven-plugin-tools-model-3.2.pom (4 KB at 28.2 KB/sec)
[INFO] Downloading: https://repo.maven.apache.org/maven2/org/apache/maven/plugin-tools/maven-plugin-tools-annotations/3.2/maven-plugin-tools-annotations-3.2.jar
[INFO] Downloading: https://repo.maven.apache.org/maven2/org/apache/maven/plugin-tools/maven-plugin-annotations/3.2/maven-plugin-annotations-3.2.jar
[INFO] Downloading: https://repo.maven.apache.org/maven2/asm/asm/3.3.1/asm-3.3.1.jar
[INFO] Downloading: https://repo.maven.apache.org/maven2/org/codehaus/plexus/plexus-component-annotations/1.5.5/plexus-component-annotations-1.5.5.jar
[INFO] Downloading: https://repo.maven.apache.org/maven2/asm/asm-commons/3.3.1/asm-commons-3.3.1.jar
[INFO] Downloaded: https://repo.maven.apache.org/maven2/org/apache/maven/plugin-tools/maven-plugin-annotations/3.2/maven-plugin-annotations-3.2.jar (15 KB at 129.2 KB/sec)
[INFO] Downloading: https://repo.maven.apache.org/maven2/asm/asm-tree/3.3.1/asm-tree-3.3.1.jar
[INFO] Downloaded: https://repo.maven.apache.org/maven2/org/apache/maven/plugin-tools/maven-plugin-tools-annotations/3.2/maven-plugin-tools-annotations-3.2.jar (39 KB at 332.3 KB/sec)
[INFO] Downloading: https://repo.maven.apache.org/maven2/org/codehaus/plexus/plexus-archiver/2.1.1/plexus-archiver-2.1.1.jar
[INFO] Downloaded: https://repo.maven.apache.org/maven2/asm/asm/3.3.1/asm-3.3.1.jar (43 KB at 376.6 KB/sec)
[INFO] Downloading: https://repo.maven.apache.org/maven2/org/codehaus/plexus/plexus-io/2.0.3/plexus-io-2.0.3.jar
[INFO] Downloaded: https://repo.maven.apache.org/maven2/org/codehaus/plexus/plexus-component-annotations/1.5.5/plexus-component-annotations-1.5.5.jar (5 KB at 32.1 KB/sec)
[INFO] Downloading: https://repo.maven.apache.org/maven2/com/thoughtworks/qdox/qdox/1.12.1/qdox-1.12.1.jar
[INFO] Downloaded: https://repo.maven.apache.org/maven2/asm/asm-commons/3.3.1/asm-commons-3.3.1.jar (38 KB at 297.0 KB/sec)
[INFO] Downloading: https://repo.maven.apache.org/maven2/org/apache/maven/doxia/doxia-sink-api/1.2/doxia-sink-api-1.2.jar
[INFO] Downloaded: https://repo.maven.apache.org/maven2/asm/asm-tree/3.3.1/asm-tree-3.3.1.jar (22 KB at 99.5 KB/sec)
[INFO] Downloading: https://repo.maven.apache.org/maven2/org/apache/maven/doxia/doxia-logging-api/1.2/doxia-logging-api-1.2.jar
[INFO] Downloaded: https://repo.maven.apache.org/maven2/org/codehaus/plexus/plexus-io/2.0.3/plexus-io-2.0.3.jar (57 KB at 244.3 KB/sec)
[INFO] Downloading: https://repo.maven.apache.org/maven2/org/apache/maven/doxia/doxia-site-renderer/1.2/doxia-site-renderer-1.2.jar
[INFO] Downloaded: https://repo.maven.apache.org/maven2/org/apache/maven/doxia/doxia-sink-api/1.2/doxia-sink-api-1.2.jar (11 KB at 46.5 KB/sec)
[INFO] Downloading: https://repo.maven.apache.org/maven2/org/apache/maven/doxia/doxia-core/1.2/doxia-core-1.2.jar
[INFO] Downloaded: https://repo.maven.apache.org/maven2/org/codehaus/plexus/plexus-archiver/2.1.1/plexus-archiver-2.1.1.jar (181 KB at 745.0 KB/sec)
[INFO] Downloading: https://repo.maven.apache.org/maven2/xerces/xercesImpl/2.9.1/xercesImpl-2.9.1.jar
[INFO] Downloaded: https://repo.maven.apache.org/maven2/com/thoughtworks/qdox/qdox/1.12.1/qdox-1.12.1.jar (176 KB at 688.6 KB/sec)
[INFO] Downloading: https://repo.maven.apache.org/maven2/org/apache/httpcomponents/httpclient/4.0.2/httpclient-4.0.2.jar
[INFO] Downloaded: https://repo.maven.apache.org/maven2/org/apache/maven/doxia/doxia-logging-api/1.2/doxia-logging-api-1.2.jar (12 KB at 35.0 KB/sec)
[INFO] Downloading: https://repo.maven.apache.org/maven2/org/apache/httpcomponents/httpcore/4.0.1/httpcore-4.0.1.jar
[INFO] Downloaded: https://repo.maven.apache.org/maven2/org/apache/maven/doxia/doxia-site-renderer/1.2/doxia-site-renderer-1.2.jar (51 KB at 146.2 KB/sec)
[INFO] Downloading: https://repo.maven.apache.org/maven2/commons-codec/commons-codec/1.3/commons-codec-1.3.jar
[INFO] Downloaded: https://repo.maven.apache.org/maven2/org/apache/maven/doxia/doxia-core/1.2/doxia-core-1.2.jar (151 KB at 413.5 KB/sec)
[INFO] Downloading: https://repo.maven.apache.org/maven2/org/apache/maven/doxia/doxia-decoration-model/1.2/doxia-decoration-model-1.2.jar
[INFO] Downloaded: https://repo.maven.apache.org/maven2/org/apache/httpcomponents/httpclient/4.0.2/httpclient-4.0.2.jar (287 KB at 739.1 KB/sec)
[INFO] Downloading: https://repo.maven.apache.org/maven2/org/apache/maven/doxia/doxia-module-xhtml/1.2/doxia-module-xhtml-1.2.jar
[INFO] Downloaded: https://repo.maven.apache.org/maven2/org/apache/httpcomponents/httpcore/4.0.1/httpcore-4.0.1.jar (169 KB at 384.6 KB/sec)
[INFO] Downloading: https://repo.maven.apache.org/maven2/org/apache/maven/doxia/doxia-module-fml/1.2/doxia-module-fml-1.2.jar
[INFO] Downloaded: https://repo.maven.apache.org/maven2/xerces/xercesImpl/2.9.1/xercesImpl-2.9.1.jar (1201 KB at 2721.8 KB/sec)
[INFO] Downloading: https://repo.maven.apache.org/maven2/org/codehaus/plexus/plexus-i18n/1.0-beta-7/plexus-i18n-1.0-beta-7.jar
[INFO] Downloaded: https://repo.maven.apache.org/maven2/commons-codec/commons-codec/1.3/commons-codec-1.3.jar (46 KB at 98.1 KB/sec)
[INFO] Downloading: https://repo.maven.apache.org/maven2/commons-collections/commons-collections/3.2.1/commons-collections-3.2.1.jar
[INFO] Downloaded: https://repo.maven.apache.org/maven2/org/apache/maven/doxia/doxia-decoration-model/1.2/doxia-decoration-model-1.2.jar (59 KB at 122.3 KB/sec)
[INFO] Downloading: https://repo.maven.apache.org/maven2/org/apache/maven/plugin-tools/maven-plugin-tools-api/3.2/maven-plugin-tools-api-3.2.jar
[INFO] Downloaded: https://repo.maven.apache.org/maven2/org/apache/maven/doxia/doxia-module-xhtml/1.2/doxia-module-xhtml-1.2.jar (15 KB at 29.9 KB/sec)
[INFO] Downloading: https://repo.maven.apache.org/maven2/org/apache/maven/plugin-tools/maven-plugin-tools-generators/3.2/maven-plugin-tools-generators-3.2.jar
[INFO] Downloaded: https://repo.maven.apache.org/maven2/org/apache/maven/doxia/doxia-module-fml/1.2/doxia-module-fml-1.2.jar (37 KB at 67.6 KB/sec)
[INFO] Downloading: https://repo.maven.apache.org/maven2/net/sf/jtidy/jtidy/r938/jtidy-r938.jar
[INFO] Downloaded: https://repo.maven.apache.org/maven2/org/codehaus/plexus/plexus-i18n/1.0-beta-7/plexus-i18n-1.0-beta-7.jar (11 KB at 18.7 KB/sec)
[INFO] Downloading: https://repo.maven.apache.org/maven2/org/apache/maven/reporting/maven-reporting-impl/2.1/maven-reporting-impl-2.1.jar
[INFO] Downloaded: https://repo.maven.apache.org/maven2/org/apache/maven/plugin-tools/maven-plugin-tools-api/3.2/maven-plugin-tools-api-3.2.jar (23 KB at 38.4 KB/sec)
[INFO] Downloading: https://repo.maven.apache.org/maven2/commons-validator/commons-validator/1.2.0/commons-validator-1.2.0.jar
[INFO] Downloaded: https://repo.maven.apache.org/maven2/org/apache/maven/plugin-tools/maven-plugin-tools-generators/3.2/maven-plugin-tools-generators-3.2.jar (46 KB at 75.2 KB/sec)
[INFO] Downloading: https://repo.maven.apache.org/maven2/commons-beanutils/commons-beanutils/1.7.0/commons-beanutils-1.7.0.jar
[INFO] Downloaded: https://repo.maven.apache.org/maven2/commons-collections/commons-collections/3.2.1/commons-collections-3.2.1.jar (562 KB at 900.5 KB/sec)
[INFO] Downloading: https://repo.maven.apache.org/maven2/commons-digester/commons-digester/1.6/commons-digester-1.6.jar
[INFO] Downloaded: https://repo.maven.apache.org/maven2/org/apache/maven/reporting/maven-reporting-impl/2.1/maven-reporting-impl-2.1.jar (17 KB at 24.3 KB/sec)
[INFO] Downloading: https://repo.maven.apache.org/maven2/commons-logging/commons-logging/1.0.4/commons-logging-1.0.4.jar
[INFO] Downloaded: https://repo.maven.apache.org/maven2/net/sf/jtidy/jtidy/r938/jtidy-r938.jar (245 KB at 360.0 KB/sec)
[INFO] Downloading: https://repo.maven.apache.org/maven2/oro/oro/2.0.8/oro-2.0.8.jar
[INFO] Downloaded: https://repo.maven.apache.org/maven2/commons-validator/commons-validator/1.2.0/commons-validator-1.2.0.jar (89 KB at 126.6 KB/sec)
[INFO] Downloading: https://repo.maven.apache.org/maven2/xml-apis/xml-apis/1.0.b2/xml-apis-1.0.b2.jar
[INFO] Downloaded: https://repo.maven.apache.org/maven2/commons-beanutils/commons-beanutils/1.7.0/commons-beanutils-1.7.0.jar (185 KB at 253.4 KB/sec)
[INFO] Downloading: https://repo.maven.apache.org/maven2/org/apache/maven/reporting/maven-reporting-api/3.0/maven-reporting-api-3.0.jar
[INFO] Downloaded: https://repo.maven.apache.org/maven2/commons-digester/commons-digester/1.6/commons-digester-1.6.jar (165 KB at 219.9 KB/sec)
[INFO] Downloading: https://repo.maven.apache.org/maven2/org/apache/maven/plugin-tools/maven-plugin-tools-java/3.2/maven-plugin-tools-java-3.2.jar
[INFO] Downloaded: https://repo.maven.apache.org/maven2/commons-logging/commons-logging/1.0.4/commons-logging-1.0.4.jar (38 KB at 48.0 KB/sec)
[INFO] Downloading: https://repo.maven.apache.org/maven2/org/apache/maven/plugin-tools/maven-plugin-tools-beanshell/3.2/maven-plugin-tools-beanshell-3.2.jar
[INFO] Downloaded: https://repo.maven.apache.org/maven2/oro/oro/2.0.8/oro-2.0.8.jar (64 KB at 81.0 KB/sec)
[INFO] Downloading: https://repo.maven.apache.org/maven2/bsh/bsh/1.3.0/bsh-1.3.0.jar
[INFO] Downloaded: https://repo.maven.apache.org/maven2/xml-apis/xml-apis/1.0.b2/xml-apis-1.0.b2.jar (107 KB at 131.5 KB/sec)
[INFO] Downloading: https://repo.maven.apache.org/maven2/org/apache/maven/plugin-tools/maven-plugin-tools-model/3.2/maven-plugin-tools-model-3.2.jar
[INFO] Downloaded: https://repo.maven.apache.org/maven2/org/apache/maven/plugin-tools/maven-plugin-tools-java/3.2/maven-plugin-tools-java-3.2.jar (18 KB at 20.5 KB/sec)
[INFO] Downloading: https://repo.maven.apache.org/maven2/org/codehaus/plexus/plexus-velocity/1.1.8/plexus-velocity-1.1.8.jar
[INFO] Downloaded: https://repo.maven.apache.org/maven2/org/apache/maven/reporting/maven-reporting-api/3.0/maven-reporting-api-3.0.jar (11 KB at 12.5 KB/sec)
[INFO] Downloading: https://repo.maven.apache.org/maven2/org/apache/velocity/velocity/1.7/velocity-1.7.jar
[INFO] Downloaded: https://repo.maven.apache.org/maven2/org/apache/maven/plugin-tools/maven-plugin-tools-beanshell/3.2/maven-plugin-tools-beanshell-3.2.jar (13 KB at 14.5 KB/sec)
[INFO] Downloading: https://repo.maven.apache.org/maven2/commons-lang/commons-lang/2.4/commons-lang-2.4.jar
[INFO] Downloaded: https://repo.maven.apache.org/maven2/bsh/bsh/1.3.0/bsh-1.3.0.jar (237 KB at 260.2 KB/sec)
[INFO] Downloaded: https://repo.maven.apache.org/maven2/org/apache/maven/plugin-tools/maven-plugin-tools-model/3.2/maven-plugin-tools-model-3.2.jar (32 KB at 34.0 KB/sec)
[INFO] Downloaded: https://repo.maven.apache.org/maven2/org/codehaus/plexus/plexus-velocity/1.1.8/plexus-velocity-1.1.8.jar (8 KB at 8.1 KB/sec)
[INFO] Downloaded: https://repo.maven.apache.org/maven2/org/apache/velocity/velocity/1.7/velocity-1.7.jar (439 KB at 435.9 KB/sec)
[INFO] Downloaded: https://repo.maven.apache.org/maven2/commons-lang/commons-lang/2.4/commons-lang-2.4.jar (256 KB at 251.9 KB/sec)
[INFO] Using 'UTF-8' encoding to read mojo metadata.
[INFO] Applying mojo extractor for language: java-annotations
[INFO] Mojo extractor for language: java-annotations found 0 mojo descriptors.
[INFO] Applying mojo extractor for language: java
[WARNING] pl.project13.maven.git.GitCommitIdMojo#project:
[WARNING]   The syntax
[WARNING]     @parameter expression="${property}"
[WARNING]   is deprecated, please use
[WARNING]     @parameter property="property"
[WARNING]   instead.
[WARNING] pl.project13.maven.git.GitCommitIdMojo#reactorProjects:
[WARNING]   The syntax
[WARNING]     @parameter expression="${property}"
[WARNING]   is deprecated, please use
[WARNING]     @parameter property="property"
[WARNING]   instead.
[WARNING] pl.project13.maven.git.GitCommitIdMojo#skipPoms:
[WARNING]   The syntax
[WARNING]     @parameter expression="${property}"
[WARNING]   is deprecated, please use
[WARNING]     @parameter property="property"
[WARNING]   instead.
[INFO] Mojo extractor for language: java found 1 mojo descriptors.
[INFO] Applying mojo extractor for language: bsh
[INFO] Mojo extractor for language: bsh found 0 mojo descriptors.
[INFO] 
[INFO] --- maven-resources-plugin:2.6:testResources (default-testResources) @ git-commit-id-plugin ---
[INFO] Using 'UTF-8' encoding to copy filtered resources.
[INFO] Copying 1854 resources
[INFO] 
[INFO] --- maven-compiler-plugin:2.5.1:testCompile (default-testCompile) @ git-commit-id-plugin ---
[INFO] Compiling 16 source files to /home/travis/build/ktoso/maven-git-commit-id-plugin/target/test-classes
[INFO] 
[INFO] --- maven-surefire-plugin:2.12.4:test (default-test) @ git-commit-id-plugin ---
[INFO] Downloading: https://repo.maven.apache.org/maven2/org/apache/maven/surefire/surefire-booter/2.12.4/surefire-booter-2.12.4.pom
[INFO] Downloaded: https://repo.maven.apache.org/maven2/org/apache/maven/surefire/surefire-booter/2.12.4/surefire-booter-2.12.4.pom (3 KB at 27.9 KB/sec)
[INFO] Downloading: https://repo.maven.apache.org/maven2/org/apache/maven/surefire/surefire-api/2.12.4/surefire-api-2.12.4.pom
[INFO] Downloaded: https://repo.maven.apache.org/maven2/org/apache/maven/surefire/surefire-api/2.12.4/surefire-api-2.12.4.pom (3 KB at 22.3 KB/sec)
[INFO] Downloading: https://repo.maven.apache.org/maven2/org/apache/maven/surefire/maven-surefire-common/2.12.4/maven-surefire-common-2.12.4.pom
[INFO] Downloaded: https://repo.maven.apache.org/maven2/org/apache/maven/surefire/maven-surefire-common/2.12.4/maven-surefire-common-2.12.4.pom (6 KB at 49.1 KB/sec)
[INFO] Downloading: https://repo.maven.apache.org/maven2/org/apache/maven/plugin-tools/maven-plugin-annotations/3.1/maven-plugin-annotations-3.1.pom
[INFO] Downloaded: https://repo.maven.apache.org/maven2/org/apache/maven/plugin-tools/maven-plugin-annotations/3.1/maven-plugin-annotations-3.1.pom (2 KB at 14.5 KB/sec)
[INFO] Downloading: https://repo.maven.apache.org/maven2/org/apache/maven/plugin-tools/maven-plugin-tools/3.1/maven-plugin-tools-3.1.pom
[INFO] Downloaded: https://repo.maven.apache.org/maven2/org/apache/maven/plugin-tools/maven-plugin-tools/3.1/maven-plugin-tools-3.1.pom (16 KB at 147.7 KB/sec)
[INFO] Downloading: https://repo.maven.apache.org/maven2/org/codehaus/plexus/plexus-utils/3.0.8/plexus-utils-3.0.8.pom
[INFO] Downloaded: https://repo.maven.apache.org/maven2/org/codehaus/plexus/plexus-utils/3.0.8/plexus-utils-3.0.8.pom (4 KB at 28.7 KB/sec)
[INFO] Downloading: https://repo.maven.apache.org/maven2/org/codehaus/plexus/plexus/3.2/plexus-3.2.pom
[INFO] Downloaded: https://repo.maven.apache.org/maven2/org/codehaus/plexus/plexus/3.2/plexus-3.2.pom (19 KB at 169.5 KB/sec)
[INFO] Downloading: https://repo.maven.apache.org/maven2/org/apache/maven/maven-toolchain/2.0.9/maven-toolchain-2.0.9.pom
[INFO] Downloaded: https://repo.maven.apache.org/maven2/org/apache/maven/maven-toolchain/2.0.9/maven-toolchain-2.0.9.pom (4 KB at 31.1 KB/sec)
[INFO] Downloading: https://repo.maven.apache.org/maven2/org/apache/commons/commons-lang3/3.1/commons-lang3-3.1.pom
[INFO] Downloaded: https://repo.maven.apache.org/maven2/org/apache/commons/commons-lang3/3.1/commons-lang3-3.1.pom (17 KB at 154.0 KB/sec)
[INFO] Downloading: https://repo.maven.apache.org/maven2/org/apache/commons/commons-parent/22/commons-parent-22.pom
[INFO] Downloaded: https://repo.maven.apache.org/maven2/org/apache/commons/commons-parent/22/commons-parent-22.pom (41 KB at 359.1 KB/sec)
[INFO] Downloading: https://repo.maven.apache.org/maven2/org/apache/maven/shared/maven-common-artifact-filters/1.3/maven-common-artifact-filters-1.3.pom
[INFO] Downloaded: https://repo.maven.apache.org/maven2/org/apache/maven/shared/maven-common-artifact-filters/1.3/maven-common-artifact-filters-1.3.pom (4 KB at 29.6 KB/sec)
[INFO] Downloading: https://repo.maven.apache.org/maven2/org/apache/maven/shared/maven-shared-components/12/maven-shared-components-12.pom
[INFO] Downloaded: https://repo.maven.apache.org/maven2/org/apache/maven/shared/maven-shared-components/12/maven-shared-components-12.pom (10 KB at 83.7 KB/sec)
[INFO] Downloading: https://repo.maven.apache.org/maven2/org/apache/maven/maven-parent/13/maven-parent-13.pom
[INFO] Downloaded: https://repo.maven.apache.org/maven2/org/apache/maven/maven-parent/13/maven-parent-13.pom (23 KB at 204.7 KB/sec)
[INFO] Downloading: https://repo.maven.apache.org/maven2/org/apache/maven/surefire/surefire-booter/2.12.4/surefire-booter-2.12.4.jar
[INFO] Downloading: https://repo.maven.apache.org/maven2/org/apache/maven/surefire/surefire-api/2.12.4/surefire-api-2.12.4.jar
[INFO] Downloading: https://repo.maven.apache.org/maven2/org/apache/commons/commons-lang3/3.1/commons-lang3-3.1.jar
[INFO] Downloading: https://repo.maven.apache.org/maven2/org/apache/maven/surefire/maven-surefire-common/2.12.4/maven-surefire-common-2.12.4.jar
[INFO] Downloading: https://repo.maven.apache.org/maven2/org/apache/maven/shared/maven-common-artifact-filters/1.3/maven-common-artifact-filters-1.3.jar
[INFO] Downloaded: https://repo.maven.apache.org/maven2/org/apache/maven/shared/maven-common-artifact-filters/1.3/maven-common-artifact-filters-1.3.jar (31 KB at 216.7 KB/sec)
[INFO] Downloading: https://repo.maven.apache.org/maven2/org/codehaus/plexus/plexus-utils/3.0.8/plexus-utils-3.0.8.jar
[INFO] Downloaded: https://repo.maven.apache.org/maven2/org/apache/maven/surefire/surefire-api/2.12.4/surefire-api-2.12.4.jar (115 KB at 786.5 KB/sec)
[INFO] Downloading: https://repo.maven.apache.org/maven2/org/apache/maven/plugin-tools/maven-plugin-annotations/3.1/maven-plugin-annotations-3.1.jar
[INFO] Downloaded: https://repo.maven.apache.org/maven2/org/apache/maven/surefire/surefire-booter/2.12.4/surefire-booter-2.12.4.jar (34 KB at 225.8 KB/sec)
[INFO] Downloaded: https://repo.maven.apache.org/maven2/org/apache/maven/surefire/maven-surefire-common/2.12.4/maven-surefire-common-2.12.4.jar (257 KB at 1744.7 KB/sec)
[INFO] Downloaded: https://repo.maven.apache.org/maven2/org/apache/commons/commons-lang3/3.1/commons-lang3-3.1.jar (309 KB at 1939.6 KB/sec)
[INFO] Downloaded: https://repo.maven.apache.org/maven2/org/apache/maven/plugin-tools/maven-plugin-annotations/3.1/maven-plugin-annotations-3.1.jar (14 KB at 55.9 KB/sec)
[INFO] Downloaded: https://repo.maven.apache.org/maven2/org/codehaus/plexus/plexus-utils/3.0.8/plexus-utils-3.0.8.jar (227 KB at 851.1 KB/sec)
[INFO] Tests are skipped.
[INFO] 
[INFO] --- maven-jar-plugin:2.4:jar (default-jar) @ git-commit-id-plugin ---
[INFO] Downloading: https://repo.maven.apache.org/maven2/org/apache/maven/maven-archiver/2.5/maven-archiver-2.5.pom
[INFO] Downloaded: https://repo.maven.apache.org/maven2/org/apache/maven/maven-archiver/2.5/maven-archiver-2.5.pom (5 KB at 37.2 KB/sec)
[INFO] Downloading: https://repo.maven.apache.org/maven2/org/codehaus/plexus/plexus-archiver/2.1/plexus-archiver-2.1.pom
[INFO] Downloaded: https://repo.maven.apache.org/maven2/org/codehaus/plexus/plexus-archiver/2.1/plexus-archiver-2.1.pom (3 KB at 23.6 KB/sec)
[INFO] Downloading: https://repo.maven.apache.org/maven2/org/codehaus/plexus/plexus-io/2.0.2/plexus-io-2.0.2.pom
[INFO] Downloaded: https://repo.maven.apache.org/maven2/org/codehaus/plexus/plexus-io/2.0.2/plexus-io-2.0.2.pom (2 KB at 15.7 KB/sec)
[INFO] Downloading: https://repo.maven.apache.org/maven2/org/codehaus/plexus/plexus-interpolation/1.15/plexus-interpolation-1.15.pom
[INFO] Downloaded: https://repo.maven.apache.org/maven2/org/codehaus/plexus/plexus-interpolation/1.15/plexus-interpolation-1.15.pom (1018 B at 9.2 KB/sec)
[INFO] Downloading: https://repo.maven.apache.org/maven2/commons-lang/commons-lang/2.1/commons-lang-2.1.pom
[INFO] Downloaded: https://repo.maven.apache.org/maven2/commons-lang/commons-lang/2.1/commons-lang-2.1.pom (10 KB at 88.1 KB/sec)
[INFO] Downloading: https://repo.maven.apache.org/maven2/org/codehaus/plexus/plexus-interpolation/1.15/plexus-interpolation-1.15.jar
[INFO] Downloading: https://repo.maven.apache.org/maven2/org/apache/maven/maven-archiver/2.5/maven-archiver-2.5.jar
[INFO] Downloading: https://repo.maven.apache.org/maven2/org/codehaus/plexus/plexus-archiver/2.1/plexus-archiver-2.1.jar
[INFO] Downloading: https://repo.maven.apache.org/maven2/commons-lang/commons-lang/2.1/commons-lang-2.1.jar
[INFO] Downloading: https://repo.maven.apache.org/maven2/org/codehaus/plexus/plexus-io/2.0.2/plexus-io-2.0.2.jar
[INFO] Downloaded: https://repo.maven.apache.org/maven2/org/codehaus/plexus/plexus-interpolation/1.15/plexus-interpolation-1.15.jar (60 KB at 468.7 KB/sec)
[INFO] Downloaded: https://repo.maven.apache.org/maven2/org/apache/maven/maven-archiver/2.5/maven-archiver-2.5.jar (22 KB at 159.0 KB/sec)
[INFO] Downloaded: https://repo.maven.apache.org/maven2/org/codehaus/plexus/plexus-archiver/2.1/plexus-archiver-2.1.jar (181 KB at 1324.4 KB/sec)
[INFO] Downloaded: https://repo.maven.apache.org/maven2/commons-lang/commons-lang/2.1/commons-lang-2.1.jar (203 KB at 1548.5 KB/sec)
[INFO] Downloaded: https://repo.maven.apache.org/maven2/org/codehaus/plexus/plexus-io/2.0.2/plexus-io-2.0.2.jar (57 KB at 406.4 KB/sec)
[INFO] Building jar: /home/travis/build/ktoso/maven-git-commit-id-plugin/target/git-commit-id-plugin-2.1.6-SNAPSHOT.jar
[INFO] 
[INFO] --- maven-plugin-plugin:3.2:addPluginArtifactMetadata (default-addPluginArtifactMetadata) @ git-commit-id-plugin ---
[INFO] 
[INFO] --- maven-install-plugin:2.4:install (default-install) @ git-commit-id-plugin ---
[INFO] Downloading: https://repo.maven.apache.org/maven2/org/codehaus/plexus/plexus-utils/3.0.5/plexus-utils-3.0.5.pom
[INFO] Downloaded: https://repo.maven.apache.org/maven2/org/codehaus/plexus/plexus-utils/3.0.5/plexus-utils-3.0.5.pom (3 KB at 22.3 KB/sec)
[INFO] Downloading: https://repo.maven.apache.org/maven2/org/codehaus/plexus/plexus-digest/1.0/plexus-digest-1.0.pom
[INFO] Downloaded: https://repo.maven.apache.org/maven2/org/codehaus/plexus/plexus-digest/1.0/plexus-digest-1.0.pom (2 KB at 9.0 KB/sec)
[INFO] Downloading: https://repo.maven.apache.org/maven2/org/codehaus/plexus/plexus-components/1.1.7/plexus-components-1.1.7.pom
[INFO] Downloaded: https://repo.maven.apache.org/maven2/org/codehaus/plexus/plexus-components/1.1.7/plexus-components-1.1.7.pom (5 KB at 45.0 KB/sec)
[INFO] Downloading: https://repo.maven.apache.org/maven2/org/codehaus/plexus/plexus/1.0.8/plexus-1.0.8.pom
[INFO] Downloaded: https://repo.maven.apache.org/maven2/org/codehaus/plexus/plexus/1.0.8/plexus-1.0.8.pom (8 KB at 66.6 KB/sec)
[INFO] Downloading: https://repo.maven.apache.org/maven2/org/codehaus/plexus/plexus-container-default/1.0-alpha-8/plexus-container-default-1.0-alpha-8.pom
[INFO] Downloaded: https://repo.maven.apache.org/maven2/org/codehaus/plexus/plexus-container-default/1.0-alpha-8/plexus-container-default-1.0-alpha-8.pom (8 KB at 69.5 KB/sec)
[INFO] Downloading: https://repo.maven.apache.org/maven2/org/codehaus/plexus/plexus-utils/3.0.5/plexus-utils-3.0.5.jar
[INFO] Downloading: https://repo.maven.apache.org/maven2/org/codehaus/plexus/plexus-digest/1.0/plexus-digest-1.0.jar
[INFO] Downloaded: https://repo.maven.apache.org/maven2/org/codehaus/plexus/plexus-digest/1.0/plexus-digest-1.0.jar (12 KB at 99.0 KB/sec)
[INFO] Downloaded: https://repo.maven.apache.org/maven2/org/codehaus/plexus/plexus-utils/3.0.5/plexus-utils-3.0.5.jar (226 KB at 1907.2 KB/sec)
[INFO] Installing /home/travis/build/ktoso/maven-git-commit-id-plugin/target/git-commit-id-plugin-2.1.6-SNAPSHOT.jar to /home/travis/.m2/repository/pl/project13/maven/git-commit-id-plugin/2.1.6-SNAPSHOT/git-commit-id-plugin-2.1.6-SNAPSHOT.jar
[INFO] Installing /home/travis/build/ktoso/maven-git-commit-id-plugin/pom.xml to /home/travis/.m2/repository/pl/project13/maven/git-commit-id-plugin/2.1.6-SNAPSHOT/git-commit-id-plugin-2.1.6-SNAPSHOT.pom
[INFO] ------------------------------------------------------------------------
[INFO] BUILD SUCCESS
[INFO] ------------------------------------------------------------------------
[INFO] Total time: 41.463 s
[INFO] Finished at: 2016-11-16T03:51:00+00:00
[INFO] Final Memory: 26M/196M
[INFO] ------------------------------------------------------------------------

travis_time:end:00496188:start=1479268217851949075,finish=1479268261202448094,duration=43350499019[0Ktravis_fold:end:install[0Ktravis_time:start:03566762[0K$ mvn test -B
[INFO] Scanning for projects...
[INFO]                                                                         
[INFO] ------------------------------------------------------------------------
[INFO] Building Git Commit Id Plugin Maven Mojo 2.1.6-SNAPSHOT
[INFO] ------------------------------------------------------------------------
[WARNING] The artifact org.apache.commons:commons-io:jar:1.3.2 has been relocated to commons-io:commons-io:jar:1.3.2
[INFO] 
[INFO] --- maven-enforcer-plugin:1.0-beta-1:enforce (enforce-maven) @ git-commit-id-plugin ---
[INFO] 
[INFO] --- maven-resources-plugin:2.6:resources (default-resources) @ git-commit-id-plugin ---
[INFO] Using 'UTF-8' encoding to copy filtered resources.
[INFO] Copying 2 resources
[INFO] 
[INFO] --- maven-compiler-plugin:2.5.1:compile (default-compile) @ git-commit-id-plugin ---
[INFO] Nothing to compile - all classes are up to date
[INFO] 
[INFO] --- maven-plugin-plugin:3.2:descriptor (default-descriptor) @ git-commit-id-plugin ---
[INFO] Using 'UTF-8' encoding to read mojo metadata.
[INFO] Applying mojo extractor for language: java-annotations
[INFO] Mojo extractor for language: java-annotations found 0 mojo descriptors.
[INFO] Applying mojo extractor for language: java
[WARNING] pl.project13.maven.git.GitCommitIdMojo#project:
[WARNING]   The syntax
[WARNING]     @parameter expression="${property}"
[WARNING]   is deprecated, please use
[WARNING]     @parameter property="property"
[WARNING]   instead.
[WARNING] pl.project13.maven.git.GitCommitIdMojo#reactorProjects:
[WARNING]   The syntax
[WARNING]     @parameter expression="${property}"
[WARNING]   is deprecated, please use
[WARNING]     @parameter property="property"
[WARNING]   instead.
[WARNING] pl.project13.maven.git.GitCommitIdMojo#skipPoms:
[WARNING]   The syntax
[WARNING]     @parameter expression="${property}"
[WARNING]   is deprecated, please use
[WARNING]     @parameter property="property"
[WARNING]   instead.
[INFO] Mojo extractor for language: java found 1 mojo descriptors.
[INFO] Applying mojo extractor for language: bsh
[INFO] Mojo extractor for language: bsh found 0 mojo descriptors.
[INFO] 
[INFO] --- maven-resources-plugin:2.6:testResources (default-testResources) @ git-commit-id-plugin ---
[INFO] Using 'UTF-8' encoding to copy filtered resources.
[INFO] Copying 1854 resources
[INFO] 
[INFO] --- maven-compiler-plugin:2.5.1:testCompile (default-testCompile) @ git-commit-id-plugin ---
[INFO] Nothing to compile - all classes are up to date
[INFO] 
[INFO] --- maven-surefire-plugin:2.12.4:test (default-test) @ git-commit-id-plugin ---
[INFO] Surefire report directory: /home/travis/build/ktoso/maven-git-commit-id-plugin/target/surefire-reports
[INFO] Downloading: https://repo.maven.apache.org/maven2/org/apache/maven/surefire/surefire-junit4/2.12.4/surefire-junit4-2.12.4.pom
[INFO] Downloaded: https://repo.maven.apache.org/maven2/org/apache/maven/surefire/surefire-junit4/2.12.4/surefire-junit4-2.12.4.pom (3 KB at 3.9 KB/sec)
[INFO] Downloading: https://repo.maven.apache.org/maven2/org/apache/maven/surefire/surefire-providers/2.12.4/surefire-providers-2.12.4.pom
[INFO] Downloaded: https://repo.maven.apache.org/maven2/org/apache/maven/surefire/surefire-providers/2.12.4/surefire-providers-2.12.4.pom (3 KB at 17.8 KB/sec)
[INFO] Downloading: https://repo.maven.apache.org/maven2/org/apache/maven/surefire/surefire-junit4/2.12.4/surefire-junit4-2.12.4.jar
[INFO] Downloaded: https://repo.maven.apache.org/maven2/org/apache/maven/surefire/surefire-junit4/2.12.4/surefire-junit4-2.12.4.jar (37 KB at 257.5 KB/sec)

-------------------------------------------------------
 T E S T S
-------------------------------------------------------
Running pl.project13.maven.git.GitCommitIdMojoTest
[info] dotGitDirectory /home/travis/build/ktoso/maven-git-commit-id-plugin/.git
[info] 
[info] 
[info] git.build.user.name Unknown
[info] git.build.user.email Unknown
[info] git.branch master
[info] git.commit.id d563fe1c22abb93a7669f69593ab2206de3b4a3b
[info] git.commit.id.abbrev d563fe1
[info] git.commit.user.name Konrad Malawski
[info] git.commit.user.email konrad.malawski@java.pl
[info] git.commit.message.full Update README.md
[info] git.commit.message.short Update README.md
[info] git.commit.time 20.10.2013 @ 11:53:12 UTC
[info] git.remote.origin.url https://github.com/ktoso/maven-git-commit-id-plugin.git
[info] git.build.time 16.11.2016 @ 03:51:09 UTC
[info] found property git.commit.id.abbrev
[info] found property git.commit.user.email
[info] found property git.commit.message.full
[info] found property git.commit.id
[info] found property git.commit.message.short
[info] found property git.commit.user.name
[info] found property git.build.user.name
[info] found property git.build.user.email
[info] found property git.branch
[info] found property git.commit.time
[info] found property git.build.time
[info] found property git.remote.origin.url
[info] 
[info] dotGitDirectory /home/travis/build/ktoso/maven-git-commit-id-plugin/.git
[info] 
[info] 
[info] git.build.user.name Unknown
[info] git.build.user.email Unknown
[info] git.branch master
[info] git.commit.id d563fe1c22abb93a7669f69593ab2206de3b4a3b
[info] git.commit.id.abbrev d563fe1
[info] git.commit.user.name Konrad Malawski
[info] git.commit.user.email konrad.malawski@java.pl
[info] git.commit.message.full Update README.md
[info] git.commit.message.short Update README.md
[info] git.commit.time 20.10.2013 @ 11:53:12 UTC
[info] git.remote.origin.url https://github.com/ktoso/maven-git-commit-id-plugin.git
[info] git.build.time 16.11.2016 @ 03:51:09 UTC
[info] found property git.commit.id.abbrev
[info] found property git.commit.user.email
[info] found property git.commit.message.full
[info] found property git.commit.id
[info] found property git.commit.message.short
[info] found property git.commit.user.name
[info] found property git.build.user.name
[info] found property git.build.user.email
[info] found property git.branch
[info] found property git.commit.time
[info] found property git.build.time
[info] found property git.remote.origin.url
[info] 
Tests run: 2, Failures: 0, Errors: 0, Skipped: 0, Time elapsed: 0.722 sec
Running pl.project13.maven.git.GitDirLocatorTest
Tests run: 1, Failures: 0, Errors: 0, Skipped: 0, Time elapsed: 0.003 sec
Running pl.project13.maven.git.log.StdOutLoggerBridgeTest
LOG: 
ERR: 
Tests run: 2, Failures: 0, Errors: 0, Skipped: 0, Time elapsed: 0.001 sec
Running pl.project13.maven.git.log.MavenLoggerBridgeTest
Tests run: 1, Failures: 0, Errors: 0, Skipped: 0, Time elapsed: 0.009 sec
Running pl.project13.maven.git.GitSubmodulesTest
TEST: Will prepare sandbox repository based on: [src/test/resources/_git_with_submodules]
Tests run: 1, Failures: 0, Errors: 0, Skipped: 0, Time elapsed: 0.147 sec
Running pl.project13.maven.git.GitCommitIdMojoIntegrationTest
TEST: Will prepare sandbox repository based on: [src/test/resources/_git_one_commit]
TEST: Will prepare sandbox repository based on: [src/test/resources/_git_one_commit]
TEST: Will prepare sandbox repository based on: [src/test/resources/_git_one_commit]
TEST: Will prepare sandbox repository based on: [src/test/resources/_git_one_commit]
Tests run: 6, Failures: 0, Errors: 0, Skipped: 0, Time elapsed: 0.956 sec
Running pl.project13.jgit.DescribeResultTest
TEST: Will prepare sandbox repository based on: [src/test/resources/_git_lightweight_tag_before_annotated_tag]
TEST: Will prepare sandbox repository based on: [src/test/resources/_git_lightweight_tag_before_annotated_tag]
TEST: Will prepare sandbox repository based on: [src/test/resources/_git_lightweight_tag_before_annotated_tag]
TEST: Will prepare sandbox repository based on: [src/test/resources/_git_lightweight_tag_before_annotated_tag]
TEST: Will prepare sandbox repository based on: [src/test/resources/_git_lightweight_tag_before_annotated_tag]
Tests run: 5, Failures: 0, Errors: 0, Skipped: 0, Time elapsed: 0.404 sec
Running pl.project13.jgit.DescribeCommandAbbrevIntegrationTest
TEST: Will prepare sandbox repository based on: [src/test/resources/_git_lightweight_tag_before_annotated_tag]
LOG: --abbrev = 2
LOG: Tag refs [ [Ref[refs/tags/annotated-tag=882476235ef06c5f2cc59325a04ba761988cde36], Ref[refs/tags/lightweight-tag=d37a598a7a98531ad1375966642c6b1263129436]] ]
LOG: Resolved tag [ annotated-tag ] [ PersonIdent[Konrad Malawski, konrad.malawski@project13.pl, Sat Aug 25 15:32:41 2012 +0200] ], points at [ commit 95975455ef2b1af048f2926b9ba7fb804e22171b 0 ------ ] 
LOG: key [ commit 95975455ef2b1af048f2926b9ba7fb804e22171b 0 ------ ], tags => [ [DatedRevTag{id=882476235ef06c5f2cc59325a04ba761988cde36, tagName='annotated-tag', date=August 25, 2012 1:32:41 PM UTC}] ] 
LOG: Created map: [ {commit 95975455ef2b1af048f2926b9ba7fb804e22171b 0 ------=[annotated-tag]} ] 
LOG: HEAD is [ b6a73ed747dd8dc98642d731ddbf09824efb9d48 ] 
LOG: Repo is in dirty state [ true ]
TEST: Will prepare sandbox repository based on: [src/test/resources/_git_of_git_commit_id]
LOG: --abbrev = 2
LOG: Tag refs [ [Ref[refs/tags/v1.0=16c85b8d649a34c40056355af1e1f82b0d2c9d76], Ref[refs/tags/v1.1=ab60db7e7fedcae077af509e6192add421bfbb12], Ref[refs/tags/v1.2=3f437b3a14f0fed84f8786d5d7051bb5c0d6936c], Ref[refs/tags/v1.3=e89f1e7e8e7f24624ed9d19e1d35898339266072], Ref[refs/tags/v1.4=971316a891441fbc2635e33ee9c79cf183d71dbb], Ref[refs/tags/v1.5=8a2e16427355862573140fe9baa1e82ec2e921c6], Ref[refs/tags/v1.6=473aa600d2c22fc4a008d1c1d8cf50562fef5876], Ref[refs/tags/v1.7=e4da6e59adc8a7de9f029ea3cba8ec0d0b576e13], Ref[refs/tags/v1.8=b683a0108b943343f0cc0783e8309f8750f2b78c], Ref[refs/tags/v1.9=0ec2c72916ce8ae1db819f1dc78b9a2f1e611396], Ref[refs/tags/v2.0=1740fbbddc35a2c3d7da5421ee4eb61b90664802], Ref[refs/tags/v2.0.1=bd5328a463ef29ec2bd6a7ecf8e51af61a9882ab], Ref[refs/tags/v2.0.2=f0c5ac406ddde0a45a885e0ebb7eed15252d487a], Ref[refs/tags/v2.0.3=28728f43f6a9619e78c560830f1db98e271cec07], Ref[refs/tags/v2.0.4=9b0ee30af97d4ae17dffb11bd06ed67fc4451547]] ]
LOG: Resolved tag [ v1.0 ] [ PersonIdent[Konrad Malawski, konrad.malawski@project13.pl, Sat Feb 19 01:03:07 2011 +0100] ], points at [ commit 54acaffab11daf6f34f0ee04eddba64f2bb2265b 0 ------ ] 
LOG: Resolved tag [ v1.1 ] [ PersonIdent[Konrad Malawski, konrad.malawski@project13.pl, Sat Feb 26 16:44:44 2011 +0100] ], points at [ commit 6cc9d99542458e164822c47488414234b6b59060 0 ------ ] 
LOG: Resolved tag [ v1.2 ] [ PersonIdent[Konrad Malawski, konrad.malawski@project13.pl, Wed Apr 27 11:03:51 2011 +0200] ], points at [ commit 9b6e5f0501f9158a741f705d417b0ad337710984 0 ------ ] 
LOG: Resolved tag [ v1.3 ] [ PersonIdent[Konrad Malawski, konrad.malawski@project13.pl, Sat May 7 23:54:24 2011 +0200] ], points at [ commit d142945e8c4b15c561601e58573938d6835eb467 0 ------ ] 
LOG: Resolved tag [ v1.4 ] [ PersonIdent[Konrad Malawski, konrad.malawski@project13.pl, Sun May 15 21:52:59 2011 +0200] ], points at [ commit 9640198ad256c0c45f4aee61e474adbd9c52aeb2 0 ------ ] 
LOG: Resolved tag [ v1.5 ] [ PersonIdent[Konrad Malawski, konrad.malawski@project13.pl, Sun May 15 23:54:38 2011 +0200] ], points at [ commit a8974bbdaab8bdf3b263af8fa3e1ae71578496d2 0 ------ ] 
LOG: Resolved tag [ v1.6 ] [ PersonIdent[Konrad Malawski, konrad.malawski@project13.pl, Mon Jul 25 21:18:54 2011 +0200] ], points at [ commit 5205c9924e4b8cc96bba4e672d3b12627f76f30f 0 ------ ] 
LOG: Resolved tag [ v1.7 ] [ PersonIdent[Konrad Malawski, konrad.malawski@project13.pl, Sat Jul 30 13:32:42 2011 +0200] ], points at [ commit c4a7e03ce7e0622b93421499214bb0e9f72cd14d 0 ------ ] 
LOG: Resolved tag [ v1.8 ] [ PersonIdent[Konrad Malawski, konrad.malawski@project13.pl, Sun Sep 4 12:54:03 2011 +0200] ], points at [ commit a599a75c3a73adb9f70145e7ae13b42f7160bcdb 0 ------ ] 
LOG: Resolved tag [ v1.9 ] [ PersonIdent[Konrad Malawski, konrad.malawski@project13.pl, Thu Sep 22 22:51:17 2011 +0200] ], points at [ commit e4f4e7a26a89a5aeae65ad0ee638c31c94bbe1dc 0 ------ ] 
LOG: Resolved tag [ v2.0 ] [ PersonIdent[Konrad Malawski, konrad.malawski@project13.pl, Sat Dec 24 15:22:14 2011 +0100] ], points at [ commit e2d4fb2d63fb0f25ae168281d7dadfeb131bc110 0 ------ ] 
LOG: Resolved tag [ v2.0.1 ] [ PersonIdent[Konrad Malawski, konrad.malawski@project13.pl, Sat Dec 24 15:25:30 2011 +0100] ], points at [ commit 2e1832a5a66f932f3a12ca8755f6ec2a6c425428 0 ------ ] 
LOG: Resolved tag [ v2.0.2 ] [ PersonIdent[Konrad Malawski, konrad.malawski@project13.pl, Sat Jan 7 18:16:30 2012 +0100] ], points at [ commit f496b9d3b136572828b04bdb7f24ec9e306e58e3 0 ------ ] 
LOG: Resolved tag [ v2.0.3 ] [ PersonIdent[Konrad Malawski, konrad.malawski@project13.pl, Thu Feb 23 09:19:53 2012 +0100] ], points at [ commit b4c925845402d0f354e8812020a4380fa4b961de 0 ------ ] 
LOG: Resolved tag [ v2.0.4 ] [ PersonIdent[Konrad Malawski, konrad.malawski@project13.pl, Mon Jul 2 10:31:34 2012 +0200] ], points at [ commit a3b884764845d40ab1a1abdc293825ae0da55bb8 0 ------ ] 
LOG: key [ commit a599a75c3a73adb9f70145e7ae13b42f7160bcdb 0 ------ ], tags => [ [DatedRevTag{id=b683a0108b943343f0cc0783e8309f8750f2b78c, tagName='v1.8', date=September 4, 2011 10:54:03 AM UTC}] ] 
LOG: key [ commit 5205c9924e4b8cc96bba4e672d3b12627f76f30f 0 ------ ], tags => [ [DatedRevTag{id=473aa600d2c22fc4a008d1c1d8cf50562fef5876, tagName='v1.6', date=July 25, 2011 7:18:54 PM UTC}] ] 
LOG: key [ commit a8974bbdaab8bdf3b263af8fa3e1ae71578496d2 0 ------ ], tags => [ [DatedRevTag{id=8a2e16427355862573140fe9baa1e82ec2e921c6, tagName='v1.5', date=May 15, 2011 9:54:38 PM UTC}] ] 
LOG: key [ commit b4c925845402d0f354e8812020a4380fa4b961de 0 ------ ], tags => [ [DatedRevTag{id=28728f43f6a9619e78c560830f1db98e271cec07, tagName='v2.0.3', date=February 23, 2012 8:19:53 AM UTC}] ] 
LOG: key [ commit e2d4fb2d63fb0f25ae168281d7dadfeb131bc110 0 ------ ], tags => [ [DatedRevTag{id=1740fbbddc35a2c3d7da5421ee4eb61b90664802, tagName='v2.0', date=December 24, 2011 2:22:14 PM UTC}] ] 
LOG: key [ commit 6cc9d99542458e164822c47488414234b6b59060 0 ------ ], tags => [ [DatedRevTag{id=ab60db7e7fedcae077af509e6192add421bfbb12, tagName='v1.1', date=February 26, 2011 3:44:44 PM UTC}] ] 
LOG: key [ commit 9b6e5f0501f9158a741f705d417b0ad337710984 0 ------ ], tags => [ [DatedRevTag{id=3f437b3a14f0fed84f8786d5d7051bb5c0d6936c, tagName='v1.2', date=April 27, 2011 9:03:51 AM UTC}] ] 
LOG: key [ commit c4a7e03ce7e0622b93421499214bb0e9f72cd14d 0 ------ ], tags => [ [DatedRevTag{id=e4da6e59adc8a7de9f029ea3cba8ec0d0b576e13, tagName='v1.7', date=July 30, 2011 11:32:42 AM UTC}] ] 
LOG: key [ commit e4f4e7a26a89a5aeae65ad0ee638c31c94bbe1dc 0 ------ ], tags => [ [DatedRevTag{id=0ec2c72916ce8ae1db819f1dc78b9a2f1e611396, tagName='v1.9', date=September 22, 2011 8:51:17 PM UTC}] ] 
LOG: key [ commit 9640198ad256c0c45f4aee61e474adbd9c52aeb2 0 ------ ], tags => [ [DatedRevTag{id=971316a891441fbc2635e33ee9c79cf183d71dbb, tagName='v1.4', date=May 15, 2011 7:52:59 PM UTC}] ] 
LOG: key [ commit 2e1832a5a66f932f3a12ca8755f6ec2a6c425428 0 ------ ], tags => [ [DatedRevTag{id=bd5328a463ef29ec2bd6a7ecf8e51af61a9882ab, tagName='v2.0.1', date=December 24, 2011 2:25:30 PM UTC}] ] 
LOG: key [ commit f496b9d3b136572828b04bdb7f24ec9e306e58e3 0 ------ ], tags => [ [DatedRevTag{id=f0c5ac406ddde0a45a885e0ebb7eed15252d487a, tagName='v2.0.2', date=January 7, 2012 5:16:30 PM UTC}] ] 
LOG: key [ commit 54acaffab11daf6f34f0ee04eddba64f2bb2265b 0 ------ ], tags => [ [DatedRevTag{id=16c85b8d649a34c40056355af1e1f82b0d2c9d76, tagName='v1.0', date=February 19, 2011 12:03:07 AM UTC}] ] 
LOG: key [ commit a3b884764845d40ab1a1abdc293825ae0da55bb8 0 ------ ], tags => [ [DatedRevTag{id=9b0ee30af97d4ae17dffb11bd06ed67fc4451547, tagName='v2.0.4', date=July 2, 2012 8:31:34 AM UTC}] ] 
LOG: key [ commit d142945e8c4b15c561601e58573938d6835eb467 0 ------ ], tags => [ [DatedRevTag{id=e89f1e7e8e7f24624ed9d19e1d35898339266072, tagName='v1.3', date=May 7, 2011 9:54:24 PM UTC}] ] 
LOG: Created map: [ {commit a599a75c3a73adb9f70145e7ae13b42f7160bcdb 0 ------=[v1.8], commit 5205c9924e4b8cc96bba4e672d3b12627f76f30f 0 ------=[v1.6], commit a8974bbdaab8bdf3b263af8fa3e1ae71578496d2 0 ------=[v1.5], commit b4c925845402d0f354e8812020a4380fa4b961de 0 ------=[v2.0.3], commit e2d4fb2d63fb0f25ae168281d7dadfeb131bc110 0 ------=[v2.0], commit 6cc9d99542458e164822c47488414234b6b59060 0 ------=[v1.1], commit 9b6e5f0501f9158a741f705d417b0ad337710984 0 ------=[v1.2], commit c4a7e03ce7e0622b93421499214bb0e9f72cd14d 0 ------=[v1.7], commit e4f4e7a26a89a5aeae65ad0ee638c31c94bbe1dc 0 ------=[v1.9], commit 9640198ad256c0c45f4aee61e474adbd9c52aeb2 0 ------=[v1.4], commit 2e1832a5a66f932f3a12ca8755f6ec2a6c425428 0 ------=[v2.0.1], commit 54acaffab11daf6f34f0ee04eddba64f2bb2265b 0 ------=[v1.0], commit f496b9d3b136572828b04bdb7f24ec9e306e58e3 0 ------=[v2.0.2], commit a3b884764845d40ab1a1abdc293825ae0da55bb8 0 ------=[v2.0.4], commit d142945e8c4b15c561601e58573938d6835eb467 0 ------=[v1.3]} ] 
LOG: HEAD is [ 7181832b7d9afdeb86c32cf51214abfca63625be ] 
LOG: Repo is in dirty state [ true ]
Tests run: 2, Failures: 0, Errors: 0, Skipped: 0, Time elapsed: 0.696 sec
Running pl.project13.jgit.DescribeCommandTagsIntegrationTest
TEST: Will prepare sandbox repository based on: [src/test/resources/_git_lightweight_tag_before_annotated_tag]
LOG: Tag refs [ [Ref[refs/tags/annotated-tag=882476235ef06c5f2cc59325a04ba761988cde36], Ref[refs/tags/lightweight-tag=d37a598a7a98531ad1375966642c6b1263129436]] ]
LOG: Resolved tag [ annotated-tag ] [ PersonIdent[Konrad Malawski, konrad.malawski@project13.pl, Sat Aug 25 15:32:41 2012 +0200] ], points at [ commit 95975455ef2b1af048f2926b9ba7fb804e22171b 0 ------ ] 
LOG: key [ commit 95975455ef2b1af048f2926b9ba7fb804e22171b 0 ------ ], tags => [ [DatedRevTag{id=882476235ef06c5f2cc59325a04ba761988cde36, tagName='annotated-tag', date=August 25, 2012 1:32:41 PM UTC}] ] 
LOG: Created map: [ {commit 95975455ef2b1af048f2926b9ba7fb804e22171b 0 ------=[annotated-tag]} ] 
LOG: HEAD is [ b6a73ed747dd8dc98642d731ddbf09824efb9d48 ] 
LOG: Repo is in dirty state [ false ]
TEST: Will prepare sandbox repository based on: [src/test/resources/_git_lightweight_tag_before_annotated_tag]
LOG: --tags = true
LOG: Tag refs [ [Ref[refs/tags/annotated-tag=882476235ef06c5f2cc59325a04ba761988cde36], Ref[refs/tags/lightweight-tag=d37a598a7a98531ad1375966642c6b1263129436]] ]
LOG: Resolved tag [ annotated-tag ] [ PersonIdent[Konrad Malawski, konrad.malawski@project13.pl, Sat Aug 25 15:32:41 2012 +0200] ], points at [ commit 95975455ef2b1af048f2926b9ba7fb804e22171b 0 ------ ] 
LOG: Including lightweight tag [ refs/tags/lightweight-tag ]
LOG: key [ commit 95975455ef2b1af048f2926b9ba7fb804e22171b 0 ------ ], tags => [ [DatedRevTag{id=882476235ef06c5f2cc59325a04ba761988cde36, tagName='annotated-tag', date=August 25, 2012 1:32:41 PM UTC}] ] 
LOG: key [ AnyObjectId[d37a598a7a98531ad1375966642c6b1263129436] ], tags => [ [DatedRevTag{id=d37a598a7a98531ad1375966642c6b1263129436, tagName='refs/tags/lightweight-tag', date=November 16, 0016 3:51:12 AM UTC}] ] 
LOG: Created map: [ {commit 95975455ef2b1af048f2926b9ba7fb804e22171b 0 ------=[annotated-tag], AnyObjectId[d37a598a7a98531ad1375966642c6b1263129436]=[lightweight-tag]} ] 
LOG: HEAD is [ b6a73ed747dd8dc98642d731ddbf09824efb9d48 ] 
LOG: Repo is in dirty state [ false ]
TEST: Will prepare sandbox repository based on: [src/test/resources/_git_lightweight_tag_before_annotated_tag]
LOG: --tags = true
LOG: --match = annotated*
LOG: Tag refs [ [Ref[refs/tags/annotated-tag=882476235ef06c5f2cc59325a04ba761988cde36], Ref[refs/tags/lightweight-tag=d37a598a7a98531ad1375966642c6b1263129436]] ]
LOG: Resolved tag [ annotated-tag ] [ PersonIdent[Konrad Malawski, konrad.malawski@project13.pl, Sat Aug 25 15:32:41 2012 +0200] ], points at [ commit 95975455ef2b1af048f2926b9ba7fb804e22171b 0 ------ ] 
LOG: Skipping tagRef with name [ refs/tags/lightweight-tag ] as it doesn't match [ ^refs/tags/\Qannotated\E.*\Q\E$ ]
LOG: key [ commit 95975455ef2b1af048f2926b9ba7fb804e22171b 0 ------ ], tags => [ [DatedRevTag{id=882476235ef06c5f2cc59325a04ba761988cde36, tagName='annotated-tag', date=August 25, 2012 1:32:41 PM UTC}] ] 
LOG: Created map: [ {commit 95975455ef2b1af048f2926b9ba7fb804e22171b 0 ------=[annotated-tag]} ] 
LOG: HEAD is [ b6a73ed747dd8dc98642d731ddbf09824efb9d48 ] 
LOG: Repo is in dirty state [ false ]
TEST: Will prepare sandbox repository based on: [src/test/resources/_git_lightweight_tag_before_annotated_tag]
LOG: --tags = true
LOG: Tag refs [ [Ref[refs/tags/annotated-tag=882476235ef06c5f2cc59325a04ba761988cde36], Ref[refs/tags/lightweight-tag=d37a598a7a98531ad1375966642c6b1263129436]] ]
LOG: Resolved tag [ annotated-tag ] [ PersonIdent[Konrad Malawski, konrad.malawski@project13.pl, Sat Aug 25 15:32:41 2012 +0200] ], points at [ commit 95975455ef2b1af048f2926b9ba7fb804e22171b 0 ------ ] 
LOG: Including lightweight tag [ refs/tags/lightweight-tag ]
LOG: key [ commit 95975455ef2b1af048f2926b9ba7fb804e22171b 0 ------ ], tags => [ [DatedRevTag{id=882476235ef06c5f2cc59325a04ba761988cde36, tagName='annotated-tag', date=August 25, 2012 1:32:41 PM UTC}] ] 
LOG: key [ AnyObjectId[d37a598a7a98531ad1375966642c6b1263129436] ], tags => [ [DatedRevTag{id=d37a598a7a98531ad1375966642c6b1263129436, tagName='refs/tags/lightweight-tag', date=November 16, 0016 3:51:12 AM UTC}] ] 
LOG: Created map: [ {commit 95975455ef2b1af048f2926b9ba7fb804e22171b 0 ------=[annotated-tag], AnyObjectId[d37a598a7a98531ad1375966642c6b1263129436]=[lightweight-tag]} ] 
LOG: HEAD is [ b6a73ed747dd8dc98642d731ddbf09824efb9d48 ] 
LOG: Repo is in dirty state [ false ]
TEST: Will prepare sandbox repository based on: [src/test/resources/_git_lightweight_tag_before_annotated_tag]
TEST: Will prepare sandbox repository based on: [src/test/resources/_git_lightweight_tag_before_annotated_tag]
LOG: --tags = true
LOG: Tag refs [ [Ref[refs/tags/0.0.1-SNAPSHOT=7d38abf8a7a3da7272a6dc052c1e13fe11671fb9], Ref[refs/tags/OName-0.0.1=77d2b41eedcb01f5979eb6d0fcc8b8845fb999cc], Ref[refs/tags/annotated-tag=882476235ef06c5f2cc59325a04ba761988cde36], Ref[refs/tags/lightweight-tag=d37a598a7a98531ad1375966642c6b1263129436]] ]
LOG: Resolved tag [ 0.0.1-SNAPSHOT ] [ PersonIdent[travis, travis@4c804742389e, Wed Nov 16 03:51:12 2016 +0000] ], points at [ commit b6a73ed747dd8dc98642d731ddbf09824efb9d48 1345901523 -----p ] 
LOG: Resolved tag [ OName-0.0.1 ] [ PersonIdent[travis, travis@4c804742389e, Wed Nov 16 03:51:14 2016 +0000] ], points at [ commit b6a73ed747dd8dc98642d731ddbf09824efb9d48 1345901523 -----p ] 
LOG: Resolved tag [ annotated-tag ] [ PersonIdent[Konrad Malawski, konrad.malawski@project13.pl, Sat Aug 25 15:32:41 2012 +0200] ], points at [ commit 95975455ef2b1af048f2926b9ba7fb804e22171b 0 ------ ] 
LOG: Including lightweight tag [ refs/tags/lightweight-tag ]
LOG: key [ commit b6a73ed747dd8dc98642d731ddbf09824efb9d48 1345901523 -----p ], tags => [ [DatedRevTag{id=7d38abf8a7a3da7272a6dc052c1e13fe11671fb9, tagName='0.0.1-SNAPSHOT', date=November 16, 2016 3:51:12 AM UTC}, DatedRevTag{id=77d2b41eedcb01f5979eb6d0fcc8b8845fb999cc, tagName='OName-0.0.1', date=November 16, 2016 3:51:14 AM UTC}] ] 
LOG: key [ commit 95975455ef2b1af048f2926b9ba7fb804e22171b 0 ------ ], tags => [ [DatedRevTag{id=882476235ef06c5f2cc59325a04ba761988cde36, tagName='annotated-tag', date=August 25, 2012 1:32:41 PM UTC}] ] 
LOG: key [ AnyObjectId[d37a598a7a98531ad1375966642c6b1263129436] ], tags => [ [DatedRevTag{id=d37a598a7a98531ad1375966642c6b1263129436, tagName='refs/tags/lightweight-tag', date=November 16, 0016 3:51:14 AM UTC}] ] 
LOG: Created map: [ {commit b6a73ed747dd8dc98642d731ddbf09824efb9d48 1345901523 -----p=[OName-0.0.1, 0.0.1-SNAPSHOT], commit 95975455ef2b1af048f2926b9ba7fb804e22171b 0 ------=[annotated-tag], AnyObjectId[d37a598a7a98531ad1375966642c6b1263129436]=[lightweight-tag]} ] 
LOG: HEAD is [ b6a73ed747dd8dc98642d731ddbf09824efb9d48 ] 
LOG: Repo is in dirty state [ false ]
LOG: The commit we're on is a Tag ([ OName-0.0.1 ]), returning.
TEST: Will prepare sandbox repository based on: [src/test/resources/_git_lightweight_tag_before_annotated_tag]
TEST: Will prepare sandbox repository based on: [src/test/resources/_git_lightweight_tag_before_annotated_tag]
LOG: --tags = true
LOG: Tag refs [ [Ref[refs/tags/0.0.1-SNAPSHOT=4b145090febdf3b395ede1faaf784cb7e5669e41], Ref[refs/tags/OName-0.0.1=77d2b41eedcb01f5979eb6d0fcc8b8845fb999cc], Ref[refs/tags/annotated-tag=882476235ef06c5f2cc59325a04ba761988cde36], Ref[refs/tags/lightweight-tag=d37a598a7a98531ad1375966642c6b1263129436]] ]
LOG: Resolved tag [ 0.0.1-SNAPSHOT ] [ PersonIdent[travis, travis@4c804742389e, Wed Nov 16 03:51:14 2016 +0000] ], points at [ commit b6a73ed747dd8dc98642d731ddbf09824efb9d48 1345901523 -----p ] 
LOG: Resolved tag [ OName-0.0.1 ] [ PersonIdent[travis, travis@4c804742389e, Wed Nov 16 03:51:14 2016 +0000] ], points at [ commit b6a73ed747dd8dc98642d731ddbf09824efb9d48 1345901523 -----p ] 
LOG: Resolved tag [ annotated-tag ] [ PersonIdent[Konrad Malawski, konrad.malawski@project13.pl, Sat Aug 25 15:32:41 2012 +0200] ], points at [ commit 95975455ef2b1af048f2926b9ba7fb804e22171b 0 ------ ] 
LOG: Including lightweight tag [ refs/tags/lightweight-tag ]
LOG: key [ commit b6a73ed747dd8dc98642d731ddbf09824efb9d48 1345901523 -----p ], tags => [ [DatedRevTag{id=4b145090febdf3b395ede1faaf784cb7e5669e41, tagName='0.0.1-SNAPSHOT', date=November 16, 2016 3:51:14 AM UTC}, DatedRevTag{id=77d2b41eedcb01f5979eb6d0fcc8b8845fb999cc, tagName='OName-0.0.1', date=November 16, 2016 3:51:14 AM UTC}] ] 
LOG: key [ commit 95975455ef2b1af048f2926b9ba7fb804e22171b 0 ------ ], tags => [ [DatedRevTag{id=882476235ef06c5f2cc59325a04ba761988cde36, tagName='annotated-tag', date=August 25, 2012 1:32:41 PM UTC}] ] 
LOG: key [ AnyObjectId[d37a598a7a98531ad1375966642c6b1263129436] ], tags => [ [DatedRevTag{id=d37a598a7a98531ad1375966642c6b1263129436, tagName='refs/tags/lightweight-tag', date=November 16, 0016 3:51:14 AM UTC}] ] 
LOG: Created map: [ {commit b6a73ed747dd8dc98642d731ddbf09824efb9d48 1345901523 -----p=[0.0.1-SNAPSHOT, OName-0.0.1], commit 95975455ef2b1af048f2926b9ba7fb804e22171b 0 ------=[annotated-tag], AnyObjectId[d37a598a7a98531ad1375966642c6b1263129436]=[lightweight-tag]} ] 
LOG: HEAD is [ b6a73ed747dd8dc98642d731ddbf09824efb9d48 ] 
LOG: Repo is in dirty state [ false ]
LOG: The commit we're on is a Tag ([ 0.0.1-SNAPSHOT ]), returning.
Tests run: 6, Failures: 0, Errors: 0, Skipped: 0, Time elapsed: 2.4 sec
Running pl.project13.jgit.DescribeCommandIntegrationTest
TEST: Will prepare sandbox repository based on: [src/test/resources/_git_one_commit_dirty]
LOG: Tag refs [ [] ]
LOG: Created map: [ {} ] 
LOG: HEAD is [ 0b0181b49468f45e573eaf3562f163107c5c121d ] 
LOG: Repo is in dirty state [ true ]
TEST: Will prepare sandbox repository based on: [src/test/resources/_git_on_a_tag]
LOG: --tags = true
LOG: Tag refs [ [Ref[refs/tags/v1.0.0=de4db35917b268089c81c9ab1b52541bb778f5a0]] ]
LOG: Including lightweight tag [ refs/tags/v1.0.0 ]
LOG: key [ AnyObjectId[de4db35917b268089c81c9ab1b52541bb778f5a0] ], tags => [ [DatedRevTag{id=de4db35917b268089c81c9ab1b52541bb778f5a0, tagName='refs/tags/v1.0.0', date=November 16, 0016 3:51:14 AM UTC}] ] 
LOG: Created map: [ {AnyObjectId[de4db35917b268089c81c9ab1b52541bb778f5a0]=[v1.0.0]} ] 
LOG: HEAD is [ de4db35917b268089c81c9ab1b52541bb778f5a0 ] 
LOG: Repo is in dirty state [ false ]
LOG: The commit we're on is a Tag ([ v1.0.0 ]), returning.
TEST: Will prepare sandbox repository based on: [src/test/resources/_git_one_commit]
LOG: Tag refs [ [] ]
LOG: Created map: [ {} ] 
LOG: HEAD is [ 0b0181b49468f45e573eaf3562f163107c5c121d ] 
TEST: Will prepare sandbox repository based on: [src/test/resources/_git_one_commit]
LOG: --abbrev = 10
LOG: Tag refs [ [] ]
LOG: Created map: [ {} ] 
LOG: HEAD is [ 0b0181b49468f45e573eaf3562f163107c5c121d ] 
TEST: Will prepare sandbox repository based on: [src/test/resources/_git_on_a_tag]
LOG: --tags = true
LOG: --dirty = -banana
LOG: Tag refs [ [Ref[refs/tags/v1.0.0=de4db35917b268089c81c9ab1b52541bb778f5a0]] ]
LOG: Including lightweight tag [ refs/tags/v1.0.0 ]
LOG: key [ AnyObjectId[de4db35917b268089c81c9ab1b52541bb778f5a0] ], tags => [ [DatedRevTag{id=de4db35917b268089c81c9ab1b52541bb778f5a0, tagName='refs/tags/v1.0.0', date=November 16, 0016 3:51:14 AM UTC}] ] 
LOG: Created map: [ {AnyObjectId[de4db35917b268089c81c9ab1b52541bb778f5a0]=[v1.0.0]} ] 
LOG: HEAD is [ de4db35917b268089c81c9ab1b52541bb778f5a0 ] 
LOG: Repo is in dirty state [ true ]
LOG: The commit we're on is a Tag ([ v1.0.0 ]), returning.
TEST: Will prepare sandbox repository based on: [src/test/resources/_git_of_git_commit_id]
LOG: --dirty = -dirty
LOG: Tag refs [ [Ref[refs/tags/v1.0=16c85b8d649a34c40056355af1e1f82b0d2c9d76], Ref[refs/tags/v1.1=ab60db7e7fedcae077af509e6192add421bfbb12], Ref[refs/tags/v1.2=3f437b3a14f0fed84f8786d5d7051bb5c0d6936c], Ref[refs/tags/v1.3=e89f1e7e8e7f24624ed9d19e1d35898339266072], Ref[refs/tags/v1.4=971316a891441fbc2635e33ee9c79cf183d71dbb], Ref[refs/tags/v1.5=8a2e16427355862573140fe9baa1e82ec2e921c6], Ref[refs/tags/v1.6=473aa600d2c22fc4a008d1c1d8cf50562fef5876], Ref[refs/tags/v1.7=e4da6e59adc8a7de9f029ea3cba8ec0d0b576e13], Ref[refs/tags/v1.8=b683a0108b943343f0cc0783e8309f8750f2b78c], Ref[refs/tags/v1.9=0ec2c72916ce8ae1db819f1dc78b9a2f1e611396], Ref[refs/tags/v2.0=1740fbbddc35a2c3d7da5421ee4eb61b90664802], Ref[refs/tags/v2.0.1=bd5328a463ef29ec2bd6a7ecf8e51af61a9882ab], Ref[refs/tags/v2.0.2=f0c5ac406ddde0a45a885e0ebb7eed15252d487a], Ref[refs/tags/v2.0.3=28728f43f6a9619e78c560830f1db98e271cec07], Ref[refs/tags/v2.0.4=9b0ee30af97d4ae17dffb11bd06ed67fc4451547]] ]
LOG: Resolved tag [ v1.0 ] [ PersonIdent[Konrad Malawski, konrad.malawski@project13.pl, Sat Feb 19 01:03:07 2011 +0100] ], points at [ commit 54acaffab11daf6f34f0ee04eddba64f2bb2265b 0 ------ ] 
LOG: Resolved tag [ v1.1 ] [ PersonIdent[Konrad Malawski, konrad.malawski@project13.pl, Sat Feb 26 16:44:44 2011 +0100] ], points at [ commit 6cc9d99542458e164822c47488414234b6b59060 0 ------ ] 
LOG: Resolved tag [ v1.2 ] [ PersonIdent[Konrad Malawski, konrad.malawski@project13.pl, Wed Apr 27 11:03:51 2011 +0200] ], points at [ commit 9b6e5f0501f9158a741f705d417b0ad337710984 0 ------ ] 
LOG: Resolved tag [ v1.3 ] [ PersonIdent[Konrad Malawski, konrad.malawski@project13.pl, Sat May 7 23:54:24 2011 +0200] ], points at [ commit d142945e8c4b15c561601e58573938d6835eb467 0 ------ ] 
LOG: Resolved tag [ v1.4 ] [ PersonIdent[Konrad Malawski, konrad.malawski@project13.pl, Sun May 15 21:52:59 2011 +0200] ], points at [ commit 9640198ad256c0c45f4aee61e474adbd9c52aeb2 0 ------ ] 
LOG: Resolved tag [ v1.5 ] [ PersonIdent[Konrad Malawski, konrad.malawski@project13.pl, Sun May 15 23:54:38 2011 +0200] ], points at [ commit a8974bbdaab8bdf3b263af8fa3e1ae71578496d2 0 ------ ] 
LOG: Resolved tag [ v1.6 ] [ PersonIdent[Konrad Malawski, konrad.malawski@project13.pl, Mon Jul 25 21:18:54 2011 +0200] ], points at [ commit 5205c9924e4b8cc96bba4e672d3b12627f76f30f 0 ------ ] 
LOG: Resolved tag [ v1.7 ] [ PersonIdent[Konrad Malawski, konrad.malawski@project13.pl, Sat Jul 30 13:32:42 2011 +0200] ], points at [ commit c4a7e03ce7e0622b93421499214bb0e9f72cd14d 0 ------ ] 
LOG: Resolved tag [ v1.8 ] [ PersonIdent[Konrad Malawski, konrad.malawski@project13.pl, Sun Sep 4 12:54:03 2011 +0200] ], points at [ commit a599a75c3a73adb9f70145e7ae13b42f7160bcdb 0 ------ ] 
LOG: Resolved tag [ v1.9 ] [ PersonIdent[Konrad Malawski, konrad.malawski@project13.pl, Thu Sep 22 22:51:17 2011 +0200] ], points at [ commit e4f4e7a26a89a5aeae65ad0ee638c31c94bbe1dc 0 ------ ] 
LOG: Resolved tag [ v2.0 ] [ PersonIdent[Konrad Malawski, konrad.malawski@project13.pl, Sat Dec 24 15:22:14 2011 +0100] ], points at [ commit e2d4fb2d63fb0f25ae168281d7dadfeb131bc110 0 ------ ] 
LOG: Resolved tag [ v2.0.1 ] [ PersonIdent[Konrad Malawski, konrad.malawski@project13.pl, Sat Dec 24 15:25:30 2011 +0100] ], points at [ commit 2e1832a5a66f932f3a12ca8755f6ec2a6c425428 0 ------ ] 
LOG: Resolved tag [ v2.0.2 ] [ PersonIdent[Konrad Malawski, konrad.malawski@project13.pl, Sat Jan 7 18:16:30 2012 +0100] ], points at [ commit f496b9d3b136572828b04bdb7f24ec9e306e58e3 0 ------ ] 
LOG: Resolved tag [ v2.0.3 ] [ PersonIdent[Konrad Malawski, konrad.malawski@project13.pl, Thu Feb 23 09:19:53 2012 +0100] ], points at [ commit b4c925845402d0f354e8812020a4380fa4b961de 0 ------ ] 
LOG: Resolved tag [ v2.0.4 ] [ PersonIdent[Konrad Malawski, konrad.malawski@project13.pl, Mon Jul 2 10:31:34 2012 +0200] ], points at [ commit a3b884764845d40ab1a1abdc293825ae0da55bb8 0 ------ ] 
LOG: key [ commit a599a75c3a73adb9f70145e7ae13b42f7160bcdb 0 ------ ], tags => [ [DatedRevTag{id=b683a0108b943343f0cc0783e8309f8750f2b78c, tagName='v1.8', date=September 4, 2011 10:54:03 AM UTC}] ] 
LOG: key [ commit 5205c9924e4b8cc96bba4e672d3b12627f76f30f 0 ------ ], tags => [ [DatedRevTag{id=473aa600d2c22fc4a008d1c1d8cf50562fef5876, tagName='v1.6', date=July 25, 2011 7:18:54 PM UTC}] ] 
LOG: key [ commit a8974bbdaab8bdf3b263af8fa3e1ae71578496d2 0 ------ ], tags => [ [DatedRevTag{id=8a2e16427355862573140fe9baa1e82ec2e921c6, tagName='v1.5', date=May 15, 2011 9:54:38 PM UTC}] ] 
LOG: key [ commit b4c925845402d0f354e8812020a4380fa4b961de 0 ------ ], tags => [ [DatedRevTag{id=28728f43f6a9619e78c560830f1db98e271cec07, tagName='v2.0.3', date=February 23, 2012 8:19:53 AM UTC}] ] 
LOG: key [ commit e2d4fb2d63fb0f25ae168281d7dadfeb131bc110 0 ------ ], tags => [ [DatedRevTag{id=1740fbbddc35a2c3d7da5421ee4eb61b90664802, tagName='v2.0', date=December 24, 2011 2:22:14 PM UTC}] ] 
LOG: key [ commit 6cc9d99542458e164822c47488414234b6b59060 0 ------ ], tags => [ [DatedRevTag{id=ab60db7e7fedcae077af509e6192add421bfbb12, tagName='v1.1', date=February 26, 2011 3:44:44 PM UTC}] ] 
LOG: key [ commit 9b6e5f0501f9158a741f705d417b0ad337710984 0 ------ ], tags => [ [DatedRevTag{id=3f437b3a14f0fed84f8786d5d7051bb5c0d6936c, tagName='v1.2', date=April 27, 2011 9:03:51 AM UTC}] ] 
LOG: key [ commit c4a7e03ce7e0622b93421499214bb0e9f72cd14d 0 ------ ], tags => [ [DatedRevTag{id=e4da6e59adc8a7de9f029ea3cba8ec0d0b576e13, tagName='v1.7', date=July 30, 2011 11:32:42 AM UTC}] ] 
LOG: key [ commit e4f4e7a26a89a5aeae65ad0ee638c31c94bbe1dc 0 ------ ], tags => [ [DatedRevTag{id=0ec2c72916ce8ae1db819f1dc78b9a2f1e611396, tagName='v1.9', date=September 22, 2011 8:51:17 PM UTC}] ] 
LOG: key [ commit 9640198ad256c0c45f4aee61e474adbd9c52aeb2 0 ------ ], tags => [ [DatedRevTag{id=971316a891441fbc2635e33ee9c79cf183d71dbb, tagName='v1.4', date=May 15, 2011 7:52:59 PM UTC}] ] 
LOG: key [ commit 2e1832a5a66f932f3a12ca8755f6ec2a6c425428 0 ------ ], tags => [ [DatedRevTag{id=bd5328a463ef29ec2bd6a7ecf8e51af61a9882ab, tagName='v2.0.1', date=December 24, 2011 2:25:30 PM UTC}] ] 
LOG: key [ commit f496b9d3b136572828b04bdb7f24ec9e306e58e3 0 ------ ], tags => [ [DatedRevTag{id=f0c5ac406ddde0a45a885e0ebb7eed15252d487a, tagName='v2.0.2', date=January 7, 2012 5:16:30 PM UTC}] ] 
LOG: key [ commit 54acaffab11daf6f34f0ee04eddba64f2bb2265b 0 ------ ], tags => [ [DatedRevTag{id=16c85b8d649a34c40056355af1e1f82b0d2c9d76, tagName='v1.0', date=February 19, 2011 12:03:07 AM UTC}] ] 
LOG: key [ commit a3b884764845d40ab1a1abdc293825ae0da55bb8 0 ------ ], tags => [ [DatedRevTag{id=9b0ee30af97d4ae17dffb11bd06ed67fc4451547, tagName='v2.0.4', date=July 2, 2012 8:31:34 AM UTC}] ] 
LOG: key [ commit d142945e8c4b15c561601e58573938d6835eb467 0 ------ ], tags => [ [DatedRevTag{id=e89f1e7e8e7f24624ed9d19e1d35898339266072, tagName='v1.3', date=May 7, 2011 9:54:24 PM UTC}] ] 
LOG: Created map: [ {commit a599a75c3a73adb9f70145e7ae13b42f7160bcdb 0 ------=[v1.8], commit 5205c9924e4b8cc96bba4e672d3b12627f76f30f 0 ------=[v1.6], commit a8974bbdaab8bdf3b263af8fa3e1ae71578496d2 0 ------=[v1.5], commit b4c925845402d0f354e8812020a4380fa4b961de 0 ------=[v2.0.3], commit e2d4fb2d63fb0f25ae168281d7dadfeb131bc110 0 ------=[v2.0], commit 6cc9d99542458e164822c47488414234b6b59060 0 ------=[v1.1], commit 9b6e5f0501f9158a741f705d417b0ad337710984 0 ------=[v1.2], commit c4a7e03ce7e0622b93421499214bb0e9f72cd14d 0 ------=[v1.7], commit e4f4e7a26a89a5aeae65ad0ee638c31c94bbe1dc 0 ------=[v1.9], commit 9640198ad256c0c45f4aee61e474adbd9c52aeb2 0 ------=[v1.4], commit 2e1832a5a66f932f3a12ca8755f6ec2a6c425428 0 ------=[v2.0.1], commit 54acaffab11daf6f34f0ee04eddba64f2bb2265b 0 ------=[v1.0], commit f496b9d3b136572828b04bdb7f24ec9e306e58e3 0 ------=[v2.0.2], commit a3b884764845d40ab1a1abdc293825ae0da55bb8 0 ------=[v2.0.4], commit d142945e8c4b15c561601e58573938d6835eb467 0 ------=[v1.3]} ] 
LOG: HEAD is [ 7181832b7d9afdeb86c32cf51214abfca63625be ] 
LOG: Repo is in dirty state [ true ]
TEST: Will prepare sandbox repository based on: [src/test/resources/_git_of_git_commit_id]
LOG: --dirty = -DEV
LOG: Tag refs [ [Ref[refs/tags/v1.0=16c85b8d649a34c40056355af1e1f82b0d2c9d76], Ref[refs/tags/v1.1=ab60db7e7fedcae077af509e6192add421bfbb12], Ref[refs/tags/v1.2=3f437b3a14f0fed84f8786d5d7051bb5c0d6936c], Ref[refs/tags/v1.3=e89f1e7e8e7f24624ed9d19e1d35898339266072], Ref[refs/tags/v1.4=971316a891441fbc2635e33ee9c79cf183d71dbb], Ref[refs/tags/v1.5=8a2e16427355862573140fe9baa1e82ec2e921c6], Ref[refs/tags/v1.6=473aa600d2c22fc4a008d1c1d8cf50562fef5876], Ref[refs/tags/v1.7=e4da6e59adc8a7de9f029ea3cba8ec0d0b576e13], Ref[refs/tags/v1.8=b683a0108b943343f0cc0783e8309f8750f2b78c], Ref[refs/tags/v1.9=0ec2c72916ce8ae1db819f1dc78b9a2f1e611396], Ref[refs/tags/v2.0=1740fbbddc35a2c3d7da5421ee4eb61b90664802], Ref[refs/tags/v2.0.1=bd5328a463ef29ec2bd6a7ecf8e51af61a9882ab], Ref[refs/tags/v2.0.2=f0c5ac406ddde0a45a885e0ebb7eed15252d487a], Ref[refs/tags/v2.0.3=28728f43f6a9619e78c560830f1db98e271cec07], Ref[refs/tags/v2.0.4=9b0ee30af97d4ae17dffb11bd06ed67fc4451547]] ]
LOG: Resolved tag [ v1.0 ] [ PersonIdent[Konrad Malawski, konrad.malawski@project13.pl, Sat Feb 19 01:03:07 2011 +0100] ], points at [ commit 54acaffab11daf6f34f0ee04eddba64f2bb2265b 0 ------ ] 
LOG: Resolved tag [ v1.1 ] [ PersonIdent[Konrad Malawski, konrad.malawski@project13.pl, Sat Feb 26 16:44:44 2011 +0100] ], points at [ commit 6cc9d99542458e164822c47488414234b6b59060 0 ------ ] 
LOG: Resolved tag [ v1.2 ] [ PersonIdent[Konrad Malawski, konrad.malawski@project13.pl, Wed Apr 27 11:03:51 2011 +0200] ], points at [ commit 9b6e5f0501f9158a741f705d417b0ad337710984 0 ------ ] 
LOG: Resolved tag [ v1.3 ] [ PersonIdent[Konrad Malawski, konrad.malawski@project13.pl, Sat May 7 23:54:24 2011 +0200] ], points at [ commit d142945e8c4b15c561601e58573938d6835eb467 0 ------ ] 
LOG: Resolved tag [ v1.4 ] [ PersonIdent[Konrad Malawski, konrad.malawski@project13.pl, Sun May 15 21:52:59 2011 +0200] ], points at [ commit 9640198ad256c0c45f4aee61e474adbd9c52aeb2 0 ------ ] 
LOG: Resolved tag [ v1.5 ] [ PersonIdent[Konrad Malawski, konrad.malawski@project13.pl, Sun May 15 23:54:38 2011 +0200] ], points at [ commit a8974bbdaab8bdf3b263af8fa3e1ae71578496d2 0 ------ ] 
LOG: Resolved tag [ v1.6 ] [ PersonIdent[Konrad Malawski, konrad.malawski@project13.pl, Mon Jul 25 21:18:54 2011 +0200] ], points at [ commit 5205c9924e4b8cc96bba4e672d3b12627f76f30f 0 ------ ] 
LOG: Resolved tag [ v1.7 ] [ PersonIdent[Konrad Malawski, konrad.malawski@project13.pl, Sat Jul 30 13:32:42 2011 +0200] ], points at [ commit c4a7e03ce7e0622b93421499214bb0e9f72cd14d 0 ------ ] 
LOG: Resolved tag [ v1.8 ] [ PersonIdent[Konrad Malawski, konrad.malawski@project13.pl, Sun Sep 4 12:54:03 2011 +0200] ], points at [ commit a599a75c3a73adb9f70145e7ae13b42f7160bcdb 0 ------ ] 
LOG: Resolved tag [ v1.9 ] [ PersonIdent[Konrad Malawski, konrad.malawski@project13.pl, Thu Sep 22 22:51:17 2011 +0200] ], points at [ commit e4f4e7a26a89a5aeae65ad0ee638c31c94bbe1dc 0 ------ ] 
LOG: Resolved tag [ v2.0 ] [ PersonIdent[Konrad Malawski, konrad.malawski@project13.pl, Sat Dec 24 15:22:14 2011 +0100] ], points at [ commit e2d4fb2d63fb0f25ae168281d7dadfeb131bc110 0 ------ ] 
LOG: Resolved tag [ v2.0.1 ] [ PersonIdent[Konrad Malawski, konrad.malawski@project13.pl, Sat Dec 24 15:25:30 2011 +0100] ], points at [ commit 2e1832a5a66f932f3a12ca8755f6ec2a6c425428 0 ------ ] 
LOG: Resolved tag [ v2.0.2 ] [ PersonIdent[Konrad Malawski, konrad.malawski@project13.pl, Sat Jan 7 18:16:30 2012 +0100] ], points at [ commit f496b9d3b136572828b04bdb7f24ec9e306e58e3 0 ------ ] 
LOG: Resolved tag [ v2.0.3 ] [ PersonIdent[Konrad Malawski, konrad.malawski@project13.pl, Thu Feb 23 09:19:53 2012 +0100] ], points at [ commit b4c925845402d0f354e8812020a4380fa4b961de 0 ------ ] 
LOG: Resolved tag [ v2.0.4 ] [ PersonIdent[Konrad Malawski, konrad.malawski@project13.pl, Mon Jul 2 10:31:34 2012 +0200] ], points at [ commit a3b884764845d40ab1a1abdc293825ae0da55bb8 0 ------ ] 
LOG: key [ commit a599a75c3a73adb9f70145e7ae13b42f7160bcdb 0 ------ ], tags => [ [DatedRevTag{id=b683a0108b943343f0cc0783e8309f8750f2b78c, tagName='v1.8', date=September 4, 2011 10:54:03 AM UTC}] ] 
LOG: key [ commit 5205c9924e4b8cc96bba4e672d3b12627f76f30f 0 ------ ], tags => [ [DatedRevTag{id=473aa600d2c22fc4a008d1c1d8cf50562fef5876, tagName='v1.6', date=July 25, 2011 7:18:54 PM UTC}] ] 
LOG: key [ commit a8974bbdaab8bdf3b263af8fa3e1ae71578496d2 0 ------ ], tags => [ [DatedRevTag{id=8a2e16427355862573140fe9baa1e82ec2e921c6, tagName='v1.5', date=May 15, 2011 9:54:38 PM UTC}] ] 
LOG: key [ commit b4c925845402d0f354e8812020a4380fa4b961de 0 ------ ], tags => [ [DatedRevTag{id=28728f43f6a9619e78c560830f1db98e271cec07, tagName='v2.0.3', date=February 23, 2012 8:19:53 AM UTC}] ] 
LOG: key [ commit e2d4fb2d63fb0f25ae168281d7dadfeb131bc110 0 ------ ], tags => [ [DatedRevTag{id=1740fbbddc35a2c3d7da5421ee4eb61b90664802, tagName='v2.0', date=December 24, 2011 2:22:14 PM UTC}] ] 
LOG: key [ commit 6cc9d99542458e164822c47488414234b6b59060 0 ------ ], tags => [ [DatedRevTag{id=ab60db7e7fedcae077af509e6192add421bfbb12, tagName='v1.1', date=February 26, 2011 3:44:44 PM UTC}] ] 
LOG: key [ commit 9b6e5f0501f9158a741f705d417b0ad337710984 0 ------ ], tags => [ [DatedRevTag{id=3f437b3a14f0fed84f8786d5d7051bb5c0d6936c, tagName='v1.2', date=April 27, 2011 9:03:51 AM UTC}] ] 
LOG: key [ commit c4a7e03ce7e0622b93421499214bb0e9f72cd14d 0 ------ ], tags => [ [DatedRevTag{id=e4da6e59adc8a7de9f029ea3cba8ec0d0b576e13, tagName='v1.7', date=July 30, 2011 11:32:42 AM UTC}] ] 
LOG: key [ commit e4f4e7a26a89a5aeae65ad0ee638c31c94bbe1dc 0 ------ ], tags => [ [DatedRevTag{id=0ec2c72916ce8ae1db819f1dc78b9a2f1e611396, tagName='v1.9', date=September 22, 2011 8:51:17 PM UTC}] ] 
LOG: key [ commit 9640198ad256c0c45f4aee61e474adbd9c52aeb2 0 ------ ], tags => [ [DatedRevTag{id=971316a891441fbc2635e33ee9c79cf183d71dbb, tagName='v1.4', date=May 15, 2011 7:52:59 PM UTC}] ] 
LOG: key [ commit 2e1832a5a66f932f3a12ca8755f6ec2a6c425428 0 ------ ], tags => [ [DatedRevTag{id=bd5328a463ef29ec2bd6a7ecf8e51af61a9882ab, tagName='v2.0.1', date=December 24, 2011 2:25:30 PM UTC}] ] 
LOG: key [ commit f496b9d3b136572828b04bdb7f24ec9e306e58e3 0 ------ ], tags => [ [DatedRevTag{id=f0c5ac406ddde0a45a885e0ebb7eed15252d487a, tagName='v2.0.2', date=January 7, 2012 5:16:30 PM UTC}] ] 
LOG: key [ commit 54acaffab11daf6f34f0ee04eddba64f2bb2265b 0 ------ ], tags => [ [DatedRevTag{id=16c85b8d649a34c40056355af1e1f82b0d2c9d76, tagName='v1.0', date=February 19, 2011 12:03:07 AM UTC}] ] 
LOG: key [ commit a3b884764845d40ab1a1abdc293825ae0da55bb8 0 ------ ], tags => [ [DatedRevTag{id=9b0ee30af97d4ae17dffb11bd06ed67fc4451547, tagName='v2.0.4', date=July 2, 2012 8:31:34 AM UTC}] ] 
LOG: key [ commit d142945e8c4b15c561601e58573938d6835eb467 0 ------ ], tags => [ [DatedRevTag{id=e89f1e7e8e7f24624ed9d19e1d35898339266072, tagName='v1.3', date=May 7, 2011 9:54:24 PM UTC}] ] 
LOG: Created map: [ {commit a599a75c3a73adb9f70145e7ae13b42f7160bcdb 0 ------=[v1.8], commit 5205c9924e4b8cc96bba4e672d3b12627f76f30f 0 ------=[v1.6], commit a8974bbdaab8bdf3b263af8fa3e1ae71578496d2 0 ------=[v1.5], commit b4c925845402d0f354e8812020a4380fa4b961de 0 ------=[v2.0.3], commit e2d4fb2d63fb0f25ae168281d7dadfeb131bc110 0 ------=[v2.0], commit 6cc9d99542458e164822c47488414234b6b59060 0 ------=[v1.1], commit 9b6e5f0501f9158a741f705d417b0ad337710984 0 ------=[v1.2], commit c4a7e03ce7e0622b93421499214bb0e9f72cd14d 0 ------=[v1.7], commit e4f4e7a26a89a5aeae65ad0ee638c31c94bbe1dc 0 ------=[v1.9], commit 9640198ad256c0c45f4aee61e474adbd9c52aeb2 0 ------=[v1.4], commit 2e1832a5a66f932f3a12ca8755f6ec2a6c425428 0 ------=[v2.0.1], commit 54acaffab11daf6f34f0ee04eddba64f2bb2265b 0 ------=[v1.0], commit f496b9d3b136572828b04bdb7f24ec9e306e58e3 0 ------=[v2.0.2], commit a3b884764845d40ab1a1abdc293825ae0da55bb8 0 ------=[v2.0.4], commit d142945e8c4b15c561601e58573938d6835eb467 0 ------=[v1.3]} ] 
LOG: HEAD is [ 7181832b7d9afdeb86c32cf51214abfca63625be ] 
LOG: Repo is in dirty state [ true ]
TEST: Will prepare sandbox repository based on: [src/test/resources/_git_of_git_commit_id]
LOG: Tag refs [ [Ref[refs/tags/v1.0=16c85b8d649a34c40056355af1e1f82b0d2c9d76], Ref[refs/tags/v1.1=ab60db7e7fedcae077af509e6192add421bfbb12], Ref[refs/tags/v1.2=3f437b3a14f0fed84f8786d5d7051bb5c0d6936c], Ref[refs/tags/v1.3=e89f1e7e8e7f24624ed9d19e1d35898339266072], Ref[refs/tags/v1.4=971316a891441fbc2635e33ee9c79cf183d71dbb], Ref[refs/tags/v1.5=8a2e16427355862573140fe9baa1e82ec2e921c6], Ref[refs/tags/v1.6=473aa600d2c22fc4a008d1c1d8cf50562fef5876], Ref[refs/tags/v1.7=e4da6e59adc8a7de9f029ea3cba8ec0d0b576e13], Ref[refs/tags/v1.8=b683a0108b943343f0cc0783e8309f8750f2b78c], Ref[refs/tags/v1.9=0ec2c72916ce8ae1db819f1dc78b9a2f1e611396], Ref[refs/tags/v2.0=1740fbbddc35a2c3d7da5421ee4eb61b90664802], Ref[refs/tags/v2.0.1=bd5328a463ef29ec2bd6a7ecf8e51af61a9882ab], Ref[refs/tags/v2.0.2=f0c5ac406ddde0a45a885e0ebb7eed15252d487a], Ref[refs/tags/v2.0.3=28728f43f6a9619e78c560830f1db98e271cec07], Ref[refs/tags/v2.0.4=9b0ee30af97d4ae17dffb11bd06ed67fc4451547]] ]
LOG: Resolved tag [ v1.0 ] [ PersonIdent[Konrad Malawski, konrad.malawski@project13.pl, Sat Feb 19 01:03:07 2011 +0100] ], points at [ commit 54acaffab11daf6f34f0ee04eddba64f2bb2265b 0 ------ ] 
LOG: Resolved tag [ v1.1 ] [ PersonIdent[Konrad Malawski, konrad.malawski@project13.pl, Sat Feb 26 16:44:44 2011 +0100] ], points at [ commit 6cc9d99542458e164822c47488414234b6b59060 0 ------ ] 
LOG: Resolved tag [ v1.2 ] [ PersonIdent[Konrad Malawski, konrad.malawski@project13.pl, Wed Apr 27 11:03:51 2011 +0200] ], points at [ commit 9b6e5f0501f9158a741f705d417b0ad337710984 0 ------ ] 
LOG: Resolved tag [ v1.3 ] [ PersonIdent[Konrad Malawski, konrad.malawski@project13.pl, Sat May 7 23:54:24 2011 +0200] ], points at [ commit d142945e8c4b15c561601e58573938d6835eb467 0 ------ ] 
LOG: Resolved tag [ v1.4 ] [ PersonIdent[Konrad Malawski, konrad.malawski@project13.pl, Sun May 15 21:52:59 2011 +0200] ], points at [ commit 9640198ad256c0c45f4aee61e474adbd9c52aeb2 0 ------ ] 
LOG: Resolved tag [ v1.5 ] [ PersonIdent[Konrad Malawski, konrad.malawski@project13.pl, Sun May 15 23:54:38 2011 +0200] ], points at [ commit a8974bbdaab8bdf3b263af8fa3e1ae71578496d2 0 ------ ] 
LOG: Resolved tag [ v1.6 ] [ PersonIdent[Konrad Malawski, konrad.malawski@project13.pl, Mon Jul 25 21:18:54 2011 +0200] ], points at [ commit 5205c9924e4b8cc96bba4e672d3b12627f76f30f 0 ------ ] 
LOG: Resolved tag [ v1.7 ] [ PersonIdent[Konrad Malawski, konrad.malawski@project13.pl, Sat Jul 30 13:32:42 2011 +0200] ], points at [ commit c4a7e03ce7e0622b93421499214bb0e9f72cd14d 0 ------ ] 
LOG: Resolved tag [ v1.8 ] [ PersonIdent[Konrad Malawski, konrad.malawski@project13.pl, Sun Sep 4 12:54:03 2011 +0200] ], points at [ commit a599a75c3a73adb9f70145e7ae13b42f7160bcdb 0 ------ ] 
LOG: Resolved tag [ v1.9 ] [ PersonIdent[Konrad Malawski, konrad.malawski@project13.pl, Thu Sep 22 22:51:17 2011 +0200] ], points at [ commit e4f4e7a26a89a5aeae65ad0ee638c31c94bbe1dc 0 ------ ] 
LOG: Resolved tag [ v2.0 ] [ PersonIdent[Konrad Malawski, konrad.malawski@project13.pl, Sat Dec 24 15:22:14 2011 +0100] ], points at [ commit e2d4fb2d63fb0f25ae168281d7dadfeb131bc110 0 ------ ] 
LOG: Resolved tag [ v2.0.1 ] [ PersonIdent[Konrad Malawski, konrad.malawski@project13.pl, Sat Dec 24 15:25:30 2011 +0100] ], points at [ commit 2e1832a5a66f932f3a12ca8755f6ec2a6c425428 0 ------ ] 
LOG: Resolved tag [ v2.0.2 ] [ PersonIdent[Konrad Malawski, konrad.malawski@project13.pl, Sat Jan 7 18:16:30 2012 +0100] ], points at [ commit f496b9d3b136572828b04bdb7f24ec9e306e58e3 0 ------ ] 
LOG: Resolved tag [ v2.0.3 ] [ PersonIdent[Konrad Malawski, konrad.malawski@project13.pl, Thu Feb 23 09:19:53 2012 +0100] ], points at [ commit b4c925845402d0f354e8812020a4380fa4b961de 0 ------ ] 
LOG: Resolved tag [ v2.0.4 ] [ PersonIdent[Konrad Malawski, konrad.malawski@project13.pl, Mon Jul 2 10:31:34 2012 +0200] ], points at [ commit a3b884764845d40ab1a1abdc293825ae0da55bb8 0 ------ ] 
LOG: key [ commit a599a75c3a73adb9f70145e7ae13b42f7160bcdb 0 ------ ], tags => [ [DatedRevTag{id=b683a0108b943343f0cc0783e8309f8750f2b78c, tagName='v1.8', date=September 4, 2011 10:54:03 AM UTC}] ] 
LOG: key [ commit 5205c9924e4b8cc96bba4e672d3b12627f76f30f 0 ------ ], tags => [ [DatedRevTag{id=473aa600d2c22fc4a008d1c1d8cf50562fef5876, tagName='v1.6', date=July 25, 2011 7:18:54 PM UTC}] ] 
LOG: key [ commit a8974bbdaab8bdf3b263af8fa3e1ae71578496d2 0 ------ ], tags => [ [DatedRevTag{id=8a2e16427355862573140fe9baa1e82ec2e921c6, tagName='v1.5', date=May 15, 2011 9:54:38 PM UTC}] ] 
LOG: key [ commit b4c925845402d0f354e8812020a4380fa4b961de 0 ------ ], tags => [ [DatedRevTag{id=28728f43f6a9619e78c560830f1db98e271cec07, tagName='v2.0.3', date=February 23, 2012 8:19:53 AM UTC}] ] 
LOG: key [ commit e2d4fb2d63fb0f25ae168281d7dadfeb131bc110 0 ------ ], tags => [ [DatedRevTag{id=1740fbbddc35a2c3d7da5421ee4eb61b90664802, tagName='v2.0', date=December 24, 2011 2:22:14 PM UTC}] ] 
LOG: key [ commit 6cc9d99542458e164822c47488414234b6b59060 0 ------ ], tags => [ [DatedRevTag{id=ab60db7e7fedcae077af509e6192add421bfbb12, tagName='v1.1', date=February 26, 2011 3:44:44 PM UTC}] ] 
LOG: key [ commit 9b6e5f0501f9158a741f705d417b0ad337710984 0 ------ ], tags => [ [DatedRevTag{id=3f437b3a14f0fed84f8786d5d7051bb5c0d6936c, tagName='v1.2', date=April 27, 2011 9:03:51 AM UTC}] ] 
LOG: key [ commit c4a7e03ce7e0622b93421499214bb0e9f72cd14d 0 ------ ], tags => [ [DatedRevTag{id=e4da6e59adc8a7de9f029ea3cba8ec0d0b576e13, tagName='v1.7', date=July 30, 2011 11:32:42 AM UTC}] ] 
LOG: key [ commit e4f4e7a26a89a5aeae65ad0ee638c31c94bbe1dc 0 ------ ], tags => [ [DatedRevTag{id=0ec2c72916ce8ae1db819f1dc78b9a2f1e611396, tagName='v1.9', date=September 22, 2011 8:51:17 PM UTC}] ] 
LOG: key [ commit 9640198ad256c0c45f4aee61e474adbd9c52aeb2 0 ------ ], tags => [ [DatedRevTag{id=971316a891441fbc2635e33ee9c79cf183d71dbb, tagName='v1.4', date=May 15, 2011 7:52:59 PM UTC}] ] 
LOG: key [ commit 2e1832a5a66f932f3a12ca8755f6ec2a6c425428 0 ------ ], tags => [ [DatedRevTag{id=bd5328a463ef29ec2bd6a7ecf8e51af61a9882ab, tagName='v2.0.1', date=December 24, 2011 2:25:30 PM UTC}] ] 
LOG: key [ commit f496b9d3b136572828b04bdb7f24ec9e306e58e3 0 ------ ], tags => [ [DatedRevTag{id=f0c5ac406ddde0a45a885e0ebb7eed15252d487a, tagName='v2.0.2', date=January 7, 2012 5:16:30 PM UTC}] ] 
LOG: key [ commit 54acaffab11daf6f34f0ee04eddba64f2bb2265b 0 ------ ], tags => [ [DatedRevTag{id=16c85b8d649a34c40056355af1e1f82b0d2c9d76, tagName='v1.0', date=February 19, 2011 12:03:07 AM UTC}] ] 
LOG: key [ commit a3b884764845d40ab1a1abdc293825ae0da55bb8 0 ------ ], tags => [ [DatedRevTag{id=9b0ee30af97d4ae17dffb11bd06ed67fc4451547, tagName='v2.0.4', date=July 2, 2012 8:31:34 AM UTC}] ] 
LOG: key [ commit d142945e8c4b15c561601e58573938d6835eb467 0 ------ ], tags => [ [DatedRevTag{id=e89f1e7e8e7f24624ed9d19e1d35898339266072, tagName='v1.3', date=May 7, 2011 9:54:24 PM UTC}] ] 
LOG: Created map: [ {commit a599a75c3a73adb9f70145e7ae13b42f7160bcdb 0 ------=[v1.8], commit 5205c9924e4b8cc96bba4e672d3b12627f76f30f 0 ------=[v1.6], commit a8974bbdaab8bdf3b263af8fa3e1ae71578496d2 0 ------=[v1.5], commit b4c925845402d0f354e8812020a4380fa4b961de 0 ------=[v2.0.3], commit e2d4fb2d63fb0f25ae168281d7dadfeb131bc110 0 ------=[v2.0], commit 6cc9d99542458e164822c47488414234b6b59060 0 ------=[v1.1], commit 9b6e5f0501f9158a741f705d417b0ad337710984 0 ------=[v1.2], commit c4a7e03ce7e0622b93421499214bb0e9f72cd14d 0 ------=[v1.7], commit e4f4e7a26a89a5aeae65ad0ee638c31c94bbe1dc 0 ------=[v1.9], commit 9640198ad256c0c45f4aee61e474adbd9c52aeb2 0 ------=[v1.4], commit 2e1832a5a66f932f3a12ca8755f6ec2a6c425428 0 ------=[v2.0.1], commit 54acaffab11daf6f34f0ee04eddba64f2bb2265b 0 ------=[v1.0], commit f496b9d3b136572828b04bdb7f24ec9e306e58e3 0 ------=[v2.0.2], commit a3b884764845d40ab1a1abdc293825ae0da55bb8 0 ------=[v2.0.4], commit d142945e8c4b15c561601e58573938d6835eb467 0 ------=[v1.3]} ] 
LOG: HEAD is [ 7181832b7d9afdeb86c32cf51214abfca63625be ] 
LOG: Repo is in dirty state [ false ]
TEST: Will prepare sandbox repository based on: [src/test/resources/_git_on_a_tag]
LOG: --tags = true
LOG: Tag refs [ [Ref[refs/tags/v1.0.0=de4db35917b268089c81c9ab1b52541bb778f5a0]] ]
LOG: Including lightweight tag [ refs/tags/v1.0.0 ]
LOG: key [ AnyObjectId[de4db35917b268089c81c9ab1b52541bb778f5a0] ], tags => [ [DatedRevTag{id=de4db35917b268089c81c9ab1b52541bb778f5a0, tagName='refs/tags/v1.0.0', date=November 16, 0016 3:51:17 AM UTC}] ] 
LOG: Created map: [ {AnyObjectId[de4db35917b268089c81c9ab1b52541bb778f5a0]=[v1.0.0]} ] 
LOG: HEAD is [ de4db35917b268089c81c9ab1b52541bb778f5a0 ] 
LOG: Repo is in dirty state [ true ]
LOG: The commit we're on is a Tag ([ v1.0.0 ]), returning.
TEST: Will prepare sandbox repository based on: [src/test/resources/_git_on_a_tag]
LOG: --tags = true
LOG: Tag refs [ [Ref[refs/tags/v1.0.0=de4db35917b268089c81c9ab1b52541bb778f5a0]] ]
LOG: Including lightweight tag [ refs/tags/v1.0.0 ]
LOG: key [ AnyObjectId[de4db35917b268089c81c9ab1b52541bb778f5a0] ], tags => [ [DatedRevTag{id=de4db35917b268089c81c9ab1b52541bb778f5a0, tagName='refs/tags/v1.0.0', date=November 16, 0016 3:51:17 AM UTC}] ] 
LOG: Created map: [ {AnyObjectId[de4db35917b268089c81c9ab1b52541bb778f5a0]=[v1.0.0]} ] 
LOG: HEAD is [ de4db35917b268089c81c9ab1b52541bb778f5a0 ] 
LOG: Repo is in dirty state [ true ]
LOG: The commit we're on is a Tag ([ v1.0.0 ]), returning.
TEST: Will prepare sandbox repository based on: [src/test/resources/_git_lightweight_tag_before_annotated_tag]
LOG: --dirty = -dirty
LOG: --abbrev = 0
LOG: Tag refs [ [Ref[refs/tags/annotated-tag=882476235ef06c5f2cc59325a04ba761988cde36], Ref[refs/tags/lightweight-tag=d37a598a7a98531ad1375966642c6b1263129436]] ]
LOG: Resolved tag [ annotated-tag ] [ PersonIdent[Konrad Malawski, konrad.malawski@project13.pl, Sat Aug 25 15:32:41 2012 +0200] ], points at [ commit 95975455ef2b1af048f2926b9ba7fb804e22171b 0 ------ ] 
LOG: key [ commit 95975455ef2b1af048f2926b9ba7fb804e22171b 0 ------ ], tags => [ [DatedRevTag{id=882476235ef06c5f2cc59325a04ba761988cde36, tagName='annotated-tag', date=August 25, 2012 1:32:41 PM UTC}] ] 
LOG: Created map: [ {commit 95975455ef2b1af048f2926b9ba7fb804e22171b 0 ------=[annotated-tag]} ] 
LOG: HEAD is [ b6a73ed747dd8dc98642d731ddbf09824efb9d48 ] 
LOG: Repo is in dirty state [ true ]
TEST: Will prepare sandbox repository based on: [src/test/resources/_git_on_a_tag_dirty]
LOG: --tags = true
LOG: Tag refs [ [Ref[refs/tags/v1.0.0=de4db35917b268089c81c9ab1b52541bb778f5a0]] ]
LOG: Including lightweight tag [ refs/tags/v1.0.0 ]
LOG: key [ AnyObjectId[de4db35917b268089c81c9ab1b52541bb778f5a0] ], tags => [ [DatedRevTag{id=de4db35917b268089c81c9ab1b52541bb778f5a0, tagName='refs/tags/v1.0.0', date=November 16, 0016 3:51:17 AM UTC}] ] 
LOG: Created map: [ {AnyObjectId[de4db35917b268089c81c9ab1b52541bb778f5a0]=[v1.0.0]} ] 
LOG: HEAD is [ de4db35917b268089c81c9ab1b52541bb778f5a0 ] 
LOG: Repo is in dirty state [ false ]
LOG: The commit we're on is a Tag ([ v1.0.0 ]), returning.
TEST: Will prepare sandbox repository based on: [src/test/resources/_git_lightweight_tag_before_annotated_tag]
LOG: --abbrev = 0
LOG: Tag refs [ [Ref[refs/tags/annotated-tag=882476235ef06c5f2cc59325a04ba761988cde36], Ref[refs/tags/lightweight-tag=d37a598a7a98531ad1375966642c6b1263129436]] ]
LOG: Resolved tag [ annotated-tag ] [ PersonIdent[Konrad Malawski, konrad.malawski@project13.pl, Sat Aug 25 15:32:41 2012 +0200] ], points at [ commit 95975455ef2b1af048f2926b9ba7fb804e22171b 0 ------ ] 
LOG: key [ commit 95975455ef2b1af048f2926b9ba7fb804e22171b 0 ------ ], tags => [ [DatedRevTag{id=882476235ef06c5f2cc59325a04ba761988cde36, tagName='annotated-tag', date=August 25, 2012 1:32:41 PM UTC}] ] 
LOG: Created map: [ {commit 95975455ef2b1af048f2926b9ba7fb804e22171b 0 ------=[annotated-tag]} ] 
LOG: HEAD is [ b6a73ed747dd8dc98642d731ddbf09824efb9d48 ] 
LOG: Repo is in dirty state [ false ]
Tests run: 16, Failures: 0, Errors: 0, Skipped: 0, Time elapsed: 3.442 sec
Running pl.project13.jgit.DescribeCommandOptionsTest
LOG: --always = true
LOG: --dirty = DEVEL
LOG: --abbrev = 12
LOG: --long = %s true
LOG: --tags = true
LOG: --match = *
Tests run: 3, Failures: 0, Errors: 0, Skipped: 0, Time elapsed: 0.018 sec

Results :

Tests run: 45, Failures: 0, Errors: 0, Skipped: 0

[INFO] ------------------------------------------------------------------------
[INFO] BUILD SUCCESS
[INFO] ------------------------------------------------------------------------
[INFO] Total time: 14.437 s
[INFO] Finished at: 2016-11-16T03:51:17+00:00
[INFO] Final Memory: 16M/203M
[INFO] ------------------------------------------------------------------------

travis_time:end:03566762:start=1479268261209216626,finish=1479268278043004680,duration=16833788054[0K
[32;1mThe command "mvn test -B" exited with 0.[0m

Done. Your build exited with 0.
