travis_fold:start:system_info[0K[33;1mBuild system information[0m
Build language: java
Build id: ''
Job id: ''
[34m[1mBuild image provisioning date and time[0m
Thu Feb  5 15:09:33 UTC 2015
[34m[1mOperating System Details[0m
Distributor ID:	Ubuntu
Description:	Ubuntu 12.04.5 LTS
Release:	12.04
Codename:	precise
[34m[1mLinux Version[0m
3.13.0-29-generic
[34m[1mCookbooks Version[0m
a68419e https://github.com/travis-ci/travis-cookbooks/tree/a68419e
[34m[1mGCC version[0m
gcc (Ubuntu/Linaro 4.6.3-1ubuntu5) 4.6.3
Copyright (C) 2011 Free Software Foundation, Inc.
This is free software; see the source for copying conditions.  There is NO
warranty; not even for MERCHANTABILITY or FITNESS FOR A PARTICULAR PURPOSE.

[34m[1mLLVM version[0m
clang version 3.4 (tags/RELEASE_34/final)
Target: x86_64-unknown-linux-gnu
Thread model: posix
[34m[1mPre-installed Ruby versions[0m
ruby-1.9.3-p551
[34m[1mPre-installed Node.js versions[0m
v0.10.36
[34m[1mPre-installed Go versions[0m
1.4.1
[34m[1mRedis version[0m
redis-server 2.8.19
[34m[1mriak version[0m
2.0.2
[34m[1mMongoDB version[0m
MongoDB 2.4.12
[34m[1mCouchDB version[0m
couchdb 1.6.1
[34m[1mNeo4j version[0m
1.9.4
[34m[1mRabbitMQ Version[0m
3.4.3
[34m[1mElasticSearch version[0m
1.4.0
[34m[1mInstalled Sphinx versions[0m
2.0.10
2.1.9
2.2.6
[34m[1mDefault Sphinx version[0m
2.2.6
[34m[1mInstalled Firefox version[0m
firefox 31.0esr
[34m[1mPhantomJS version[0m
1.9.8
[34m[1mant -version[0m
Apache Ant(TM) version 1.8.2 compiled on December 3 2011
[34m[1mmvn -version[0m
Apache Maven 3.2.5 (12a6b3acb947671f09b81f49094c53f426d8cea1; 2014-12-14T17:29:23+00:00)
Maven home: /usr/local/maven
Java version: 1.7.0_76, vendor: Oracle Corporation
Java home: /usr/lib/jvm/java-7-oracle/jre
Default locale: en_US, platform encoding: ANSI_X3.4-1968
OS name: "linux", version: "3.13.0-29-generic", arch: "amd64", family: "unix"
travis_fold:end:system_info[0K
sed: cannot rename /etc/hosts: Device or resource busy
sed: cannot rename /etc/hosts: Device or resource busy
$ cd marubinotto/Piggydb
$ jdk_switcher use openjdk6
Switching to OpenJDK6 (java-1.6.0-openjdk-amd64), JAVA_HOME will be set to /usr/lib/jvm/java-6-openjdk-amd64
$ java -Xmx32m -version
java version "1.6.0_34"
OpenJDK Runtime Environment (IcedTea6 1.13.6) (6b34-1.13.6-1ubuntu0.12.04.1)
OpenJDK 64-Bit Server VM (build 23.25-b01, mixed mode)
$ javac -J-Xmx32m -version
javac 1.6.0_34
travis_time:start:10374e40[0K$ ant test
Buildfile: /home/travis/build/marubinotto/Piggydb/build.xml

build-classes:
    [mkdir] Created dir: /home/travis/build/marubinotto/Piggydb/target
    [mkdir] Created dir: /home/travis/build/marubinotto/Piggydb/target/classes
    [javac] /home/travis/build/marubinotto/Piggydb/build-common.xml:21: warning: 'includeantruntime' was not set, defaulting to build.sysclasspath=last; set to false for repeatable builds
    [javac] Compiling 240 source files to /home/travis/build/marubinotto/Piggydb/target/classes
     [copy] Copying 18 files to /home/travis/build/marubinotto/Piggydb/target/classes

test:
    [mkdir] Created dir: /home/travis/build/marubinotto/Piggydb/target/test-classes
    [javac] /home/travis/build/marubinotto/Piggydb/build-common.xml:21: warning: 'includeantruntime' was not set, defaulting to build.sysclasspath=last; set to false for repeatable builds
    [javac] Compiling 171 source files to /home/travis/build/marubinotto/Piggydb/target/test-classes
     [copy] Copying 6 files to /home/travis/build/marubinotto/Piggydb/target/test-classes
    [mkdir] Created dir: /home/travis/build/marubinotto/Piggydb/target/test-results
    [junit] Running marubinotto.h2.fulltext.FullTextSearchContextTest
    [junit] Testsuite: marubinotto.h2.fulltext.FullTextSearchContextTest
    [junit] Tests run: 3, Failures: 0, Errors: 0, Time elapsed: 0.316 sec
    [junit] Tests run: 3, Failures: 0, Errors: 0, Time elapsed: 0.316 sec
    [junit] 
    [junit] Running marubinotto.h2.fulltext.FullTextSearchTest
    [junit] Testsuite: marubinotto.h2.fulltext.FullTextSearchTest
    [junit] Tests run: 4, Failures: 0, Errors: 0, Time elapsed: 0.454 sec
    [junit] Tests run: 4, Failures: 0, Errors: 0, Time elapsed: 0.454 sec
    [junit] 
    [junit] Running marubinotto.h2.fulltext.IndexUpdateTriggerTest
    [junit] Testsuite: marubinotto.h2.fulltext.IndexUpdateTriggerTest
    [junit] Tests run: 5, Failures: 0, Errors: 0, Time elapsed: 0.381 sec
    [junit] Tests run: 5, Failures: 0, Errors: 0, Time elapsed: 0.381 sec
    [junit] 
    [junit] Running marubinotto.h2.fulltext.IndexedTableInfoTest
    [junit] Testsuite: marubinotto.h2.fulltext.IndexedTableInfoTest
    [junit] Tests run: 5, Failures: 0, Errors: 0, Time elapsed: 0.353 sec
    [junit] Tests run: 5, Failures: 0, Errors: 0, Time elapsed: 0.353 sec
    [junit] 
    [junit] Running marubinotto.h2.fulltext.InternalUtilsTest
    [junit] Testsuite: marubinotto.h2.fulltext.InternalUtilsTest
    [junit] Tests run: 5, Failures: 0, Errors: 0, Time elapsed: 0.233 sec
    [junit] Tests run: 5, Failures: 0, Errors: 0, Time elapsed: 0.233 sec
    [junit] 
    [junit] Running marubinotto.h2.fulltext.function.CreateIndexTest
    [junit] Testsuite: marubinotto.h2.fulltext.function.CreateIndexTest
    [junit] Tests run: 2, Failures: 0, Errors: 0, Time elapsed: 0.396 sec
    [junit] Tests run: 2, Failures: 0, Errors: 0, Time elapsed: 0.396 sec
    [junit] 
    [junit] Running marubinotto.h2.fulltext.function.InitTest
    [junit] Testsuite: marubinotto.h2.fulltext.function.InitTest
    [junit] Tests run: 2, Failures: 0, Errors: 0, Time elapsed: 0.759 sec
    [junit] Tests run: 2, Failures: 0, Errors: 0, Time elapsed: 0.759 sec
    [junit] 
    [junit] Running marubinotto.h2.fulltext.function.SearchDataTest
    [junit] Testsuite: marubinotto.h2.fulltext.function.SearchDataTest
    [junit] Tests run: 6, Failures: 0, Errors: 0, Time elapsed: 0.962 sec
    [junit] Tests run: 6, Failures: 0, Errors: 0, Time elapsed: 0.962 sec
    [junit] 
    [junit] Running marubinotto.piggydb.extension.ExtensionTest
    [junit] Testsuite: marubinotto.piggydb.extension.ExtensionTest
    [junit] Tests run: 2, Failures: 0, Errors: 0, Time elapsed: 0.044 sec
    [junit] Tests run: 2, Failures: 0, Errors: 0, Time elapsed: 0.044 sec
    [junit] 
    [junit] ------------- Standard Error -----------------
    [junit] 19:41:15:591 [WARN] Extension -  Couldn't get resources
    [junit] 19:41:15:593 [WARN] Extension -  Couldn't get resources
    [junit] ------------- ---------------- ---------------
    [junit] Running marubinotto.piggydb.impl.FileRepositoryImplTest
    [junit] Testsuite: marubinotto.piggydb.impl.FileRepositoryImplTest
    [junit] Tests run: 3, Failures: 0, Errors: 0, Time elapsed: 0.052 sec
    [junit] Tests run: 3, Failures: 0, Errors: 0, Time elapsed: 0.052 sec
    [junit] 
    [junit] Running marubinotto.piggydb.impl.H2WhiteBoxTest
    [junit] Testsuite: marubinotto.piggydb.impl.H2WhiteBoxTest
    [junit] Tests run: 3, Failures: 0, Errors: 0, Time elapsed: 1.792 sec
    [junit] Tests run: 3, Failures: 0, Errors: 0, Time elapsed: 1.792 sec
    [junit] 
    [junit] Running marubinotto.piggydb.impl.PigDumpTest
    [junit] Testsuite: marubinotto.piggydb.impl.PigDumpTest
    [junit] Tests run: 3, Failures: 0, Errors: 0, Time elapsed: 0.387 sec
    [junit] Tests run: 3, Failures: 0, Errors: 0, Time elapsed: 0.387 sec
    [junit] 
    [junit] Running marubinotto.piggydb.impl.db.DatabaseSchemaTest
    [junit] Testsuite: marubinotto.piggydb.impl.db.DatabaseSchemaTest
    [junit] Tests run: 3, Failures: 0, Errors: 0, Time elapsed: 1.185 sec
    [junit] Tests run: 3, Failures: 0, Errors: 0, Time elapsed: 1.185 sec
    [junit] 
    [junit] ------------- Standard Output ---------------
    [junit] global_setting
    [junit] tag
    [junit] tagging
    [junit] fragment
    [junit] filter
    [junit] fragment_relation
    [junit] ------------- ---------------- ---------------
    [junit] Running marubinotto.piggydb.impl.db.H2DbUpgradeTest
    [junit] Testsuite: marubinotto.piggydb.impl.db.H2DbUpgradeTest
    [junit] Tests run: 5, Failures: 0, Errors: 0, Time elapsed: 2.156 sec
    [junit] Tests run: 5, Failures: 0, Errors: 0, Time elapsed: 2.156 sec
    [junit] 
    [junit] Running marubinotto.piggydb.impl.db.H2JdbcUrlTest
    [junit] Testsuite: marubinotto.piggydb.impl.db.H2JdbcUrlTest
    [junit] Tests run: 11, Failures: 0, Errors: 0, Time elapsed: 0.089 sec
    [junit] Tests run: 11, Failures: 0, Errors: 0, Time elapsed: 0.089 sec
    [junit] 
    [junit] ------------- Standard Output ---------------
    [junit] toUrlWithoutEscape: file:/my docs
    [junit] ------------- ---------------- ---------------
    [junit] Running marubinotto.piggydb.model.FragmentRelationTest
    [junit] Testsuite: marubinotto.piggydb.model.FragmentRelationTest
    [junit] Tests run: 1, Failures: 0, Errors: 0, Time elapsed: 0.883 sec
    [junit] Tests run: 1, Failures: 0, Errors: 0, Time elapsed: 0.883 sec
    [junit] 
    [junit] Running marubinotto.piggydb.model.FragmentsOptionsTest
    [junit] Testsuite: marubinotto.piggydb.model.FragmentsOptionsTest
    [junit] Tests run: 5, Failures: 0, Errors: 0, Time elapsed: 0.076 sec
    [junit] Tests run: 5, Failures: 0, Errors: 0, Time elapsed: 0.076 sec
    [junit] 
    [junit] Running marubinotto.piggydb.model.GlobalSettingTest
    [junit] Testsuite: marubinotto.piggydb.model.GlobalSettingTest
    [junit] Tests run: 16, Failures: 0, Errors: 0, Time elapsed: 1.848 sec
    [junit] Tests run: 16, Failures: 0, Errors: 0, Time elapsed: 1.848 sec
    [junit] 
    [junit] Running marubinotto.piggydb.model.RelatedTagsTest
    [junit] Testsuite: marubinotto.piggydb.model.RelatedTagsTest
    [junit] Tests run: 9, Failures: 0, Errors: 0, Time elapsed: 2.038 sec
    [junit] Tests run: 9, Failures: 0, Errors: 0, Time elapsed: 2.038 sec
    [junit] 
    [junit] Running marubinotto.piggydb.model.authentication.AuthenticationTest
    [junit] Testsuite: marubinotto.piggydb.model.authentication.AuthenticationTest
    [junit] Tests run: 6, Failures: 0, Errors: 0, Time elapsed: 1.714 sec
    [junit] Tests run: 6, Failures: 0, Errors: 0, Time elapsed: 1.714 sec
    [junit] 
    [junit] Running marubinotto.piggydb.model.authentication.DefaultAuthTest
    [junit] Testsuite: marubinotto.piggydb.model.authentication.DefaultAuthTest
    [junit] Tests run: 5, Failures: 0, Errors: 0, Time elapsed: 1.674 sec
    [junit] Tests run: 5, Failures: 0, Errors: 0, Time elapsed: 1.674 sec
    [junit] 
    [junit] Running marubinotto.piggydb.model.authentication.OwnerAuthTest
    [junit] Testsuite: marubinotto.piggydb.model.authentication.OwnerAuthTest
    [junit] Tests run: 9, Failures: 0, Errors: 0, Time elapsed: 125.101 sec
    [junit] Tests run: 9, Failures: 0, Errors: 0, Time elapsed: 125.101 sec
    [junit] 
    [junit] Running marubinotto.piggydb.model.authentication.UserTest
    [junit] Testsuite: marubinotto.piggydb.model.authentication.UserTest
    [junit] Tests run: 4, Failures: 0, Errors: 0, Time elapsed: 0.028 sec
    [junit] Tests run: 4, Failures: 0, Errors: 0, Time elapsed: 0.028 sec
    [junit] 
    [junit] Running marubinotto.piggydb.model.authorization.ChangeableOnlyForCreatorTest
    [junit] Testsuite: marubinotto.piggydb.model.authorization.ChangeableOnlyForCreatorTest
    [junit] Tests run: 12, Failures: 0, Errors: 0, Time elapsed: 0.129 sec
    [junit] Tests run: 12, Failures: 0, Errors: 0, Time elapsed: 0.129 sec
    [junit] 
    [junit] Running marubinotto.piggydb.model.authorization.ClassifiableTest
    [junit] Testsuite: marubinotto.piggydb.model.authorization.ClassifiableTest
    [junit] Tests run: 5, Failures: 0, Errors: 0, Time elapsed: 1.618 sec
    [junit] Tests run: 5, Failures: 0, Errors: 0, Time elapsed: 1.618 sec
    [junit] 
    [junit] Running marubinotto.piggydb.model.authorization.CreateFragmentRelationTest
    [junit] Testsuite: marubinotto.piggydb.model.authorization.CreateFragmentRelationTest
    [junit] Tests run: 2, Failures: 0, Errors: 0, Time elapsed: 1.298 sec
    [junit] Tests run: 2, Failures: 0, Errors: 0, Time elapsed: 1.298 sec
    [junit] 
    [junit] Running marubinotto.piggydb.model.authorization.CreateFragmentTest
    [junit] Testsuite: marubinotto.piggydb.model.authorization.CreateFragmentTest
    [junit] Tests run: 2, Failures: 0, Errors: 0, Time elapsed: 0.08 sec
    [junit] Tests run: 2, Failures: 0, Errors: 0, Time elapsed: 0.08 sec
    [junit] 
    [junit] Running marubinotto.piggydb.model.authorization.DeleteFragmentRelationTest
    [junit] Testsuite: marubinotto.piggydb.model.authorization.DeleteFragmentRelationTest
    [junit] Tests run: 2, Failures: 0, Errors: 0, Time elapsed: 1.451 sec
    [junit] Tests run: 2, Failures: 0, Errors: 0, Time elapsed: 1.451 sec
    [junit] 
    [junit] Running marubinotto.piggydb.model.authorization.FilterTest
    [junit] Testsuite: marubinotto.piggydb.model.authorization.FilterTest
    [junit] Tests run: 6, Failures: 0, Errors: 0, Time elapsed: 0.087 sec
    [junit] Tests run: 6, Failures: 0, Errors: 0, Time elapsed: 0.087 sec
    [junit] 
    [junit] Running marubinotto.piggydb.model.authorization.FragmentRelationTest
    [junit] Testsuite: marubinotto.piggydb.model.authorization.FragmentRelationTest
    [junit] Tests run: 2, Failures: 0, Errors: 0, Time elapsed: 0.071 sec
    [junit] Tests run: 2, Failures: 0, Errors: 0, Time elapsed: 0.071 sec
    [junit] 
    [junit] Running marubinotto.piggydb.model.authorization.FragmentTest
    [junit] Testsuite: marubinotto.piggydb.model.authorization.FragmentTest
    [junit] Tests run: 11, Failures: 0, Errors: 0, Time elapsed: 0.119 sec
    [junit] Tests run: 11, Failures: 0, Errors: 0, Time elapsed: 0.119 sec
    [junit] 
    [junit] Running marubinotto.piggydb.model.authorization.OwnerPrivilegedTagsTest
    [junit] Testsuite: marubinotto.piggydb.model.authorization.OwnerPrivilegedTagsTest
    [junit] Tests run: 63, Failures: 0, Errors: 0, Time elapsed: 0.45 sec
    [junit] Tests run: 63, Failures: 0, Errors: 0, Time elapsed: 0.45 sec
    [junit] 
    [junit] Running marubinotto.piggydb.model.authorization.TagTest
    [junit] Testsuite: marubinotto.piggydb.model.authorization.TagTest
    [junit] Tests run: 9, Failures: 0, Errors: 0, Time elapsed: 0.109 sec
    [junit] Tests run: 9, Failures: 0, Errors: 0, Time elapsed: 0.109 sec
    [junit] 
    [junit] Running marubinotto.piggydb.model.authorization.UpdateChildRelationPrioritiesTest
    [junit] Testsuite: marubinotto.piggydb.model.authorization.UpdateChildRelationPrioritiesTest
    [junit] Tests run: 2, Failures: 0, Errors: 0, Time elapsed: 1.405 sec
    [junit] Tests run: 2, Failures: 0, Errors: 0, Time elapsed: 1.405 sec
    [junit] 
    [junit] Running marubinotto.piggydb.model.authorization.UserFragmentTest
    [junit] Testsuite: marubinotto.piggydb.model.authorization.UserFragmentTest
    [junit] Tests run: 19, Failures: 0, Errors: 0, Time elapsed: 0.222 sec
    [junit] Tests run: 19, Failures: 0, Errors: 0, Time elapsed: 0.222 sec
    [junit] 
    [junit] Running marubinotto.piggydb.model.classification.DefaultTest
    [junit] Testsuite: marubinotto.piggydb.model.classification.DefaultTest
    [junit] Tests run: 3, Failures: 0, Errors: 0, Time elapsed: 0.07 sec
    [junit] Tests run: 3, Failures: 0, Errors: 0, Time elapsed: 0.07 sec
    [junit] 
    [junit] Running marubinotto.piggydb.model.classification.MiscTest
    [junit] Testsuite: marubinotto.piggydb.model.classification.MiscTest
    [junit] Tests run: 5, Failures: 0, Errors: 0, Time elapsed: 1.193 sec
    [junit] Tests run: 5, Failures: 0, Errors: 0, Time elapsed: 1.193 sec
    [junit] 
    [junit] Running marubinotto.piggydb.model.classification.OneTagTest
    [junit] Testsuite: marubinotto.piggydb.model.classification.OneTagTest
    [junit] Tests run: 15, Failures: 0, Errors: 0, Time elapsed: 0.13 sec
    [junit] Tests run: 15, Failures: 0, Errors: 0, Time elapsed: 0.13 sec
    [junit] 
    [junit] Running marubinotto.piggydb.model.files.DefaultTest
    [junit] Testsuite: marubinotto.piggydb.model.files.DefaultTest
    [junit] Tests run: 9, Failures: 0, Errors: 0, Time elapsed: 0.097 sec
    [junit] Tests run: 9, Failures: 0, Errors: 0, Time elapsed: 0.097 sec
    [junit] 
    [junit] Running marubinotto.piggydb.model.files.MultipleFilesTest
    [junit] Testsuite: marubinotto.piggydb.model.files.MultipleFilesTest
    [junit] Tests run: 15, Failures: 0, Errors: 0, Time elapsed: 0.202 sec
    [junit] Tests run: 15, Failures: 0, Errors: 0, Time elapsed: 0.202 sec
    [junit] 
    [junit] Running marubinotto.piggydb.model.files.OneFileTest
    [junit] Testsuite: marubinotto.piggydb.model.files.OneFileTest
    [junit] Tests run: 15, Failures: 0, Errors: 0, Time elapsed: 0.12 sec
    [junit] Tests run: 15, Failures: 0, Errors: 0, Time elapsed: 0.12 sec
    [junit] 
    [junit] Running marubinotto.piggydb.model.filters.DefaultTest
    [junit] Testsuite: marubinotto.piggydb.model.filters.DefaultTest
    [junit] Tests run: 2, Failures: 0, Errors: 0, Time elapsed: 1.382 sec
    [junit] Tests run: 2, Failures: 0, Errors: 0, Time elapsed: 1.382 sec
    [junit] 
    [junit] Running marubinotto.piggydb.model.filters.GetNamesTest
    [junit] Testsuite: marubinotto.piggydb.model.filters.GetNamesTest
    [junit] Tests run: 3, Failures: 0, Errors: 0, Time elapsed: 1.514 sec
    [junit] Tests run: 3, Failures: 0, Errors: 0, Time elapsed: 1.514 sec
    [junit] 
    [junit] Running marubinotto.piggydb.model.filters.GetRecentChangesTest
    [junit] Testsuite: marubinotto.piggydb.model.filters.GetRecentChangesTest
    [junit] Tests run: 2, Failures: 0, Errors: 0, Time elapsed: 1.396 sec
    [junit] Tests run: 2, Failures: 0, Errors: 0, Time elapsed: 1.396 sec
    [junit] 
    [junit] Running marubinotto.piggydb.model.filters.OneFilterTest
    [junit] Testsuite: marubinotto.piggydb.model.filters.OneFilterTest
    [junit] Tests run: 13, Failures: 0, Errors: 0, Time elapsed: 2.637 sec
    [junit] Tests run: 13, Failures: 0, Errors: 0, Time elapsed: 2.637 sec
    [junit] 
    [junit] Running marubinotto.piggydb.model.fragment.DefaultTest
    [junit] Testsuite: marubinotto.piggydb.model.fragment.DefaultTest
    [junit] Tests run: 11, Failures: 0, Errors: 0, Time elapsed: 0.117 sec
    [junit] Tests run: 11, Failures: 0, Errors: 0, Time elapsed: 0.117 sec
    [junit] 
    [junit] Running marubinotto.piggydb.model.fragment.FileFragmentTest
    [junit] Testsuite: marubinotto.piggydb.model.fragment.FileFragmentTest
    [junit] Tests run: 4, Failures: 0, Errors: 0, Time elapsed: 0.096 sec
    [junit] Tests run: 4, Failures: 0, Errors: 0, Time elapsed: 0.096 sec
    [junit] 
    [junit] Running marubinotto.piggydb.model.fragment.FragmentPasswordTest
    [junit] Testsuite: marubinotto.piggydb.model.fragment.FragmentPasswordTest
    [junit] Tests run: 6, Failures: 0, Errors: 0, Time elapsed: 139.14 sec
    [junit] Tests run: 6, Failures: 0, Errors: 0, Time elapsed: 139.14 sec
    [junit] 
    [junit] Running marubinotto.piggydb.model.fragment.HeadlineTest
    [junit] Testsuite: marubinotto.piggydb.model.fragment.HeadlineTest
    [junit] Tests run: 6, Failures: 0, Errors: 0, Time elapsed: 0.124 sec
    [junit] Tests run: 6, Failures: 0, Errors: 0, Time elapsed: 0.124 sec
    [junit] 
    [junit] Running marubinotto.piggydb.model.fragment.MakeContentHeadlineTest
    [junit] Testsuite: marubinotto.piggydb.model.fragment.MakeContentHeadlineTest
    [junit] Tests run: 6, Failures: 0, Errors: 0, Time elapsed: 0.098 sec
    [junit] Tests run: 6, Failures: 0, Errors: 0, Time elapsed: 0.098 sec
    [junit] 
    [junit] Running marubinotto.piggydb.model.fragment.RelationsTest$DefaultTest
    [junit] Testsuite: marubinotto.piggydb.model.fragment.RelationsTest$DefaultTest
    [junit] Tests run: 4, Failures: 0, Errors: 0, Time elapsed: 0.084 sec
    [junit] Tests run: 4, Failures: 0, Errors: 0, Time elapsed: 0.084 sec
    [junit] 
    [junit] Running marubinotto.piggydb.model.fragment.RelationsTest$GetChildRelationsByAccessLevelTest
    [junit] Testsuite: marubinotto.piggydb.model.fragment.RelationsTest$GetChildRelationsByAccessLevelTest
    [junit] Tests run: 3, Failures: 0, Errors: 0, Time elapsed: 0.083 sec
    [junit] Tests run: 3, Failures: 0, Errors: 0, Time elapsed: 0.083 sec
    [junit] 
    [junit] Running marubinotto.piggydb.model.fragment.RelationsTest$NavigateToChildrenTest
    [junit] Testsuite: marubinotto.piggydb.model.fragment.RelationsTest$NavigateToChildrenTest
    [junit] Tests run: 4, Failures: 0, Errors: 0, Time elapsed: 0.092 sec
    [junit] Tests run: 4, Failures: 0, Errors: 0, Time elapsed: 0.092 sec
    [junit] 
    [junit] Running marubinotto.piggydb.model.fragment.RelationsTest$SortChildRelationsTest
    [junit] Testsuite: marubinotto.piggydb.model.fragment.RelationsTest$SortChildRelationsTest
    [junit] Tests run: 3, Failures: 0, Errors: 0, Time elapsed: 0.084 sec
    [junit] Tests run: 3, Failures: 0, Errors: 0, Time elapsed: 0.084 sec
    [junit] 
    [junit] Running marubinotto.piggydb.model.fragment.RelationsTest$TwoWayRelationsTest
    [junit] Testsuite: marubinotto.piggydb.model.fragment.RelationsTest$TwoWayRelationsTest
    [junit] Tests run: 3, Failures: 0, Errors: 0, Time elapsed: 0.09 sec
    [junit] Tests run: 3, Failures: 0, Errors: 0, Time elapsed: 0.09 sec
    [junit] 
    [junit] Running marubinotto.piggydb.model.fragment.RelationsTest
    [junit] Testsuite: marubinotto.piggydb.model.fragment.RelationsTest
    [junit] Tests run: 17, Failures: 0, Errors: 0, Time elapsed: 0.165 sec
    [junit] Tests run: 17, Failures: 0, Errors: 0, Time elapsed: 0.165 sec
    [junit] 
    [junit] Running marubinotto.piggydb.model.fragment.RemoveTagsClassifiedAsTest
    [junit] Testsuite: marubinotto.piggydb.model.fragment.RemoveTagsClassifiedAsTest
    [junit] Tests run: 2, Failures: 0, Errors: 0, Time elapsed: 0.11 sec
    [junit] Tests run: 2, Failures: 0, Errors: 0, Time elapsed: 0.11 sec
    [junit] 
    [junit] Running marubinotto.piggydb.model.fragment.TagFragmentTest$ConvertTagToTagFragmentTest
    [junit] Testsuite: marubinotto.piggydb.model.fragment.TagFragmentTest$ConvertTagToTagFragmentTest
    [junit] Tests run: 2, Failures: 0, Errors: 0, Time elapsed: 1.38 sec
    [junit] Tests run: 2, Failures: 0, Errors: 0, Time elapsed: 1.38 sec
    [junit] 
    [junit] Running marubinotto.piggydb.model.fragment.TagFragmentTest$NewInstanceTest
    [junit] Testsuite: marubinotto.piggydb.model.fragment.TagFragmentTest$NewInstanceTest
    [junit] Tests run: 7, Failures: 0, Errors: 0, Time elapsed: 2.005 sec
    [junit] Tests run: 7, Failures: 0, Errors: 0, Time elapsed: 2.005 sec
    [junit] 
    [junit] Running marubinotto.piggydb.model.fragment.TagFragmentTest$StoredTagFragmentTest
    [junit] Testsuite: marubinotto.piggydb.model.fragment.TagFragmentTest$StoredTagFragmentTest
    [junit] Tests run: 9, Failures: 0, Errors: 0, Time elapsed: 2.322 sec
    [junit] Tests run: 9, Failures: 0, Errors: 0, Time elapsed: 2.322 sec
    [junit] 
    [junit] Running marubinotto.piggydb.model.fragment.TagFragmentTest
    [junit] Testsuite: marubinotto.piggydb.model.fragment.TagFragmentTest
    [junit] Tests run: 18, Failures: 0, Errors: 0, Time elapsed: 3.179 sec
    [junit] Tests run: 18, Failures: 0, Errors: 0, Time elapsed: 3.179 sec
    [junit] 
    [junit] Running marubinotto.piggydb.model.fragment.UpdateTagsTest
    [junit] Testsuite: marubinotto.piggydb.model.fragment.UpdateTagsTest
    [junit] Tests run: 11, Failures: 0, Errors: 0, Time elapsed: 2.914 sec
    [junit] Tests run: 11, Failures: 0, Errors: 0, Time elapsed: 2.914 sec
    [junit] 
    [junit] Running marubinotto.piggydb.model.fragment.UserCreatesFragmentTest
    [junit] Testsuite: marubinotto.piggydb.model.fragment.UserCreatesFragmentTest
    [junit] Tests run: 8, Failures: 0, Errors: 0, Time elapsed: 2.089 sec
    [junit] Tests run: 8, Failures: 0, Errors: 0, Time elapsed: 2.089 sec
    [junit] 
    [junit] Running marubinotto.piggydb.model.fragment.UserUpdatesFragmentTest
    [junit] Testsuite: marubinotto.piggydb.model.fragment.UserUpdatesFragmentTest
    [junit] Tests run: 9, Failures: 0, Errors: 0, Time elapsed: 2.068 sec
    [junit] Tests run: 9, Failures: 0, Errors: 0, Time elapsed: 2.068 sec
    [junit] 
    [junit] Running marubinotto.piggydb.model.fragments.DefaultTest
    [junit] Testsuite: marubinotto.piggydb.model.fragments.DefaultTest
    [junit] Tests run: 7, Failures: 0, Errors: 0, Time elapsed: 1.836 sec
    [junit] Tests run: 7, Failures: 0, Errors: 0, Time elapsed: 1.836 sec
    [junit] 
    [junit] Running marubinotto.piggydb.model.fragments.ExcludeTrashTest
    [junit] Testsuite: marubinotto.piggydb.model.fragments.ExcludeTrashTest
    [junit] Tests run: 10, Failures: 0, Errors: 0, Time elapsed: 2.567 sec
    [junit] Tests run: 10, Failures: 0, Errors: 0, Time elapsed: 2.567 sec
    [junit] 
    [junit] Running marubinotto.piggydb.model.fragments.FragmentsAllButTrashTest
    [junit] Testsuite: marubinotto.piggydb.model.fragments.FragmentsAllButTrashTest
    [junit] Tests run: 4, Failures: 0, Errors: 0, Time elapsed: 1.892 sec
    [junit] Tests run: 4, Failures: 0, Errors: 0, Time elapsed: 1.892 sec
    [junit] 
    [junit] Running marubinotto.piggydb.model.fragments.FragmentsByFilterTest
    [junit] Testsuite: marubinotto.piggydb.model.fragments.FragmentsByFilterTest
    [junit] Tests run: 11, Failures: 0, Errors: 0, Time elapsed: 2.459 sec
    [junit] Tests run: 11, Failures: 0, Errors: 0, Time elapsed: 2.459 sec
    [junit] 
    [junit] Running marubinotto.piggydb.model.fragments.FragmentsByIdsTest
    [junit] Testsuite: marubinotto.piggydb.model.fragments.FragmentsByIdsTest
    [junit] Tests run: 3, Failures: 0, Errors: 0, Time elapsed: 1.567 sec
    [junit] Tests run: 3, Failures: 0, Errors: 0, Time elapsed: 1.567 sec
    [junit] 
    [junit] Running marubinotto.piggydb.model.fragments.FragmentsByKeywordsTest
    [junit] Testsuite: marubinotto.piggydb.model.fragments.FragmentsByKeywordsTest
    [junit] Tests run: 8, Failures: 0, Errors: 0, Time elapsed: 2.164 sec
    [junit] Tests run: 8, Failures: 0, Errors: 0, Time elapsed: 2.164 sec
    [junit] 
    [junit] Running marubinotto.piggydb.model.fragments.FragmentsByTimeTest
    [junit] Testsuite: marubinotto.piggydb.model.fragments.FragmentsByTimeTest
    [junit] Tests run: 8, Failures: 0, Errors: 0, Time elapsed: 2.255 sec
    [junit] Tests run: 8, Failures: 0, Errors: 0, Time elapsed: 2.255 sec
    [junit] 
    [junit] Running marubinotto.piggydb.model.fragments.FragmentsByUserTest
    [junit] Testsuite: marubinotto.piggydb.model.fragments.FragmentsByUserTest
    [junit] Tests run: 5, Failures: 0, Errors: 0, Time elapsed: 1.781 sec
    [junit] Tests run: 5, Failures: 0, Errors: 0, Time elapsed: 1.781 sec
    [junit] 
    [junit] Running marubinotto.piggydb.model.fragments.FragmentsOfUserTest
    [junit] Testsuite: marubinotto.piggydb.model.fragments.FragmentsOfUserTest
    [junit] Tests run: 6, Failures: 0, Errors: 0, Time elapsed: 2.112 sec
    [junit] Tests run: 6, Failures: 0, Errors: 0, Time elapsed: 2.112 sec
    [junit] 
    [junit] Running marubinotto.piggydb.model.fragments.GetDaysOfMonthTest
    [junit] Testsuite: marubinotto.piggydb.model.fragments.GetDaysOfMonthTest
    [junit] Tests run: 6, Failures: 0, Errors: 0, Time elapsed: 1.901 sec
    [junit] Tests run: 6, Failures: 0, Errors: 0, Time elapsed: 1.901 sec
    [junit] 
    [junit] Running marubinotto.piggydb.model.fragments.GetFragmentsAtHomeTest
    [junit] Testsuite: marubinotto.piggydb.model.fragments.GetFragmentsAtHomeTest
    [junit] Tests run: 3, Failures: 0, Errors: 0, Time elapsed: 1.525 sec
    [junit] Tests run: 3, Failures: 0, Errors: 0, Time elapsed: 1.525 sec
    [junit] 
    [junit] Running marubinotto.piggydb.model.fragments.GetHomeTest
    [junit] Testsuite: marubinotto.piggydb.model.fragments.GetHomeTest
    [junit] Tests run: 2, Failures: 0, Errors: 0, Time elapsed: 1.417 sec
    [junit] Tests run: 2, Failures: 0, Errors: 0, Time elapsed: 1.417 sec
    [junit] 
    [junit] Running marubinotto.piggydb.model.fragments.GetNamesTest
    [junit] Testsuite: marubinotto.piggydb.model.fragments.GetNamesTest
    [junit] Tests run: 3, Failures: 0, Errors: 0, Time elapsed: 1.534 sec
    [junit] Tests run: 3, Failures: 0, Errors: 0, Time elapsed: 1.534 sec
    [junit] 
    [junit] Running marubinotto.piggydb.model.fragments.OneFileFragmentTest
    [junit] Testsuite: marubinotto.piggydb.model.fragments.OneFileFragmentTest
    [junit] Tests run: 5, Failures: 0, Errors: 0, Time elapsed: 1.704 sec
    [junit] Tests run: 5, Failures: 0, Errors: 0, Time elapsed: 1.704 sec
    [junit] 
    [junit] Running marubinotto.piggydb.model.fragments.OneFragmentTest
    [junit] Testsuite: marubinotto.piggydb.model.fragments.OneFragmentTest
    [junit] Tests run: 9, Failures: 0, Errors: 0, Time elapsed: 283.244 sec
    [junit] Tests run: 9, Failures: 0, Errors: 0, Time elapsed: 283.244 sec
    [junit] 
    [junit] Running marubinotto.piggydb.model.fragments.RefreshClassificationsTest
    [junit] Testsuite: marubinotto.piggydb.model.fragments.RefreshClassificationsTest
    [junit] Tests run: 5, Failures: 0, Errors: 0, Time elapsed: 2.072 sec
    [junit] Tests run: 5, Failures: 0, Errors: 0, Time elapsed: 2.072 sec
    [junit] 
    [junit] Running marubinotto.piggydb.model.fragments.RelatedTagsTest
    [junit] Testsuite: marubinotto.piggydb.model.fragments.RelatedTagsTest
    [junit] Tests run: 3, Failures: 0, Errors: 0, Time elapsed: 1.634 sec
    [junit] Tests run: 3, Failures: 0, Errors: 0, Time elapsed: 1.634 sec
    [junit] 
    [junit] Running marubinotto.piggydb.model.fragments.SortFragmentsTest
    [junit] Testsuite: marubinotto.piggydb.model.fragments.SortFragmentsTest
    [junit] Tests run: 10, Failures: 0, Errors: 0, Time elapsed: 2.367 sec
    [junit] Tests run: 10, Failures: 0, Errors: 0, Time elapsed: 2.367 sec
    [junit] 
    [junit] Running marubinotto.piggydb.model.fragments.fetching.EagerFetchingTest
    [junit] Testsuite: marubinotto.piggydb.model.fragments.fetching.EagerFetchingTest
    [junit] Tests run: 6, Failures: 0, Errors: 0, Time elapsed: 2.092 sec
    [junit] Tests run: 6, Failures: 0, Errors: 0, Time elapsed: 2.092 sec
    [junit] 
    [junit] Running marubinotto.piggydb.model.fragments.fetching.FetchingOfGetTest
    [junit] Testsuite: marubinotto.piggydb.model.fragments.fetching.FetchingOfGetTest
    [junit] Tests run: 9, Failures: 0, Errors: 0, Time elapsed: 2.576 sec
    [junit] Tests run: 9, Failures: 0, Errors: 0, Time elapsed: 2.576 sec
    [junit] 
    [junit] Running marubinotto.piggydb.model.fragments.fetching.TagHasBeenUpdatedTest
    [junit] Testsuite: marubinotto.piggydb.model.fragments.fetching.TagHasBeenUpdatedTest
    [junit] Tests run: 8, Failures: 0, Errors: 0, Time elapsed: 2.119 sec
    [junit] Tests run: 8, Failures: 0, Errors: 0, Time elapsed: 2.119 sec
    [junit] 
    [junit] Running marubinotto.piggydb.model.fragments.fetching.WithTagsTest
    [junit] Testsuite: marubinotto.piggydb.model.fragments.fetching.WithTagsTest
    [junit] Tests run: 8, Failures: 0, Errors: 0, Time elapsed: 2.167 sec
    [junit] Tests run: 8, Failures: 0, Errors: 0, Time elapsed: 2.167 sec
    [junit] 
    [junit] Running marubinotto.piggydb.model.fragments.relation.ChildRelationPriorityTest
    [junit] Testsuite: marubinotto.piggydb.model.fragments.relation.ChildRelationPriorityTest
    [junit] Tests run: 3, Failures: 0, Errors: 0, Time elapsed: 1.705 sec
    [junit] Tests run: 3, Failures: 0, Errors: 0, Time elapsed: 1.705 sec
    [junit] 
    [junit] Running marubinotto.piggydb.model.fragments.relation.ChildrenOrderTest
    [junit] Testsuite: marubinotto.piggydb.model.fragments.relation.ChildrenOrderTest
    [junit] Tests run: 3, Failures: 0, Errors: 0, Time elapsed: 1.621 sec
    [junit] Tests run: 3, Failures: 0, Errors: 0, Time elapsed: 1.621 sec
    [junit] 
    [junit] Running marubinotto.piggydb.model.fragments.relation.OneFragmentRelationTest
    [junit] Testsuite: marubinotto.piggydb.model.fragments.relation.OneFragmentRelationTest
    [junit] Tests run: 9, Failures: 0, Errors: 0, Time elapsed: 2.259 sec
    [junit] Tests run: 9, Failures: 0, Errors: 0, Time elapsed: 2.259 sec
    [junit] 
    [junit] Running marubinotto.piggydb.model.predicate.PreformattedTest
    [junit] Testsuite: marubinotto.piggydb.model.predicate.PreformattedTest
    [junit] Tests run: 4, Failures: 0, Errors: 0, Time elapsed: 0.088 sec
    [junit] Tests run: 4, Failures: 0, Errors: 0, Time elapsed: 0.088 sec
    [junit] 
    [junit] Running marubinotto.piggydb.model.tag.DefaultTest
    [junit] Testsuite: marubinotto.piggydb.model.tag.DefaultTest
    [junit] Tests run: 1, Failures: 0, Errors: 0, Time elapsed: 0.075 sec
    [junit] Tests run: 1, Failures: 0, Errors: 0, Time elapsed: 0.075 sec
    [junit] 
    [junit] Running marubinotto.piggydb.model.tag.HierarchyTest
    [junit] Testsuite: marubinotto.piggydb.model.tag.HierarchyTest
    [junit] Tests run: 8, Failures: 0, Errors: 0, Time elapsed: 0.117 sec
    [junit] Tests run: 8, Failures: 0, Errors: 0, Time elapsed: 0.117 sec
    [junit] 
    [junit] Running marubinotto.piggydb.model.tag.UserCreatesTagTest
    [junit] Testsuite: marubinotto.piggydb.model.tag.UserCreatesTagTest
    [junit] Tests run: 4, Failures: 0, Errors: 0, Time elapsed: 0.084 sec
    [junit] Tests run: 4, Failures: 0, Errors: 0, Time elapsed: 0.084 sec
    [junit] 
    [junit] Running marubinotto.piggydb.model.tags.DefaultTest
    [junit] Testsuite: marubinotto.piggydb.model.tags.DefaultTest
    [junit] Tests run: 7, Failures: 0, Errors: 0, Time elapsed: 1.998 sec
    [junit] Tests run: 7, Failures: 0, Errors: 0, Time elapsed: 1.998 sec
    [junit] 
    [junit] Running marubinotto.piggydb.model.tags.FindByKeywordsTest
    [junit] Testsuite: marubinotto.piggydb.model.tags.FindByKeywordsTest
    [junit] Tests run: 7, Failures: 0, Errors: 0, Time elapsed: 1.928 sec
    [junit] Tests run: 7, Failures: 0, Errors: 0, Time elapsed: 1.928 sec
    [junit] 
    [junit] Running marubinotto.piggydb.model.tags.FindByParentTagTest
    [junit] Testsuite: marubinotto.piggydb.model.tags.FindByParentTagTest
    [junit] Tests run: 2, Failures: 0, Errors: 0, Time elapsed: 1.53 sec
    [junit] Tests run: 2, Failures: 0, Errors: 0, Time elapsed: 1.53 sec
    [junit] 
    [junit] Running marubinotto.piggydb.model.tags.GetAllSubordinateTagIdsTest
    [junit] Testsuite: marubinotto.piggydb.model.tags.GetAllSubordinateTagIdsTest
    [junit] Tests run: 2, Failures: 0, Errors: 0, Time elapsed: 1.493 sec
    [junit] Tests run: 2, Failures: 0, Errors: 0, Time elapsed: 1.493 sec
    [junit] 
    [junit] Running marubinotto.piggydb.model.tags.GetNamesLikeTest
    [junit] Testsuite: marubinotto.piggydb.model.tags.GetNamesLikeTest
    [junit] Tests run: 5, Failures: 0, Errors: 0, Time elapsed: 1.792 sec
    [junit] Tests run: 5, Failures: 0, Errors: 0, Time elapsed: 1.792 sec
    [junit] 
    [junit] Running marubinotto.piggydb.model.tags.GetNamesTest
    [junit] Testsuite: marubinotto.piggydb.model.tags.GetNamesTest
    [junit] Tests run: 3, Failures: 0, Errors: 0, Time elapsed: 1.579 sec
    [junit] Tests run: 3, Failures: 0, Errors: 0, Time elapsed: 1.579 sec
    [junit] 
    [junit] Running marubinotto.piggydb.model.tags.GetPopularTagsTest
    [junit] Testsuite: marubinotto.piggydb.model.tags.GetPopularTagsTest
    [junit] Tests run: 6, Failures: 0, Errors: 0, Time elapsed: 1.835 sec
    [junit] Tests run: 6, Failures: 0, Errors: 0, Time elapsed: 1.835 sec
    [junit] 
    [junit] Running marubinotto.piggydb.model.tags.GetRecentChangesTest
    [junit] Testsuite: marubinotto.piggydb.model.tags.GetRecentChangesTest
    [junit] Tests run: 3, Failures: 0, Errors: 0, Time elapsed: 1.558 sec
    [junit] Tests run: 3, Failures: 0, Errors: 0, Time elapsed: 1.558 sec
    [junit] 
    [junit] Running marubinotto.piggydb.model.tags.GetRootTagsTest
    [junit] Testsuite: marubinotto.piggydb.model.tags.GetRootTagsTest
    [junit] Tests run: 2, Failures: 0, Errors: 0, Time elapsed: 1.523 sec
    [junit] Tests run: 2, Failures: 0, Errors: 0, Time elapsed: 1.523 sec
    [junit] 
    [junit] Running marubinotto.piggydb.model.tags.MiscTest
    [junit] Testsuite: marubinotto.piggydb.model.tags.MiscTest
    [junit] Tests run: 1, Failures: 0, Errors: 0, Time elapsed: 1.408 sec
    [junit] Tests run: 1, Failures: 0, Errors: 0, Time elapsed: 1.408 sec
    [junit] 
    [junit] Running marubinotto.piggydb.model.tags.OneTagTest
    [junit] Testsuite: marubinotto.piggydb.model.tags.OneTagTest
    [junit] Tests run: 18, Failures: 0, Errors: 0, Time elapsed: 2.965 sec
    [junit] Tests run: 18, Failures: 0, Errors: 0, Time elapsed: 2.965 sec
    [junit] 
    [junit] Running marubinotto.piggydb.model.tags.OrderByNameTest
    [junit] Testsuite: marubinotto.piggydb.model.tags.OrderByNameTest
    [junit] Tests run: 5, Failures: 0, Errors: 0, Time elapsed: 1.79 sec
    [junit] Tests run: 5, Failures: 0, Errors: 0, Time elapsed: 1.79 sec
    [junit] 
    [junit] Running marubinotto.piggydb.model.tags.SelectAllThatHaveChildrenTest
    [junit] Testsuite: marubinotto.piggydb.model.tags.SelectAllThatHaveChildrenTest
    [junit] Tests run: 2, Failures: 0, Errors: 0, Time elapsed: 1.39 sec
    [junit] Tests run: 2, Failures: 0, Errors: 0, Time elapsed: 1.39 sec
    [junit] 
    [junit] Running marubinotto.piggydb.model.tags.WithTagsTest
    [junit] Testsuite: marubinotto.piggydb.model.tags.WithTagsTest
    [junit] Tests run: 10, Failures: 0, Errors: 0, Time elapsed: 2.579 sec
    [junit] Tests run: 10, Failures: 0, Errors: 0, Time elapsed: 2.579 sec
    [junit] 
    [junit] Running marubinotto.piggydb.model.utils.GetCommonParentsTest
    [junit] Testsuite: marubinotto.piggydb.model.utils.GetCommonParentsTest
    [junit] Tests run: 5, Failures: 0, Errors: 0, Time elapsed: 0.091 sec
    [junit] Tests run: 5, Failures: 0, Errors: 0, Time elapsed: 0.091 sec
    [junit] 
    [junit] Running marubinotto.piggydb.model.utils.GetCommonTagsTest
    [junit] Testsuite: marubinotto.piggydb.model.utils.GetCommonTagsTest
    [junit] Tests run: 5, Failures: 0, Errors: 0, Time elapsed: 0.096 sec
    [junit] Tests run: 5, Failures: 0, Errors: 0, Time elapsed: 0.096 sec
    [junit] 
    [junit] Running marubinotto.piggydb.model.utils.ToIdMapTest
    [junit] Testsuite: marubinotto.piggydb.model.utils.ToIdMapTest
    [junit] Tests run: 2, Failures: 0, Errors: 0, Time elapsed: 0.084 sec
    [junit] Tests run: 2, Failures: 0, Errors: 0, Time elapsed: 0.084 sec
    [junit] 
    [junit] Running marubinotto.piggydb.ui.page.common.HtmlFragmentsTest
    [junit] Testsuite: marubinotto.piggydb.ui.page.common.HtmlFragmentsTest
    [junit] Tests run: 9, Failures: 0, Errors: 0, Time elapsed: 1.343 sec
    [junit] Tests run: 9, Failures: 0, Errors: 0, Time elapsed: 1.343 sec
    [junit] 
    [junit] Running marubinotto.piggydb.ui.page.common.WebResourcePathsTest
    [junit] Testsuite: marubinotto.piggydb.ui.page.common.WebResourcePathsTest
    [junit] Tests run: 2, Failures: 0, Errors: 0, Time elapsed: 0.028 sec
    [junit] Tests run: 2, Failures: 0, Errors: 0, Time elapsed: 0.028 sec
    [junit] 
    [junit] Running marubinotto.piggydb.ui.page.control.CalendarFocusTest
    [junit] Testsuite: marubinotto.piggydb.ui.page.control.CalendarFocusTest
    [junit] Tests run: 9, Failures: 0, Errors: 0, Time elapsed: 0.101 sec
    [junit] Tests run: 9, Failures: 0, Errors: 0, Time elapsed: 0.101 sec
    [junit] 
    [junit] Running marubinotto.piggydb.ui.page.control.TagTreeToStringTest
    [junit] Testsuite: marubinotto.piggydb.ui.page.control.TagTreeToStringTest
    [junit] Tests run: 4, Failures: 0, Errors: 0, Time elapsed: 0.101 sec
    [junit] Tests run: 4, Failures: 0, Errors: 0, Time elapsed: 0.101 sec
    [junit] 
    [junit] Running marubinotto.piggydb.ui.page.control.form.FragmentFormUtilsTest$SplitTagsStringTest
    [junit] Testsuite: marubinotto.piggydb.ui.page.control.form.FragmentFormUtilsTest$SplitTagsStringTest
    [junit] Tests run: 10, Failures: 0, Errors: 0, Time elapsed: 0.056 sec
    [junit] Tests run: 10, Failures: 0, Errors: 0, Time elapsed: 0.056 sec
    [junit] 
    [junit] Running marubinotto.piggydb.ui.page.control.form.FragmentFormUtilsTest
    [junit] Testsuite: marubinotto.piggydb.ui.page.control.form.FragmentFormUtilsTest
    [junit] Tests run: 10, Failures: 0, Errors: 0, Time elapsed: 0.053 sec
    [junit] Tests run: 10, Failures: 0, Errors: 0, Time elapsed: 0.053 sec
    [junit] 
    [junit] Running marubinotto.piggydb.ui.page.control.form.PublicFieldFormTest
    [junit] Testsuite: marubinotto.piggydb.ui.page.control.form.PublicFieldFormTest
    [junit] Tests run: 1, Failures: 0, Errors: 0, Time elapsed: 0.048 sec
    [junit] Tests run: 1, Failures: 0, Errors: 0, Time elapsed: 0.048 sec
    [junit] 
    [junit] Running marubinotto.piggydb.ui.page.model.FragmentTagsTest
    [junit] Testsuite: marubinotto.piggydb.ui.page.model.FragmentTagsTest
    [junit] Tests run: 3, Failures: 0, Errors: 0, Time elapsed: 0.08 sec
    [junit] Tests run: 3, Failures: 0, Errors: 0, Time elapsed: 0.08 sec
    [junit] 
    [junit] Running marubinotto.piggydb.ui.page.model.RecentChangesTest
    [junit] Testsuite: marubinotto.piggydb.ui.page.model.RecentChangesTest
    [junit] Tests run: 3, Failures: 0, Errors: 0, Time elapsed: 0.021 sec
    [junit] Tests run: 3, Failures: 0, Errors: 0, Time elapsed: 0.021 sec
    [junit] 
    [junit] Running marubinotto.piggydb.ui.page.model.RecentlyViewedTest
    [junit] Testsuite: marubinotto.piggydb.ui.page.model.RecentlyViewedTest
    [junit] Tests run: 5, Failures: 0, Errors: 0, Time elapsed: 1.847 sec
    [junit] Tests run: 5, Failures: 0, Errors: 0, Time elapsed: 1.847 sec
    [junit] 
    [junit] Running marubinotto.piggydb.ui.page.model.SelectedFragmentsTest
    [junit] Testsuite: marubinotto.piggydb.ui.page.model.SelectedFragmentsTest
    [junit] Tests run: 1, Failures: 0, Errors: 0, Time elapsed: 1.316 sec
    [junit] Tests run: 1, Failures: 0, Errors: 0, Time elapsed: 1.316 sec
    [junit] 
    [junit] Running marubinotto.piggydb.ui.page.partial.AbstractSubmitFragmentFormTest
    [junit] Testsuite: marubinotto.piggydb.ui.page.partial.AbstractSubmitFragmentFormTest
    [junit] Tests run: 5, Failures: 0, Errors: 0, Time elapsed: 0.084 sec
    [junit] Tests run: 5, Failures: 0, Errors: 0, Time elapsed: 0.084 sec
    [junit] 
    [junit] Running marubinotto.piggydb.ui.page.partial.FragmentsViewTest
    [junit] Testsuite: marubinotto.piggydb.ui.page.partial.FragmentsViewTest
    [junit] Tests run: 6, Failures: 0, Errors: 0, Time elapsed: 0.053 sec
    [junit] Tests run: 6, Failures: 0, Errors: 0, Time elapsed: 0.053 sec
    [junit] 
    [junit] Running marubinotto.piggydb.ui.wiki.DefaultWikiParserTest
    [junit] Testsuite: marubinotto.piggydb.ui.wiki.DefaultWikiParserTest
    [junit] Tests run: 8, Failures: 0, Errors: 0, Time elapsed: 1.998 sec
    [junit] Tests run: 8, Failures: 0, Errors: 0, Time elapsed: 1.998 sec
    [junit] 
    [junit] Running marubinotto.piggydb.ui.wiki.FragmentUrnTest
    [junit] Testsuite: marubinotto.piggydb.ui.wiki.FragmentUrnTest
    [junit] Tests run: 10, Failures: 0, Errors: 0, Time elapsed: 2.43 sec
    [junit] Tests run: 10, Failures: 0, Errors: 0, Time elapsed: 2.43 sec
    [junit] 
    [junit] Running marubinotto.piggydb.ui.wiki.html.BlockTest
    [junit] Testsuite: marubinotto.piggydb.ui.wiki.html.BlockTest
    [junit] Tests run: 5, Failures: 0, Errors: 0, Time elapsed: 1.717 sec
    [junit] Tests run: 5, Failures: 0, Errors: 0, Time elapsed: 1.717 sec
    [junit] 
    [junit] Running marubinotto.piggydb.ui.wiki.html.EmbeddingTest
    [junit] Testsuite: marubinotto.piggydb.ui.wiki.html.EmbeddingTest
    [junit] Tests run: 5, Failures: 0, Errors: 0, Time elapsed: 1.75 sec
    [junit] Tests run: 5, Failures: 0, Errors: 0, Time elapsed: 1.75 sec
    [junit] 
    [junit] Running marubinotto.piggydb.ui.wiki.html.InlineTest
    [junit] Testsuite: marubinotto.piggydb.ui.wiki.html.InlineTest
    [junit] Tests run: 6, Failures: 0, Errors: 0, Time elapsed: 1.808 sec
    [junit] Tests run: 6, Failures: 0, Errors: 0, Time elapsed: 1.808 sec
    [junit] 
    [junit] Running marubinotto.util.CollectionUtilsTest
    [junit] Testsuite: marubinotto.util.CollectionUtilsTest
    [junit] Tests run: 4, Failures: 0, Errors: 0, Time elapsed: 0.08 sec
    [junit] Tests run: 4, Failures: 0, Errors: 0, Time elapsed: 0.08 sec
    [junit] 
    [junit] ------------- Standard Output ---------------
    [junit] pickRandomly1: [1, 2, 3]
    [junit] pickRandomly2: [4, 2, 5, 3, 1]
    [junit] {akane={gender=female}, daisuke={gender=male}}
    [junit] ------------- ---------------- ---------------
    [junit] Running marubinotto.util.FileSystemUtilsTest
    [junit] Testsuite: marubinotto.util.FileSystemUtilsTest
    [junit] Tests run: 6, Failures: 0, Errors: 0, Time elapsed: 0.077 sec
    [junit] Tests run: 6, Failures: 0, Errors: 0, Time elapsed: 0.077 sec
    [junit] 
    [junit] ------------- Standard Output ---------------
    [junit] UserHome(true): /home/travis
    [junit] UserHome(false): /home/travis
    [junit] ------------- ---------------- ---------------
    [junit] Running marubinotto.util.PasswordDigestTest
    [junit] Testsuite: marubinotto.util.PasswordDigestTest
    [junit] Tests run: 4, Failures: 0, Errors: 0, Time elapsed: 165.167 sec
    [junit] Tests run: 4, Failures: 0, Errors: 0, Time elapsed: 165.167 sec
    [junit] 
    [junit] Running marubinotto.util.PileValueTest
    [junit] Testsuite: marubinotto.util.PileValueTest
    [junit] Tests run: 2, Failures: 0, Errors: 0, Time elapsed: 0.023 sec
    [junit] Tests run: 2, Failures: 0, Errors: 0, Time elapsed: 0.023 sec
    [junit] 
    [junit] Running marubinotto.util.RegexUtilsTest
    [junit] Testsuite: marubinotto.util.RegexUtilsTest
    [junit] Tests run: 3, Failures: 0, Errors: 0, Time elapsed: 0.046 sec
    [junit] Tests run: 3, Failures: 0, Errors: 0, Time elapsed: 0.046 sec
    [junit] 
    [junit] Running marubinotto.util.SizeTest
    [junit] Testsuite: marubinotto.util.SizeTest
    [junit] Tests run: 4, Failures: 0, Errors: 0, Time elapsed: 0.023 sec
    [junit] Tests run: 4, Failures: 0, Errors: 0, Time elapsed: 0.023 sec
    [junit] 
    [junit] Running marubinotto.util.ThreadLocalCacheTest
    [junit] Testsuite: marubinotto.util.ThreadLocalCacheTest
    [junit] Tests run: 2, Failures: 0, Errors: 0, Time elapsed: 0.034 sec
    [junit] Tests run: 2, Failures: 0, Errors: 0, Time elapsed: 0.034 sec
    [junit] 
    [junit] Running marubinotto.util.UtilsTest
    [junit] Testsuite: marubinotto.util.UtilsTest
    [junit] Tests run: 1, Failures: 0, Errors: 0, Time elapsed: 0.03 sec
    [junit] Tests run: 1, Failures: 0, Errors: 0, Time elapsed: 0.03 sec
    [junit] 
    [junit] ------------- Standard Output ---------------
    [junit] [2, 7, 5, 4, 6, 1, 8, 3, 0, 9]
    [junit] ------------- ---------------- ---------------
    [junit] Running marubinotto.util.ZipUtilsTest
    [junit] Testsuite: marubinotto.util.ZipUtilsTest
    [junit] Tests run: 6, Failures: 0, Errors: 0, Time elapsed: 0.104 sec
    [junit] Tests run: 6, Failures: 0, Errors: 0, Time elapsed: 0.104 sec
    [junit] 
    [junit] Running marubinotto.util.fixture.FileSystemFixtureTest
    [junit] Testsuite: marubinotto.util.fixture.FileSystemFixtureTest
    [junit] Tests run: 10, Failures: 0, Errors: 0, Time elapsed: 0.105 sec
    [junit] Tests run: 10, Failures: 0, Errors: 0, Time elapsed: 0.105 sec
    [junit] 
    [junit] Running marubinotto.util.paging.GetPageTest
    [junit] Testsuite: marubinotto.util.paging.GetPageTest
    [junit] Tests run: 9, Failures: 0, Errors: 0, Time elapsed: 0.041 sec
    [junit] Tests run: 9, Failures: 0, Errors: 0, Time elapsed: 0.041 sec
    [junit] 
    [junit] Running marubinotto.util.paging.PageImplTest
    [junit] Testsuite: marubinotto.util.paging.PageImplTest
    [junit] Tests run: 11, Failures: 0, Errors: 0, Time elapsed: 0.054 sec
    [junit] Tests run: 11, Failures: 0, Errors: 0, Time elapsed: 0.054 sec
    [junit] 
    [junit] Running marubinotto.util.paging.SplitToPagesTest
    [junit] Testsuite: marubinotto.util.paging.SplitToPagesTest
    [junit] Tests run: 4, Failures: 0, Errors: 0, Time elapsed: 0.024 sec
    [junit] Tests run: 4, Failures: 0, Errors: 0, Time elapsed: 0.024 sec
    [junit] 
    [junit] Running marubinotto.util.rdb.CreateDataSetTest
    [junit] Testsuite: marubinotto.util.rdb.CreateDataSetTest
    [junit] Tests run: 5, Failures: 0, Errors: 0, Time elapsed: 0.059 sec
    [junit] Tests run: 5, Failures: 0, Errors: 0, Time elapsed: 0.059 sec
    [junit] 
    [junit] Running marubinotto.util.rdb.InMemoryDataSourceTest
    [junit] Testsuite: marubinotto.util.rdb.InMemoryDataSourceTest
    [junit] Tests run: 4, Failures: 0, Errors: 0, Time elapsed: 0.743 sec
    [junit] Tests run: 4, Failures: 0, Errors: 0, Time elapsed: 0.743 sec
    [junit] 
    [junit] Running marubinotto.util.rdb.MergeDataSetTest
    [junit] Testsuite: marubinotto.util.rdb.MergeDataSetTest
    [junit] Tests run: 9, Failures: 0, Errors: 0, Time elapsed: 0.05 sec
    [junit] Tests run: 9, Failures: 0, Errors: 0, Time elapsed: 0.05 sec
    [junit] 
    [junit] Running marubinotto.util.rdb.SpringTransactionTest
    [junit] Testsuite: marubinotto.util.rdb.SpringTransactionTest
    [junit] Tests run: 3, Failures: 0, Errors: 0, Time elapsed: 1.069 sec
    [junit] Tests run: 3, Failures: 0, Errors: 0, Time elapsed: 1.069 sec
    [junit] 
    [junit] Running marubinotto.util.time.DateTimeAsRelativeDescriptionTest
    [junit] Testsuite: marubinotto.util.time.DateTimeAsRelativeDescriptionTest
    [junit] Tests run: 21, Failures: 0, Errors: 0, Time elapsed: 0.147 sec
    [junit] Tests run: 21, Failures: 0, Errors: 0, Time elapsed: 0.147 sec
    [junit] 
    [junit] Running marubinotto.util.time.DateTimeTest
    [junit] Testsuite: marubinotto.util.time.DateTimeTest
    [junit] Tests run: 14, Failures: 0, Errors: 0, Time elapsed: 0.113 sec
    [junit] Tests run: 14, Failures: 0, Errors: 0, Time elapsed: 0.113 sec
    [junit] 
    [junit] ------------- Standard Output ---------------
    [junit] 2016-11-16T19:57:27.209+00:00
    [junit] ------------- ---------------- ---------------
    [junit] Running marubinotto.util.time.DurationTest
    [junit] Testsuite: marubinotto.util.time.DurationTest
    [junit] Tests run: 3, Failures: 0, Errors: 0, Time elapsed: 0.026 sec
    [junit] Tests run: 3, Failures: 0, Errors: 0, Time elapsed: 0.026 sec
    [junit] 
    [junit] Running marubinotto.util.time.IntervalTest
    [junit] Testsuite: marubinotto.util.time.IntervalTest
    [junit] Tests run: 12, Failures: 0, Errors: 0, Time elapsed: 0.086 sec
    [junit] Tests run: 12, Failures: 0, Errors: 0, Time elapsed: 0.086 sec
    [junit] 
    [junit] Running marubinotto.util.time.MonthTest
    [junit] Testsuite: marubinotto.util.time.MonthTest
    [junit] Tests run: 2, Failures: 0, Errors: 0, Time elapsed: 0.05 sec
    [junit] Tests run: 2, Failures: 0, Errors: 0, Time elapsed: 0.05 sec
    [junit] 
    [junit] Running marubinotto.util.time.StopWatchTest
    [junit] Testsuite: marubinotto.util.time.StopWatchTest
    [junit] Tests run: 1, Failures: 0, Errors: 0, Time elapsed: 0.068 sec
    [junit] Tests run: 1, Failures: 0, Errors: 0, Time elapsed: 0.068 sec
    [junit] 
    [junit] ------------- Standard Output ---------------
    [junit] 1.000
    [junit] ------------- ---------------- ---------------
    [junit] Running marubinotto.util.time.WeekTest
    [junit] Testsuite: marubinotto.util.time.WeekTest
    [junit] Tests run: 1, Failures: 0, Errors: 0, Time elapsed: 0.034 sec
    [junit] Tests run: 1, Failures: 0, Errors: 0, Time elapsed: 0.034 sec
    [junit] 
    [junit] Running marubinotto.util.web.GenericUserTest
    [junit] Testsuite: marubinotto.util.web.GenericUserTest
    [junit] Tests run: 7, Failures: 0, Errors: 0, Time elapsed: 0.033 sec
    [junit] Tests run: 7, Failures: 0, Errors: 0, Time elapsed: 0.033 sec
    [junit] 
    [junit] Running marubinotto.util.web.ToQueryStringTest
    [junit] Testsuite: marubinotto.util.web.ToQueryStringTest
    [junit] Tests run: 5, Failures: 0, Errors: 0, Time elapsed: 0.046 sec
    [junit] Tests run: 5, Failures: 0, Errors: 0, Time elapsed: 0.046 sec
    [junit] 
    [junit] Running marubinotto.util.web.WebUtilsTest
    [junit] Testsuite: marubinotto.util.web.WebUtilsTest
    [junit] Tests run: 2, Failures: 0, Errors: 0, Time elapsed: 0.065 sec
    [junit] Tests run: 2, Failures: 0, Errors: 0, Time elapsed: 0.065 sec
    [junit] 
    [junit] Running marubinotto.util.xml.DomUtilsTest
    [junit] Testsuite: marubinotto.util.xml.DomUtilsTest
    [junit] Tests run: 25, Failures: 0, Errors: 0, Time elapsed: 0.325 sec
    [junit] Tests run: 25, Failures: 0, Errors: 0, Time elapsed: 0.325 sec
    [junit] 
    [junit] ------------- Standard Error -----------------
    [junit] [Fatal Error] :1:1: Content is not allowed in prolog.
    [junit] ------------- ---------------- ---------------
    [junit] Running marubinotto.util.xml.XmlStringBuilderTest
    [junit] Testsuite: marubinotto.util.xml.XmlStringBuilderTest
    [junit] Tests run: 8, Failures: 0, Errors: 0, Time elapsed: 0.127 sec
    [junit] Tests run: 8, Failures: 0, Errors: 0, Time elapsed: 0.127 sec
    [junit] 
    [junit] Running marubinotto.util.xml.XmlTreeImplTest
    [junit] Testsuite: marubinotto.util.xml.XmlTreeImplTest
    [junit] Tests run: 26, Failures: 0, Errors: 0, Time elapsed: 0.39 sec
    [junit] Tests run: 26, Failures: 0, Errors: 0, Time elapsed: 0.39 sec
    [junit] 

BUILD SUCCESSFUL
Total time: 16 minutes 36 seconds

travis_time:end:10374e40:start=1479325259227103946,finish=1479326256460236413,duration=997233132467[0K
[32;1mThe command "ant test" exited with 0.[0m

Done. Your build exited with 0.
