travis_fold:start:system_info[0K[33;1mBuild system information[0m
Build language: java
Build id: ''
Job id: ''
[34m[1mBuild image provisioning date and time[0m
Thu Feb  5 15:09:33 UTC 2015
[34m[1mOperating System Details[0m
Distributor ID:	Ubuntu
Description:	Ubuntu 12.04.5 LTS
Release:	12.04
Codename:	precise
[34m[1mLinux Version[0m
3.13.0-29-generic
[34m[1mCookbooks Version[0m
a68419e https://github.com/travis-ci/travis-cookbooks/tree/a68419e
[34m[1mGCC version[0m
gcc (Ubuntu/Linaro 4.6.3-1ubuntu5) 4.6.3
Copyright (C) 2011 Free Software Foundation, Inc.
This is free software; see the source for copying conditions.  There is NO
warranty; not even for MERCHANTABILITY or FITNESS FOR A PARTICULAR PURPOSE.

[34m[1mLLVM version[0m
clang version 3.4 (tags/RELEASE_34/final)
Target: x86_64-unknown-linux-gnu
Thread model: posix
[34m[1mPre-installed Ruby versions[0m
ruby-1.9.3-p551
[34m[1mPre-installed Node.js versions[0m
v0.10.36
[34m[1mPre-installed Go versions[0m
1.4.1
[34m[1mRedis version[0m
redis-server 2.8.19
[34m[1mriak version[0m
2.0.2
[34m[1mMongoDB version[0m
MongoDB 2.4.12
[34m[1mCouchDB version[0m
couchdb 1.6.1
[34m[1mNeo4j version[0m
1.9.4
[34m[1mRabbitMQ Version[0m
3.4.3
[34m[1mElasticSearch version[0m
1.4.0
[34m[1mInstalled Sphinx versions[0m
2.0.10
2.1.9
2.2.6
[34m[1mDefault Sphinx version[0m
2.2.6
[34m[1mInstalled Firefox version[0m
firefox 31.0esr
[34m[1mPhantomJS version[0m
1.9.8
[34m[1mant -version[0m
Apache Ant(TM) version 1.8.2 compiled on December 3 2011
[34m[1mmvn -version[0m
Apache Maven 3.2.5 (12a6b3acb947671f09b81f49094c53f426d8cea1; 2014-12-14T17:29:23+00:00)
Maven home: /usr/local/maven
Java version: 1.7.0_76, vendor: Oracle Corporation
Java home: /usr/lib/jvm/java-7-oracle/jre
Default locale: en_US, platform encoding: ANSI_X3.4-1968
OS name: "linux", version: "3.13.0-29-generic", arch: "amd64", family: "unix"
travis_fold:end:system_info[0K
sed: cannot rename /etc/hosts: Device or resource busy
sed: cannot rename /etc/hosts: Device or resource busy
$ cd dita-ot/dita-ot
travis_fold:start:git.submodule[0Ktravis_time:start:192ccb3a[0K$ git submodule update --init --recursive
Submodule 'src/main/ext-plugins' (git://github.com/dita-ot/ext-plugins.git) registered for path 'src/main/ext-plugins'
Submodule 'src/test/testsuite' (git://github.com/dita-ot/testsuite.git) registered for path 'src/test/testsuite'
Cloning into 'src/main/ext-plugins'...
Submodule path 'src/main/ext-plugins': checked out 'a4a4511d99ac4ef9f14990800cc613688af17f64'
Cloning into 'src/test/testsuite'...
Submodule path 'src/test/testsuite': checked out 'e64eaaa58526af3c9f7237c7f954619e889a5ec6'

travis_time:end:192ccb3a:start=1479264939741981970,finish=1479264947143768416,duration=7401786446[0Ktravis_fold:end:git.submodule[0K
[33;1mSetting environment variables from .travis.yml[0m
$ export CLASSPATH=src/main/lib/xercesImpl.jar:src/main/lib/xml-apis.jar:src/main/lib/resolver.jar:src/main/lib/commons-codec-1.4.jar:src/main/lib/icu4j.jar:src/main/lib/saxon/saxon9-dom.jar:src/main/lib/saxon/saxon9.jar:target/classes:src/main/:src/main/lib/:src/main/lib/dost.jar

$ jdk_switcher use openjdk6
Switching to OpenJDK6 (java-1.6.0-openjdk-amd64), JAVA_HOME will be set to /usr/lib/jvm/java-6-openjdk-amd64
$ java -Xmx32m -version
java version "1.6.0_34"
OpenJDK Runtime Environment (IcedTea6 1.13.6) (6b34-1.13.6-1ubuntu0.12.04.1)
OpenJDK 64-Bit Server VM (build 23.25-b01, mixed mode)
$ javac -J-Xmx32m -version
javac 1.6.0_34
travis_fold:start:before_script.1[0Ktravis_time:start:2bc285b4[0K$ git submodule update --init --recursive

travis_time:end:2bc285b4:start=1479264947725663606,finish=1479264947936622388,duration=210958782[0Ktravis_fold:end:before_script.1[0Ktravis_fold:start:before_script.2[0Ktravis_time:start:18b38089[0K$ ant jar
Buildfile: /home/travis/build/dita-ot/dita-ot/build.xml

clean-java:

init-java:
    [mkdir] Created dir: /home/travis/build/dita-ot/dita-ot/target/classes

compile:
    [javac] /home/travis/build/dita-ot/dita-ot/build.xml:73: warning: 'includeantruntime' was not set, defaulting to build.sysclasspath=last; set to false for repeatable builds
    [javac] Compiling 147 source files to /home/travis/build/dita-ot/dita-ot/target/classes
    [javac] Note: Some input files use or override a deprecated API.
    [javac] Note: Recompile with -Xlint:deprecation for details.
    [javac] Note: Some input files use unchecked or unsafe operations.
    [javac] Note: Recompile with -Xlint:unchecked for details.

jar:
     [copy] Copying 2 files to /home/travis/build/dita-ot/dita-ot/target/classes/resource
      [jar] Building jar: /home/travis/build/dita-ot/dita-ot/src/main/lib/dost.jar

BUILD SUCCESSFUL
Total time: 6 seconds

travis_time:end:18b38089:start=1479264947943895813,finish=1479264962570098714,duration=14626202901[0Ktravis_fold:end:before_script.2[0Ktravis_fold:start:before_script.3[0Ktravis_time:start:0809c91c[0K$ ant -f src/main/integrator.xml strict
Buildfile: /home/travis/build/dita-ot/dita-ot/src/main/integrator.xml

strict:

integrate:
[integrate] Failed to read print transtypes from configuration, using defaults.
[integrate] Failed to read supported DITA topic extensions from configuration, using defaults.
[integrate] Failed to read supported DITA map extensions from configuration, using defaults.
[integrate] Failed to read supported image extensions from configuration, using defaults.
[integrate] Failed to read supported HTML extensions from configuration, using defaults.
[integrate] Failed to read supported resource file extensions from configuration, using defaults.
      [jar] Building jar: /home/travis/build/dita-ot/dita-ot/src/main/lib/dost-configuration.jar

BUILD SUCCESSFUL
Total time: 0 seconds

travis_time:end:0809c91c:start=1479264962578833065,finish=1479264963717184951,duration=1138351886[0Ktravis_fold:end:before_script.3[0Ktravis_time:start:0b342c61[0K$ ant test integration-test
Buildfile: /home/travis/build/dita-ot/dita-ot/build.xml

clean-java:
   [delete] Deleting directory /home/travis/build/dita-ot/dita-ot/target/classes

init-java:
    [mkdir] Created dir: /home/travis/build/dita-ot/dita-ot/target/classes

compile:
    [javac] /home/travis/build/dita-ot/dita-ot/build.xml:73: warning: 'includeantruntime' was not set, defaulting to build.sysclasspath=last; set to false for repeatable builds
    [javac] Compiling 147 source files to /home/travis/build/dita-ot/dita-ot/target/classes
    [javac] Note: Some input files use or override a deprecated API.
    [javac] Note: Recompile with -Xlint:deprecation for details.
    [javac] Note: Some input files use unchecked or unsafe operations.
    [javac] Note: Recompile with -Xlint:unchecked for details.

test-compile:
    [mkdir] Created dir: /home/travis/build/dita-ot/dita-ot/target/test-classes
    [javac] /home/travis/build/dita-ot/dita-ot/build.xml:587: warning: 'includeantruntime' was not set, defaulting to build.sysclasspath=last; set to false for repeatable builds
    [javac] Compiling 63 source files to /home/travis/build/dita-ot/dita-ot/target/test-classes
    [javac] Note: Some input files use or override a deprecated API.
    [javac] Note: Recompile with -Xlint:deprecation for details.
    [javac] Note: /home/travis/build/dita-ot/dita-ot/src/test/java/org/dita/dost/writer/TestDitaWriter.java uses unchecked or unsafe operations.
    [javac] Note: Recompile with -Xlint:unchecked for details.

test:
    [mkdir] Created dir: /home/travis/build/dita-ot/dita-ot/src/test/log
    [junit] Running org.dita.dost.exception.DITAOTExceptionTest
    [junit] Tests run: 8, Failures: 0, Errors: 0, Time elapsed: 0.045 sec
    [junit] Running org.dita.dost.exception.DITAOTXMLErrorHandlerTest
    [junit] Tests run: 4, Failures: 0, Errors: 0, Time elapsed: 0.051 sec
    [junit] Running org.dita.dost.exception.SAXExceptionWrapperTest
    [junit] Tests run: 6, Failures: 0, Errors: 0, Time elapsed: 0.056 sec
    [junit] Running org.dita.dost.index.IndexTermCollectionTest
    [junit] Tests run: 10, Failures: 0, Errors: 0, Time elapsed: 0.366 sec
    [junit] Running org.dita.dost.index.IndexTermTargetTest
    [junit] Tests run: 6, Failures: 0, Errors: 0, Time elapsed: 0.026 sec
    [junit] Running org.dita.dost.index.IndexTermTest
    [junit] Tests run: 26, Failures: 0, Errors: 0, Time elapsed: 0.258 sec
    [junit] Running org.dita.dost.invoker.TestCmdInvoker
    [junit] Tests run: 3, Failures: 0, Errors: 0, Time elapsed: 0.284 sec
    [junit] Running org.dita.dost.log.MessageBeanTest
    [junit] Tests run: 8, Failures: 0, Errors: 0, Time elapsed: 0.027 sec
    [junit] Running org.dita.dost.log.MessageUtilsTest
    [junit] Tests run: 5, Failures: 0, Errors: 0, Time elapsed: 0.296 sec
    [junit] Running org.dita.dost.module.DebugAndFilterModuleTest
    [junit] Tests run: 1, Failures: 0, Errors: 0, Time elapsed: 1.766 sec
    [junit] Running org.dita.dost.module.ModuleFactoryTest
    [junit] Tests run: 2, Failures: 0, Errors: 0, Time elapsed: 0.248 sec
    [junit] Running org.dita.dost.module.TestGenMapAndTopicListModule
    [junit] Tests run: 2, Failures: 0, Errors: 0, Time elapsed: 2.278 sec
    [junit] Running org.dita.dost.module.TestTopicMergeModule
    [junit] Tests run: 1, Failures: 0, Errors: 0, Time elapsed: 0.911 sec
    [junit] Running org.dita.dost.pipeline.PipelineFacadeTest
    [junit] Tests run: 1, Failures: 0, Errors: 0, Time elapsed: 0.021 sec
    [junit] Running org.dita.dost.pipeline.PipelineHashIOTest
    [junit] Tests run: 2, Failures: 0, Errors: 0, Time elapsed: 0.021 sec
    [junit] Running org.dita.dost.platform.DescParserTest
    [junit] Tests run: 6, Failures: 0, Errors: 0, Time elapsed: 0.214 sec
    [junit] Running org.dita.dost.platform.FeaturesTest
    [junit] Tests run: 14, Failures: 0, Errors: 0, Time elapsed: 0.045 sec
    [junit] Running org.dita.dost.platform.FileGeneratorTest
    [junit] Tests run: 1, Failures: 0, Errors: 0, Time elapsed: 0.159 sec
    [junit] Running org.dita.dost.platform.IntegratorTest
    [junit] Tests run: 2, Failures: 0, Errors: 0, Time elapsed: 0.823 sec
    [junit] Running org.dita.dost.platform.PluginRequirementTest
    [junit] Tests run: 6, Failures: 0, Errors: 0, Time elapsed: 0.029 sec
    [junit] Running org.dita.dost.reader.IndexTermReaderTest
    [junit] Tests run: 1, Failures: 0, Errors: 0, Time elapsed: 0.201 sec
    [junit] Running org.dita.dost.reader.MapLinksReaderTest
    [junit] Tests run: 1, Failures: 0, Errors: 0, Time elapsed: 1.24 sec
    [junit] Running org.dita.dost.reader.MapMetaReaderTest
    [junit] Tests run: 1, Failures: 0, Errors: 0, Time elapsed: 2.382 sec
    [junit] Running org.dita.dost.reader.MergeMapParserTest
    [junit] Tests run: 2, Failures: 0, Errors: 0, Time elapsed: 0.779 sec
    [junit] Running org.dita.dost.reader.MergeTopicParserTest
    [junit] Tests run: 2, Failures: 0, Errors: 0, Time elapsed: 0.8 sec
    [junit] Running org.dita.dost.reader.TestConrefPushReader
    [junit] Tests run: 1, Failures: 0, Errors: 0, Time elapsed: 0.146 sec
    [junit] Running org.dita.dost.reader.TestDitaValReader
    [junit] Tests run: 1, Failures: 0, Errors: 0, Time elapsed: 0.162 sec
    [junit] Running org.dita.dost.reader.TestGenListModuleReader
    [junit] Tests run: 1, Failures: 0, Errors: 0, Time elapsed: 0.905 sec
    [junit] Running org.dita.dost.reader.TestKeyrefReader
    [junit] Tests run: 1, Failures: 0, Errors: 0, Time elapsed: 0.745 sec
    [junit] Running org.dita.dost.util.DitaClassTest
    [junit] Tests run: 10, Failures: 0, Errors: 0, Time elapsed: 0.185 sec
    [junit] Running org.dita.dost.util.FilterUtilsTest
    [junit] Tests run: 6, Failures: 0, Errors: 0, Time elapsed: 0.248 sec
    [junit] Running org.dita.dost.util.JobTest
    [junit] Tests run: 7, Failures: 0, Errors: 0, Time elapsed: 0.332 sec
    [junit] Running org.dita.dost.util.KeyDefTest
    [junit] Tests run: 2, Failures: 0, Errors: 0, Time elapsed: 0.025 sec
    [junit] Running org.dita.dost.util.TestDITAOTCollator
    [junit] Tests run: 1, Failures: 0, Errors: 0, Time elapsed: 0.218 sec
    [junit] Running org.dita.dost.util.TestDITAOTCopy
    [junit] Tests run: 1, Failures: 0, Errors: 0, Time elapsed: 0.049 sec
    [junit] Running org.dita.dost.util.TestFileUtils
    [junit] Tests run: 24, Failures: 0, Errors: 0, Time elapsed: 0.102 sec
    [junit] Running org.dita.dost.util.TestImgUtils
    [junit] Tests run: 3, Failures: 0, Errors: 0, Time elapsed: 1.135 sec
    [junit] Running org.dita.dost.util.TestLogutils
    [junit] Tests run: 3, Failures: 0, Errors: 0, Time elapsed: 0.025 sec
    [junit] Running org.dita.dost.util.TestMergeUtils
    [junit] Tests run: 5, Failures: 0, Errors: 0, Time elapsed: 0.388 sec
    [junit] Running org.dita.dost.util.TestOutputUtils
    [junit] Tests run: 3, Failures: 0, Errors: 0, Time elapsed: 0.022 sec
    [junit] Running org.dita.dost.util.TestStringUtils
    [junit] Tests run: 15, Failures: 0, Errors: 0, Time elapsed: 0.039 sec
    [junit] Running org.dita.dost.util.URLUtilsTest
    [junit] Tests run: 14, Failures: 0, Errors: 0, Time elapsed: 0.057 sec
    [junit] Running org.dita.dost.util.UriBasenameTaskTest
    [junit] Tests run: 7, Failures: 0, Errors: 0, Time elapsed: 0.049 sec
    [junit] Running org.dita.dost.util.UriDirnameTaskTest
    [junit] Tests run: 2, Failures: 0, Errors: 0, Time elapsed: 0.047 sec
    [junit] Running org.dita.dost.util.XMLSerializerTest
    [junit] Tests run: 7, Failures: 0, Errors: 0, Time elapsed: 0.746 sec
    [junit] Tests run: 7, Failures: 0, Errors: 0, Time elapsed: 0.746 sec
    [junit] Running org.dita.dost.util.XMLUtilsTest
    [junit] Tests run: 6, Failures: 0, Errors: 0, Time elapsed: 0.202 sec
    [junit] Running org.dita.dost.writer.CoderefResolverTest
    [junit] Tests run: 1, Failures: 0, Errors: 0, Time elapsed: 0.386 sec
    [junit] Running org.dita.dost.writer.ConkeyrefFilterTest
    [junit] Tests run: 5, Failures: 0, Errors: 0, Time elapsed: 0.296 sec
    [junit] Running org.dita.dost.writer.DitaWriterTest
    [junit] Tests run: 5, Failures: 0, Errors: 0, Time elapsed: 1.371 sec
    [junit] Running org.dita.dost.writer.GenListModuleFilterTest
    [junit] Tests run: 8, Failures: 0, Errors: 0, Time elapsed: 0.907 sec
    [junit] Running org.dita.dost.writer.ImageMetadataFilterTest
    [junit] Tests run: 1, Failures: 0, Errors: 0, Time elapsed: 0.951 sec
    [junit] Running org.dita.dost.writer.KeyrefPaserTest
    [junit] Tests run: 2, Failures: 0, Errors: 0, Time elapsed: 2.516 sec
    [junit] Running org.dita.dost.writer.ProfilingFilterTest
    [junit] Tests run: 1, Failures: 0, Errors: 0, Time elapsed: 0.875 sec
    [junit] Running org.dita.dost.writer.TestCHMIndexWriter
    [junit] Tests run: 1, Failures: 0, Errors: 0, Time elapsed: 7.338 sec
    [junit] Running org.dita.dost.writer.TestConrefPushParser
    [junit] Tests run: 1, Failures: 0, Errors: 0, Time elapsed: 0.29 sec
    [junit] Running org.dita.dost.writer.TestDitaWriter
    [junit] Tests run: 1, Failures: 0, Errors: 0, Time elapsed: 2.111 sec
    [junit] Running org.dita.dost.writer.TestEclipseIndexWriter
    [junit] Tests run: 1, Failures: 0, Errors: 0, Time elapsed: 0.668 sec
    [junit] Running org.dita.dost.writer.TestIDitaTranstypeIndexWriter
    [junit] Tests run: 1, Failures: 0, Errors: 0, Time elapsed: 0.025 sec
    [junit] Running org.dita.dost.writer.TestJavaHelpIndexWriter
    [junit] Tests run: 1, Failures: 0, Errors: 0, Time elapsed: 0.707 sec
    [junit] Running org.dita.dost.writer.ValidationFilterTest
    [junit] Tests run: 4, Failures: 0, Errors: 0, Time elapsed: 0.366 sec

clean-java:
   [delete] Deleting directory /home/travis/build/dita-ot/dita-ot/target/classes

init-java:
    [mkdir] Created dir: /home/travis/build/dita-ot/dita-ot/target/classes

compile:
    [javac] /home/travis/build/dita-ot/dita-ot/build.xml:73: warning: 'includeantruntime' was not set, defaulting to build.sysclasspath=last; set to false for repeatable builds
    [javac] Compiling 147 source files to /home/travis/build/dita-ot/dita-ot/target/classes
    [javac] Note: Some input files use or override a deprecated API.
    [javac] Note: Recompile with -Xlint:deprecation for details.
    [javac] Note: Some input files use unchecked or unsafe operations.
    [javac] Note: Recompile with -Xlint:unchecked for details.

test-compile:
    [javac] /home/travis/build/dita-ot/dita-ot/build.xml:587: warning: 'includeantruntime' was not set, defaulting to build.sysclasspath=last; set to false for repeatable builds
    [javac] Compiling 63 source files to /home/travis/build/dita-ot/dita-ot/target/test-classes
    [javac] Note: Some input files use or override a deprecated API.
    [javac] Note: Recompile with -Xlint:deprecation for details.
    [javac] Note: /home/travis/build/dita-ot/dita-ot/src/test/java/org/dita/dost/writer/TestDitaWriter.java uses unchecked or unsafe operations.
    [javac] Note: Recompile with -Xlint:unchecked for details.

integration-test:
    [junit] Testsuite: org.dita.dost.IntegrationTest
    [junit] Tests run: 39, Failures: 0, Errors: 0, Time elapsed: 124.438 sec
    [junit] ------------- Standard Error -----------------
    [junit] Testcase: 03
    [junit] Testcase: 1.5.2_M4_BUG3052904
    [junit] Testcase: 1.5.2_M4_BUG3052913
    [junit] Testcase: 1.5.2_M4_BUG3056939
    [junit] Testcase: 1.5.2_M5_BUG3059256
    [junit] Testcase: 1.5.3_M2_BUG3157890
    [junit] Testcase: 1.5.3_M2_BUG3164866
    [junit] Testcase: 1.5.3_M3_BUG3178361
    [junit] Testcase: 1.5.3_M3_BUG3191701
    [junit] Testcase: 1.5.3_M3_BUG3191704
    [junit] Testcase: 22
    [junit] [DOTX065W][WARN] Two unique source files each specify copy-to="test4.dita", which results in a collision. The value associated with href="test3.dita" is ignored.
    [junit] [DOTX064W][WARN] The copy-to attribute [copy-to="test3.dita"] uses the name of a file that already exists, so this attribute is ignored.
    [junit] [DOTX064W][WARN] The copy-to attribute [copy-to="test2.dita"] uses the name of a file that already exists, so this attribute is ignored.
    [junit] [DOTX064W][WARN] The copy-to attribute [copy-to="test3.dita"] uses the name of a file that already exists, so this attribute is ignored.
    [junit] [DOTX064W][WARN] The copy-to attribute [copy-to="test1.dita"] uses the name of a file that already exists, so this attribute is ignored.
    [junit] [DOTX065W][WARN] Two unique source files each specify copy-to="test2.dita", which results in a collision. The value associated with href="test2.dita" is ignored.
    [junit] [DOTX065W][WARN] Two unique source files each specify copy-to="test2.dita", which results in a collision. The value associated with href="test3.dita" is ignored.
    [junit] [DOTX064W][WARN] The copy-to attribute [copy-to="test2.dita"] uses the name of a file that already exists, so this attribute is ignored.
    [junit] Testcase: 2374525
    [junit] Testcase: 3178361
    [junit] Testcase: 3189883
    [junit] [DOTJ037W][WARN] The XML schema and DTD validation function of the parser is turned off. Please make sure the input is normalized DITA with class attributes included, otherwise it will not be processed correctly.
    [junit] Testcase: 3191704
    [junit] Testcase: 3308775
    [junit] Testcase: 3344142
    [junit] [DOTJ043W][WARN] The conref push function is trying to replace an element that does not exist (element "#pushto/cmd" in file "/home/travis/build/dita-ot/dita-ot/src/main/temp/3344142/preprocess/pushto.dita").
    [junit] [DOTJ043W][WARN] The conref push function is trying to replace an element that does not exist (element "#pushto/cmdreplace" in file "/home/travis/build/dita-ot/dita-ot/src/main/temp/3344142/preprocess/pushto.dita").
    [junit] Testcase: 3470331
    [junit] Testcase: Chunkattribute
    [junit] Testcase: MetadataInheritance
    [junit] Testcase: SF1333481
    [junit] Testcase: bookmap(2)
    [junit] [DOTX068W][WARN]: A topicref element that references a map contains child topicref elements. Child topicref elements are ignored. The location of this problem was at (File = /home/travis/build/dita-ot/dita-ot/src/test/testsuite/testcase/bookmap(2)/src/bookmap(2)_testdata1.ditamap, Element = chapter:1;27:51)
    [junit] [DOTX008W][WARN] File '/home/travis/build/dita-ot/dita-ot/src/test/testsuite/testcase/bookmap(2)/src/pic/copy.gif' cannot be loaded, and no navigation title is specified for the table of contents.
    [junit] /home/travis/build/dita-ot/dita-ot/src/test/testsuite/testcase/bookmap(2)/src/chapter2.ditamap:15:66: [DOTJ057E][ERROR] The id attribute value "DITAOT-installguide" is not unique within the topic that contains it.
    [junit] [DOTX068W][WARN]: A topicref element that references a map contains child topicref elements. Child topicref elements are ignored. The location of this problem was at (File = /home/travis/build/dita-ot/dita-ot/src/test/testsuite/testcase/bookmap(2)/src/bookmap(2)_testdata2.ditamap, Element = chapter:1;27:51)
    [junit] [DOTX008W][WARN] File '/home/travis/build/dita-ot/dita-ot/src/test/testsuite/testcase/bookmap(2)/src/pic/copy.gif' cannot be loaded, and no navigation title is specified for the table of contents.
    [junit] /home/travis/build/dita-ot/dita-ot/src/test/testsuite/testcase/bookmap(2)/src/chapter2.ditamap:15:66: [DOTJ057E][ERROR] The id attribute value "DITAOT-installguide" is not unique within the topic that contains it.
    [junit] [DOTX068W][WARN]: A topicref element that references a map contains child topicref elements. Child topicref elements are ignored. The location of this problem was at (File = /home/travis/build/dita-ot/dita-ot/src/test/testsuite/testcase/bookmap(2)/src/bookmap(2)_testdata5.ditamap, Element = part:1;27:48)
    [junit] [DOTX008W][WARN] File '/home/travis/build/dita-ot/dita-ot/src/test/testsuite/testcase/bookmap(2)/src/pic/copy.gif' cannot be loaded, and no navigation title is specified for the table of contents.
    [junit] /home/travis/build/dita-ot/dita-ot/src/test/testsuite/testcase/bookmap(2)/src/chapter2.ditamap:15:66: [DOTJ057E][ERROR] The id attribute value "DITAOT-installguide" is not unique within the topic that contains it.
    [junit] [DOTX068W][WARN]: A topicref element that references a map contains child topicref elements. Child topicref elements are ignored. The location of this problem was at (File = /home/travis/build/dita-ot/dita-ot/src/test/testsuite/testcase/bookmap(2)/src/bookmap(2)_testdata6.ditamap, Element = part:2;31:48)
    [junit] [DOTX068W][WARN]: A topicref element that references a map contains child topicref elements. Child topicref elements are ignored. The location of this problem was at (File = /home/travis/build/dita-ot/dita-ot/src/test/testsuite/testcase/bookmap(2)/src/bookmap(2)_testdata7.ditamap, Element = chapter:1;27:51)
    [junit] Testcase: coderef_source
    [junit] Testcase: conref
    [junit] Testcase: conrefbreaksxref
    [junit] Testcase: control_value_file
    [junit] Testcase: image-scale
    [junit] Testcase: index-see
    [junit] [DOTX050W][WARN]: Default id "org.sample.help.doc" is used for Eclipse plug-in. If you want to use your own plug-in id, please specify it using the id attribute on your map. The location of this problem was at (File = /home/travis/build/dita-ot/dita-ot/src/test/testsuite/testcase/index-see/src/bookmap.ditamap, Element = bookmap:1;3:10)
    [junit] [DOTJ050W][WARN] Found an <index-see> or <index-see-also> reference to the term 'index-see-also1', but that term is not defined in the index.
    [junit] [DOTJ050W][WARN] Found an <index-see> or <index-see-also> reference to the term 'index-see1', but that term is not defined in the index.
    [junit] Testcase: keyref
    [junit] Testcase: keyref_All_tags
    [junit] [DOTX058W][WARN]: No glossary entry was found associated with key 'a' on term element. The build will try to determine the best display text and hover text for terms and abbreviations.  The location of this problem was at (File = /home/travis/build/dita-ot/dita-ot/src/test/testsuite/testcase/keyref_All_tags/src/c.dita, Element = term:2;25:57)
    [junit] Testcase: keyref_Keyword_links
    [junit] Testcase: keyref_Redirect_conref
    [junit] Testcase: keyref_Redirect_link_or_xref
    [junit] Testcase: keyref_Splitting_combining_targets
    [junit] Testcase: keyref_Swap_out_variable_content
    [junit] Testcase: keyref_modify
    [junit] [DOTX058W][WARN]: No glossary entry was found associated with key 'a' on term element. The build will try to determine the best display text and hover text for terms and abbreviations.  The location of this problem was at (File = /home/travis/build/dita-ot/dita-ot/src/test/testsuite/testcase/keyref_modify/src/c.dita, Element = term:2;25:57)
    [junit] Testcase: lang
    [junit] Testcase: subjectschema_case
    [junit] Testcase: uplevels
    [junit] ------------- ---------------- ---------------
    [junit] 
    [junit] Testcase: test[0] took 5.993 sec
    [junit] Testcase: test[1] took 2.048 sec
    [junit] Testcase: test[2] took 1.479 sec
    [junit] Testcase: test[3] took 1.622 sec
    [junit] Testcase: test[4] took 1.234 sec
    [junit] Testcase: test[5] took 1.155 sec
    [junit] Testcase: test[6] took 1.231 sec
    [junit] Testcase: test[7] took 1.192 sec
    [junit] Testcase: test[8] took 1.263 sec
    [junit] Testcase: test[9] took 1.342 sec
    [junit] Testcase: test[10] took 4.41 sec
    [junit] Testcase: test[11] took 0.409 sec
    [junit] Testcase: test[12] took 0.76 sec
    [junit] Testcase: test[13] took 0.859 sec
    [junit] Testcase: test[14] took 0.628 sec
    [junit] Testcase: test[15] took 0.884 sec
    [junit] Testcase: test[16] took 0.898 sec
    [junit] Testcase: test[17] took 0.581 sec
    [junit] Testcase: test[18] took 4.566 sec
    [junit] Testcase: test[19] took 13.076 sec
    [junit] Testcase: test[20] took 1.013 sec
    [junit] Testcase: test[21] took 7.461 sec
    [junit] Testcase: test[22] took 0.657 sec
    [junit] Testcase: test[23] took 0.784 sec
    [junit] Testcase: test[24] took 0.462 sec
    [junit] Testcase: test[25] took 9.176 sec
    [junit] Testcase: test[26] took 0.662 sec
    [junit] Testcase: test[27] took 3.217 sec
    [junit] Testcase: test[28] took 0.758 sec
    [junit] Testcase: test[29] took 1.209 sec
    [junit] Testcase: test[30] took 0.934 sec
    [junit] Testcase: test[31] took 1.958 sec
    [junit] Testcase: test[32] took 5.422 sec
    [junit] Testcase: test[33] took 2.35 sec
    [junit] Testcase: test[34] took 0.743 sec
    [junit] Testcase: test[35] took 1.176 sec
    [junit] Testcase: test[36] took 35.355 sec
    [junit] Testcase: test[37] took 1.891 sec
    [junit] Testcase: test[38] took 3.38 sec

BUILD SUCCESSFUL
Total time: 3 minutes 30 seconds

travis_time:end:0b342c61:start=1479264963723394756,finish=1479265175494705395,duration=211771310639[0K
[32;1mThe command "ant test integration-test" exited with 0.[0m

Done. Your build exited with 0.
