travis_fold:start:system_info[0K[33;1mBuild system information[0m
Build language: python
Build id: ''
Job id: ''
[34m[1mBuild image provisioning date and time[0m
Thu Feb  5 15:09:33 UTC 2015
[34m[1mOperating System Details[0m
Distributor ID:	Ubuntu
Description:	Ubuntu 12.04.5 LTS
Release:	12.04
Codename:	precise
[34m[1mLinux Version[0m
3.13.0-29-generic
[34m[1mCookbooks Version[0m
a68419e https://github.com/travis-ci/travis-cookbooks/tree/a68419e
[34m[1mGCC version[0m
gcc (Ubuntu/Linaro 4.6.3-1ubuntu5) 4.6.3
Copyright (C) 2011 Free Software Foundation, Inc.
This is free software; see the source for copying conditions.  There is NO
warranty; not even for MERCHANTABILITY or FITNESS FOR A PARTICULAR PURPOSE.

[34m[1mLLVM version[0m
clang version 3.4 (tags/RELEASE_34/final)
Target: x86_64-unknown-linux-gnu
Thread model: posix
[34m[1mPre-installed Ruby versions[0m
ruby-1.9.3-p551
[34m[1mPre-installed Node.js versions[0m
v0.10.36
[34m[1mPre-installed Go versions[0m
1.4.1
[34m[1mRedis version[0m
redis-server 2.8.19
[34m[1mriak version[0m
2.0.2
[34m[1mMongoDB version[0m
MongoDB 2.4.12
[34m[1mCouchDB version[0m
couchdb 1.6.1
[34m[1mNeo4j version[0m
1.9.4
[34m[1mRabbitMQ Version[0m
3.4.3
[34m[1mElasticSearch version[0m
1.4.0
[34m[1mInstalled Sphinx versions[0m
2.0.10
2.1.9
2.2.6
[34m[1mDefault Sphinx version[0m
2.2.6
[34m[1mInstalled Firefox version[0m
firefox 31.0esr
[34m[1mPhantomJS version[0m
1.9.8
[34m[1mant -version[0m
Apache Ant(TM) version 1.8.2 compiled on December 3 2011
[34m[1mmvn -version[0m
Apache Maven 3.2.5 (12a6b3acb947671f09b81f49094c53f426d8cea1; 2014-12-14T17:29:23+00:00)
Maven home: /usr/local/maven
Java version: 1.7.0_76, vendor: Oracle Corporation
Java home: /usr/lib/jvm/java-7-oracle/jre
Default locale: en_US, platform encoding: ANSI_X3.4-1968
OS name: "linux", version: "3.13.0-29-generic", arch: "amd64", family: "unix"
travis_fold:end:system_info[0K
sed: cannot rename /etc/hosts: Device or resource busy
sed: cannot rename /etc/hosts: Device or resource busy
$ cd bartdag/py4j
python/2.7.9
/opt/python/2.7.9/bin/
/home/travis/bin:/home/travis/.local/bin:/home/travis/.rvm/gems/ruby-1.9.3-p551/bin:/home/travis/.rvm/gems/ruby-1.9.3-p551@global/bin:/home/travis/.rvm/rubies/ruby-1.9.3-p551/bin:/opt/python/2.7.9/bin:/opt/python/2.6.9/bin:/opt/python/3.4.2/bin:/opt/python/3.3.5/bin:/opt/python/3.2.5/bin:/opt/python/pypy-2.5.0/bin:/opt/python/pypy3-2.4.0/bin:/usr/local/phantomjs/bin:/home/travis/.nvm/v0.10.36/bin:./node_modules/.bin:/usr/local/maven-3.2.5/bin:/usr/local/clang-3.4/bin:/home/travis/.gimme/versions/go1.4.1.linux.amd64/bin:/usr/local/sbin:/usr/local/bin:/usr/sbin:/usr/bin:/sbin:/bin:/home/travis/.rvm/bin
The directory '/home/travis/.cache/pip/log' or its parent directory is not owned by the current user and the debug log has been disabled. Please check the permissions and owner of that directory. If executing pip with sudo, you may want the -H flag.
The directory '/home/travis/.cache/pip/http' or its parent directory is not owned by the current user and the cache has been disabled. Please check the permissions and owner of that directory. If executing pip with sudo, you may want the -H flag.
You are using pip version 6.0.8, however version 9.0.1 is available.
You should consider upgrading via the 'pip install --upgrade pip' command.
The directory '/home/travis/.cache/pip/http' or its parent directory is not owned by the current user and the cache has been disabled. Please check the permissions and owner of that directory. If executing pip with sudo, you may want the -H flag.
You are using pip version 6.0.8, however version 9.0.1 is available.
You should consider upgrading via the 'pip install --upgrade pip' command.
  Exception:
  Traceback (most recent call last):
    File "/opt/python/2.7.9/lib/python2.7/site-packages/pip/basecommand.py", line 232, in main
      status = self.run(options, args)
    File "/opt/python/2.7.9/lib/python2.7/site-packages/pip/commands/install.py", line 347, in run
      root=options.root_path,
    File "/opt/python/2.7.9/lib/python2.7/site-packages/pip/req/req_set.py", line 549, in install
      **kwargs
    File "/opt/python/2.7.9/lib/python2.7/site-packages/pip/req/req_install.py", line 754, in install
      self.move_wheel_files(self.source_dir, root=root)
    File "/opt/python/2.7.9/lib/python2.7/site-packages/pip/req/req_install.py", line 963, in move_wheel_files
      isolated=self.isolated,
    File "/opt/python/2.7.9/lib/python2.7/site-packages/pip/wheel.py", line 234, in move_wheel_files
      clobber(source, lib_dir, True)
    File "/opt/python/2.7.9/lib/python2.7/site-packages/pip/wheel.py", line 212, in clobber
      shutil.copyfile(srcfile, destfile)
    File "/opt/python/2.7.9/lib/python2.7/shutil.py", line 83, in copyfile
      with open(dst, 'wb') as fdst:
  IOError: [Errno 13] Permission denied: '/opt/python/2.7.9/lib/python2.7/site-packages/six.pyc'

New python executable in ./python2.7/bin/python2.7
Also creating executable in ./python2.7/bin/python
Installing setuptools, pip...done.
Running virtualenv with interpreter /opt/python/2.7.9/bin//python2.7
travis_time:start:2fa70ec0[0K$ source ./python2.7/bin/activate

travis_time:end:2fa70ec0:start=1479459258448687035,finish=1479459258455932301,duration=7245266[0K$ python --version
Python 2.7.9
$ pip --version
pip 6.0.7 from /home/travis/build/bartdag/py4j/virtualenv/python2.7/lib/python2.7/site-packages (python 2.7)
travis_fold:start:before_install.1[0Ktravis_time:start:017f48c0[0K$ sudo apt-get update -qq
W: Size of file /var/lib/apt/lists/ppa.launchpad.net_travis-ci_zero-mq_ubuntu_dists_precise_main_binary-amd64_Packages.gz is not what the server reported 832 1195
W: Size of file /var/lib/apt/lists/ppa.launchpad.net_ubuntugis_ppa_ubuntu_dists_precise_main_binary-amd64_Packages.gz is not what the server reported 33653 36677
W: Size of file /var/lib/apt/lists/us.archive.ubuntu.com_ubuntu_dists_precise-updates_restricted_binary-amd64_Packages.gz is not what the server reported 19576 20785
W: Size of file /var/lib/apt/lists/ppa.launchpad.net_ubuntugis_ppa_ubuntu_dists_precise_main_binary-i386_Packages.gz is not what the server reported 33699 36733
W: Size of file /var/lib/apt/lists/us.archive.ubuntu.com_ubuntu_dists_precise-updates_restricted_binary-i386_Packages.gz is not what the server reported 19521 20707
W: Size of file /var/lib/apt/lists/us.archive.ubuntu.com_ubuntu_dists_precise-backports_multiverse_source_Sources.gz is not what the server reported 5886 5888
W: Size of file /var/lib/apt/lists/security.ubuntu.com_ubuntu_dists_precise-security_restricted_binary-amd64_Packages.gz is not what the server reported 13782 14904
W: Size of file /var/lib/apt/lists/security.ubuntu.com_ubuntu_dists_precise-security_restricted_binary-i386_Packages.gz is not what the server reported 13751 14885

travis_time:end:017f48c0:start=1479459258813631907,finish=1479459264881934187,duration=6068302280[0Ktravis_fold:end:before_install.1[0Ktravis_fold:start:before_install.2[0Ktravis_time:start:1cccdaaf[0K$ sudo apt-get install -qq openjdk-7-jre-headless ant
Selecting previously unselected package libasyncns0.
(Reading database ... 72431 files and directories currently installed.)
Unpacking libasyncns0 (from .../libasyncns0_0.8-4_amd64.deb) ...
Selecting previously unselected package libflac8.
Unpacking libflac8 (from .../libflac8_1.2.1-6ubuntu0.1_amd64.deb) ...
Selecting previously unselected package libvorbisenc2.
Unpacking libvorbisenc2 (from .../libvorbisenc2_1.3.2-1ubuntu3_amd64.deb) ...
Selecting previously unselected package libsndfile1.
Unpacking libsndfile1 (from .../libsndfile1_1.0.25-4ubuntu0.1_amd64.deb) ...
Selecting previously unselected package libpulse0.
Unpacking libpulse0 (from .../libpulse0_1%3a1.1-0ubuntu15.4_amd64.deb) ...
Selecting previously unselected package openjdk-7-jre-headless.
Unpacking openjdk-7-jre-headless (from .../openjdk-7-jre-headless_7u121-2.6.8-1ubuntu0.12.04.1_amd64.deb) ...
Setting up libasyncns0 (0.8-4) ...
Setting up libflac8 (1.2.1-6ubuntu0.1) ...
Setting up libvorbisenc2 (1.3.2-1ubuntu3) ...
Setting up libsndfile1 (1.0.25-4ubuntu0.1) ...
Setting up libpulse0 (1:1.1-0ubuntu15.4) ...
Setting up openjdk-7-jre-headless (7u121-2.6.8-1ubuntu0.12.04.1) ...
FATAL: Could not load /lib/modules/4.4.0-31-generic/modules.dep: No such file or directory
update-binfmts: warning: Couldn't load the binfmt_misc module.
Processing triggers for libc-bin ...
ldconfig deferred processing now taking place

travis_time:end:1cccdaaf:start=1479459264891499912,finish=1479459274357114265,duration=9465614353[0Ktravis_fold:end:before_install.2[0KCould not locate requirements.txt. Override the install: key in your .travis.yml to install dependencies.
travis_time:start:002e2942[0K$ cd py4j-java && ant jar && ant java-test && python --version && cd ../py4j-python && nosetests -w src -c nose.cfg
Buildfile: /home/travis/build/bartdag/py4j/py4j-java/build.xml

init:
    [mkdir] Created dir: /home/travis/build/bartdag/py4j/py4j-java/bin
    [mkdir] Created dir: /home/travis/build/bartdag/py4j/py4j-java/junit

build:
     [echo] py4j: /home/travis/build/bartdag/py4j/py4j-java/build.xml
    [javac] /home/travis/build/bartdag/py4j/py4j-java/build.xml:117: warning: 'includeantruntime' was not set, defaulting to build.sysclasspath=last; set to false for repeatable builds
    [javac] Compiling 41 source files to /home/travis/build/bartdag/py4j/py4j-java/bin
    [javac] /home/travis/build/bartdag/py4j/py4j-java/build.xml:121: warning: 'includeantruntime' was not set, defaulting to build.sysclasspath=last; set to false for repeatable builds
    [javac] Compiling 55 source files to /home/travis/build/bartdag/py4j/py4j-java/bin

jar:
      [jar] Building jar: /home/travis/build/bartdag/py4j/py4j-java/py4j0.8.jar

BUILD SUCCESSFUL
Total time: 2 seconds
Buildfile: /home/travis/build/bartdag/py4j/py4j-java/build.xml

init:

build:
     [echo] py4j: /home/travis/build/bartdag/py4j/py4j-java/build.xml
    [javac] /home/travis/build/bartdag/py4j/py4j-java/build.xml:117: warning: 'includeantruntime' was not set, defaulting to build.sysclasspath=last; set to false for repeatable builds
    [javac] /home/travis/build/bartdag/py4j/py4j-java/build.xml:121: warning: 'includeantruntime' was not set, defaulting to build.sysclasspath=last; set to false for repeatable builds

java-test:
    [junit] Running py4j.BufferGatewayTest
    [junit] Testsuite: py4j.BufferGatewayTest
    [junit] Tests run: 1, Failures: 0, Errors: 0, Time elapsed: 0.34 sec
    [junit] Tests run: 1, Failures: 0, Errors: 0, Time elapsed: 0.34 sec
    [junit] 
    [junit] Running py4j.EchoClientTest
    [junit] Testsuite: py4j.EchoClientTest
    [junit] Tests run: 1, Failures: 0, Errors: 0, Time elapsed: 0.294 sec
    [junit] Tests run: 1, Failures: 0, Errors: 0, Time elapsed: 0.294 sec
    [junit] 
    [junit] ------------- Standard Output ---------------
    [junit] EchoServer started...
    [junit] Waiting for echo input.
    [junit] Echo received: yi7
    [junit] Waiting for echo input.
    [junit] Echo received: x
    [junit] Waiting for echo input.
    [junit] Echo received: null
    [junit] Reading commands
    [junit] Received temp: c
    [junit] Received temp: g
    [junit] Received temp: getExample
    [junit] Received temp: e
    [junit] yi7
    [junit] Reading commands
    [junit] Received temp: c
    [junit] Received temp: o1
    [junit] Received temp: method1
    [junit] Received temp: i1
    [junit] Received temp: btrue
    [junit] Received temp: e
    [junit] x
    [junit] Reading commands
    [junit] Received temp: null
    [junit] ------------- ---------------- ---------------
    [junit] Running py4j.EchoServerTest
    [junit] Testsuite: py4j.EchoServerTest
    [junit] Tests run: 1, Failures: 0, Errors: 0, Time elapsed: 0.53 sec
    [junit] Tests run: 1, Failures: 0, Errors: 0, Time elapsed: 0.53 sec
    [junit] 
    [junit] ------------- Standard Output ---------------
    [junit] EchoServer started...
    [junit] Waiting for echo input.
    [junit] Echo received: yi7
    [junit] Waiting for echo input.
    [junit] Echo received: x
    [junit] Waiting for echo input.
    [junit] Echo received: null
    [junit] Reading commands
    [junit] Received temp: c
    [junit] Received temp: t
    [junit] Received temp: getExample
    [junit] Received temp: e
    [junit] yi7
    [junit] Reading commands
    [junit] Received temp: c
    [junit] Received temp: o0
    [junit] Received temp: method1
    [junit] Received temp: i1
    [junit] Received temp: btrue
    [junit] Received temp: e
    [junit] x
    [junit] Reading commands
    [junit] Received temp: null
    [junit] ------------- ---------------- ---------------
    [junit] Running py4j.GatewayServerTest
    [junit] Testsuite: py4j.GatewayServerTest
    [junit] Tests run: 3, Failures: 0, Errors: 0, Time elapsed: 0.8 sec
    [junit] Tests run: 3, Failures: 0, Errors: 0, Time elapsed: 0.8 sec
    [junit] 
    [junit] Running py4j.GatewayTest
    [junit] Testsuite: py4j.GatewayTest
    [junit] Tests run: 9, Failures: 0, Errors: 0, Time elapsed: 0.048 sec
    [junit] Tests run: 9, Failures: 0, Errors: 0, Time elapsed: 0.048 sec
    [junit] 
    [junit] Running py4j.ProtocolTest
    [junit] Testsuite: py4j.ProtocolTest
    [junit] Tests run: 13, Failures: 0, Errors: 0, Time elapsed: 0.069 sec
    [junit] Tests run: 13, Failures: 0, Errors: 0, Time elapsed: 0.069 sec
    [junit] 
    [junit] Running py4j.ProxyTest
    [junit] Testsuite: py4j.ProxyTest
    [junit] Tests run: 3, Failures: 0, Errors: 0, Time elapsed: 1.763 sec
    [junit] Tests run: 3, Failures: 0, Errors: 0, Time elapsed: 1.763 sec
    [junit] 
    [junit] Running py4j.StringUtilTest
    [junit] Testsuite: py4j.StringUtilTest
    [junit] Tests run: 5, Failures: 0, Errors: 0, Time elapsed: 0.019 sec
    [junit] Tests run: 5, Failures: 0, Errors: 0, Time elapsed: 0.019 sec
    [junit] 
    [junit] Running py4j.commands.ArrayCommandTest
    [junit] Testsuite: py4j.commands.ArrayCommandTest
    [junit] Tests run: 6, Failures: 0, Errors: 0, Time elapsed: 0.034 sec
    [junit] Tests run: 6, Failures: 0, Errors: 0, Time elapsed: 0.034 sec
    [junit] 
    [junit] Running py4j.commands.CallCommandTest
    [junit] Testsuite: py4j.commands.CallCommandTest
    [junit] Tests run: 13, Failures: 0, Errors: 0, Time elapsed: 0.084 sec
    [junit] Tests run: 13, Failures: 0, Errors: 0, Time elapsed: 0.084 sec
    [junit] 
    [junit] ------------- Standard Error -----------------
    [junit] Nov 18, 2016 8:54:47 AM py4j.reflection.ReflectionEngine getMethod
    [junit] WARNING: Method valueOf2([class java.lang.Integer]) does not exist
    [junit] Nov 18, 2016 8:54:47 AM py4j.reflection.ReflectionEngine getMethod
    [junit] WARNING: Method method1aa([]) does not exist
    [junit] Nov 18, 2016 8:54:47 AM py4j.reflection.MethodInvoker invoke
    [junit] WARNING: Exception occurred in client code.
    [junit] java.lang.reflect.InvocationTargetException
    [junit] 	at sun.reflect.NativeMethodAccessorImpl.invoke0(Native Method)
    [junit] 	at sun.reflect.NativeMethodAccessorImpl.invoke(NativeMethodAccessorImpl.java:57)
    [junit] 	at sun.reflect.DelegatingMethodAccessorImpl.invoke(DelegatingMethodAccessorImpl.java:43)
    [junit] 	at java.lang.reflect.Method.invoke(Method.java:606)
    [junit] 	at py4j.reflection.MethodInvoker.invoke(MethodInvoker.java:231)
    [junit] 	at py4j.reflection.ReflectionEngine.invoke(ReflectionEngine.java:379)
    [junit] 	at py4j.Gateway.invoke(Gateway.java:259)
    [junit] 	at py4j.commands.AbstractCommand.invokeMethod(AbstractCommand.java:132)
    [junit] 	at py4j.commands.CallCommand.execute(CallCommand.java:79)
    [junit] 	at py4j.commands.CallCommandTest.testClientCodeException(CallCommandTest.java:118)
    [junit] 	at sun.reflect.NativeMethodAccessorImpl.invoke0(Native Method)
    [junit] 	at sun.reflect.NativeMethodAccessorImpl.invoke(NativeMethodAccessorImpl.java:57)
    [junit] 	at sun.reflect.DelegatingMethodAccessorImpl.invoke(DelegatingMethodAccessorImpl.java:43)
    [junit] 	at java.lang.reflect.Method.invoke(Method.java:606)
    [junit] 	at org.junit.runners.model.FrameworkMethod$1.runReflectiveCall(FrameworkMethod.java:45)
    [junit] 	at org.junit.internal.runners.model.ReflectiveCallable.run(ReflectiveCallable.java:15)
    [junit] 	at org.junit.runners.model.FrameworkMethod.invokeExplosively(FrameworkMethod.java:42)
    [junit] 	at org.junit.internal.runners.statements.InvokeMethod.evaluate(InvokeMethod.java:20)
    [junit] 	at org.junit.internal.runners.statements.RunBefores.evaluate(RunBefores.java:28)
    [junit] 	at org.junit.internal.runners.statements.RunAfters.evaluate(RunAfters.java:30)
    [junit] 	at org.junit.runners.ParentRunner.runLeaf(ParentRunner.java:263)
    [junit] 	at org.junit.runners.BlockJUnit4ClassRunner.runChild(BlockJUnit4ClassRunner.java:68)
    [junit] 	at org.junit.runners.BlockJUnit4ClassRunner.runChild(BlockJUnit4ClassRunner.java:47)
    [junit] 	at org.junit.runners.ParentRunner$3.run(ParentRunner.java:231)
    [junit] 	at org.junit.runners.ParentRunner$1.schedule(ParentRunner.java:60)
    [junit] 	at org.junit.runners.ParentRunner.runChildren(ParentRunner.java:229)
    [junit] 	at org.junit.runners.ParentRunner.access$000(ParentRunner.java:50)
    [junit] 	at org.junit.runners.ParentRunner$2.evaluate(ParentRunner.java:222)
    [junit] 	at org.junit.runners.ParentRunner.run(ParentRunner.java:300)
    [junit] 	at junit.framework.JUnit4TestAdapter.run(JUnit4TestAdapter.java:39)
    [junit] 	at org.apache.tools.ant.taskdefs.optional.junit.JUnitTestRunner.run(JUnitTestRunner.java:518)
    [junit] 	at org.apache.tools.ant.taskdefs.optional.junit.JUnitTestRunner.launch(JUnitTestRunner.java:1052)
    [junit] 	at org.apache.tools.ant.taskdefs.optional.junit.JUnitTestRunner.main(JUnitTestRunner.java:906)
    [junit] Caused by: java.lang.NumberFormatException: For input string: "allo"
    [junit] 	at java.lang.NumberFormatException.forInputString(NumberFormatException.java:65)
    [junit] 	at java.lang.Integer.parseInt(Integer.java:492)
    [junit] 	at java.lang.Integer.valueOf(Integer.java:582)
    [junit] 	... 33 more
    [junit] 
    [junit] ------------- ---------------- ---------------
    [junit] Running py4j.commands.ConstructorCommandTest
    [junit] Testsuite: py4j.commands.ConstructorCommandTest
    [junit] Tests run: 4, Failures: 0, Errors: 0, Time elapsed: 0.06 sec
    [junit] Tests run: 4, Failures: 0, Errors: 0, Time elapsed: 0.06 sec
    [junit] 
    [junit] ------------- Standard Error -----------------
    [junit] Nov 18, 2016 8:54:48 AM py4j.reflection.ReflectionEngine getConstructor
    [junit] WARNING: Constructor py4j.examples.Stack([class java.lang.Integer]) does not exist
    [junit] ------------- ---------------- ---------------
    [junit] Running py4j.commands.ExceptionCommandTest
    [junit] Testsuite: py4j.commands.ExceptionCommandTest
    [junit] Tests run: 1, Failures: 0, Errors: 0, Time elapsed: 0.032 sec
    [junit] Tests run: 1, Failures: 0, Errors: 0, Time elapsed: 0.032 sec
    [junit] 
    [junit] ------------- Standard Output ---------------
    [junit] DEBUG!!!ysjava.lang.RuntimeException: Hello World\n	at py4j.commands.ExceptionCommandTest.testException(ExceptionCommandTest.java:42)\n	at sun.reflect.NativeMethodAccessorImpl.invoke0(Native Method)\n	at sun.reflect.NativeMethodAccessorImpl.invoke(NativeMethodAccessorImpl.java:57)\n	at sun.reflect.DelegatingMethodAccessorImpl.invoke(DelegatingMethodAccessorImpl.java:43)\n	at java.lang.reflect.Method.invoke(Method.java:606)\n	at org.junit.runners.model.FrameworkMethod$1.runReflectiveCall(FrameworkMethod.java:45)\n	at org.junit.internal.runners.model.ReflectiveCallable.run(ReflectiveCallable.java:15)\n	at org.junit.runners.model.FrameworkMethod.invokeExplosively(FrameworkMethod.java:42)\n	at org.junit.internal.runners.statements.InvokeMethod.evaluate(InvokeMethod.java:20)\n	at org.junit.internal.runners.statements.RunBefores.evaluate(RunBefores.java:28)\n	at org.junit.internal.runners.statements.RunAfters.evaluate(RunAfters.java:30)\n	at org.junit.runners.ParentRunner.runLeaf(ParentRunner.java:263)\n	at org.junit.runners.BlockJUnit4ClassRunner.runChild(BlockJUnit4ClassRunner.java:68)\n	at org.junit.runners.BlockJUnit4ClassRunner.runChild(BlockJUnit4ClassRunner.java:47)\n	at org.junit.runners.ParentRunner$3.run(ParentRunner.java:231)\n	at org.junit.runners.ParentRunner$1.schedule(ParentRunner.java:60)\n	at org.junit.runners.ParentRunner.runChildren(ParentRunner.java:229)\n	at org.junit.runners.ParentRunner.access$000(ParentRunner.java:50)\n	at org.junit.runners.ParentRunner$2.evaluate(ParentRunner.java:222)\n	at org.junit.runners.ParentRunner.run(ParentRunner.java:300)\n	at junit.framework.JUnit4TestAdapter.run(JUnit4TestAdapter.java:39)\n	at org.apache.tools.ant.taskdefs.optional.junit.JUnitTestRunner.run(JUnitTestRunner.java:518)\n	at org.apache.tools.ant.taskdefs.optional.junit.JUnitTestRunner.launch(JUnitTestRunner.java:1052)\n	at org.apache.tools.ant.taskdefs.optional.junit.JUnitTestRunner.main(JUnitTestRunner.java:906)\n
    [junit] 
    [junit] ------------- ---------------- ---------------
    [junit] Running py4j.commands.FieldCommandTest
    [junit] Testsuite: py4j.commands.FieldCommandTest
    [junit] Tests run: 8, Failures: 0, Errors: 0, Time elapsed: 0.036 sec
    [junit] Tests run: 8, Failures: 0, Errors: 0, Time elapsed: 0.036 sec
    [junit] 
    [junit] Running py4j.commands.HelpPageCommandTest
    [junit] Testsuite: py4j.commands.HelpPageCommandTest
    [junit] Tests run: 3, Failures: 0, Errors: 0, Time elapsed: 0.051 sec
    [junit] Tests run: 3, Failures: 0, Errors: 0, Time elapsed: 0.051 sec
    [junit] 
    [junit] ------------- Standard Output ---------------
    [junit] ysHelp on class ExampleClass in package py4j.examples:\n\npy4j.examples.ExampleClass {\n|  \n|  Methods defined here:\n|  \n|  callHello(py4j.examples.IHello) : java.lang.String\n|  \n|  callHello2(py4j.examples.IHello) : java.lang.String\n|  \n|  getField1() : int\n|  \n|  getIntArray() : int[]\n|  \n|  getList(int) : java.util.List\n|  \n|  getStringArray() : java.lang.Object[]\n|  \n|  method1() : int\n|  \n|  method10(int, int) : java.math.BigDecimal\n|  \n|  method10(int) : java.math.BigInteger\n|  \n|  method10(java.math.BigDecimal) : java.math.BigDecimal\n|  \n|  method11(java.math.BigInteger) : java.math.BigInteger\n|  \n|  method2(java.lang.String) : void\n|  \n|  method3(int, boolean) : java.lang.String\n|  \n|  method4(java.lang.String) : py4j.examples.ExampleClass\n|  \n|  method4(char) : py4j.examples.ExampleClass\n|  \n|  method5(py4j.examples.ExampleClass) : int\n|  \n|  method6(char) : py4j.examples.ExampleClass\n|  \n|  method7(int) : int\n|  \n|  method7(long) : int\n|  \n|  method7(java.lang.Object) : int\n|  \n|  method7(java.lang.String) : int\n|  \n|  method8(long) : long\n|  \n|  method9(java.lang.Long) : java.lang.Long\n|  \n|  setField1(int) : void\n|  \n|  ------------------------------------------------------------\n|  Fields defined here:\n|  \n|  field10 : int\n|  \n|  field11 : long\n|  \n|  field20 : java.lang.StringBuffer\n|  \n|  field21 : java.lang.StringBuffer\n|  \n|  ------------------------------------------------------------\n|  Internal classes defined here:\n|  \n}
    [junit] 
    [junit] ysHelp on class ExampleClass in package py4j.examples:\n\npy4j.examples.ExampleClass {\n|  \n|  Methods defined here:\n|  \n|  method1() : int\n|  \n|  method10(int, int) : java.math.BigDecimal\n|  \n|  method10(int) : java.math.BigInteger\n|  \n|  method10(java.math.BigDecimal) : java.math.BigDecimal\n|  \n|  method11(java.math.BigInteger) : java.math.BigInteger\n|  \n|  method2(java.lang.String) : void\n|  \n|  method3(int, boolean) : java.lang.String\n|  \n|  method4(java.lang.String) : py4j.examples.ExampleClass\n|  \n|  method4(char) : py4j.examples.ExampleClass\n|  \n|  method5(py4j.examples.ExampleClass) : int\n|  \n|  method6(char) : py4j.examples.ExampleClass\n|  \n|  method7(int) : int\n|  \n|  method7(long) : int\n|  \n|  method7(java.lang.Object) : int\n|  \n|  method7(java.lang.String) : int\n|  \n|  method8(long) : long\n|  \n|  method9(java.lang.Long) : java.lang.Long\n|  \n|  ------------------------------------------------------------\n|  Fields defined here:\n|  \n|  ------------------------------------------------------------\n|  Internal classes defined here:\n|  \n}
    [junit] 
    [junit] ysHelp on class String in package java.lang:\n\njava.lang.String implements java.io.Serializable, java.lang.Comparable, java.lang.CharSequence {\n|  \n|  Methods defined here:\n|  \n|  charAt(int) : char\n|  \n|  codePointAt(int) : int\n|  \n|  codePointBefore(int) : int\n|  \n|  codePointCount(int, int) : int\n|  \n|  compareTo(java.lang.Object) : int\n|  \n|  compareTo(java.lang.String) : int\n|  \n|  compareToIgnoreCase(java.lang.String) : int\n|  \n|  concat(java.lang.String) : java.lang.String\n|  \n|  contains(java.lang.CharSequence) : boolean\n|  \n|  contentEquals(java.lang.StringBuffer) : boolean\n|  \n|  contentEquals(java.lang.CharSequence) : boolean\n|  \n|  copyValueOf(char[], int, int) : java.lang.String\n|  \n|  copyValueOf(char[]) : java.lang.String\n|  \n|  endsWith(java.lang.String) : boolean\n|  \n|  equals(java.lang.Object) : boolean\n|  \n|  equalsIgnoreCase(java.lang.String) : boolean\n|  \n|  format(java.util.Locale, java.lang.String, java.lang.Object[]) : java.lang.String\n|  \n|  format(java.lang.String, java.lang.Object[]) : java.lang.String\n|  \n|  getBytes() : byte[]\n|  \n|  getBytes(java.lang.String) : byte[]\n|  \n|  getBytes(int, int, byte[], int) : void\n|  \n|  getBytes(java.nio.charset.Charset) : byte[]\n|  \n|  getChars(int, int, char[], int) : void\n|  \n|  hashCode() : int\n|  \n|  indexOf(java.lang.String, int) : int\n|  \n|  indexOf(int) : int\n|  \n|  indexOf(int, int) : int\n|  \n|  indexOf(java.lang.String) : int\n|  \n|  intern() : java.lang.String\n|  \n|  isEmpty() : boolean\n|  \n|  lastIndexOf(int) : int\n|  \n|  lastIndexOf(int, int) : int\n|  \n|  lastIndexOf(java.lang.String, int) : int\n|  \n|  lastIndexOf(java.lang.String) : int\n|  \n|  length() : int\n|  \n|  matches(java.lang.String) : boolean\n|  \n|  offsetByCodePoints(int, int) : int\n|  \n|  regionMatches(int, java.lang.String, int, int) : boolean\n|  \n|  regionMatches(boolean, int, java.lang.String, int, int) : boolean\n|  \n|  replace(char, char) : java.lang.String\n|  \n|  replace(java.lang.CharSequence, java.lang.CharSequence) : java.lang.String\n|  \n|  replaceAll(java.lang.String, java.lang.String) : java.lang.String\n|  \n|  replaceFirst(java.lang.String, java.lang.String) : java.lang.String\n|  \n|  split(java.lang.String) : java.lang.String[]\n|  \n|  split(java.lang.String, int) : java.lang.String[]\n|  \n|  startsWith(java.lang.String) : boolean\n|  \n|  startsWith(java.lang.String, int) : boolean\n|  \n|  subSequence(int, int) : java.lang.CharSequence\n|  \n|  substring(int, int) : java.lang.String\n|  \n|  substring(int) : java.lang.String\n|  \n|  toCharArray() : char[]\n|  \n|  toLowerCase() : java.lang.String\n|  \n|  toLowerCase(java.util.Locale) : java.lang.String\n|  \n|  toString() : java.lang.String\n|  \n|  toUpperCase(java.util.Locale) : java.lang.String\n|  \n|  toUpperCase() : java.lang.String\n|  \n|  trim() : java.lang.String\n|  \n|  valueOf(float) : java.lang.String\n|  \n|  valueOf(double) : java.lang.String\n|  \n|  valueOf(boolean) : java.lang.String\n|  \n|  valueOf(char[], int, int) : java.lang.String\n|  \n|  valueOf(char[]) : java.lang.String\n|  \n|  valueOf(java.lang.Object) : java.lang.String\n|  \n|  valueOf(char) : java.lang.String\n|  \n|  valueOf(int) : java.lang.String\n|  \n|  valueOf(long) : java.lang.String\n|  \n|  ------------------------------------------------------------\n|  Fields defined here:\n|  \n|  CASE_INSENSITIVE_ORDER : java.util.Comparator\n|  \n|  ------------------------------------------------------------\n|  Internal classes defined here:\n|  \n}
    [junit] 
    [junit] ------------- ---------------- ---------------
    [junit] Running py4j.commands.JVMViewCommandTest
    [junit] Testsuite: py4j.commands.JVMViewCommandTest
    [junit] Tests run: 1, Failures: 0, Errors: 0, Time elapsed: 0.033 sec
    [junit] Tests run: 1, Failures: 0, Errors: 0, Time elapsed: 0.033 sec
    [junit] 
    [junit] Running py4j.commands.ListCommandTest
    [junit] Testsuite: py4j.commands.ListCommandTest
    [junit] Tests run: 13, Failures: 0, Errors: 0, Time elapsed: 0.045 sec
    [junit] Tests run: 13, Failures: 0, Errors: 0, Time elapsed: 0.045 sec
    [junit] 
    [junit] Running py4j.commands.MemoryCommandTest
    [junit] Testsuite: py4j.commands.MemoryCommandTest
    [junit] Tests run: 1, Failures: 0, Errors: 0, Time elapsed: 0.037 sec
    [junit] Tests run: 1, Failures: 0, Errors: 0, Time elapsed: 0.037 sec
    [junit] 
    [junit] Running py4j.commands.ReflectionCommandTest
    [junit] Testsuite: py4j.commands.ReflectionCommandTest
    [junit] Tests run: 2, Failures: 0, Errors: 0, Time elapsed: 0.04 sec
    [junit] Tests run: 2, Failures: 0, Errors: 0, Time elapsed: 0.04 sec
    [junit] 
    [junit] Running py4j.reflection.MethodDescriptorTest
    [junit] Testsuite: py4j.reflection.MethodDescriptorTest
    [junit] Tests run: 1, Failures: 0, Errors: 0, Time elapsed: 0.016 sec
    [junit] Tests run: 1, Failures: 0, Errors: 0, Time elapsed: 0.016 sec
    [junit] 
    [junit] Running py4j.reflection.MethodInvokerTest
    [junit] Testsuite: py4j.reflection.MethodInvokerTest
    [junit] Tests run: 5, Failures: 0, Errors: 0, Time elapsed: 0.045 sec
    [junit] Tests run: 5, Failures: 0, Errors: 0, Time elapsed: 0.045 sec
    [junit] 
    [junit] ------------- Standard Output ---------------
    [junit] Animal
    [junit] Meowing float 2.0
    [junit] Animal
    [junit] Animal
    [junit] Meowing float 2.0
    [junit] Meowing
    [junit] Meowing float 1.1
    [junit] ------------- ---------------- ---------------
    [junit] Running py4j.reflection.ReflectionEngineTest
    [junit] Testsuite: py4j.reflection.ReflectionEngineTest
    [junit] Tests run: 7, Failures: 0, Errors: 0, Time elapsed: 0.054 sec
    [junit] Tests run: 7, Failures: 0, Errors: 0, Time elapsed: 0.054 sec
    [junit] 
    [junit] ------------- Standard Output ---------------
    [junit] Animal
    [junit] Animal
    [junit] Animal
    [junit] ------------- ---------------- ---------------
    [junit] ------------- Standard Error -----------------
    [junit] Nov 18, 2016 8:54:55 AM py4j.reflection.ReflectionEngine getMethod
    [junit] WARNING: Method method3([class java.lang.Object]) does not exist
    [junit] Nov 18, 2016 8:54:55 AM py4j.reflection.ReflectionEngine getMethod
    [junit] WARNING: Method method2([class java.lang.Object, class java.lang.Object]) does not exist
    [junit] Nov 18, 2016 8:54:55 AM py4j.reflection.ReflectionEngine getMethod
    [junit] WARNING: Method method1([class java.lang.Object, class java.lang.Object, class java.lang.Object]) does not exist
    [junit] ------------- ---------------- ---------------
    [junit] Running py4j.reflection.TypeConverterTest
    [junit] Testsuite: py4j.reflection.TypeConverterTest
    [junit] Tests run: 4, Failures: 0, Errors: 0, Time elapsed: 0.02 sec
    [junit] Tests run: 4, Failures: 0, Errors: 0, Time elapsed: 0.02 sec
    [junit] 
    [junit] Running py4j.reflection.TypeUtilTest
    [junit] Testsuite: py4j.reflection.TypeUtilTest
    [junit] Tests run: 2, Failures: 0, Errors: 0, Time elapsed: 0.021 sec
    [junit] Tests run: 2, Failures: 0, Errors: 0, Time elapsed: 0.021 sec
    [junit] 

BUILD SUCCESSFUL
Total time: 19 seconds
Python 2.7.9
usr/local/bin/run.sh: line 57: nosetests: command not found

travis_time:end:002e2942:start=1479459274368487504,finish=1479459297183379001,duration=22814891497[0K
[31;1mThe command "cd py4j-java && ant jar && ant java-test && python --version && cd ../py4j-python && nosetests -w src -c nose.cfg" exited with 127.[0m

Done. Your build exited with 1.
