travis_fold:start:system_info[0K[33;1mBuild system information[0m
Build language: java
Build id: ''
Job id: ''
[34m[1mBuild image provisioning date and time[0m
Thu Feb  5 15:09:33 UTC 2015
[34m[1mOperating System Details[0m
Distributor ID:	Ubuntu
Description:	Ubuntu 12.04.5 LTS
Release:	12.04
Codename:	precise
[34m[1mLinux Version[0m
3.13.0-29-generic
[34m[1mCookbooks Version[0m
a68419e https://github.com/travis-ci/travis-cookbooks/tree/a68419e
[34m[1mGCC version[0m
gcc (Ubuntu/Linaro 4.6.3-1ubuntu5) 4.6.3
Copyright (C) 2011 Free Software Foundation, Inc.
This is free software; see the source for copying conditions.  There is NO
warranty; not even for MERCHANTABILITY or FITNESS FOR A PARTICULAR PURPOSE.

[34m[1mLLVM version[0m
clang version 3.4 (tags/RELEASE_34/final)
Target: x86_64-unknown-linux-gnu
Thread model: posix
[34m[1mPre-installed Ruby versions[0m
ruby-1.9.3-p551
[34m[1mPre-installed Node.js versions[0m
v0.10.36
[34m[1mPre-installed Go versions[0m
1.4.1
[34m[1mRedis version[0m
redis-server 2.8.19
[34m[1mriak version[0m
2.0.2
[34m[1mMongoDB version[0m
MongoDB 2.4.12
[34m[1mCouchDB version[0m
couchdb 1.6.1
[34m[1mNeo4j version[0m
1.9.4
[34m[1mRabbitMQ Version[0m
3.4.3
[34m[1mElasticSearch version[0m
1.4.0
[34m[1mInstalled Sphinx versions[0m
2.0.10
2.1.9
2.2.6
[34m[1mDefault Sphinx version[0m
2.2.6
[34m[1mInstalled Firefox version[0m
firefox 31.0esr
[34m[1mPhantomJS version[0m
1.9.8
[34m[1mant -version[0m
Apache Ant(TM) version 1.8.2 compiled on December 3 2011
[34m[1mmvn -version[0m
Apache Maven 3.2.5 (12a6b3acb947671f09b81f49094c53f426d8cea1; 2014-12-14T17:29:23+00:00)
Maven home: /usr/local/maven
Java version: 1.7.0_76, vendor: Oracle Corporation
Java home: /usr/lib/jvm/java-7-oracle/jre
Default locale: en_US, platform encoding: ANSI_X3.4-1968
OS name: "linux", version: "3.13.0-29-generic", arch: "amd64", family: "unix"
travis_fold:end:system_info[0K
sed: cannot rename /etc/hosts: Device or resource busy
sed: cannot rename /etc/hosts: Device or resource busy
$ cd jphp-compiler/jphp
$ jdk_switcher use oraclejdk7
Switching to Oracle JDK7 (java-7-oracle), JAVA_HOME will be set to /usr/lib/jvm/java-7-oracle
$ java -Xmx32m -version
java version "1.7.0_76"
Java(TM) SE Runtime Environment (build 1.7.0_76-b13)
Java HotSpot(TM) 64-Bit Server VM (build 24.76-b04, mixed mode)
$ javac -J-Xmx32m -version
javac 1.7.0_76
travis_fold:start:before_install[0Ktravis_time:start:1ac079bc[0K$ ant init-ivy
Buildfile: /home/travis/build/jphp-compiler/jphp/build.xml

download-ivy:
    [mkdir] Created dir: /home/travis/.ant/lib
      [get] Getting: http://repo2.maven.org/maven2/org/apache/ivy/ivy/2.3.0/ivy-2.3.0.jar
      [get] To: /home/travis/.ant/lib/ivy.jar

init-ivy:

BUILD SUCCESSFUL
Total time: 2 seconds

travis_time:end:1ac079bc:start=1479260083375347544,finish=1479260085736132725,duration=2360785181[0Ktravis_fold:end:before_install[0Ktravis_fold:start:install[0Ktravis_time:start:21c007d2[0K$ ant resolve
Buildfile: /home/travis/build/jphp-compiler/jphp/build.xml

resolve:
[ivy:retrieve] :: Apache Ivy 2.3.0 - 20130110142753 :: http://ant.apache.org/ivy/ ::
[ivy:retrieve] :: loading settings :: url = jar:file:/home/travis/.ant/lib/ivy.jar!/org/apache/ivy/core/settings/ivysettings.xml
[ivy:retrieve] :: resolving dependencies :: ru.regenix#JVM-PHP;working@842c9a508bd4
[ivy:retrieve] 	confs: [default]
[ivy:retrieve] 	found junit#junit;4.11 in public
[ivy:retrieve] 	found org.hamcrest#hamcrest-core;1.3 in public
[ivy:retrieve] 	found org.ow2.asm#asm;4.1 in public
[ivy:retrieve] 	found com.google.guava#guava;15.0 in public
[ivy:retrieve] 	found com.google.code.findbugs#jsr305;1.3.9 in public
[ivy:retrieve] 	found javax.inject#javax.inject;1 in public
[ivy:retrieve] downloading http://repo1.maven.org/maven2/junit/junit/4.11/junit-4.11-javadoc.jar ...
[ivy:retrieve] ........................................................ (370kB)
[ivy:retrieve] .. (0kB)
[ivy:retrieve] 	[SUCCESSFUL ] junit#junit;4.11!junit.jar(javadoc) (137ms)
[ivy:retrieve] downloading http://repo1.maven.org/maven2/junit/junit/4.11/junit-4.11.jar ...
[ivy:retrieve] ........... (239kB)
[ivy:retrieve] .. (0kB)
[ivy:retrieve] 	[SUCCESSFUL ] junit#junit;4.11!junit.jar (398ms)
[ivy:retrieve] downloading http://repo1.maven.org/maven2/junit/junit/4.11/junit-4.11-sources.jar ...
[ivy:retrieve] ....... (147kB)
[ivy:retrieve] .. (0kB)
[ivy:retrieve] 	[SUCCESSFUL ] junit#junit;4.11!junit.jar(source) (223ms)
[ivy:retrieve] downloading http://repo1.maven.org/maven2/org/ow2/asm/asm/4.1/asm-4.1-sources.jar ...
[ivy:retrieve] ................................. (960kB)
[ivy:retrieve] .. (0kB)
[ivy:retrieve] 	[SUCCESSFUL ] org.ow2.asm#asm;4.1!asm.jar(source) (1101ms)
[ivy:retrieve] downloading http://repo1.maven.org/maven2/org/ow2/asm/asm/4.1/asm-4.1-javadoc.jar ...
[ivy:retrieve] ......................................................................................................... (1483kB)
[ivy:retrieve] .. (0kB)
[ivy:retrieve] 	[SUCCESSFUL ] org.ow2.asm#asm;4.1!asm.jar(javadoc) (149ms)
[ivy:retrieve] downloading http://repo1.maven.org/maven2/org/ow2/asm/asm/4.1/asm-4.1.jar ...
[ivy:retrieve] ..... (46kB)
[ivy:retrieve] .. (0kB)
[ivy:retrieve] 	[SUCCESSFUL ] org.ow2.asm#asm;4.1!asm.jar (33ms)
[ivy:retrieve] downloading http://repo1.maven.org/maven2/com/google/guava/guava/15.0/guava-15.0-javadoc.jar ...
[ivy:retrieve] .......................................................................................................................................................................................................................................................................................................................................................................... (4941kB)
[ivy:retrieve] .. (0kB)
[ivy:retrieve] 	[SUCCESSFUL ] com.google.guava#guava;15.0!guava.jar(javadoc) (272ms)
[ivy:retrieve] downloading http://repo1.maven.org/maven2/com/google/guava/guava/15.0/guava-15.0-sources.jar ...
[ivy:retrieve] ............................................................................ (1205kB)
[ivy:retrieve] .. (0kB)
[ivy:retrieve] 	[SUCCESSFUL ] com.google.guava#guava;15.0!guava.jar(source) (98ms)
[ivy:retrieve] downloading http://repo1.maven.org/maven2/com/google/guava/guava/15.0/guava-15.0.jar ...
[ivy:retrieve] ................................................................................................................. (2121kB)
[ivy:retrieve] .. (0kB)
[ivy:retrieve] 	[SUCCESSFUL ] com.google.guava#guava;15.0!guava.jar(bundle) (121ms)
[ivy:retrieve] downloading http://repo1.maven.org/maven2/org/hamcrest/hamcrest-core/1.3/hamcrest-core-1.3.jar ...
[ivy:retrieve] ... (43kB)
[ivy:retrieve] .. (0kB)
[ivy:retrieve] 	[SUCCESSFUL ] org.hamcrest#hamcrest-core;1.3!hamcrest-core.jar (28ms)
[ivy:retrieve] downloading http://repo1.maven.org/maven2/com/google/code/findbugs/jsr305/1.3.9/jsr305-1.3.9.jar ...
[ivy:retrieve] ... (32kB)
[ivy:retrieve] .. (0kB)
[ivy:retrieve] 	[SUCCESSFUL ] com.google.code.findbugs#jsr305;1.3.9!jsr305.jar (27ms)
[ivy:retrieve] downloading http://repo1.maven.org/maven2/javax/inject/javax.inject/1/javax.inject-1.jar ...
[ivy:retrieve] .. (2kB)
[ivy:retrieve] .. (0kB)
[ivy:retrieve] 	[SUCCESSFUL ] javax.inject#javax.inject;1!javax.inject.jar (26ms)
[ivy:retrieve] :: resolution report :: resolve 2385ms :: artifacts dl 2644ms
	---------------------------------------------------------------------
	|                  |            modules            ||   artifacts   |
	|       conf       | number| search|dwnlded|evicted|| number|dwnlded|
	---------------------------------------------------------------------
	|      default     |   6   |   6   |   6   |   0   ||   12  |   12  |
	---------------------------------------------------------------------
[ivy:retrieve] :: retrieving :: ru.regenix#JVM-PHP
[ivy:retrieve] 	confs: [default]
[ivy:retrieve] 	12 artifacts copied, 0 already retrieved (11594kB/29ms)

BUILD SUCCESSFUL
Total time: 5 seconds

travis_time:end:21c007d2:start=1479260085748051055,finish=1479260091941338178,duration=6193287123[0Ktravis_fold:end:install[0Ktravis_time:start:1ef97590[0K$ ant test
Buildfile: /home/travis/build/jphp-compiler/jphp/build.xml

clean:

compile:
    [mkdir] Created dir: /home/travis/build/jphp-compiler/jphp/build/classes
    [javac] /home/travis/build/jphp-compiler/jphp/build.xml:40: warning: 'includeantruntime' was not set, defaulting to build.sysclasspath=last; set to false for repeatable builds
    [javac] Compiling 120 source files to /home/travis/build/jphp-compiler/jphp/build/classes
    [javac] Note: Some input files use unchecked or unsafe operations.
    [javac] Note: Recompile with -Xlint:unchecked for details.

compileTest:
    [mkdir] Created dir: /home/travis/build/jphp-compiler/jphp/build/test-classes
    [javac] Compiling 10 source files to /home/travis/build/jphp-compiler/jphp/build/test-classes

test:
    [junit] Testsuite: ru.regenix.jphp.TokenizerTest
    [junit] Tests run: 8, Failures: 0, Errors: 0, Time elapsed: 0.065 sec
    [junit] 
    [junit] Testsuite: ru.regenix.jphp.lexer.GrammarUtilsTest
    [junit] Tests run: 4, Failures: 0, Errors: 0, Time elapsed: 0.001 sec
    [junit] 
    [junit] Testsuite: ru.regenix.jphp.lexer.tokens.TokenMetaTest
    [junit] Tests run: 1, Failures: 0, Errors: 0, Time elapsed: 0.001 sec
    [junit] 
    [junit] Testsuite: ru.regenix.jphp.lexer.tokens.expr.StringExprTokenTest
    [junit] Tests run: 1, Failures: 0, Errors: 0, Time elapsed: 0 sec
    [junit] 
    [junit] Testsuite: ru.regenix.jphp.syntax.ConstTest
    [junit] Tests run: 3, Failures: 0, Errors: 0, Time elapsed: 0.012 sec
    [junit] 
    [junit] Testsuite: ru.regenix.jphp.syntax.IfSyntaxTest
    [junit] Tests run: 3, Failures: 0, Errors: 0, Time elapsed: 0.005 sec
    [junit] 
    [junit] Testsuite: ru.regenix.jphp.syntax.NamedFunctionTest
    [junit] Tests run: 3, Failures: 0, Errors: 0, Time elapsed: 0.004 sec
    [junit] 
    [junit] Testsuite: ru.regenix.jphp.syntax.SimpleExprTest
    [junit] Tests run: 2, Failures: 0, Errors: 0, Time elapsed: 0.003 sec
    [junit] 
    [junit] Testsuite: ru.regenix.jphp.syntax.SyntaxAnalyzerTest
    [junit] Tests run: 2, Failures: 0, Errors: 0, Time elapsed: 0.002 sec
    [junit] 

BUILD SUCCESSFUL
Total time: 2 seconds

travis_time:end:1ef97590:start=1479260091948407569,finish=1479260094684750535,duration=2736342966[0K
[32;1mThe command "ant test" exited with 0.[0m

Done. Your build exited with 0.
