travis_fold:start:system_info[0K[33;1mBuild system information[0m
Build language: java
Build id: ''
Job id: ''
[34m[1mBuild image provisioning date and time[0m
Thu Feb  5 15:09:33 UTC 2015
[34m[1mOperating System Details[0m
Distributor ID:	Ubuntu
Description:	Ubuntu 12.04.5 LTS
Release:	12.04
Codename:	precise
[34m[1mLinux Version[0m
3.13.0-29-generic
[34m[1mCookbooks Version[0m
a68419e https://github.com/travis-ci/travis-cookbooks/tree/a68419e
[34m[1mGCC version[0m
gcc (Ubuntu/Linaro 4.6.3-1ubuntu5) 4.6.3
Copyright (C) 2011 Free Software Foundation, Inc.
This is free software; see the source for copying conditions.  There is NO
warranty; not even for MERCHANTABILITY or FITNESS FOR A PARTICULAR PURPOSE.

[34m[1mLLVM version[0m
clang version 3.4 (tags/RELEASE_34/final)
Target: x86_64-unknown-linux-gnu
Thread model: posix
[34m[1mPre-installed Ruby versions[0m
ruby-1.9.3-p551
[34m[1mPre-installed Node.js versions[0m
v0.10.36
[34m[1mPre-installed Go versions[0m
1.4.1
[34m[1mRedis version[0m
redis-server 2.8.19
[34m[1mriak version[0m
2.0.2
[34m[1mMongoDB version[0m
MongoDB 2.4.12
[34m[1mCouchDB version[0m
couchdb 1.6.1
[34m[1mNeo4j version[0m
1.9.4
[34m[1mRabbitMQ Version[0m
3.4.3
[34m[1mElasticSearch version[0m
1.4.0
[34m[1mInstalled Sphinx versions[0m
2.0.10
2.1.9
2.2.6
[34m[1mDefault Sphinx version[0m
2.2.6
[34m[1mInstalled Firefox version[0m
firefox 31.0esr
[34m[1mPhantomJS version[0m
1.9.8
[34m[1mant -version[0m
Apache Ant(TM) version 1.8.2 compiled on December 3 2011
[34m[1mmvn -version[0m
Apache Maven 3.2.5 (12a6b3acb947671f09b81f49094c53f426d8cea1; 2014-12-14T17:29:23+00:00)
Maven home: /usr/local/maven
Java version: 1.7.0_76, vendor: Oracle Corporation
Java home: /usr/lib/jvm/java-7-oracle/jre
Default locale: en_US, platform encoding: ANSI_X3.4-1968
OS name: "linux", version: "3.13.0-29-generic", arch: "amd64", family: "unix"
travis_fold:end:system_info[0K
sed: cannot rename /etc/hosts: Device or resource busy
sed: cannot rename /etc/hosts: Device or resource busy
$ cd knightliao/disconf
$ java -Xmx32m -version
java version "1.7.0_76"
Java(TM) SE Runtime Environment (build 1.7.0_76-b13)
Java HotSpot(TM) 64-Bit Server VM (build 24.76-b04, mixed mode)
$ javac -J-Xmx32m -version
javac 1.7.0_76
travis_fold:start:install[0Ktravis_time:start:39bfb3aa[0K$ mvn install -DskipTests=true -Dmaven.javadoc.skip=true -B -V
Apache Maven 3.2.5 (12a6b3acb947671f09b81f49094c53f426d8cea1; 2014-12-14T17:29:23+00:00)
Maven home: /usr/local/maven
Java version: 1.7.0_76, vendor: Oracle Corporation
Java home: /usr/lib/jvm/java-7-oracle/jre
Default locale: en_US, platform encoding: UTF-8
OS name: "linux", version: "4.4.0-31-generic", arch: "amd64", family: "unix"
[INFO] Scanning for projects...
[WARNING] 
[WARNING] Some problems were encountered while building the effective model for com.baidu.disconf:disconf-client:jar:2.6.11
[WARNING] 'version' contains an expression but should be a constant. @ com.baidu.disconf:disconf-client:${disconf-core.version}, /home/travis/build/knightliao/disconf/disconf-client/pom.xml, line 327, column 14
[WARNING] 'dependencyManagement.dependencies.dependency.(groupId:artifactId:type:classifier)' must be unique: org.springframework:spring-test:jar -> version ${spring.version} vs ${spring-version} @ com.baidu.disconf:disconf-base:2.6.11, /home/travis/build/knightliao/disconf/pom.xml, line 358, column 25
[WARNING] 
[WARNING] Some problems were encountered while building the effective model for com.baidu.disconf:disconf-core:jar:2.6.11
[WARNING] 'version' contains an expression but should be a constant. @ com.baidu.disconf:disconf-core:${disconf-core.version}, /home/travis/build/knightliao/disconf/disconf-core/pom.xml, line 302, column 14
[WARNING] 'dependencyManagement.dependencies.dependency.(groupId:artifactId:type:classifier)' must be unique: org.springframework:spring-test:jar -> version ${spring.version} vs ${spring-version} @ com.baidu.disconf:disconf-base:2.6.11, /home/travis/build/knightliao/disconf/pom.xml, line 358, column 25
[WARNING] 
[WARNING] Some problems were encountered while building the effective model for com.baidu.disconf:disconf-tool:jar:2.6.11
[WARNING] 'dependencyManagement.dependencies.dependency.(groupId:artifactId:type:classifier)' must be unique: org.springframework:spring-test:jar -> version ${spring.version} vs ${spring-version} @ com.baidu.disconf:disconf-base:2.6.11, /home/travis/build/knightliao/disconf/pom.xml, line 358, column 25
[WARNING] 
[WARNING] Some problems were encountered while building the effective model for com.baidu.disconf:disconf-base:pom:2.6.11
[WARNING] 'dependencyManagement.dependencies.dependency.(groupId:artifactId:type:classifier)' must be unique: org.springframework:spring-test:jar -> version ${spring.version} vs ${spring-version} @ line 358, column 25
[WARNING] 
[WARNING] It is highly recommended to fix these problems because they threaten the stability of your build.
[WARNING] 
[WARNING] For this reason, future Maven versions might no longer support building such malformed projects.
[WARNING] 
[INFO] ------------------------------------------------------------------------
[INFO] Reactor Build Order:
[INFO] 
[INFO] disconf
[INFO] disconf-core
[INFO] disconf-client
[INFO] disconf-tools
[INFO]                                                                         
[INFO] ------------------------------------------------------------------------
[INFO] Building disconf 2.6.11
[INFO] ------------------------------------------------------------------------
[INFO] Downloading: https://repo.maven.apache.org/maven2/org/apache/maven/plugins/maven-source-plugin/maven-metadata.xml
[INFO] Downloaded: https://repo.maven.apache.org/maven2/org/apache/maven/plugins/maven-source-plugin/maven-metadata.xml (812 B at 0.7 KB/sec)
[INFO] Downloading: https://repo.maven.apache.org/maven2/org/apache/maven/plugins/maven-source-plugin/3.0.1/maven-source-plugin-3.0.1.pom
[INFO] Downloaded: https://repo.maven.apache.org/maven2/org/apache/maven/plugins/maven-source-plugin/3.0.1/maven-source-plugin-3.0.1.pom (6 KB at 46.3 KB/sec)
[INFO] Downloading: https://repo.maven.apache.org/maven2/org/apache/maven/plugins/maven-plugins/30/maven-plugins-30.pom
[INFO] Downloaded: https://repo.maven.apache.org/maven2/org/apache/maven/plugins/maven-plugins/30/maven-plugins-30.pom (10 KB at 66.7 KB/sec)
[INFO] Downloading: https://repo.maven.apache.org/maven2/org/apache/maven/maven-parent/30/maven-parent-30.pom
[INFO] Downloaded: https://repo.maven.apache.org/maven2/org/apache/maven/maven-parent/30/maven-parent-30.pom (41 KB at 301.1 KB/sec)
[INFO] Downloading: https://repo.maven.apache.org/maven2/org/apache/apache/18/apache-18.pom
[INFO] Downloaded: https://repo.maven.apache.org/maven2/org/apache/apache/18/apache-18.pom (16 KB at 129.7 KB/sec)
[INFO] Downloading: https://repo.maven.apache.org/maven2/org/apache/maven/plugins/maven-source-plugin/3.0.1/maven-source-plugin-3.0.1.jar
[INFO] Downloaded: https://repo.maven.apache.org/maven2/org/apache/maven/plugins/maven-source-plugin/3.0.1/maven-source-plugin-3.0.1.jar (31 KB at 247.6 KB/sec)
[INFO] Downloading: https://repo.maven.apache.org/maven2/org/apache/maven/plugins/maven-javadoc-plugin/maven-metadata.xml
[INFO] Downloaded: https://repo.maven.apache.org/maven2/org/apache/maven/plugins/maven-javadoc-plugin/maven-metadata.xml (942 B at 8.4 KB/sec)
[INFO] Downloading: https://repo.maven.apache.org/maven2/org/apache/maven/plugins/maven-javadoc-plugin/2.10.4/maven-javadoc-plugin-2.10.4.pom
[INFO] Downloaded: https://repo.maven.apache.org/maven2/org/apache/maven/plugins/maven-javadoc-plugin/2.10.4/maven-javadoc-plugin-2.10.4.pom (16 KB at 136.4 KB/sec)
[INFO] Downloading: https://repo.maven.apache.org/maven2/org/apache/maven/plugins/maven-plugins/28/maven-plugins-28.pom
[INFO] Downloaded: https://repo.maven.apache.org/maven2/org/apache/maven/plugins/maven-plugins/28/maven-plugins-28.pom (12 KB at 102.2 KB/sec)
[INFO] Downloading: https://repo.maven.apache.org/maven2/org/apache/maven/maven-parent/27/maven-parent-27.pom
[INFO] Downloaded: https://repo.maven.apache.org/maven2/org/apache/maven/maven-parent/27/maven-parent-27.pom (40 KB at 336.9 KB/sec)
[INFO] Downloading: https://repo.maven.apache.org/maven2/org/apache/apache/17/apache-17.pom
[INFO] Downloaded: https://repo.maven.apache.org/maven2/org/apache/apache/17/apache-17.pom (16 KB at 134.0 KB/sec)
[INFO] Downloading: https://repo.maven.apache.org/maven2/org/apache/maven/plugins/maven-javadoc-plugin/2.10.4/maven-javadoc-plugin-2.10.4.jar
[INFO] Downloaded: https://repo.maven.apache.org/maven2/org/apache/maven/plugins/maven-javadoc-plugin/2.10.4/maven-javadoc-plugin-2.10.4.jar (406 KB at 2383.4 KB/sec)
[INFO] Downloading: https://repo.maven.apache.org/maven2/org/apache/maven/plugins/maven-install-plugin/2.4/maven-install-plugin-2.4.pom
[INFO] Downloaded: https://repo.maven.apache.org/maven2/org/apache/maven/plugins/maven-install-plugin/2.4/maven-install-plugin-2.4.pom (7 KB at 56.1 KB/sec)
[INFO] Downloading: https://repo.maven.apache.org/maven2/org/apache/maven/plugins/maven-plugins/23/maven-plugins-23.pom
[INFO] Downloaded: https://repo.maven.apache.org/maven2/org/apache/maven/plugins/maven-plugins/23/maven-plugins-23.pom (9 KB at 83.2 KB/sec)
[INFO] Downloading: https://repo.maven.apache.org/maven2/org/apache/maven/maven-parent/22/maven-parent-22.pom
[INFO] Downloaded: https://repo.maven.apache.org/maven2/org/apache/maven/maven-parent/22/maven-parent-22.pom (30 KB at 246.2 KB/sec)
[INFO] Downloading: https://repo.maven.apache.org/maven2/org/apache/apache/11/apache-11.pom
[INFO] Downloaded: https://repo.maven.apache.org/maven2/org/apache/apache/11/apache-11.pom (15 KB at 123.6 KB/sec)
[INFO] Downloading: https://repo.maven.apache.org/maven2/org/apache/maven/plugins/maven-install-plugin/2.4/maven-install-plugin-2.4.jar
[INFO] Downloaded: https://repo.maven.apache.org/maven2/org/apache/maven/plugins/maven-install-plugin/2.4/maven-install-plugin-2.4.jar (27 KB at 207.2 KB/sec)
[INFO] 
[INFO] --- maven-install-plugin:2.4:install (default-install) @ disconf-base ---
[INFO] Downloading: https://repo.maven.apache.org/maven2/org/apache/maven/maven-plugin-api/2.0.6/maven-plugin-api-2.0.6.pom
[INFO] Downloaded: https://repo.maven.apache.org/maven2/org/apache/maven/maven-plugin-api/2.0.6/maven-plugin-api-2.0.6.pom (2 KB at 12.9 KB/sec)
[INFO] Downloading: https://repo.maven.apache.org/maven2/org/apache/maven/maven/2.0.6/maven-2.0.6.pom
[INFO] Downloaded: https://repo.maven.apache.org/maven2/org/apache/maven/maven/2.0.6/maven-2.0.6.pom (9 KB at 75.5 KB/sec)
[INFO] Downloading: https://repo.maven.apache.org/maven2/org/apache/maven/maven-parent/5/maven-parent-5.pom
[INFO] Downloaded: https://repo.maven.apache.org/maven2/org/apache/maven/maven-parent/5/maven-parent-5.pom (15 KB at 126.1 KB/sec)
[INFO] Downloading: https://repo.maven.apache.org/maven2/org/apache/apache/3/apache-3.pom
[INFO] Downloaded: https://repo.maven.apache.org/maven2/org/apache/apache/3/apache-3.pom (4 KB at 29.6 KB/sec)
[INFO] Downloading: https://repo.maven.apache.org/maven2/org/apache/maven/maven-project/2.0.6/maven-project-2.0.6.pom
[INFO] Downloaded: https://repo.maven.apache.org/maven2/org/apache/maven/maven-project/2.0.6/maven-project-2.0.6.pom (3 KB at 23.4 KB/sec)
[INFO] Downloading: https://repo.maven.apache.org/maven2/org/apache/maven/maven-settings/2.0.6/maven-settings-2.0.6.pom
[INFO] Downloaded: https://repo.maven.apache.org/maven2/org/apache/maven/maven-settings/2.0.6/maven-settings-2.0.6.pom (2 KB at 18.4 KB/sec)
[INFO] Downloading: https://repo.maven.apache.org/maven2/org/apache/maven/maven-model/2.0.6/maven-model-2.0.6.pom
[INFO] Downloaded: https://repo.maven.apache.org/maven2/org/apache/maven/maven-model/2.0.6/maven-model-2.0.6.pom (3 KB at 26.3 KB/sec)
[INFO] Downloading: https://repo.maven.apache.org/maven2/org/codehaus/plexus/plexus-utils/1.4.1/plexus-utils-1.4.1.pom
[INFO] Downloaded: https://repo.maven.apache.org/maven2/org/codehaus/plexus/plexus-utils/1.4.1/plexus-utils-1.4.1.pom (2 KB at 16.9 KB/sec)
[INFO] Downloading: https://repo.maven.apache.org/maven2/org/codehaus/plexus/plexus/1.0.11/plexus-1.0.11.pom
[INFO] Downloaded: https://repo.maven.apache.org/maven2/org/codehaus/plexus/plexus/1.0.11/plexus-1.0.11.pom (9 KB at 81.1 KB/sec)
[INFO] Downloading: https://repo.maven.apache.org/maven2/org/codehaus/plexus/plexus-container-default/1.0-alpha-9-stable-1/plexus-container-default-1.0-alpha-9-stable-1.pom
[INFO] Downloaded: https://repo.maven.apache.org/maven2/org/codehaus/plexus/plexus-container-default/1.0-alpha-9-stable-1/plexus-container-default-1.0-alpha-9-stable-1.pom (4 KB at 36.0 KB/sec)
[INFO] Downloading: https://repo.maven.apache.org/maven2/org/codehaus/plexus/plexus-containers/1.0.3/plexus-containers-1.0.3.pom
[INFO] Downloaded: https://repo.maven.apache.org/maven2/org/codehaus/plexus/plexus-containers/1.0.3/plexus-containers-1.0.3.pom (492 B at 4.2 KB/sec)
[INFO] Downloading: https://repo.maven.apache.org/maven2/org/codehaus/plexus/plexus/1.0.4/plexus-1.0.4.pom
[INFO] Downloaded: https://repo.maven.apache.org/maven2/org/codehaus/plexus/plexus/1.0.4/plexus-1.0.4.pom (6 KB at 50.5 KB/sec)
[INFO] Downloading: https://repo.maven.apache.org/maven2/junit/junit/3.8.1/junit-3.8.1.pom
[INFO] Downloaded: https://repo.maven.apache.org/maven2/junit/junit/3.8.1/junit-3.8.1.pom (998 B at 8.9 KB/sec)
[INFO] Downloading: https://repo.maven.apache.org/maven2/org/codehaus/plexus/plexus-utils/1.0.4/plexus-utils-1.0.4.pom
[INFO] Downloaded: https://repo.maven.apache.org/maven2/org/codehaus/plexus/plexus-utils/1.0.4/plexus-utils-1.0.4.pom (7 KB at 62.0 KB/sec)
[INFO] Downloading: https://repo.maven.apache.org/maven2/classworlds/classworlds/1.1-alpha-2/classworlds-1.1-alpha-2.pom
[INFO] Downloaded: https://repo.maven.apache.org/maven2/classworlds/classworlds/1.1-alpha-2/classworlds-1.1-alpha-2.pom (4 KB at 28.0 KB/sec)
[INFO] Downloading: https://repo.maven.apache.org/maven2/org/apache/maven/maven-profile/2.0.6/maven-profile-2.0.6.pom
[INFO] Downloaded: https://repo.maven.apache.org/maven2/org/apache/maven/maven-profile/2.0.6/maven-profile-2.0.6.pom (2 KB at 17.1 KB/sec)
[INFO] Downloading: https://repo.maven.apache.org/maven2/org/apache/maven/maven-artifact-manager/2.0.6/maven-artifact-manager-2.0.6.pom
[INFO] Downloaded: https://repo.maven.apache.org/maven2/org/apache/maven/maven-artifact-manager/2.0.6/maven-artifact-manager-2.0.6.pom (3 KB at 23.5 KB/sec)
[INFO] Downloading: https://repo.maven.apache.org/maven2/org/apache/maven/maven-repository-metadata/2.0.6/maven-repository-metadata-2.0.6.pom
[INFO] Downloaded: https://repo.maven.apache.org/maven2/org/apache/maven/maven-repository-metadata/2.0.6/maven-repository-metadata-2.0.6.pom (2 KB at 16.0 KB/sec)
[INFO] Downloading: https://repo.maven.apache.org/maven2/org/apache/maven/maven-artifact/2.0.6/maven-artifact-2.0.6.pom
[INFO] Downloaded: https://repo.maven.apache.org/maven2/org/apache/maven/maven-artifact/2.0.6/maven-artifact-2.0.6.pom (2 KB at 13.6 KB/sec)
[INFO] Downloading: https://repo.maven.apache.org/maven2/org/apache/maven/maven-plugin-registry/2.0.6/maven-plugin-registry-2.0.6.pom
[INFO] Downloaded: https://repo.maven.apache.org/maven2/org/apache/maven/maven-plugin-registry/2.0.6/maven-plugin-registry-2.0.6.pom (2 KB at 17.0 KB/sec)
[INFO] Downloading: https://repo.maven.apache.org/maven2/org/codehaus/plexus/plexus-utils/3.0.5/plexus-utils-3.0.5.pom
[INFO] Downloaded: https://repo.maven.apache.org/maven2/org/codehaus/plexus/plexus-utils/3.0.5/plexus-utils-3.0.5.pom (3 KB at 21.5 KB/sec)
[INFO] Downloading: https://repo.maven.apache.org/maven2/org/codehaus/plexus/plexus/3.1/plexus-3.1.pom
[INFO] Downloaded: https://repo.maven.apache.org/maven2/org/codehaus/plexus/plexus/3.1/plexus-3.1.pom (19 KB at 173.1 KB/sec)
[INFO] Downloading: https://repo.maven.apache.org/maven2/org/sonatype/spice/spice-parent/17/spice-parent-17.pom
[INFO] Downloaded: https://repo.maven.apache.org/maven2/org/sonatype/spice/spice-parent/17/spice-parent-17.pom (7 KB at 59.5 KB/sec)
[INFO] Downloading: https://repo.maven.apache.org/maven2/org/sonatype/forge/forge-parent/10/forge-parent-10.pom
[INFO] Downloaded: https://repo.maven.apache.org/maven2/org/sonatype/forge/forge-parent/10/forge-parent-10.pom (14 KB at 120.4 KB/sec)
[INFO] Downloading: https://repo.maven.apache.org/maven2/org/codehaus/plexus/plexus-digest/1.0/plexus-digest-1.0.pom
[INFO] Downloaded: https://repo.maven.apache.org/maven2/org/codehaus/plexus/plexus-digest/1.0/plexus-digest-1.0.pom (2 KB at 9.3 KB/sec)
[INFO] Downloading: https://repo.maven.apache.org/maven2/org/codehaus/plexus/plexus-components/1.1.7/plexus-components-1.1.7.pom
[INFO] Downloaded: https://repo.maven.apache.org/maven2/org/codehaus/plexus/plexus-components/1.1.7/plexus-components-1.1.7.pom (5 KB at 43.8 KB/sec)
[INFO] Downloading: https://repo.maven.apache.org/maven2/org/codehaus/plexus/plexus/1.0.8/plexus-1.0.8.pom
[INFO] Downloaded: https://repo.maven.apache.org/maven2/org/codehaus/plexus/plexus/1.0.8/plexus-1.0.8.pom (8 KB at 67.9 KB/sec)
[INFO] Downloading: https://repo.maven.apache.org/maven2/org/codehaus/plexus/plexus-container-default/1.0-alpha-8/plexus-container-default-1.0-alpha-8.pom
[INFO] Downloaded: https://repo.maven.apache.org/maven2/org/codehaus/plexus/plexus-container-default/1.0-alpha-8/plexus-container-default-1.0-alpha-8.pom (8 KB at 68.2 KB/sec)
[INFO] Downloading: https://repo.maven.apache.org/maven2/junit/junit/3.8.1/junit-3.8.1.jar
[INFO] Downloading: https://repo.maven.apache.org/maven2/org/codehaus/plexus/plexus-utils/3.0.5/plexus-utils-3.0.5.jar
[INFO] Downloading: https://repo.maven.apache.org/maven2/org/codehaus/plexus/plexus-digest/1.0/plexus-digest-1.0.jar
[INFO] Downloaded: https://repo.maven.apache.org/maven2/junit/junit/3.8.1/junit-3.8.1.jar (119 KB at 938.4 KB/sec)
[INFO] Downloaded: https://repo.maven.apache.org/maven2/org/codehaus/plexus/plexus-digest/1.0/plexus-digest-1.0.jar (12 KB at 76.7 KB/sec)
[INFO] Downloaded: https://repo.maven.apache.org/maven2/org/codehaus/plexus/plexus-utils/3.0.5/plexus-utils-3.0.5.jar (226 KB at 978.5 KB/sec)
[INFO] Installing /home/travis/build/knightliao/disconf/pom.xml to /home/travis/.m2/repository/com/baidu/disconf/disconf-base/2.6.11/disconf-base-2.6.11.pom
[INFO]                                                                         
[INFO] ------------------------------------------------------------------------
[INFO] Building disconf-core 2.6.11
[INFO] ------------------------------------------------------------------------
[INFO] Downloading: https://repo.maven.apache.org/maven2/org/apache/maven/plugins/maven-jar-plugin/2.4/maven-jar-plugin-2.4.pom
[INFO] Downloaded: https://repo.maven.apache.org/maven2/org/apache/maven/plugins/maven-jar-plugin/2.4/maven-jar-plugin-2.4.pom (6 KB at 53.2 KB/sec)
[INFO] Downloading: https://repo.maven.apache.org/maven2/org/apache/maven/plugins/maven-plugins/22/maven-plugins-22.pom
[INFO] Downloaded: https://repo.maven.apache.org/maven2/org/apache/maven/plugins/maven-plugins/22/maven-plugins-22.pom (13 KB at 116.8 KB/sec)
[INFO] Downloading: https://repo.maven.apache.org/maven2/org/apache/maven/maven-parent/21/maven-parent-21.pom
[INFO] Downloaded: https://repo.maven.apache.org/maven2/org/apache/maven/maven-parent/21/maven-parent-21.pom (26 KB at 249.9 KB/sec)
[INFO] Downloading: https://repo.maven.apache.org/maven2/org/apache/apache/10/apache-10.pom
[INFO] Downloaded: https://repo.maven.apache.org/maven2/org/apache/apache/10/apache-10.pom (15 KB at 129.0 KB/sec)
[INFO] Downloading: https://repo.maven.apache.org/maven2/org/apache/maven/plugins/maven-jar-plugin/2.4/maven-jar-plugin-2.4.jar
[INFO] Downloaded: https://repo.maven.apache.org/maven2/org/apache/maven/plugins/maven-jar-plugin/2.4/maven-jar-plugin-2.4.jar (34 KB at 302.0 KB/sec)
[INFO] Downloading: https://repo.maven.apache.org/maven2/org/apache/maven/plugins/maven-resources-plugin/2.6/maven-resources-plugin-2.6.pom
[INFO] Downloaded: https://repo.maven.apache.org/maven2/org/apache/maven/plugins/maven-resources-plugin/2.6/maven-resources-plugin-2.6.pom (8 KB at 76.2 KB/sec)
[INFO] Downloading: https://repo.maven.apache.org/maven2/org/apache/maven/plugins/maven-resources-plugin/2.6/maven-resources-plugin-2.6.jar
[INFO] Downloaded: https://repo.maven.apache.org/maven2/org/apache/maven/plugins/maven-resources-plugin/2.6/maven-resources-plugin-2.6.jar (29 KB at 259.7 KB/sec)
[INFO] Downloading: https://repo.maven.apache.org/maven2/org/apache/maven/plugins/maven-compiler-plugin/2.3.1/maven-compiler-plugin-2.3.1.pom
[INFO] Downloaded: https://repo.maven.apache.org/maven2/org/apache/maven/plugins/maven-compiler-plugin/2.3.1/maven-compiler-plugin-2.3.1.pom (6 KB at 48.9 KB/sec)
[INFO] Downloading: https://repo.maven.apache.org/maven2/org/apache/maven/plugins/maven-plugins/18/maven-plugins-18.pom
[INFO] Downloaded: https://repo.maven.apache.org/maven2/org/apache/maven/plugins/maven-plugins/18/maven-plugins-18.pom (13 KB at 122.1 KB/sec)
[INFO] Downloading: https://repo.maven.apache.org/maven2/org/apache/maven/maven-parent/16/maven-parent-16.pom
[INFO] Downloaded: https://repo.maven.apache.org/maven2/org/apache/maven/maven-parent/16/maven-parent-16.pom (23 KB at 208.5 KB/sec)
[INFO] Downloading: https://repo.maven.apache.org/maven2/org/apache/apache/7/apache-7.pom
[INFO] Downloaded: https://repo.maven.apache.org/maven2/org/apache/apache/7/apache-7.pom (15 KB at 131.7 KB/sec)
[INFO] Downloading: https://repo.maven.apache.org/maven2/org/apache/maven/plugins/maven-compiler-plugin/2.3.1/maven-compiler-plugin-2.3.1.jar
[INFO] Downloaded: https://repo.maven.apache.org/maven2/org/apache/maven/plugins/maven-compiler-plugin/2.3.1/maven-compiler-plugin-2.3.1.jar (30 KB at 257.8 KB/sec)
[INFO] Downloading: https://repo.maven.apache.org/maven2/org/apache/maven/plugins/maven-surefire-plugin/2.5/maven-surefire-plugin-2.5.pom
[INFO] Downloaded: https://repo.maven.apache.org/maven2/org/apache/maven/plugins/maven-surefire-plugin/2.5/maven-surefire-plugin-2.5.pom (8 KB at 69.0 KB/sec)
[INFO] Downloading: https://repo.maven.apache.org/maven2/org/apache/maven/surefire/surefire/2.5/surefire-2.5.pom
[INFO] Downloaded: https://repo.maven.apache.org/maven2/org/apache/maven/surefire/surefire/2.5/surefire-2.5.pom (7 KB at 61.7 KB/sec)
[INFO] Downloading: https://repo.maven.apache.org/maven2/org/apache/maven/maven-parent/15/maven-parent-15.pom
[INFO] Downloaded: https://repo.maven.apache.org/maven2/org/apache/maven/maven-parent/15/maven-parent-15.pom (24 KB at 217.0 KB/sec)
[INFO] Downloading: https://repo.maven.apache.org/maven2/org/apache/apache/6/apache-6.pom
[INFO] Downloaded: https://repo.maven.apache.org/maven2/org/apache/apache/6/apache-6.pom (13 KB at 116.8 KB/sec)
[INFO] Downloading: https://repo.maven.apache.org/maven2/org/apache/maven/plugins/maven-surefire-plugin/2.5/maven-surefire-plugin-2.5.jar
[INFO] Downloaded: https://repo.maven.apache.org/maven2/org/apache/maven/plugins/maven-surefire-plugin/2.5/maven-surefire-plugin-2.5.jar (33 KB at 291.0 KB/sec)
[INFO] Downloading: http://repo.maven.apache.org/maven2/commons-collections/commons-collections/3.2/commons-collections-3.2.pom
[INFO] Downloaded: http://repo.maven.apache.org/maven2/commons-collections/commons-collections/3.2/commons-collections-3.2.pom (11 KB at 359.2 KB/sec)
[INFO] Downloading: http://repo.maven.apache.org/maven2/commons-io/commons-io/1.4/commons-io-1.4.pom
[INFO] Downloaded: http://repo.maven.apache.org/maven2/commons-io/commons-io/1.4/commons-io-1.4.pom (13 KB at 459.2 KB/sec)
[INFO] Downloading: http://repo.maven.apache.org/maven2/org/apache/commons/commons-parent/7/commons-parent-7.pom
[INFO] Downloaded: http://repo.maven.apache.org/maven2/org/apache/commons/commons-parent/7/commons-parent-7.pom (18 KB at 569.5 KB/sec)
[INFO] Downloading: http://repo.maven.apache.org/maven2/org/apache/apache/4/apache-4.pom
[INFO] Downloaded: http://repo.maven.apache.org/maven2/org/apache/apache/4/apache-4.pom (5 KB at 162.6 KB/sec)
[INFO] Downloading: http://repo.maven.apache.org/maven2/commons-lang/commons-lang/2.4/commons-lang-2.4.pom
[INFO] Downloaded: http://repo.maven.apache.org/maven2/commons-lang/commons-lang/2.4/commons-lang-2.4.pom (14 KB at 487.4 KB/sec)
[INFO] Downloading: http://repo.maven.apache.org/maven2/org/apache/commons/commons-parent/9/commons-parent-9.pom
[INFO] Downloaded: http://repo.maven.apache.org/maven2/org/apache/commons/commons-parent/9/commons-parent-9.pom (22 KB at 793.2 KB/sec)
[INFO] Downloading: http://repo.maven.apache.org/maven2/commons-logging/commons-logging/1.0.4/commons-logging-1.0.4.pom
[INFO] Downloaded: http://repo.maven.apache.org/maven2/commons-logging/commons-logging/1.0.4/commons-logging-1.0.4.pom (6 KB at 160.6 KB/sec)
[INFO] Downloading: http://repo.maven.apache.org/maven2/commons-pool/commons-pool/1.4/commons-pool-1.4.pom
[INFO] Downloaded: http://repo.maven.apache.org/maven2/commons-pool/commons-pool/1.4/commons-pool-1.4.pom (8 KB at 345.8 KB/sec)
[INFO] Downloading: http://repo.maven.apache.org/maven2/org/slf4j/slf4j-api/1.7.6/slf4j-api-1.7.6.pom
[INFO] Downloaded: http://repo.maven.apache.org/maven2/org/slf4j/slf4j-api/1.7.6/slf4j-api-1.7.6.pom (3 KB at 119.4 KB/sec)
[INFO] Downloading: http://repo.maven.apache.org/maven2/org/slf4j/slf4j-parent/1.7.6/slf4j-parent-1.7.6.pom
[INFO] Downloaded: http://repo.maven.apache.org/maven2/org/slf4j/slf4j-parent/1.7.6/slf4j-parent-1.7.6.pom (12 KB at 465.1 KB/sec)
[INFO] Downloading: http://repo.maven.apache.org/maven2/javax/mail/mail/1.4.7/mail-1.4.7.pom
[INFO] Downloaded: http://repo.maven.apache.org/maven2/javax/mail/mail/1.4.7/mail-1.4.7.pom (6 KB at 207.7 KB/sec)
[INFO] Downloading: http://repo.maven.apache.org/maven2/com/sun/mail/all/1.4.7/all-1.4.7.pom
[INFO] Downloaded: http://repo.maven.apache.org/maven2/com/sun/mail/all/1.4.7/all-1.4.7.pom (20 KB at 712.6 KB/sec)
[INFO] Downloading: http://repo.maven.apache.org/maven2/net/java/jvnet-parent/1/jvnet-parent-1.pom
[INFO] Downloaded: http://repo.maven.apache.org/maven2/net/java/jvnet-parent/1/jvnet-parent-1.pom (5 KB at 200.0 KB/sec)
[INFO] Downloading: http://repo.maven.apache.org/maven2/javax/activation/activation/1.1/activation-1.1.pom
[INFO] Downloaded: http://repo.maven.apache.org/maven2/javax/activation/activation/1.1/activation-1.1.pom (2 KB at 49.2 KB/sec)
[INFO] Downloading: http://repo.maven.apache.org/maven2/com/googlecode/jmockit/jmockit/1.5/jmockit-1.5.pom
[INFO] Downloaded: http://repo.maven.apache.org/maven2/com/googlecode/jmockit/jmockit/1.5/jmockit-1.5.pom (9 KB at 325.3 KB/sec)
[INFO] Downloading: http://repo.maven.apache.org/maven2/com/googlecode/jmockit/jmockit-coverage/0.999.24/jmockit-coverage-0.999.24.pom
[INFO] Downloaded: http://repo.maven.apache.org/maven2/com/googlecode/jmockit/jmockit-coverage/0.999.24/jmockit-coverage-0.999.24.pom (7 KB at 298.2 KB/sec)
[INFO] Downloading: http://repo.maven.apache.org/maven2/junit/junit/4.10/junit-4.10.pom
[INFO] Downloaded: http://repo.maven.apache.org/maven2/junit/junit/4.10/junit-4.10.pom (3 KB at 114.5 KB/sec)
[INFO] Downloading: http://repo.maven.apache.org/maven2/org/hamcrest/hamcrest-core/1.1/hamcrest-core-1.1.pom
[INFO] Downloaded: http://repo.maven.apache.org/maven2/org/hamcrest/hamcrest-core/1.1/hamcrest-core-1.1.pom (481 B at 22.4 KB/sec)
[INFO] Downloading: http://repo.maven.apache.org/maven2/org/hamcrest/hamcrest-parent/1.1/hamcrest-parent-1.1.pom
[INFO] Downloaded: http://repo.maven.apache.org/maven2/org/hamcrest/hamcrest-parent/1.1/hamcrest-parent-1.1.pom (6 KB at 249.5 KB/sec)
[INFO] Downloading: http://repo.maven.apache.org/maven2/org/apache/zookeeper/zookeeper/3.3.6/zookeeper-3.3.6.pom
[INFO] Downloaded: http://repo.maven.apache.org/maven2/org/apache/zookeeper/zookeeper/3.3.6/zookeeper-3.3.6.pom (3 KB at 94.9 KB/sec)
[INFO] Downloading: http://repo.maven.apache.org/maven2/log4j/log4j/1.2.14/log4j-1.2.14.pom
[INFO] Downloaded: http://repo.maven.apache.org/maven2/log4j/log4j/1.2.14/log4j-1.2.14.pom (3 KB at 110.4 KB/sec)
[INFO] Downloading: http://repo.maven.apache.org/maven2/jline/jline/0.9.94/jline-0.9.94.pom
[INFO] Downloaded: http://repo.maven.apache.org/maven2/jline/jline/0.9.94/jline-0.9.94.pom (7 KB at 258.7 KB/sec)
[INFO] Downloading: http://repo.maven.apache.org/maven2/javax/ws/rs/javax.ws.rs-api/2.0-rc1/javax.ws.rs-api-2.0-rc1.pom
[INFO] Downloaded: http://repo.maven.apache.org/maven2/javax/ws/rs/javax.ws.rs-api/2.0-rc1/javax.ws.rs-api-2.0-rc1.pom (17 KB at 581.9 KB/sec)
[INFO] Downloading: http://repo.maven.apache.org/maven2/javax/annotation/javax.annotation-api/1.2-b02/javax.annotation-api-1.2-b02.pom
[INFO] Downloaded: http://repo.maven.apache.org/maven2/javax/annotation/javax.annotation-api/1.2-b02/javax.annotation-api-1.2-b02.pom (12 KB at 437.8 KB/sec)
[INFO] Downloading: http://repo.maven.apache.org/maven2/net/java/jvnet-parent/3/jvnet-parent-3.pom
[INFO] Downloaded: http://repo.maven.apache.org/maven2/net/java/jvnet-parent/3/jvnet-parent-3.pom (5 KB at 212.6 KB/sec)
[INFO] Downloading: http://repo.maven.apache.org/maven2/org/glassfish/jersey/media/jersey-media-json-jackson/2.0-m13/jersey-media-json-jackson-2.0-m13.pom
[INFO] Downloaded: http://repo.maven.apache.org/maven2/org/glassfish/jersey/media/jersey-media-json-jackson/2.0-m13/jersey-media-json-jackson-2.0-m13.pom (5 KB at 43.4 KB/sec)
[INFO] Downloading: http://repo.maven.apache.org/maven2/org/glassfish/jersey/media/project/2.0-m13/project-2.0-m13.pom
[INFO] Downloaded: http://repo.maven.apache.org/maven2/org/glassfish/jersey/media/project/2.0-m13/project-2.0-m13.pom (3 KB at 29.5 KB/sec)
[INFO] Downloading: http://repo.maven.apache.org/maven2/org/glassfish/jersey/project/2.0-m13/project-2.0-m13.pom
[INFO] Downloaded: http://repo.maven.apache.org/maven2/org/glassfish/jersey/project/2.0-m13/project-2.0-m13.pom (46 KB at 1205.9 KB/sec)
[INFO] Downloading: http://repo.maven.apache.org/maven2/org/glassfish/jersey/core/jersey-common/2.0-m13/jersey-common-2.0-m13.pom
[INFO] Downloaded: http://repo.maven.apache.org/maven2/org/glassfish/jersey/core/jersey-common/2.0-m13/jersey-common-2.0-m13.pom (6 KB at 230.1 KB/sec)
[INFO] Downloading: http://repo.maven.apache.org/maven2/com/google/guava/guava/13.0/guava-13.0.pom
[INFO] Downloaded: http://repo.maven.apache.org/maven2/com/google/guava/guava/13.0/guava-13.0.pom (6 KB at 104.4 KB/sec)
[INFO] Downloading: http://repo.maven.apache.org/maven2/com/google/guava/guava-parent/13.0/guava-parent-13.0.pom
[INFO] Downloaded: http://repo.maven.apache.org/maven2/com/google/guava/guava-parent/13.0/guava-parent-13.0.pom (3 KB at 95.9 KB/sec)
[INFO] Downloading: http://repo.maven.apache.org/maven2/org/sonatype/oss/oss-parent/7/oss-parent-7.pom
[INFO] Downloaded: http://repo.maven.apache.org/maven2/org/sonatype/oss/oss-parent/7/oss-parent-7.pom (5 KB at 196.3 KB/sec)
[INFO] Downloading: http://repo.maven.apache.org/maven2/org/glassfish/hk2/hk2-api/2.1.64/hk2-api-2.1.64.pom
[INFO] Downloaded: http://repo.maven.apache.org/maven2/org/glassfish/hk2/hk2-api/2.1.64/hk2-api-2.1.64.pom (5 KB at 45.4 KB/sec)
[INFO] Downloading: http://repo.maven.apache.org/maven2/org/glassfish/hk2/hk2-public/2.1.64/hk2-public-2.1.64.pom
[INFO] Downloaded: http://repo.maven.apache.org/maven2/org/glassfish/hk2/hk2-public/2.1.64/hk2-public-2.1.64.pom (4 KB at 143.7 KB/sec)
[INFO] Downloading: http://repo.maven.apache.org/maven2/org/glassfish/hk2/hk2-parent/2.1.64/hk2-parent-2.1.64.pom
[INFO] Downloaded: http://repo.maven.apache.org/maven2/org/glassfish/hk2/hk2-parent/2.1.64/hk2-parent-2.1.64.pom (16 KB at 553.2 KB/sec)
[INFO] Downloading: http://repo.maven.apache.org/maven2/org/glassfish/hk2/osgi-resource-locator/1.0.1/osgi-resource-locator-1.0.1.pom
[INFO] Downloaded: http://repo.maven.apache.org/maven2/org/glassfish/hk2/osgi-resource-locator/1.0.1/osgi-resource-locator-1.0.1.pom (7 KB at 251.8 KB/sec)
[INFO] Downloading: http://repo.maven.apache.org/maven2/org/glassfish/pom/8/pom-8.pom
[INFO] Downloaded: http://repo.maven.apache.org/maven2/org/glassfish/pom/8/pom-8.pom (11 KB at 429.3 KB/sec)
[INFO] Downloading: http://repo.maven.apache.org/maven2/javax/inject/javax.inject/1/javax.inject-1.pom
[INFO] Downloaded: http://repo.maven.apache.org/maven2/javax/inject/javax.inject/1/javax.inject-1.pom (612 B at 26.0 KB/sec)
[INFO] Downloading: http://repo.maven.apache.org/maven2/org/glassfish/hk2/hk2-utils/2.1.64/hk2-utils-2.1.64.pom
[INFO] Downloaded: http://repo.maven.apache.org/maven2/org/glassfish/hk2/hk2-utils/2.1.64/hk2-utils-2.1.64.pom (6 KB at 215.9 KB/sec)
[INFO] Downloading: http://repo.maven.apache.org/maven2/org/glassfish/hk2/hk2-locator/2.1.64/hk2-locator-2.1.64.pom
[INFO] Downloaded: http://repo.maven.apache.org/maven2/org/glassfish/hk2/hk2-locator/2.1.64/hk2-locator-2.1.64.pom (7 KB at 252.2 KB/sec)
[INFO] Downloading: http://repo.maven.apache.org/maven2/org/glassfish/hk2/hk2-kernel-parent/2.1.64/hk2-kernel-parent-2.1.64.pom
[INFO] Downloaded: http://repo.maven.apache.org/maven2/org/glassfish/hk2/hk2-kernel-parent/2.1.64/hk2-kernel-parent-2.1.64.pom (6 KB at 222.0 KB/sec)
[INFO] Downloading: http://repo.maven.apache.org/maven2/org/glassfish/hk2/external/javax.inject/2.1.64/javax.inject-2.1.64.pom
[INFO] Downloaded: http://repo.maven.apache.org/maven2/org/glassfish/hk2/external/javax.inject/2.1.64/javax.inject-2.1.64.pom (9 KB at 84.9 KB/sec)
[INFO] Downloading: http://repo.maven.apache.org/maven2/org/glassfish/hk2/external/2.1.64/external-2.1.64.pom
[INFO] Downloaded: http://repo.maven.apache.org/maven2/org/glassfish/hk2/external/2.1.64/external-2.1.64.pom (3 KB at 113.5 KB/sec)
[INFO] Downloading: http://repo.maven.apache.org/maven2/org/glassfish/hk2/external/asm-all-repackaged/2.1.64/asm-all-repackaged-2.1.64.pom
[INFO] Downloaded: http://repo.maven.apache.org/maven2/org/glassfish/hk2/external/asm-all-repackaged/2.1.64/asm-all-repackaged-2.1.64.pom (9 KB at 302.2 KB/sec)
[INFO] Downloading: http://repo.maven.apache.org/maven2/org/glassfish/hk2/external/cglib/2.1.64/cglib-2.1.64.pom
[INFO] Downloaded: http://repo.maven.apache.org/maven2/org/glassfish/hk2/external/cglib/2.1.64/cglib-2.1.64.pom (10 KB at 351.7 KB/sec)
[INFO] Downloading: http://repo.maven.apache.org/maven2/org/codehaus/jackson/jackson-core-asl/1.9.8/jackson-core-asl-1.9.8.pom
[INFO] Downloaded: http://repo.maven.apache.org/maven2/org/codehaus/jackson/jackson-core-asl/1.9.8/jackson-core-asl-1.9.8.pom (1016 B at 43.1 KB/sec)
[INFO] Downloading: http://repo.maven.apache.org/maven2/org/codehaus/jackson/jackson-mapper-asl/1.9.8/jackson-mapper-asl-1.9.8.pom
[INFO] Downloaded: http://repo.maven.apache.org/maven2/org/codehaus/jackson/jackson-mapper-asl/1.9.8/jackson-mapper-asl-1.9.8.pom (2 KB at 52.7 KB/sec)
[INFO] Downloading: http://repo.maven.apache.org/maven2/org/codehaus/jackson/jackson-jaxrs/1.9.8/jackson-jaxrs-1.9.8.pom
[INFO] Downloaded: http://repo.maven.apache.org/maven2/org/codehaus/jackson/jackson-jaxrs/1.9.8/jackson-jaxrs-1.9.8.pom (2 KB at 61.5 KB/sec)
[INFO] Downloading: http://repo.maven.apache.org/maven2/org/codehaus/jackson/jackson-xc/1.9.8/jackson-xc-1.9.8.pom
[INFO] Downloaded: http://repo.maven.apache.org/maven2/org/codehaus/jackson/jackson-xc/1.9.8/jackson-xc-1.9.8.pom (2 KB at 66.8 KB/sec)
[INFO] Downloading: http://repo.maven.apache.org/maven2/org/glassfish/jersey/core/jersey-client/2.0-m13/jersey-client-2.0-m13.pom
[INFO] Downloaded: http://repo.maven.apache.org/maven2/org/glassfish/jersey/core/jersey-client/2.0-m13/jersey-client-2.0-m13.pom (5 KB at 136.7 KB/sec)
[INFO] Downloading: http://repo.maven.apache.org/maven2/com/github/tomakehurst/wiremock/1.46/wiremock-1.46.pom
[INFO] Downloaded: http://repo.maven.apache.org/maven2/com/github/tomakehurst/wiremock/1.46/wiremock-1.46.pom (4 KB at 98.6 KB/sec)
[INFO] Downloading: http://repo.maven.apache.org/maven2/net/sf/jopt-simple/jopt-simple/4.3/jopt-simple-4.3.pom
[INFO] Downloaded: http://repo.maven.apache.org/maven2/net/sf/jopt-simple/jopt-simple/4.3/jopt-simple-4.3.pom (10 KB at 304.9 KB/sec)
[INFO] Downloading: http://repo.maven.apache.org/maven2/xmlunit/xmlunit/1.5/xmlunit-1.5.pom
[INFO] Downloaded: http://repo.maven.apache.org/maven2/xmlunit/xmlunit/1.5/xmlunit-1.5.pom (3 KB at 141.8 KB/sec)
[INFO] Downloading: http://repo.maven.apache.org/maven2/com/fasterxml/jackson/core/jackson-core/2.1.2/jackson-core-2.1.2.pom
[INFO] Downloaded: http://repo.maven.apache.org/maven2/com/fasterxml/jackson/core/jackson-core/2.1.2/jackson-core-2.1.2.pom (6 KB at 220.7 KB/sec)
[INFO] Downloading: http://repo.maven.apache.org/maven2/com/fasterxml/oss-parent/4/oss-parent-4.pom
[INFO] Downloaded: http://repo.maven.apache.org/maven2/com/fasterxml/oss-parent/4/oss-parent-4.pom (18 KB at 666.5 KB/sec)
[INFO] Downloading: http://repo.maven.apache.org/maven2/org/mortbay/jetty/jetty/6.1.14/jetty-6.1.14.pom
[INFO] Downloaded: http://repo.maven.apache.org/maven2/org/mortbay/jetty/jetty/6.1.14/jetty-6.1.14.pom (5 KB at 136.9 KB/sec)
[INFO] Downloading: http://repo.maven.apache.org/maven2/org/mortbay/jetty/project/6.1.14/project-6.1.14.pom
[INFO] Downloaded: http://repo.maven.apache.org/maven2/org/mortbay/jetty/project/6.1.14/project-6.1.14.pom (9 KB at 357.4 KB/sec)
[INFO] Downloading: http://repo.maven.apache.org/maven2/org/mortbay/jetty/jetty-parent/7/jetty-parent-7.pom
[INFO] Downloaded: http://repo.maven.apache.org/maven2/org/mortbay/jetty/jetty-parent/7/jetty-parent-7.pom (13 KB at 519.9 KB/sec)
[INFO] Downloading: http://repo.maven.apache.org/maven2/org/mortbay/jetty/jetty-util/6.1.14/jetty-util-6.1.14.pom
[INFO] Downloaded: http://repo.maven.apache.org/maven2/org/mortbay/jetty/jetty-util/6.1.14/jetty-util-6.1.14.pom (4 KB at 150.5 KB/sec)
[INFO] Downloading: http://repo.maven.apache.org/maven2/org/mortbay/jetty/servlet-api-2.5/6.1.14/servlet-api-2.5-6.1.14.pom
[INFO] Downloaded: http://repo.maven.apache.org/maven2/org/mortbay/jetty/servlet-api-2.5/6.1.14/servlet-api-2.5-6.1.14.pom (4 KB at 143.6 KB/sec)
[INFO] Downloading: http://repo.maven.apache.org/maven2/org/skyscreamer/jsonassert/1.2.1/jsonassert-1.2.1.pom
[INFO] Downloaded: http://repo.maven.apache.org/maven2/org/skyscreamer/jsonassert/1.2.1/jsonassert-1.2.1.pom (6 KB at 208.7 KB/sec)
[INFO] Downloading: http://repo.maven.apache.org/maven2/org/json/json/20090211/json-20090211.pom
[INFO] Downloaded: http://repo.maven.apache.org/maven2/org/json/json/20090211/json-20090211.pom (2 KB at 63.4 KB/sec)
[INFO] Downloading: http://repo.maven.apache.org/maven2/com/jayway/jsonpath/json-path/0.8.1/json-path-0.8.1.pom
[INFO] Downloaded: http://repo.maven.apache.org/maven2/com/jayway/jsonpath/json-path/0.8.1/json-path-0.8.1.pom (3 KB at 110.6 KB/sec)
[INFO] Downloading: http://repo.maven.apache.org/maven2/com/jayway/jsonpath/json-path-parent/0.8.1/json-path-parent-0.8.1.pom
[INFO] Downloaded: http://repo.maven.apache.org/maven2/com/jayway/jsonpath/json-path-parent/0.8.1/json-path-parent-0.8.1.pom (9 KB at 362.3 KB/sec)
[INFO] Downloading: http://repo.maven.apache.org/maven2/org/sonatype/oss/oss-parent/5/oss-parent-5.pom
[INFO] Downloaded: http://repo.maven.apache.org/maven2/org/sonatype/oss/oss-parent/5/oss-parent-5.pom (4 KB at 181.2 KB/sec)
[INFO] Downloading: http://repo.maven.apache.org/maven2/net/minidev/json-smart/1.1.1/json-smart-1.1.1.pom
[INFO] Downloaded: http://repo.maven.apache.org/maven2/net/minidev/json-smart/1.1.1/json-smart-1.1.1.pom (2 KB at 60.0 KB/sec)
[INFO] Downloading: http://repo.maven.apache.org/maven2/net/minidev/parent/1.1.1/parent-1.1.1.pom
[INFO] Downloaded: http://repo.maven.apache.org/maven2/net/minidev/parent/1.1.1/parent-1.1.1.pom (11 KB at 441.7 KB/sec)
[INFO] Downloading: http://repo.maven.apache.org/maven2/org/apache/httpcomponents/httpclient/4.2.3/httpclient-4.2.3.pom
[INFO] Downloaded: http://repo.maven.apache.org/maven2/org/apache/httpcomponents/httpclient/4.2.3/httpclient-4.2.3.pom (6 KB at 222.0 KB/sec)
[INFO] Downloading: http://repo.maven.apache.org/maven2/org/apache/httpcomponents/httpcomponents-client/4.2.3/httpcomponents-client-4.2.3.pom
[INFO] Downloaded: http://repo.maven.apache.org/maven2/org/apache/httpcomponents/httpcomponents-client/4.2.3/httpcomponents-client-4.2.3.pom (15 KB at 528.2 KB/sec)
[INFO] Downloading: http://repo.maven.apache.org/maven2/org/apache/httpcomponents/project/6/project-6.pom
[INFO] Downloaded: http://repo.maven.apache.org/maven2/org/apache/httpcomponents/project/6/project-6.pom (24 KB at 900.9 KB/sec)
[INFO] Downloading: http://repo.maven.apache.org/maven2/org/apache/httpcomponents/httpcore/4.2.2/httpcore-4.2.2.pom
[INFO] Downloaded: http://repo.maven.apache.org/maven2/org/apache/httpcomponents/httpcore/4.2.2/httpcore-4.2.2.pom (6 KB at 241.3 KB/sec)
[INFO] Downloading: http://repo.maven.apache.org/maven2/org/apache/httpcomponents/httpcomponents-core/4.2.2/httpcomponents-core-4.2.2.pom
[INFO] Downloaded: http://repo.maven.apache.org/maven2/org/apache/httpcomponents/httpcomponents-core/4.2.2/httpcomponents-core-4.2.2.pom (12 KB at 400.1 KB/sec)
[INFO] Downloading: http://repo.maven.apache.org/maven2/commons-codec/commons-codec/1.6/commons-codec-1.6.pom
[INFO] Downloaded: http://repo.maven.apache.org/maven2/commons-codec/commons-codec/1.6/commons-codec-1.6.pom (11 KB at 473.7 KB/sec)
[INFO] Downloading: http://repo.maven.apache.org/maven2/org/apache/commons/commons-parent/22/commons-parent-22.pom
[INFO] Downloaded: http://repo.maven.apache.org/maven2/org/apache/commons/commons-parent/22/commons-parent-22.pom (41 KB at 1204.0 KB/sec)
[INFO] Downloading: http://repo.maven.apache.org/maven2/org/apache/apache/9/apache-9.pom
[INFO] Downloaded: http://repo.maven.apache.org/maven2/org/apache/apache/9/apache-9.pom (15 KB at 548.3 KB/sec)
[INFO] Downloading: http://repo.maven.apache.org/maven2/com/fasterxml/jackson/core/jackson-annotations/2.1.2/jackson-annotations-2.1.2.pom
[INFO] Downloaded: http://repo.maven.apache.org/maven2/com/fasterxml/jackson/core/jackson-annotations/2.1.2/jackson-annotations-2.1.2.pom (2 KB at 86.6 KB/sec)
[INFO] Downloading: http://repo.maven.apache.org/maven2/junit/junit-dep/4.10/junit-dep-4.10.pom
[INFO] Downloaded: http://repo.maven.apache.org/maven2/junit/junit-dep/4.10/junit-dep-4.10.pom (3 KB at 99.7 KB/sec)
[INFO] Downloading: http://repo.maven.apache.org/maven2/com/google/guava/guava/13.0.1/guava-13.0.1.pom
[INFO] Downloaded: http://repo.maven.apache.org/maven2/com/google/guava/guava/13.0.1/guava-13.0.1.pom (6 KB at 227.0 KB/sec)
[INFO] Downloading: http://repo.maven.apache.org/maven2/com/google/guava/guava-parent/13.0.1/guava-parent-13.0.1.pom
[INFO] Downloaded: http://repo.maven.apache.org/maven2/com/google/guava/guava-parent/13.0.1/guava-parent-13.0.1.pom (3 KB at 113.4 KB/sec)
[INFO] Downloading: http://repo.maven.apache.org/maven2/com/fasterxml/jackson/core/jackson-databind/2.1.2/jackson-databind-2.1.2.pom
[INFO] Downloaded: http://repo.maven.apache.org/maven2/com/fasterxml/jackson/core/jackson-databind/2.1.2/jackson-databind-2.1.2.pom (6 KB at 248.5 KB/sec)
[INFO] Downloading: http://repo.maven.apache.org/maven2/com/fasterxml/jackson/core/jackson-annotations/2.1.1/jackson-annotations-2.1.1.pom
[INFO] Downloaded: http://repo.maven.apache.org/maven2/com/fasterxml/jackson/core/jackson-annotations/2.1.1/jackson-annotations-2.1.1.pom (2 KB at 79.1 KB/sec)
[INFO] Downloading: http://repo.maven.apache.org/maven2/com/fasterxml/jackson/core/jackson-core/2.1.1/jackson-core-2.1.1.pom
[INFO] Downloaded: http://repo.maven.apache.org/maven2/com/fasterxml/jackson/core/jackson-core/2.1.1/jackson-core-2.1.1.pom (6 KB at 250.2 KB/sec)
[INFO] Downloading: http://repo.maven.apache.org/maven2/com/google/code/gson/gson/2.2.4/gson-2.2.4.pom
[INFO] Downloaded: http://repo.maven.apache.org/maven2/com/google/code/gson/gson/2.2.4/gson-2.2.4.pom (8 KB at 341.3 KB/sec)
[INFO] Downloading: http://repo.maven.apache.org/maven2/com/google/guava/guava/16.0/guava-16.0.pom
[INFO] Downloaded: http://repo.maven.apache.org/maven2/com/google/guava/guava/16.0/guava-16.0.pom (6 KB at 270.8 KB/sec)
[INFO] Downloading: http://repo.maven.apache.org/maven2/com/google/guava/guava-parent/16.0/guava-parent-16.0.pom
[INFO] Downloaded: http://repo.maven.apache.org/maven2/com/google/guava/guava-parent/16.0/guava-parent-16.0.pom (8 KB at 311.4 KB/sec)
[INFO] Downloading: http://repo.maven.apache.org/maven2/javax/servlet/servlet-api/2.4/servlet-api-2.4.pom
[INFO] Downloaded: http://repo.maven.apache.org/maven2/javax/servlet/servlet-api/2.4/servlet-api-2.4.pom (156 B at 7.6 KB/sec)
[INFO] Downloading: http://repo.maven.apache.org/maven2/org/springframework/spring-beans/3.1.2.RELEASE/spring-beans-3.1.2.RELEASE.pom
[INFO] Downloaded: http://repo.maven.apache.org/maven2/org/springframework/spring-beans/3.1.2.RELEASE/spring-beans-3.1.2.RELEASE.pom (3 KB at 115.0 KB/sec)
[INFO] Downloading: http://repo.maven.apache.org/maven2/org/springframework/spring-parent/3.1.2.RELEASE/spring-parent-3.1.2.RELEASE.pom
[INFO] Downloaded: http://repo.maven.apache.org/maven2/org/springframework/spring-parent/3.1.2.RELEASE/spring-parent-3.1.2.RELEASE.pom (9 KB at 355.4 KB/sec)
[INFO] Downloading: http://repo.maven.apache.org/maven2/org/springframework/spring-core/3.1.2.RELEASE/spring-core-3.1.2.RELEASE.pom
[INFO] Downloaded: http://repo.maven.apache.org/maven2/org/springframework/spring-core/3.1.2.RELEASE/spring-core-3.1.2.RELEASE.pom (3 KB at 116.1 KB/sec)
[INFO] Downloading: http://repo.maven.apache.org/maven2/org/springframework/spring-asm/3.1.2.RELEASE/spring-asm-3.1.2.RELEASE.pom
[INFO] Downloaded: http://repo.maven.apache.org/maven2/org/springframework/spring-asm/3.1.2.RELEASE/spring-asm-3.1.2.RELEASE.pom (3 KB at 111.8 KB/sec)
[INFO] Downloading: http://repo.maven.apache.org/maven2/redis/clients/jedis/2.1.0/jedis-2.1.0.pom
[INFO] Downloaded: http://repo.maven.apache.org/maven2/redis/clients/jedis/2.1.0/jedis-2.1.0.pom (4 KB at 138.1 KB/sec)
[INFO] Downloading: http://repo.maven.apache.org/maven2/commons-collections/commons-collections/3.2/commons-collections-3.2.jar
[INFO] Downloading: http://repo.maven.apache.org/maven2/commons-lang/commons-lang/2.4/commons-lang-2.4.jar
[INFO] Downloading: http://repo.maven.apache.org/maven2/commons-io/commons-io/1.4/commons-io-1.4.jar
[INFO] Downloading: http://repo.maven.apache.org/maven2/commons-logging/commons-logging/1.0.4/commons-logging-1.0.4.jar
[INFO] Downloading: http://repo.maven.apache.org/maven2/commons-pool/commons-pool/1.4/commons-pool-1.4.jar
[INFO] Downloaded: http://repo.maven.apache.org/maven2/commons-lang/commons-lang/2.4/commons-lang-2.4.jar (256 KB at 5217.8 KB/sec)
[INFO] Downloading: http://repo.maven.apache.org/maven2/org/slf4j/slf4j-api/1.7.6/slf4j-api-1.7.6.jar
[INFO] Downloaded: http://repo.maven.apache.org/maven2/org/slf4j/slf4j-api/1.7.6/slf4j-api-1.7.6.jar (29 KB at 560.3 KB/sec)
[INFO] Downloading: http://repo.maven.apache.org/maven2/javax/mail/mail/1.4.7/mail-1.4.7.jar
[INFO] Downloaded: http://repo.maven.apache.org/maven2/commons-logging/commons-logging/1.0.4/commons-logging-1.0.4.jar (38 KB at 403.5 KB/sec)
[INFO] Downloading: http://repo.maven.apache.org/maven2/javax/activation/activation/1.1/activation-1.1.jar
[INFO] Downloaded: http://repo.maven.apache.org/maven2/javax/mail/mail/1.4.7/mail-1.4.7.jar (509 KB at 5472.5 KB/sec)
[INFO] Downloading: http://repo.maven.apache.org/maven2/com/googlecode/jmockit/jmockit/1.5/jmockit-1.5.jar
[INFO] Downloaded: http://repo.maven.apache.org/maven2/commons-pool/commons-pool/1.4/commons-pool-1.4.jar (86 KB at 586.5 KB/sec)
[INFO] Downloading: http://repo.maven.apache.org/maven2/com/googlecode/jmockit/jmockit-coverage/0.999.24/jmockit-coverage-0.999.24.jar
[INFO] Downloaded: http://repo.maven.apache.org/maven2/commons-io/commons-io/1.4/commons-io-1.4.jar (107 KB at 598.2 KB/sec)
[INFO] Downloading: http://repo.maven.apache.org/maven2/junit/junit/4.10/junit-4.10.jar
[INFO] Downloaded: http://repo.maven.apache.org/maven2/javax/activation/activation/1.1/activation-1.1.jar (62 KB at 363.9 KB/sec)
[INFO] Downloading: http://repo.maven.apache.org/maven2/org/hamcrest/hamcrest-core/1.1/hamcrest-core-1.1.jar
[INFO] Downloaded: http://repo.maven.apache.org/maven2/commons-collections/commons-collections/3.2/commons-collections-3.2.jar (558 KB at 2501.7 KB/sec)
[INFO] Downloading: http://repo.maven.apache.org/maven2/org/apache/zookeeper/zookeeper/3.3.6/zookeeper-3.3.6.jar
[INFO] Downloaded: http://repo.maven.apache.org/maven2/junit/junit/4.10/junit-4.10.jar (248 KB at 1103.7 KB/sec)
[INFO] Downloading: http://repo.maven.apache.org/maven2/log4j/log4j/1.2.14/log4j-1.2.14.jar
[INFO] Downloaded: http://repo.maven.apache.org/maven2/org/hamcrest/hamcrest-core/1.1/hamcrest-core-1.1.jar (75 KB at 311.9 KB/sec)
[INFO] Downloading: http://repo.maven.apache.org/maven2/jline/jline/0.9.94/jline-0.9.94.jar
[INFO] Downloaded: http://repo.maven.apache.org/maven2/com/googlecode/jmockit/jmockit/1.5/jmockit-1.5.jar (495 KB at 2012.1 KB/sec)
[INFO] Downloading: http://repo.maven.apache.org/maven2/javax/ws/rs/javax.ws.rs-api/2.0-rc1/javax.ws.rs-api-2.0-rc1.jar
[INFO] Downloaded: http://repo.maven.apache.org/maven2/javax/ws/rs/javax.ws.rs-api/2.0-rc1/javax.ws.rs-api-2.0-rc1.jar (106 KB at 378.9 KB/sec)
[INFO] Downloading: http://repo.maven.apache.org/maven2/javax/annotation/javax.annotation-api/1.2-b02/javax.annotation-api-1.2-b02.jar
[INFO] Downloaded: http://repo.maven.apache.org/maven2/log4j/log4j/1.2.14/log4j-1.2.14.jar (359 KB at 1268.0 KB/sec)
[INFO] Downloading: http://repo.maven.apache.org/maven2/org/glassfish/jersey/media/jersey-media-json-jackson/2.0-m13/jersey-media-json-jackson-2.0-m13.jar
[INFO] Downloaded: http://repo.maven.apache.org/maven2/org/apache/zookeeper/zookeeper/3.3.6/zookeeper-3.3.6.jar (594 KB at 1973.4 KB/sec)
[INFO] Downloading: http://repo.maven.apache.org/maven2/org/glassfish/jersey/core/jersey-common/2.0-m13/jersey-common-2.0-m13.jar
[INFO] Downloaded: http://repo.maven.apache.org/maven2/javax/annotation/javax.annotation-api/1.2-b02/javax.annotation-api-1.2-b02.jar (26 KB at 82.8 KB/sec)
[INFO] Downloading: http://repo.maven.apache.org/maven2/org/codehaus/jackson/jackson-core-asl/1.9.8/jackson-core-asl-1.9.8.jar
[INFO] Downloaded: http://repo.maven.apache.org/maven2/org/glassfish/jersey/media/jersey-media-json-jackson/2.0-m13/jersey-media-json-jackson-2.0-m13.jar (5 KB at 14.4 KB/sec)
[INFO] Downloading: http://repo.maven.apache.org/maven2/org/codehaus/jackson/jackson-mapper-asl/1.9.8/jackson-mapper-asl-1.9.8.jar
[INFO] Downloaded: http://repo.maven.apache.org/maven2/org/codehaus/jackson/jackson-core-asl/1.9.8/jackson-core-asl-1.9.8.jar (224 KB at 650.6 KB/sec)
[INFO] Downloading: http://repo.maven.apache.org/maven2/org/codehaus/jackson/jackson-jaxrs/1.9.8/jackson-jaxrs-1.9.8.jar
[INFO] Downloaded: http://repo.maven.apache.org/maven2/jline/jline/0.9.94/jline-0.9.94.jar (86 KB at 243.0 KB/sec)
[INFO] Downloading: http://repo.maven.apache.org/maven2/org/codehaus/jackson/jackson-xc/1.9.8/jackson-xc-1.9.8.jar
[INFO] Downloaded: http://repo.maven.apache.org/maven2/org/codehaus/jackson/jackson-mapper-asl/1.9.8/jackson-mapper-asl-1.9.8.jar (763 KB at 2093.5 KB/sec)
[INFO] Downloading: http://repo.maven.apache.org/maven2/org/glassfish/jersey/core/jersey-client/2.0-m13/jersey-client-2.0-m13.jar
[INFO] Downloaded: http://repo.maven.apache.org/maven2/org/codehaus/jackson/jackson-jaxrs/1.9.8/jackson-jaxrs-1.9.8.jar (18 KB at 48.8 KB/sec)
[INFO] Downloading: http://repo.maven.apache.org/maven2/com/google/guava/guava/13.0/guava-13.0.jar
[INFO] Downloaded: http://repo.maven.apache.org/maven2/org/codehaus/jackson/jackson-xc/1.9.8/jackson-xc-1.9.8.jar (27 KB at 64.0 KB/sec)
[INFO] Downloading: http://repo.maven.apache.org/maven2/org/glassfish/hk2/hk2-api/2.1.64/hk2-api-2.1.64.jar
[INFO] Downloaded: http://repo.maven.apache.org/maven2/com/googlecode/jmockit/jmockit-coverage/0.999.24/jmockit-coverage-0.999.24.jar (231 KB at 547.6 KB/sec)
[INFO] Downloading: http://repo.maven.apache.org/maven2/org/glassfish/hk2/osgi-resource-locator/1.0.1/osgi-resource-locator-1.0.1.jar
[INFO] Downloaded: http://repo.maven.apache.org/maven2/com/google/guava/guava/13.0/guava-13.0.jar (1847 KB at 4085.8 KB/sec)
[INFO] Downloading: http://repo.maven.apache.org/maven2/javax/inject/javax.inject/1/javax.inject-1.jar
[INFO] Downloaded: http://repo.maven.apache.org/maven2/org/glassfish/jersey/core/jersey-client/2.0-m13/jersey-client-2.0-m13.jar (114 KB at 245.6 KB/sec)
[INFO] Downloading: http://repo.maven.apache.org/maven2/org/glassfish/hk2/hk2-utils/2.1.64/hk2-utils-2.1.64.jar
[INFO] Downloaded: http://repo.maven.apache.org/maven2/javax/inject/javax.inject/1/javax.inject-1.jar (3 KB at 5.2 KB/sec)
[INFO] Downloading: http://repo.maven.apache.org/maven2/org/glassfish/hk2/hk2-locator/2.1.64/hk2-locator-2.1.64.jar
[INFO] Downloaded: http://repo.maven.apache.org/maven2/org/glassfish/hk2/osgi-resource-locator/1.0.1/osgi-resource-locator-1.0.1.jar (20 KB at 41.6 KB/sec)
[INFO] Downloading: http://repo.maven.apache.org/maven2/org/glassfish/hk2/external/javax.inject/2.1.64/javax.inject-2.1.64.jar
[INFO] Downloaded: http://repo.maven.apache.org/maven2/org/glassfish/hk2/hk2-utils/2.1.64/hk2-utils-2.1.64.jar (51 KB at 103.2 KB/sec)
[INFO] Downloading: http://repo.maven.apache.org/maven2/org/glassfish/hk2/external/asm-all-repackaged/2.1.64/asm-all-repackaged-2.1.64.jar
[INFO] Downloaded: http://repo.maven.apache.org/maven2/org/glassfish/hk2/external/javax.inject/2.1.64/javax.inject-2.1.64.jar (7 KB at 12.9 KB/sec)
[INFO] Downloading: http://repo.maven.apache.org/maven2/org/glassfish/hk2/external/cglib/2.1.64/cglib-2.1.64.jar
[INFO] Downloaded: http://repo.maven.apache.org/maven2/org/glassfish/hk2/hk2-locator/2.1.64/hk2-locator-2.1.64.jar (120 KB at 238.1 KB/sec)
[INFO] Downloading: http://repo.maven.apache.org/maven2/com/github/tomakehurst/wiremock/1.46/wiremock-1.46-standalone.jar
[INFO] Downloaded: http://repo.maven.apache.org/maven2/org/glassfish/jersey/core/jersey-common/2.0-m13/jersey-common-2.0-m13.jar (546 KB at 1057.1 KB/sec)
[INFO] Downloading: http://repo.maven.apache.org/maven2/net/sf/jopt-simple/jopt-simple/4.3/jopt-simple-4.3.jar
[INFO] Downloaded: http://repo.maven.apache.org/maven2/org/glassfish/hk2/external/cglib/2.1.64/cglib-2.1.64.jar (277 KB at 514.4 KB/sec)
[INFO] Downloading: http://repo.maven.apache.org/maven2/xmlunit/xmlunit/1.5/xmlunit-1.5.jar
[INFO] Downloaded: http://repo.maven.apache.org/maven2/net/sf/jopt-simple/jopt-simple/4.3/jopt-simple-4.3.jar (54 KB at 98.5 KB/sec)
[INFO] Downloading: http://repo.maven.apache.org/maven2/com/fasterxml/jackson/core/jackson-core/2.1.2/jackson-core-2.1.2.jar
[INFO] Downloaded: http://repo.maven.apache.org/maven2/xmlunit/xmlunit/1.5/xmlunit-1.5.jar (96 KB at 169.4 KB/sec)
[INFO] Downloading: http://repo.maven.apache.org/maven2/org/mortbay/jetty/jetty/6.1.14/jetty-6.1.14.jar
[INFO] Downloaded: http://repo.maven.apache.org/maven2/com/fasterxml/jackson/core/jackson-core/2.1.2/jackson-core-2.1.2.jar (202 KB at 351.0 KB/sec)
[INFO] Downloading: http://repo.maven.apache.org/maven2/org/mortbay/jetty/servlet-api-2.5/6.1.14/servlet-api-2.5-6.1.14.jar
[INFO] Downloaded: http://repo.maven.apache.org/maven2/org/mortbay/jetty/servlet-api-2.5/6.1.14/servlet-api-2.5-6.1.14.jar (130 KB at 210.2 KB/sec)
[INFO] Downloading: http://repo.maven.apache.org/maven2/org/skyscreamer/jsonassert/1.2.1/jsonassert-1.2.1.jar
[INFO] Downloaded: http://repo.maven.apache.org/maven2/org/mortbay/jetty/jetty/6.1.14/jetty-6.1.14.jar (505 KB at 809.5 KB/sec)
[INFO] Downloading: http://repo.maven.apache.org/maven2/org/json/json/20090211/json-20090211.jar
[INFO] Downloaded: http://repo.maven.apache.org/maven2/org/glassfish/hk2/external/asm-all-repackaged/2.1.64/asm-all-repackaged-2.1.64.jar (303 KB at 484.3 KB/sec)
[INFO] Downloading: http://repo.maven.apache.org/maven2/com/jayway/jsonpath/json-path/0.8.1/json-path-0.8.1.jar
[INFO] Downloaded: http://repo.maven.apache.org/maven2/org/skyscreamer/jsonassert/1.2.1/jsonassert-1.2.1.jar (20 KB at 31.0 KB/sec)
[INFO] Downloading: http://repo.maven.apache.org/maven2/net/minidev/json-smart/1.1.1/json-smart-1.1.1.jar
[INFO] Downloaded: http://repo.maven.apache.org/maven2/org/json/json/20090211/json-20090211.jar (45 KB at 68.9 KB/sec)
[INFO] Downloading: http://repo.maven.apache.org/maven2/org/apache/httpcomponents/httpclient/4.2.3/httpclient-4.2.3.jar
[INFO] Downloaded: http://repo.maven.apache.org/maven2/com/jayway/jsonpath/json-path/0.8.1/json-path-0.8.1.jar (66 KB at 99.5 KB/sec)
[INFO] Downloading: http://repo.maven.apache.org/maven2/org/apache/httpcomponents/httpcore/4.2.2/httpcore-4.2.2.jar
[INFO] Downloaded: http://repo.maven.apache.org/maven2/net/minidev/json-smart/1.1.1/json-smart-1.1.1.jar (51 KB at 75.3 KB/sec)
[INFO] Downloading: http://repo.maven.apache.org/maven2/commons-codec/commons-codec/1.6/commons-codec-1.6.jar
[INFO] Downloaded: http://repo.maven.apache.org/maven2/org/glassfish/hk2/hk2-api/2.1.64/hk2-api-2.1.64.jar (112 KB at 161.0 KB/sec)
[INFO] Downloading: http://repo.maven.apache.org/maven2/com/fasterxml/jackson/core/jackson-annotations/2.1.2/jackson-annotations-2.1.2.jar
[INFO] Downloaded: http://repo.maven.apache.org/maven2/org/apache/httpcomponents/httpcore/4.2.2/httpcore-4.2.2.jar (219 KB at 312.3 KB/sec)
[INFO] Downloading: http://repo.maven.apache.org/maven2/junit/junit-dep/4.10/junit-dep-4.10.jar
[INFO] Downloaded: http://repo.maven.apache.org/maven2/org/apache/httpcomponents/httpclient/4.2.3/httpclient-4.2.3.jar (423 KB at 585.0 KB/sec)
[INFO] Downloading: http://repo.maven.apache.org/maven2/com/fasterxml/jackson/core/jackson-databind/2.1.2/jackson-databind-2.1.2.jar
[INFO] Downloaded: http://repo.maven.apache.org/maven2/commons-codec/commons-codec/1.6/commons-codec-1.6.jar (228 KB at 312.2 KB/sec)
[INFO] Downloading: http://repo.maven.apache.org/maven2/com/google/code/gson/gson/2.2.4/gson-2.2.4.jar
[INFO] Downloaded: http://repo.maven.apache.org/maven2/com/github/tomakehurst/wiremock/1.46/wiremock-1.46-standalone.jar (6103 KB at 8292.1 KB/sec)
[INFO] Downloading: http://repo.maven.apache.org/maven2/com/google/guava/guava/16.0/guava-16.0-site.jar
[INFO] Downloaded: http://repo.maven.apache.org/maven2/junit/junit-dep/4.10/junit-dep-4.10.jar (229 KB at 309.3 KB/sec)
[INFO] Downloading: http://repo.maven.apache.org/maven2/javax/servlet/servlet-api/2.4/servlet-api-2.4.jar
[INFO] Downloaded: http://repo.maven.apache.org/maven2/com/fasterxml/jackson/core/jackson-annotations/2.1.2/jackson-annotations-2.1.2.jar (34 KB at 44.1 KB/sec)
[INFO] Downloading: http://repo.maven.apache.org/maven2/org/mortbay/jetty/jetty-util/6.1.14/jetty-util-6.1.14.jar
[INFO] Downloaded: http://repo.maven.apache.org/maven2/javax/servlet/servlet-api/2.4/servlet-api-2.4.jar (96 KB at 124.5 KB/sec)
[INFO] Downloading: http://repo.maven.apache.org/maven2/org/springframework/spring-beans/3.1.2.RELEASE/spring-beans-3.1.2.RELEASE.jar
[INFO] Downloaded: http://repo.maven.apache.org/maven2/com/google/code/gson/gson/2.2.4/gson-2.2.4.jar (186 KB at 241.2 KB/sec)
[INFO] Downloaded: http://repo.maven.apache.org/maven2/com/google/guava/guava/16.0/guava-16.0-site.jar (16 KB at 19.7 KB/sec)
[INFO] Downloaded: http://repo.maven.apache.org/maven2/com/fasterxml/jackson/core/jackson-databind/2.1.2/jackson-databind-2.1.2.jar (904 KB at 1172.8 KB/sec)
[INFO] Downloading: http://repo.maven.apache.org/maven2/org/springframework/spring-core/3.1.2.RELEASE/spring-core-3.1.2.RELEASE.jar
[INFO] Downloading: http://repo.maven.apache.org/maven2/org/springframework/spring-asm/3.1.2.RELEASE/spring-asm-3.1.2.RELEASE.jar
[INFO] Downloading: http://repo.maven.apache.org/maven2/redis/clients/jedis/2.1.0/jedis-2.1.0.jar
[INFO] Downloaded: http://repo.maven.apache.org/maven2/redis/clients/jedis/2.1.0/jedis-2.1.0.jar (137 KB at 168.3 KB/sec)
[INFO] Downloaded: http://repo.maven.apache.org/maven2/org/springframework/spring-beans/3.1.2.RELEASE/spring-beans-3.1.2.RELEASE.jar (579 KB at 714.9 KB/sec)
[INFO] Downloaded: http://repo.maven.apache.org/maven2/org/springframework/spring-asm/3.1.2.RELEASE/spring-asm-3.1.2.RELEASE.jar (52 KB at 63.8 KB/sec)
[INFO] Downloaded: http://repo.maven.apache.org/maven2/org/springframework/spring-core/3.1.2.RELEASE/spring-core-3.1.2.RELEASE.jar (440 KB at 538.1 KB/sec)
[INFO] Downloaded: http://repo.maven.apache.org/maven2/org/mortbay/jetty/jetty-util/6.1.14/jetty-util-6.1.14.jar (160 KB at 163.7 KB/sec)
[INFO] 
[INFO] --- maven-resources-plugin:2.6:resources (default-resources) @ disconf-core ---
[INFO] Downloading: https://repo.maven.apache.org/maven2/org/apache/maven/maven-core/2.0.6/maven-core-2.0.6.pom
[INFO] Downloaded: https://repo.maven.apache.org/maven2/org/apache/maven/maven-core/2.0.6/maven-core-2.0.6.pom (7 KB at 54.6 KB/sec)
[INFO] Downloading: https://repo.maven.apache.org/maven2/org/apache/maven/maven-plugin-parameter-documenter/2.0.6/maven-plugin-parameter-documenter-2.0.6.pom
[INFO] Downloaded: https://repo.maven.apache.org/maven2/org/apache/maven/maven-plugin-parameter-documenter/2.0.6/maven-plugin-parameter-documenter-2.0.6.pom (2 KB at 17.6 KB/sec)
[INFO] Downloading: https://repo.maven.apache.org/maven2/org/apache/maven/reporting/maven-reporting-api/2.0.6/maven-reporting-api-2.0.6.pom
[INFO] Downloaded: https://repo.maven.apache.org/maven2/org/apache/maven/reporting/maven-reporting-api/2.0.6/maven-reporting-api-2.0.6.pom (2 KB at 15.7 KB/sec)
[INFO] Downloading: https://repo.maven.apache.org/maven2/org/apache/maven/reporting/maven-reporting/2.0.6/maven-reporting-2.0.6.pom
[INFO] Downloaded: https://repo.maven.apache.org/maven2/org/apache/maven/reporting/maven-reporting/2.0.6/maven-reporting-2.0.6.pom (2 KB at 13.5 KB/sec)
[INFO] Downloading: https://repo.maven.apache.org/maven2/org/apache/maven/doxia/doxia-sink-api/1.0-alpha-7/doxia-sink-api-1.0-alpha-7.pom
[INFO] Downloaded: https://repo.maven.apache.org/maven2/org/apache/maven/doxia/doxia-sink-api/1.0-alpha-7/doxia-sink-api-1.0-alpha-7.pom (424 B at 3.9 KB/sec)
[INFO] Downloading: https://repo.maven.apache.org/maven2/org/apache/maven/doxia/doxia/1.0-alpha-7/doxia-1.0-alpha-7.pom
[INFO] Downloaded: https://repo.maven.apache.org/maven2/org/apache/maven/doxia/doxia/1.0-alpha-7/doxia-1.0-alpha-7.pom (4 KB at 35.1 KB/sec)
[INFO] Downloading: https://repo.maven.apache.org/maven2/org/apache/maven/maven-error-diagnostics/2.0.6/maven-error-diagnostics-2.0.6.pom
[INFO] Downloaded: https://repo.maven.apache.org/maven2/org/apache/maven/maven-error-diagnostics/2.0.6/maven-error-diagnostics-2.0.6.pom (2 KB at 15.3 KB/sec)
[INFO] Downloading: https://repo.maven.apache.org/maven2/commons-cli/commons-cli/1.0/commons-cli-1.0.pom
[INFO] Downloaded: https://repo.maven.apache.org/maven2/commons-cli/commons-cli/1.0/commons-cli-1.0.pom (3 KB at 18.5 KB/sec)
[INFO] Downloading: https://repo.maven.apache.org/maven2/org/apache/maven/maven-plugin-descriptor/2.0.6/maven-plugin-descriptor-2.0.6.pom
[INFO] Downloaded: https://repo.maven.apache.org/maven2/org/apache/maven/maven-plugin-descriptor/2.0.6/maven-plugin-descriptor-2.0.6.pom (2 KB at 17.9 KB/sec)
[INFO] Downloading: https://repo.maven.apache.org/maven2/org/codehaus/plexus/plexus-interactivity-api/1.0-alpha-4/plexus-interactivity-api-1.0-alpha-4.pom
[INFO] Downloaded: https://repo.maven.apache.org/maven2/org/codehaus/plexus/plexus-interactivity-api/1.0-alpha-4/plexus-interactivity-api-1.0-alpha-4.pom (7 KB at 63.0 KB/sec)
[INFO] Downloading: https://repo.maven.apache.org/maven2/org/apache/maven/maven-monitor/2.0.6/maven-monitor-2.0.6.pom
[INFO] Downloaded: https://repo.maven.apache.org/maven2/org/apache/maven/maven-monitor/2.0.6/maven-monitor-2.0.6.pom (2 KB at 11.9 KB/sec)
[INFO] Downloading: https://repo.maven.apache.org/maven2/classworlds/classworlds/1.1/classworlds-1.1.pom
[INFO] Downloaded: https://repo.maven.apache.org/maven2/classworlds/classworlds/1.1/classworlds-1.1.pom (4 KB at 31.8 KB/sec)
[INFO] Downloading: https://repo.maven.apache.org/maven2/org/codehaus/plexus/plexus-utils/2.0.5/plexus-utils-2.0.5.pom
[INFO] Downloaded: https://repo.maven.apache.org/maven2/org/codehaus/plexus/plexus-utils/2.0.5/plexus-utils-2.0.5.pom (4 KB at 29.3 KB/sec)
[INFO] Downloading: https://repo.maven.apache.org/maven2/org/codehaus/plexus/plexus/2.0.6/plexus-2.0.6.pom
[INFO] Downloaded: https://repo.maven.apache.org/maven2/org/codehaus/plexus/plexus/2.0.6/plexus-2.0.6.pom (17 KB at 151.6 KB/sec)
[INFO] Downloading: https://repo.maven.apache.org/maven2/org/apache/maven/shared/maven-filtering/1.1/maven-filtering-1.1.pom
[INFO] Downloaded: https://repo.maven.apache.org/maven2/org/apache/maven/shared/maven-filtering/1.1/maven-filtering-1.1.pom (6 KB at 52.3 KB/sec)
[INFO] Downloading: https://repo.maven.apache.org/maven2/org/apache/maven/shared/maven-shared-components/17/maven-shared-components-17.pom
[INFO] Downloaded: https://repo.maven.apache.org/maven2/org/apache/maven/shared/maven-shared-components/17/maven-shared-components-17.pom (9 KB at 76.6 KB/sec)
[INFO] Downloading: https://repo.maven.apache.org/maven2/org/codehaus/plexus/plexus-utils/1.5.15/plexus-utils-1.5.15.pom
[INFO] Downloaded: https://repo.maven.apache.org/maven2/org/codehaus/plexus/plexus-utils/1.5.15/plexus-utils-1.5.15.pom (7 KB at 62.5 KB/sec)
[INFO] Downloading: https://repo.maven.apache.org/maven2/org/codehaus/plexus/plexus/2.0.2/plexus-2.0.2.pom
[INFO] Downloaded: https://repo.maven.apache.org/maven2/org/codehaus/plexus/plexus/2.0.2/plexus-2.0.2.pom (12 KB at 98.6 KB/sec)
[INFO] Downloading: https://repo.maven.apache.org/maven2/org/codehaus/plexus/plexus-interpolation/1.12/plexus-interpolation-1.12.pom
[INFO] Downloaded: https://repo.maven.apache.org/maven2/org/codehaus/plexus/plexus-interpolation/1.12/plexus-interpolation-1.12.pom (889 B at 7.8 KB/sec)
[INFO] Downloading: https://repo.maven.apache.org/maven2/org/codehaus/plexus/plexus-components/1.1.14/plexus-components-1.1.14.pom
[INFO] Downloaded: https://repo.maven.apache.org/maven2/org/codehaus/plexus/plexus-components/1.1.14/plexus-components-1.1.14.pom (6 KB at 51.4 KB/sec)
[INFO] Downloading: https://repo.maven.apache.org/maven2/org/sonatype/plexus/plexus-build-api/0.0.4/plexus-build-api-0.0.4.pom
[INFO] Downloaded: https://repo.maven.apache.org/maven2/org/sonatype/plexus/plexus-build-api/0.0.4/plexus-build-api-0.0.4.pom (3 KB at 24.7 KB/sec)
[INFO] Downloading: https://repo.maven.apache.org/maven2/org/sonatype/spice/spice-parent/10/spice-parent-10.pom
[INFO] Downloaded: https://repo.maven.apache.org/maven2/org/sonatype/spice/spice-parent/10/spice-parent-10.pom (3 KB at 26.8 KB/sec)
[INFO] Downloading: https://repo.maven.apache.org/maven2/org/sonatype/forge/forge-parent/3/forge-parent-3.pom
[INFO] Downloaded: https://repo.maven.apache.org/maven2/org/sonatype/forge/forge-parent/3/forge-parent-3.pom (5 KB at 45.5 KB/sec)
[INFO] Downloading: https://repo.maven.apache.org/maven2/org/codehaus/plexus/plexus-utils/1.5.8/plexus-utils-1.5.8.pom
[INFO] Downloaded: https://repo.maven.apache.org/maven2/org/codehaus/plexus/plexus-utils/1.5.8/plexus-utils-1.5.8.pom (8 KB at 73.6 KB/sec)
[INFO] Downloading: https://repo.maven.apache.org/maven2/org/codehaus/plexus/plexus-interpolation/1.13/plexus-interpolation-1.13.pom
[INFO] Downloaded: https://repo.maven.apache.org/maven2/org/codehaus/plexus/plexus-interpolation/1.13/plexus-interpolation-1.13.pom (890 B at 8.0 KB/sec)
[INFO] Downloading: https://repo.maven.apache.org/maven2/org/codehaus/plexus/plexus-components/1.1.15/plexus-components-1.1.15.pom
[INFO] Downloaded: https://repo.maven.apache.org/maven2/org/codehaus/plexus/plexus-components/1.1.15/plexus-components-1.1.15.pom (3 KB at 26.0 KB/sec)
[INFO] Downloading: https://repo.maven.apache.org/maven2/org/codehaus/plexus/plexus/2.0.3/plexus-2.0.3.pom
[INFO] Downloaded: https://repo.maven.apache.org/maven2/org/codehaus/plexus/plexus/2.0.3/plexus-2.0.3.pom (16 KB at 142.4 KB/sec)
[INFO] Downloading: https://repo.maven.apache.org/maven2/org/apache/maven/reporting/maven-reporting-api/2.0.6/maven-reporting-api-2.0.6.jar
[INFO] Downloading: https://repo.maven.apache.org/maven2/org/apache/maven/doxia/doxia-sink-api/1.0-alpha-7/doxia-sink-api-1.0-alpha-7.jar
[INFO] Downloading: https://repo.maven.apache.org/maven2/commons-cli/commons-cli/1.0/commons-cli-1.0.jar
[INFO] Downloading: https://repo.maven.apache.org/maven2/org/codehaus/plexus/plexus-interactivity-api/1.0-alpha-4/plexus-interactivity-api-1.0-alpha-4.jar
[INFO] Downloading: https://repo.maven.apache.org/maven2/org/codehaus/plexus/plexus-utils/2.0.5/plexus-utils-2.0.5.jar
[INFO] Downloaded: https://repo.maven.apache.org/maven2/org/apache/maven/reporting/maven-reporting-api/2.0.6/maven-reporting-api-2.0.6.jar (10 KB at 92.5 KB/sec)
[INFO] Downloading: https://repo.maven.apache.org/maven2/org/apache/maven/shared/maven-filtering/1.1/maven-filtering-1.1.jar
[INFO] Downloaded: https://repo.maven.apache.org/maven2/org/apache/maven/doxia/doxia-sink-api/1.0-alpha-7/doxia-sink-api-1.0-alpha-7.jar (6 KB at 53.2 KB/sec)
[INFO] Downloading: https://repo.maven.apache.org/maven2/org/sonatype/plexus/plexus-build-api/0.0.4/plexus-build-api-0.0.4.jar
[INFO] Downloaded: https://repo.maven.apache.org/maven2/commons-cli/commons-cli/1.0/commons-cli-1.0.jar (30 KB at 241.1 KB/sec)
[INFO] Downloading: https://repo.maven.apache.org/maven2/org/codehaus/plexus/plexus-interpolation/1.13/plexus-interpolation-1.13.jar
[INFO] Downloaded: https://repo.maven.apache.org/maven2/org/codehaus/plexus/plexus-interactivity-api/1.0-alpha-4/plexus-interactivity-api-1.0-alpha-4.jar (14 KB at 97.0 KB/sec)
[INFO] Downloaded: https://repo.maven.apache.org/maven2/org/codehaus/plexus/plexus-utils/2.0.5/plexus-utils-2.0.5.jar (218 KB at 1245.4 KB/sec)
[INFO] Downloaded: https://repo.maven.apache.org/maven2/org/sonatype/plexus/plexus-build-api/0.0.4/plexus-build-api-0.0.4.jar (7 KB at 29.7 KB/sec)
[INFO] Downloaded: https://repo.maven.apache.org/maven2/org/apache/maven/shared/maven-filtering/1.1/maven-filtering-1.1.jar (43 KB at 185.4 KB/sec)
[INFO] Downloaded: https://repo.maven.apache.org/maven2/org/codehaus/plexus/plexus-interpolation/1.13/plexus-interpolation-1.13.jar (60 KB at 252.7 KB/sec)
[INFO] Using 'UTF-8' encoding to copy filtered resources.
[INFO] Copying 0 resource
[INFO] skip non existing resourceDirectory /home/travis/build/knightliao/disconf/disconf-core/src/main/resources
[INFO] 
[INFO] --- maven-compiler-plugin:2.3.1:compile (default-compile) @ disconf-core ---
[INFO] Downloading: https://repo.maven.apache.org/maven2/org/codehaus/plexus/plexus-compiler-javac/1.8.1/plexus-compiler-javac-1.8.1.pom
[INFO] Downloaded: https://repo.maven.apache.org/maven2/org/codehaus/plexus/plexus-compiler-javac/1.8.1/plexus-compiler-javac-1.8.1.pom (710 B at 6.4 KB/sec)
[INFO] Downloading: https://repo.maven.apache.org/maven2/org/codehaus/plexus/plexus-compilers/1.8.1/plexus-compilers-1.8.1.pom
[INFO] Downloaded: https://repo.maven.apache.org/maven2/org/codehaus/plexus/plexus-compilers/1.8.1/plexus-compilers-1.8.1.pom (2 KB at 11.7 KB/sec)
[INFO] Downloading: https://repo.maven.apache.org/maven2/org/codehaus/plexus/plexus-compiler/1.8.1/plexus-compiler-1.8.1.pom
[INFO] Downloaded: https://repo.maven.apache.org/maven2/org/codehaus/plexus/plexus-compiler/1.8.1/plexus-compiler-1.8.1.pom (4 KB at 29.5 KB/sec)
[INFO] Downloading: https://repo.maven.apache.org/maven2/org/codehaus/plexus/plexus-components/1.1.18/plexus-components-1.1.18.pom
[INFO] Downloaded: https://repo.maven.apache.org/maven2/org/codehaus/plexus/plexus-components/1.1.18/plexus-components-1.1.18.pom (6 KB at 48.4 KB/sec)
[INFO] Downloading: https://repo.maven.apache.org/maven2/org/codehaus/plexus/plexus/2.0.7/plexus-2.0.7.pom
[INFO] Downloaded: https://repo.maven.apache.org/maven2/org/codehaus/plexus/plexus/2.0.7/plexus-2.0.7.pom (17 KB at 155.0 KB/sec)
[INFO] Downloading: https://repo.maven.apache.org/maven2/org/codehaus/plexus/plexus-utils/1.5.5/plexus-utils-1.5.5.pom
[INFO] Downloaded: https://repo.maven.apache.org/maven2/org/codehaus/plexus/plexus-utils/1.5.5/plexus-utils-1.5.5.pom (6 KB at 44.5 KB/sec)
[INFO] Downloading: https://repo.maven.apache.org/maven2/org/codehaus/plexus/plexus-compiler-api/1.8.1/plexus-compiler-api-1.8.1.pom
[INFO] Downloaded: https://repo.maven.apache.org/maven2/org/codehaus/plexus/plexus-compiler-api/1.8.1/plexus-compiler-api-1.8.1.pom (805 B at 7.3 KB/sec)
[INFO] Downloading: https://repo.maven.apache.org/maven2/org/codehaus/plexus/plexus-compiler-api/1.8/plexus-compiler-api-1.8.pom
[INFO] Downloaded: https://repo.maven.apache.org/maven2/org/codehaus/plexus/plexus-compiler-api/1.8/plexus-compiler-api-1.8.pom (778 B at 7.1 KB/sec)
[INFO] Downloading: https://repo.maven.apache.org/maven2/org/codehaus/plexus/plexus-compiler/1.8/plexus-compiler-1.8.pom
[INFO] Downloaded: https://repo.maven.apache.org/maven2/org/codehaus/plexus/plexus-compiler/1.8/plexus-compiler-1.8.pom (4 KB at 31.1 KB/sec)
[INFO] Downloading: https://repo.maven.apache.org/maven2/org/codehaus/plexus/plexus-components/1.1.17/plexus-components-1.1.17.pom
[INFO] Downloaded: https://repo.maven.apache.org/maven2/org/codehaus/plexus/plexus-components/1.1.17/plexus-components-1.1.17.pom (6 KB at 48.0 KB/sec)
[INFO] Downloading: https://repo.maven.apache.org/maven2/org/codehaus/plexus/plexus/2.0.5/plexus-2.0.5.pom
[INFO] Downloaded: https://repo.maven.apache.org/maven2/org/codehaus/plexus/plexus/2.0.5/plexus-2.0.5.pom (17 KB at 143.6 KB/sec)
[INFO] Downloading: https://repo.maven.apache.org/maven2/org/apache/maven/maven-toolchain/1.0/maven-toolchain-1.0.pom
[INFO] Downloaded: https://repo.maven.apache.org/maven2/org/apache/maven/maven-toolchain/1.0/maven-toolchain-1.0.pom (4 KB at 32.1 KB/sec)
[INFO] Downloading: https://repo.maven.apache.org/maven2/org/codehaus/plexus/plexus-compiler-manager/1.8/plexus-compiler-manager-1.8.pom
[INFO] Downloaded: https://repo.maven.apache.org/maven2/org/codehaus/plexus/plexus-compiler-manager/1.8/plexus-compiler-manager-1.8.pom (690 B at 6.2 KB/sec)
[INFO] Downloading: https://repo.maven.apache.org/maven2/org/codehaus/plexus/plexus-compiler-javac/1.8.1/plexus-compiler-javac-1.8.1.jar
[INFO] Downloading: https://repo.maven.apache.org/maven2/org/codehaus/plexus/plexus-compiler-api/1.8/plexus-compiler-api-1.8.jar
[INFO] Downloading: https://repo.maven.apache.org/maven2/org/codehaus/plexus/plexus-compiler-manager/1.8/plexus-compiler-manager-1.8.jar
[INFO] Downloaded: https://repo.maven.apache.org/maven2/org/codehaus/plexus/plexus-compiler-manager/1.8/plexus-compiler-manager-1.8.jar (6 KB at 42.9 KB/sec)
[INFO] Downloaded: https://repo.maven.apache.org/maven2/org/codehaus/plexus/plexus-compiler-javac/1.8.1/plexus-compiler-javac-1.8.1.jar (13 KB at 99.4 KB/sec)
[INFO] Downloaded: https://repo.maven.apache.org/maven2/org/codehaus/plexus/plexus-compiler-api/1.8/plexus-compiler-api-1.8.jar (20 KB at 158.4 KB/sec)
[INFO] Compiling 46 source files to /home/travis/build/knightliao/disconf/disconf-core/target/classes
[INFO] 
[INFO] --- maven-resources-plugin:2.6:testResources (default-testResources) @ disconf-core ---
[INFO] Using 'UTF-8' encoding to copy filtered resources.
[INFO] skip non existing resourceDirectory /home/travis/build/knightliao/disconf/disconf-core/src/test/resources
[INFO] 
[INFO] --- maven-compiler-plugin:2.3.1:testCompile (default-testCompile) @ disconf-core ---
[INFO] Compiling 11 source files to /home/travis/build/knightliao/disconf/disconf-core/target/test-classes
[INFO] 
[INFO] --- maven-surefire-plugin:2.5:test (default-test) @ disconf-core ---
[INFO] Downloading: https://repo.maven.apache.org/maven2/org/apache/maven/maven-plugin-api/2.0.9/maven-plugin-api-2.0.9.pom
[INFO] Downloaded: https://repo.maven.apache.org/maven2/org/apache/maven/maven-plugin-api/2.0.9/maven-plugin-api-2.0.9.pom (2 KB at 12.7 KB/sec)
[INFO] Downloading: https://repo.maven.apache.org/maven2/org/apache/maven/maven/2.0.9/maven-2.0.9.pom
[INFO] Downloaded: https://repo.maven.apache.org/maven2/org/apache/maven/maven/2.0.9/maven-2.0.9.pom (19 KB at 160.6 KB/sec)
[INFO] Downloading: https://repo.maven.apache.org/maven2/org/apache/maven/maven-parent/8/maven-parent-8.pom
[INFO] Downloaded: https://repo.maven.apache.org/maven2/org/apache/maven/maven-parent/8/maven-parent-8.pom (24 KB at 220.3 KB/sec)
[INFO] Downloading: https://repo.maven.apache.org/maven2/org/apache/maven/surefire/surefire-booter/2.5/surefire-booter-2.5.pom
[INFO] Downloaded: https://repo.maven.apache.org/maven2/org/apache/maven/surefire/surefire-booter/2.5/surefire-booter-2.5.pom (2 KB at 18.6 KB/sec)
[INFO] Downloading: https://repo.maven.apache.org/maven2/org/apache/maven/surefire/surefire-api/2.5/surefire-api-2.5.pom
[INFO] Downloaded: https://repo.maven.apache.org/maven2/org/apache/maven/surefire/surefire-api/2.5/surefire-api-2.5.pom (3 KB at 18.3 KB/sec)
[INFO] Downloading: https://repo.maven.apache.org/maven2/org/codehaus/plexus/plexus-utils/1.5.9/plexus-utils-1.5.9.pom
[INFO] Downloaded: https://repo.maven.apache.org/maven2/org/codehaus/plexus/plexus-utils/1.5.9/plexus-utils-1.5.9.pom (6 KB at 46.5 KB/sec)
[INFO] Downloading: https://repo.maven.apache.org/maven2/org/apache/maven/maven-artifact/2.0.9/maven-artifact-2.0.9.pom
[INFO] Downloaded: https://repo.maven.apache.org/maven2/org/apache/maven/maven-artifact/2.0.9/maven-artifact-2.0.9.pom (2 KB at 15.2 KB/sec)
[INFO] Downloading: https://repo.maven.apache.org/maven2/org/apache/maven/maven-project/2.0.9/maven-project-2.0.9.pom
[INFO] Downloaded: https://repo.maven.apache.org/maven2/org/apache/maven/maven-project/2.0.9/maven-project-2.0.9.pom (3 KB at 25.4 KB/sec)
[INFO] Downloading: https://repo.maven.apache.org/maven2/org/apache/maven/maven-settings/2.0.9/maven-settings-2.0.9.pom
[INFO] Downloaded: https://repo.maven.apache.org/maven2/org/apache/maven/maven-settings/2.0.9/maven-settings-2.0.9.pom (3 KB at 18.8 KB/sec)
[INFO] Downloading: https://repo.maven.apache.org/maven2/org/apache/maven/maven-model/2.0.9/maven-model-2.0.9.pom
[INFO] Downloaded: https://repo.maven.apache.org/maven2/org/apache/maven/maven-model/2.0.9/maven-model-2.0.9.pom (4 KB at 28.9 KB/sec)
[INFO] Downloading: https://repo.maven.apache.org/maven2/org/apache/maven/maven-profile/2.0.9/maven-profile-2.0.9.pom
[INFO] Downloaded: https://repo.maven.apache.org/maven2/org/apache/maven/maven-profile/2.0.9/maven-profile-2.0.9.pom (3 KB at 19.2 KB/sec)
[INFO] Downloading: https://repo.maven.apache.org/maven2/org/apache/maven/maven-artifact-manager/2.0.9/maven-artifact-manager-2.0.9.pom
[INFO] Downloaded: https://repo.maven.apache.org/maven2/org/apache/maven/maven-artifact-manager/2.0.9/maven-artifact-manager-2.0.9.pom (3 KB at 24.2 KB/sec)
[INFO] Downloading: https://repo.maven.apache.org/maven2/org/apache/maven/maven-repository-metadata/2.0.9/maven-repository-metadata-2.0.9.pom
[INFO] Downloaded: https://repo.maven.apache.org/maven2/org/apache/maven/maven-repository-metadata/2.0.9/maven-repository-metadata-2.0.9.pom (2 KB at 17.5 KB/sec)
[INFO] Downloading: https://repo.maven.apache.org/maven2/org/apache/maven/maven-plugin-registry/2.0.9/maven-plugin-registry-2.0.9.pom
[INFO] Downloaded: https://repo.maven.apache.org/maven2/org/apache/maven/maven-plugin-registry/2.0.9/maven-plugin-registry-2.0.9.pom (2 KB at 18.2 KB/sec)
[INFO] Downloading: https://repo.maven.apache.org/maven2/org/apache/maven/maven-core/2.0.9/maven-core-2.0.9.pom
[INFO] Downloaded: https://repo.maven.apache.org/maven2/org/apache/maven/maven-core/2.0.9/maven-core-2.0.9.pom (8 KB at 67.3 KB/sec)
[INFO] Downloading: https://repo.maven.apache.org/maven2/org/apache/maven/maven-plugin-parameter-documenter/2.0.9/maven-plugin-parameter-documenter-2.0.9.pom
[INFO] Downloaded: https://repo.maven.apache.org/maven2/org/apache/maven/maven-plugin-parameter-documenter/2.0.9/maven-plugin-parameter-documenter-2.0.9.pom (2 KB at 17.4 KB/sec)
[INFO] Downloading: https://repo.maven.apache.org/maven2/org/apache/maven/reporting/maven-reporting-api/2.0.9/maven-reporting-api-2.0.9.pom
[INFO] Downloaded: https://repo.maven.apache.org/maven2/org/apache/maven/reporting/maven-reporting-api/2.0.9/maven-reporting-api-2.0.9.pom (2 KB at 14.8 KB/sec)
[INFO] Downloading: https://repo.maven.apache.org/maven2/org/apache/maven/reporting/maven-reporting/2.0.9/maven-reporting-2.0.9.pom
[INFO] Downloaded: https://repo.maven.apache.org/maven2/org/apache/maven/reporting/maven-reporting/2.0.9/maven-reporting-2.0.9.pom (2 KB at 13.5 KB/sec)
[INFO] Downloading: https://repo.maven.apache.org/maven2/org/apache/maven/doxia/doxia-sink-api/1.0-alpha-10/doxia-sink-api-1.0-alpha-10.pom
[INFO] Downloaded: https://repo.maven.apache.org/maven2/org/apache/maven/doxia/doxia-sink-api/1.0-alpha-10/doxia-sink-api-1.0-alpha-10.pom (2 KB at 12.1 KB/sec)
[INFO] Downloading: https://repo.maven.apache.org/maven2/org/apache/maven/doxia/doxia/1.0-alpha-10/doxia-1.0-alpha-10.pom
[INFO] Downloaded: https://repo.maven.apache.org/maven2/org/apache/maven/doxia/doxia/1.0-alpha-10/doxia-1.0-alpha-10.pom (9 KB at 78.5 KB/sec)
[INFO] Downloading: https://repo.maven.apache.org/maven2/org/apache/maven/maven-parent/6/maven-parent-6.pom
[INFO] Downloaded: https://repo.maven.apache.org/maven2/org/apache/maven/maven-parent/6/maven-parent-6.pom (20 KB at 181.3 KB/sec)
[INFO] Downloading: https://repo.maven.apache.org/maven2/org/apache/maven/maven-error-diagnostics/2.0.9/maven-error-diagnostics-2.0.9.pom
[INFO] Downloaded: https://repo.maven.apache.org/maven2/org/apache/maven/maven-error-diagnostics/2.0.9/maven-error-diagnostics-2.0.9.pom (2 KB at 16.7 KB/sec)
[INFO] Downloading: https://repo.maven.apache.org/maven2/org/apache/maven/maven-plugin-descriptor/2.0.9/maven-plugin-descriptor-2.0.9.pom
[INFO] Downloaded: https://repo.maven.apache.org/maven2/org/apache/maven/maven-plugin-descriptor/2.0.9/maven-plugin-descriptor-2.0.9.pom (3 KB at 18.8 KB/sec)
[INFO] Downloading: https://repo.maven.apache.org/maven2/org/apache/maven/maven-monitor/2.0.9/maven-monitor-2.0.9.pom
[INFO] Downloaded: https://repo.maven.apache.org/maven2/org/apache/maven/maven-monitor/2.0.9/maven-monitor-2.0.9.pom (2 KB at 12.0 KB/sec)
[INFO] Downloading: https://repo.maven.apache.org/maven2/org/apache/maven/maven-toolchain/2.0.9/maven-toolchain-2.0.9.pom
[INFO] Downloaded: https://repo.maven.apache.org/maven2/org/apache/maven/maven-toolchain/2.0.9/maven-toolchain-2.0.9.pom (4 KB at 31.7 KB/sec)
[INFO] Downloading: https://repo.maven.apache.org/maven2/org/apache/maven/surefire/surefire-booter/2.5/surefire-booter-2.5.jar
[INFO] Downloading: https://repo.maven.apache.org/maven2/org/apache/maven/surefire/surefire-api/2.5/surefire-api-2.5.jar
[INFO] Downloading: https://repo.maven.apache.org/maven2/org/codehaus/plexus/plexus-utils/1.5.9/plexus-utils-1.5.9.jar
[INFO] Downloading: https://repo.maven.apache.org/maven2/org/apache/maven/reporting/maven-reporting-api/2.0.9/maven-reporting-api-2.0.9.jar
[INFO] Downloading: https://repo.maven.apache.org/maven2/org/apache/maven/doxia/doxia-sink-api/1.0-alpha-10/doxia-sink-api-1.0-alpha-10.jar
[INFO] Downloaded: https://repo.maven.apache.org/maven2/org/apache/maven/reporting/maven-reporting-api/2.0.9/maven-reporting-api-2.0.9.jar (10 KB at 83.2 KB/sec)
[INFO] Downloaded: https://repo.maven.apache.org/maven2/org/apache/maven/doxia/doxia-sink-api/1.0-alpha-10/doxia-sink-api-1.0-alpha-10.jar (10 KB at 70.6 KB/sec)
[INFO] Downloaded: https://repo.maven.apache.org/maven2/org/apache/maven/surefire/surefire-booter/2.5/surefire-booter-2.5.jar (314 KB at 1925.4 KB/sec)
[INFO] Downloaded: https://repo.maven.apache.org/maven2/org/apache/maven/surefire/surefire-api/2.5/surefire-api-2.5.jar (558 KB at 3418.8 KB/sec)
[INFO] Downloaded: https://repo.maven.apache.org/maven2/org/codehaus/plexus/plexus-utils/1.5.9/plexus-utils-1.5.9.jar (263 KB at 1579.1 KB/sec)
[INFO] Tests are skipped.
[INFO] 
[INFO] --- maven-jar-plugin:2.4:jar (default-jar) @ disconf-core ---
[INFO] Downloading: https://repo.maven.apache.org/maven2/org/apache/maven/maven-archiver/2.5/maven-archiver-2.5.pom
[INFO] Downloaded: https://repo.maven.apache.org/maven2/org/apache/maven/maven-archiver/2.5/maven-archiver-2.5.pom (5 KB at 40.7 KB/sec)
[INFO] Downloading: https://repo.maven.apache.org/maven2/org/codehaus/plexus/plexus-archiver/2.1/plexus-archiver-2.1.pom
[INFO] Downloaded: https://repo.maven.apache.org/maven2/org/codehaus/plexus/plexus-archiver/2.1/plexus-archiver-2.1.pom (3 KB at 24.9 KB/sec)
[INFO] Downloading: https://repo.maven.apache.org/maven2/org/codehaus/plexus/plexus-utils/3.0/plexus-utils-3.0.pom
[INFO] Downloaded: https://repo.maven.apache.org/maven2/org/codehaus/plexus/plexus-utils/3.0/plexus-utils-3.0.pom (4 KB at 35.8 KB/sec)
[INFO] Downloading: https://repo.maven.apache.org/maven2/org/sonatype/spice/spice-parent/16/spice-parent-16.pom
[INFO] Downloaded: https://repo.maven.apache.org/maven2/org/sonatype/spice/spice-parent/16/spice-parent-16.pom (9 KB at 73.5 KB/sec)
[INFO] Downloading: https://repo.maven.apache.org/maven2/org/sonatype/forge/forge-parent/5/forge-parent-5.pom
[INFO] Downloaded: https://repo.maven.apache.org/maven2/org/sonatype/forge/forge-parent/5/forge-parent-5.pom (9 KB at 77.8 KB/sec)
[INFO] Downloading: https://repo.maven.apache.org/maven2/org/codehaus/plexus/plexus-io/2.0.2/plexus-io-2.0.2.pom
[INFO] Downloaded: https://repo.maven.apache.org/maven2/org/codehaus/plexus/plexus-io/2.0.2/plexus-io-2.0.2.pom (2 KB at 15.5 KB/sec)
[INFO] Downloading: https://repo.maven.apache.org/maven2/org/codehaus/plexus/plexus-components/1.1.19/plexus-components-1.1.19.pom
[INFO] Downloaded: https://repo.maven.apache.org/maven2/org/codehaus/plexus/plexus-components/1.1.19/plexus-components-1.1.19.pom (3 KB at 24.4 KB/sec)
[INFO] Downloading: https://repo.maven.apache.org/maven2/org/codehaus/plexus/plexus/3.0.1/plexus-3.0.1.pom
[INFO] Downloaded: https://repo.maven.apache.org/maven2/org/codehaus/plexus/plexus/3.0.1/plexus-3.0.1.pom (19 KB at 173.1 KB/sec)
[INFO] Downloading: https://repo.maven.apache.org/maven2/org/codehaus/plexus/plexus-interpolation/1.15/plexus-interpolation-1.15.pom
[INFO] Downloaded: https://repo.maven.apache.org/maven2/org/codehaus/plexus/plexus-interpolation/1.15/plexus-interpolation-1.15.pom (1018 B at 8.7 KB/sec)
[INFO] Downloading: https://repo.maven.apache.org/maven2/commons-lang/commons-lang/2.1/commons-lang-2.1.pom
[INFO] Downloaded: https://repo.maven.apache.org/maven2/commons-lang/commons-lang/2.1/commons-lang-2.1.pom (10 KB at 88.9 KB/sec)
[INFO] Downloading: https://repo.maven.apache.org/maven2/org/apache/maven/maven-archiver/2.5/maven-archiver-2.5.jar
[INFO] Downloading: https://repo.maven.apache.org/maven2/org/codehaus/plexus/plexus-interpolation/1.15/plexus-interpolation-1.15.jar
[INFO] Downloading: https://repo.maven.apache.org/maven2/org/codehaus/plexus/plexus-archiver/2.1/plexus-archiver-2.1.jar
[INFO] Downloading: https://repo.maven.apache.org/maven2/org/codehaus/plexus/plexus-io/2.0.2/plexus-io-2.0.2.jar
[INFO] Downloading: https://repo.maven.apache.org/maven2/commons-lang/commons-lang/2.1/commons-lang-2.1.jar
[INFO] Downloaded: https://repo.maven.apache.org/maven2/org/apache/maven/maven-archiver/2.5/maven-archiver-2.5.jar (22 KB at 167.7 KB/sec)
[INFO] Downloading: https://repo.maven.apache.org/maven2/org/codehaus/plexus/plexus-utils/3.0/plexus-utils-3.0.jar
[INFO] Downloaded: https://repo.maven.apache.org/maven2/org/codehaus/plexus/plexus-io/2.0.2/plexus-io-2.0.2.jar (57 KB at 458.9 KB/sec)
[INFO] Downloaded: https://repo.maven.apache.org/maven2/org/codehaus/plexus/plexus-interpolation/1.15/plexus-interpolation-1.15.jar (60 KB at 444.0 KB/sec)
[INFO] Downloaded: https://repo.maven.apache.org/maven2/commons-lang/commons-lang/2.1/commons-lang-2.1.jar (203 KB at 1572.5 KB/sec)
[INFO] Downloaded: https://repo.maven.apache.org/maven2/org/codehaus/plexus/plexus-archiver/2.1/plexus-archiver-2.1.jar (181 KB at 1268.4 KB/sec)
[INFO] Downloaded: https://repo.maven.apache.org/maven2/org/codehaus/plexus/plexus-utils/3.0/plexus-utils-3.0.jar (221 KB at 912.3 KB/sec)
[INFO] Building jar: /home/travis/build/knightliao/disconf/disconf-core/target/disconf-core.jar
[INFO] 
[INFO] --- maven-jar-plugin:2.4:test-jar (default) @ disconf-core ---
[INFO] Building jar: /home/travis/build/knightliao/disconf/disconf-core/target/disconf-core-tests.jar
[INFO] 
[INFO] --- maven-install-plugin:2.4:install (default-install) @ disconf-core ---
[INFO] Installing /home/travis/build/knightliao/disconf/disconf-core/target/disconf-core.jar to /home/travis/.m2/repository/com/baidu/disconf/disconf-core/2.6.11/disconf-core-2.6.11.jar
[INFO] Installing /home/travis/build/knightliao/disconf/disconf-core/pom.xml to /home/travis/.m2/repository/com/baidu/disconf/disconf-core/2.6.11/disconf-core-2.6.11.pom
[INFO] Installing /home/travis/build/knightliao/disconf/disconf-core/target/disconf-core-tests.jar to /home/travis/.m2/repository/com/baidu/disconf/disconf-core/2.6.11/disconf-core-2.6.11-tests.jar
[INFO]                                                                         
[INFO] ------------------------------------------------------------------------
[INFO] Building disconf-client 2.6.11
[INFO] ------------------------------------------------------------------------
[INFO] Downloading: https://repo.maven.apache.org/maven2/org/apache/maven/plugins/maven-assembly-plugin/2.3/maven-assembly-plugin-2.3.pom
[INFO] Downloaded: https://repo.maven.apache.org/maven2/org/apache/maven/plugins/maven-assembly-plugin/2.3/maven-assembly-plugin-2.3.pom (15 KB at 134.8 KB/sec)
[INFO] Downloading: https://repo.maven.apache.org/maven2/org/apache/maven/plugins/maven-assembly-plugin/2.3/maven-assembly-plugin-2.3.jar
[INFO] Downloaded: https://repo.maven.apache.org/maven2/org/apache/maven/plugins/maven-assembly-plugin/2.3/maven-assembly-plugin-2.3.jar (217 KB at 1675.0 KB/sec)
[INFO] Downloading: http://repo.maven.apache.org/maven2/org/reflections/reflections/0.9.9-RC1/reflections-0.9.9-RC1.pom
[INFO] Downloaded: http://repo.maven.apache.org/maven2/org/reflections/reflections/0.9.9-RC1/reflections-0.9.9-RC1.pom (4 KB at 146.2 KB/sec)
[INFO] Downloading: http://repo.maven.apache.org/maven2/org/reflections/reflections-parent/0.9.9-RC1/reflections-parent-0.9.9-RC1.pom
[INFO] Downloaded: http://repo.maven.apache.org/maven2/org/reflections/reflections-parent/0.9.9-RC1/reflections-parent-0.9.9-RC1.pom (4 KB at 158.7 KB/sec)
[INFO] Downloading: http://repo.maven.apache.org/maven2/com/google/guava/guava/11.0.2/guava-11.0.2.pom
[INFO] Downloaded: http://repo.maven.apache.org/maven2/com/google/guava/guava/11.0.2/guava-11.0.2.pom (6 KB at 267.1 KB/sec)
[INFO] Downloading: http://repo.maven.apache.org/maven2/com/google/guava/guava-parent/11.0.2/guava-parent-11.0.2.pom
[INFO] Downloaded: http://repo.maven.apache.org/maven2/com/google/guava/guava-parent/11.0.2/guava-parent-11.0.2.pom (2 KB at 95.7 KB/sec)
[INFO] Downloading: http://repo.maven.apache.org/maven2/com/google/code/findbugs/jsr305/1.3.9/jsr305-1.3.9.pom
[INFO] Downloaded: http://repo.maven.apache.org/maven2/com/google/code/findbugs/jsr305/1.3.9/jsr305-1.3.9.pom (965 B at 47.1 KB/sec)
[INFO] Downloading: http://repo.maven.apache.org/maven2/org/javassist/javassist/3.16.1-GA/javassist-3.16.1-GA.pom
[INFO] Downloaded: http://repo.maven.apache.org/maven2/org/javassist/javassist/3.16.1-GA/javassist-3.16.1-GA.pom (9 KB at 367.8 KB/sec)
[INFO] Downloading: http://repo.maven.apache.org/maven2/dom4j/dom4j/1.6.1/dom4j-1.6.1.pom
[INFO] Downloaded: http://repo.maven.apache.org/maven2/dom4j/dom4j/1.6.1/dom4j-1.6.1.pom (7 KB at 300.3 KB/sec)
[INFO] Downloading: http://repo.maven.apache.org/maven2/xml-apis/xml-apis/1.0.b2/xml-apis-1.0.b2.pom
[INFO] Downloaded: http://repo.maven.apache.org/maven2/xml-apis/xml-apis/1.0.b2/xml-apis-1.0.b2.pom (3 KB at 109.8 KB/sec)
[INFO] Downloading: http://repo.maven.apache.org/maven2/ch/qos/logback/logback-core/1.0.9/logback-core-1.0.9.pom
[INFO] Downloaded: http://repo.maven.apache.org/maven2/ch/qos/logback/logback-core/1.0.9/logback-core-1.0.9.pom (6 KB at 230.6 KB/sec)
[INFO] Downloading: http://repo.maven.apache.org/maven2/ch/qos/logback/logback-parent/1.0.9/logback-parent-1.0.9.pom
[INFO] Downloaded: http://repo.maven.apache.org/maven2/ch/qos/logback/logback-parent/1.0.9/logback-parent-1.0.9.pom (16 KB at 588.9 KB/sec)
[INFO] Downloading: http://repo.maven.apache.org/maven2/ch/qos/logback/logback-classic/1.0.9/logback-classic-1.0.9.pom
[INFO] Downloaded: http://repo.maven.apache.org/maven2/ch/qos/logback/logback-classic/1.0.9/logback-classic-1.0.9.pom (13 KB at 463.6 KB/sec)
[INFO] Downloading: http://repo.maven.apache.org/maven2/org/aspectj/aspectjtools/1.7.4/aspectjtools-1.7.4.pom
[INFO] Downloaded: http://repo.maven.apache.org/maven2/org/aspectj/aspectjtools/1.7.4/aspectjtools-1.7.4.pom (1021 B at 45.3 KB/sec)
[INFO] Downloading: http://repo.maven.apache.org/maven2/org/springframework/spring-test/3.1.2.RELEASE/spring-test-3.1.2.RELEASE.pom
[INFO] Downloaded: http://repo.maven.apache.org/maven2/org/springframework/spring-test/3.1.2.RELEASE/spring-test-3.1.2.RELEASE.pom (6 KB at 250.7 KB/sec)
[INFO] Downloading: http://repo.maven.apache.org/maven2/org/springframework/spring-context/3.1.2.RELEASE/spring-context-3.1.2.RELEASE.pom
[INFO] Downloaded: http://repo.maven.apache.org/maven2/org/springframework/spring-context/3.1.2.RELEASE/spring-context-3.1.2.RELEASE.pom (9 KB at 248.6 KB/sec)
[INFO] Downloading: http://repo.maven.apache.org/maven2/org/springframework/spring-aop/3.1.2.RELEASE/spring-aop-3.1.2.RELEASE.pom
[INFO] Downloaded: http://repo.maven.apache.org/maven2/org/springframework/spring-aop/3.1.2.RELEASE/spring-aop-3.1.2.RELEASE.pom (3 KB at 118.7 KB/sec)
[INFO] Downloading: http://repo.maven.apache.org/maven2/aopalliance/aopalliance/1.0/aopalliance-1.0.pom
[INFO] Downloaded: http://repo.maven.apache.org/maven2/aopalliance/aopalliance/1.0/aopalliance-1.0.pom (363 B at 12.7 KB/sec)
[INFO] Downloading: http://repo.maven.apache.org/maven2/org/springframework/spring-expression/3.1.2.RELEASE/spring-expression-3.1.2.RELEASE.pom
[INFO] Downloaded: http://repo.maven.apache.org/maven2/org/springframework/spring-expression/3.1.2.RELEASE/spring-expression-3.1.2.RELEASE.pom (2 KB at 87.5 KB/sec)
[INFO] Downloading: http://repo.maven.apache.org/maven2/cglib/cglib/2.2.2/cglib-2.2.2.pom
[INFO] Downloaded: http://repo.maven.apache.org/maven2/cglib/cglib/2.2.2/cglib-2.2.2.pom (2 KB at 71.9 KB/sec)
[INFO] Downloading: http://repo.maven.apache.org/maven2/asm/asm/3.3.1/asm-3.3.1.pom
[INFO] Downloaded: http://repo.maven.apache.org/maven2/asm/asm/3.3.1/asm-3.3.1.pom (266 B at 11.8 KB/sec)
[INFO] Downloading: http://repo.maven.apache.org/maven2/asm/asm-parent/3.3.1/asm-parent-3.3.1.pom
[INFO] Downloaded: http://repo.maven.apache.org/maven2/asm/asm-parent/3.3.1/asm-parent-3.3.1.pom (5 KB at 183.9 KB/sec)
[INFO] Downloading: http://repo.maven.apache.org/maven2/org/reflections/reflections/0.9.9-RC1/reflections-0.9.9-RC1.jar
[INFO] Downloading: http://repo.maven.apache.org/maven2/com/google/code/findbugs/jsr305/1.3.9/jsr305-1.3.9.jar
[INFO] Downloading: http://repo.maven.apache.org/maven2/org/javassist/javassist/3.16.1-GA/javassist-3.16.1-GA.jar
[INFO] Downloading: http://repo.maven.apache.org/maven2/com/google/guava/guava/11.0.2/guava-11.0.2.jar
[INFO] Downloading: http://repo.maven.apache.org/maven2/dom4j/dom4j/1.6.1/dom4j-1.6.1.jar
[INFO] Downloaded: http://repo.maven.apache.org/maven2/com/google/code/findbugs/jsr305/1.3.9/jsr305-1.3.9.jar (33 KB at 948.3 KB/sec)
[INFO] Downloading: http://repo.maven.apache.org/maven2/xml-apis/xml-apis/1.0.b2/xml-apis-1.0.b2.jar
[INFO] Downloaded: http://repo.maven.apache.org/maven2/xml-apis/xml-apis/1.0.b2/xml-apis-1.0.b2.jar (107 KB at 1750.1 KB/sec)
[INFO] Downloading: http://repo.maven.apache.org/maven2/ch/qos/logback/logback-core/1.0.9/logback-core-1.0.9.jar
[INFO] Downloaded: http://repo.maven.apache.org/maven2/dom4j/dom4j/1.6.1/dom4j-1.6.1.jar (307 KB at 3649.3 KB/sec)
[INFO] Downloading: http://repo.maven.apache.org/maven2/ch/qos/logback/logback-classic/1.0.9/logback-classic-1.0.9.jar
[INFO] Downloaded: http://repo.maven.apache.org/maven2/org/javassist/javassist/3.16.1-GA/javassist-3.16.1-GA.jar (644 KB at 7234.7 KB/sec)
[INFO] Downloading: http://repo.maven.apache.org/maven2/org/aspectj/aspectjtools/1.7.4/aspectjtools-1.7.4.jar
[INFO] Downloaded: http://repo.maven.apache.org/maven2/com/google/guava/guava/11.0.2/guava-11.0.2.jar (1610 KB at 14766.7 KB/sec)
[INFO] Downloading: http://repo.maven.apache.org/maven2/org/springframework/spring-test/3.1.2.RELEASE/spring-test-3.1.2.RELEASE.jar
[INFO] Downloaded: http://repo.maven.apache.org/maven2/ch/qos/logback/logback-core/1.0.9/logback-core-1.0.9.jar (358 KB at 3313.6 KB/sec)
[INFO] Downloading: http://repo.maven.apache.org/maven2/org/springframework/spring-context/3.1.2.RELEASE/spring-context-3.1.2.RELEASE.jar
[INFO] Downloaded: http://repo.maven.apache.org/maven2/ch/qos/logback/logback-classic/1.0.9/logback-classic-1.0.9.jar (247 KB at 2203.2 KB/sec)
[INFO] Downloading: http://repo.maven.apache.org/maven2/org/springframework/spring-expression/3.1.2.RELEASE/spring-expression-3.1.2.RELEASE.jar
[INFO] Downloaded: http://repo.maven.apache.org/maven2/org/springframework/spring-expression/3.1.2.RELEASE/spring-expression-3.1.2.RELEASE.jar (172 KB at 1177.8 KB/sec)
[INFO] Downloading: http://repo.maven.apache.org/maven2/org/springframework/spring-aop/3.1.2.RELEASE/spring-aop-3.1.2.RELEASE.jar
[INFO] Downloaded: http://repo.maven.apache.org/maven2/org/springframework/spring-test/3.1.2.RELEASE/spring-test-3.1.2.RELEASE.jar (225 KB at 1514.1 KB/sec)
[INFO] Downloading: http://repo.maven.apache.org/maven2/aopalliance/aopalliance/1.0/aopalliance-1.0.jar
[INFO] Downloaded: http://repo.maven.apache.org/maven2/org/reflections/reflections/0.9.9-RC1/reflections-0.9.9-RC1.jar (119 KB at 649.3 KB/sec)
[INFO] Downloaded: http://repo.maven.apache.org/maven2/aopalliance/aopalliance/1.0/aopalliance-1.0.jar (5 KB at 24.9 KB/sec)
[INFO] Downloading: http://repo.maven.apache.org/maven2/cglib/cglib/2.2.2/cglib-2.2.2.jar
[INFO] Downloading: http://repo.maven.apache.org/maven2/asm/asm/3.3.1/asm-3.3.1.jar
[INFO] Downloaded: http://repo.maven.apache.org/maven2/org/springframework/spring-context/3.1.2.RELEASE/spring-context-3.1.2.RELEASE.jar (813 KB at 4539.2 KB/sec)
[INFO] Downloaded: http://repo.maven.apache.org/maven2/org/springframework/spring-aop/3.1.2.RELEASE/spring-aop-3.1.2.RELEASE.jar (325 KB at 1640.6 KB/sec)
[INFO] Downloaded: http://repo.maven.apache.org/maven2/asm/asm/3.3.1/asm-3.3.1.jar (43 KB at 205.6 KB/sec)
[INFO] Downloaded: http://repo.maven.apache.org/maven2/cglib/cglib/2.2.2/cglib-2.2.2.jar (281 KB at 1298.4 KB/sec)
[INFO] Downloaded: http://repo.maven.apache.org/maven2/org/aspectj/aspectjtools/1.7.4/aspectjtools-1.7.4.jar (9784 KB at 27026.9 KB/sec)
[INFO] 
[INFO] --- maven-resources-plugin:2.6:resources (default-resources) @ disconf-client ---
[INFO] Using 'UTF-8' encoding to copy filtered resources.
[INFO] Copying 0 resource
[INFO] Copying 2 resources
[INFO] 
[INFO] --- maven-compiler-plugin:2.3.1:compile (default-compile) @ disconf-client ---
[INFO] Compiling 61 source files to /home/travis/build/knightliao/disconf/disconf-client/target/classes
[INFO] 
[INFO] --- maven-resources-plugin:2.6:testResources (default-testResources) @ disconf-client ---
[INFO] Using 'UTF-8' encoding to copy filtered resources.
[INFO] Copying 4 resources
[INFO] 
[INFO] --- maven-compiler-plugin:2.3.1:testCompile (default-testCompile) @ disconf-client ---
[INFO] Compiling 21 source files to /home/travis/build/knightliao/disconf/disconf-client/target/test-classes
[INFO] 
[INFO] --- maven-surefire-plugin:2.5:test (default-test) @ disconf-client ---
[INFO] Tests are skipped.
[INFO] 
[INFO] --- maven-jar-plugin:2.4:jar (default-jar) @ disconf-client ---
[INFO] Building jar: /home/travis/build/knightliao/disconf/disconf-client/target/disconf-client.jar
[INFO] 
[INFO] --- maven-assembly-plugin:2.3:single (make-jar) @ disconf-client ---
[INFO] Downloading: https://repo.maven.apache.org/maven2/org/apache/maven/maven-plugin-api/2.2.1/maven-plugin-api-2.2.1.pom
[INFO] Downloaded: https://repo.maven.apache.org/maven2/org/apache/maven/maven-plugin-api/2.2.1/maven-plugin-api-2.2.1.pom (2 KB at 12.1 KB/sec)
[INFO] Downloading: https://repo.maven.apache.org/maven2/org/apache/maven/maven/2.2.1/maven-2.2.1.pom
[INFO] Downloaded: https://repo.maven.apache.org/maven2/org/apache/maven/maven/2.2.1/maven-2.2.1.pom (22 KB at 190.3 KB/sec)
[INFO] Downloading: https://repo.maven.apache.org/maven2/org/apache/maven/maven-parent/11/maven-parent-11.pom
[INFO] Downloaded: https://repo.maven.apache.org/maven2/org/apache/maven/maven-parent/11/maven-parent-11.pom (32 KB at 293.1 KB/sec)
[INFO] Downloading: https://repo.maven.apache.org/maven2/org/apache/apache/5/apache-5.pom
[INFO] Downloaded: https://repo.maven.apache.org/maven2/org/apache/apache/5/apache-5.pom (5 KB at 38.5 KB/sec)
[INFO] Downloading: https://repo.maven.apache.org/maven2/org/apache/maven/maven-core/2.2.1/maven-core-2.2.1.pom
[INFO] Downloaded: https://repo.maven.apache.org/maven2/org/apache/maven/maven-core/2.2.1/maven-core-2.2.1.pom (12 KB at 99.7 KB/sec)
[INFO] Downloading: https://repo.maven.apache.org/maven2/org/apache/maven/maven-settings/2.2.1/maven-settings-2.2.1.pom
[INFO] Downloaded: https://repo.maven.apache.org/maven2/org/apache/maven/maven-settings/2.2.1/maven-settings-2.2.1.pom (3 KB at 19.7 KB/sec)
[INFO] Downloading: https://repo.maven.apache.org/maven2/org/apache/maven/maven-model/2.2.1/maven-model-2.2.1.pom
[INFO] Downloaded: https://repo.maven.apache.org/maven2/org/apache/maven/maven-model/2.2.1/maven-model-2.2.1.pom (4 KB at 27.8 KB/sec)
[INFO] Downloading: https://repo.maven.apache.org/maven2/org/codehaus/plexus/plexus-interpolation/1.11/plexus-interpolation-1.11.pom
[INFO] Downloaded: https://repo.maven.apache.org/maven2/org/codehaus/plexus/plexus-interpolation/1.11/plexus-interpolation-1.11.pom (889 B at 8.0 KB/sec)
[INFO] Downloading: https://repo.maven.apache.org/maven2/org/apache/maven/maven-plugin-parameter-documenter/2.2.1/maven-plugin-parameter-documenter-2.2.1.pom
[INFO] Downloaded: https://repo.maven.apache.org/maven2/org/apache/maven/maven-plugin-parameter-documenter/2.2.1/maven-plugin-parameter-documenter-2.2.1.pom (2 KB at 16.9 KB/sec)
[INFO] Downloading: https://repo.maven.apache.org/maven2/org/slf4j/slf4j-jdk14/1.5.6/slf4j-jdk14-1.5.6.pom
[INFO] Downloaded: https://repo.maven.apache.org/maven2/org/slf4j/slf4j-jdk14/1.5.6/slf4j-jdk14-1.5.6.pom (2 KB at 17.5 KB/sec)
[INFO] Downloading: https://repo.maven.apache.org/maven2/org/slf4j/slf4j-parent/1.5.6/slf4j-parent-1.5.6.pom
[INFO] Downloaded: https://repo.maven.apache.org/maven2/org/slf4j/slf4j-parent/1.5.6/slf4j-parent-1.5.6.pom (8 KB at 68.4 KB/sec)
[INFO] Downloading: https://repo.maven.apache.org/maven2/org/slf4j/slf4j-api/1.5.6/slf4j-api-1.5.6.pom
[INFO] Downloaded: https://repo.maven.apache.org/maven2/org/slf4j/slf4j-api/1.5.6/slf4j-api-1.5.6.pom (3 KB at 25.8 KB/sec)
[INFO] Downloading: https://repo.maven.apache.org/maven2/org/slf4j/jcl-over-slf4j/1.5.6/jcl-over-slf4j-1.5.6.pom
[INFO] Downloaded: https://repo.maven.apache.org/maven2/org/slf4j/jcl-over-slf4j/1.5.6/jcl-over-slf4j-1.5.6.pom (3 KB at 18.9 KB/sec)
[INFO] Downloading: https://repo.maven.apache.org/maven2/org/apache/maven/reporting/maven-reporting-api/2.2.1/maven-reporting-api-2.2.1.pom
[INFO] Downloaded: https://repo.maven.apache.org/maven2/org/apache/maven/reporting/maven-reporting-api/2.2.1/maven-reporting-api-2.2.1.pom (2 KB at 17.7 KB/sec)
[INFO] Downloading: https://repo.maven.apache.org/maven2/org/apache/maven/reporting/maven-reporting/2.2.1/maven-reporting-2.2.1.pom
[INFO] Downloaded: https://repo.maven.apache.org/maven2/org/apache/maven/reporting/maven-reporting/2.2.1/maven-reporting-2.2.1.pom (2 KB at 12.7 KB/sec)
[INFO] Downloading: https://repo.maven.apache.org/maven2/org/apache/maven/doxia/doxia-sink-api/1.1/doxia-sink-api-1.1.pom
[INFO] Downloaded: https://repo.maven.apache.org/maven2/org/apache/maven/doxia/doxia-sink-api/1.1/doxia-sink-api-1.1.pom (2 KB at 18.6 KB/sec)
[INFO] Downloading: https://repo.maven.apache.org/maven2/org/apache/maven/doxia/doxia/1.1/doxia-1.1.pom
[INFO] Downloaded: https://repo.maven.apache.org/maven2/org/apache/maven/doxia/doxia/1.1/doxia-1.1.pom (15 KB at 131.2 KB/sec)
[INFO] Downloading: https://repo.maven.apache.org/maven2/org/apache/maven/doxia/doxia-logging-api/1.1/doxia-logging-api-1.1.pom
[INFO] Downloaded: https://repo.maven.apache.org/maven2/org/apache/maven/doxia/doxia-logging-api/1.1/doxia-logging-api-1.1.pom (2 KB at 14.4 KB/sec)
[INFO] Downloading: https://repo.maven.apache.org/maven2/org/codehaus/plexus/plexus-container-default/1.0-alpha-30/plexus-container-default-1.0-alpha-30.pom
[INFO] Downloaded: https://repo.maven.apache.org/maven2/org/codehaus/plexus/plexus-container-default/1.0-alpha-30/plexus-container-default-1.0-alpha-30.pom (4 KB at 31.7 KB/sec)
[INFO] Downloading: https://repo.maven.apache.org/maven2/org/codehaus/plexus/plexus-containers/1.0-alpha-30/plexus-containers-1.0-alpha-30.pom
[INFO] Downloaded: https://repo.maven.apache.org/maven2/org/codehaus/plexus/plexus-containers/1.0-alpha-30/plexus-containers-1.0-alpha-30.pom (2 KB at 16.5 KB/sec)
[INFO] Downloading: https://repo.maven.apache.org/maven2/org/codehaus/plexus/plexus-utils/1.4.5/plexus-utils-1.4.5.pom
[INFO] Downloaded: https://repo.maven.apache.org/maven2/org/codehaus/plexus/plexus-utils/1.4.5/plexus-utils-1.4.5.pom (3 KB at 21.3 KB/sec)
[INFO] Downloading: https://repo.maven.apache.org/maven2/org/codehaus/plexus/plexus-classworlds/1.2-alpha-9/plexus-classworlds-1.2-alpha-9.pom
[INFO] Downloaded: https://repo.maven.apache.org/maven2/org/codehaus/plexus/plexus-classworlds/1.2-alpha-9/plexus-classworlds-1.2-alpha-9.pom (4 KB at 28.9 KB/sec)
[INFO] Downloading: https://repo.maven.apache.org/maven2/org/codehaus/plexus/plexus/1.0.10/plexus-1.0.10.pom
[INFO] Downloaded: https://repo.maven.apache.org/maven2/org/codehaus/plexus/plexus/1.0.10/plexus-1.0.10.pom (9 KB at 76.7 KB/sec)
[INFO] Downloading: https://repo.maven.apache.org/maven2/org/apache/maven/maven-profile/2.2.1/maven-profile-2.2.1.pom
[INFO] Downloaded: https://repo.maven.apache.org/maven2/org/apache/maven/maven-profile/2.2.1/maven-profile-2.2.1.pom (3 KB at 19.8 KB/sec)
[INFO] Downloading: https://repo.maven.apache.org/maven2/org/apache/maven/maven-artifact/2.2.1/maven-artifact-2.2.1.pom
[INFO] Downloaded: https://repo.maven.apache.org/maven2/org/apache/maven/maven-artifact/2.2.1/maven-artifact-2.2.1.pom (2 KB at 13.9 KB/sec)
[INFO] Downloading: https://repo.maven.apache.org/maven2/org/apache/maven/maven-repository-metadata/2.2.1/maven-repository-metadata-2.2.1.pom
[INFO] Downloaded: https://repo.maven.apache.org/maven2/org/apache/maven/maven-repository-metadata/2.2.1/maven-repository-metadata-2.2.1.pom (2 KB at 17.7 KB/sec)
[INFO] Downloading: https://repo.maven.apache.org/maven2/org/apache/maven/maven-error-diagnostics/2.2.1/maven-error-diagnostics-2.2.1.pom
[INFO] Downloaded: https://repo.maven.apache.org/maven2/org/apache/maven/maven-error-diagnostics/2.2.1/maven-error-diagnostics-2.2.1.pom (2 KB at 15.6 KB/sec)
[INFO] Downloading: https://repo.maven.apache.org/maven2/org/apache/maven/maven-project/2.2.1/maven-project-2.2.1.pom
[INFO] Downloaded: https://repo.maven.apache.org/maven2/org/apache/maven/maven-project/2.2.1/maven-project-2.2.1.pom (3 KB at 25.3 KB/sec)
[INFO] Downloading: https://repo.maven.apache.org/maven2/org/apache/maven/maven-artifact-manager/2.2.1/maven-artifact-manager-2.2.1.pom
[INFO] Downloaded: https://repo.maven.apache.org/maven2/org/apache/maven/maven-artifact-manager/2.2.1/maven-artifact-manager-2.2.1.pom (4 KB at 28.1 KB/sec)
[INFO] Downloading: https://repo.maven.apache.org/maven2/backport-util-concurrent/backport-util-concurrent/3.1/backport-util-concurrent-3.1.pom
[INFO] Downloaded: https://repo.maven.apache.org/maven2/backport-util-concurrent/backport-util-concurrent/3.1/backport-util-concurrent-3.1.pom (880 B at 7.5 KB/sec)
[INFO] Downloading: https://repo.maven.apache.org/maven2/org/apache/maven/maven-plugin-registry/2.2.1/maven-plugin-registry-2.2.1.pom
[INFO] Downloaded: https://repo.maven.apache.org/maven2/org/apache/maven/maven-plugin-registry/2.2.1/maven-plugin-registry-2.2.1.pom (2 KB at 17.8 KB/sec)
[INFO] Downloading: https://repo.maven.apache.org/maven2/commons-cli/commons-cli/1.2/commons-cli-1.2.pom
[INFO] Downloaded: https://repo.maven.apache.org/maven2/commons-cli/commons-cli/1.2/commons-cli-1.2.pom (8 KB at 68.4 KB/sec)
[INFO] Downloading: https://repo.maven.apache.org/maven2/org/apache/commons/commons-parent/11/commons-parent-11.pom
[INFO] Downloaded: https://repo.maven.apache.org/maven2/org/apache/commons/commons-parent/11/commons-parent-11.pom (25 KB at 216.9 KB/sec)
[INFO] Downloading: https://repo.maven.apache.org/maven2/org/apache/maven/maven-plugin-descriptor/2.2.1/maven-plugin-descriptor-2.2.1.pom
[INFO] Downloaded: https://repo.maven.apache.org/maven2/org/apache/maven/maven-plugin-descriptor/2.2.1/maven-plugin-descriptor-2.2.1.pom (3 KB at 17.5 KB/sec)
[INFO] Downloading: https://repo.maven.apache.org/maven2/org/apache/maven/maven-monitor/2.2.1/maven-monitor-2.2.1.pom
[INFO] Downloaded: https://repo.maven.apache.org/maven2/org/apache/maven/maven-monitor/2.2.1/maven-monitor-2.2.1.pom (2 KB at 10.8 KB/sec)
[INFO] Downloading: https://repo.maven.apache.org/maven2/org/sonatype/plexus/plexus-sec-dispatcher/1.3/plexus-sec-dispatcher-1.3.pom
[INFO] Downloaded: https://repo.maven.apache.org/maven2/org/sonatype/plexus/plexus-sec-dispatcher/1.3/plexus-sec-dispatcher-1.3.pom (3 KB at 26.3 KB/sec)
[INFO] Downloading: https://repo.maven.apache.org/maven2/org/sonatype/spice/spice-parent/12/spice-parent-12.pom
[INFO] Downloaded: https://repo.maven.apache.org/maven2/org/sonatype/spice/spice-parent/12/spice-parent-12.pom (7 KB at 62.6 KB/sec)
[INFO] Downloading: https://repo.maven.apache.org/maven2/org/sonatype/forge/forge-parent/4/forge-parent-4.pom
[INFO] Downloaded: https://repo.maven.apache.org/maven2/org/sonatype/forge/forge-parent/4/forge-parent-4.pom (9 KB at 71.9 KB/sec)
[INFO] Downloading: https://repo.maven.apache.org/maven2/org/sonatype/plexus/plexus-cipher/1.4/plexus-cipher-1.4.pom
[INFO] Downloaded: https://repo.maven.apache.org/maven2/org/sonatype/plexus/plexus-cipher/1.4/plexus-cipher-1.4.pom (3 KB at 18.3 KB/sec)
[INFO] Downloading: https://repo.maven.apache.org/maven2/org/apache/maven/shared/maven-common-artifact-filters/1.4/maven-common-artifact-filters-1.4.pom
[INFO] Downloaded: https://repo.maven.apache.org/maven2/org/apache/maven/shared/maven-common-artifact-filters/1.4/maven-common-artifact-filters-1.4.pom (4 KB at 35.3 KB/sec)
[INFO] Downloading: https://repo.maven.apache.org/maven2/org/apache/maven/maven-artifact/2.0.8/maven-artifact-2.0.8.pom
[INFO] Downloaded: https://repo.maven.apache.org/maven2/org/apache/maven/maven-artifact/2.0.8/maven-artifact-2.0.8.pom (2 KB at 14.8 KB/sec)
[INFO] Downloading: https://repo.maven.apache.org/maven2/org/apache/maven/maven/2.0.8/maven-2.0.8.pom
[INFO] Downloaded: https://repo.maven.apache.org/maven2/org/apache/maven/maven/2.0.8/maven-2.0.8.pom (12 KB at 105.5 KB/sec)
[INFO] Downloading: https://repo.maven.apache.org/maven2/org/codehaus/plexus/plexus-utils/1.4.6/plexus-utils-1.4.6.pom
[INFO] Downloaded: https://repo.maven.apache.org/maven2/org/codehaus/plexus/plexus-utils/1.4.6/plexus-utils-1.4.6.pom (3 KB at 21.3 KB/sec)
[INFO] Downloading: https://repo.maven.apache.org/maven2/org/apache/maven/maven-model/2.0.8/maven-model-2.0.8.pom
[INFO] Downloaded: https://repo.maven.apache.org/maven2/org/apache/maven/maven-model/2.0.8/maven-model-2.0.8.pom (4 KB at 27.6 KB/sec)
[INFO] Downloading: https://repo.maven.apache.org/maven2/org/apache/maven/maven-project/2.0.8/maven-project-2.0.8.pom
[INFO] Downloaded: https://repo.maven.apache.org/maven2/org/apache/maven/maven-project/2.0.8/maven-project-2.0.8.pom (3 KB at 23.2 KB/sec)
[INFO] Downloading: https://repo.maven.apache.org/maven2/org/apache/maven/maven-settings/2.0.8/maven-settings-2.0.8.pom
[INFO] Downloaded: https://repo.maven.apache.org/maven2/org/apache/maven/maven-settings/2.0.8/maven-settings-2.0.8.pom (3 KB at 19.0 KB/sec)
[INFO] Downloading: https://repo.maven.apache.org/maven2/org/apache/maven/maven-profile/2.0.8/maven-profile-2.0.8.pom
[INFO] Downloaded: https://repo.maven.apache.org/maven2/org/apache/maven/maven-profile/2.0.8/maven-profile-2.0.8.pom (2 KB at 18.4 KB/sec)
[INFO] Downloading: https://repo.maven.apache.org/maven2/org/apache/maven/maven-artifact-manager/2.0.8/maven-artifact-manager-2.0.8.pom
[INFO] Downloaded: https://repo.maven.apache.org/maven2/org/apache/maven/maven-artifact-manager/2.0.8/maven-artifact-manager-2.0.8.pom (3 KB at 23.3 KB/sec)
[INFO] Downloading: https://repo.maven.apache.org/maven2/org/apache/maven/maven-repository-metadata/2.0.8/maven-repository-metadata-2.0.8.pom
[INFO] Downloaded: https://repo.maven.apache.org/maven2/org/apache/maven/maven-repository-metadata/2.0.8/maven-repository-metadata-2.0.8.pom (2 KB at 18.0 KB/sec)
[INFO] Downloading: https://repo.maven.apache.org/maven2/org/apache/maven/maven-plugin-registry/2.0.8/maven-plugin-registry-2.0.8.pom
[INFO] Downloaded: https://repo.maven.apache.org/maven2/org/apache/maven/maven-plugin-registry/2.0.8/maven-plugin-registry-2.0.8.pom (2 KB at 18.6 KB/sec)
[INFO] Downloading: https://repo.maven.apache.org/maven2/org/apache/maven/maven-plugin-api/2.0.8/maven-plugin-api-2.0.8.pom
[INFO] Downloaded: https://repo.maven.apache.org/maven2/org/apache/maven/maven-plugin-api/2.0.8/maven-plugin-api-2.0.8.pom (2 KB at 12.6 KB/sec)
[INFO] Downloading: https://repo.maven.apache.org/maven2/org/codehaus/plexus/plexus-container-default/1.5.5/plexus-container-default-1.5.5.pom
[INFO] Downloaded: https://repo.maven.apache.org/maven2/org/codehaus/plexus/plexus-container-default/1.5.5/plexus-container-default-1.5.5.pom (3 KB at 25.6 KB/sec)
[INFO] Downloading: https://repo.maven.apache.org/maven2/org/codehaus/plexus/plexus-containers/1.5.5/plexus-containers-1.5.5.pom
[INFO] Downloaded: https://repo.maven.apache.org/maven2/org/codehaus/plexus/plexus-containers/1.5.5/plexus-containers-1.5.5.pom (5 KB at 39.8 KB/sec)
[INFO] Downloading: https://repo.maven.apache.org/maven2/org/codehaus/plexus/plexus-classworlds/2.2.2/plexus-classworlds-2.2.2.pom
[INFO] Downloaded: https://repo.maven.apache.org/maven2/org/codehaus/plexus/plexus-classworlds/2.2.2/plexus-classworlds-2.2.2.pom (4 KB at 36.5 KB/sec)
[INFO] Downloading: https://repo.maven.apache.org/maven2/org/apache/xbean/xbean-reflect/3.4/xbean-reflect-3.4.pom
[INFO] Downloaded: https://repo.maven.apache.org/maven2/org/apache/xbean/xbean-reflect/3.4/xbean-reflect-3.4.pom (3 KB at 23.9 KB/sec)
[INFO] Downloading: https://repo.maven.apache.org/maven2/org/apache/xbean/xbean/3.4/xbean-3.4.pom
[INFO] Downloaded: https://repo.maven.apache.org/maven2/org/apache/xbean/xbean/3.4/xbean-3.4.pom (19 KB at 164.5 KB/sec)
[INFO] Downloading: https://repo.maven.apache.org/maven2/log4j/log4j/1.2.12/log4j-1.2.12.pom
[INFO] Downloaded: https://repo.maven.apache.org/maven2/log4j/log4j/1.2.12/log4j-1.2.12.pom (145 B at 1.3 KB/sec)
[INFO] Downloading: https://repo.maven.apache.org/maven2/commons-logging/commons-logging-api/1.1/commons-logging-api-1.1.pom
[INFO] Downloaded: https://repo.maven.apache.org/maven2/commons-logging/commons-logging-api/1.1/commons-logging-api-1.1.pom (6 KB at 47.9 KB/sec)
[INFO] Downloading: https://repo.maven.apache.org/maven2/com/google/collections/google-collections/1.0/google-collections-1.0.pom
[INFO] Downloaded: https://repo.maven.apache.org/maven2/com/google/collections/google-collections/1.0/google-collections-1.0.pom (3 KB at 21.8 KB/sec)
[INFO] Downloading: https://repo.maven.apache.org/maven2/com/google/google/1/google-1.pom
[INFO] Downloaded: https://repo.maven.apache.org/maven2/com/google/google/1/google-1.pom (2 KB at 13.9 KB/sec)
[INFO] Downloading: https://repo.maven.apache.org/maven2/junit/junit/3.8.2/junit-3.8.2.pom
[INFO] Downloaded: https://repo.maven.apache.org/maven2/junit/junit/3.8.2/junit-3.8.2.pom (747 B at 6.5 KB/sec)
[INFO] Downloading: https://repo.maven.apache.org/maven2/org/codehaus/plexus/plexus-utils/2.1/plexus-utils-2.1.pom
[INFO] Downloaded: https://repo.maven.apache.org/maven2/org/codehaus/plexus/plexus-utils/2.1/plexus-utils-2.1.pom (4 KB at 36.5 KB/sec)
[INFO] Downloading: https://repo.maven.apache.org/maven2/org/apache/maven/shared/file-management/1.1/file-management-1.1.pom
[INFO] Downloaded: https://repo.maven.apache.org/maven2/org/apache/maven/shared/file-management/1.1/file-management-1.1.pom (3 KB at 24.0 KB/sec)
[INFO] Downloading: https://repo.maven.apache.org/maven2/org/apache/maven/shared/maven-shared-components/4/maven-shared-components-4.pom
[INFO] Downloaded: https://repo.maven.apache.org/maven2/org/apache/maven/shared/maven-shared-components/4/maven-shared-components-4.pom (3 KB at 20.2 KB/sec)
[INFO] Downloading: https://repo.maven.apache.org/maven2/org/apache/maven/maven-parent/4/maven-parent-4.pom
[INFO] Downloaded: https://repo.maven.apache.org/maven2/org/apache/maven/maven-parent/4/maven-parent-4.pom (10 KB at 84.9 KB/sec)
[INFO] Downloading: https://repo.maven.apache.org/maven2/org/apache/maven/maven-plugin-api/2.0/maven-plugin-api-2.0.pom
[INFO] Downloaded: https://repo.maven.apache.org/maven2/org/apache/maven/maven-plugin-api/2.0/maven-plugin-api-2.0.pom (601 B at 5.5 KB/sec)
[INFO] Downloading: https://repo.maven.apache.org/maven2/org/apache/maven/maven/2.0/maven-2.0.pom
[INFO] Downloaded: https://repo.maven.apache.org/maven2/org/apache/maven/maven/2.0/maven-2.0.pom (9 KB at 83.1 KB/sec)
[INFO] Downloading: https://repo.maven.apache.org/maven2/org/apache/maven/shared/maven-shared-io/1.0/maven-shared-io-1.0.pom
[INFO] Downloaded: https://repo.maven.apache.org/maven2/org/apache/maven/shared/maven-shared-io/1.0/maven-shared-io-1.0.pom (3 KB at 25.9 KB/sec)
[INFO] Downloading: https://repo.maven.apache.org/maven2/org/apache/maven/maven-artifact/2.0.2/maven-artifact-2.0.2.pom
[INFO] Downloaded: https://repo.maven.apache.org/maven2/org/apache/maven/maven-artifact/2.0.2/maven-artifact-2.0.2.pom (765 B at 7.3 KB/sec)
[INFO] Downloading: https://repo.maven.apache.org/maven2/org/apache/maven/maven/2.0.2/maven-2.0.2.pom
[INFO] Downloaded: https://repo.maven.apache.org/maven2/org/apache/maven/maven/2.0.2/maven-2.0.2.pom (13 KB at 114.9 KB/sec)
[INFO] Downloading: https://repo.maven.apache.org/maven2/org/codehaus/plexus/plexus-utils/1.1/plexus-utils-1.1.pom
[INFO] Downloaded: https://repo.maven.apache.org/maven2/org/codehaus/plexus/plexus-utils/1.1/plexus-utils-1.1.pom (767 B at 6.4 KB/sec)
[INFO] Downloading: https://repo.maven.apache.org/maven2/org/apache/maven/maven-artifact-manager/2.0.2/maven-artifact-manager-2.0.2.pom
[INFO] Downloaded: https://repo.maven.apache.org/maven2/org/apache/maven/maven-artifact-manager/2.0.2/maven-artifact-manager-2.0.2.pom (2 KB at 13.0 KB/sec)
[INFO] Downloading: https://repo.maven.apache.org/maven2/org/apache/maven/maven-repository-metadata/2.0.2/maven-repository-metadata-2.0.2.pom
[INFO] Downloaded: https://repo.maven.apache.org/maven2/org/apache/maven/maven-repository-metadata/2.0.2/maven-repository-metadata-2.0.2.pom (2 KB at 12.3 KB/sec)
[INFO] Downloading: https://repo.maven.apache.org/maven2/org/codehaus/plexus/plexus-container-default/1.0-alpha-9/plexus-container-default-1.0-alpha-9.pom
[INFO] Downloaded: https://repo.maven.apache.org/maven2/org/codehaus/plexus/plexus-container-default/1.0-alpha-9/plexus-container-default-1.0-alpha-9.pom (2 KB at 11.0 KB/sec)
[INFO] Downloading: https://repo.maven.apache.org/maven2/org/apache/maven/wagon/wagon-provider-api/1.0-alpha-6/wagon-provider-api-1.0-alpha-6.pom
[INFO] Downloaded: https://repo.maven.apache.org/maven2/org/apache/maven/wagon/wagon-provider-api/1.0-alpha-6/wagon-provider-api-1.0-alpha-6.pom (588 B at 5.4 KB/sec)
[INFO] Downloading: https://repo.maven.apache.org/maven2/org/apache/maven/wagon/wagon/1.0-alpha-6/wagon-1.0-alpha-6.pom
[INFO] Downloaded: https://repo.maven.apache.org/maven2/org/apache/maven/wagon/wagon/1.0-alpha-6/wagon-1.0-alpha-6.pom (7 KB at 57.4 KB/sec)
[INFO] Downloading: https://repo.maven.apache.org/maven2/org/codehaus/plexus/plexus-utils/1.2/plexus-utils-1.2.pom
[INFO] Downloaded: https://repo.maven.apache.org/maven2/org/codehaus/plexus/plexus-utils/1.2/plexus-utils-1.2.pom (767 B at 7.3 KB/sec)
[INFO] Downloading: https://repo.maven.apache.org/maven2/org/codehaus/plexus/plexus/1.0.5/plexus-1.0.5.pom
[INFO] Downloaded: https://repo.maven.apache.org/maven2/org/codehaus/plexus/plexus/1.0.5/plexus-1.0.5.pom (6 KB at 53.7 KB/sec)
[INFO] Downloading: https://repo.maven.apache.org/maven2/org/apache/maven/shared/maven-shared-io/1.1/maven-shared-io-1.1.pom
[INFO] Downloaded: https://repo.maven.apache.org/maven2/org/apache/maven/shared/maven-shared-io/1.1/maven-shared-io-1.1.pom (4 KB at 36.4 KB/sec)
[INFO] Downloading: https://repo.maven.apache.org/maven2/org/apache/maven/shared/maven-shared-components/8/maven-shared-components-8.pom
[INFO] Downloaded: https://repo.maven.apache.org/maven2/org/apache/maven/shared/maven-shared-components/8/maven-shared-components-8.pom (3 KB at 23.7 KB/sec)
[INFO] Downloading: https://repo.maven.apache.org/maven2/org/apache/maven/maven-parent/7/maven-parent-7.pom
[INFO] Downloaded: https://repo.maven.apache.org/maven2/org/apache/maven/maven-parent/7/maven-parent-7.pom (21 KB at 182.0 KB/sec)
[INFO] Downloading: https://repo.maven.apache.org/maven2/org/apache/maven/shared/maven-filtering/1.0/maven-filtering-1.0.pom
[INFO] Downloaded: https://repo.maven.apache.org/maven2/org/apache/maven/shared/maven-filtering/1.0/maven-filtering-1.0.pom (6 KB at 52.1 KB/sec)
[INFO] Downloading: https://repo.maven.apache.org/maven2/org/apache/maven/shared/maven-shared-components/16/maven-shared-components-16.pom
[INFO] Downloaded: https://repo.maven.apache.org/maven2/org/apache/maven/shared/maven-shared-components/16/maven-shared-components-16.pom (9 KB at 83.5 KB/sec)
[INFO] Downloading: https://repo.maven.apache.org/maven2/org/apache/maven/maven-parent/19/maven-parent-19.pom
[INFO] Downloaded: https://repo.maven.apache.org/maven2/org/apache/maven/maven-parent/19/maven-parent-19.pom (25 KB at 230.4 KB/sec)
[INFO] Downloading: https://repo.maven.apache.org/maven2/org/apache/maven/shared/maven-repository-builder/1.0-alpha-2/maven-repository-builder-1.0-alpha-2.pom
[INFO] Downloaded: https://repo.maven.apache.org/maven2/org/apache/maven/shared/maven-repository-builder/1.0-alpha-2/maven-repository-builder-1.0-alpha-2.pom (4 KB at 27.7 KB/sec)
[INFO] Downloading: https://repo.maven.apache.org/maven2/org/apache/maven/shared/maven-shared-components/7/maven-shared-components-7.pom
[INFO] Downloaded: https://repo.maven.apache.org/maven2/org/apache/maven/shared/maven-shared-components/7/maven-shared-components-7.pom (3 KB at 24.4 KB/sec)
[INFO] Downloading: https://repo.maven.apache.org/maven2/org/apache/maven/maven-artifact/2.0.4/maven-artifact-2.0.4.pom
[INFO] Downloaded: https://repo.maven.apache.org/maven2/org/apache/maven/maven-artifact/2.0.4/maven-artifact-2.0.4.pom (765 B at 7.3 KB/sec)
[INFO] Downloading: https://repo.maven.apache.org/maven2/org/apache/maven/maven/2.0.4/maven-2.0.4.pom
[INFO] Downloaded: https://repo.maven.apache.org/maven2/org/apache/maven/maven/2.0.4/maven-2.0.4.pom (12 KB at 109.7 KB/sec)
[INFO] Downloading: https://repo.maven.apache.org/maven2/org/apache/maven/maven-artifact-manager/2.0.4/maven-artifact-manager-2.0.4.pom
[INFO] Downloaded: https://repo.maven.apache.org/maven2/org/apache/maven/maven-artifact-manager/2.0.4/maven-artifact-manager-2.0.4.pom (2 KB at 12.6 KB/sec)
[INFO] Downloading: https://repo.maven.apache.org/maven2/org/apache/maven/maven-repository-metadata/2.0.4/maven-repository-metadata-2.0.4.pom
[INFO] Downloaded: https://repo.maven.apache.org/maven2/org/apache/maven/maven-repository-metadata/2.0.4/maven-repository-metadata-2.0.4.pom (2 KB at 13.6 KB/sec)
[INFO] Downloading: https://repo.maven.apache.org/maven2/org/apache/maven/maven-project/2.0.4/maven-project-2.0.4.pom
[INFO] Downloaded: https://repo.maven.apache.org/maven2/org/apache/maven/maven-project/2.0.4/maven-project-2.0.4.pom (2 KB at 17.3 KB/sec)
[INFO] Downloading: https://repo.maven.apache.org/maven2/org/apache/maven/maven-settings/2.0.4/maven-settings-2.0.4.pom
[INFO] Downloaded: https://repo.maven.apache.org/maven2/org/apache/maven/maven-settings/2.0.4/maven-settings-2.0.4.pom (2 KB at 15.1 KB/sec)
[INFO] Downloading: https://repo.maven.apache.org/maven2/org/apache/maven/maven-model/2.0.4/maven-model-2.0.4.pom
[INFO] Downloaded: https://repo.maven.apache.org/maven2/org/apache/maven/maven-model/2.0.4/maven-model-2.0.4.pom (3 KB at 25.4 KB/sec)
[INFO] Downloading: https://repo.maven.apache.org/maven2/org/apache/maven/maven-profile/2.0.4/maven-profile-2.0.4.pom
[INFO] Downloaded: https://repo.maven.apache.org/maven2/org/apache/maven/maven-profile/2.0.4/maven-profile-2.0.4.pom (2 KB at 14.5 KB/sec)
[INFO] Downloading: https://repo.maven.apache.org/maven2/org/apache/maven/shared/maven-common-artifact-filters/1.0-alpha-1/maven-common-artifact-filters-1.0-alpha-1.pom
[INFO] Downloaded: https://repo.maven.apache.org/maven2/org/apache/maven/shared/maven-common-artifact-filters/1.0-alpha-1/maven-common-artifact-filters-1.0-alpha-1.pom (2 KB at 15.7 KB/sec)
[INFO] Downloading: https://repo.maven.apache.org/maven2/org/apache/maven/shared/maven-shared-components/6/maven-shared-components-6.pom
[INFO] Downloaded: https://repo.maven.apache.org/maven2/org/apache/maven/shared/maven-shared-components/6/maven-shared-components-6.pom (4 KB at 23.7 KB/sec)
[INFO] Downloading: https://repo.maven.apache.org/maven2/org/slf4j/slf4j-jdk14/1.5.6/slf4j-jdk14-1.5.6.jar
[INFO] Downloading: https://repo.maven.apache.org/maven2/org/slf4j/slf4j-api/1.5.6/slf4j-api-1.5.6.jar
[INFO] Downloading: https://repo.maven.apache.org/maven2/org/slf4j/jcl-over-slf4j/1.5.6/jcl-over-slf4j-1.5.6.jar
[INFO] Downloading: https://repo.maven.apache.org/maven2/org/apache/maven/reporting/maven-reporting-api/2.2.1/maven-reporting-api-2.2.1.jar
[INFO] Downloading: https://repo.maven.apache.org/maven2/org/apache/maven/doxia/doxia-sink-api/1.1/doxia-sink-api-1.1.jar
[INFO] Downloaded: https://repo.maven.apache.org/maven2/org/slf4j/slf4j-api/1.5.6/slf4j-api-1.5.6.jar (22 KB at 194.8 KB/sec)
[INFO] Downloading: https://repo.maven.apache.org/maven2/org/apache/maven/doxia/doxia-logging-api/1.1/doxia-logging-api-1.1.jar
[INFO] Downloaded: https://repo.maven.apache.org/maven2/org/apache/maven/reporting/maven-reporting-api/2.2.1/maven-reporting-api-2.2.1.jar (10 KB at 84.6 KB/sec)
[INFO] Downloading: https://repo.maven.apache.org/maven2/commons-cli/commons-cli/1.2/commons-cli-1.2.jar
[INFO] Downloaded: https://repo.maven.apache.org/maven2/org/slf4j/slf4j-jdk14/1.5.6/slf4j-jdk14-1.5.6.jar (9 KB at 73.6 KB/sec)
[INFO] Downloading: https://repo.maven.apache.org/maven2/backport-util-concurrent/backport-util-concurrent/3.1/backport-util-concurrent-3.1.jar
[INFO] Downloaded: https://repo.maven.apache.org/maven2/org/apache/maven/doxia/doxia-sink-api/1.1/doxia-sink-api-1.1.jar (13 KB at 107.9 KB/sec)
[INFO] Downloaded: https://repo.maven.apache.org/maven2/org/slf4j/jcl-over-slf4j/1.5.6/jcl-over-slf4j-1.5.6.jar (17 KB at 136.1 KB/sec)
[INFO] Downloading: https://repo.maven.apache.org/maven2/org/sonatype/plexus/plexus-sec-dispatcher/1.3/plexus-sec-dispatcher-1.3.jar
[INFO] Downloading: https://repo.maven.apache.org/maven2/org/sonatype/plexus/plexus-cipher/1.4/plexus-cipher-1.4.jar
[INFO] Downloaded: https://repo.maven.apache.org/maven2/org/sonatype/plexus/plexus-cipher/1.4/plexus-cipher-1.4.jar (14 KB at 60.2 KB/sec)
[INFO] Downloading: https://repo.maven.apache.org/maven2/org/apache/maven/shared/maven-common-artifact-filters/1.4/maven-common-artifact-filters-1.4.jar
[INFO] Downloaded: https://repo.maven.apache.org/maven2/org/apache/maven/doxia/doxia-logging-api/1.1/doxia-logging-api-1.1.jar (12 KB at 50.5 KB/sec)
[INFO] Downloading: https://repo.maven.apache.org/maven2/org/apache/maven/shared/file-management/1.1/file-management-1.1.jar
[INFO] Downloaded: https://repo.maven.apache.org/maven2/commons-cli/commons-cli/1.2/commons-cli-1.2.jar (41 KB at 174.6 KB/sec)
[INFO] Downloading: https://repo.maven.apache.org/maven2/org/apache/maven/shared/maven-shared-io/1.1/maven-shared-io-1.1.jar
[INFO] Downloaded: https://repo.maven.apache.org/maven2/org/sonatype/plexus/plexus-sec-dispatcher/1.3/plexus-sec-dispatcher-1.3.jar (28 KB at 119.2 KB/sec)
[INFO] Downloading: https://repo.maven.apache.org/maven2/org/apache/maven/shared/maven-filtering/1.0/maven-filtering-1.0.jar
[INFO] Downloaded: https://repo.maven.apache.org/maven2/backport-util-concurrent/backport-util-concurrent/3.1/backport-util-concurrent-3.1.jar (324 KB at 1333.1 KB/sec)
[INFO] Downloading: https://repo.maven.apache.org/maven2/org/apache/maven/shared/maven-repository-builder/1.0-alpha-2/maven-repository-builder-1.0-alpha-2.jar
[INFO] Downloaded: https://repo.maven.apache.org/maven2/org/apache/maven/shared/file-management/1.1/file-management-1.1.jar (31 KB at 92.2 KB/sec)
[INFO] Downloaded: https://repo.maven.apache.org/maven2/org/apache/maven/shared/maven-common-artifact-filters/1.4/maven-common-artifact-filters-1.4.jar (31 KB at 93.2 KB/sec)
[INFO] Downloaded: https://repo.maven.apache.org/maven2/org/apache/maven/shared/maven-filtering/1.0/maven-filtering-1.0.jar (42 KB at 122.2 KB/sec)
[INFO] Downloaded: https://repo.maven.apache.org/maven2/org/apache/maven/shared/maven-shared-io/1.1/maven-shared-io-1.1.jar (39 KB at 111.1 KB/sec)
[INFO] Downloaded: https://repo.maven.apache.org/maven2/org/apache/maven/shared/maven-repository-builder/1.0-alpha-2/maven-repository-builder-1.0-alpha-2.jar (23 KB at 65.0 KB/sec)
[INFO] Reading assembly descriptor: deploy/package-jar.xml
[INFO] Building jar: /home/travis/build/knightliao/disconf/disconf-client/target/disconf-client.jar
[WARNING] Configuration options: 'appendAssemblyId' is set to false, and 'classifier' is missing.
Instead of attaching the assembly file: /home/travis/build/knightliao/disconf/disconf-client/target/disconf-client.jar, it will become the file for main project artifact.
NOTE: If multiple descriptors or descriptor-formats are provided for this project, the value of this file will be non-deterministic!
[WARNING] Replacing pre-existing project main-artifact file: /home/travis/build/knightliao/disconf/disconf-client/target/disconf-client.jar
with assembly file: /home/travis/build/knightliao/disconf/disconf-client/target/disconf-client.jar
[INFO] 
[INFO] --- maven-install-plugin:2.4:install (default-install) @ disconf-client ---
[INFO] Installing /home/travis/build/knightliao/disconf/disconf-client/target/disconf-client.jar to /home/travis/.m2/repository/com/baidu/disconf/disconf-client/2.6.11/disconf-client-2.6.11.jar
[INFO] Installing /home/travis/build/knightliao/disconf/disconf-client/pom.xml to /home/travis/.m2/repository/com/baidu/disconf/disconf-client/2.6.11/disconf-client-2.6.11.pom
[INFO]                                                                         
[INFO] ------------------------------------------------------------------------
[INFO] Building disconf-tools 2.6.11
[INFO] ------------------------------------------------------------------------
[INFO] 
[INFO] --- maven-resources-plugin:2.6:resources (default-resources) @ disconf-tool ---
[INFO] Using 'UTF-8' encoding to copy filtered resources.
[INFO] Copying 0 resource
[INFO] skip non existing resourceDirectory /home/travis/build/knightliao/disconf/disconf-tool/src/main/resources
[INFO] 
[INFO] --- maven-compiler-plugin:2.3.1:compile (default-compile) @ disconf-tool ---
[INFO] Compiling 1 source file to /home/travis/build/knightliao/disconf/disconf-tool/target/classes
[INFO] 
[INFO] --- maven-resources-plugin:2.6:testResources (default-testResources) @ disconf-tool ---
[INFO] Using 'UTF-8' encoding to copy filtered resources.
[INFO] skip non existing resourceDirectory /home/travis/build/knightliao/disconf/disconf-tool/src/test/resources
[INFO] 
[INFO] --- maven-compiler-plugin:2.3.1:testCompile (default-testCompile) @ disconf-tool ---
[INFO] Compiling 2 source files to /home/travis/build/knightliao/disconf/disconf-tool/target/test-classes
[INFO] 
[INFO] --- maven-surefire-plugin:2.5:test (default-test) @ disconf-tool ---
[INFO] Tests are skipped.
[INFO] 
[INFO] --- maven-jar-plugin:2.4:jar (default-jar) @ disconf-tool ---
[INFO] Building jar: /home/travis/build/knightliao/disconf/disconf-tool/target/disconf-base.jar
[INFO] 
[INFO] --- maven-install-plugin:2.4:install (default-install) @ disconf-tool ---
[INFO] Installing /home/travis/build/knightliao/disconf/disconf-tool/target/disconf-base.jar to /home/travis/.m2/repository/com/baidu/disconf/disconf-tool/2.6.11/disconf-tool-2.6.11.jar
[INFO] Installing /home/travis/build/knightliao/disconf/disconf-tool/pom.xml to /home/travis/.m2/repository/com/baidu/disconf/disconf-tool/2.6.11/disconf-tool-2.6.11.pom
[INFO] ------------------------------------------------------------------------
[INFO] Reactor Summary:
[INFO] 
[INFO] disconf ............................................ SUCCESS [  7.834 s]
[INFO] disconf-core ....................................... SUCCESS [ 19.564 s]
[INFO] disconf-client ..................................... SUCCESS [ 16.126 s]
[INFO] disconf-tools ...................................... SUCCESS [  0.998 s]
[INFO] ------------------------------------------------------------------------
[INFO] BUILD SUCCESS
[INFO] ------------------------------------------------------------------------
[INFO] Total time: 44.837 s
[INFO] Finished at: 2016-11-16T03:32:24+00:00
[INFO] Final Memory: 54M/209M
[INFO] ------------------------------------------------------------------------

travis_time:end:39bfb3aa:start=1479267097521970797,finish=1479267144585346587,duration=47063375790[0Ktravis_fold:end:install[0Ktravis_time:start:0c34ad78[0K$ mvn test -B
[INFO] Scanning for projects...
[WARNING] 
[WARNING] Some problems were encountered while building the effective model for com.baidu.disconf:disconf-client:jar:2.6.11
[WARNING] 'version' contains an expression but should be a constant. @ com.baidu.disconf:disconf-client:${disconf-core.version}, /home/travis/build/knightliao/disconf/disconf-client/pom.xml, line 327, column 14
[WARNING] 'dependencyManagement.dependencies.dependency.(groupId:artifactId:type:classifier)' must be unique: org.springframework:spring-test:jar -> version ${spring.version} vs ${spring-version} @ com.baidu.disconf:disconf-base:2.6.11, /home/travis/build/knightliao/disconf/pom.xml, line 358, column 25
[WARNING] 
[WARNING] Some problems were encountered while building the effective model for com.baidu.disconf:disconf-core:jar:2.6.11
[WARNING] 'version' contains an expression but should be a constant. @ com.baidu.disconf:disconf-core:${disconf-core.version}, /home/travis/build/knightliao/disconf/disconf-core/pom.xml, line 302, column 14
[WARNING] 'dependencyManagement.dependencies.dependency.(groupId:artifactId:type:classifier)' must be unique: org.springframework:spring-test:jar -> version ${spring.version} vs ${spring-version} @ com.baidu.disconf:disconf-base:2.6.11, /home/travis/build/knightliao/disconf/pom.xml, line 358, column 25
[WARNING] 
[WARNING] Some problems were encountered while building the effective model for com.baidu.disconf:disconf-tool:jar:2.6.11
[WARNING] 'dependencyManagement.dependencies.dependency.(groupId:artifactId:type:classifier)' must be unique: org.springframework:spring-test:jar -> version ${spring.version} vs ${spring-version} @ com.baidu.disconf:disconf-base:2.6.11, /home/travis/build/knightliao/disconf/pom.xml, line 358, column 25
[WARNING] 
[WARNING] Some problems were encountered while building the effective model for com.baidu.disconf:disconf-base:pom:2.6.11
[WARNING] 'dependencyManagement.dependencies.dependency.(groupId:artifactId:type:classifier)' must be unique: org.springframework:spring-test:jar -> version ${spring.version} vs ${spring-version} @ line 358, column 25
[WARNING] 
[WARNING] It is highly recommended to fix these problems because they threaten the stability of your build.
[WARNING] 
[WARNING] For this reason, future Maven versions might no longer support building such malformed projects.
[WARNING] 
[INFO] ------------------------------------------------------------------------
[INFO] Reactor Build Order:
[INFO] 
[INFO] disconf
[INFO] disconf-core
[INFO] disconf-client
[INFO] disconf-tools
[INFO]                                                                         
[INFO] ------------------------------------------------------------------------
[INFO] Building disconf 2.6.11
[INFO] ------------------------------------------------------------------------
[INFO]                                                                         
[INFO] ------------------------------------------------------------------------
[INFO] Building disconf-core 2.6.11
[INFO] ------------------------------------------------------------------------
[INFO] 
[INFO] --- maven-resources-plugin:2.6:resources (default-resources) @ disconf-core ---
[INFO] Using 'UTF-8' encoding to copy filtered resources.
[INFO] Copying 0 resource
[INFO] skip non existing resourceDirectory /home/travis/build/knightliao/disconf/disconf-core/src/main/resources
[INFO] 
[INFO] --- maven-compiler-plugin:2.3.1:compile (default-compile) @ disconf-core ---
[INFO] Nothing to compile - all classes are up to date
[INFO] 
[INFO] --- maven-resources-plugin:2.6:testResources (default-testResources) @ disconf-core ---
[INFO] Using 'UTF-8' encoding to copy filtered resources.
[INFO] skip non existing resourceDirectory /home/travis/build/knightliao/disconf/disconf-core/src/test/resources
[INFO] 
[INFO] --- maven-compiler-plugin:2.3.1:testCompile (default-testCompile) @ disconf-core ---
[INFO] Nothing to compile - all classes are up to date
[INFO] 
[INFO] --- maven-surefire-plugin:2.5:test (default-test) @ disconf-core ---
[INFO] Downloading: https://repo.maven.apache.org/maven2/org/apache/maven/surefire/surefire-junit4/2.5/surefire-junit4-2.5.pom
[INFO] Downloaded: https://repo.maven.apache.org/maven2/org/apache/maven/surefire/surefire-junit4/2.5/surefire-junit4-2.5.pom (2 KB at 3.3 KB/sec)
[INFO] Downloading: https://repo.maven.apache.org/maven2/org/apache/maven/surefire/surefire-providers/2.5/surefire-providers-2.5.pom
[INFO] Downloaded: https://repo.maven.apache.org/maven2/org/apache/maven/surefire/surefire-providers/2.5/surefire-providers-2.5.pom (2 KB at 16.5 KB/sec)
[INFO] Downloading: https://repo.maven.apache.org/maven2/junit/junit/4.0/junit-4.0.pom
[INFO] Downloaded: https://repo.maven.apache.org/maven2/junit/junit/4.0/junit-4.0.pom (210 B at 1.8 KB/sec)
[INFO] Downloading: https://repo.maven.apache.org/maven2/junit/junit/4.0/junit-4.0.jar
[INFO] Downloading: https://repo.maven.apache.org/maven2/org/apache/maven/surefire/surefire-junit4/2.5/surefire-junit4-2.5.jar
[INFO] Downloaded: https://repo.maven.apache.org/maven2/org/apache/maven/surefire/surefire-junit4/2.5/surefire-junit4-2.5.jar (12 KB at 78.3 KB/sec)
[INFO] Downloaded: https://repo.maven.apache.org/maven2/junit/junit/4.0/junit-4.0.jar (104 KB at 545.6 KB/sec)
[INFO] Surefire report directory: /home/travis/build/knightliao/disconf/disconf-core/target/surefire-reports

-------------------------------------------------------
 T E S T S
-------------------------------------------------------
Running com.baidu.disconf.core.test.restful.RestfulMgrTestCase
JMockit: loaded external tool mockit.coverage.CodeCoverage
SLF4J: Failed to load class "org.slf4j.impl.StaticLoggerBinder".
SLF4J: Defaulting to no-operation (NOP) logger implementation
SLF4J: See http://www.slf4j.org/codes.html#StaticLoggerBinder for further details.
log4j:WARN No appenders could be found for logger (wiremock.org.apache.http.impl.conn.PoolingClientConnectionManager).
log4j:WARN Please initialize the log4j system properly.
Tests run: 3, Failures: 0, Errors: 0, Skipped: 0, Time elapsed: 3.069 sec
Running com.baidu.disconf.core.test.path.ZooPathMgrTestCase
Tests run: 1, Failures: 0, Errors: 0, Skipped: 0, Time elapsed: 0.315 sec
Running com.baidu.disconf.core.test.path.DisconfWebPathMgrTestCase
Tests run: 1, Failures: 0, Errors: 0, Skipped: 0, Time elapsed: 0.234 sec
Running com.baidu.disconf.core.test.common.BaseCoreTestCase
Tests run: 1, Failures: 0, Errors: 0, Skipped: 0, Time elapsed: 0.077 sec

Results :

Tests run: 6, Failures: 0, Errors: 0, Skipped: 0

JMockit: Coverage report written to /home/travis/build/knightliao/disconf/disconf-core/coverage-report
[INFO]                                                                         
[INFO] ------------------------------------------------------------------------
[INFO] Building disconf-client 2.6.11
[INFO] ------------------------------------------------------------------------
[INFO] 
[INFO] --- maven-resources-plugin:2.6:resources (default-resources) @ disconf-client ---
[INFO] Using 'UTF-8' encoding to copy filtered resources.
[INFO] Copying 0 resource
[INFO] Copying 2 resources
[INFO] 
[INFO] --- maven-compiler-plugin:2.3.1:compile (default-compile) @ disconf-client ---
[INFO] Nothing to compile - all classes are up to date
[INFO] 
[INFO] --- maven-resources-plugin:2.6:testResources (default-testResources) @ disconf-client ---
[INFO] Using 'UTF-8' encoding to copy filtered resources.
[INFO] Copying 4 resources
[INFO] 
[INFO] --- maven-compiler-plugin:2.3.1:testCompile (default-testCompile) @ disconf-client ---
[INFO] Nothing to compile - all classes are up to date
[INFO] 
[INFO] --- maven-surefire-plugin:2.5:test (default-test) @ disconf-client ---
[INFO] Surefire report directory: /home/travis/build/knightliao/disconf/disconf-client/target/surefire-reports

-------------------------------------------------------
 T E S T S
-------------------------------------------------------
Running com.baidu.disconf.client.test.fetcher.FetcherMgrMgrTestCase
JMockit: loaded external tool mockit.coverage.CodeCoverage
log4j:WARN No appenders could be found for logger (org.springframework.test.context.junit4.SpringJUnit4ClassRunner).
log4j:WARN Please initialize the log4j system properly.
Tests run: 3, Failures: 0, Errors: 0, Skipped: 0, Time elapsed: 3.346 sec
Running com.baidu.disconf.client.test.scan.inner.ScanPackTestCase
2016-11-16 03:32:38,929 [main] INFO  org.reflections.Reflections
                - Reflections took 64 ms to scan 1 urls, producing 28 keys and 156 values 
2016-11-16 03:32:38,945 [main] WARN  com.baidu.disconf.client.scan.inner.ScanStatic
                - disconf file hasn't any items: com.baidu.disconf.client.test.model.EmptyConf
2016-11-16 03:32:38,955 [main] INFO  com.baidu.disconf.client.utils.ScanPrinterUtils
                - Now we will print store map......
2016-11-16 03:32:38,955 [main] INFO  com.baidu.disconf.client.utils.ScanPrinterUtils
                - ====================================
2016-11-16 03:32:38,955 [main] INFO  com.baidu.disconf.client.utils.ScanPrinterUtils
                - indexName:FieldAnnotationsScanner
2016-11-16 03:32:38,957 [main] INFO  com.baidu.disconf.client.utils.ScanPrinterUtils
                - ====================================
2016-11-16 03:32:38,957 [main] INFO  com.baidu.disconf.client.utils.ScanPrinterUtils
                - indexName:MethodParameterScanner
2016-11-16 03:32:38,957 [main] INFO  com.baidu.disconf.client.utils.ScanPrinterUtils
                - 		[double]: [com.baidu.disconf.client.test.model.StaticConf.setStaticvar2(double)]
2016-11-16 03:32:38,957 [main] INFO  com.baidu.disconf.client.utils.ScanPrinterUtils
                - 		[java.lang.Class, com.baidu.disconf.core.common.restful.core.RemoteUrl, int, int]: [com.baidu.disconf.client.test.fetcher.inner.restful.RestfulMgrMock.getJsonData(java.lang.Class, com.baidu.disconf.core.common.restful.core.RemoteUrl, int, int)]
2016-11-16 03:32:38,958 [main] INFO  com.baidu.disconf.client.utils.ScanPrinterUtils
                - 		[]: [com.baidu.disconf.client.test.config.ConfigMgrTestCase.<init>(), com.baidu.disconf.client.test.fetcher.FetcherMgrMgrTestCase.<init>(), com.baidu.disconf.client.test.fetcher.FetcherMgrMgrTestCase.testGetValueFromServer(), com.baidu.disconf.client.test.fetcher.FetcherMgrMgrTestCase.testDownloadFileFromServer(), com.baidu.disconf.client.test.fetcher.FetcherMgrMgrTestCase.<clinit>(), com.baidu.disconf.client.test.fetcher.inner.restful.RestfulMgrMock.<init>(), com.baidu.disconf.client.test.fetcher.inner.restful.RestfulMgrMock.close(), com.baidu.disconf.client.test.fetcher.inner.restful.RestfulMgrMock.init(), com.baidu.disconf.client.test.scan.ScanMgrTestCase.<init>(), com.baidu.disconf.client.test.scan.ScanMgrTestCase.scan(), com.baidu.disconf.client.test.scan.ScanMgrTestCase.<clinit>(), com.baidu.disconf.client.test.scan.inner.ScanPackTestCase.<init>(), com.baidu.disconf.client.test.scan.inner.ScanPackTestCase.scan(), com.baidu.disconf.client.test.scan.inner.ScanPackTestCase.<clinit>(), com.baidu.disconf.client.test.store.DisconfStoreMgrTestCase.<init>(), com.baidu.disconf.client.test.model.StaticConf.<init>(), com.baidu.disconf.client.test.model.StaticConf.getStaticVar(), com.baidu.disconf.client.test.model.StaticConf.getStaticvar(), com.baidu.disconf.client.test.model.StaticConf.getStaticvar2(), com.baidu.disconf.client.test.model.StaticConf.<clinit>(), com.baidu.disconf.client.test.model.ServiceA2UpdateCallback.<init>(), com.baidu.disconf.client.test.model.ServiceA2UpdateCallback.reload(), com.baidu.disconf.client.test.model.ServiceA2UpdateCallback.<clinit>(), com.baidu.disconf.client.test.model.EmptyConf.<init>(), com.baidu.disconf.client.test.model.ServiceAUpdateCallback.<init>(), com.baidu.disconf.client.test.model.ServiceAUpdateCallback.reload(), com.baidu.disconf.client.test.model.ServiceAUpdateCallback.<clinit>(), com.baidu.disconf.client.test.model.ServiceA.<init>(), com.baidu.disconf.client.test.model.ServiceA.calcMoneyA(), com.baidu.disconf.client.test.model.ServiceA.calcMoneyA2(), com.baidu.disconf.client.test.model.ServiceA.getVarAA(), com.baidu.disconf.client.test.model.ConfA.<init>(), com.baidu.disconf.client.test.model.ConfA.getVarA(), com.baidu.disconf.client.test.model.ConfA.getVarA2(), com.baidu.disconf.client.test.watch.mock.WatchMgrMock.<init>(), com.baidu.disconf.client.test.watch.mock.WatchMgrMock.release(), com.baidu.disconf.client.test.watch.WatchMgrTestCase.<init>(), com.baidu.disconf.client.test.utils.DirUtils.<init>(), com.baidu.disconf.client.test.utils.DirUtils.createTempDirectory(), com.baidu.disconf.client.test.DisconfMgrTestCase$1.getDisconfCoreMgr(), com.baidu.disconf.client.test.TestSuite.<init>(), com.baidu.disconf.client.test.core.DisconfCoreMgrTestCase.<init>(), com.baidu.disconf.client.test.json.JsonTranslate.<init>(), com.baidu.disconf.client.test.json.JsonTranslate.test(), com.baidu.disconf.client.test.DisconfMgrTestCase.<init>(), com.baidu.disconf.client.test.DisconfMgrTestCase.demo(), com.baidu.disconf.client.test.DisconfMgrTestCase.<clinit>(), com.baidu.disconf.client.test.common.BaseSpringMockTestCase.<init>(), com.baidu.disconf.client.test.common.BaseSpringMockTestCase.pass(), com.baidu.disconf.client.test.common.BaseSpringMockTestCase.checkNetWork(), com.baidu.disconf.client.test.common.BaseSpringMockTestCase.<clinit>(), com.baidu.disconf.client.test.common.BaseSpringTestCase.<init>(), com.baidu.disconf.client.test.common.BaseSpringTestCase.pass(), com.baidu.disconf.client.test.common.BaseSpringTestCase.checkNetWork(), com.baidu.disconf.client.test.common.BaseSpringTestCase.<clinit>()]
2016-11-16 03:32:38,958 [main] INFO  com.baidu.disconf.client.utils.ScanPrinterUtils
                - 		[com.baidu.disconf.client.test.json.JsonTranslate]: [com.baidu.disconf.client.test.json.JsonTranslate$1.<init>(com.baidu.disconf.client.test.json.JsonTranslate)]
2016-11-16 03:32:38,958 [main] INFO  com.baidu.disconf.client.utils.ScanPrinterUtils
                - 		java.lang.Object: [com.baidu.disconf.client.test.fetcher.inner.restful.RestfulMgrMock.getJsonData(java.lang.Class, com.baidu.disconf.core.common.restful.core.RemoteUrl, int, int)]
2016-11-16 03:32:38,958 [main] INFO  com.baidu.disconf.client.utils.ScanPrinterUtils
                - 		int: [com.baidu.disconf.client.test.model.StaticConf.getStaticVar(), com.baidu.disconf.client.test.model.StaticConf.getStaticvar(), com.baidu.disconf.client.test.model.ServiceA.getVarAA()]
2016-11-16 03:32:38,958 [main] INFO  com.baidu.disconf.client.utils.ScanPrinterUtils
                - 		[int]: [com.baidu.disconf.client.test.model.StaticConf.setStaticVar(int), com.baidu.disconf.client.test.model.StaticConf.setStaticvar(int), com.baidu.disconf.client.test.model.ServiceA.setVarAA(int)]
2016-11-16 03:32:38,958 [main] INFO  com.baidu.disconf.client.utils.ScanPrinterUtils
                - 		[java.lang.Long]: [com.baidu.disconf.client.test.model.ConfA.setVarA(java.lang.Long), com.baidu.disconf.client.test.model.ConfA.setVarA2(java.lang.Long)]
2016-11-16 03:32:38,958 [main] INFO  com.baidu.disconf.client.utils.ScanPrinterUtils
                - 		java.lang.Long: [com.baidu.disconf.client.test.model.ConfA.getVarA(), com.baidu.disconf.client.test.model.ConfA.getVarA2()]
2016-11-16 03:32:38,958 [main] INFO  com.baidu.disconf.client.utils.ScanPrinterUtils
                - 		void: [com.baidu.disconf.client.test.config.ConfigMgrTestCase.<init>(), com.baidu.disconf.client.test.fetcher.FetcherMgrMgrTestCase.<init>(), com.baidu.disconf.client.test.fetcher.FetcherMgrMgrTestCase.testGetValueFromServer(), com.baidu.disconf.client.test.fetcher.FetcherMgrMgrTestCase.testDownloadFileFromServer(), com.baidu.disconf.client.test.fetcher.FetcherMgrMgrTestCase.<clinit>(), com.baidu.disconf.client.test.fetcher.inner.restful.RestfulMgrMock.<init>(), com.baidu.disconf.client.test.fetcher.inner.restful.RestfulMgrMock.close(), com.baidu.disconf.client.test.fetcher.inner.restful.RestfulMgrMock.init(), com.baidu.disconf.client.test.scan.ScanMgrTestCase.<init>(), com.baidu.disconf.client.test.scan.ScanMgrTestCase.scan(), com.baidu.disconf.client.test.scan.ScanMgrTestCase.<clinit>(), com.baidu.disconf.client.test.scan.inner.ScanPackTestCase.<init>(), com.baidu.disconf.client.test.scan.inner.ScanPackTestCase.scan(), com.baidu.disconf.client.test.scan.inner.ScanPackTestCase.<clinit>(), com.baidu.disconf.client.test.store.DisconfStoreMgrTestCase.<init>(), com.baidu.disconf.client.test.model.StaticConf.<init>(), com.baidu.disconf.client.test.model.StaticConf.setStaticVar(int), com.baidu.disconf.client.test.model.StaticConf.setStaticvar(int), com.baidu.disconf.client.test.model.StaticConf.setStaticvar2(double), com.baidu.disconf.client.test.model.StaticConf.<clinit>(), com.baidu.disconf.client.test.model.ServiceA2UpdateCallback.<init>(), com.baidu.disconf.client.test.model.ServiceA2UpdateCallback.reload(), com.baidu.disconf.client.test.model.ServiceA2UpdateCallback.<clinit>(), com.baidu.disconf.client.test.model.EmptyConf.<init>(), com.baidu.disconf.client.test.model.ServiceAUpdateCallback.<init>(), com.baidu.disconf.client.test.model.ServiceAUpdateCallback.reload(), com.baidu.disconf.client.test.model.ServiceAUpdateCallback.<clinit>(), com.baidu.disconf.client.test.model.ServiceA.<init>(), com.baidu.disconf.client.test.model.ServiceA.setVarAA(int), com.baidu.disconf.client.test.model.ConfA.<init>(), com.baidu.disconf.client.test.model.ConfA.setVarA(java.lang.Long), com.baidu.disconf.client.test.model.ConfA.setVarA2(java.lang.Long), com.baidu.disconf.client.test.watch.mock.WatchMgrMock.<init>(), com.baidu.disconf.client.test.watch.mock.WatchMgrMock.init(java.lang.String, java.lang.String), com.baidu.disconf.client.test.watch.mock.WatchMgrMock.watchPath(com.baidu.disconf.client.core.processor.DisconfCoreProcessor, com.baidu.disconf.client.common.model.DisConfCommonModel, java.lang.String, com.baidu.disconf.core.common.constants.DisConfigTypeEnum, java.lang.String), com.baidu.disconf.client.test.watch.mock.WatchMgrMock.release(), com.baidu.disconf.client.test.watch.WatchMgrTestCase.<init>(), com.baidu.disconf.client.test.utils.DirUtils.<init>(), com.baidu.disconf.client.test.DisconfMgrTestCase$1.<init>(com.baidu.disconf.client.test.DisconfMgrTestCase), com.baidu.disconf.client.test.TestSuite.<init>(), com.baidu.disconf.client.test.core.DisconfCoreMgrTestCase.<init>(), com.baidu.disconf.client.test.json.JsonTranslate.<init>(), com.baidu.disconf.client.test.json.JsonTranslate.test(), com.baidu.disconf.client.test.json.JsonTranslate$1.<init>(com.baidu.disconf.client.test.json.JsonTranslate), com.baidu.disconf.client.test.DisconfMgrTestCase.<init>(), com.baidu.disconf.client.test.DisconfMgrTestCase.demo(), com.baidu.disconf.client.test.DisconfMgrTestCase.<clinit>(), com.baidu.disconf.client.test.common.BaseSpringMockTestCase.<init>(), com.baidu.disconf.client.test.common.BaseSpringMockTestCase.pass(), com.baidu.disconf.client.test.common.BaseSpringMockTestCase.<clinit>(), com.baidu.disconf.client.test.common.BaseSpringTestCase.<init>(), com.baidu.disconf.client.test.common.BaseSpringTestCase.pass(), com.baidu.disconf.client.test.common.BaseSpringTestCase.<clinit>()]
2016-11-16 03:32:38,958 [main] INFO  com.baidu.disconf.client.utils.ScanPrinterUtils
                - 		java.lang.String: [com.baidu.disconf.client.test.fetcher.inner.restful.RestfulMgrMock.downloadFromServer(com.baidu.disconf.core.common.restful.core.RemoteUrl, java.lang.String, java.lang.String, java.lang.String, boolean, int, int)]
2016-11-16 03:32:38,958 [main] INFO  com.baidu.disconf.client.utils.ScanPrinterUtils
                - 		double: [com.baidu.disconf.client.test.model.StaticConf.getStaticvar2()]
2016-11-16 03:32:38,958 [main] INFO  com.baidu.disconf.client.utils.ScanPrinterUtils
                - 		long: [com.baidu.disconf.client.test.model.ServiceA.calcMoneyA(), com.baidu.disconf.client.test.model.ServiceA.calcMoneyA2()]
2016-11-16 03:32:38,958 [main] INFO  com.baidu.disconf.client.utils.ScanPrinterUtils
                - 		[java.lang.String, java.lang.String]: [com.baidu.disconf.client.test.watch.mock.WatchMgrMock.init(java.lang.String, java.lang.String)]
2016-11-16 03:32:38,958 [main] INFO  com.baidu.disconf.client.utils.ScanPrinterUtils
                - 		com.baidu.disconf.client.core.DisconfCoreMgr: [com.baidu.disconf.client.test.DisconfMgrTestCase$1.getDisconfCoreMgr()]
2016-11-16 03:32:38,959 [main] INFO  com.baidu.disconf.client.utils.ScanPrinterUtils
                - 		java.io.File: [com.baidu.disconf.client.test.utils.DirUtils.createTempDirectory()]
2016-11-16 03:32:38,959 [main] INFO  com.baidu.disconf.client.utils.ScanPrinterUtils
                - 		[com.baidu.disconf.core.common.restful.core.RemoteUrl, java.lang.String, java.lang.String, java.lang.String, boolean, int, int]: [com.baidu.disconf.client.test.fetcher.inner.restful.RestfulMgrMock.downloadFromServer(com.baidu.disconf.core.common.restful.core.RemoteUrl, java.lang.String, java.lang.String, java.lang.String, boolean, int, int)]
2016-11-16 03:32:38,959 [main] INFO  com.baidu.disconf.client.utils.ScanPrinterUtils
                - 		boolean: [com.baidu.disconf.client.test.common.BaseSpringMockTestCase.checkNetWork(), com.baidu.disconf.client.test.common.BaseSpringTestCase.checkNetWork()]
2016-11-16 03:32:38,960 [main] INFO  com.baidu.disconf.client.utils.ScanPrinterUtils
                - 		[com.baidu.disconf.client.core.processor.DisconfCoreProcessor, com.baidu.disconf.client.common.model.DisConfCommonModel, java.lang.String, com.baidu.disconf.core.common.constants.DisConfigTypeEnum, java.lang.String]: [com.baidu.disconf.client.test.watch.mock.WatchMgrMock.watchPath(com.baidu.disconf.client.core.processor.DisconfCoreProcessor, com.baidu.disconf.client.common.model.DisConfCommonModel, java.lang.String, com.baidu.disconf.core.common.constants.DisConfigTypeEnum, java.lang.String)]
2016-11-16 03:32:38,960 [main] INFO  com.baidu.disconf.client.utils.ScanPrinterUtils
                - 		[com.baidu.disconf.client.test.DisconfMgrTestCase]: [com.baidu.disconf.client.test.DisconfMgrTestCase$1.<init>(com.baidu.disconf.client.test.DisconfMgrTestCase)]
2016-11-16 03:32:38,960 [main] INFO  com.baidu.disconf.client.utils.ScanPrinterUtils
                - ====================================
2016-11-16 03:32:38,960 [main] INFO  com.baidu.disconf.client.utils.ScanPrinterUtils
                - indexName:SubTypesScanner
2016-11-16 03:32:38,960 [main] INFO  com.baidu.disconf.client.utils.ScanPrinterUtils
                - 		com.baidu.disconf.client.test.common.BaseSpringMockTestCase: [com.baidu.disconf.client.test.DisconfMgrTestCase]
2016-11-16 03:32:38,960 [main] INFO  com.baidu.disconf.client.utils.ScanPrinterUtils
                - 		com.baidu.disconf.client.common.update.IDisconfUpdate: [com.baidu.disconf.client.test.model.ServiceA2UpdateCallback, com.baidu.disconf.client.test.model.ServiceAUpdateCallback]
2016-11-16 03:32:38,960 [main] INFO  com.baidu.disconf.client.utils.ScanPrinterUtils
                - 		com.baidu.disconf.client.test.common.BaseSpringTestCase: [com.baidu.disconf.client.test.config.ConfigMgrTestCase, com.baidu.disconf.client.test.fetcher.FetcherMgrMgrTestCase, com.baidu.disconf.client.test.scan.ScanMgrTestCase, com.baidu.disconf.client.test.scan.inner.ScanPackTestCase, com.baidu.disconf.client.test.store.DisconfStoreMgrTestCase, com.baidu.disconf.client.test.watch.WatchMgrTestCase, com.baidu.disconf.client.test.core.DisconfCoreMgrTestCase, com.baidu.disconf.client.test.json.JsonTranslate]
2016-11-16 03:32:38,960 [main] INFO  com.baidu.disconf.client.utils.ScanPrinterUtils
                - 		com.baidu.disconf.core.test.common.BaseCoreTestCase: [com.baidu.disconf.client.test.common.BaseSpringMockTestCase]
2016-11-16 03:32:38,960 [main] INFO  com.baidu.disconf.client.utils.ScanPrinterUtils
                - ====================================
2016-11-16 03:32:38,961 [main] INFO  com.baidu.disconf.client.utils.ScanPrinterUtils
                - indexName:MethodAnnotationsScanner
2016-11-16 03:32:38,961 [main] INFO  com.baidu.disconf.client.utils.ScanPrinterUtils
                - 		com.baidu.disconf.client.common.annotations.DisconfItem: [com.baidu.disconf.client.test.model.ServiceA.getVarAA()]
2016-11-16 03:32:38,961 [main] INFO  com.baidu.disconf.client.utils.ScanPrinterUtils
                - 		com.baidu.disconf.client.common.annotations.DisconfFileItem: [com.baidu.disconf.client.test.model.StaticConf.getStaticVar(), com.baidu.disconf.client.test.model.StaticConf.getStaticvar2(), com.baidu.disconf.client.test.model.ConfA.getVarA(), com.baidu.disconf.client.test.model.ConfA.getVarA2()]
2016-11-16 03:32:38,961 [main] INFO  com.baidu.disconf.client.utils.ScanPrinterUtils
                - ====================================
2016-11-16 03:32:38,961 [main] INFO  com.baidu.disconf.client.utils.ScanPrinterUtils
                - indexName:TypeAnnotationsScanner
2016-11-16 03:32:38,961 [main] INFO  com.baidu.disconf.client.utils.ScanPrinterUtils
                - 		com.baidu.disconf.client.common.annotations.DisconfUpdateService: [com.baidu.disconf.client.test.model.ServiceA2UpdateCallback, com.baidu.disconf.client.test.model.ServiceAUpdateCallback]
2016-11-16 03:32:38,961 [main] INFO  com.baidu.disconf.client.utils.ScanPrinterUtils
                - 		com.baidu.disconf.client.common.annotations.DisconfFile: [com.baidu.disconf.client.test.model.StaticConf, com.baidu.disconf.client.test.model.EmptyConf, com.baidu.disconf.client.test.model.ConfA]
2016-11-16 03:32:38,961 [main] INFO  com.baidu.disconf.client.test.scan.inner.ScanPackTestCase
                - =============DISCONF FILE ITEM===================
2016-11-16 03:32:38,961 [main] INFO  com.baidu.disconf.client.utils.ScanPrinterUtils
                - public static double com.baidu.disconf.client.test.model.StaticConf.getStaticvar2()
2016-11-16 03:32:38,961 [main] INFO  com.baidu.disconf.client.utils.ScanPrinterUtils
                - public static int com.baidu.disconf.client.test.model.StaticConf.getStaticVar()
2016-11-16 03:32:38,962 [main] INFO  com.baidu.disconf.client.utils.ScanPrinterUtils
                - public java.lang.Long com.baidu.disconf.client.test.model.ConfA.getVarA()
2016-11-16 03:32:38,962 [main] INFO  com.baidu.disconf.client.utils.ScanPrinterUtils
                - public java.lang.Long com.baidu.disconf.client.test.model.ConfA.getVarA2()
2016-11-16 03:32:38,962 [main] INFO  com.baidu.disconf.client.test.scan.inner.ScanPackTestCase
                - =============DISCONF FILE===================
2016-11-16 03:32:38,962 [main] INFO  com.baidu.disconf.client.test.scan.inner.ScanPackTestCase
                - =============DISCONF ITEM===================
2016-11-16 03:32:38,962 [main] INFO  com.baidu.disconf.client.utils.ScanPrinterUtils
                - public int com.baidu.disconf.client.test.model.ServiceA.getVarAA()
2016-11-16 03:32:38,962 [main] INFO  com.baidu.disconf.client.test.scan.inner.ScanPackTestCase
                - =============DISCONF ACTIVE BACKUP===================
2016-11-16 03:32:38,962 [main] INFO  com.baidu.disconf.client.test.scan.inner.ScanPackTestCase
                - =============DISCONF Update service===================
2016-11-16 03:32:38,962 [main] INFO  com.baidu.disconf.client.utils.ScanPrinterUtils
                - class com.baidu.disconf.client.test.model.ServiceAUpdateCallback
2016-11-16 03:32:38,962 [main] INFO  com.baidu.disconf.client.utils.ScanPrinterUtils
                - class com.baidu.disconf.client.test.model.ServiceA2UpdateCallback
Tests run: 2, Failures: 0, Errors: 0, Skipped: 0, Time elapsed: 0.168 sec
Running com.baidu.disconf.client.test.watch.WatchMgrTestCase
Tests run: 1, Failures: 0, Errors: 0, Skipped: 0, Time elapsed: 0.016 sec
Running com.baidu.disconf.client.test.common.BaseSpringMockTestCase
2016-11-16 03:32:39,195 [main] INFO  wiremock.org.mortbay.log
                - Logging to Logger[wiremock.org.mortbay.log] via wiremock.org.mortbay.log.Slf4jLog
2016-11-16 03:32:39,251 [main] INFO  wiremock.org.mortbay.log
                - jetty-6.1.x
2016-11-16 03:32:39,270 [main] INFO  wiremock.org.mortbay.log
                - Started DelayableSocketConnector@0.0.0.0:9289
2016-11-16 03:32:39,839 [250569098@qtp-256818890-1] INFO  /__admin
                - RequestHandlerClass from context returned com.github.tomakehurst.wiremock.http.AdminRequestHandler
2016-11-16 03:32:40,039 [main] INFO  wiremock.org.mortbay.log
                - Stopped DelayableSocketConnector@0.0.0.0:9289
Tests run: 1, Failures: 0, Errors: 0, Skipped: 0, Time elapsed: 1.057 sec
Running com.baidu.disconf.client.test.store.DisconfStoreMgrTestCase
Tests run: 1, Failures: 0, Errors: 0, Skipped: 0, Time elapsed: 0.014 sec
Running com.baidu.disconf.client.test.core.DisconfCoreMgrTestCase
Tests run: 1, Failures: 0, Errors: 0, Skipped: 0, Time elapsed: 0.013 sec
Running com.baidu.disconf.client.test.config.ConfigMgrTestCase
Tests run: 1, Failures: 0, Errors: 0, Skipped: 0, Time elapsed: 0.011 sec
Running com.baidu.disconf.client.test.scan.ScanMgrTestCase
Tests run: 2, Failures: 0, Errors: 0, Skipped: 0, Time elapsed: 0.014 sec
Running com.baidu.disconf.client.test.common.BaseSpringTestCase
Tests run: 1, Failures: 0, Errors: 0, Skipped: 0, Time elapsed: 0.012 sec
Running com.baidu.disconf.client.test.DisconfMgrTestCase
2016-11-16 03:32:40,114 [main] INFO  wiremock.org.mortbay.log
                - jetty-6.1.x
2016-11-16 03:32:40,116 [main] INFO  wiremock.org.mortbay.log
                - Started DelayableSocketConnector@0.0.0.0:9289
2016-11-16 03:32:40,169 [886203277@qtp-962312462-0] INFO  /__admin
                - RequestHandlerClass from context returned com.github.tomakehurst.wiremock.http.AdminRequestHandler
2016-11-16 03:32:40,307 [main] INFO  com.baidu.disconf.client.test.DisconfMgrTestCase
                - ================ BEFORE DISCONF ==============================
2016-11-16 03:32:40,308 [main] INFO  com.baidu.disconf.client.test.DisconfMgrTestCase
                - before disconf values:
2016-11-16 03:32:40,373 [main] INFO  com.baidu.disconf.client.test.DisconfMgrTestCase
                - varA: 15
2016-11-16 03:32:40,379 [main] INFO  com.baidu.disconf.client.test.DisconfMgrTestCase
                - varA2: 25
2016-11-16 03:32:40,400 [main] INFO  com.baidu.disconf.client.test.DisconfMgrTestCase
                - varAA: 10
2016-11-16 03:32:40,401 [main] INFO  com.baidu.disconf.client.test.DisconfMgrTestCase
                - ================ BEFORE DISCONF ==============================
2016-11-16 03:32:40,407 [main] INFO  com.baidu.disconf.client.config.ConfigMgr
                - --------------- LOAD CONFIG START ---------------
2016-11-16 03:32:40,412 [main] INFO  com.baidu.disconf.client.config.ConfigMgr
                - Finer print: 021678086c47_0_b5a9ba70-c8cc-4695-9d65-524d0f3124f8
2016-11-16 03:32:40,448 [main] INFO  com.baidu.disconf.client.config.inner.DisInnerConfigHelper
                - SERVER conf_server_host: [127.0.0.1:9289, 127.0.0.1:9289]
2016-11-16 03:32:40,449 [main] INFO  com.baidu.disconf.client.config.inner.DisInnerConfigHelper
                - SERVER version: 1_0_0_0
2016-11-16 03:32:40,449 [main] INFO  com.baidu.disconf.client.config.inner.DisInnerConfigHelper
                - SERVER APP: disconf_testcase
2016-11-16 03:32:40,449 [main] INFO  com.baidu.disconf.client.config.inner.DisInnerConfigHelper
                - SERVER ENV: rd
2016-11-16 03:32:40,449 [main] INFO  com.baidu.disconf.client.config.inner.DisInnerConfigHelper
                - SERVER ENABLE_REMOTE_CONF: true
2016-11-16 03:32:40,449 [main] INFO  com.baidu.disconf.client.config.ConfigMgr
                - --------------- LOAD CONFIG END ---------------
2016-11-16 03:32:40,449 [main] INFO  com.baidu.disconf.client.DisconfMgr
                - ******************************* DISCONF START FIRST SCAN *******************************
2016-11-16 03:32:40,466 [main] INFO  org.reflections.Reflections
                - Reflections took 13 ms to scan 1 urls, producing 28 keys and 156 values 
2016-11-16 03:32:40,469 [main] WARN  com.baidu.disconf.client.scan.inner.ScanStatic
                - disconf file hasn't any items: com.baidu.disconf.client.test.model.EmptyConf
2016-11-16 03:32:40,639 [1430520256@qtp-962312462-2] INFO  /
                - RequestHandlerClass from context returned com.github.tomakehurst.wiremock.http.StubRequestHandler
2016-11-16 03:32:41,459 [main] INFO  com.baidu.disconf.client.DisconfMgr
                - ******************************* DISCONF START SECOND SCAN *******************************
2016-11-16 03:32:41,482 [main] ERROR com.baidu.disconf.client.scan.inner.ScanDynamicStoreAdapter
                - cannot find DisconfFile annotation for class when set callback: class com.baidu.disconf.client.test.model.ServiceA 
2016-11-16 03:32:41,484 [main] ERROR com.baidu.disconf.client.scan.inner.ScanDynamicStoreAdapter
                - cannot find DisconfFile annotation for class when set callback: class com.baidu.disconf.client.test.model.ServiceA 
2016-11-16 03:32:41,506 [main] INFO  com.baidu.disconf.client.DisconfMgr
                - Conf File Map: 
disfile:	empty.properties	
	DisconfCenterFile [
	keyMaps={}
	cls=class com.baidu.disconf.client.test.model.EmptyConf
	fileName=empty.properties
	DisconfCenterBaseModel [
	object=null
	remoteServerUrl=/api/config/file?app=disconf_testcase&env=rd&type=0&key=empty.properties&version=1_0_0_0
	disConfCommonModel=DisConfCommonModel [app=disconf_testcase, version=1_0_0_0, env=rd]
	disconfCommonCallbackModel=DisconfCommonCallbackModel [disconfConfUpdates=[], disconfUpdatesActiveBackups=[]]]]
disfile:	staticConf.properties	
	DisconfCenterFile [
	keyMaps={staticvar2=FileItemValue [value=100.0, field=private static double com.baidu.disconf.client.test.model.StaticConf.staticvar2], staticvar=FileItemValue [value=50, field=private static int com.baidu.disconf.client.test.model.StaticConf.staticvar]}
	cls=class com.baidu.disconf.client.test.model.StaticConf
	fileName=staticConf.properties
	DisconfCenterBaseModel [
	object=null
	remoteServerUrl=/api/config/file?app=disconf_testcase&env=rd&type=0&key=staticConf.properties&version=1_0_0_0
	disConfCommonModel=DisConfCommonModel [app=disconf_testcase, version=1_0_0_0, env=rd]
	disconfCommonCallbackModel=DisconfCommonCallbackModel [disconfConfUpdates=[], disconfUpdatesActiveBackups=[]]]]
disfile:	confA.properties	
	DisconfCenterFile [
	keyMaps={confa.varA=FileItemValue [value=1000, field=private java.lang.Long com.baidu.disconf.client.test.model.ConfA.varA], confa.varA2=FileItemValue [value=2000, field=private java.lang.Long com.baidu.disconf.client.test.model.ConfA.varA2]}
	cls=class com.baidu.disconf.client.test.model.ConfA
	fileName=confA.properties
	DisconfCenterBaseModel [
	object=com.baidu.disconf.client.test.model.ConfA@186a3850
	remoteServerUrl=/api/config/file?app=disconf_testcase&env=rd&type=0&key=confA.properties&version=1_0_0_0
	disConfCommonModel=DisConfCommonModel [app=disconf_testcase, version=1_0_0_0, env=rd]
	disconfCommonCallbackModel=DisconfCommonCallbackModel [disconfConfUpdates=[com.baidu.disconf.client.test.model.ServiceAUpdateCallback@5f65f22c, com.baidu.disconf.client.test.model.ServiceA2UpdateCallback@1dfe57a2], disconfUpdatesActiveBackups=[]]]]

2016-11-16 03:32:41,507 [main] INFO  com.baidu.disconf.client.DisconfMgr
                - Conf Item Map: 
disItem:	keyA	
	DisconfCenterItem [
	key=keyA
	value=1000
	field=private int com.baidu.disconf.client.test.model.ServiceA.varAA
	DisconfCenterBaseModel [
	object=com.baidu.disconf.client.test.model.ServiceA@26fc5202
	remoteServerUrl=/api/config/item?app=disconf_testcase&env=rd&type=1&key=keyA&version=1_0_0_0
	disConfCommonModel=DisConfCommonModel [app=disconf_testcase, version=1_0_0_0, env=rd]
	disconfCommonCallbackModel=DisconfCommonCallbackModel [disconfConfUpdates=[com.baidu.disconf.client.test.model.ServiceAUpdateCallback@5f65f22c], disconfUpdatesActiveBackups=[]]]]

2016-11-16 03:32:41,507 [main] INFO  com.baidu.disconf.client.DisconfMgr
                - ******************************* DISCONF END *******************************
2016-11-16 03:32:41,507 [main] INFO  com.baidu.disconf.client.test.DisconfMgrTestCase
                - 
disfile:	empty.properties	
	DisconfCenterFile [
	keyMaps={}
	cls=class com.baidu.disconf.client.test.model.EmptyConf
	fileName=empty.properties
	DisconfCenterBaseModel [
	object=null
	remoteServerUrl=/api/config/file?app=disconf_testcase&env=rd&type=0&key=empty.properties&version=1_0_0_0
	disConfCommonModel=DisConfCommonModel [app=disconf_testcase, version=1_0_0_0, env=rd]
	disconfCommonCallbackModel=DisconfCommonCallbackModel [disconfConfUpdates=[], disconfUpdatesActiveBackups=[]]]]
disfile:	staticConf.properties	
	DisconfCenterFile [
	keyMaps={staticvar2=FileItemValue [value=100.0, field=private static double com.baidu.disconf.client.test.model.StaticConf.staticvar2], staticvar=FileItemValue [value=50, field=private static int com.baidu.disconf.client.test.model.StaticConf.staticvar]}
	cls=class com.baidu.disconf.client.test.model.StaticConf
	fileName=staticConf.properties
	DisconfCenterBaseModel [
	object=null
	remoteServerUrl=/api/config/file?app=disconf_testcase&env=rd&type=0&key=staticConf.properties&version=1_0_0_0
	disConfCommonModel=DisConfCommonModel [app=disconf_testcase, version=1_0_0_0, env=rd]
	disconfCommonCallbackModel=DisconfCommonCallbackModel [disconfConfUpdates=[], disconfUpdatesActiveBackups=[]]]]
disfile:	confA.properties	
	DisconfCenterFile [
	keyMaps={confa.varA=FileItemValue [value=1000, field=private java.lang.Long com.baidu.disconf.client.test.model.ConfA.varA], confa.varA2=FileItemValue [value=2000, field=private java.lang.Long com.baidu.disconf.client.test.model.ConfA.varA2]}
	cls=class com.baidu.disconf.client.test.model.ConfA
	fileName=confA.properties
	DisconfCenterBaseModel [
	object=com.baidu.disconf.client.test.model.ConfA@186a3850
	remoteServerUrl=/api/config/file?app=disconf_testcase&env=rd&type=0&key=confA.properties&version=1_0_0_0
	disConfCommonModel=DisConfCommonModel [app=disconf_testcase, version=1_0_0_0, env=rd]
	disconfCommonCallbackModel=DisconfCommonCallbackModel [disconfConfUpdates=[com.baidu.disconf.client.test.model.ServiceAUpdateCallback@5f65f22c, com.baidu.disconf.client.test.model.ServiceA2UpdateCallback@1dfe57a2], disconfUpdatesActiveBackups=[]]]]

2016-11-16 03:32:41,507 [main] INFO  com.baidu.disconf.client.test.DisconfMgrTestCase
                - 
disItem:	keyA	
	DisconfCenterItem [
	key=keyA
	value=1000
	field=private int com.baidu.disconf.client.test.model.ServiceA.varAA
	DisconfCenterBaseModel [
	object=com.baidu.disconf.client.test.model.ServiceA@26fc5202
	remoteServerUrl=/api/config/item?app=disconf_testcase&env=rd&type=1&key=keyA&version=1_0_0_0
	disConfCommonModel=DisConfCommonModel [app=disconf_testcase, version=1_0_0_0, env=rd]
	disconfCommonCallbackModel=DisconfCommonCallbackModel [disconfConfUpdates=[com.baidu.disconf.client.test.model.ServiceAUpdateCallback@5f65f22c], disconfUpdatesActiveBackups=[]]]]

2016-11-16 03:32:41,507 [main] INFO  com.baidu.disconf.client.test.DisconfMgrTestCase
                - ================ AFTER DISCONF ==============================
2016-11-16 03:32:41,508 [main] INFO  com.baidu.disconf.client.store.aspect.DisconfAspectJ
                - using disconf store value: confA.properties (confa.varA , 1000)
2016-11-16 03:32:41,508 [main] INFO  com.baidu.disconf.client.test.DisconfMgrTestCase
                - varA: 1000
2016-11-16 03:32:41,508 [main] INFO  com.baidu.disconf.client.store.aspect.DisconfAspectJ
                - using disconf store value: confA.properties (confa.varA , 1000)
2016-11-16 03:32:41,509 [main] INFO  com.baidu.disconf.client.store.aspect.DisconfAspectJ
                - using disconf store value: confA.properties (confa.varA2 , 2000)
2016-11-16 03:32:41,509 [main] INFO  com.baidu.disconf.client.test.DisconfMgrTestCase
                - varA2: 2000
2016-11-16 03:32:41,509 [main] INFO  com.baidu.disconf.client.store.aspect.DisconfAspectJ
                - using disconf store value: confA.properties (confa.varA2 , 2000)
2016-11-16 03:32:41,509 [main] INFO  com.baidu.disconf.client.store.aspect.DisconfAspectJ
                - using disconf store value: (keyA , 1000)
2016-11-16 03:32:41,509 [main] INFO  com.baidu.disconf.client.test.DisconfMgrTestCase
                - varAA: 1000
2016-11-16 03:32:41,509 [main] INFO  com.baidu.disconf.client.store.aspect.DisconfAspectJ
                - using disconf store value: (keyA , 1000)
2016-11-16 03:32:41,510 [main] INFO  com.baidu.disconf.client.test.DisconfMgrTestCase
                - staticvar: 50
2016-11-16 03:32:41,510 [main] INFO  com.baidu.disconf.client.test.DisconfMgrTestCase
                - ================ AFTER DISCONF ==============================
2016-11-16 03:32:41,634 [main] INFO  wiremock.org.mortbay.log
                - Stopped DelayableSocketConnector@0.0.0.0:9289
Tests run: 2, Failures: 0, Errors: 0, Skipped: 0, Time elapsed: 1.529 sec

Results :

Tests run: 15, Failures: 0, Errors: 0, Skipped: 0

JMockit: Coverage report written to /home/travis/build/knightliao/disconf/disconf-client/coverage-report
[INFO]                                                                         
[INFO] ------------------------------------------------------------------------
[INFO] Building disconf-tools 2.6.11
[INFO] ------------------------------------------------------------------------
[INFO] 
[INFO] --- maven-resources-plugin:2.6:resources (default-resources) @ disconf-tool ---
[INFO] Using 'UTF-8' encoding to copy filtered resources.
[INFO] Copying 0 resource
[INFO] skip non existing resourceDirectory /home/travis/build/knightliao/disconf/disconf-tool/src/main/resources
[INFO] 
[INFO] --- maven-compiler-plugin:2.3.1:compile (default-compile) @ disconf-tool ---
[INFO] Nothing to compile - all classes are up to date
[INFO] 
[INFO] --- maven-resources-plugin:2.6:testResources (default-testResources) @ disconf-tool ---
[INFO] Using 'UTF-8' encoding to copy filtered resources.
[INFO] skip non existing resourceDirectory /home/travis/build/knightliao/disconf/disconf-tool/src/test/resources
[INFO] 
[INFO] --- maven-compiler-plugin:2.3.1:testCompile (default-testCompile) @ disconf-tool ---
[INFO] Nothing to compile - all classes are up to date
[INFO] 
[INFO] --- maven-surefire-plugin:2.5:test (default-test) @ disconf-tool ---
[INFO] Surefire report directory: /home/travis/build/knightliao/disconf/disconf-tool/target/surefire-reports

-------------------------------------------------------
 T E S T S
-------------------------------------------------------
Running com.baidu.disconf.tool.context.test.ContextMgrTestCase
03:32:44.196 [main] INFO  c.b.d.t.c.test.ContextMgrTestCase - mockup initial begin
03:32:44.217 [main] INFO  c.b.d.t.c.test.ContextMgrTestCase - mockup initial done
03:32:44.217 [main] INFO  c.b.d.t.c.test.ContextMgrTestCase - begin to test save and load
03:32:44.219 [main] INFO  c.b.d.t.c.test.ContextMgrTestCase - Redis Client Init
03:32:44.219 [main] INFO  c.b.d.t.c.test.ContextMgrTestCase - Redis Client Flush
03:32:44.437 [main] INFO  c.b.disconf.tool.context.ContextMgr - [Disconf Context Save]KEY:INT_VAL : 10
03:32:44.437 [main] INFO  c.b.disconf.tool.context.ContextMgr - [Disconf Context Load]KEY:INT_VAL : 10
03:32:44.462 [main] INFO  c.b.d.t.c.test.ContextMgrTestCase - mockup initial begin
03:32:44.470 [main] INFO  c.b.d.t.c.test.ContextMgrTestCase - mockup initial done
03:32:44.471 [main] INFO  c.b.d.t.c.test.ContextMgrTestCase - begin to test save and load
03:32:44.472 [main] INFO  c.b.d.t.c.test.ContextMgrTestCase - Redis Client Init
03:32:44.472 [main] INFO  c.b.d.t.c.test.ContextMgrTestCase - Redis Client Flush
03:32:44.473 [main] INFO  c.b.disconf.tool.context.ContextMgr - [Disconf Context Save]KEY:STR_VAL : "IMPORT INFORMATION"
03:32:44.473 [main] INFO  c.b.disconf.tool.context.ContextMgr - [Disconf Context Load]KEY:STR_VAL : "IMPORT INFORMATION"
03:32:44.479 [main] INFO  c.b.d.t.c.test.ContextMgrTestCase - mockup initial begin
03:32:44.485 [main] INFO  c.b.d.t.c.test.ContextMgrTestCase - mockup initial done
03:32:44.485 [main] INFO  c.b.d.t.c.test.ContextMgrTestCase - begin to test save and load
03:32:44.486 [main] INFO  c.b.d.t.c.test.ContextMgrTestCase - Redis Client Init
03:32:44.486 [main] INFO  c.b.d.t.c.test.ContextMgrTestCase - Redis Client Flush
03:32:44.508 [main] INFO  c.b.disconf.tool.context.ContextMgr - [Disconf Context Save]KEY:COMPLEX_VAL : {"intVal":42,"doubleVal":3.141592653589793,"strList":["Hello,world","Disconf rocks!"]}
03:32:44.509 [main] INFO  c.b.disconf.tool.context.ContextMgr - [Disconf Context Load]KEY:COMPLEX_VAL : {"intVal":42,"doubleVal":3.141592653589793,"strList":["Hello,world","Disconf rocks!"]}
Tests run: 3, Failures: 0, Errors: 0, Skipped: 0, Time elapsed: 1.302 sec

Results :

Tests run: 3, Failures: 0, Errors: 0, Skipped: 0

[INFO] ------------------------------------------------------------------------
[INFO] Reactor Summary:
[INFO] 
[INFO] disconf ............................................ SUCCESS [  0.313 s]
[INFO] disconf-core ....................................... SUCCESS [  8.249 s]
[INFO] disconf-client ..................................... SUCCESS [  8.028 s]
[INFO] disconf-tools ...................................... SUCCESS [  1.626 s]
[INFO] ------------------------------------------------------------------------
[INFO] BUILD SUCCESS
[INFO] ------------------------------------------------------------------------
[INFO] Total time: 18.494 s
[INFO] Finished at: 2016-11-16T03:32:44+00:00
[INFO] Final Memory: 16M/176M
[INFO] ------------------------------------------------------------------------

travis_time:end:0c34ad78:start=1479267144593907490,finish=1479267164770959172,duration=20177051682[0K
[32;1mThe command "mvn test -B" exited with 0.[0m

Done. Your build exited with 0.
