travis_fold:start:system_info[0K[33;1mBuild system information[0m
Build language: java
Build id: ''
Job id: ''
[34m[1mBuild image provisioning date and time[0m
Thu Feb  5 15:09:33 UTC 2015
[34m[1mOperating System Details[0m
Distributor ID:	Ubuntu
Description:	Ubuntu 12.04.5 LTS
Release:	12.04
Codename:	precise
[34m[1mLinux Version[0m
3.13.0-29-generic
[34m[1mCookbooks Version[0m
a68419e https://github.com/travis-ci/travis-cookbooks/tree/a68419e
[34m[1mGCC version[0m
gcc (Ubuntu/Linaro 4.6.3-1ubuntu5) 4.6.3
Copyright (C) 2011 Free Software Foundation, Inc.
This is free software; see the source for copying conditions.  There is NO
warranty; not even for MERCHANTABILITY or FITNESS FOR A PARTICULAR PURPOSE.

[34m[1mLLVM version[0m
clang version 3.4 (tags/RELEASE_34/final)
Target: x86_64-unknown-linux-gnu
Thread model: posix
[34m[1mPre-installed Ruby versions[0m
ruby-1.9.3-p551
[34m[1mPre-installed Node.js versions[0m
v0.10.36
[34m[1mPre-installed Go versions[0m
1.4.1
[34m[1mRedis version[0m
redis-server 2.8.19
[34m[1mriak version[0m
2.0.2
[34m[1mMongoDB version[0m
MongoDB 2.4.12
[34m[1mCouchDB version[0m
couchdb 1.6.1
[34m[1mNeo4j version[0m
1.9.4
[34m[1mRabbitMQ Version[0m
3.4.3
[34m[1mElasticSearch version[0m
1.4.0
[34m[1mInstalled Sphinx versions[0m
2.0.10
2.1.9
2.2.6
[34m[1mDefault Sphinx version[0m
2.2.6
[34m[1mInstalled Firefox version[0m
firefox 31.0esr
[34m[1mPhantomJS version[0m
1.9.8
[34m[1mant -version[0m
Apache Ant(TM) version 1.8.2 compiled on December 3 2011
[34m[1mmvn -version[0m
Apache Maven 3.2.5 (12a6b3acb947671f09b81f49094c53f426d8cea1; 2014-12-14T17:29:23+00:00)
Maven home: /usr/local/maven
Java version: 1.7.0_76, vendor: Oracle Corporation
Java home: /usr/lib/jvm/java-7-oracle/jre
Default locale: en_US, platform encoding: ANSI_X3.4-1968
OS name: "linux", version: "3.13.0-29-generic", arch: "amd64", family: "unix"
travis_fold:end:system_info[0K
sed: cannot rename /etc/hosts: Device or resource busy
sed: cannot rename /etc/hosts: Device or resource busy
$ cd msgpack/msgpack-java
$ jdk_switcher use openjdk6
Switching to OpenJDK6 (java-1.6.0-openjdk-amd64), JAVA_HOME will be set to /usr/lib/jvm/java-6-openjdk-amd64
$ java -Xmx32m -version
java version "1.6.0_34"
OpenJDK Runtime Environment (IcedTea6 1.13.6) (6b34-1.13.6-1ubuntu0.12.04.1)
OpenJDK 64-Bit Server VM (build 23.25-b01, mixed mode)
$ javac -J-Xmx32m -version
javac 1.6.0_34
travis_fold:start:install[0Ktravis_time:start:063b7048[0K$ mvn install -DskipTests=true -Dmaven.javadoc.skip=true -B -V
Apache Maven 3.2.5 (12a6b3acb947671f09b81f49094c53f426d8cea1; 2014-12-14T17:29:23+00:00)
Maven home: /usr/local/maven
Java version: 1.6.0_34, vendor: Sun Microsystems Inc.
Java home: /usr/lib/jvm/java-6-openjdk-amd64/jre
Default locale: en_US, platform encoding: UTF-8
OS name: "linux", version: "4.4.0-31-generic", arch: "amd64", family: "unix"
[INFO] Scanning for projects...
[INFO] Downloading: http://repo.maven.apache.org/maven2/org/sonatype/oss/oss-parent/7/oss-parent-7.pom
[INFO] Downloaded: http://repo.maven.apache.org/maven2/org/sonatype/oss/oss-parent/7/oss-parent-7.pom (5 KB at 10.8 KB/sec)
[INFO] Downloading: https://repo.maven.apache.org/maven2/org/apache/felix/maven-bundle-plugin/2.3.6/maven-bundle-plugin-2.3.6.pom
[INFO] Downloaded: https://repo.maven.apache.org/maven2/org/apache/felix/maven-bundle-plugin/2.3.6/maven-bundle-plugin-2.3.6.pom (4 KB at 3.7 KB/sec)
[INFO] Downloading: https://repo.maven.apache.org/maven2/org/apache/felix/felix-parent/2.1/felix-parent-2.1.pom
[INFO] Downloaded: https://repo.maven.apache.org/maven2/org/apache/felix/felix-parent/2.1/felix-parent-2.1.pom (10 KB at 40.5 KB/sec)
[INFO] Downloading: https://repo.maven.apache.org/maven2/org/apache/apache/9/apache-9.pom
[INFO] Downloaded: https://repo.maven.apache.org/maven2/org/apache/apache/9/apache-9.pom (15 KB at 101.4 KB/sec)
[INFO] Downloading: https://repo.maven.apache.org/maven2/biz/aQute/bndlib/1.50.0/bndlib-1.50.0.pom
[INFO] Downloaded: https://repo.maven.apache.org/maven2/biz/aQute/bndlib/1.50.0/bndlib-1.50.0.pom (2 KB at 10.9 KB/sec)
[INFO] Downloading: https://repo.maven.apache.org/maven2/org/apache/felix/org.apache.felix.bundlerepository/1.6.6/org.apache.felix.bundlerepository-1.6.6.pom
[INFO] Downloaded: https://repo.maven.apache.org/maven2/org/apache/felix/org.apache.felix.bundlerepository/1.6.6/org.apache.felix.bundlerepository-1.6.6.pom (6 KB at 47.1 KB/sec)
[INFO] Downloading: https://repo.maven.apache.org/maven2/org/osgi/org.osgi.core/4.1.0/org.osgi.core-4.1.0.pom
[INFO] Downloaded: https://repo.maven.apache.org/maven2/org/osgi/org.osgi.core/4.1.0/org.osgi.core-4.1.0.pom (193 B at 1.1 KB/sec)
[INFO] Downloading: https://repo.maven.apache.org/maven2/org/easymock/easymock/2.4/easymock-2.4.pom
[INFO] Downloaded: https://repo.maven.apache.org/maven2/org/easymock/easymock/2.4/easymock-2.4.pom (6 KB at 31.7 KB/sec)
[INFO] Downloading: https://repo.maven.apache.org/maven2/org/apache/maven/maven-core/2.0.7/maven-core-2.0.7.pom
[INFO] Downloaded: https://repo.maven.apache.org/maven2/org/apache/maven/maven-core/2.0.7/maven-core-2.0.7.pom (7 KB at 51.6 KB/sec)
[INFO] Downloading: https://repo.maven.apache.org/maven2/org/apache/maven/maven/2.0.7/maven-2.0.7.pom
[INFO] Downloaded: https://repo.maven.apache.org/maven2/org/apache/maven/maven/2.0.7/maven-2.0.7.pom (11 KB at 15.5 KB/sec)
[INFO] Downloading: https://repo.maven.apache.org/maven2/org/apache/maven/maven-parent/5/maven-parent-5.pom
[INFO] Downloaded: https://repo.maven.apache.org/maven2/org/apache/maven/maven-parent/5/maven-parent-5.pom (15 KB at 121.0 KB/sec)
[INFO] Downloading: https://repo.maven.apache.org/maven2/org/apache/apache/3/apache-3.pom
[INFO] Downloaded: https://repo.maven.apache.org/maven2/org/apache/apache/3/apache-3.pom (4 KB at 17.8 KB/sec)
[INFO] Downloading: https://repo.maven.apache.org/maven2/org/apache/maven/maven-settings/2.0.7/maven-settings-2.0.7.pom
[INFO] Downloaded: https://repo.maven.apache.org/maven2/org/apache/maven/maven-settings/2.0.7/maven-settings-2.0.7.pom (2 KB at 18.3 KB/sec)
[INFO] Downloading: https://repo.maven.apache.org/maven2/org/apache/maven/maven-model/2.0.7/maven-model-2.0.7.pom
[INFO] Downloaded: https://repo.maven.apache.org/maven2/org/apache/maven/maven-model/2.0.7/maven-model-2.0.7.pom (3 KB at 18.3 KB/sec)
[INFO] Downloading: https://repo.maven.apache.org/maven2/org/codehaus/plexus/plexus-utils/1.4.1/plexus-utils-1.4.1.pom
[INFO] Downloaded: https://repo.maven.apache.org/maven2/org/codehaus/plexus/plexus-utils/1.4.1/plexus-utils-1.4.1.pom (2 KB at 1.8 KB/sec)
[INFO] Downloading: https://repo.maven.apache.org/maven2/org/codehaus/plexus/plexus/1.0.11/plexus-1.0.11.pom
[INFO] Downloaded: https://repo.maven.apache.org/maven2/org/codehaus/plexus/plexus/1.0.11/plexus-1.0.11.pom (9 KB at 42.3 KB/sec)
[INFO] Downloading: https://repo.maven.apache.org/maven2/org/codehaus/plexus/plexus-container-default/1.0-alpha-9-stable-1/plexus-container-default-1.0-alpha-9-stable-1.pom
[INFO] Downloaded: https://repo.maven.apache.org/maven2/org/codehaus/plexus/plexus-container-default/1.0-alpha-9-stable-1/plexus-container-default-1.0-alpha-9-stable-1.pom (4 KB at 11.2 KB/sec)
[INFO] Downloading: https://repo.maven.apache.org/maven2/org/codehaus/plexus/plexus-containers/1.0.3/plexus-containers-1.0.3.pom
[INFO] Downloaded: https://repo.maven.apache.org/maven2/org/codehaus/plexus/plexus-containers/1.0.3/plexus-containers-1.0.3.pom (492 B at 3.2 KB/sec)
[INFO] Downloading: https://repo.maven.apache.org/maven2/org/codehaus/plexus/plexus/1.0.4/plexus-1.0.4.pom
[INFO] Downloaded: https://repo.maven.apache.org/maven2/org/codehaus/plexus/plexus/1.0.4/plexus-1.0.4.pom (6 KB at 47.9 KB/sec)
[INFO] Downloading: https://repo.maven.apache.org/maven2/junit/junit/3.8.1/junit-3.8.1.pom
[INFO] Downloaded: https://repo.maven.apache.org/maven2/junit/junit/3.8.1/junit-3.8.1.pom (998 B at 8.7 KB/sec)
[INFO] Downloading: https://repo.maven.apache.org/maven2/org/codehaus/plexus/plexus-utils/1.0.4/plexus-utils-1.0.4.pom
[INFO] Downloaded: https://repo.maven.apache.org/maven2/org/codehaus/plexus/plexus-utils/1.0.4/plexus-utils-1.0.4.pom (7 KB at 44.6 KB/sec)
[INFO] Downloading: https://repo.maven.apache.org/maven2/classworlds/classworlds/1.1-alpha-2/classworlds-1.1-alpha-2.pom
[INFO] Downloaded: https://repo.maven.apache.org/maven2/classworlds/classworlds/1.1-alpha-2/classworlds-1.1-alpha-2.pom (4 KB at 26.6 KB/sec)
[INFO] Downloading: https://repo.maven.apache.org/maven2/org/apache/maven/maven-plugin-parameter-documenter/2.0.7/maven-plugin-parameter-documenter-2.0.7.pom
[INFO] Downloaded: https://repo.maven.apache.org/maven2/org/apache/maven/maven-plugin-parameter-documenter/2.0.7/maven-plugin-parameter-documenter-2.0.7.pom (2 KB at 5.0 KB/sec)
[INFO] Downloading: https://repo.maven.apache.org/maven2/org/apache/maven/reporting/maven-reporting-api/2.0.7/maven-reporting-api-2.0.7.pom
[INFO] Downloaded: https://repo.maven.apache.org/maven2/org/apache/maven/reporting/maven-reporting-api/2.0.7/maven-reporting-api-2.0.7.pom (2 KB at 7.2 KB/sec)
[INFO] Downloading: https://repo.maven.apache.org/maven2/org/apache/maven/reporting/maven-reporting/2.0.7/maven-reporting-2.0.7.pom
[INFO] Downloaded: https://repo.maven.apache.org/maven2/org/apache/maven/reporting/maven-reporting/2.0.7/maven-reporting-2.0.7.pom (2 KB at 9.2 KB/sec)
[INFO] Downloading: https://repo.maven.apache.org/maven2/org/apache/maven/doxia/doxia-sink-api/1.0-alpha-7/doxia-sink-api-1.0-alpha-7.pom
[INFO] Downloaded: https://repo.maven.apache.org/maven2/org/apache/maven/doxia/doxia-sink-api/1.0-alpha-7/doxia-sink-api-1.0-alpha-7.pom (424 B at 2.7 KB/sec)
[INFO] Downloading: https://repo.maven.apache.org/maven2/org/apache/maven/doxia/doxia/1.0-alpha-7/doxia-1.0-alpha-7.pom
[INFO] Downloaded: https://repo.maven.apache.org/maven2/org/apache/maven/doxia/doxia/1.0-alpha-7/doxia-1.0-alpha-7.pom (4 KB at 34.4 KB/sec)
[INFO] Downloading: https://repo.maven.apache.org/maven2/org/apache/maven/maven-profile/2.0.7/maven-profile-2.0.7.pom
[INFO] Downloaded: https://repo.maven.apache.org/maven2/org/apache/maven/maven-profile/2.0.7/maven-profile-2.0.7.pom (2 KB at 18.4 KB/sec)
[INFO] Downloading: https://repo.maven.apache.org/maven2/org/apache/maven/maven-artifact/2.0.7/maven-artifact-2.0.7.pom
[INFO] Downloaded: https://repo.maven.apache.org/maven2/org/apache/maven/maven-artifact/2.0.7/maven-artifact-2.0.7.pom (2 KB at 13.9 KB/sec)
[INFO] Downloading: https://repo.maven.apache.org/maven2/org/apache/maven/maven-repository-metadata/2.0.7/maven-repository-metadata-2.0.7.pom
[INFO] Downloaded: https://repo.maven.apache.org/maven2/org/apache/maven/maven-repository-metadata/2.0.7/maven-repository-metadata-2.0.7.pom (2 KB at 17.2 KB/sec)
[INFO] Downloading: https://repo.maven.apache.org/maven2/org/apache/maven/maven-error-diagnostics/2.0.7/maven-error-diagnostics-2.0.7.pom
[INFO] Downloaded: https://repo.maven.apache.org/maven2/org/apache/maven/maven-error-diagnostics/2.0.7/maven-error-diagnostics-2.0.7.pom (2 KB at 15.4 KB/sec)
[INFO] Downloading: https://repo.maven.apache.org/maven2/org/apache/maven/maven-project/2.0.7/maven-project-2.0.7.pom
[INFO] Downloaded: https://repo.maven.apache.org/maven2/org/apache/maven/maven-project/2.0.7/maven-project-2.0.7.pom (3 KB at 22.4 KB/sec)
[INFO] Downloading: https://repo.maven.apache.org/maven2/org/apache/maven/maven-artifact-manager/2.0.7/maven-artifact-manager-2.0.7.pom
[INFO] Downloaded: https://repo.maven.apache.org/maven2/org/apache/maven/maven-artifact-manager/2.0.7/maven-artifact-manager-2.0.7.pom (3 KB at 23.1 KB/sec)
[INFO] Downloading: https://repo.maven.apache.org/maven2/org/apache/maven/maven-plugin-registry/2.0.7/maven-plugin-registry-2.0.7.pom
[INFO] Downloaded: https://repo.maven.apache.org/maven2/org/apache/maven/maven-plugin-registry/2.0.7/maven-plugin-registry-2.0.7.pom (2 KB at 17.9 KB/sec)
[INFO] Downloading: https://repo.maven.apache.org/maven2/commons-cli/commons-cli/1.0/commons-cli-1.0.pom
[INFO] Downloaded: https://repo.maven.apache.org/maven2/commons-cli/commons-cli/1.0/commons-cli-1.0.pom (3 KB at 19.2 KB/sec)
[INFO] Downloading: https://repo.maven.apache.org/maven2/org/apache/maven/maven-plugin-api/2.0.7/maven-plugin-api-2.0.7.pom
[INFO] Downloaded: https://repo.maven.apache.org/maven2/org/apache/maven/maven-plugin-api/2.0.7/maven-plugin-api-2.0.7.pom (2 KB at 13.0 KB/sec)
[INFO] Downloading: https://repo.maven.apache.org/maven2/org/apache/maven/maven-plugin-descriptor/2.0.7/maven-plugin-descriptor-2.0.7.pom
[INFO] Downloaded: https://repo.maven.apache.org/maven2/org/apache/maven/maven-plugin-descriptor/2.0.7/maven-plugin-descriptor-2.0.7.pom (2 KB at 17.9 KB/sec)
[INFO] Downloading: https://repo.maven.apache.org/maven2/org/codehaus/plexus/plexus-interactivity-api/1.0-alpha-4/plexus-interactivity-api-1.0-alpha-4.pom
[INFO] Downloaded: https://repo.maven.apache.org/maven2/org/codehaus/plexus/plexus-interactivity-api/1.0-alpha-4/plexus-interactivity-api-1.0-alpha-4.pom (7 KB at 62.4 KB/sec)
[INFO] Downloading: https://repo.maven.apache.org/maven2/org/apache/maven/maven-monitor/2.0.7/maven-monitor-2.0.7.pom
[INFO] Downloaded: https://repo.maven.apache.org/maven2/org/apache/maven/maven-monitor/2.0.7/maven-monitor-2.0.7.pom (2 KB at 11.7 KB/sec)
[INFO] Downloading: https://repo.maven.apache.org/maven2/classworlds/classworlds/1.1/classworlds-1.1.pom
[INFO] Downloaded: https://repo.maven.apache.org/maven2/classworlds/classworlds/1.1/classworlds-1.1.pom (4 KB at 30.6 KB/sec)
[INFO] Downloading: https://repo.maven.apache.org/maven2/org/apache/maven/maven-archiver/2.4.1/maven-archiver-2.4.1.pom
[INFO] Downloaded: https://repo.maven.apache.org/maven2/org/apache/maven/maven-archiver/2.4.1/maven-archiver-2.4.1.pom (4 KB at 31.9 KB/sec)
[INFO] Downloading: https://repo.maven.apache.org/maven2/org/apache/maven/shared/maven-shared-components/15/maven-shared-components-15.pom
[INFO] Downloaded: https://repo.maven.apache.org/maven2/org/apache/maven/shared/maven-shared-components/15/maven-shared-components-15.pom (10 KB at 82.9 KB/sec)
[INFO] Downloading: https://repo.maven.apache.org/maven2/org/apache/maven/maven-parent/16/maven-parent-16.pom
[INFO] Downloaded: https://repo.maven.apache.org/maven2/org/apache/maven/maven-parent/16/maven-parent-16.pom (23 KB at 194.2 KB/sec)
[INFO] Downloading: https://repo.maven.apache.org/maven2/org/apache/apache/7/apache-7.pom
[INFO] Downloaded: https://repo.maven.apache.org/maven2/org/apache/apache/7/apache-7.pom (15 KB at 130.5 KB/sec)
[INFO] Downloading: https://repo.maven.apache.org/maven2/org/apache/maven/maven-artifact/2.0.6/maven-artifact-2.0.6.pom
[INFO] Downloaded: https://repo.maven.apache.org/maven2/org/apache/maven/maven-artifact/2.0.6/maven-artifact-2.0.6.pom (2 KB at 14.3 KB/sec)
[INFO] Downloading: https://repo.maven.apache.org/maven2/org/apache/maven/maven/2.0.6/maven-2.0.6.pom
[INFO] Downloaded: https://repo.maven.apache.org/maven2/org/apache/maven/maven/2.0.6/maven-2.0.6.pom (9 KB at 79.6 KB/sec)
[INFO] Downloading: https://repo.maven.apache.org/maven2/org/apache/maven/maven-model/2.0.6/maven-model-2.0.6.pom
[INFO] Downloaded: https://repo.maven.apache.org/maven2/org/apache/maven/maven-model/2.0.6/maven-model-2.0.6.pom (3 KB at 27.3 KB/sec)
[INFO] Downloading: https://repo.maven.apache.org/maven2/org/codehaus/plexus/plexus-archiver/1.0/plexus-archiver-1.0.pom
[INFO] Downloaded: https://repo.maven.apache.org/maven2/org/codehaus/plexus/plexus-archiver/1.0/plexus-archiver-1.0.pom (2 KB at 15.0 KB/sec)
[INFO] Downloading: https://repo.maven.apache.org/maven2/org/codehaus/plexus/plexus-components/1.1.17/plexus-components-1.1.17.pom
[INFO] Downloaded: https://repo.maven.apache.org/maven2/org/codehaus/plexus/plexus-components/1.1.17/plexus-components-1.1.17.pom (6 KB at 43.9 KB/sec)
[INFO] Downloading: https://repo.maven.apache.org/maven2/org/codehaus/plexus/plexus/2.0.5/plexus-2.0.5.pom
[INFO] Downloaded: https://repo.maven.apache.org/maven2/org/codehaus/plexus/plexus/2.0.5/plexus-2.0.5.pom (17 KB at 144.8 KB/sec)
[INFO] Downloading: https://repo.maven.apache.org/maven2/org/codehaus/plexus/plexus-utils/2.0.5/plexus-utils-2.0.5.pom
[INFO] Downloaded: https://repo.maven.apache.org/maven2/org/codehaus/plexus/plexus-utils/2.0.5/plexus-utils-2.0.5.pom (4 KB at 30.1 KB/sec)
[INFO] Downloading: https://repo.maven.apache.org/maven2/org/codehaus/plexus/plexus/2.0.6/plexus-2.0.6.pom
[INFO] Downloaded: https://repo.maven.apache.org/maven2/org/codehaus/plexus/plexus/2.0.6/plexus-2.0.6.pom (17 KB at 143.6 KB/sec)
[INFO] Downloading: https://repo.maven.apache.org/maven2/org/codehaus/plexus/plexus-io/1.0/plexus-io-1.0.pom
[INFO] Downloaded: https://repo.maven.apache.org/maven2/org/codehaus/plexus/plexus-io/1.0/plexus-io-1.0.pom (2 KB at 10.9 KB/sec)
[INFO] Downloading: https://repo.maven.apache.org/maven2/org/codehaus/plexus/plexus-interpolation/1.13/plexus-interpolation-1.13.pom
[INFO] Downloaded: https://repo.maven.apache.org/maven2/org/codehaus/plexus/plexus-interpolation/1.13/plexus-interpolation-1.13.pom (890 B at 7.8 KB/sec)
[INFO] Downloading: https://repo.maven.apache.org/maven2/org/codehaus/plexus/plexus-components/1.1.15/plexus-components-1.1.15.pom
[INFO] Downloaded: https://repo.maven.apache.org/maven2/org/codehaus/plexus/plexus-components/1.1.15/plexus-components-1.1.15.pom (3 KB at 26.5 KB/sec)
[INFO] Downloading: https://repo.maven.apache.org/maven2/org/codehaus/plexus/plexus/2.0.3/plexus-2.0.3.pom
[INFO] Downloaded: https://repo.maven.apache.org/maven2/org/codehaus/plexus/plexus/2.0.3/plexus-2.0.3.pom (16 KB at 132.4 KB/sec)
[INFO] Downloading: https://repo.maven.apache.org/maven2/org/apache/maven/shared/maven-dependency-tree/1.2/maven-dependency-tree-1.2.pom
[INFO] Downloaded: https://repo.maven.apache.org/maven2/org/apache/maven/shared/maven-dependency-tree/1.2/maven-dependency-tree-1.2.pom (4 KB at 32.4 KB/sec)
[INFO] Downloading: https://repo.maven.apache.org/maven2/org/apache/maven/shared/maven-shared-components/9/maven-shared-components-9.pom
[INFO] Downloaded: https://repo.maven.apache.org/maven2/org/apache/maven/shared/maven-shared-components/9/maven-shared-components-9.pom (4 KB at 32.0 KB/sec)
[INFO] Downloading: https://repo.maven.apache.org/maven2/org/apache/maven/maven-parent/8/maven-parent-8.pom
[INFO] Downloaded: https://repo.maven.apache.org/maven2/org/apache/maven/maven-parent/8/maven-parent-8.pom (24 KB at 218.2 KB/sec)
[INFO] Downloading: https://repo.maven.apache.org/maven2/org/apache/apache/4/apache-4.pom
[INFO] Downloaded: https://repo.maven.apache.org/maven2/org/apache/apache/4/apache-4.pom (5 KB at 41.4 KB/sec)
[INFO] Downloading: https://repo.maven.apache.org/maven2/org/apache/maven/maven-project/2.0.8/maven-project-2.0.8.pom
[INFO] Downloaded: https://repo.maven.apache.org/maven2/org/apache/maven/maven-project/2.0.8/maven-project-2.0.8.pom (3 KB at 24.1 KB/sec)
[INFO] Downloading: https://repo.maven.apache.org/maven2/org/apache/maven/maven/2.0.8/maven-2.0.8.pom
[INFO] Downloaded: https://repo.maven.apache.org/maven2/org/apache/maven/maven/2.0.8/maven-2.0.8.pom (12 KB at 106.4 KB/sec)
[INFO] Downloading: https://repo.maven.apache.org/maven2/org/apache/maven/maven-parent/6/maven-parent-6.pom
[INFO] Downloaded: https://repo.maven.apache.org/maven2/org/apache/maven/maven-parent/6/maven-parent-6.pom (20 KB at 181.3 KB/sec)
[INFO] Downloading: https://repo.maven.apache.org/maven2/org/apache/maven/maven-settings/2.0.8/maven-settings-2.0.8.pom
[INFO] Downloaded: https://repo.maven.apache.org/maven2/org/apache/maven/maven-settings/2.0.8/maven-settings-2.0.8.pom (3 KB at 19.3 KB/sec)
[INFO] Downloading: https://repo.maven.apache.org/maven2/org/apache/maven/maven-model/2.0.8/maven-model-2.0.8.pom
[INFO] Downloaded: https://repo.maven.apache.org/maven2/org/apache/maven/maven-model/2.0.8/maven-model-2.0.8.pom (4 KB at 28.1 KB/sec)
[INFO] Downloading: https://repo.maven.apache.org/maven2/org/codehaus/plexus/plexus-utils/1.4.6/plexus-utils-1.4.6.pom
[INFO] Downloaded: https://repo.maven.apache.org/maven2/org/codehaus/plexus/plexus-utils/1.4.6/plexus-utils-1.4.6.pom (3 KB at 20.7 KB/sec)
[INFO] Downloading: https://repo.maven.apache.org/maven2/org/apache/maven/maven-profile/2.0.8/maven-profile-2.0.8.pom
[INFO] Downloaded: https://repo.maven.apache.org/maven2/org/apache/maven/maven-profile/2.0.8/maven-profile-2.0.8.pom (2 KB at 18.9 KB/sec)
[INFO] Downloading: https://repo.maven.apache.org/maven2/org/apache/maven/maven-artifact-manager/2.0.8/maven-artifact-manager-2.0.8.pom
[INFO] Downloaded: https://repo.maven.apache.org/maven2/org/apache/maven/maven-artifact-manager/2.0.8/maven-artifact-manager-2.0.8.pom (3 KB at 25.1 KB/sec)
[INFO] Downloading: https://repo.maven.apache.org/maven2/org/apache/maven/maven-repository-metadata/2.0.8/maven-repository-metadata-2.0.8.pom
[INFO] Downloaded: https://repo.maven.apache.org/maven2/org/apache/maven/maven-repository-metadata/2.0.8/maven-repository-metadata-2.0.8.pom (2 KB at 16.9 KB/sec)
[INFO] Downloading: https://repo.maven.apache.org/maven2/org/apache/maven/maven-artifact/2.0.8/maven-artifact-2.0.8.pom
[INFO] Downloaded: https://repo.maven.apache.org/maven2/org/apache/maven/maven-artifact/2.0.8/maven-artifact-2.0.8.pom (2 KB at 14.8 KB/sec)
[INFO] Downloading: https://repo.maven.apache.org/maven2/org/apache/maven/maven-plugin-registry/2.0.8/maven-plugin-registry-2.0.8.pom
[INFO] Downloaded: https://repo.maven.apache.org/maven2/org/apache/maven/maven-plugin-registry/2.0.8/maven-plugin-registry-2.0.8.pom (2 KB at 18.1 KB/sec)
[INFO] Downloading: https://repo.maven.apache.org/maven2/org/codehaus/plexus/plexus-utils/2.1/plexus-utils-2.1.pom
[INFO] Downloaded: https://repo.maven.apache.org/maven2/org/codehaus/plexus/plexus-utils/2.1/plexus-utils-2.1.pom (4 KB at 37.9 KB/sec)
[INFO] Downloading: https://repo.maven.apache.org/maven2/org/sonatype/spice/spice-parent/16/spice-parent-16.pom
[INFO] Downloaded: https://repo.maven.apache.org/maven2/org/sonatype/spice/spice-parent/16/spice-parent-16.pom (9 KB at 76.3 KB/sec)
[INFO] Downloading: https://repo.maven.apache.org/maven2/org/sonatype/forge/forge-parent/5/forge-parent-5.pom
[INFO] Downloaded: https://repo.maven.apache.org/maven2/org/sonatype/forge/forge-parent/5/forge-parent-5.pom (9 KB at 78.5 KB/sec)
[INFO] Downloading: https://repo.maven.apache.org/maven2/org/apache/felix/maven-bundle-plugin/2.3.6/maven-bundle-plugin-2.3.6.jar
[INFO] Downloading: https://repo.maven.apache.org/maven2/biz/aQute/bndlib/1.50.0/bndlib-1.50.0.jar
[INFO] Downloading: https://repo.maven.apache.org/maven2/org/apache/felix/org.apache.felix.bundlerepository/1.6.6/org.apache.felix.bundlerepository-1.6.6.jar
[INFO] Downloading: https://repo.maven.apache.org/maven2/org/osgi/org.osgi.core/4.1.0/org.osgi.core-4.1.0.jar
[INFO] Downloading: https://repo.maven.apache.org/maven2/org/easymock/easymock/2.4/easymock-2.4.jar
[INFO] Downloaded: https://repo.maven.apache.org/maven2/org/apache/felix/org.apache.felix.bundlerepository/1.6.6/org.apache.felix.bundlerepository-1.6.6.jar (165 KB at 847.1 KB/sec)
[INFO] Downloading: https://repo.maven.apache.org/maven2/org/apache/maven/reporting/maven-reporting-api/2.0.7/maven-reporting-api-2.0.7.jar
[INFO] Downloaded: https://repo.maven.apache.org/maven2/org/easymock/easymock/2.4/easymock-2.4.jar (80 KB at 340.0 KB/sec)
[INFO] Downloading: https://repo.maven.apache.org/maven2/org/apache/maven/doxia/doxia-sink-api/1.0-alpha-7/doxia-sink-api-1.0-alpha-7.jar
[INFO] Downloaded: https://repo.maven.apache.org/maven2/org/osgi/org.osgi.core/4.1.0/org.osgi.core-4.1.0.jar (160 KB at 631.0 KB/sec)
[INFO] Downloading: https://repo.maven.apache.org/maven2/junit/junit/3.8.1/junit-3.8.1.jar
[INFO] Downloaded: https://repo.maven.apache.org/maven2/org/apache/felix/maven-bundle-plugin/2.3.6/maven-bundle-plugin-2.3.6.jar (122 KB at 458.4 KB/sec)
[INFO] Downloading: https://repo.maven.apache.org/maven2/commons-cli/commons-cli/1.0/commons-cli-1.0.jar
[INFO] Downloaded: https://repo.maven.apache.org/maven2/org/apache/maven/reporting/maven-reporting-api/2.0.7/maven-reporting-api-2.0.7.jar (10 KB at 32.8 KB/sec)
[INFO] Downloading: https://repo.maven.apache.org/maven2/org/codehaus/plexus/plexus-interactivity-api/1.0-alpha-4/plexus-interactivity-api-1.0-alpha-4.jar
[INFO] Downloaded: https://repo.maven.apache.org/maven2/biz/aQute/bndlib/1.50.0/bndlib-1.50.0.jar (899 KB at 2696.8 KB/sec)
[INFO] Downloading: https://repo.maven.apache.org/maven2/org/apache/maven/maven-archiver/2.4.1/maven-archiver-2.4.1.jar
[INFO] Downloaded: https://repo.maven.apache.org/maven2/org/apache/maven/doxia/doxia-sink-api/1.0-alpha-7/doxia-sink-api-1.0-alpha-7.jar (6 KB at 17.4 KB/sec)
[INFO] Downloading: https://repo.maven.apache.org/maven2/org/codehaus/plexus/plexus-archiver/1.0/plexus-archiver-1.0.jar
[INFO] Downloaded: https://repo.maven.apache.org/maven2/commons-cli/commons-cli/1.0/commons-cli-1.0.jar (30 KB at 81.0 KB/sec)
[INFO] Downloading: https://repo.maven.apache.org/maven2/org/codehaus/plexus/plexus-io/1.0/plexus-io-1.0.jar
[INFO] Downloaded: https://repo.maven.apache.org/maven2/junit/junit/3.8.1/junit-3.8.1.jar (119 KB at 323.9 KB/sec)
[INFO] Downloading: https://repo.maven.apache.org/maven2/org/codehaus/plexus/plexus-interpolation/1.13/plexus-interpolation-1.13.jar
[INFO] Downloaded: https://repo.maven.apache.org/maven2/org/codehaus/plexus/plexus-interactivity-api/1.0-alpha-4/plexus-interactivity-api-1.0-alpha-4.jar (14 KB at 32.2 KB/sec)
[INFO] Downloading: https://repo.maven.apache.org/maven2/org/apache/maven/shared/maven-dependency-tree/1.2/maven-dependency-tree-1.2.jar
[INFO] Downloaded: https://repo.maven.apache.org/maven2/org/apache/maven/maven-archiver/2.4.1/maven-archiver-2.4.1.jar (20 KB at 44.5 KB/sec)
[INFO] Downloading: https://repo.maven.apache.org/maven2/org/codehaus/plexus/plexus-utils/2.1/plexus-utils-2.1.jar
[INFO] Downloaded: https://repo.maven.apache.org/maven2/org/codehaus/plexus/plexus-archiver/1.0/plexus-archiver-1.0.jar (174 KB at 376.9 KB/sec)
[INFO] Downloaded: https://repo.maven.apache.org/maven2/org/codehaus/plexus/plexus-interpolation/1.13/plexus-interpolation-1.13.jar (60 KB at 124.0 KB/sec)
[INFO] Downloaded: https://repo.maven.apache.org/maven2/org/codehaus/plexus/plexus-io/1.0/plexus-io-1.0.jar (50 KB at 102.9 KB/sec)
[INFO] Downloaded: https://repo.maven.apache.org/maven2/org/apache/maven/shared/maven-dependency-tree/1.2/maven-dependency-tree-1.2.jar (34 KB at 63.1 KB/sec)
[INFO] Downloaded: https://repo.maven.apache.org/maven2/org/codehaus/plexus/plexus-utils/2.1/plexus-utils-2.1.jar (220 KB at 387.3 KB/sec)
[WARNING] 
[WARNING] Some problems were encountered while building the effective model for org.msgpack:msgpack:bundle:0.6.8-SNAPSHOT
[WARNING] 'build.plugins.plugin.version' for org.codehaus.mojo:findbugs-maven-plugin is missing. @ line 166, column 15
[WARNING] 
[WARNING] It is highly recommended to fix these problems because they threaten the stability of your build.
[WARNING] 
[WARNING] For this reason, future Maven versions might no longer support building such malformed projects.
[WARNING] 
[INFO]                                                                         
[INFO] ------------------------------------------------------------------------
[INFO] Building MessagePack for Java 0.6.8-SNAPSHOT
[INFO] ------------------------------------------------------------------------
[INFO] Downloading: https://repo.maven.apache.org/maven2/org/codehaus/mojo/findbugs-maven-plugin/maven-metadata.xml
[INFO] Downloaded: https://repo.maven.apache.org/maven2/org/codehaus/mojo/findbugs-maven-plugin/maven-metadata.xml (2 KB at 9.6 KB/sec)
[INFO] Downloading: https://repo.maven.apache.org/maven2/org/codehaus/mojo/findbugs-maven-plugin/3.0.4/findbugs-maven-plugin-3.0.4.pom
[INFO] Downloaded: https://repo.maven.apache.org/maven2/org/codehaus/mojo/findbugs-maven-plugin/3.0.4/findbugs-maven-plugin-3.0.4.pom (22 KB at 192.4 KB/sec)
[INFO] Downloading: https://repo.maven.apache.org/maven2/org/codehaus/mojo/mojo-parent/35/mojo-parent-35.pom
[INFO] Downloaded: https://repo.maven.apache.org/maven2/org/codehaus/mojo/mojo-parent/35/mojo-parent-35.pom (25 KB at 227.3 KB/sec)
[INFO] Downloading: https://repo.maven.apache.org/maven2/org/codehaus/codehaus-parent/4/codehaus-parent-4.pom
[INFO] Downloaded: https://repo.maven.apache.org/maven2/org/codehaus/codehaus-parent/4/codehaus-parent-4.pom (5 KB at 45.7 KB/sec)
[INFO] Downloading: https://repo.maven.apache.org/maven2/org/codehaus/mojo/findbugs-maven-plugin/3.0.4/findbugs-maven-plugin-3.0.4.jar
[INFO] Downloaded: https://repo.maven.apache.org/maven2/org/codehaus/mojo/findbugs-maven-plugin/3.0.4/findbugs-maven-plugin-3.0.4.jar (143 KB at 1077.6 KB/sec)
[INFO] Downloading: https://repo.maven.apache.org/maven2/org/apache/maven/plugins/maven-install-plugin/maven-metadata.xml
[INFO] Downloaded: https://repo.maven.apache.org/maven2/org/apache/maven/plugins/maven-install-plugin/maven-metadata.xml (623 B at 5.6 KB/sec)
[INFO] Downloading: https://repo.maven.apache.org/maven2/org/apache/maven/plugins/maven-install-plugin/2.5.2/maven-install-plugin-2.5.2.pom
[INFO] Downloaded: https://repo.maven.apache.org/maven2/org/apache/maven/plugins/maven-install-plugin/2.5.2/maven-install-plugin-2.5.2.pom (7 KB at 56.0 KB/sec)
[INFO] Downloading: https://repo.maven.apache.org/maven2/org/apache/maven/plugins/maven-plugins/25/maven-plugins-25.pom
[INFO] Downloaded: https://repo.maven.apache.org/maven2/org/apache/maven/plugins/maven-plugins/25/maven-plugins-25.pom (10 KB at 81.8 KB/sec)
[INFO] Downloading: https://repo.maven.apache.org/maven2/org/apache/maven/maven-parent/24/maven-parent-24.pom
[INFO] Downloaded: https://repo.maven.apache.org/maven2/org/apache/maven/maven-parent/24/maven-parent-24.pom (37 KB at 310.6 KB/sec)
[INFO] Downloading: https://repo.maven.apache.org/maven2/org/apache/apache/14/apache-14.pom
[INFO] Downloaded: https://repo.maven.apache.org/maven2/org/apache/apache/14/apache-14.pom (15 KB at 128.0 KB/sec)
[INFO] Downloading: https://repo.maven.apache.org/maven2/org/apache/maven/plugins/maven-install-plugin/2.5.2/maven-install-plugin-2.5.2.jar
[INFO] Downloaded: https://repo.maven.apache.org/maven2/org/apache/maven/plugins/maven-install-plugin/2.5.2/maven-install-plugin-2.5.2.jar (33 KB at 296.7 KB/sec)
[INFO] Downloading: https://repo.maven.apache.org/maven2/org/apache/maven/plugins/maven-resources-plugin/maven-metadata.xml
[INFO] Downloaded: https://repo.maven.apache.org/maven2/org/apache/maven/plugins/maven-resources-plugin/maven-metadata.xml (781 B at 7.1 KB/sec)
[INFO] Downloading: https://repo.maven.apache.org/maven2/org/apache/maven/plugins/maven-resources-plugin/3.0.1/maven-resources-plugin-3.0.1.pom
[INFO] Downloaded: https://repo.maven.apache.org/maven2/org/apache/maven/plugins/maven-resources-plugin/3.0.1/maven-resources-plugin-3.0.1.pom (7 KB at 63.6 KB/sec)
[INFO] Downloading: https://repo.maven.apache.org/maven2/org/apache/maven/plugins/maven-plugins/30/maven-plugins-30.pom
[INFO] Downloaded: https://repo.maven.apache.org/maven2/org/apache/maven/plugins/maven-plugins/30/maven-plugins-30.pom (10 KB at 86.4 KB/sec)
[INFO] Downloading: https://repo.maven.apache.org/maven2/org/apache/maven/maven-parent/30/maven-parent-30.pom
[INFO] Downloaded: https://repo.maven.apache.org/maven2/org/apache/maven/maven-parent/30/maven-parent-30.pom (41 KB at 357.1 KB/sec)
[INFO] Downloading: https://repo.maven.apache.org/maven2/org/apache/apache/18/apache-18.pom
[INFO] Downloaded: https://repo.maven.apache.org/maven2/org/apache/apache/18/apache-18.pom (16 KB at 133.0 KB/sec)
[INFO] Downloading: https://repo.maven.apache.org/maven2/org/apache/maven/plugins/maven-resources-plugin/3.0.1/maven-resources-plugin-3.0.1.jar
[INFO] Downloaded: https://repo.maven.apache.org/maven2/org/apache/maven/plugins/maven-resources-plugin/3.0.1/maven-resources-plugin-3.0.1.jar (31 KB at 276.9 KB/sec)
[INFO] Downloading: https://repo.maven.apache.org/maven2/org/apache/maven/plugins/maven-deploy-plugin/maven-metadata.xml
[INFO] Downloaded: https://repo.maven.apache.org/maven2/org/apache/maven/plugins/maven-deploy-plugin/maven-metadata.xml (709 B at 6.0 KB/sec)
[INFO] Downloading: https://repo.maven.apache.org/maven2/org/apache/maven/plugins/maven-deploy-plugin/2.8.2/maven-deploy-plugin-2.8.2.pom
[INFO] Downloaded: https://repo.maven.apache.org/maven2/org/apache/maven/plugins/maven-deploy-plugin/2.8.2/maven-deploy-plugin-2.8.2.pom (7 KB at 62.2 KB/sec)
[INFO] Downloading: https://repo.maven.apache.org/maven2/org/apache/maven/plugins/maven-deploy-plugin/2.8.2/maven-deploy-plugin-2.8.2.jar
[INFO] Downloaded: https://repo.maven.apache.org/maven2/org/apache/maven/plugins/maven-deploy-plugin/2.8.2/maven-deploy-plugin-2.8.2.jar (34 KB at 303.0 KB/sec)
[INFO] Downloading: https://repo.maven.apache.org/maven2/org/apache/maven/plugins/maven-enforcer-plugin/1.0/maven-enforcer-plugin-1.0.pom
[INFO] Downloaded: https://repo.maven.apache.org/maven2/org/apache/maven/plugins/maven-enforcer-plugin/1.0/maven-enforcer-plugin-1.0.pom (7 KB at 56.7 KB/sec)
[INFO] Downloading: https://repo.maven.apache.org/maven2/org/apache/maven/enforcer/enforcer/1.0/enforcer-1.0.pom
[INFO] Downloaded: https://repo.maven.apache.org/maven2/org/apache/maven/enforcer/enforcer/1.0/enforcer-1.0.pom (12 KB at 97.0 KB/sec)
[INFO] Downloading: https://repo.maven.apache.org/maven2/org/apache/maven/maven-parent/17/maven-parent-17.pom
[INFO] Downloaded: https://repo.maven.apache.org/maven2/org/apache/maven/maven-parent/17/maven-parent-17.pom (25 KB at 215.3 KB/sec)
[INFO] Downloading: https://repo.maven.apache.org/maven2/org/apache/maven/plugins/maven-enforcer-plugin/1.0/maven-enforcer-plugin-1.0.jar
[INFO] Downloaded: https://repo.maven.apache.org/maven2/org/apache/maven/plugins/maven-enforcer-plugin/1.0/maven-enforcer-plugin-1.0.jar (22 KB at 180.1 KB/sec)
[INFO] Downloading: https://repo.maven.apache.org/maven2/org/apache/maven/plugins/maven-source-plugin/2.1.2/maven-source-plugin-2.1.2.pom
[INFO] Downloaded: https://repo.maven.apache.org/maven2/org/apache/maven/plugins/maven-source-plugin/2.1.2/maven-source-plugin-2.1.2.pom (6 KB at 43.9 KB/sec)
[INFO] Downloading: https://repo.maven.apache.org/maven2/org/apache/maven/plugins/maven-plugins/18/maven-plugins-18.pom
[INFO] Downloaded: https://repo.maven.apache.org/maven2/org/apache/maven/plugins/maven-plugins/18/maven-plugins-18.pom (13 KB at 119.8 KB/sec)
[INFO] Downloading: https://repo.maven.apache.org/maven2/org/apache/maven/plugins/maven-source-plugin/2.1.2/maven-source-plugin-2.1.2.jar
[INFO] Downloaded: https://repo.maven.apache.org/maven2/org/apache/maven/plugins/maven-source-plugin/2.1.2/maven-source-plugin-2.1.2.jar (24 KB at 200.8 KB/sec)
[INFO] Downloading: https://repo.maven.apache.org/maven2/org/apache/maven/plugins/maven-compiler-plugin/2.3.2/maven-compiler-plugin-2.3.2.pom
[INFO] Downloaded: https://repo.maven.apache.org/maven2/org/apache/maven/plugins/maven-compiler-plugin/2.3.2/maven-compiler-plugin-2.3.2.pom (8 KB at 63.9 KB/sec)
[INFO] Downloading: https://repo.maven.apache.org/maven2/org/apache/maven/plugins/maven-compiler-plugin/2.3.2/maven-compiler-plugin-2.3.2.jar
[INFO] Downloaded: https://repo.maven.apache.org/maven2/org/apache/maven/plugins/maven-compiler-plugin/2.3.2/maven-compiler-plugin-2.3.2.jar (29 KB at 252.1 KB/sec)
[INFO] Downloading: https://repo.maven.apache.org/maven2/org/apache/maven/plugins/maven-surefire-plugin/2.8.1/maven-surefire-plugin-2.8.1.pom
[INFO] Downloaded: https://repo.maven.apache.org/maven2/org/apache/maven/plugins/maven-surefire-plugin/2.8.1/maven-surefire-plugin-2.8.1.pom (10 KB at 82.5 KB/sec)
[INFO] Downloading: https://repo.maven.apache.org/maven2/org/apache/maven/surefire/surefire/2.8.1/surefire-2.8.1.pom
[INFO] Downloaded: https://repo.maven.apache.org/maven2/org/apache/maven/surefire/surefire/2.8.1/surefire-2.8.1.pom (12 KB at 101.1 KB/sec)
[INFO] Downloading: https://repo.maven.apache.org/maven2/org/apache/maven/maven-parent/19/maven-parent-19.pom
[INFO] Downloaded: https://repo.maven.apache.org/maven2/org/apache/maven/maven-parent/19/maven-parent-19.pom (25 KB at 224.0 KB/sec)
[INFO] Downloading: https://repo.maven.apache.org/maven2/org/apache/maven/plugins/maven-surefire-plugin/2.8.1/maven-surefire-plugin-2.8.1.jar
[INFO] Downloaded: https://repo.maven.apache.org/maven2/org/apache/maven/plugins/maven-surefire-plugin/2.8.1/maven-surefire-plugin-2.8.1.jar (30 KB at 238.5 KB/sec)
[INFO] Downloading: http://repo.maven.apache.org/maven2/com/googlecode/json-simple/json-simple/1.1.1/json-simple-1.1.1.pom
[INFO] Downloaded: http://repo.maven.apache.org/maven2/com/googlecode/json-simple/json-simple/1.1.1/json-simple-1.1.1.pom (4 KB at 125.3 KB/sec)
[INFO] Downloading: http://repo.maven.apache.org/maven2/org/javassist/javassist/3.16.1-GA/javassist-3.16.1-GA.pom
[INFO] Downloaded: http://repo.maven.apache.org/maven2/org/javassist/javassist/3.16.1-GA/javassist-3.16.1-GA.pom (9 KB at 304.4 KB/sec)
[INFO] Downloading: http://repo.maven.apache.org/maven2/junit/junit/4.8.2/junit-4.8.2.pom
[INFO] Downloaded: http://repo.maven.apache.org/maven2/junit/junit/4.8.2/junit-4.8.2.pom (2 KB at 53.6 KB/sec)
[INFO] Downloading: http://repo.maven.apache.org/maven2/com/googlecode/json-simple/json-simple/1.1.1/json-simple-1.1.1.jar
[INFO] Downloading: http://repo.maven.apache.org/maven2/org/javassist/javassist/3.16.1-GA/javassist-3.16.1-GA.jar
[INFO] Downloading: http://repo.maven.apache.org/maven2/junit/junit/4.8.2/junit-4.8.2.jar
[INFO] Downloaded: http://repo.maven.apache.org/maven2/com/googlecode/json-simple/json-simple/1.1.1/json-simple-1.1.1.jar (24 KB at 467.4 KB/sec)
[INFO] Downloaded: http://repo.maven.apache.org/maven2/junit/junit/4.8.2/junit-4.8.2.jar (232 KB at 636.8 KB/sec)
[INFO] Downloaded: http://repo.maven.apache.org/maven2/org/javassist/javassist/3.16.1-GA/javassist-3.16.1-GA.jar (644 KB at 770.2 KB/sec)
[INFO] 
[INFO] --- maven-enforcer-plugin:1.0:enforce (enforce-maven) @ msgpack ---
[INFO] Downloading: https://repo.maven.apache.org/maven2/org/apache/maven/maven-artifact/2.0.9/maven-artifact-2.0.9.pom
[INFO] Downloaded: https://repo.maven.apache.org/maven2/org/apache/maven/maven-artifact/2.0.9/maven-artifact-2.0.9.pom (2 KB at 15.4 KB/sec)
[INFO] Downloading: https://repo.maven.apache.org/maven2/org/apache/maven/maven/2.0.9/maven-2.0.9.pom
[INFO] Downloaded: https://repo.maven.apache.org/maven2/org/apache/maven/maven/2.0.9/maven-2.0.9.pom (19 KB at 163.4 KB/sec)
[INFO] Downloading: https://repo.maven.apache.org/maven2/org/codehaus/plexus/plexus-utils/1.5.8/plexus-utils-1.5.8.pom
[INFO] Downloaded: https://repo.maven.apache.org/maven2/org/codehaus/plexus/plexus-utils/1.5.8/plexus-utils-1.5.8.pom (8 KB at 73.6 KB/sec)
[INFO] Downloading: https://repo.maven.apache.org/maven2/org/codehaus/plexus/plexus/2.0.2/plexus-2.0.2.pom
[INFO] Downloaded: https://repo.maven.apache.org/maven2/org/codehaus/plexus/plexus/2.0.2/plexus-2.0.2.pom (12 KB at 104.0 KB/sec)
[INFO] Downloading: https://repo.maven.apache.org/maven2/org/apache/maven/maven-plugin-api/2.0.9/maven-plugin-api-2.0.9.pom
[INFO] Downloaded: https://repo.maven.apache.org/maven2/org/apache/maven/maven-plugin-api/2.0.9/maven-plugin-api-2.0.9.pom (2 KB at 13.6 KB/sec)
[INFO] Downloading: https://repo.maven.apache.org/maven2/org/apache/maven/maven-project/2.0.9/maven-project-2.0.9.pom
[INFO] Downloaded: https://repo.maven.apache.org/maven2/org/apache/maven/maven-project/2.0.9/maven-project-2.0.9.pom (3 KB at 23.8 KB/sec)
[INFO] Downloading: https://repo.maven.apache.org/maven2/org/apache/maven/maven-settings/2.0.9/maven-settings-2.0.9.pom
[INFO] Downloaded: https://repo.maven.apache.org/maven2/org/apache/maven/maven-settings/2.0.9/maven-settings-2.0.9.pom (3 KB at 19.1 KB/sec)
[INFO] Downloading: https://repo.maven.apache.org/maven2/org/apache/maven/maven-model/2.0.9/maven-model-2.0.9.pom
[INFO] Downloaded: https://repo.maven.apache.org/maven2/org/apache/maven/maven-model/2.0.9/maven-model-2.0.9.pom (4 KB at 26.4 KB/sec)
[INFO] Downloading: https://repo.maven.apache.org/maven2/junit/junit/3.8.2/junit-3.8.2.pom
[INFO] Downloaded: https://repo.maven.apache.org/maven2/junit/junit/3.8.2/junit-3.8.2.pom (747 B at 6.4 KB/sec)
[INFO] Downloading: https://repo.maven.apache.org/maven2/org/apache/maven/maven-profile/2.0.9/maven-profile-2.0.9.pom
[INFO] Downloaded: https://repo.maven.apache.org/maven2/org/apache/maven/maven-profile/2.0.9/maven-profile-2.0.9.pom (3 KB at 18.7 KB/sec)
[INFO] Downloading: https://repo.maven.apache.org/maven2/org/apache/maven/maven-artifact-manager/2.0.9/maven-artifact-manager-2.0.9.pom
[INFO] Downloaded: https://repo.maven.apache.org/maven2/org/apache/maven/maven-artifact-manager/2.0.9/maven-artifact-manager-2.0.9.pom (3 KB at 23.1 KB/sec)
[INFO] Downloading: https://repo.maven.apache.org/maven2/org/apache/maven/maven-repository-metadata/2.0.9/maven-repository-metadata-2.0.9.pom
[INFO] Downloaded: https://repo.maven.apache.org/maven2/org/apache/maven/maven-repository-metadata/2.0.9/maven-repository-metadata-2.0.9.pom (2 KB at 16.0 KB/sec)
[INFO] Downloading: https://repo.maven.apache.org/maven2/org/apache/maven/maven-plugin-registry/2.0.9/maven-plugin-registry-2.0.9.pom
[INFO] Downloaded: https://repo.maven.apache.org/maven2/org/apache/maven/maven-plugin-registry/2.0.9/maven-plugin-registry-2.0.9.pom (2 KB at 16.7 KB/sec)
[INFO] Downloading: https://repo.maven.apache.org/maven2/org/apache/maven/maven-core/2.0.9/maven-core-2.0.9.pom
[INFO] Downloaded: https://repo.maven.apache.org/maven2/org/apache/maven/maven-core/2.0.9/maven-core-2.0.9.pom (8 KB at 70.4 KB/sec)
[INFO] Downloading: https://repo.maven.apache.org/maven2/org/apache/maven/maven-plugin-parameter-documenter/2.0.9/maven-plugin-parameter-documenter-2.0.9.pom
[INFO] Downloaded: https://repo.maven.apache.org/maven2/org/apache/maven/maven-plugin-parameter-documenter/2.0.9/maven-plugin-parameter-documenter-2.0.9.pom (2 KB at 18.3 KB/sec)
[INFO] Downloading: https://repo.maven.apache.org/maven2/org/apache/maven/reporting/maven-reporting-api/2.0.9/maven-reporting-api-2.0.9.pom
[INFO] Downloaded: https://repo.maven.apache.org/maven2/org/apache/maven/reporting/maven-reporting-api/2.0.9/maven-reporting-api-2.0.9.pom (2 KB at 16.6 KB/sec)
[INFO] Downloading: https://repo.maven.apache.org/maven2/org/apache/maven/reporting/maven-reporting/2.0.9/maven-reporting-2.0.9.pom
[INFO] Downloaded: https://repo.maven.apache.org/maven2/org/apache/maven/reporting/maven-reporting/2.0.9/maven-reporting-2.0.9.pom (2 KB at 13.0 KB/sec)
[INFO] Downloading: https://repo.maven.apache.org/maven2/org/apache/maven/doxia/doxia-sink-api/1.0-alpha-10/doxia-sink-api-1.0-alpha-10.pom
[INFO] Downloaded: https://repo.maven.apache.org/maven2/org/apache/maven/doxia/doxia-sink-api/1.0-alpha-10/doxia-sink-api-1.0-alpha-10.pom (2 KB at 11.6 KB/sec)
[INFO] Downloading: https://repo.maven.apache.org/maven2/org/apache/maven/doxia/doxia/1.0-alpha-10/doxia-1.0-alpha-10.pom
[INFO] Downloaded: https://repo.maven.apache.org/maven2/org/apache/maven/doxia/doxia/1.0-alpha-10/doxia-1.0-alpha-10.pom (9 KB at 82.1 KB/sec)
[INFO] Downloading: https://repo.maven.apache.org/maven2/org/apache/maven/maven-error-diagnostics/2.0.9/maven-error-diagnostics-2.0.9.pom
[INFO] Downloaded: https://repo.maven.apache.org/maven2/org/apache/maven/maven-error-diagnostics/2.0.9/maven-error-diagnostics-2.0.9.pom (2 KB at 14.7 KB/sec)
[INFO] Downloading: https://repo.maven.apache.org/maven2/org/apache/maven/maven-plugin-descriptor/2.0.9/maven-plugin-descriptor-2.0.9.pom
[INFO] Downloaded: https://repo.maven.apache.org/maven2/org/apache/maven/maven-plugin-descriptor/2.0.9/maven-plugin-descriptor-2.0.9.pom (3 KB at 17.3 KB/sec)
[INFO] Downloading: https://repo.maven.apache.org/maven2/org/apache/maven/maven-monitor/2.0.9/maven-monitor-2.0.9.pom
[INFO] Downloaded: https://repo.maven.apache.org/maven2/org/apache/maven/maven-monitor/2.0.9/maven-monitor-2.0.9.pom (2 KB at 1.7 KB/sec)
[INFO] Downloading: https://repo.maven.apache.org/maven2/commons-lang/commons-lang/2.3/commons-lang-2.3.pom
[INFO] Downloaded: https://repo.maven.apache.org/maven2/commons-lang/commons-lang/2.3/commons-lang-2.3.pom (11 KB at 92.0 KB/sec)
[INFO] Downloading: https://repo.maven.apache.org/maven2/org/apache/maven/enforcer/enforcer-api/1.0/enforcer-api-1.0.pom
[INFO] Downloaded: https://repo.maven.apache.org/maven2/org/apache/maven/enforcer/enforcer-api/1.0/enforcer-api-1.0.pom (4 KB at 29.6 KB/sec)
[INFO] Downloading: https://repo.maven.apache.org/maven2/org/codehaus/plexus/plexus-container-default/1.0-alpha-9/plexus-container-default-1.0-alpha-9.pom
[INFO] Downloaded: https://repo.maven.apache.org/maven2/org/codehaus/plexus/plexus-container-default/1.0-alpha-9/plexus-container-default-1.0-alpha-9.pom (2 KB at 10.7 KB/sec)
[INFO] Downloading: https://repo.maven.apache.org/maven2/org/apache/maven/enforcer/enforcer-rules/1.0/enforcer-rules-1.0.pom
[INFO] Downloaded: https://repo.maven.apache.org/maven2/org/apache/maven/enforcer/enforcer-rules/1.0/enforcer-rules-1.0.pom (5 KB at 35.7 KB/sec)
[INFO] Downloading: https://repo.maven.apache.org/maven2/org/apache/maven/shared/maven-common-artifact-filters/1.2/maven-common-artifact-filters-1.2.pom
[INFO] Downloaded: https://repo.maven.apache.org/maven2/org/apache/maven/shared/maven-common-artifact-filters/1.2/maven-common-artifact-filters-1.2.pom (5 KB at 39.1 KB/sec)
[INFO] Downloading: https://repo.maven.apache.org/maven2/org/apache/maven/shared/maven-shared-components/11/maven-shared-components-11.pom
[INFO] Downloaded: https://repo.maven.apache.org/maven2/org/apache/maven/shared/maven-shared-components/11/maven-shared-components-11.pom (9 KB at 72.1 KB/sec)
[INFO] Downloading: https://repo.maven.apache.org/maven2/org/apache/maven/maven-parent/11/maven-parent-11.pom
[INFO] Downloaded: https://repo.maven.apache.org/maven2/org/apache/maven/maven-parent/11/maven-parent-11.pom (32 KB at 270.5 KB/sec)
[INFO] Downloading: https://repo.maven.apache.org/maven2/org/apache/apache/5/apache-5.pom
[INFO] Downloaded: https://repo.maven.apache.org/maven2/org/apache/apache/5/apache-5.pom (5 KB at 38.1 KB/sec)
[INFO] Downloading: https://repo.maven.apache.org/maven2/org/apache/maven/shared/maven-plugin-testing-harness/1.1/maven-plugin-testing-harness-1.1.pom
[INFO] Downloaded: https://repo.maven.apache.org/maven2/org/apache/maven/shared/maven-plugin-testing-harness/1.1/maven-plugin-testing-harness-1.1.pom (7 KB at 56.2 KB/sec)
[INFO] Downloading: https://repo.maven.apache.org/maven2/org/apache/maven/shared/maven-shared-components/7/maven-shared-components-7.pom
[INFO] Downloaded: https://repo.maven.apache.org/maven2/org/apache/maven/shared/maven-shared-components/7/maven-shared-components-7.pom (3 KB at 23.1 KB/sec)
[INFO] Downloading: https://repo.maven.apache.org/maven2/org/codehaus/plexus/plexus-archiver/1.0-alpha-7/plexus-archiver-1.0-alpha-7.pom
[INFO] Downloaded: https://repo.maven.apache.org/maven2/org/codehaus/plexus/plexus-archiver/1.0-alpha-7/plexus-archiver-1.0-alpha-7.pom (2 KB at 9.3 KB/sec)
[INFO] Downloading: https://repo.maven.apache.org/maven2/org/codehaus/plexus/plexus-components/1.1.6/plexus-components-1.1.6.pom
[INFO] Downloaded: https://repo.maven.apache.org/maven2/org/codehaus/plexus/plexus-components/1.1.6/plexus-components-1.1.6.pom (2 KB at 16.2 KB/sec)
[INFO] Downloading: https://repo.maven.apache.org/maven2/org/codehaus/plexus/plexus/1.0.8/plexus-1.0.8.pom
[INFO] Downloaded: https://repo.maven.apache.org/maven2/org/codehaus/plexus/plexus/1.0.8/plexus-1.0.8.pom (8 KB at 64.2 KB/sec)
[INFO] Downloading: https://repo.maven.apache.org/maven2/org/codehaus/plexus/plexus-container-default/1.0-alpha-8/plexus-container-default-1.0-alpha-8.pom
[INFO] Downloaded: https://repo.maven.apache.org/maven2/org/codehaus/plexus/plexus-container-default/1.0-alpha-8/plexus-container-default-1.0-alpha-8.pom (8 KB at 61.7 KB/sec)
[INFO] Downloading: https://repo.maven.apache.org/maven2/org/beanshell/bsh/2.0b4/bsh-2.0b4.pom
[INFO] Downloaded: https://repo.maven.apache.org/maven2/org/beanshell/bsh/2.0b4/bsh-2.0b4.pom (2 KB at 10.1 KB/sec)
[INFO] Downloading: https://repo.maven.apache.org/maven2/org/beanshell/beanshell/2.0b4/beanshell-2.0b4.pom
[INFO] Downloaded: https://repo.maven.apache.org/maven2/org/beanshell/beanshell/2.0b4/beanshell-2.0b4.pom (2 KB at 12.0 KB/sec)
[INFO] Downloading: https://repo.maven.apache.org/maven2/org/codehaus/plexus/plexus-i18n/1.0-beta-6/plexus-i18n-1.0-beta-6.pom
[INFO] Downloaded: https://repo.maven.apache.org/maven2/org/codehaus/plexus/plexus-i18n/1.0-beta-6/plexus-i18n-1.0-beta-6.pom (771 B at 6.8 KB/sec)
[INFO] Downloading: https://repo.maven.apache.org/maven2/org/codehaus/plexus/plexus-components/1.1.4/plexus-components-1.1.4.pom
[INFO] Downloaded: https://repo.maven.apache.org/maven2/org/codehaus/plexus/plexus-components/1.1.4/plexus-components-1.1.4.pom (3 KB at 19.4 KB/sec)
[INFO] Downloading: https://repo.maven.apache.org/maven2/org/apache/maven/reporting/maven-reporting-api/2.0.9/maven-reporting-api-2.0.9.jar
[INFO] Downloading: https://repo.maven.apache.org/maven2/org/apache/maven/doxia/doxia-sink-api/1.0-alpha-10/doxia-sink-api-1.0-alpha-10.jar
[INFO] Downloading: https://repo.maven.apache.org/maven2/commons-lang/commons-lang/2.3/commons-lang-2.3.jar
[INFO] Downloading: https://repo.maven.apache.org/maven2/org/codehaus/plexus/plexus-utils/1.5.8/plexus-utils-1.5.8.jar
[INFO] Downloading: https://repo.maven.apache.org/maven2/org/apache/maven/enforcer/enforcer-api/1.0/enforcer-api-1.0.jar
[INFO] Downloaded: https://repo.maven.apache.org/maven2/org/apache/maven/reporting/maven-reporting-api/2.0.9/maven-reporting-api-2.0.9.jar (10 KB at 71.2 KB/sec)
[INFO] Downloading: https://repo.maven.apache.org/maven2/org/apache/maven/enforcer/enforcer-rules/1.0/enforcer-rules-1.0.jar
[INFO] Downloaded: https://repo.maven.apache.org/maven2/org/apache/maven/doxia/doxia-sink-api/1.0-alpha-10/doxia-sink-api-1.0-alpha-10.jar (10 KB at 68.1 KB/sec)
[INFO] Downloading: https://repo.maven.apache.org/maven2/org/apache/maven/shared/maven-common-artifact-filters/1.2/maven-common-artifact-filters-1.2.jar
[INFO] Downloaded: https://repo.maven.apache.org/maven2/org/apache/maven/enforcer/enforcer-api/1.0/enforcer-api-1.0.jar (10 KB at 67.4 KB/sec)
[INFO] Downloading: https://repo.maven.apache.org/maven2/org/beanshell/bsh/2.0b4/bsh-2.0b4.jar
[INFO] Downloaded: https://repo.maven.apache.org/maven2/org/codehaus/plexus/plexus-utils/1.5.8/plexus-utils-1.5.8.jar (262 KB at 1614.7 KB/sec)
[INFO] Downloading: https://repo.maven.apache.org/maven2/org/codehaus/plexus/plexus-i18n/1.0-beta-6/plexus-i18n-1.0-beta-6.jar
[INFO] Downloaded: https://repo.maven.apache.org/maven2/commons-lang/commons-lang/2.3/commons-lang-2.3.jar (240 KB at 1460.5 KB/sec)
[INFO] Downloaded: https://repo.maven.apache.org/maven2/org/apache/maven/enforcer/enforcer-rules/1.0/enforcer-rules-1.0.jar (60 KB at 238.2 KB/sec)
[INFO] Downloaded: https://repo.maven.apache.org/maven2/org/apache/maven/shared/maven-common-artifact-filters/1.2/maven-common-artifact-filters-1.2.jar (31 KB at 121.5 KB/sec)
[INFO] Downloaded: https://repo.maven.apache.org/maven2/org/codehaus/plexus/plexus-i18n/1.0-beta-6/plexus-i18n-1.0-beta-6.jar (12 KB at 43.0 KB/sec)
[INFO] Downloaded: https://repo.maven.apache.org/maven2/org/beanshell/bsh/2.0b4/bsh-2.0b4.jar (276 KB at 1004.0 KB/sec)
[INFO] 
[INFO] --- maven-resources-plugin:3.0.1:resources (default-resources) @ msgpack ---
[INFO] Downloading: https://repo.maven.apache.org/maven2/org/apache/maven/maven-plugin-api/3.0/maven-plugin-api-3.0.pom
[INFO] Downloaded: https://repo.maven.apache.org/maven2/org/apache/maven/maven-plugin-api/3.0/maven-plugin-api-3.0.pom (3 KB at 21.3 KB/sec)
[INFO] Downloading: https://repo.maven.apache.org/maven2/org/apache/maven/maven/3.0/maven-3.0.pom
[INFO] Downloaded: https://repo.maven.apache.org/maven2/org/apache/maven/maven/3.0/maven-3.0.pom (22 KB at 196.1 KB/sec)
[INFO] Downloading: https://repo.maven.apache.org/maven2/org/apache/maven/maven-parent/15/maven-parent-15.pom
[INFO] Downloaded: https://repo.maven.apache.org/maven2/org/apache/maven/maven-parent/15/maven-parent-15.pom (24 KB at 213.1 KB/sec)
[INFO] Downloading: https://repo.maven.apache.org/maven2/org/apache/apache/6/apache-6.pom
[INFO] Downloaded: https://repo.maven.apache.org/maven2/org/apache/apache/6/apache-6.pom (13 KB at 117.9 KB/sec)
[INFO] Downloading: https://repo.maven.apache.org/maven2/org/apache/maven/maven-model/3.0/maven-model-3.0.pom
[INFO] Downloaded: https://repo.maven.apache.org/maven2/org/apache/maven/maven-model/3.0/maven-model-3.0.pom (4 KB at 36.2 KB/sec)
[INFO] Downloading: https://repo.maven.apache.org/maven2/org/codehaus/plexus/plexus-utils/2.0.4/plexus-utils-2.0.4.pom
[INFO] Downloaded: https://repo.maven.apache.org/maven2/org/codehaus/plexus/plexus-utils/2.0.4/plexus-utils-2.0.4.pom (4 KB at 31.3 KB/sec)
[INFO] Downloading: https://repo.maven.apache.org/maven2/org/apache/maven/maven-artifact/3.0/maven-artifact-3.0.pom
[INFO] Downloaded: https://repo.maven.apache.org/maven2/org/apache/maven/maven-artifact/3.0/maven-artifact-3.0.pom (2 KB at 17.4 KB/sec)
[INFO] Downloading: https://repo.maven.apache.org/maven2/org/sonatype/sisu/sisu-inject-plexus/1.4.2/sisu-inject-plexus-1.4.2.pom
[INFO] Downloaded: https://repo.maven.apache.org/maven2/org/sonatype/sisu/sisu-inject-plexus/1.4.2/sisu-inject-plexus-1.4.2.pom (6 KB at 48.5 KB/sec)
[INFO] Downloading: https://repo.maven.apache.org/maven2/org/sonatype/sisu/inject/guice-plexus/1.4.2/guice-plexus-1.4.2.pom
[INFO] Downloaded: https://repo.maven.apache.org/maven2/org/sonatype/sisu/inject/guice-plexus/1.4.2/guice-plexus-1.4.2.pom (4 KB at 29.4 KB/sec)
[INFO] Downloading: https://repo.maven.apache.org/maven2/org/sonatype/sisu/inject/guice-bean/1.4.2/guice-bean-1.4.2.pom
[INFO] Downloaded: https://repo.maven.apache.org/maven2/org/sonatype/sisu/inject/guice-bean/1.4.2/guice-bean-1.4.2.pom (3 KB at 23.8 KB/sec)
[INFO] Downloading: https://repo.maven.apache.org/maven2/org/sonatype/sisu/sisu-inject/1.4.2/sisu-inject-1.4.2.pom
[INFO] Downloaded: https://repo.maven.apache.org/maven2/org/sonatype/sisu/sisu-inject/1.4.2/sisu-inject-1.4.2.pom (2 KB at 11.5 KB/sec)
[INFO] Downloading: https://repo.maven.apache.org/maven2/org/sonatype/sisu/sisu-parent/1.4.2/sisu-parent-1.4.2.pom
[INFO] Downloaded: https://repo.maven.apache.org/maven2/org/sonatype/sisu/sisu-parent/1.4.2/sisu-parent-1.4.2.pom (8 KB at 71.6 KB/sec)
[INFO] Downloading: https://repo.maven.apache.org/maven2/org/sonatype/forge/forge-parent/6/forge-parent-6.pom
[INFO] Downloaded: https://repo.maven.apache.org/maven2/org/sonatype/forge/forge-parent/6/forge-parent-6.pom (11 KB at 95.5 KB/sec)
[INFO] Downloading: https://repo.maven.apache.org/maven2/org/codehaus/plexus/plexus-component-annotations/1.6/plexus-component-annotations-1.6.pom
[INFO] Downloaded: https://repo.maven.apache.org/maven2/org/codehaus/plexus/plexus-component-annotations/1.6/plexus-component-annotations-1.6.pom (748 B at 6.8 KB/sec)
[INFO] Downloading: https://repo.maven.apache.org/maven2/org/codehaus/plexus/plexus-containers/1.6/plexus-containers-1.6.pom
[INFO] Downloaded: https://repo.maven.apache.org/maven2/org/codehaus/plexus/plexus-containers/1.6/plexus-containers-1.6.pom (4 KB at 34.7 KB/sec)
[INFO] Downloading: https://repo.maven.apache.org/maven2/org/codehaus/plexus/plexus/3.3.2/plexus-3.3.2.pom
[INFO] Downloaded: https://repo.maven.apache.org/maven2/org/codehaus/plexus/plexus/3.3.2/plexus-3.3.2.pom (22 KB at 191.1 KB/sec)
[INFO] Downloading: https://repo.maven.apache.org/maven2/org/sonatype/spice/spice-parent/17/spice-parent-17.pom
[INFO] Downloaded: https://repo.maven.apache.org/maven2/org/sonatype/spice/spice-parent/17/spice-parent-17.pom (7 KB at 60.0 KB/sec)
[INFO] Downloading: https://repo.maven.apache.org/maven2/org/sonatype/forge/forge-parent/10/forge-parent-10.pom
[INFO] Downloaded: https://repo.maven.apache.org/maven2/org/sonatype/forge/forge-parent/10/forge-parent-10.pom (14 KB at 115.1 KB/sec)
[INFO] Downloading: https://repo.maven.apache.org/maven2/org/codehaus/plexus/plexus-classworlds/2.2.3/plexus-classworlds-2.2.3.pom
[INFO] Downloaded: https://repo.maven.apache.org/maven2/org/codehaus/plexus/plexus-classworlds/2.2.3/plexus-classworlds-2.2.3.pom (4 KB at 37.2 KB/sec)
[INFO] Downloading: https://repo.maven.apache.org/maven2/org/sonatype/sisu/sisu-inject-bean/1.4.2/sisu-inject-bean-1.4.2.pom
[INFO] Downloaded: https://repo.maven.apache.org/maven2/org/sonatype/sisu/sisu-inject-bean/1.4.2/sisu-inject-bean-1.4.2.pom (6 KB at 50.3 KB/sec)
[INFO] Downloading: https://repo.maven.apache.org/maven2/org/sonatype/sisu/sisu-guice/2.1.7/sisu-guice-2.1.7.pom
[INFO] Downloaded: https://repo.maven.apache.org/maven2/org/sonatype/sisu/sisu-guice/2.1.7/sisu-guice-2.1.7.pom (11 KB at 104.9 KB/sec)
[INFO] Downloading: https://repo.maven.apache.org/maven2/org/apache/maven/maven-core/3.0/maven-core-3.0.pom
[INFO] Downloaded: https://repo.maven.apache.org/maven2/org/apache/maven/maven-core/3.0/maven-core-3.0.pom (7 KB at 61.7 KB/sec)
[INFO] Downloading: https://repo.maven.apache.org/maven2/org/apache/maven/maven-settings/3.0/maven-settings-3.0.pom
[INFO] Downloaded: https://repo.maven.apache.org/maven2/org/apache/maven/maven-settings/3.0/maven-settings-3.0.pom (2 KB at 17.2 KB/sec)
[INFO] Downloading: https://repo.maven.apache.org/maven2/org/apache/maven/maven-settings-builder/3.0/maven-settings-builder-3.0.pom
[INFO] Downloaded: https://repo.maven.apache.org/maven2/org/apache/maven/maven-settings-builder/3.0/maven-settings-builder-3.0.pom (3 KB at 20.3 KB/sec)
[INFO] Downloading: https://repo.maven.apache.org/maven2/org/codehaus/plexus/plexus-interpolation/1.14/plexus-interpolation-1.14.pom
[INFO] Downloaded: https://repo.maven.apache.org/maven2/org/codehaus/plexus/plexus-interpolation/1.14/plexus-interpolation-1.14.pom (910 B at 8.4 KB/sec)
[INFO] Downloading: https://repo.maven.apache.org/maven2/org/codehaus/plexus/plexus-components/1.1.18/plexus-components-1.1.18.pom
[INFO] Downloaded: https://repo.maven.apache.org/maven2/org/codehaus/plexus/plexus-components/1.1.18/plexus-components-1.1.18.pom (6 KB at 50.8 KB/sec)
[INFO] Downloading: https://repo.maven.apache.org/maven2/org/codehaus/plexus/plexus/2.0.7/plexus-2.0.7.pom
[INFO] Downloaded: https://repo.maven.apache.org/maven2/org/codehaus/plexus/plexus/2.0.7/plexus-2.0.7.pom (17 KB at 155.0 KB/sec)
[INFO] Downloading: https://repo.maven.apache.org/maven2/org/sonatype/plexus/plexus-sec-dispatcher/1.3/plexus-sec-dispatcher-1.3.pom
[INFO] Downloaded: https://repo.maven.apache.org/maven2/org/sonatype/plexus/plexus-sec-dispatcher/1.3/plexus-sec-dispatcher-1.3.pom (3 KB at 25.6 KB/sec)
[INFO] Downloading: https://repo.maven.apache.org/maven2/org/sonatype/spice/spice-parent/12/spice-parent-12.pom
[INFO] Downloaded: https://repo.maven.apache.org/maven2/org/sonatype/spice/spice-parent/12/spice-parent-12.pom (7 KB at 63.2 KB/sec)
[INFO] Downloading: https://repo.maven.apache.org/maven2/org/sonatype/forge/forge-parent/4/forge-parent-4.pom
[INFO] Downloaded: https://repo.maven.apache.org/maven2/org/sonatype/forge/forge-parent/4/forge-parent-4.pom (9 KB at 79.6 KB/sec)
[INFO] Downloading: https://repo.maven.apache.org/maven2/org/codehaus/plexus/plexus-utils/1.5.5/plexus-utils-1.5.5.pom
[INFO] Downloaded: https://repo.maven.apache.org/maven2/org/codehaus/plexus/plexus-utils/1.5.5/plexus-utils-1.5.5.pom (6 KB at 47.9 KB/sec)
[INFO] Downloading: https://repo.maven.apache.org/maven2/org/sonatype/plexus/plexus-cipher/1.4/plexus-cipher-1.4.pom
[INFO] Downloaded: https://repo.maven.apache.org/maven2/org/sonatype/plexus/plexus-cipher/1.4/plexus-cipher-1.4.pom (3 KB at 18.2 KB/sec)
[INFO] Downloading: https://repo.maven.apache.org/maven2/org/apache/maven/maven-repository-metadata/3.0/maven-repository-metadata-3.0.pom
[INFO] Downloaded: https://repo.maven.apache.org/maven2/org/apache/maven/maven-repository-metadata/3.0/maven-repository-metadata-3.0.pom (2 KB at 3.5 KB/sec)
[INFO] Downloading: https://repo.maven.apache.org/maven2/org/apache/maven/maven-model-builder/3.0/maven-model-builder-3.0.pom
[INFO] Downloaded: https://repo.maven.apache.org/maven2/org/apache/maven/maven-model-builder/3.0/maven-model-builder-3.0.pom (3 KB at 20.7 KB/sec)
[INFO] Downloading: https://repo.maven.apache.org/maven2/org/apache/maven/maven-aether-provider/3.0/maven-aether-provider-3.0.pom
[INFO] Downloaded: https://repo.maven.apache.org/maven2/org/apache/maven/maven-aether-provider/3.0/maven-aether-provider-3.0.pom (3 KB at 21.7 KB/sec)
[INFO] Downloading: https://repo.maven.apache.org/maven2/org/sonatype/aether/aether-api/1.7/aether-api-1.7.pom
[INFO] Downloaded: https://repo.maven.apache.org/maven2/org/sonatype/aether/aether-api/1.7/aether-api-1.7.pom (2 KB at 15.3 KB/sec)
[INFO] Downloading: https://repo.maven.apache.org/maven2/org/sonatype/aether/aether-parent/1.7/aether-parent-1.7.pom
[INFO] Downloaded: https://repo.maven.apache.org/maven2/org/sonatype/aether/aether-parent/1.7/aether-parent-1.7.pom (8 KB at 72.5 KB/sec)
[INFO] Downloading: https://repo.maven.apache.org/maven2/org/sonatype/aether/aether-util/1.7/aether-util-1.7.pom
[INFO] Downloaded: https://repo.maven.apache.org/maven2/org/sonatype/aether/aether-util/1.7/aether-util-1.7.pom (3 KB at 19.0 KB/sec)
[INFO] Downloading: https://repo.maven.apache.org/maven2/org/sonatype/aether/aether-impl/1.7/aether-impl-1.7.pom
[INFO] Downloaded: https://repo.maven.apache.org/maven2/org/sonatype/aether/aether-impl/1.7/aether-impl-1.7.pom (4 KB at 34.0 KB/sec)
[INFO] Downloading: https://repo.maven.apache.org/maven2/org/sonatype/aether/aether-spi/1.7/aether-spi-1.7.pom
[INFO] Downloaded: https://repo.maven.apache.org/maven2/org/sonatype/aether/aether-spi/1.7/aether-spi-1.7.pom (2 KB at 16.7 KB/sec)
[INFO] Downloading: https://repo.maven.apache.org/maven2/org/codehaus/plexus/plexus-utils/3.0.24/plexus-utils-3.0.24.pom
[INFO] Downloaded: https://repo.maven.apache.org/maven2/org/codehaus/plexus/plexus-utils/3.0.24/plexus-utils-3.0.24.pom (5 KB at 36.6 KB/sec)
[INFO] Downloading: https://repo.maven.apache.org/maven2/org/codehaus/plexus/plexus/4.0/plexus-4.0.pom
[INFO] Downloaded: https://repo.maven.apache.org/maven2/org/codehaus/plexus/plexus/4.0/plexus-4.0.pom (21 KB at 189.2 KB/sec)
[INFO] Downloading: https://repo.maven.apache.org/maven2/org/apache/maven/shared/maven-filtering/3.1.1/maven-filtering-3.1.1.pom
[INFO] Downloaded: https://repo.maven.apache.org/maven2/org/apache/maven/shared/maven-filtering/3.1.1/maven-filtering-3.1.1.pom (6 KB at 49.6 KB/sec)
[INFO] Downloading: https://repo.maven.apache.org/maven2/org/apache/maven/shared/maven-shared-components/30/maven-shared-components-30.pom
[INFO] Downloaded: https://repo.maven.apache.org/maven2/org/apache/maven/shared/maven-shared-components/30/maven-shared-components-30.pom (5 KB at 42.2 KB/sec)
[INFO] Downloading: https://repo.maven.apache.org/maven2/org/apache/maven/shared/maven-shared-utils/3.0.0/maven-shared-utils-3.0.0.pom
[INFO] Downloaded: https://repo.maven.apache.org/maven2/org/apache/maven/shared/maven-shared-utils/3.0.0/maven-shared-utils-3.0.0.pom (6 KB at 51.0 KB/sec)
[INFO] Downloading: https://repo.maven.apache.org/maven2/org/apache/maven/shared/maven-shared-components/21/maven-shared-components-21.pom
[INFO] Downloaded: https://repo.maven.apache.org/maven2/org/apache/maven/shared/maven-shared-components/21/maven-shared-components-21.pom (5 KB at 46.2 KB/sec)
[INFO] Downloading: https://repo.maven.apache.org/maven2/org/apache/maven/maven-parent/25/maven-parent-25.pom
[INFO] Downloaded: https://repo.maven.apache.org/maven2/org/apache/maven/maven-parent/25/maven-parent-25.pom (37 KB at 329.4 KB/sec)
[INFO] Downloading: https://repo.maven.apache.org/maven2/org/apache/apache/15/apache-15.pom
[INFO] Downloaded: https://repo.maven.apache.org/maven2/org/apache/apache/15/apache-15.pom (15 KB at 135.3 KB/sec)
[INFO] Downloading: https://repo.maven.apache.org/maven2/commons-io/commons-io/2.4/commons-io-2.4.pom
[INFO] Downloaded: https://repo.maven.apache.org/maven2/commons-io/commons-io/2.4/commons-io-2.4.pom (10 KB at 94.5 KB/sec)
[INFO] Downloading: https://repo.maven.apache.org/maven2/org/apache/commons/commons-parent/25/commons-parent-25.pom
[INFO] Downloaded: https://repo.maven.apache.org/maven2/org/apache/commons/commons-parent/25/commons-parent-25.pom (48 KB at 428.8 KB/sec)
[INFO] Downloading: https://repo.maven.apache.org/maven2/com/google/code/findbugs/jsr305/2.0.1/jsr305-2.0.1.pom
[INFO] Downloaded: https://repo.maven.apache.org/maven2/com/google/code/findbugs/jsr305/2.0.1/jsr305-2.0.1.pom (965 B at 8.7 KB/sec)
[INFO] Downloading: https://repo.maven.apache.org/maven2/org/codehaus/plexus/plexus-interpolation/1.22/plexus-interpolation-1.22.pom
[INFO] Downloaded: https://repo.maven.apache.org/maven2/org/codehaus/plexus/plexus-interpolation/1.22/plexus-interpolation-1.22.pom (2 KB at 14.5 KB/sec)
[INFO] Downloading: https://repo.maven.apache.org/maven2/org/codehaus/plexus/plexus-components/1.3.1/plexus-components-1.3.1.pom
[INFO] Downloaded: https://repo.maven.apache.org/maven2/org/codehaus/plexus/plexus-components/1.3.1/plexus-components-1.3.1.pom (3 KB at 28.2 KB/sec)
[INFO] Downloading: https://repo.maven.apache.org/maven2/org/codehaus/plexus/plexus/3.3.1/plexus-3.3.1.pom
[INFO] Downloaded: https://repo.maven.apache.org/maven2/org/codehaus/plexus/plexus/3.3.1/plexus-3.3.1.pom (20 KB at 181.5 KB/sec)
[INFO] Downloading: https://repo.maven.apache.org/maven2/org/sonatype/plexus/plexus-build-api/0.0.7/plexus-build-api-0.0.7.pom
[INFO] Downloaded: https://repo.maven.apache.org/maven2/org/sonatype/plexus/plexus-build-api/0.0.7/plexus-build-api-0.0.7.pom (4 KB at 29.2 KB/sec)
[INFO] Downloading: https://repo.maven.apache.org/maven2/org/sonatype/spice/spice-parent/15/spice-parent-15.pom
[INFO] Downloaded: https://repo.maven.apache.org/maven2/org/sonatype/spice/spice-parent/15/spice-parent-15.pom (9 KB at 77.7 KB/sec)
[INFO] Downloading: https://repo.maven.apache.org/maven2/org/sonatype/sisu/sisu-inject-bean/1.4.2/sisu-inject-bean-1.4.2.jar
[INFO] Downloading: https://repo.maven.apache.org/maven2/org/sonatype/aether/aether-util/1.7/aether-util-1.7.jar
[INFO] Downloading: https://repo.maven.apache.org/maven2/org/codehaus/plexus/plexus-component-annotations/1.6/plexus-component-annotations-1.6.jar
[INFO] Downloading: https://repo.maven.apache.org/maven2/org/sonatype/sisu/sisu-guice/2.1.7/sisu-guice-2.1.7-noaop.jar
[INFO] Downloading: https://repo.maven.apache.org/maven2/org/sonatype/plexus/plexus-sec-dispatcher/1.3/plexus-sec-dispatcher-1.3.jar
[INFO] Downloaded: https://repo.maven.apache.org/maven2/org/sonatype/plexus/plexus-sec-dispatcher/1.3/plexus-sec-dispatcher-1.3.jar (28 KB at 230.5 KB/sec)
[INFO] Downloading: https://repo.maven.apache.org/maven2/org/sonatype/plexus/plexus-cipher/1.4/plexus-cipher-1.4.jar
[INFO] Downloaded: https://repo.maven.apache.org/maven2/org/codehaus/plexus/plexus-component-annotations/1.6/plexus-component-annotations-1.6.jar (5 KB at 33.3 KB/sec)
[INFO] Downloading: https://repo.maven.apache.org/maven2/org/codehaus/plexus/plexus-utils/3.0.24/plexus-utils-3.0.24.jar
[INFO] Downloaded: https://repo.maven.apache.org/maven2/org/sonatype/aether/aether-util/1.7/aether-util-1.7.jar (106 KB at 810.9 KB/sec)
[INFO] Downloading: https://repo.maven.apache.org/maven2/org/apache/maven/shared/maven-filtering/3.1.1/maven-filtering-3.1.1.jar
[INFO] Downloaded: https://repo.maven.apache.org/maven2/org/sonatype/sisu/sisu-inject-bean/1.4.2/sisu-inject-bean-1.4.2.jar (150 KB at 1082.6 KB/sec)
[INFO] Downloading: https://repo.maven.apache.org/maven2/org/apache/maven/shared/maven-shared-utils/3.0.0/maven-shared-utils-3.0.0.jar
[INFO] Downloaded: https://repo.maven.apache.org/maven2/org/sonatype/sisu/sisu-guice/2.1.7/sisu-guice-2.1.7-noaop.jar (461 KB at 2694.0 KB/sec)
[INFO] Downloading: https://repo.maven.apache.org/maven2/commons-io/commons-io/2.4/commons-io-2.4.jar
[INFO] Downloaded: https://repo.maven.apache.org/maven2/org/apache/maven/shared/maven-filtering/3.1.1/maven-filtering-3.1.1.jar (50 KB at 204.2 KB/sec)
[INFO] Downloading: https://repo.maven.apache.org/maven2/com/google/code/findbugs/jsr305/2.0.1/jsr305-2.0.1.jar
[INFO] Downloaded: https://repo.maven.apache.org/maven2/org/sonatype/plexus/plexus-cipher/1.4/plexus-cipher-1.4.jar (14 KB at 53.4 KB/sec)
[INFO] Downloading: https://repo.maven.apache.org/maven2/org/sonatype/plexus/plexus-build-api/0.0.7/plexus-build-api-0.0.7.jar
[INFO] Downloaded: https://repo.maven.apache.org/maven2/org/apache/maven/shared/maven-shared-utils/3.0.0/maven-shared-utils-3.0.0.jar (152 KB at 599.5 KB/sec)
[INFO] Downloading: https://repo.maven.apache.org/maven2/org/codehaus/plexus/plexus-interpolation/1.22/plexus-interpolation-1.22.jar
[INFO] Downloaded: https://repo.maven.apache.org/maven2/org/codehaus/plexus/plexus-utils/3.0.24/plexus-utils-3.0.24.jar (242 KB at 918.5 KB/sec)
[INFO] Downloaded: https://repo.maven.apache.org/maven2/commons-io/commons-io/2.4/commons-io-2.4.jar (181 KB at 662.3 KB/sec)
[INFO] Downloaded: https://repo.maven.apache.org/maven2/org/sonatype/plexus/plexus-build-api/0.0.7/plexus-build-api-0.0.7.jar (9 KB at 23.4 KB/sec)
[INFO] Downloaded: https://repo.maven.apache.org/maven2/org/codehaus/plexus/plexus-interpolation/1.22/plexus-interpolation-1.22.jar (76 KB at 207.9 KB/sec)
[INFO] Downloaded: https://repo.maven.apache.org/maven2/com/google/code/findbugs/jsr305/2.0.1/jsr305-2.0.1.jar (32 KB at 85.5 KB/sec)
[INFO] Using 'UTF-8' encoding to copy filtered resources.
[INFO] skip non existing resourceDirectory /home/travis/build/msgpack/msgpack-java/src/main/resources
[INFO] 
[INFO] --- maven-compiler-plugin:2.3.2:compile (default-compile) @ msgpack ---
[INFO] Downloading: https://repo.maven.apache.org/maven2/org/apache/maven/maven-plugin-api/2.0.6/maven-plugin-api-2.0.6.pom
[INFO] Downloaded: https://repo.maven.apache.org/maven2/org/apache/maven/maven-plugin-api/2.0.6/maven-plugin-api-2.0.6.pom (2 KB at 13.0 KB/sec)
[INFO] Downloading: https://repo.maven.apache.org/maven2/org/apache/maven/maven-core/2.0.6/maven-core-2.0.6.pom
[INFO] Downloaded: https://repo.maven.apache.org/maven2/org/apache/maven/maven-core/2.0.6/maven-core-2.0.6.pom (7 KB at 61.8 KB/sec)
[INFO] Downloading: https://repo.maven.apache.org/maven2/org/apache/maven/maven-settings/2.0.6/maven-settings-2.0.6.pom
[INFO] Downloaded: https://repo.maven.apache.org/maven2/org/apache/maven/maven-settings/2.0.6/maven-settings-2.0.6.pom (2 KB at 18.4 KB/sec)
[INFO] Downloading: https://repo.maven.apache.org/maven2/org/apache/maven/maven-plugin-parameter-documenter/2.0.6/maven-plugin-parameter-documenter-2.0.6.pom
[INFO] Downloaded: https://repo.maven.apache.org/maven2/org/apache/maven/maven-plugin-parameter-documenter/2.0.6/maven-plugin-parameter-documenter-2.0.6.pom (2 KB at 16.7 KB/sec)
[INFO] Downloading: https://repo.maven.apache.org/maven2/org/apache/maven/maven-profile/2.0.6/maven-profile-2.0.6.pom
[INFO] Downloaded: https://repo.maven.apache.org/maven2/org/apache/maven/maven-profile/2.0.6/maven-profile-2.0.6.pom (2 KB at 18.1 KB/sec)
[INFO] Downloading: https://repo.maven.apache.org/maven2/org/apache/maven/maven-repository-metadata/2.0.6/maven-repository-metadata-2.0.6.pom
[INFO] Downloaded: https://repo.maven.apache.org/maven2/org/apache/maven/maven-repository-metadata/2.0.6/maven-repository-metadata-2.0.6.pom (2 KB at 16.1 KB/sec)
[INFO] Downloading: https://repo.maven.apache.org/maven2/org/apache/maven/maven-error-diagnostics/2.0.6/maven-error-diagnostics-2.0.6.pom
[INFO] Downloaded: https://repo.maven.apache.org/maven2/org/apache/maven/maven-error-diagnostics/2.0.6/maven-error-diagnostics-2.0.6.pom (2 KB at 15.1 KB/sec)
[INFO] Downloading: https://repo.maven.apache.org/maven2/org/apache/maven/maven-project/2.0.6/maven-project-2.0.6.pom
[INFO] Downloaded: https://repo.maven.apache.org/maven2/org/apache/maven/maven-project/2.0.6/maven-project-2.0.6.pom (3 KB at 23.0 KB/sec)
[INFO] Downloading: https://repo.maven.apache.org/maven2/org/apache/maven/maven-artifact-manager/2.0.6/maven-artifact-manager-2.0.6.pom
[INFO] Downloaded: https://repo.maven.apache.org/maven2/org/apache/maven/maven-artifact-manager/2.0.6/maven-artifact-manager-2.0.6.pom (3 KB at 23.3 KB/sec)
[INFO] Downloading: https://repo.maven.apache.org/maven2/org/apache/maven/maven-plugin-registry/2.0.6/maven-plugin-registry-2.0.6.pom
[INFO] Downloaded: https://repo.maven.apache.org/maven2/org/apache/maven/maven-plugin-registry/2.0.6/maven-plugin-registry-2.0.6.pom (2 KB at 18.1 KB/sec)
[INFO] Downloading: https://repo.maven.apache.org/maven2/org/apache/maven/maven-plugin-descriptor/2.0.6/maven-plugin-descriptor-2.0.6.pom
[INFO] Downloaded: https://repo.maven.apache.org/maven2/org/apache/maven/maven-plugin-descriptor/2.0.6/maven-plugin-descriptor-2.0.6.pom (2 KB at 17.4 KB/sec)
[INFO] Downloading: https://repo.maven.apache.org/maven2/org/apache/maven/maven-monitor/2.0.6/maven-monitor-2.0.6.pom
[INFO] Downloaded: https://repo.maven.apache.org/maven2/org/apache/maven/maven-monitor/2.0.6/maven-monitor-2.0.6.pom (2 KB at 11.9 KB/sec)
[INFO] Downloading: https://repo.maven.apache.org/maven2/org/apache/maven/maven-toolchain/1.0/maven-toolchain-1.0.pom
[INFO] Downloaded: https://repo.maven.apache.org/maven2/org/apache/maven/maven-toolchain/1.0/maven-toolchain-1.0.pom (4 KB at 30.6 KB/sec)
[INFO] Downloading: https://repo.maven.apache.org/maven2/org/apache/maven/reporting/maven-reporting-api/2.0.6/maven-reporting-api-2.0.6.pom
[INFO] Downloaded: https://repo.maven.apache.org/maven2/org/apache/maven/reporting/maven-reporting-api/2.0.6/maven-reporting-api-2.0.6.pom (2 KB at 15.4 KB/sec)
[INFO] Downloading: https://repo.maven.apache.org/maven2/org/apache/maven/reporting/maven-reporting/2.0.6/maven-reporting-2.0.6.pom
[INFO] Downloaded: https://repo.maven.apache.org/maven2/org/apache/maven/reporting/maven-reporting/2.0.6/maven-reporting-2.0.6.pom (2 KB at 12.7 KB/sec)
[INFO] Downloading: https://repo.maven.apache.org/maven2/org/codehaus/plexus/plexus-compiler-api/1.8.1/plexus-compiler-api-1.8.1.pom
[INFO] Downloaded: https://repo.maven.apache.org/maven2/org/codehaus/plexus/plexus-compiler-api/1.8.1/plexus-compiler-api-1.8.1.pom (805 B at 7.2 KB/sec)
[INFO] Downloading: https://repo.maven.apache.org/maven2/org/codehaus/plexus/plexus-compiler/1.8.1/plexus-compiler-1.8.1.pom
[INFO] Downloaded: https://repo.maven.apache.org/maven2/org/codehaus/plexus/plexus-compiler/1.8.1/plexus-compiler-1.8.1.pom (4 KB at 32.6 KB/sec)
[INFO] Downloading: https://repo.maven.apache.org/maven2/org/codehaus/plexus/plexus-compiler-manager/1.8.1/plexus-compiler-manager-1.8.1.pom
[INFO] Downloaded: https://repo.maven.apache.org/maven2/org/codehaus/plexus/plexus-compiler-manager/1.8.1/plexus-compiler-manager-1.8.1.pom (713 B at 6.7 KB/sec)
[INFO] Downloading: https://repo.maven.apache.org/maven2/org/codehaus/plexus/plexus-compiler-javac/1.8.1/plexus-compiler-javac-1.8.1.pom
[INFO] Downloaded: https://repo.maven.apache.org/maven2/org/codehaus/plexus/plexus-compiler-javac/1.8.1/plexus-compiler-javac-1.8.1.pom (710 B at 6.3 KB/sec)
[INFO] Downloading: https://repo.maven.apache.org/maven2/org/codehaus/plexus/plexus-compilers/1.8.1/plexus-compilers-1.8.1.pom
[INFO] Downloaded: https://repo.maven.apache.org/maven2/org/codehaus/plexus/plexus-compilers/1.8.1/plexus-compilers-1.8.1.pom (2 KB at 11.3 KB/sec)
[INFO] Downloading: https://repo.maven.apache.org/maven2/org/codehaus/plexus/plexus-utils/2.0.5/plexus-utils-2.0.5.jar
[INFO] Downloading: https://repo.maven.apache.org/maven2/org/codehaus/plexus/plexus-compiler-javac/1.8.1/plexus-compiler-javac-1.8.1.jar
[INFO] Downloading: https://repo.maven.apache.org/maven2/org/codehaus/plexus/plexus-compiler-manager/1.8.1/plexus-compiler-manager-1.8.1.jar
[INFO] Downloading: https://repo.maven.apache.org/maven2/org/codehaus/plexus/plexus-compiler-api/1.8.1/plexus-compiler-api-1.8.1.jar
[INFO] Downloaded: https://repo.maven.apache.org/maven2/org/codehaus/plexus/plexus-compiler-javac/1.8.1/plexus-compiler-javac-1.8.1.jar (13 KB at 112.2 KB/sec)
[INFO] Downloaded: https://repo.maven.apache.org/maven2/org/codehaus/plexus/plexus-compiler-api/1.8.1/plexus-compiler-api-1.8.1.jar (20 KB at 163.8 KB/sec)
[INFO] Downloaded: https://repo.maven.apache.org/maven2/org/codehaus/plexus/plexus-compiler-manager/1.8.1/plexus-compiler-manager-1.8.1.jar (6 KB at 43.0 KB/sec)
[INFO] Downloaded: https://repo.maven.apache.org/maven2/org/codehaus/plexus/plexus-utils/2.0.5/plexus-utils-2.0.5.jar (218 KB at 1729.7 KB/sec)
[INFO] Compiling 167 source files to /home/travis/build/msgpack/msgpack-java/target/classes
[INFO] 
[INFO] --- maven-resources-plugin:3.0.1:testResources (default-testResources) @ msgpack ---
[INFO] Using 'UTF-8' encoding to copy filtered resources.
[INFO] Copying 3 resources
[INFO] 
[INFO] --- maven-compiler-plugin:2.3.2:testCompile (default-testCompile) @ msgpack ---
[INFO] Compiling 124 source files to /home/travis/build/msgpack/msgpack-java/target/test-classes
[INFO] 
[INFO] --- maven-surefire-plugin:2.8.1:test (default-test) @ msgpack ---
[INFO] Downloading: https://repo.maven.apache.org/maven2/org/apache/maven/surefire/surefire-booter/2.8.1/surefire-booter-2.8.1.pom
[INFO] Downloaded: https://repo.maven.apache.org/maven2/org/apache/maven/surefire/surefire-booter/2.8.1/surefire-booter-2.8.1.pom (3 KB at 18.1 KB/sec)
[INFO] Downloading: https://repo.maven.apache.org/maven2/org/apache/maven/surefire/surefire-api/2.8.1/surefire-api-2.8.1.pom
[INFO] Downloaded: https://repo.maven.apache.org/maven2/org/apache/maven/surefire/surefire-api/2.8.1/surefire-api-2.8.1.pom (3 KB at 22.1 KB/sec)
[INFO] Downloading: https://repo.maven.apache.org/maven2/org/apache/maven/surefire/maven-surefire-common/2.8.1/maven-surefire-common-2.8.1.pom
[INFO] Downloaded: https://repo.maven.apache.org/maven2/org/apache/maven/surefire/maven-surefire-common/2.8.1/maven-surefire-common-2.8.1.pom (4 KB at 36.6 KB/sec)
[INFO] Downloading: https://repo.maven.apache.org/maven2/org/codehaus/plexus/plexus-utils/2.0.7/plexus-utils-2.0.7.pom
[INFO] Downloaded: https://repo.maven.apache.org/maven2/org/codehaus/plexus/plexus-utils/2.0.7/plexus-utils-2.0.7.pom (3 KB at 25.9 KB/sec)
[INFO] Downloading: https://repo.maven.apache.org/maven2/org/apache/maven/maven-toolchain/2.0.9/maven-toolchain-2.0.9.pom
[INFO] Downloaded: https://repo.maven.apache.org/maven2/org/apache/maven/maven-toolchain/2.0.9/maven-toolchain-2.0.9.pom (4 KB at 32.0 KB/sec)
[INFO] Downloading: https://repo.maven.apache.org/maven2/org/apache/maven/shared/maven-common-artifact-filters/1.3/maven-common-artifact-filters-1.3.pom
[INFO] Downloaded: https://repo.maven.apache.org/maven2/org/apache/maven/shared/maven-common-artifact-filters/1.3/maven-common-artifact-filters-1.3.pom (4 KB at 34.1 KB/sec)
[INFO] Downloading: https://repo.maven.apache.org/maven2/org/apache/maven/shared/maven-shared-components/12/maven-shared-components-12.pom
[INFO] Downloaded: https://repo.maven.apache.org/maven2/org/apache/maven/shared/maven-shared-components/12/maven-shared-components-12.pom (10 KB at 89.4 KB/sec)
[INFO] Downloading: https://repo.maven.apache.org/maven2/org/apache/maven/maven-parent/13/maven-parent-13.pom
[INFO] Downloaded: https://repo.maven.apache.org/maven2/org/apache/maven/maven-parent/13/maven-parent-13.pom (23 KB at 197.4 KB/sec)
[INFO] Downloading: https://repo.maven.apache.org/maven2/org/apache/maven/surefire/surefire-booter/2.8.1/surefire-booter-2.8.1.jar
[INFO] Downloading: https://repo.maven.apache.org/maven2/org/apache/maven/surefire/surefire-api/2.8.1/surefire-api-2.8.1.jar
[INFO] Downloading: https://repo.maven.apache.org/maven2/org/apache/maven/surefire/maven-surefire-common/2.8.1/maven-surefire-common-2.8.1.jar
[INFO] Downloading: https://repo.maven.apache.org/maven2/org/apache/maven/shared/maven-common-artifact-filters/1.3/maven-common-artifact-filters-1.3.jar
[INFO] Downloading: https://repo.maven.apache.org/maven2/org/codehaus/plexus/plexus-utils/2.0.7/plexus-utils-2.0.7.jar
[INFO] Downloaded: https://repo.maven.apache.org/maven2/org/apache/maven/surefire/surefire-booter/2.8.1/surefire-booter-2.8.1.jar (34 KB at 250.7 KB/sec)
[INFO] Downloaded: https://repo.maven.apache.org/maven2/org/apache/maven/shared/maven-common-artifact-filters/1.3/maven-common-artifact-filters-1.3.jar (31 KB at 235.1 KB/sec)
[INFO] Downloaded: https://repo.maven.apache.org/maven2/org/apache/maven/surefire/surefire-api/2.8.1/surefire-api-2.8.1.jar (129 KB at 935.6 KB/sec)
[INFO] Downloaded: https://repo.maven.apache.org/maven2/org/apache/maven/surefire/maven-surefire-common/2.8.1/maven-surefire-common-2.8.1.jar (60 KB at 433.5 KB/sec)
[INFO] Downloaded: https://repo.maven.apache.org/maven2/org/codehaus/plexus/plexus-utils/2.0.7/plexus-utils-2.0.7.jar (219 KB at 1562.1 KB/sec)
[INFO] Tests are skipped.
[INFO] 
[INFO] --- maven-bundle-plugin:2.3.6:bundle (default-bundle) @ msgpack ---
[INFO] 
[INFO] >>> maven-source-plugin:2.1.2:jar (attach-sources) > generate-sources @ msgpack >>>
[INFO] 
[INFO] --- maven-enforcer-plugin:1.0:enforce (enforce-maven) @ msgpack ---
[INFO] 
[INFO] <<< maven-source-plugin:2.1.2:jar (attach-sources) < generate-sources @ msgpack <<<
[INFO] 
[INFO] --- maven-source-plugin:2.1.2:jar (attach-sources) @ msgpack ---
[INFO] Downloading: https://repo.maven.apache.org/maven2/org/codehaus/plexus/plexus-utils/1.5.1/plexus-utils-1.5.1.pom
[INFO] Downloaded: https://repo.maven.apache.org/maven2/org/codehaus/plexus/plexus-utils/1.5.1/plexus-utils-1.5.1.pom (3 KB at 20.6 KB/sec)
[INFO] Building jar: /home/travis/build/msgpack/msgpack-java/target/msgpack-0.6.8-SNAPSHOT-sources.jar
[INFO] 
[INFO] --- maven-install-plugin:2.5.2:install (default-install) @ msgpack ---
[INFO] Downloading: https://repo.maven.apache.org/maven2/org/apache/maven/maven-plugin-api/2.2.1/maven-plugin-api-2.2.1.pom
[INFO] Downloaded: https://repo.maven.apache.org/maven2/org/apache/maven/maven-plugin-api/2.2.1/maven-plugin-api-2.2.1.pom (2 KB at 14.1 KB/sec)
[INFO] Downloading: https://repo.maven.apache.org/maven2/org/apache/maven/maven/2.2.1/maven-2.2.1.pom
[INFO] Downloaded: https://repo.maven.apache.org/maven2/org/apache/maven/maven/2.2.1/maven-2.2.1.pom (22 KB at 210.4 KB/sec)
[INFO] Downloading: https://repo.maven.apache.org/maven2/org/apache/maven/maven-project/2.2.1/maven-project-2.2.1.pom
[INFO] Downloaded: https://repo.maven.apache.org/maven2/org/apache/maven/maven-project/2.2.1/maven-project-2.2.1.pom (3 KB at 26.8 KB/sec)
[INFO] Downloading: https://repo.maven.apache.org/maven2/org/apache/maven/maven-settings/2.2.1/maven-settings-2.2.1.pom
[INFO] Downloaded: https://repo.maven.apache.org/maven2/org/apache/maven/maven-settings/2.2.1/maven-settings-2.2.1.pom (3 KB at 20.9 KB/sec)
[INFO] Downloading: https://repo.maven.apache.org/maven2/org/apache/maven/maven-model/2.2.1/maven-model-2.2.1.pom
[INFO] Downloaded: https://repo.maven.apache.org/maven2/org/apache/maven/maven-model/2.2.1/maven-model-2.2.1.pom (4 KB at 30.1 KB/sec)
[INFO] Downloading: https://repo.maven.apache.org/maven2/org/codehaus/plexus/plexus-utils/1.5.15/plexus-utils-1.5.15.pom
[INFO] Downloaded: https://repo.maven.apache.org/maven2/org/codehaus/plexus/plexus-utils/1.5.15/plexus-utils-1.5.15.pom (7 KB at 65.6 KB/sec)
[INFO] Downloading: https://repo.maven.apache.org/maven2/org/codehaus/plexus/plexus-interpolation/1.11/plexus-interpolation-1.11.pom
[INFO] Downloaded: https://repo.maven.apache.org/maven2/org/codehaus/plexus/plexus-interpolation/1.11/plexus-interpolation-1.11.pom (889 B at 8.3 KB/sec)
[INFO] Downloading: https://repo.maven.apache.org/maven2/org/codehaus/plexus/plexus-components/1.1.14/plexus-components-1.1.14.pom
[INFO] Downloaded: https://repo.maven.apache.org/maven2/org/codehaus/plexus/plexus-components/1.1.14/plexus-components-1.1.14.pom (6 KB at 55.9 KB/sec)
[INFO] Downloading: https://repo.maven.apache.org/maven2/org/apache/maven/maven-profile/2.2.1/maven-profile-2.2.1.pom
[INFO] Downloaded: https://repo.maven.apache.org/maven2/org/apache/maven/maven-profile/2.2.1/maven-profile-2.2.1.pom (3 KB at 20.2 KB/sec)
[INFO] Downloading: https://repo.maven.apache.org/maven2/org/apache/maven/maven-artifact-manager/2.2.1/maven-artifact-manager-2.2.1.pom
[INFO] Downloaded: https://repo.maven.apache.org/maven2/org/apache/maven/maven-artifact-manager/2.2.1/maven-artifact-manager-2.2.1.pom (4 KB at 27.8 KB/sec)
[INFO] Downloading: https://repo.maven.apache.org/maven2/org/apache/maven/maven-repository-metadata/2.2.1/maven-repository-metadata-2.2.1.pom
[INFO] Downloaded: https://repo.maven.apache.org/maven2/org/apache/maven/maven-repository-metadata/2.2.1/maven-repository-metadata-2.2.1.pom (2 KB at 16.8 KB/sec)
[INFO] Downloading: https://repo.maven.apache.org/maven2/org/apache/maven/maven-artifact/2.2.1/maven-artifact-2.2.1.pom
[INFO] Downloaded: https://repo.maven.apache.org/maven2/org/apache/maven/maven-artifact/2.2.1/maven-artifact-2.2.1.pom (2 KB at 14.3 KB/sec)
[INFO] Downloading: https://repo.maven.apache.org/maven2/backport-util-concurrent/backport-util-concurrent/3.1/backport-util-concurrent-3.1.pom
[INFO] Downloaded: https://repo.maven.apache.org/maven2/backport-util-concurrent/backport-util-concurrent/3.1/backport-util-concurrent-3.1.pom (880 B at 8.3 KB/sec)
[INFO] Downloading: https://repo.maven.apache.org/maven2/org/apache/maven/maven-plugin-registry/2.2.1/maven-plugin-registry-2.2.1.pom
[INFO] Downloaded: https://repo.maven.apache.org/maven2/org/apache/maven/maven-plugin-registry/2.2.1/maven-plugin-registry-2.2.1.pom (2 KB at 17.4 KB/sec)
[INFO] Downloading: https://repo.maven.apache.org/maven2/commons-codec/commons-codec/1.6/commons-codec-1.6.pom
[INFO] Downloaded: https://repo.maven.apache.org/maven2/commons-codec/commons-codec/1.6/commons-codec-1.6.pom (11 KB at 104.8 KB/sec)
[INFO] Downloading: https://repo.maven.apache.org/maven2/org/apache/commons/commons-parent/22/commons-parent-22.pom
[INFO] Downloaded: https://repo.maven.apache.org/maven2/org/apache/commons/commons-parent/22/commons-parent-22.pom (41 KB at 359.1 KB/sec)
[INFO] Downloading: https://repo.maven.apache.org/maven2/org/apache/maven/shared/maven-shared-utils/0.4/maven-shared-utils-0.4.pom
[INFO] Downloaded: https://repo.maven.apache.org/maven2/org/apache/maven/shared/maven-shared-utils/0.4/maven-shared-utils-0.4.pom (4 KB at 31.9 KB/sec)
[INFO] Downloading: https://repo.maven.apache.org/maven2/org/apache/maven/shared/maven-shared-components/19/maven-shared-components-19.pom
[INFO] Downloaded: https://repo.maven.apache.org/maven2/org/apache/maven/shared/maven-shared-components/19/maven-shared-components-19.pom (7 KB at 58.6 KB/sec)
[INFO] Downloading: https://repo.maven.apache.org/maven2/org/apache/maven/maven-parent/23/maven-parent-23.pom
[INFO] Downloaded: https://repo.maven.apache.org/maven2/org/apache/maven/maven-parent/23/maven-parent-23.pom (32 KB at 289.3 KB/sec)
[INFO] Downloading: https://repo.maven.apache.org/maven2/org/apache/apache/13/apache-13.pom
[INFO] Downloaded: https://repo.maven.apache.org/maven2/org/apache/apache/13/apache-13.pom (14 KB at 130.0 KB/sec)
[INFO] Downloading: https://repo.maven.apache.org/maven2/org/codehaus/plexus/plexus-utils/3.0.15/plexus-utils-3.0.15.pom
[INFO] Downloaded: https://repo.maven.apache.org/maven2/org/codehaus/plexus/plexus-utils/3.0.15/plexus-utils-3.0.15.pom (4 KB at 29.3 KB/sec)
[INFO] Downloading: https://repo.maven.apache.org/maven2/org/codehaus/plexus/plexus-interpolation/1.11/plexus-interpolation-1.11.jar
[INFO] Downloading: https://repo.maven.apache.org/maven2/backport-util-concurrent/backport-util-concurrent/3.1/backport-util-concurrent-3.1.jar
[INFO] Downloading: https://repo.maven.apache.org/maven2/commons-codec/commons-codec/1.6/commons-codec-1.6.jar
[INFO] Downloading: https://repo.maven.apache.org/maven2/org/apache/maven/shared/maven-shared-utils/0.4/maven-shared-utils-0.4.jar
[INFO] Downloading: https://repo.maven.apache.org/maven2/org/codehaus/plexus/plexus-utils/3.0.15/plexus-utils-3.0.15.jar
[INFO] Downloaded: https://repo.maven.apache.org/maven2/org/codehaus/plexus/plexus-interpolation/1.11/plexus-interpolation-1.11.jar (50 KB at 401.1 KB/sec)
[INFO] Downloaded: https://repo.maven.apache.org/maven2/org/codehaus/plexus/plexus-utils/3.0.15/plexus-utils-3.0.15.jar (234 KB at 1643.3 KB/sec)
[INFO] Downloaded: https://repo.maven.apache.org/maven2/backport-util-concurrent/backport-util-concurrent/3.1/backport-util-concurrent-3.1.jar (324 KB at 2145.3 KB/sec)
[INFO] Downloaded: https://repo.maven.apache.org/maven2/commons-codec/commons-codec/1.6/commons-codec-1.6.jar (228 KB at 1447.9 KB/sec)
[INFO] Downloaded: https://repo.maven.apache.org/maven2/org/apache/maven/shared/maven-shared-utils/0.4/maven-shared-utils-0.4.jar (152 KB at 954.8 KB/sec)
[INFO] Installing /home/travis/build/msgpack/msgpack-java/target/msgpack-0.6.8-SNAPSHOT.jar to /home/travis/.m2/repository/org/msgpack/msgpack/0.6.8-SNAPSHOT/msgpack-0.6.8-SNAPSHOT.jar
[INFO] Installing /home/travis/build/msgpack/msgpack-java/pom.xml to /home/travis/.m2/repository/org/msgpack/msgpack/0.6.8-SNAPSHOT/msgpack-0.6.8-SNAPSHOT.pom
[INFO] Installing /home/travis/build/msgpack/msgpack-java/target/msgpack-0.6.8-SNAPSHOT-sources.jar to /home/travis/.m2/repository/org/msgpack/msgpack/0.6.8-SNAPSHOT/msgpack-0.6.8-SNAPSHOT-sources.jar
[INFO] 
[INFO] --- maven-bundle-plugin:2.3.6:install (default-install) @ msgpack ---
[INFO] Writing OBR metadata
[INFO] Installing org/msgpack/msgpack/0.6.8-SNAPSHOT/msgpack-0.6.8-SNAPSHOT.jar
[INFO] Writing OBR metadata
[INFO] ------------------------------------------------------------------------
[INFO] BUILD SUCCESS
[INFO] ------------------------------------------------------------------------
[INFO] Total time: 57.641 s
[INFO] Finished at: 2016-11-16T21:26:12+00:00
[INFO] Final Memory: 23M/195M
[INFO] ------------------------------------------------------------------------

travis_time:end:063b7048:start=1479331504712586002,finish=1479331573097259901,duration=68384673899[0Ktravis_fold:end:install[0Ktravis_time:start:2722652d[0K$ mvn test -B
[INFO] Scanning for projects...
[WARNING] 
[WARNING] Some problems were encountered while building the effective model for org.msgpack:msgpack:bundle:0.6.8-SNAPSHOT
[WARNING] 'build.plugins.plugin.version' for org.codehaus.mojo:findbugs-maven-plugin is missing. @ line 166, column 15
[WARNING] 
[WARNING] It is highly recommended to fix these problems because they threaten the stability of your build.
[WARNING] 
[WARNING] For this reason, future Maven versions might no longer support building such malformed projects.
[WARNING] 
[INFO]                                                                         
[INFO] ------------------------------------------------------------------------
[INFO] Building MessagePack for Java 0.6.8-SNAPSHOT
[INFO] ------------------------------------------------------------------------
[INFO] 
[INFO] --- maven-enforcer-plugin:1.0:enforce (enforce-maven) @ msgpack ---
[INFO] 
[INFO] --- maven-resources-plugin:3.0.1:resources (default-resources) @ msgpack ---
[INFO] Using 'UTF-8' encoding to copy filtered resources.
[INFO] skip non existing resourceDirectory /home/travis/build/msgpack/msgpack-java/src/main/resources
[INFO] 
[INFO] --- maven-compiler-plugin:2.3.2:compile (default-compile) @ msgpack ---
[INFO] Nothing to compile - all classes are up to date
[INFO] 
[INFO] --- maven-resources-plugin:3.0.1:testResources (default-testResources) @ msgpack ---
[INFO] Using 'UTF-8' encoding to copy filtered resources.
[INFO] Copying 3 resources
[INFO] 
[INFO] --- maven-compiler-plugin:2.3.2:testCompile (default-testCompile) @ msgpack ---
[INFO] Nothing to compile - all classes are up to date
[INFO] 
[INFO] --- maven-surefire-plugin:2.8.1:test (default-test) @ msgpack ---
[INFO] Surefire report directory: /home/travis/build/msgpack/msgpack-java/target/surefire-reports
[INFO] Downloading: https://repo.maven.apache.org/maven2/org/apache/maven/surefire/surefire-junit4/2.8.1/surefire-junit4-2.8.1.pom
[INFO] Downloaded: https://repo.maven.apache.org/maven2/org/apache/maven/surefire/surefire-junit4/2.8.1/surefire-junit4-2.8.1.pom (3 KB at 5.4 KB/sec)
[INFO] Downloading: https://repo.maven.apache.org/maven2/org/apache/maven/surefire/surefire-providers/2.8.1/surefire-providers-2.8.1.pom
[INFO] Downloaded: https://repo.maven.apache.org/maven2/org/apache/maven/surefire/surefire-providers/2.8.1/surefire-providers-2.8.1.pom (3 KB at 18.0 KB/sec)
[INFO] Downloading: https://repo.maven.apache.org/maven2/org/apache/maven/surefire/surefire-junit4/2.8.1/surefire-junit4-2.8.1.jar
[INFO] Downloaded: https://repo.maven.apache.org/maven2/org/apache/maven/surefire/surefire-junit4/2.8.1/surefire-junit4-2.8.1.jar (33 KB at 205.6 KB/sec)

-------------------------------------------------------
 T E S T S
-------------------------------------------------------
Running org.msgpack.TestThreadSafety
Tests run: 1, Failures: 0, Errors: 0, Skipped: 0, Time elapsed: 1.265 sec
Running org.msgpack.annotation.TestOptionalReflectionPackBufferUnpack
Tests run: 4, Failures: 0, Errors: 0, Skipped: 0, Time elapsed: 0.046 sec
Running org.msgpack.annotation.TestOptionalReflectionPackUnpack
Tests run: 4, Failures: 0, Errors: 0, Skipped: 0, Time elapsed: 0.016 sec
Running org.msgpack.annotation.TestOptionalJavassistBufferPackBufferUnpack
Tests run: 4, Failures: 0, Errors: 0, Skipped: 0, Time elapsed: 0.204 sec
Running org.msgpack.annotation.TestOptionalPackBufferUnpack
Tests run: 4, Failures: 0, Errors: 0, Skipped: 0, Time elapsed: 0.072 sec
Running org.msgpack.annotation.TestOptionalJavassistBufferPackUnpack
Tests run: 4, Failures: 0, Errors: 0, Skipped: 0, Time elapsed: 0.088 sec
Running org.msgpack.annotation.TestOptionalReflectionBufferPackBufferUnpack
Tests run: 4, Failures: 0, Errors: 0, Skipped: 0, Time elapsed: 0.005 sec
Running org.msgpack.annotation.TestOptionalBufferPackUnpack
Tests run: 4, Failures: 0, Errors: 0, Skipped: 0, Time elapsed: 0.057 sec
Running org.msgpack.annotation.TestOptionalPackUnpack
Tests run: 4, Failures: 0, Errors: 0, Skipped: 0, Time elapsed: 0.053 sec
Running org.msgpack.annotation.TestOptionalBufferPackBufferUnpack
Tests run: 4, Failures: 0, Errors: 0, Skipped: 0, Time elapsed: 0.051 sec
Running org.msgpack.annotation.TestOptionalReflectionBufferPackUnpack
Tests run: 4, Failures: 0, Errors: 0, Skipped: 0, Time elapsed: 0.005 sec
Running org.msgpack.annotation.TestOptionalJavassistPackUnpack
Tests run: 4, Failures: 0, Errors: 0, Skipped: 0, Time elapsed: 0.053 sec
Running org.msgpack.annotation.TestOptionalJavassistPackBufferUnpack
Tests run: 4, Failures: 0, Errors: 0, Skipped: 0, Time elapsed: 0.067 sec
Running org.msgpack.TestNestedList
Tests run: 2, Failures: 0, Errors: 0, Skipped: 0, Time elapsed: 0.031 sec
Running org.msgpack.TestSimplePackable
Tests run: 2, Failures: 0, Errors: 0, Skipped: 0, Time elapsed: 0.004 sec
Running org.msgpack.TestPackBufferUnpack
Tests run: 13, Failures: 0, Errors: 0, Skipped: 0, Time elapsed: 0.738 sec
Running org.msgpack.TestSimpleConvertUnconvert
Tests run: 1, Failures: 0, Errors: 0, Skipped: 0, Time elapsed: 0.001 sec
Running org.msgpack.TestCrossLang
Tests run: 2, Failures: 0, Errors: 0, Skipped: 0, Time elapsed: 0.004 sec
Running org.msgpack.unpacker.TestMalformedEncoding
Tests run: 7, Failures: 0, Errors: 0, Skipped: 0, Time elapsed: 0.006 sec
Running org.msgpack.unpacker.TestReadTemplate
Tests run: 1, Failures: 0, Errors: 0, Skipped: 0, Time elapsed: 0.002 sec
Running org.msgpack.unpacker.TestUnpackerIterator
Tests run: 1, Failures: 0, Errors: 0, Skipped: 0, Time elapsed: 0.001 sec
Running org.msgpack.unpacker.TestSizeLimit
Tests run: 3, Failures: 0, Errors: 0, Skipped: 0, Time elapsed: 0.435 sec
Running org.msgpack.unpacker.TestBufferUnpacker
Tests run: 3, Failures: 0, Errors: 0, Skipped: 0, Time elapsed: 1.798 sec
Running org.msgpack.unpacker.TestUnpackerSkip
Tests run: 2, Failures: 0, Errors: 0, Skipped: 0, Time elapsed: 0.001 sec
Running org.msgpack.TestBufferPackConvert
Tests run: 13, Failures: 0, Errors: 0, Skipped: 0, Time elapsed: 0.74 sec
Running org.msgpack.io.TestLinkedBufferOutput
Tests run: 4, Failures: 0, Errors: 0, Skipped: 0, Time elapsed: 0.002 sec
Running org.msgpack.io.TestLinkedBufferInput
Tests run: 15, Failures: 0, Errors: 0, Skipped: 0, Time elapsed: 0.008 sec
Running org.msgpack.util.json.TestValueToStringJSONUnpack
Tests run: 13, Failures: 0, Errors: 0, Skipped: 2, Time elapsed: 0.747 sec
Running org.msgpack.util.json.TestJSONBufferPackUnpack
Tests run: 13, Failures: 0, Errors: 0, Skipped: 2, Time elapsed: 0.397 sec
Running org.msgpack.util.json.TestSimpleJSONPackUnpack
Tests run: 1, Failures: 0, Errors: 0, Skipped: 0, Time elapsed: 0.002 sec
Running org.msgpack.util.json.TestJSONPackBufferUnpack
Tests run: 13, Failures: 0, Errors: 0, Skipped: 2, Time elapsed: 0.44 sec
Running org.msgpack.util.json.TestJSONBufferPackBufferUnpack
Tests run: 13, Failures: 0, Errors: 0, Skipped: 2, Time elapsed: 0.403 sec
Running org.msgpack.util.json.TestJSONPackUnpack
Tests run: 13, Failures: 0, Errors: 0, Skipped: 2, Time elapsed: 0.339 sec
Running org.msgpack.util.TestTemplatePreCompilerBufferPackBufferUnpack
Nov 16, 2016 9:26:26 PM org.msgpack.util.TemplatePrecompiler saveTemplateClass
INFO: Saving template of org.msgpack.testclasses.InheritanceClass...
Nov 16, 2016 9:26:26 PM org.msgpack.util.TemplatePrecompiler saveTemplateClass
INFO: Saved .class file of template class of org.msgpack.testclasses.InheritanceClass
Nov 16, 2016 9:26:26 PM org.msgpack.util.TemplatePrecompiler deleteTemplateClass
INFO: Deleting template of org.msgpack.testclasses.InheritanceClass...
Nov 16, 2016 9:26:26 PM org.msgpack.util.TemplatePrecompiler deleteTemplateClass
INFO: Deleted .class file of template class of org.msgpack.testclasses.InheritanceClass
Nov 16, 2016 9:26:26 PM org.msgpack.util.TemplatePrecompiler saveTemplateClass
INFO: Saving template of org.msgpack.testclasses.InheritanceClass...
Nov 16, 2016 9:26:26 PM org.msgpack.util.TemplatePrecompiler saveTemplateClass
INFO: Saved .class file of template class of org.msgpack.testclasses.InheritanceClass
Nov 16, 2016 9:26:26 PM org.msgpack.util.TemplatePrecompiler deleteTemplateClass
INFO: Deleting template of org.msgpack.testclasses.InheritanceClass...
Nov 16, 2016 9:26:26 PM org.msgpack.util.TemplatePrecompiler deleteTemplateClass
INFO: Deleted .class file of template class of org.msgpack.testclasses.InheritanceClass
Nov 16, 2016 9:26:26 PM org.msgpack.util.TemplatePrecompiler saveTemplateClass
INFO: Saving template of org.msgpack.testclasses.InheritanceClass...
Nov 16, 2016 9:26:26 PM org.msgpack.util.TemplatePrecompiler saveTemplateClass
INFO: Saved .class file of template class of org.msgpack.testclasses.InheritanceClass
Nov 16, 2016 9:26:26 PM org.msgpack.util.TemplatePrecompiler deleteTemplateClass
INFO: Deleting template of org.msgpack.testclasses.InheritanceClass...
Nov 16, 2016 9:26:26 PM org.msgpack.util.TemplatePrecompiler deleteTemplateClass
INFO: Deleted .class file of template class of org.msgpack.testclasses.InheritanceClass
Nov 16, 2016 9:26:26 PM org.msgpack.util.TemplatePrecompiler saveTemplateClass
INFO: Saving template of org.msgpack.testclasses.InheritanceClassNotNullable...
Nov 16, 2016 9:26:26 PM org.msgpack.util.TemplatePrecompiler saveTemplateClass
INFO: Saved .class file of template class of org.msgpack.testclasses.InheritanceClassNotNullable
Nov 16, 2016 9:26:26 PM org.msgpack.util.TemplatePrecompiler deleteTemplateClass
INFO: Deleting template of org.msgpack.testclasses.InheritanceClassNotNullable...
Nov 16, 2016 9:26:26 PM org.msgpack.util.TemplatePrecompiler deleteTemplateClass
INFO: Deleted .class file of template class of org.msgpack.testclasses.InheritanceClassNotNullable
Nov 16, 2016 9:26:26 PM org.msgpack.util.TemplatePrecompiler saveTemplateClass
INFO: Saving template of org.msgpack.testclasses.InheritanceClassNotNullable...
Nov 16, 2016 9:26:26 PM org.msgpack.util.TemplatePrecompiler saveTemplateClass
INFO: Saved .class file of template class of org.msgpack.testclasses.InheritanceClassNotNullable
Nov 16, 2016 9:26:26 PM org.msgpack.util.TemplatePrecompiler deleteTemplateClass
INFO: Deleting template of org.msgpack.testclasses.InheritanceClassNotNullable...
Nov 16, 2016 9:26:26 PM org.msgpack.util.TemplatePrecompiler deleteTemplateClass
INFO: Deleted .class file of template class of org.msgpack.testclasses.InheritanceClassNotNullable
Nov 16, 2016 9:26:26 PM org.msgpack.util.TemplatePrecompiler saveTemplateClass
INFO: Saving template of org.msgpack.testclasses.InheritanceClassNotNullable...
Nov 16, 2016 9:26:26 PM org.msgpack.util.TemplatePrecompiler saveTemplateClass
INFO: Saved .class file of template class of org.msgpack.testclasses.InheritanceClassNotNullable
Nov 16, 2016 9:26:26 PM org.msgpack.util.TemplatePrecompiler deleteTemplateClass
INFO: Deleting template of org.msgpack.testclasses.InheritanceClassNotNullable...
Nov 16, 2016 9:26:26 PM org.msgpack.util.TemplatePrecompiler deleteTemplateClass
INFO: Deleted .class file of template class of org.msgpack.testclasses.InheritanceClassNotNullable
Nov 16, 2016 9:26:26 PM org.msgpack.util.TemplatePrecompiler saveTemplateClass
INFO: Saving template of org.msgpack.testclasses.MessagePackableTypeFieldsClass...
Nov 16, 2016 9:26:26 PM org.msgpack.util.TemplatePrecompiler saveTemplateClass
INFO: Saved .class file of template class of org.msgpack.testclasses.MessagePackableTypeFieldsClass
Nov 16, 2016 9:26:26 PM org.msgpack.util.TemplatePrecompiler deleteTemplateClass
INFO: Deleting template of org.msgpack.testclasses.MessagePackableTypeFieldsClass...
Nov 16, 2016 9:26:26 PM org.msgpack.util.TemplatePrecompiler deleteTemplateClass
INFO: Deleted .class file of template class of org.msgpack.testclasses.MessagePackableTypeFieldsClass
Nov 16, 2016 9:26:26 PM org.msgpack.util.TemplatePrecompiler saveTemplateClass
INFO: Saving template of org.msgpack.testclasses.MessagePackableTypeFieldsClass...
Nov 16, 2016 9:26:26 PM org.msgpack.util.TemplatePrecompiler saveTemplateClass
INFO: Saved .class file of template class of org.msgpack.testclasses.MessagePackableTypeFieldsClass
Nov 16, 2016 9:26:26 PM org.msgpack.util.TemplatePrecompiler deleteTemplateClass
INFO: Deleting template of org.msgpack.testclasses.MessagePackableTypeFieldsClass...
Nov 16, 2016 9:26:26 PM org.msgpack.util.TemplatePrecompiler deleteTemplateClass
INFO: Deleted .class file of template class of org.msgpack.testclasses.MessagePackableTypeFieldsClass
Nov 16, 2016 9:26:26 PM org.msgpack.util.TemplatePrecompiler saveTemplateClass
INFO: Saving template of org.msgpack.testclasses.MessagePackableTypeFieldsClass...
Nov 16, 2016 9:26:26 PM org.msgpack.util.TemplatePrecompiler saveTemplateClass
INFO: Saved .class file of template class of org.msgpack.testclasses.MessagePackableTypeFieldsClass
Nov 16, 2016 9:26:26 PM org.msgpack.util.TemplatePrecompiler deleteTemplateClass
INFO: Deleting template of org.msgpack.testclasses.MessagePackableTypeFieldsClass...
Nov 16, 2016 9:26:26 PM org.msgpack.util.TemplatePrecompiler deleteTemplateClass
INFO: Deleted .class file of template class of org.msgpack.testclasses.MessagePackableTypeFieldsClass
Nov 16, 2016 9:26:26 PM org.msgpack.util.TemplatePrecompiler saveTemplateClass
INFO: Saving template of org.msgpack.testclasses.MessagePackableTypeFieldsClassNotNullable...
Nov 16, 2016 9:26:26 PM org.msgpack.util.TemplatePrecompiler saveTemplateClass
INFO: Saved .class file of template class of org.msgpack.testclasses.MessagePackableTypeFieldsClassNotNullable
Nov 16, 2016 9:26:26 PM org.msgpack.util.TemplatePrecompiler deleteTemplateClass
INFO: Deleting template of org.msgpack.testclasses.MessagePackableTypeFieldsClassNotNullable...
Nov 16, 2016 9:26:26 PM org.msgpack.util.TemplatePrecompiler deleteTemplateClass
INFO: Deleted .class file of template class of org.msgpack.testclasses.MessagePackableTypeFieldsClassNotNullable
Nov 16, 2016 9:26:26 PM org.msgpack.util.TemplatePrecompiler saveTemplateClass
INFO: Saving template of org.msgpack.testclasses.MessagePackableTypeFieldsClassNotNullable...
Nov 16, 2016 9:26:26 PM org.msgpack.util.TemplatePrecompiler saveTemplateClass
INFO: Saved .class file of template class of org.msgpack.testclasses.MessagePackableTypeFieldsClassNotNullable
Nov 16, 2016 9:26:26 PM org.msgpack.util.TemplatePrecompiler deleteTemplateClass
INFO: Deleting template of org.msgpack.testclasses.MessagePackableTypeFieldsClassNotNullable...
Nov 16, 2016 9:26:26 PM org.msgpack.util.TemplatePrecompiler deleteTemplateClass
INFO: Deleted .class file of template class of org.msgpack.testclasses.MessagePackableTypeFieldsClassNotNullable
Nov 16, 2016 9:26:26 PM org.msgpack.util.TemplatePrecompiler saveTemplateClass
INFO: Saving template of org.msgpack.testclasses.MessagePackableTypeFieldsClassNotNullable...
Nov 16, 2016 9:26:26 PM org.msgpack.util.TemplatePrecompiler saveTemplateClass
INFO: Saved .class file of template class of org.msgpack.testclasses.MessagePackableTypeFieldsClassNotNullable
Nov 16, 2016 9:26:26 PM org.msgpack.util.TemplatePrecompiler deleteTemplateClass
INFO: Deleting template of org.msgpack.testclasses.MessagePackableTypeFieldsClassNotNullable...
Nov 16, 2016 9:26:26 PM org.msgpack.util.TemplatePrecompiler deleteTemplateClass
INFO: Deleted .class file of template class of org.msgpack.testclasses.MessagePackableTypeFieldsClassNotNullable
Nov 16, 2016 9:26:26 PM org.msgpack.util.TemplatePrecompiler saveTemplateClass
INFO: Saving template of org.msgpack.testclasses.PrimitiveTypeFieldsClassNotNullable...
Nov 16, 2016 9:26:26 PM org.msgpack.util.TemplatePrecompiler saveTemplateClass
INFO: Saved .class file of template class of org.msgpack.testclasses.PrimitiveTypeFieldsClassNotNullable
Nov 16, 2016 9:26:26 PM org.msgpack.util.TemplatePrecompiler deleteTemplateClass
INFO: Deleting template of org.msgpack.testclasses.PrimitiveTypeFieldsClassNotNullable...
Nov 16, 2016 9:26:26 PM org.msgpack.util.TemplatePrecompiler deleteTemplateClass
INFO: Deleted .class file of template class of org.msgpack.testclasses.PrimitiveTypeFieldsClassNotNullable
Nov 16, 2016 9:26:26 PM org.msgpack.util.TemplatePrecompiler saveTemplateClass
INFO: Saving template of org.msgpack.testclasses.PrimitiveTypeFieldsClassNotNullable...
Nov 16, 2016 9:26:26 PM org.msgpack.util.TemplatePrecompiler saveTemplateClass
INFO: Saved .class file of template class of org.msgpack.testclasses.PrimitiveTypeFieldsClassNotNullable
Nov 16, 2016 9:26:26 PM org.msgpack.util.TemplatePrecompiler deleteTemplateClass
INFO: Deleting template of org.msgpack.testclasses.PrimitiveTypeFieldsClassNotNullable...
Nov 16, 2016 9:26:26 PM org.msgpack.util.TemplatePrecompiler deleteTemplateClass
INFO: Deleted .class file of template class of org.msgpack.testclasses.PrimitiveTypeFieldsClassNotNullable
Nov 16, 2016 9:26:26 PM org.msgpack.util.TemplatePrecompiler saveTemplateClass
INFO: Saving template of org.msgpack.testclasses.PrimitiveTypeFieldsClassNotNullable...
Nov 16, 2016 9:26:26 PM org.msgpack.util.TemplatePrecompiler saveTemplateClass
INFO: Saved .class file of template class of org.msgpack.testclasses.PrimitiveTypeFieldsClassNotNullable
Nov 16, 2016 9:26:26 PM org.msgpack.util.TemplatePrecompiler deleteTemplateClass
INFO: Deleting template of org.msgpack.testclasses.PrimitiveTypeFieldsClassNotNullable...
Nov 16, 2016 9:26:26 PM org.msgpack.util.TemplatePrecompiler deleteTemplateClass
INFO: Deleted .class file of template class of org.msgpack.testclasses.PrimitiveTypeFieldsClassNotNullable
Nov 16, 2016 9:26:26 PM org.msgpack.util.TemplatePrecompiler saveTemplateClass
INFO: Saving template of org.msgpack.testclasses.PrimitiveTypeFieldsClass...
Nov 16, 2016 9:26:26 PM org.msgpack.util.TemplatePrecompiler saveTemplateClass
INFO: Saved .class file of template class of org.msgpack.testclasses.PrimitiveTypeFieldsClass
Nov 16, 2016 9:26:26 PM org.msgpack.util.TemplatePrecompiler deleteTemplateClass
INFO: Deleting template of org.msgpack.testclasses.PrimitiveTypeFieldsClass...
Nov 16, 2016 9:26:26 PM org.msgpack.util.TemplatePrecompiler deleteTemplateClass
INFO: Deleted .class file of template class of org.msgpack.testclasses.PrimitiveTypeFieldsClass
Nov 16, 2016 9:26:26 PM org.msgpack.util.TemplatePrecompiler saveTemplateClass
INFO: Saving template of org.msgpack.testclasses.PrimitiveTypeFieldsClass...
Nov 16, 2016 9:26:26 PM org.msgpack.util.TemplatePrecompiler saveTemplateClass
INFO: Saved .class file of template class of org.msgpack.testclasses.PrimitiveTypeFieldsClass
Nov 16, 2016 9:26:26 PM org.msgpack.util.TemplatePrecompiler deleteTemplateClass
INFO: Deleting template of org.msgpack.testclasses.PrimitiveTypeFieldsClass...
Nov 16, 2016 9:26:26 PM org.msgpack.util.TemplatePrecompiler deleteTemplateClass
INFO: Deleted .class file of template class of org.msgpack.testclasses.PrimitiveTypeFieldsClass
Nov 16, 2016 9:26:26 PM org.msgpack.util.TemplatePrecompiler saveTemplateClass
INFO: Saving template of org.msgpack.testclasses.PrimitiveTypeFieldsClass...
Nov 16, 2016 9:26:26 PM org.msgpack.util.TemplatePrecompiler saveTemplateClass
INFO: Saved .class file of template class of org.msgpack.testclasses.PrimitiveTypeFieldsClass
Nov 16, 2016 9:26:26 PM org.msgpack.util.TemplatePrecompiler deleteTemplateClass
INFO: Deleting template of org.msgpack.testclasses.PrimitiveTypeFieldsClass...
Nov 16, 2016 9:26:26 PM org.msgpack.util.TemplatePrecompiler deleteTemplateClass
INFO: Deleted .class file of template class of org.msgpack.testclasses.PrimitiveTypeFieldsClass
Nov 16, 2016 9:26:26 PM org.msgpack.util.TemplatePrecompiler saveTemplateClass
INFO: Saving template of org.msgpack.testclasses.ReferenceTypeFieldsClass...
Nov 16, 2016 9:26:26 PM org.msgpack.util.TemplatePrecompiler saveTemplateClass
INFO: Saved .class file of template class of org.msgpack.testclasses.ReferenceTypeFieldsClass
Nov 16, 2016 9:26:26 PM org.msgpack.util.TemplatePrecompiler deleteTemplateClass
INFO: Deleting template of org.msgpack.testclasses.ReferenceTypeFieldsClass...
Nov 16, 2016 9:26:26 PM org.msgpack.util.TemplatePrecompiler deleteTemplateClass
INFO: Deleted .class file of template class of org.msgpack.testclasses.ReferenceTypeFieldsClass
Nov 16, 2016 9:26:26 PM org.msgpack.util.TemplatePrecompiler saveTemplateClass
INFO: Saving template of org.msgpack.testclasses.ReferenceTypeFieldsClass...
Nov 16, 2016 9:26:26 PM org.msgpack.util.TemplatePrecompiler saveTemplateClass
INFO: Saved .class file of template class of org.msgpack.testclasses.ReferenceTypeFieldsClass
Nov 16, 2016 9:26:26 PM org.msgpack.util.TemplatePrecompiler deleteTemplateClass
INFO: Deleting template of org.msgpack.testclasses.ReferenceTypeFieldsClass...
Nov 16, 2016 9:26:26 PM org.msgpack.util.TemplatePrecompiler deleteTemplateClass
INFO: Deleted .class file of template class of org.msgpack.testclasses.ReferenceTypeFieldsClass
Nov 16, 2016 9:26:26 PM org.msgpack.util.TemplatePrecompiler saveTemplateClass
INFO: Saving template of org.msgpack.testclasses.ReferenceTypeFieldsClass...
Nov 16, 2016 9:26:26 PM org.msgpack.util.TemplatePrecompiler saveTemplateClass
INFO: Saved .class file of template class of org.msgpack.testclasses.ReferenceTypeFieldsClass
Nov 16, 2016 9:26:26 PM org.msgpack.util.TemplatePrecompiler deleteTemplateClass
INFO: Deleting template of org.msgpack.testclasses.ReferenceTypeFieldsClass...
Nov 16, 2016 9:26:26 PM org.msgpack.util.TemplatePrecompiler deleteTemplateClass
INFO: Deleted .class file of template class of org.msgpack.testclasses.ReferenceTypeFieldsClass
Nov 16, 2016 9:26:26 PM org.msgpack.util.TemplatePrecompiler saveTemplateClass
INFO: Saving template of org.msgpack.testclasses.ReferenceTypeFieldsClassNotNullable...
Nov 16, 2016 9:26:26 PM org.msgpack.util.TemplatePrecompiler saveTemplateClass
INFO: Saved .class file of template class of org.msgpack.testclasses.ReferenceTypeFieldsClassNotNullable
Nov 16, 2016 9:26:26 PM org.msgpack.util.TemplatePrecompiler deleteTemplateClass
INFO: Deleting template of org.msgpack.testclasses.ReferenceTypeFieldsClassNotNullable...
Nov 16, 2016 9:26:26 PM org.msgpack.util.TemplatePrecompiler deleteTemplateClass
INFO: Deleted .class file of template class of org.msgpack.testclasses.ReferenceTypeFieldsClassNotNullable
Nov 16, 2016 9:26:26 PM org.msgpack.util.TemplatePrecompiler saveTemplateClass
INFO: Saving template of org.msgpack.testclasses.ReferenceTypeFieldsClassNotNullable...
Nov 16, 2016 9:26:26 PM org.msgpack.util.TemplatePrecompiler saveTemplateClass
INFO: Saved .class file of template class of org.msgpack.testclasses.ReferenceTypeFieldsClassNotNullable
Nov 16, 2016 9:26:27 PM org.msgpack.util.TemplatePrecompiler deleteTemplateClass
INFO: Deleting template of org.msgpack.testclasses.ReferenceTypeFieldsClassNotNullable...
Nov 16, 2016 9:26:27 PM org.msgpack.util.TemplatePrecompiler deleteTemplateClass
INFO: Deleted .class file of template class of org.msgpack.testclasses.ReferenceTypeFieldsClassNotNullable
Nov 16, 2016 9:26:27 PM org.msgpack.util.TemplatePrecompiler saveTemplateClass
INFO: Saving template of org.msgpack.testclasses.ReferenceTypeFieldsClassNotNullable...
Nov 16, 2016 9:26:27 PM org.msgpack.util.TemplatePrecompiler saveTemplateClass
INFO: Saved .class file of template class of org.msgpack.testclasses.ReferenceTypeFieldsClassNotNullable
Nov 16, 2016 9:26:27 PM org.msgpack.util.TemplatePrecompiler deleteTemplateClass
INFO: Deleting template of org.msgpack.testclasses.ReferenceTypeFieldsClassNotNullable...
Nov 16, 2016 9:26:27 PM org.msgpack.util.TemplatePrecompiler deleteTemplateClass
INFO: Deleted .class file of template class of org.msgpack.testclasses.ReferenceTypeFieldsClassNotNullable
Nov 16, 2016 9:26:27 PM org.msgpack.util.TemplatePrecompiler saveTemplateClass
INFO: Saving template of org.msgpack.testclasses.ListTypeFieldsClass...
Nov 16, 2016 9:26:27 PM org.msgpack.util.TemplatePrecompiler saveTemplateClass
INFO: Saved .class file of template class of org.msgpack.testclasses.ListTypeFieldsClass
Nov 16, 2016 9:26:27 PM org.msgpack.util.TemplatePrecompiler deleteTemplateClass
INFO: Deleting template of org.msgpack.testclasses.ListTypeFieldsClass...
Nov 16, 2016 9:26:27 PM org.msgpack.util.TemplatePrecompiler deleteTemplateClass
INFO: Deleted .class file of template class of org.msgpack.testclasses.ListTypeFieldsClass
Nov 16, 2016 9:26:27 PM org.msgpack.util.TemplatePrecompiler saveTemplateClass
INFO: Saving template of org.msgpack.testclasses.ListTypeFieldsClass...
Nov 16, 2016 9:26:27 PM org.msgpack.util.TemplatePrecompiler saveTemplateClass
INFO: Saved .class file of template class of org.msgpack.testclasses.ListTypeFieldsClass
Nov 16, 2016 9:26:27 PM org.msgpack.util.TemplatePrecompiler deleteTemplateClass
INFO: Deleting template of org.msgpack.testclasses.ListTypeFieldsClass...
Nov 16, 2016 9:26:27 PM org.msgpack.util.TemplatePrecompiler deleteTemplateClass
INFO: Deleted .class file of template class of org.msgpack.testclasses.ListTypeFieldsClass
Nov 16, 2016 9:26:27 PM org.msgpack.util.TemplatePrecompiler saveTemplateClass
INFO: Saving template of org.msgpack.testclasses.ListTypeFieldsClass...
Nov 16, 2016 9:26:27 PM org.msgpack.util.TemplatePrecompiler saveTemplateClass
INFO: Saved .class file of template class of org.msgpack.testclasses.ListTypeFieldsClass
Nov 16, 2016 9:26:27 PM org.msgpack.util.TemplatePrecompiler deleteTemplateClass
INFO: Deleting template of org.msgpack.testclasses.ListTypeFieldsClass...
Nov 16, 2016 9:26:27 PM org.msgpack.util.TemplatePrecompiler deleteTemplateClass
INFO: Deleted .class file of template class of org.msgpack.testclasses.ListTypeFieldsClass
Nov 16, 2016 9:26:27 PM org.msgpack.util.TemplatePrecompiler saveTemplateClass
INFO: Saving template of org.msgpack.testclasses.ListTypeFieldsClassNotNullable...
Nov 16, 2016 9:26:27 PM org.msgpack.util.TemplatePrecompiler saveTemplateClass
INFO: Saved .class file of template class of org.msgpack.testclasses.ListTypeFieldsClassNotNullable
Nov 16, 2016 9:26:27 PM org.msgpack.util.TemplatePrecompiler deleteTemplateClass
INFO: Deleting template of org.msgpack.testclasses.ListTypeFieldsClassNotNullable...
Nov 16, 2016 9:26:27 PM org.msgpack.util.TemplatePrecompiler deleteTemplateClass
INFO: Deleted .class file of template class of org.msgpack.testclasses.ListTypeFieldsClassNotNullable
Nov 16, 2016 9:26:27 PM org.msgpack.util.TemplatePrecompiler saveTemplateClass
INFO: Saving template of org.msgpack.testclasses.ListTypeFieldsClassNotNullable...
Nov 16, 2016 9:26:27 PM org.msgpack.util.TemplatePrecompiler saveTemplateClass
INFO: Saved .class file of template class of org.msgpack.testclasses.ListTypeFieldsClassNotNullable
Nov 16, 2016 9:26:27 PM org.msgpack.util.TemplatePrecompiler deleteTemplateClass
INFO: Deleting template of org.msgpack.testclasses.ListTypeFieldsClassNotNullable...
Nov 16, 2016 9:26:27 PM org.msgpack.util.TemplatePrecompiler deleteTemplateClass
INFO: Deleted .class file of template class of org.msgpack.testclasses.ListTypeFieldsClassNotNullable
Nov 16, 2016 9:26:27 PM org.msgpack.util.TemplatePrecompiler saveTemplateClass
INFO: Saving template of org.msgpack.testclasses.ListTypeFieldsClassNotNullable...
Nov 16, 2016 9:26:27 PM org.msgpack.util.TemplatePrecompiler saveTemplateClass
INFO: Saved .class file of template class of org.msgpack.testclasses.ListTypeFieldsClassNotNullable
Nov 16, 2016 9:26:27 PM org.msgpack.util.TemplatePrecompiler deleteTemplateClass
INFO: Deleting template of org.msgpack.testclasses.ListTypeFieldsClassNotNullable...
Nov 16, 2016 9:26:27 PM org.msgpack.util.TemplatePrecompiler deleteTemplateClass
INFO: Deleted .class file of template class of org.msgpack.testclasses.ListTypeFieldsClassNotNullable
Nov 16, 2016 9:26:27 PM org.msgpack.util.TemplatePrecompiler saveTemplateClass
INFO: Saving template of org.msgpack.testclasses.MapTypeFieldsClass...
Nov 16, 2016 9:26:27 PM org.msgpack.util.TemplatePrecompiler saveTemplateClass
INFO: Saved .class file of template class of org.msgpack.testclasses.MapTypeFieldsClass
Nov 16, 2016 9:26:27 PM org.msgpack.util.TemplatePrecompiler deleteTemplateClass
INFO: Deleting template of org.msgpack.testclasses.MapTypeFieldsClass...
Nov 16, 2016 9:26:27 PM org.msgpack.util.TemplatePrecompiler deleteTemplateClass
INFO: Deleted .class file of template class of org.msgpack.testclasses.MapTypeFieldsClass
Nov 16, 2016 9:26:27 PM org.msgpack.util.TemplatePrecompiler saveTemplateClass
INFO: Saving template of org.msgpack.testclasses.MapTypeFieldsClass...
Nov 16, 2016 9:26:27 PM org.msgpack.util.TemplatePrecompiler saveTemplateClass
INFO: Saved .class file of template class of org.msgpack.testclasses.MapTypeFieldsClass
Nov 16, 2016 9:26:27 PM org.msgpack.util.TemplatePrecompiler deleteTemplateClass
INFO: Deleting template of org.msgpack.testclasses.MapTypeFieldsClass...
Nov 16, 2016 9:26:27 PM org.msgpack.util.TemplatePrecompiler deleteTemplateClass
INFO: Deleted .class file of template class of org.msgpack.testclasses.MapTypeFieldsClass
Nov 16, 2016 9:26:27 PM org.msgpack.util.TemplatePrecompiler saveTemplateClass
INFO: Saving template of org.msgpack.testclasses.MapTypeFieldsClass...
Nov 16, 2016 9:26:27 PM org.msgpack.util.TemplatePrecompiler saveTemplateClass
INFO: Saved .class file of template class of org.msgpack.testclasses.MapTypeFieldsClass
Nov 16, 2016 9:26:27 PM org.msgpack.util.TemplatePrecompiler deleteTemplateClass
INFO: Deleting template of org.msgpack.testclasses.MapTypeFieldsClass...
Nov 16, 2016 9:26:27 PM org.msgpack.util.TemplatePrecompiler deleteTemplateClass
INFO: Deleted .class file of template class of org.msgpack.testclasses.MapTypeFieldsClass
Nov 16, 2016 9:26:27 PM org.msgpack.util.TemplatePrecompiler saveTemplateClass
INFO: Saving template of org.msgpack.testclasses.MapTypeFieldsClass...
Nov 16, 2016 9:26:27 PM org.msgpack.util.TemplatePrecompiler saveTemplateClass
INFO: Saved .class file of template class of org.msgpack.testclasses.MapTypeFieldsClass
Nov 16, 2016 9:26:27 PM org.msgpack.util.TemplatePrecompiler deleteTemplateClass
INFO: Deleting template of org.msgpack.testclasses.MapTypeFieldsClass...
Nov 16, 2016 9:26:27 PM org.msgpack.util.TemplatePrecompiler deleteTemplateClass
INFO: Deleted .class file of template class of org.msgpack.testclasses.MapTypeFieldsClass
Nov 16, 2016 9:26:27 PM org.msgpack.util.TemplatePrecompiler saveTemplateClass
INFO: Saving template of org.msgpack.testclasses.MapTypeFieldsClassNotNullable...
Nov 16, 2016 9:26:27 PM org.msgpack.util.TemplatePrecompiler saveTemplateClass
INFO: Saved .class file of template class of org.msgpack.testclasses.MapTypeFieldsClassNotNullable
Nov 16, 2016 9:26:27 PM org.msgpack.util.TemplatePrecompiler deleteTemplateClass
INFO: Deleting template of org.msgpack.testclasses.MapTypeFieldsClassNotNullable...
Nov 16, 2016 9:26:27 PM org.msgpack.util.TemplatePrecompiler deleteTemplateClass
INFO: Deleted .class file of template class of org.msgpack.testclasses.MapTypeFieldsClassNotNullable
Nov 16, 2016 9:26:27 PM org.msgpack.util.TemplatePrecompiler saveTemplateClass
INFO: Saving template of org.msgpack.testclasses.MapTypeFieldsClassNotNullable...
Nov 16, 2016 9:26:27 PM org.msgpack.util.TemplatePrecompiler saveTemplateClass
INFO: Saved .class file of template class of org.msgpack.testclasses.MapTypeFieldsClassNotNullable
Nov 16, 2016 9:26:27 PM org.msgpack.util.TemplatePrecompiler deleteTemplateClass
INFO: Deleting template of org.msgpack.testclasses.MapTypeFieldsClassNotNullable...
Nov 16, 2016 9:26:27 PM org.msgpack.util.TemplatePrecompiler deleteTemplateClass
INFO: Deleted .class file of template class of org.msgpack.testclasses.MapTypeFieldsClassNotNullable
Nov 16, 2016 9:26:27 PM org.msgpack.util.TemplatePrecompiler saveTemplateClass
INFO: Saving template of org.msgpack.testclasses.FinalClass...
Nov 16, 2016 9:26:27 PM org.msgpack.util.TemplatePrecompiler saveTemplateClass
INFO: Saved .class file of template class of org.msgpack.testclasses.FinalClass
Nov 16, 2016 9:26:27 PM org.msgpack.util.TemplatePrecompiler deleteTemplateClass
INFO: Deleting template of org.msgpack.testclasses.FinalClass...
Nov 16, 2016 9:26:27 PM org.msgpack.util.TemplatePrecompiler deleteTemplateClass
INFO: Deleted .class file of template class of org.msgpack.testclasses.FinalClass
Nov 16, 2016 9:26:27 PM org.msgpack.util.TemplatePrecompiler saveTemplateClass
INFO: Saving template of org.msgpack.testclasses.FinalClass...
Nov 16, 2016 9:26:27 PM org.msgpack.util.TemplatePrecompiler saveTemplateClass
INFO: Saved .class file of template class of org.msgpack.testclasses.FinalClass
Nov 16, 2016 9:26:27 PM org.msgpack.util.TemplatePrecompiler deleteTemplateClass
INFO: Deleting template of org.msgpack.testclasses.FinalClass...
Nov 16, 2016 9:26:27 PM org.msgpack.util.TemplatePrecompiler deleteTemplateClass
INFO: Deleted .class file of template class of org.msgpack.testclasses.FinalClass
Nov 16, 2016 9:26:27 PM org.msgpack.util.TemplatePrecompiler saveTemplateClass
INFO: Saving template of org.msgpack.testclasses.FinalClass...
Nov 16, 2016 9:26:27 PM org.msgpack.util.TemplatePrecompiler saveTemplateClass
INFO: Saved .class file of template class of org.msgpack.testclasses.FinalClass
Nov 16, 2016 9:26:27 PM org.msgpack.util.TemplatePrecompiler deleteTemplateClass
INFO: Deleting template of org.msgpack.testclasses.FinalClass...
Nov 16, 2016 9:26:27 PM org.msgpack.util.TemplatePrecompiler deleteTemplateClass
INFO: Deleted .class file of template class of org.msgpack.testclasses.FinalClass
Nov 16, 2016 9:26:27 PM org.msgpack.util.TemplatePrecompiler saveTemplateClass
INFO: Saving template of org.msgpack.testclasses.ModifiersFieldsClass...
Nov 16, 2016 9:26:27 PM org.msgpack.util.TemplatePrecompiler saveTemplateClass
INFO: Saved .class file of template class of org.msgpack.testclasses.ModifiersFieldsClass
Nov 16, 2016 9:26:27 PM org.msgpack.util.TemplatePrecompiler deleteTemplateClass
INFO: Deleting template of org.msgpack.testclasses.ModifiersFieldsClass...
Nov 16, 2016 9:26:27 PM org.msgpack.util.TemplatePrecompiler deleteTemplateClass
INFO: Deleted .class file of template class of org.msgpack.testclasses.ModifiersFieldsClass
Nov 16, 2016 9:26:27 PM org.msgpack.util.TemplatePrecompiler saveTemplateClass
INFO: Saving template of org.msgpack.testclasses.ModifiersFieldsClass...
Nov 16, 2016 9:26:27 PM org.msgpack.util.TemplatePrecompiler saveTemplateClass
INFO: Saved .class file of template class of org.msgpack.testclasses.ModifiersFieldsClass
Nov 16, 2016 9:26:27 PM org.msgpack.util.TemplatePrecompiler deleteTemplateClass
INFO: Deleting template of org.msgpack.testclasses.ModifiersFieldsClass...
Nov 16, 2016 9:26:27 PM org.msgpack.util.TemplatePrecompiler deleteTemplateClass
INFO: Deleted .class file of template class of org.msgpack.testclasses.ModifiersFieldsClass
Nov 16, 2016 9:26:27 PM org.msgpack.util.TemplatePrecompiler saveTemplateClass
INFO: Saving template of org.msgpack.testclasses.ModifiersFieldsClass...
Nov 16, 2016 9:26:27 PM org.msgpack.util.TemplatePrecompiler saveTemplateClass
INFO: Saved .class file of template class of org.msgpack.testclasses.ModifiersFieldsClass
Nov 16, 2016 9:26:27 PM org.msgpack.util.TemplatePrecompiler deleteTemplateClass
INFO: Deleting template of org.msgpack.testclasses.ModifiersFieldsClass...
Nov 16, 2016 9:26:27 PM org.msgpack.util.TemplatePrecompiler deleteTemplateClass
INFO: Deleted .class file of template class of org.msgpack.testclasses.ModifiersFieldsClass
Nov 16, 2016 9:26:27 PM org.msgpack.util.TemplatePrecompiler saveTemplateClass
INFO: Saving template of org.msgpack.testclasses.ModifiersFieldsClassNotNullable...
Nov 16, 2016 9:26:27 PM org.msgpack.util.TemplatePrecompiler saveTemplateClass
INFO: Saved .class file of template class of org.msgpack.testclasses.ModifiersFieldsClassNotNullable
Nov 16, 2016 9:26:27 PM org.msgpack.util.TemplatePrecompiler deleteTemplateClass
INFO: Deleting template of org.msgpack.testclasses.ModifiersFieldsClassNotNullable...
Nov 16, 2016 9:26:27 PM org.msgpack.util.TemplatePrecompiler deleteTemplateClass
INFO: Deleted .class file of template class of org.msgpack.testclasses.ModifiersFieldsClassNotNullable
Nov 16, 2016 9:26:27 PM org.msgpack.util.TemplatePrecompiler saveTemplateClass
INFO: Saving template of org.msgpack.testclasses.ModifiersFieldsClassNotNullable...
Nov 16, 2016 9:26:27 PM org.msgpack.util.TemplatePrecompiler saveTemplateClass
INFO: Saved .class file of template class of org.msgpack.testclasses.ModifiersFieldsClassNotNullable
Nov 16, 2016 9:26:27 PM org.msgpack.util.TemplatePrecompiler deleteTemplateClass
INFO: Deleting template of org.msgpack.testclasses.ModifiersFieldsClassNotNullable...
Nov 16, 2016 9:26:27 PM org.msgpack.util.TemplatePrecompiler deleteTemplateClass
INFO: Deleted .class file of template class of org.msgpack.testclasses.ModifiersFieldsClassNotNullable
Nov 16, 2016 9:26:27 PM org.msgpack.util.TemplatePrecompiler saveTemplateClass
INFO: Saving template of org.msgpack.testclasses.ModifiersFieldsClassNotNullable...
Nov 16, 2016 9:26:27 PM org.msgpack.util.TemplatePrecompiler saveTemplateClass
INFO: Saved .class file of template class of org.msgpack.testclasses.ModifiersFieldsClassNotNullable
Nov 16, 2016 9:26:27 PM org.msgpack.util.TemplatePrecompiler deleteTemplateClass
INFO: Deleting template of org.msgpack.testclasses.ModifiersFieldsClassNotNullable...
Nov 16, 2016 9:26:27 PM org.msgpack.util.TemplatePrecompiler deleteTemplateClass
INFO: Deleted .class file of template class of org.msgpack.testclasses.ModifiersFieldsClassNotNullable
Nov 16, 2016 9:26:27 PM org.msgpack.util.TemplatePrecompiler saveTemplateClass
INFO: Saving template of org.msgpack.testclasses.UserDefinedTypeFieldsClass...
Nov 16, 2016 9:26:27 PM org.msgpack.util.TemplatePrecompiler saveTemplateClass
INFO: Saved .class file of template class of org.msgpack.testclasses.UserDefinedTypeFieldsClass
Nov 16, 2016 9:26:27 PM org.msgpack.util.TemplatePrecompiler deleteTemplateClass
INFO: Deleting template of org.msgpack.testclasses.UserDefinedTypeFieldsClass...
Nov 16, 2016 9:26:27 PM org.msgpack.util.TemplatePrecompiler deleteTemplateClass
INFO: Deleted .class file of template class of org.msgpack.testclasses.UserDefinedTypeFieldsClass
Nov 16, 2016 9:26:27 PM org.msgpack.util.TemplatePrecompiler saveTemplateClass
INFO: Saving template of org.msgpack.testclasses.UserDefinedTypeFieldsClass...
Nov 16, 2016 9:26:27 PM org.msgpack.util.TemplatePrecompiler saveTemplateClass
INFO: Saved .class file of template class of org.msgpack.testclasses.UserDefinedTypeFieldsClass
Nov 16, 2016 9:26:27 PM org.msgpack.util.TemplatePrecompiler deleteTemplateClass
INFO: Deleting template of org.msgpack.testclasses.UserDefinedTypeFieldsClass...
Nov 16, 2016 9:26:27 PM org.msgpack.util.TemplatePrecompiler deleteTemplateClass
INFO: Deleted .class file of template class of org.msgpack.testclasses.UserDefinedTypeFieldsClass
Nov 16, 2016 9:26:27 PM org.msgpack.util.TemplatePrecompiler saveTemplateClass
INFO: Saving template of org.msgpack.testclasses.UserDefinedTypeFieldsClass...
Nov 16, 2016 9:26:27 PM org.msgpack.util.TemplatePrecompiler saveTemplateClass
INFO: Saved .class file of template class of org.msgpack.testclasses.UserDefinedTypeFieldsClass
Nov 16, 2016 9:26:27 PM org.msgpack.util.TemplatePrecompiler deleteTemplateClass
INFO: Deleting template of org.msgpack.testclasses.UserDefinedTypeFieldsClass...
Nov 16, 2016 9:26:27 PM org.msgpack.util.TemplatePrecompiler deleteTemplateClass
INFO: Deleted .class file of template class of org.msgpack.testclasses.UserDefinedTypeFieldsClass
Nov 16, 2016 9:26:27 PM org.msgpack.util.TemplatePrecompiler saveTemplateClass
INFO: Saving template of org.msgpack.testclasses.UserDefinedTypeFieldsClassNotNullable...
Nov 16, 2016 9:26:27 PM org.msgpack.util.TemplatePrecompiler saveTemplateClass
INFO: Saved .class file of template class of org.msgpack.testclasses.UserDefinedTypeFieldsClassNotNullable
Nov 16, 2016 9:26:27 PM org.msgpack.util.TemplatePrecompiler deleteTemplateClass
INFO: Deleting template of org.msgpack.testclasses.UserDefinedTypeFieldsClassNotNullable...
Nov 16, 2016 9:26:27 PM org.msgpack.util.TemplatePrecompiler deleteTemplateClass
INFO: Deleted .class file of template class of org.msgpack.testclasses.UserDefinedTypeFieldsClassNotNullable
Nov 16, 2016 9:26:27 PM org.msgpack.util.TemplatePrecompiler saveTemplateClass
INFO: Saving template of org.msgpack.testclasses.UserDefinedTypeFieldsClassNotNullable...
Nov 16, 2016 9:26:27 PM org.msgpack.util.TemplatePrecompiler saveTemplateClass
INFO: Saved .class file of template class of org.msgpack.testclasses.UserDefinedTypeFieldsClassNotNullable
Nov 16, 2016 9:26:27 PM org.msgpack.util.TemplatePrecompiler deleteTemplateClass
INFO: Deleting template of org.msgpack.testclasses.UserDefinedTypeFieldsClassNotNullable...
Nov 16, 2016 9:26:27 PM org.msgpack.util.TemplatePrecompiler deleteTemplateClass
INFO: Deleted .class file of template class of org.msgpack.testclasses.UserDefinedTypeFieldsClassNotNullable
Nov 16, 2016 9:26:27 PM org.msgpack.util.TemplatePrecompiler saveTemplateClass
INFO: Saving template of org.msgpack.testclasses.UserDefinedTypeFieldsClassNotNullable...
Nov 16, 2016 9:26:27 PM org.msgpack.util.TemplatePrecompiler saveTemplateClass
INFO: Saved .class file of template class of org.msgpack.testclasses.UserDefinedTypeFieldsClassNotNullable
Nov 16, 2016 9:26:27 PM org.msgpack.util.TemplatePrecompiler deleteTemplateClass
INFO: Deleting template of org.msgpack.testclasses.UserDefinedTypeFieldsClassNotNullable...
Nov 16, 2016 9:26:27 PM org.msgpack.util.TemplatePrecompiler deleteTemplateClass
INFO: Deleted .class file of template class of org.msgpack.testclasses.UserDefinedTypeFieldsClassNotNullable
Tests run: 19, Failures: 0, Errors: 0, Skipped: 2, Time elapsed: 1.188 sec
Running org.msgpack.type.TestHashCode
Tests run: 2, Failures: 0, Errors: 0, Skipped: 0, Time elapsed: 0.002 sec
Running org.msgpack.type.TestEquals
Tests run: 2, Failures: 0, Errors: 0, Skipped: 0, Time elapsed: 0.007 sec
Running org.msgpack.TestPackConvert
Tests run: 15, Failures: 0, Errors: 0, Skipped: 0, Time elapsed: 0.406 sec
Running org.msgpack.template.TestIntegerArrayTemplate
Tests run: 12, Failures: 0, Errors: 0, Skipped: 0, Time elapsed: 0.009 sec
Running org.msgpack.template.TestLongArrayTemplate
Tests run: 12, Failures: 0, Errors: 0, Skipped: 0, Time elapsed: 0.011 sec
Running org.msgpack.template.TestBigIntegerTemplate
Tests run: 4, Failures: 0, Errors: 0, Skipped: 0, Time elapsed: 0.079 sec
Running org.msgpack.template.TestBigDecimalTemplate
Tests run: 4, Failures: 0, Errors: 0, Skipped: 0, Time elapsed: 0.005 sec
Running org.msgpack.template.TestByteArrayTemplate
Tests run: 4, Failures: 0, Errors: 0, Skipped: 0, Time elapsed: 0.009 sec
Running org.msgpack.template.TestFloatArrayTemplate
Tests run: 12, Failures: 0, Errors: 0, Skipped: 0, Time elapsed: 0.011 sec
Running org.msgpack.template.builder.TestJavassistBufferPackConvert
Tests run: 21, Failures: 0, Errors: 0, Skipped: 0, Time elapsed: 0.686 sec
Running org.msgpack.template.builder.TestReflectionBeansBufferPackUnpack
Tests run: 21, Failures: 0, Errors: 0, Skipped: 0, Time elapsed: 0.471 sec
Running org.msgpack.template.builder.TestReflectionBeansBufferPackBufferUnpack
Tests run: 21, Failures: 0, Errors: 0, Skipped: 0, Time elapsed: 0.17 sec
Running org.msgpack.template.builder.TestOrdinalEnumBufferPackUnpack
Tests run: 2, Failures: 0, Errors: 0, Skipped: 0, Time elapsed: 0.005 sec
Running org.msgpack.template.builder.TestReflectionBeansPackConvert
Tests run: 21, Failures: 0, Errors: 0, Skipped: 0, Time elapsed: 0.152 sec
Running org.msgpack.template.builder.TestJavassistPackBufferUnpack
Tests run: 21, Failures: 0, Errors: 0, Skipped: 0, Time elapsed: 0.421 sec
Running org.msgpack.template.builder.TestReflectionPackBufferUnpack
Tests run: 21, Failures: 0, Errors: 0, Skipped: 0, Time elapsed: 0.151 sec
Running org.msgpack.template.builder.TestReflectionBeansPackBufferUnpack
Tests run: 21, Failures: 0, Errors: 0, Skipped: 0, Time elapsed: 0.139 sec
Running org.msgpack.template.builder.TestOrdinalEnumPackUnpack
Tests run: 2, Failures: 0, Errors: 0, Skipped: 0, Time elapsed: 0.003 sec
Running org.msgpack.template.builder.TestReflectionBeansBufferPackConvert
Tests run: 21, Failures: 0, Errors: 0, Skipped: 0, Time elapsed: 0.126 sec
Running org.msgpack.template.builder.TestOrdinalEnumPackConvert
Tests run: 2, Failures: 0, Errors: 0, Skipped: 0, Time elapsed: 0.001 sec
Running org.msgpack.template.builder.TestReflectionBufferPackUnpack
Tests run: 21, Failures: 0, Errors: 0, Skipped: 0, Time elapsed: 0.134 sec
Running org.msgpack.template.builder.TestOrdinalEnumBufferPackBufferUnpack
Tests run: 2, Failures: 0, Errors: 0, Skipped: 0, Time elapsed: 0.001 sec
Running org.msgpack.template.builder.TestOrdinalEnumPackBufferUnpack
Tests run: 2, Failures: 0, Errors: 0, Skipped: 0, Time elapsed: 0.001 sec
Running org.msgpack.template.builder.TestJavassistBufferPackUnpack
Tests run: 21, Failures: 0, Errors: 0, Skipped: 0, Time elapsed: 0.382 sec
Running org.msgpack.template.builder.TestOrdinalEnumBufferPackConvert
Tests run: 2, Failures: 0, Errors: 0, Skipped: 0, Time elapsed: 0.002 sec
Running org.msgpack.template.builder.TestReflectionBufferPackConvert
Tests run: 21, Failures: 0, Errors: 0, Skipped: 0, Time elapsed: 0.125 sec
Running org.msgpack.template.builder.TestReflectionBeansPackUnpack
Tests run: 21, Failures: 0, Errors: 0, Skipped: 0, Time elapsed: 0.116 sec
Running org.msgpack.template.builder.TestJavassistBufferPackBufferUnpack
Tests run: 21, Failures: 0, Errors: 0, Skipped: 0, Time elapsed: 0.327 sec
Running org.msgpack.template.builder.TestReflectionPackUnpack
Tests run: 21, Failures: 0, Errors: 0, Skipped: 0, Time elapsed: 0.124 sec
Running org.msgpack.template.builder.TestReflectionPackConvert
Tests run: 21, Failures: 0, Errors: 0, Skipped: 0, Time elapsed: 0.115 sec
Running org.msgpack.template.builder.TestJavassistPackUnpack
Tests run: 21, Failures: 0, Errors: 0, Skipped: 0, Time elapsed: 0.309 sec
Running org.msgpack.template.builder.TestJavassistPackConvert
Tests run: 21, Failures: 0, Errors: 0, Skipped: 0, Time elapsed: 0.315 sec
Running org.msgpack.template.builder.TestReflectionBufferPackBufferUnpack
Tests run: 21, Failures: 0, Errors: 0, Skipped: 0, Time elapsed: 0.112 sec
Running org.msgpack.template.TestBooleanTemplate
Tests run: 4, Failures: 0, Errors: 0, Skipped: 0, Time elapsed: 0.002 sec
Running org.msgpack.template.TestTemplateRegistry
Tests run: 3, Failures: 0, Errors: 0, Skipped: 0, Time elapsed: 0.002 sec
Running org.msgpack.template.TestMapTemplate
Tests run: 4, Failures: 0, Errors: 0, Skipped: 0, Time elapsed: 0.014 sec
Running org.msgpack.template.TestCharacterTemplate
Tests run: 4, Failures: 0, Errors: 0, Skipped: 0, Time elapsed: 0.003 sec
Running org.msgpack.template.TestShortArrayTemplate
Tests run: 12, Failures: 0, Errors: 0, Skipped: 0, Time elapsed: 0.007 sec
Running org.msgpack.template.TestDateTemplate
Tests run: 4, Failures: 0, Errors: 0, Skipped: 0, Time elapsed: 0.003 sec
Running org.msgpack.template.TestFloatTemplate
Tests run: 4, Failures: 0, Errors: 0, Skipped: 0, Time elapsed: 0.057 sec
Running org.msgpack.template.TestBooleanArrayTemplate
Tests run: 12, Failures: 0, Errors: 0, Skipped: 0, Time elapsed: 0.006 sec
Running org.msgpack.template.TestLongTemplate
Tests run: 4, Failures: 0, Errors: 0, Skipped: 0, Time elapsed: 0.057 sec
Running org.msgpack.template.TestListTemplate
Tests run: 4, Failures: 0, Errors: 0, Skipped: 0, Time elapsed: 0.009 sec
Running org.msgpack.template.TestTemplates
Tests run: 2, Failures: 0, Errors: 0, Skipped: 0, Time elapsed: 0.001 sec
Running org.msgpack.template.TestDoubleArrayTemplate
Tests run: 12, Failures: 0, Errors: 0, Skipped: 0, Time elapsed: 0.008 sec
Running org.msgpack.template.TestByteBufferTemplate
Tests run: 4, Failures: 0, Errors: 0, Skipped: 0, Time elapsed: 0.005 sec
Running org.msgpack.template.TestShortTemplate
Tests run: 4, Failures: 0, Errors: 0, Skipped: 0, Time elapsed: 0.102 sec
Running org.msgpack.template.TestStringTemplate
Tests run: 4, Failures: 0, Errors: 0, Skipped: 0, Time elapsed: 0.643 sec
Running org.msgpack.template.TestDoubleTemplate
Tests run: 4, Failures: 0, Errors: 0, Skipped: 0, Time elapsed: 0.066 sec
Running org.msgpack.template.TestIntegerTemplate
Tests run: 4, Failures: 0, Errors: 0, Skipped: 0, Time elapsed: 0.057 sec
Running org.msgpack.TestBufferPackUnpack
Tests run: 13, Failures: 0, Errors: 0, Skipped: 0, Time elapsed: 0.236 sec
Running org.msgpack.TestMessagePack01
Tests run: 27, Failures: 0, Errors: 0, Skipped: 0, Time elapsed: 0.865 sec
Running org.msgpack.TestUnconvertConvert
Tests run: 13, Failures: 0, Errors: 0, Skipped: 0, Time elapsed: 0.204 sec
Running org.msgpack.simple.TestSimpleDynamicTyping
Tests run: 2, Failures: 0, Errors: 0, Skipped: 0, Time elapsed: 0.001 sec
Running org.msgpack.simple.TestSimplePackUnpack
Tests run: 1, Failures: 0, Errors: 0, Skipped: 0, Time elapsed: 0 sec
Running org.msgpack.simple.TestSimpleStreaming
Tests run: 2, Failures: 0, Errors: 0, Skipped: 0, Time elapsed: 0.001 sec
Running org.msgpack.TestBufferPackBufferUnpack
Tests run: 13, Failures: 0, Errors: 0, Skipped: 0, Time elapsed: 0.218 sec
Running org.msgpack.TestPackUnpack
Tests run: 14, Failures: 0, Errors: 0, Skipped: 0, Time elapsed: 0.209 sec
Running org.msgpack.TestUnconvertReconvert
Tests run: 13, Failures: 0, Errors: 0, Skipped: 0, Time elapsed: 0.192 sec
Running org.msgpack.TestSimpleArrays
Tests run: 6, Failures: 0, Errors: 0, Skipped: 2, Time elapsed: 0.018 sec
Running org.msgpack.TestMessagePack02
Tests run: 140, Failures: 0, Errors: 0, Skipped: 0, Time elapsed: 1.017 sec

Results :

Tests run: 993, Failures: 0, Errors: 0, Skipped: 14

[INFO] ------------------------------------------------------------------------
[INFO] BUILD SUCCESS
[INFO] ------------------------------------------------------------------------
[INFO] Total time: 22.395 s
[INFO] Finished at: 2016-11-16T21:26:36+00:00
[INFO] Final Memory: 12M/143M
[INFO] ------------------------------------------------------------------------

travis_time:end:2722652d:start=1479331573104255981,finish=1479331597008886506,duration=23904630525[0K
[32;1mThe command "mvn test -B" exited with 0.[0m

Done. Your build exited with 0.
