travis_fold:start:system_info[0K[33;1mBuild system information[0m
Build language: java
Build id: ''
Job id: ''
[34m[1mBuild image provisioning date and time[0m
Thu Feb  5 15:09:33 UTC 2015
[34m[1mOperating System Details[0m
Distributor ID:	Ubuntu
Description:	Ubuntu 12.04.5 LTS
Release:	12.04
Codename:	precise
[34m[1mLinux Version[0m
3.13.0-29-generic
[34m[1mCookbooks Version[0m
a68419e https://github.com/travis-ci/travis-cookbooks/tree/a68419e
[34m[1mGCC version[0m
gcc (Ubuntu/Linaro 4.6.3-1ubuntu5) 4.6.3
Copyright (C) 2011 Free Software Foundation, Inc.
This is free software; see the source for copying conditions.  There is NO
warranty; not even for MERCHANTABILITY or FITNESS FOR A PARTICULAR PURPOSE.

[34m[1mLLVM version[0m
clang version 3.4 (tags/RELEASE_34/final)
Target: x86_64-unknown-linux-gnu
Thread model: posix
[34m[1mPre-installed Ruby versions[0m
ruby-1.9.3-p551
[34m[1mPre-installed Node.js versions[0m
v0.10.36
[34m[1mPre-installed Go versions[0m
1.4.1
[34m[1mRedis version[0m
redis-server 2.8.19
[34m[1mriak version[0m
2.0.2
[34m[1mMongoDB version[0m
MongoDB 2.4.12
[34m[1mCouchDB version[0m
couchdb 1.6.1
[34m[1mNeo4j version[0m
1.9.4
[34m[1mRabbitMQ Version[0m
3.4.3
[34m[1mElasticSearch version[0m
1.4.0
[34m[1mInstalled Sphinx versions[0m
2.0.10
2.1.9
2.2.6
[34m[1mDefault Sphinx version[0m
2.2.6
[34m[1mInstalled Firefox version[0m
firefox 31.0esr
[34m[1mPhantomJS version[0m
1.9.8
[34m[1mant -version[0m
Apache Ant(TM) version 1.8.2 compiled on December 3 2011
[34m[1mmvn -version[0m
Apache Maven 3.2.5 (12a6b3acb947671f09b81f49094c53f426d8cea1; 2014-12-14T17:29:23+00:00)
Maven home: /usr/local/maven
Java version: 1.7.0_76, vendor: Oracle Corporation
Java home: /usr/lib/jvm/java-7-oracle/jre
Default locale: en_US, platform encoding: ANSI_X3.4-1968
OS name: "linux", version: "3.13.0-29-generic", arch: "amd64", family: "unix"
travis_fold:end:system_info[0K
sed: cannot rename /etc/hosts: Device or resource busy
sed: cannot rename /etc/hosts: Device or resource busy
$ cd OpenTSDB/opentsdb
$ jdk_switcher use openjdk6
Switching to OpenJDK6 (java-1.6.0-openjdk-amd64), JAVA_HOME will be set to /usr/lib/jvm/java-6-openjdk-amd64
$ java -Xmx32m -version
java version "1.6.0_34"
OpenJDK Runtime Environment (IcedTea6 1.13.6) (6b34-1.13.6-1ubuntu0.12.04.1)
OpenJDK 64-Bit Server VM (build 23.25-b01, mixed mode)
$ javac -J-Xmx32m -version
javac 1.6.0_34
travis_fold:start:before_script[0Ktravis_time:start:18c90378[0K$ ./build.sh pom.xml
+test -f configure
+./bootstrap
autoreconf: Entering directory `.'
autoreconf: configure.ac: not using Gettext
autoreconf: running: aclocal --force -I build-aux
autoreconf: configure.ac: tracing
autoreconf: configure.ac: not using Libtool
autoreconf: running: /usr/bin/autoconf --force
autoreconf: configure.ac: not using Autoheader
autoreconf: running: automake --add-missing --copy --force-missing
configure.ac:19: installing `build-aux/install-sh'
configure.ac:19: installing `build-aux/missing'
third_party/validation-api/include.mk:24: variable `VALIDATION_API_SOURCES' is defined but no program or
third_party/validation-api/include.mk:24: library has `VALIDATION_API' as canonical name (possible typo)
Makefile.am:680:   `third_party/include.mk' included from here
third_party/include.mk:36:   `third_party/validation-api/include.mk' included from here
autoreconf: Leaving directory `.'
+test -d build
+mkdir build
+cd build
+test -f Makefile
+../configure pom.xml
configure: WARNING: you should use --build, --host, --target
checking for a BSD-compatible install... /usr/bin/install -c
checking whether build environment is sane... yes
checking for a thread-safe mkdir -p... /bin/mkdir -p
checking for gawk... gawk
checking whether make sets $(MAKE)... yes
checking for md5sum... /usr/bin/md5sum
checking for java... /usr/lib/jvm/java-6-openjdk-amd64/bin/java
checking for javac... /usr/lib/jvm/java-6-openjdk-amd64/bin/javac
checking for jar... /usr/lib/jvm/java-6-openjdk-amd64/bin/jar
checking for true... /bin/true
checking for javadoc... /usr/lib/jvm/java-6-openjdk-amd64/bin/javadoc
checking for wget... /usr/bin/wget
checking for curl... /usr/bin/curl
configure: creating ./config.status
config.status: creating Makefile
config.status: creating opentsdb.spec
config.status: creating build-aux/fetchdep.sh
+exec make pom.xml
(cd .. ; ./build-aux/create-src-dir-overlay.sh)
{ \
	  echo '<!-- Generated by Makefile on '`date`' -->'; \
	  sed <../pom.xml.in \
	    -e 's/@ASYNCHBASE_VERSION@/1.5.0/' \
	    -e 's/@GUAVA_VERSION@/17.0/' \
	    -e 's/@GWT_VERSION@/2.6.0/' \
	    -e 's/@HAMCREST_VERSION@/1.3/' \
	    -e 's/@JACKSON_VERSION@/2.1.5/' \
	    -e 's/@JAVASSIST_VERSION@/3.17.1-GA/' \
	    -e 's/@JUNIT_VERSION@/4.11/' \
	    -e 's/@LOG4J_OVER_SLF4J_VERSION@/1.7.7/' \
	    -e 's/@LOGBACK_CLASSIC_VERSION@/1.0.9/' \
	    -e 's/@LOGBACK_CORE_VERSION@/1.0.9/' \
	    -e 's/@MOCKITO_VERSION@/1.9.5/' \
	    -e 's/@NETTY_VERSION@/3.9.1.Final/' \
	    -e 's/@OBJENESIS_VERSION@/1.3/' \
	    -e 's/@POWERMOCK_MOCKITO_VERSION@/1.5/' \
	    -e 's/@SLF4J_API_VERSION@/1.7.7/' \
	    -e 's/@SUASYNC_VERSION@/1.4.0/' \
	    -e 's/@ZOOKEEPER_VERSION@/3.3.6/' \
	    -e 's/@spec_title@/OpenTSDB/' \
	    -e 's/@spec_vendor@/The OpenTSDB Authors/' \
	    -e 's/@spec_version@/2.1.0/' \
	    ; \
	} >pom.xml-t
mv pom.xml-t ../pom.xml

travis_time:end:18c90378:start=1479518424530411393,finish=1479518429348143583,duration=4817732190[0Ktravis_fold:end:before_script[0Ktravis_time:start:083674d4[0K$ mvn test --quiet
Generating target/generated-sources/net/opentsdb/BuildData.java
[ERROR] Nov 19, 2016 1:21:23 AM java.util.prefs.FileSystemPreferences$2 run
[ERROR] INFO: Created user preferences directory.
added manifest
adding: net/opentsdb/plugin/DummyPluginA.class(in = 551) (out= 342)(deflated 37%)
adding: net/opentsdb/plugin/DummyPluginB.class(in = 551) (out= 342)(deflated 37%)
adding: net/opentsdb/search/DummySearchPlugin.class(in = 3910) (out= 1369)(deflated 64%)
adding: net/opentsdb/tsd/DummyHttpSerializer.class(in = 1311) (out= 658)(deflated 49%)
adding: net/opentsdb/tsd/DummyRpcPlugin.class(in = 1888) (out= 926)(deflated 50%)
adding: net/opentsdb/tsd/DummyRTPublisher.class(in = 3077) (out= 1165)(deflated 62%)
adding: META-INF/services/net.opentsdb.plugin.DummyPlugin(in = 65) (out= 36)(deflated 44%)
adding: META-INF/services/net.opentsdb.search.SearchPlugin(in = 37) (out= 35)(deflated 5%)
adding: META-INF/services/net.opentsdb.tsd.HttpSerializer(in = 38) (out= 38)(deflated 0%)
adding: META-INF/services/net.opentsdb.tsd.RpcPlugin(in = 31) (out= 31)(deflated 0%)
adding: META-INF/services/net.opentsdb.tsd.RTPublisher(in = 35) (out= 35)(deflated 0%)

-------------------------------------------------------
 T E S T S
-------------------------------------------------------

-------------------------------------------------------
 T E S T S
-------------------------------------------------------
Running net.opentsdb.search.TestSearchQuery
Tests run: 8, Failures: 0, Errors: 0, Skipped: 0, Time elapsed: 0.061 sec - in net.opentsdb.search.TestSearchQuery
Running net.opentsdb.search.TestTimeSeriesLookup
Tests run: 30, Failures: 0, Errors: 0, Skipped: 0, Time elapsed: 3.233 sec - in net.opentsdb.search.TestTimeSeriesLookup
Running net.opentsdb.search.TestSearchPlugin
Tests run: 25, Failures: 0, Errors: 0, Skipped: 0, Time elapsed: 0.309 sec - in net.opentsdb.search.TestSearchPlugin
Running net.opentsdb.core.TestInternal
Tests run: 91, Failures: 0, Errors: 0, Skipped: 0, Time elapsed: 10.446 sec - in net.opentsdb.core.TestInternal
Running net.opentsdb.core.TestTsdbQueryDownsample
Tests run: 12, Failures: 0, Errors: 0, Skipped: 0, Time elapsed: 15.319 sec - in net.opentsdb.core.TestTsdbQueryDownsample
Running net.opentsdb.core.TestMutableDataPoint
Tests run: 8, Failures: 0, Errors: 0, Skipped: 0, Time elapsed: 0.005 sec - in net.opentsdb.core.TestMutableDataPoint
Running net.opentsdb.core.TestTags
Tests run: 69, Failures: 0, Errors: 0, Skipped: 0, Time elapsed: 1.839 sec - in net.opentsdb.core.TestTags
Running net.opentsdb.core.TestTSSubQuery
Tests run: 10, Failures: 0, Errors: 0, Skipped: 0, Time elapsed: 0.154 sec - in net.opentsdb.core.TestTSSubQuery
Running net.opentsdb.core.TestTSQuery
Tests run: 9, Failures: 0, Errors: 0, Skipped: 0, Time elapsed: 0.861 sec - in net.opentsdb.core.TestTSQuery
Running net.opentsdb.core.TestRowSeq
Tests run: 26, Failures: 0, Errors: 0, Skipped: 0, Time elapsed: 13.881 sec - in net.opentsdb.core.TestRowSeq
Running net.opentsdb.core.TestTSDB
Tests run: 67, Failures: 0, Errors: 0, Skipped: 0, Time elapsed: 5.838 sec - in net.opentsdb.core.TestTSDB
Running net.opentsdb.core.TestTsdbQuery
Tests run: 96, Failures: 0, Errors: 0, Skipped: 0, Time elapsed: 75.555 sec - in net.opentsdb.core.TestTsdbQuery
Running net.opentsdb.core.TestDownsampler
Tests run: 9, Failures: 0, Errors: 0, Skipped: 0, Time elapsed: 0.226 sec - in net.opentsdb.core.TestDownsampler
Running net.opentsdb.core.TestCompactionQueue
Tests run: 38, Failures: 0, Errors: 0, Skipped: 0, Time elapsed: 6.598 sec - in net.opentsdb.core.TestCompactionQueue
Running net.opentsdb.core.TestAggregationIterator
Tests run: 8, Failures: 0, Errors: 0, Skipped: 0, Time elapsed: 2.022 sec - in net.opentsdb.core.TestAggregationIterator
Running net.opentsdb.core.TestRateSpan
Tests run: 11, Failures: 0, Errors: 0, Skipped: 0, Time elapsed: 0.008 sec - in net.opentsdb.core.TestRateSpan
Running net.opentsdb.core.TestSpan
Tests run: 14, Failures: 0, Errors: 0, Skipped: 0, Time elapsed: 1.015 sec - in net.opentsdb.core.TestSpan
Running net.opentsdb.core.SeekableViewsForTest
Tests run: 5, Failures: 0, Errors: 0, Skipped: 0, Time elapsed: 0.004 sec - in net.opentsdb.core.SeekableViewsForTest
Random seed: 23668692153602
Running net.opentsdb.core.TestAggregators
Tests run: 4, Failures: 0, Errors: 0, Skipped: 0, Time elapsed: 0.023 sec - in net.opentsdb.core.TestAggregators
Running net.opentsdb.tree.TestTreeBuilder
Tests run: 32, Failures: 0, Errors: 0, Skipped: 0, Time elapsed: 3.556 sec - in net.opentsdb.tree.TestTreeBuilder
Running net.opentsdb.tree.TestTreeRule
Tests run: 40, Failures: 0, Errors: 0, Skipped: 0, Time elapsed: 1.711 sec - in net.opentsdb.tree.TestTreeRule
Running net.opentsdb.tree.TestTree
Tests run: 60, Failures: 0, Errors: 0, Skipped: 0, Time elapsed: 2.366 sec - in net.opentsdb.tree.TestTree
Running net.opentsdb.tree.TestBranch
Tests run: 49, Failures: 0, Errors: 0, Skipped: 0, Time elapsed: 1.641 sec - in net.opentsdb.tree.TestBranch
Running net.opentsdb.tree.TestLeaf
Tests run: 17, Failures: 0, Errors: 0, Skipped: 0, Time elapsed: 2.083 sec - in net.opentsdb.tree.TestLeaf
Running net.opentsdb.tools.TestDumpSeries
Tests run: 8, Failures: 0, Errors: 0, Skipped: 0, Time elapsed: 2.159 sec - in net.opentsdb.tools.TestDumpSeries
Running net.opentsdb.tools.TestFsck
Tests run: 140, Failures: 0, Errors: 0, Skipped: 0, Time elapsed: 19.173 sec - in net.opentsdb.tools.TestFsck
Running net.opentsdb.tools.TestTextImporter
Tests run: 32, Failures: 0, Errors: 0, Skipped: 0, Time elapsed: 3.233 sec - in net.opentsdb.tools.TestTextImporter
Running net.opentsdb.tools.TestUID
Tests run: 56, Failures: 0, Errors: 0, Skipped: 0, Time elapsed: 8.271 sec - in net.opentsdb.tools.TestUID
Running net.opentsdb.stats.TestHistogram
Tests run: 4, Failures: 0, Errors: 0, Skipped: 0, Time elapsed: 0.002 sec - in net.opentsdb.stats.TestHistogram
Running net.opentsdb.utils.TestJSON
Tests run: 46, Failures: 0, Errors: 0, Skipped: 0, Time elapsed: 0.336 sec - in net.opentsdb.utils.TestJSON
Running net.opentsdb.utils.TestConfig
Tests run: 36, Failures: 0, Errors: 0, Skipped: 0, Time elapsed: 0.167 sec - in net.opentsdb.utils.TestConfig
Running net.opentsdb.utils.TestPair
Tests run: 26, Failures: 0, Errors: 0, Skipped: 0, Time elapsed: 0.372 sec - in net.opentsdb.utils.TestPair
Running net.opentsdb.utils.TestByteArrayPair
Tests run: 22, Failures: 0, Errors: 0, Skipped: 0, Time elapsed: 0.022 sec - in net.opentsdb.utils.TestByteArrayPair
Running net.opentsdb.utils.TestPluginLoader
Tests run: 14, Failures: 0, Errors: 0, Skipped: 0, Time elapsed: 0.243 sec - in net.opentsdb.utils.TestPluginLoader
Running net.opentsdb.utils.TestDateTime
Tests run: 53, Failures: 0, Errors: 0, Skipped: 0, Time elapsed: 1.701 sec - in net.opentsdb.utils.TestDateTime
Running net.opentsdb.tsd.TestQueryRpc
Tests run: 16, Failures: 0, Errors: 0, Skipped: 0, Time elapsed: 0.383 sec - in net.opentsdb.tsd.TestQueryRpc
Running net.opentsdb.tsd.TestSearchRpc
Tests run: 21, Failures: 0, Errors: 0, Skipped: 0, Time elapsed: 1.512 sec - in net.opentsdb.tsd.TestSearchRpc
Running net.opentsdb.tsd.TestHttpJsonSerializer
Tests run: 15, Failures: 0, Errors: 0, Skipped: 0, Time elapsed: 1.276 sec - in net.opentsdb.tsd.TestHttpJsonSerializer
Running net.opentsdb.tsd.TestTreeRpc
Tests run: 90, Failures: 0, Errors: 0, Skipped: 0, Time elapsed: 3.311 sec - in net.opentsdb.tsd.TestTreeRpc
Running net.opentsdb.tsd.TestAnnotationRpc
Tests run: 43, Failures: 0, Errors: 0, Skipped: 0, Time elapsed: 4.659 sec - in net.opentsdb.tsd.TestAnnotationRpc
Running net.opentsdb.tsd.TestSuggestRpc
Tests run: 15, Failures: 0, Errors: 0, Skipped: 0, Time elapsed: 1.017 sec - in net.opentsdb.tsd.TestSuggestRpc
Running net.opentsdb.tsd.TestRpcHandler
Tests run: 13, Failures: 0, Errors: 0, Skipped: 0, Time elapsed: 7.332 sec - in net.opentsdb.tsd.TestRpcHandler
Running net.opentsdb.tsd.TestRTPublisher
Tests run: 8, Failures: 0, Errors: 0, Skipped: 0, Time elapsed: 0.197 sec - in net.opentsdb.tsd.TestRTPublisher
Running net.opentsdb.tsd.TestPutRpc
Tests run: 44, Failures: 0, Errors: 0, Skipped: 0, Time elapsed: 1.644 sec - in net.opentsdb.tsd.TestPutRpc
Running net.opentsdb.tsd.TestHttpQuery
Tests run: 134, Failures: 0, Errors: 0, Skipped: 0, Time elapsed: 3.274 sec - in net.opentsdb.tsd.TestHttpQuery
Running net.opentsdb.tsd.TestUniqueIdRpc
Tests run: 77, Failures: 0, Errors: 0, Skipped: 0, Time elapsed: 4.938 sec - in net.opentsdb.tsd.TestUniqueIdRpc
Running net.opentsdb.tsd.TestRpcPlugin
Tests run: 6, Failures: 0, Errors: 0, Skipped: 0, Time elapsed: 0.159 sec - in net.opentsdb.tsd.TestRpcPlugin
Running net.opentsdb.uid.TestUniqueId
Tests run: 72, Failures: 0, Errors: 0, Skipped: 0, Time elapsed: 1.233 sec - in net.opentsdb.uid.TestUniqueId
Running net.opentsdb.uid.TestNoSuchUniqueId
Tests run: 2, Failures: 0, Errors: 0, Skipped: 0, Time elapsed: 0.002 sec - in net.opentsdb.uid.TestNoSuchUniqueId
Running net.opentsdb.meta.TestAnnotation
Tests run: 33, Failures: 0, Errors: 0, Skipped: 0, Time elapsed: 3.578 sec - in net.opentsdb.meta.TestAnnotation
Running net.opentsdb.meta.TestTSMeta
Tests run: 30, Failures: 0, Errors: 0, Skipped: 0, Time elapsed: 1.394 sec - in net.opentsdb.meta.TestTSMeta
Running net.opentsdb.meta.TestTSUIDQuery
Tests run: 10, Failures: 0, Errors: 0, Skipped: 0, Time elapsed: 1.076 sec - in net.opentsdb.meta.TestTSUIDQuery
Running net.opentsdb.meta.TestUIDMeta
Tests run: 25, Failures: 0, Errors: 0, Skipped: 0, Time elapsed: 2.881 sec - in net.opentsdb.meta.TestUIDMeta

Results :

Tests run: 1829, Failures: 0, Errors: 0, Skipped: 0


travis_time:end:083674d4:start=1479518429358044760,finish=1479518871408617004,duration=442050572244[0K
[32;1mThe command "mvn test --quiet" exited with 0.[0m

Done. Your build exited with 0.
