travis_fold:start:system_info[0K[33;1mBuild system information[0m
Build language: java
Build id: ''
Job id: ''
[34m[1mBuild image provisioning date and time[0m
Thu Feb  5 15:09:33 UTC 2015
[34m[1mOperating System Details[0m
Distributor ID:	Ubuntu
Description:	Ubuntu 12.04.5 LTS
Release:	12.04
Codename:	precise
[34m[1mLinux Version[0m
3.13.0-29-generic
[34m[1mCookbooks Version[0m
a68419e https://github.com/travis-ci/travis-cookbooks/tree/a68419e
[34m[1mGCC version[0m
gcc (Ubuntu/Linaro 4.6.3-1ubuntu5) 4.6.3
Copyright (C) 2011 Free Software Foundation, Inc.
This is free software; see the source for copying conditions.  There is NO
warranty; not even for MERCHANTABILITY or FITNESS FOR A PARTICULAR PURPOSE.

[34m[1mLLVM version[0m
clang version 3.4 (tags/RELEASE_34/final)
Target: x86_64-unknown-linux-gnu
Thread model: posix
[34m[1mPre-installed Ruby versions[0m
ruby-1.9.3-p551
[34m[1mPre-installed Node.js versions[0m
v0.10.36
[34m[1mPre-installed Go versions[0m
1.4.1
[34m[1mRedis version[0m
redis-server 2.8.19
[34m[1mriak version[0m
2.0.2
[34m[1mMongoDB version[0m
MongoDB 2.4.12
[34m[1mCouchDB version[0m
couchdb 1.6.1
[34m[1mNeo4j version[0m
1.9.4
[34m[1mRabbitMQ Version[0m
3.4.3
[34m[1mElasticSearch version[0m
1.4.0
[34m[1mInstalled Sphinx versions[0m
2.0.10
2.1.9
2.2.6
[34m[1mDefault Sphinx version[0m
2.2.6
[34m[1mInstalled Firefox version[0m
firefox 31.0esr
[34m[1mPhantomJS version[0m
1.9.8
[34m[1mant -version[0m
Apache Ant(TM) version 1.8.2 compiled on December 3 2011
[34m[1mmvn -version[0m
Apache Maven 3.2.5 (12a6b3acb947671f09b81f49094c53f426d8cea1; 2014-12-14T17:29:23+00:00)
Maven home: /usr/local/maven
Java version: 1.7.0_76, vendor: Oracle Corporation
Java home: /usr/lib/jvm/java-7-oracle/jre
Default locale: en_US, platform encoding: ANSI_X3.4-1968
OS name: "linux", version: "3.13.0-29-generic", arch: "amd64", family: "unix"
travis_fold:end:system_info[0K
sed: cannot rename /etc/hosts: Device or resource busy
sed: cannot rename /etc/hosts: Device or resource busy
$ cd essentials/Essentials
$ jdk_switcher use openjdk7
Switching to OpenJDK7 (java-1.7.0-openjdk-amd64), JAVA_HOME will be set to /usr/lib/jvm/java-7-openjdk-amd64
$ java -Xmx32m -version
java version "1.7.0_75"
OpenJDK Runtime Environment (IcedTea 2.5.4) (7u75-2.5.4-1~precise1)
OpenJDK 64-Bit Server VM (build 24.75-b04, mixed mode)
$ javac -J-Xmx32m -version
javac 1.7.0_75
travis_time:start:1206596b[0K$ ant collect
Buildfile: /home/travis/build/essentials/Essentials/build.xml

setversion:

buildGM:

-pre-init:

-init-private:

-init-user:

-init-project:

-init-macrodef-property:

-do-init:

-post-init:

-init-check:

-init-ap-cmdline-properties:

-init-macrodef-javac-with-processors:

-init-macrodef-javac-without-processors:

-init-macrodef-javac:

-init-macrodef-test-impl:

-init-macrodef-junit-init:

-init-macrodef-junit-single:

-init-test-properties:

-init-macrodef-junit-batch:

-init-macrodef-junit:

-init-macrodef-junit-impl:

-init-macrodef-testng:

-init-macrodef-testng-impl:

-init-macrodef-test:

-init-macrodef-junit-debug:

-init-macrodef-junit-debug-batch:

-init-macrodef-junit-debug-impl:

-init-macrodef-test-debug-junit:

-init-macrodef-testng-debug:

-init-macrodef-testng-debug-impl:

-init-macrodef-test-debug-testng:

-init-macrodef-test-debug:

-init-debug-args:

-init-macrodef-nbjpda:

-init-macrodef-debug:

-init-macrodef-java:

-init-presetdef-jar:

-init-ap-cmdline-supported:

-init-ap-cmdline:

init:

-deps-jar-init:

deps-jar:
    [mkdir] Created dir: /home/travis/build/essentials/Essentials/EssentialsGroupManager/build

-warn-already-built-jar:
[propertyfile] Updating property file: /home/travis/build/essentials/Essentials/EssentialsGroupManager/build/built-jar.properties

-check-automatic-build:

-clean-after-automatic-build:

-verify-automatic-build:

-pre-pre-compile:
    [mkdir] Created dir: /home/travis/build/essentials/Essentials/EssentialsGroupManager/build/classes

-pre-compile:

-copy-persistence-xml:

-compile-depend:

-do-compile:
    [mkdir] Created dir: /home/travis/build/essentials/Essentials/EssentialsGroupManager/build/empty
    [mkdir] Created dir: /home/travis/build/essentials/Essentials/EssentialsGroupManager/build/generated-sources/ap-source-output
    [javac] Compiling 28 source files to /home/travis/build/essentials/Essentials/EssentialsGroupManager/build/classes
    [javac] warning: [options] bootstrap class path not set in conjunction with -source 1.6
    [javac] Note: /home/travis/build/essentials/Essentials/EssentialsGroupManager/src/org/anjocaido/groupmanager/GMConfiguration.java uses unchecked or unsafe operations.
    [javac] Note: Recompile with -Xlint:unchecked for details.
    [javac] 1 warning
     [copy] Copying 6 files to /home/travis/build/essentials/Essentials/EssentialsGroupManager/build/classes

-post-compile:

compile:

-pre-pre-compile-test:

-pre-compile-test:

-compile-test-depend:

-do-compile-test:

-post-compile-test:

compile-test:

-pre-test-run:

-do-test-run:

test-report:

-post-test-run:

-test-browse:

test:

-pre-jar:

-pre-pre-jar:
    [mkdir] Created dir: /home/travis/build/essentials/Essentials/EssentialsGroupManager/dist

-do-jar-with-manifest:

-do-jar-without-manifest:
[j2seproject1:jar] Building jar: /home/travis/build/essentials/Essentials/EssentialsGroupManager/dist/EssentialsGroupManager.jar

-do-jar-with-mainclass:

-do-jar-with-libraries-create-manifest:

-do-jar-with-libraries-copy-manifest:

-do-jar-with-libraries-set-main:

-do-jar-with-libraries-set-splashscreen:

-init-macrodef-copylibs:

-do-jar-with-libraries-pack:

-do-jar-with-libraries-delete-manifest:

-do-jar-with-libraries:

-post-jar:

jar:

-javadoc-build:
    [mkdir] Created dir: /home/travis/build/essentials/Essentials/EssentialsGroupManager/dist/javadoc
  [javadoc] Warning: Leaving out empty argument '-windowtitle'
  [javadoc] Generating Javadoc
  [javadoc] Javadoc execution
  [javadoc] Loading source file /home/travis/build/essentials/Essentials/EssentialsGroupManager/src/org/anjocaido/groupmanager/GMConfiguration.java...
  [javadoc] Loading source file /home/travis/build/essentials/Essentials/EssentialsGroupManager/src/org/anjocaido/groupmanager/GlobalGroups.java...
  [javadoc] Loading source file /home/travis/build/essentials/Essentials/EssentialsGroupManager/src/org/anjocaido/groupmanager/GroupManager.java...
  [javadoc] warning: [options] bootstrap class path not set in conjunction with -source 1.6
  [javadoc] Loading source file /home/travis/build/essentials/Essentials/EssentialsGroupManager/src/org/anjocaido/groupmanager/Tasks/BukkitPermsUpdateTask.java...
  [javadoc] Loading source file /home/travis/build/essentials/Essentials/EssentialsGroupManager/src/org/anjocaido/groupmanager/data/DataUnit.java...
  [javadoc] Loading source file /home/travis/build/essentials/Essentials/EssentialsGroupManager/src/org/anjocaido/groupmanager/data/Group.java...
  [javadoc] Loading source file /home/travis/build/essentials/Essentials/EssentialsGroupManager/src/org/anjocaido/groupmanager/data/GroupVariables.java...
  [javadoc] Loading source file /home/travis/build/essentials/Essentials/EssentialsGroupManager/src/org/anjocaido/groupmanager/data/User.java...
  [javadoc] Loading source file /home/travis/build/essentials/Essentials/EssentialsGroupManager/src/org/anjocaido/groupmanager/data/UserVariables.java...
  [javadoc] Loading source file /home/travis/build/essentials/Essentials/EssentialsGroupManager/src/org/anjocaido/groupmanager/data/Variables.java...
  [javadoc] Loading source file /home/travis/build/essentials/Essentials/EssentialsGroupManager/src/org/anjocaido/groupmanager/dataholder/GroupsDataHolder.java...
  [javadoc] Loading source file /home/travis/build/essentials/Essentials/EssentialsGroupManager/src/org/anjocaido/groupmanager/dataholder/OverloadedWorldHolder.java...
  [javadoc] Loading source file /home/travis/build/essentials/Essentials/EssentialsGroupManager/src/org/anjocaido/groupmanager/dataholder/UsersDataHolder.java...
  [javadoc] Loading source file /home/travis/build/essentials/Essentials/EssentialsGroupManager/src/org/anjocaido/groupmanager/dataholder/WorldDataHolder.java...
  [javadoc] Loading source file /home/travis/build/essentials/Essentials/EssentialsGroupManager/src/org/anjocaido/groupmanager/dataholder/worlds/WorldsHolder.java...
  [javadoc] Loading source file /home/travis/build/essentials/Essentials/EssentialsGroupManager/src/org/anjocaido/groupmanager/events/GMGroupEvent.java...
  [javadoc] Loading source file /home/travis/build/essentials/Essentials/EssentialsGroupManager/src/org/anjocaido/groupmanager/events/GMSystemEvent.java...
  [javadoc] Loading source file /home/travis/build/essentials/Essentials/EssentialsGroupManager/src/org/anjocaido/groupmanager/events/GMUserEvent.java...
  [javadoc] Loading source file /home/travis/build/essentials/Essentials/EssentialsGroupManager/src/org/anjocaido/groupmanager/events/GMWorldListener.java...
  [javadoc] Loading source file /home/travis/build/essentials/Essentials/EssentialsGroupManager/src/org/anjocaido/groupmanager/events/GroupManagerEventHandler.java...
  [javadoc] Loading source file /home/travis/build/essentials/Essentials/EssentialsGroupManager/src/org/anjocaido/groupmanager/permissions/AnjoPermissionsHandler.java...
  [javadoc] Loading source file /home/travis/build/essentials/Essentials/EssentialsGroupManager/src/org/anjocaido/groupmanager/permissions/BukkitPermissions.java...
  [javadoc] Loading source file /home/travis/build/essentials/Essentials/EssentialsGroupManager/src/org/anjocaido/groupmanager/permissions/PermissionsReaderInterface.java...
  [javadoc] Loading source file /home/travis/build/essentials/Essentials/EssentialsGroupManager/src/org/anjocaido/groupmanager/utils/GMLoggerHandler.java...
  [javadoc] Loading source file /home/travis/build/essentials/Essentials/EssentialsGroupManager/src/org/anjocaido/groupmanager/utils/GroupManagerPermissions.java...
  [javadoc] Loading source file /home/travis/build/essentials/Essentials/EssentialsGroupManager/src/org/anjocaido/groupmanager/utils/PermissionCheckResult.java...
  [javadoc] Loading source file /home/travis/build/essentials/Essentials/EssentialsGroupManager/src/org/anjocaido/groupmanager/utils/StringPermissionComparator.java...
  [javadoc] Loading source file /home/travis/build/essentials/Essentials/EssentialsGroupManager/src/org/anjocaido/groupmanager/utils/Tasks.java...
  [javadoc] Constructing Javadoc information...
  [javadoc] Standard Doclet version 1.7.0_75
  [javadoc] Building tree for all the packages and classes...
  [javadoc] /home/travis/build/essentials/Essentials/EssentialsGroupManager/src/org/anjocaido/groupmanager/permissions/AnjoPermissionsHandler.java:1099: warning - @return tag has no arguments.
  [javadoc] Building index for all the packages and classes...
  [javadoc] Building index for all classes...
  [javadoc] Generating /home/travis/build/essentials/Essentials/EssentialsGroupManager/dist/javadoc/help-doc.html...
  [javadoc] 2 warnings

-javadoc-browse:

javadoc:

default:

buildEss:

-pre-init:

-init-private:

-pre-init-libraries:

-init-private-libraries:

-init-libraries:

-init-user:

-init-project:

-init-macrodef-property:

-do-init:

-post-init:

-init-check:

-init-ap-cmdline-properties:

-init-macrodef-javac-with-processors:

-init-macrodef-javac-without-processors:

-init-macrodef-javac:

-init-macrodef-test-impl:

-init-macrodef-junit-init:

-init-macrodef-junit-single:

-init-test-properties:

-init-macrodef-junit-batch:

-init-macrodef-junit:

-init-macrodef-junit-impl:
Trying to override old definition of task http://www.netbeans.org/ns/j2se-project/3:test-impl

-init-macrodef-testng:

-init-macrodef-testng-impl:

-init-macrodef-test:

-init-macrodef-junit-debug:

-init-macrodef-junit-debug-batch:

-init-macrodef-junit-debug-impl:

-init-macrodef-test-debug-junit:

-init-macrodef-testng-debug:

-init-macrodef-testng-debug-impl:

-init-macrodef-test-debug-testng:

-init-macrodef-test-debug:

-init-debug-args:

-init-macrodef-nbjpda:

-init-macrodef-debug:

-init-macrodef-java:

-init-presetdef-jar:

-init-ap-cmdline-supported:

-init-ap-cmdline:

init:

-deps-jar-init:

deps-jar:
    [mkdir] Created dir: /home/travis/build/essentials/Essentials/Essentials/build

-warn-already-built-jar:
[propertyfile] Updating property file: /home/travis/build/essentials/Essentials/Essentials/build/built-jar.properties

-check-call-dep:

-maybe-call-dep:

-pre-init:

-init-private:

-init-user:

-init-project:

-init-macrodef-property:

-do-init:

-post-init:

-init-check:

-init-ap-cmdline-properties:

-init-macrodef-javac-with-processors:

-init-macrodef-javac-without-processors:

-init-macrodef-javac:

-init-macrodef-test-impl:
Trying to override old definition of task http://www.netbeans.org/ns/j2se-project/3:test-impl

-init-macrodef-junit-init:

-init-macrodef-junit-single:

-init-test-properties:

-init-macrodef-junit-batch:

-init-macrodef-junit:

-init-macrodef-junit-impl:

-init-macrodef-testng:

-init-macrodef-testng-impl:

-init-macrodef-test:

-init-macrodef-junit-debug:

-init-macrodef-junit-debug-batch:

-init-macrodef-junit-debug-impl:

-init-macrodef-test-debug-junit:

-init-macrodef-testng-debug:

-init-macrodef-testng-debug-impl:

-init-macrodef-test-debug-testng:

-init-macrodef-test-debug:

-init-debug-args:

-init-macrodef-nbjpda:

-init-macrodef-debug:

-init-macrodef-java:

-init-presetdef-jar:

-init-ap-cmdline-supported:

-init-ap-cmdline:

init:

-deps-jar-init:

deps-jar:

-warn-already-built-jar:
     [echo] Cycle detected: EssentialsGroupManager was already built
[propertyfile] Updating property file: /home/travis/build/essentials/Essentials/Essentials/build/built-jar.properties

-check-automatic-build:

-clean-after-automatic-build:

-verify-automatic-build:

-pre-pre-compile:
    [mkdir] Created dir: /home/travis/build/essentials/Essentials/Essentials/build/classes

-pre-compile:

-copy-persistence-xml:

-compile-depend:

-do-compile:
    [mkdir] Created dir: /home/travis/build/essentials/Essentials/Essentials/build/empty
    [mkdir] Created dir: /home/travis/build/essentials/Essentials/Essentials/build/generated-sources/ap-source-output
    [javac] Compiling 283 source files to /home/travis/build/essentials/Essentials/Essentials/build/classes
    [javac] warning: [options] bootstrap class path not set in conjunction with -source 1.6
    [javac] /home/travis/build/essentials/Essentials/Essentials/src/com/earth2me/essentials/UserData.java:881: warning: [unchecked] unchecked cast
    [javac] 			config.setProperty(node, (List<String>)object);
    [javac] 			                                       ^
    [javac]   required: List<String>
    [javac]   found:    Object
    [javac] /home/travis/build/essentials/Essentials/Essentials/src/com/earth2me/essentials/EssentialsConf.java:486: warning: [unchecked] unchecked call to ArrayList(Collection<? extends E>) as a member of the raw type ArrayList
    [javac] 		set(path, new ArrayList(object));
    [javac] 		          ^
    [javac]   where E is a type-variable:
    [javac]     E extends Object declared in class ArrayList
    [javac] /home/travis/build/essentials/Essentials/Essentials/src/com/earth2me/essentials/EssentialsConf.java:491: warning: [unchecked] unchecked call to LinkedHashMap(Map<? extends K,? extends V>) as a member of the raw type LinkedHashMap
    [javac] 		set(path, new LinkedHashMap(object));
    [javac] 		          ^
    [javac]   where K,V are type-variables:
    [javac]     K extends Object declared in class LinkedHashMap
    [javac]     V extends Object declared in class LinkedHashMap
    [javac] /home/travis/build/essentials/Essentials/Essentials/src/com/earth2me/essentials/MobData.java:46: warning: non-varargs call of varargs method with inexact argument type for last parameter;
    [javac] 	COLORABLE_SHEEP("", StringUtil.joinList(DyeColor.values()).toLowerCase(Locale.ENGLISH), EntityType.SHEEP, Data.COLORABLE, true),
    [javac] 	                                                       ^
    [javac]   cast to Object for a varargs call
    [javac]   cast to Object[] for a non-varargs call and to suppress this warning
    [javac] /home/travis/build/essentials/Essentials/Essentials/src/com/earth2me/essentials/MobData.java:179: warning: [unchecked] unchecked call to isAssignableFrom(Class<?>) as a member of the raw type Class
    [javac] 			else if (data.type instanceof Class && ((Class)data.type).isAssignableFrom(spawned.getClass()) && ((publicOnly && data.isPublic) || !publicOnly))
    [javac] 			                                                                          ^
    [javac] /home/travis/build/essentials/Essentials/Essentials/src/com/earth2me/essentials/storage/BukkitConstructor.java:30: warning: [unchecked] unchecked conversion
    [javac] 		super(clazz, plugin.getClass().getClassLoader());
    [javac] 		      ^
    [javac]   required: Class<? extends Object>
    [javac]   found:    Class
    [javac] /home/travis/build/essentials/Essentials/Essentials/src/com/earth2me/essentials/storage/BukkitConstructor.java:286: warning: [unchecked] unchecked cast
    [javac] 				typeDefinitions = (Map<Class<? extends Object>, TypeDescription>)typeDefField.get((Constructor)BukkitConstructor.this);
    [javac] 				                                                                                 ^
    [javac]   required: Map<Class<? extends Object>,TypeDescription>
    [javac]   found:    Object
    [javac] /home/travis/build/essentials/Essentials/Essentials/src/com/earth2me/essentials/storage/YamlStorageReader.java:47: warning: [unchecked] unchecked cast
    [javac] 			T object = (T)yaml.load(reader);
    [javac] 			                       ^
    [javac]   required: T
    [javac]   found:    Object
    [javac]   where T is a type-variable:
    [javac]     T extends StorageObject declared in method <T>load(Class<? extends T>)
    [javac] /home/travis/build/essentials/Essentials/Essentials/src/com/earth2me/essentials/storage/YamlStorageReader.java:75: warning: [unchecked] unchecked conversion
    [javac] 		final TypeDescription description = new TypeDescription(clazz);
    [javac] 		                                                        ^
    [javac]   required: Class<? extends Object>
    [javac]   found:    Class
    [javac] /home/travis/build/essentials/Essentials/Essentials/src/com/earth2me/essentials/storage/YamlStorageReader.java:94: warning: [unchecked] unchecked conversion
    [javac] 			description.putListPropertyType(field.getName(), listType.value());
    [javac] 			                                                               ^
    [javac]   required: Class<? extends Object>
    [javac]   found:    Class
    [javac] /home/travis/build/essentials/Essentials/Essentials/src/com/earth2me/essentials/storage/YamlStorageReader.java:110: warning: [unchecked] unchecked conversion
    [javac] 										   mapKeyType == null ? String.class : mapKeyType.value(),
    [javac] 										                      ^
    [javac]   required: Class<? extends Object>
    [javac]   found:    Class
    [javac] /home/travis/build/essentials/Essentials/Essentials/src/com/earth2me/essentials/storage/YamlStorageReader.java:111: warning: [unchecked] unchecked conversion
    [javac] 										   mapType.value());
    [javac] 										                ^
    [javac]   required: Class<? extends Object>
    [javac]   found:    Class
    [javac] /home/travis/build/essentials/Essentials/Essentials/src/com/earth2me/essentials/storage/YamlStorageWriter.java:71: warning: [unchecked] unchecked cast
    [javac] 					writeMap((Map<Object, Object>)data, depth + 1);
    [javac] 					                              ^
    [javac]   required: Map<Object,Object>
    [javac]   found:    Object
    [javac] /home/travis/build/essentials/Essentials/Essentials/src/com/earth2me/essentials/storage/YamlStorageWriter.java:75: warning: [unchecked] unchecked cast
    [javac] 					writeCollection((Collection<Object>)data, depth + 1);
    [javac] 					                                    ^
    [javac]   required: Collection<Object>
    [javac]   found:    Object
    [javac] /home/travis/build/essentials/Essentials/Essentials/src/com/earth2me/essentials/storage/YamlStorageWriter.java:189: warning: [unchecked] unchecked cast
    [javac] 					writeCollection((Collection<Object>)value, depth + 1);
    [javac] 					                                    ^
    [javac]   required: Collection<Object>
    [javac]   found:    Object
    [javac] /home/travis/build/essentials/Essentials/Essentials/src/com/earth2me/essentials/storage/YamlStorageWriter.java:312: warning: [unchecked] unchecked cast
    [javac] 		final Entry<Enchantment, Integer> enchLevel = (Entry<Enchantment, Integer>)data;
    [javac] 		                                                                           ^
    [javac]   required: Entry<Enchantment,Integer>
    [javac]   found:    Object
    [javac] /home/travis/build/essentials/Essentials/Essentials/src/com/earth2me/essentials/textreader/HelpInput.java:89: warning: [unchecked] unchecked cast
    [javac] 								else if (permissions instanceof List && !((List<Object>)permissions).isEmpty())
    [javac] 								                                                        ^
    [javac]   required: List<Object>
    [javac]   found:    Object
    [javac] /home/travis/build/essentials/Essentials/Essentials/src/com/earth2me/essentials/textreader/HelpInput.java:92: warning: [unchecked] unchecked cast
    [javac] 									for (Object o : (List<Object>)permissions)
    [javac] 									                              ^
    [javac]   required: List<Object>
    [javac]   found:    Object
    [javac] Note: Some input files use or override a deprecated API.
    [javac] Note: Recompile with -Xlint:deprecation for details.
    [javac] 19 warnings
     [copy] Copying 26 files to /home/travis/build/essentials/Essentials/Essentials/build/classes

-post-compile:

compile:

-pre-jar:

-pre-pre-jar:
    [mkdir] Created dir: /home/travis/build/essentials/Essentials/Essentials/dist

-do-jar-with-manifest:

-do-jar-without-manifest:
[j2seproject1:jar] Building jar: /home/travis/build/essentials/Essentials/Essentials/dist/Essentials.jar

-do-jar-with-mainclass:

-do-jar-with-libraries-create-manifest:

-do-jar-with-libraries-copy-manifest:

-do-jar-with-libraries-set-main:

-do-jar-with-libraries-set-splashscreen:

-init-macrodef-copylibs:

-do-jar-with-libraries-pack:

-do-jar-with-libraries-delete-manifest:

-do-jar-with-libraries:

-post-jar:

jar:

-check-automatic-build:

-clean-after-automatic-build:

-verify-automatic-build:

-pre-pre-compile:

-pre-compile:

-copy-persistence-xml:

-compile-depend:

-do-compile:

-post-compile:

compile:

-pre-pre-compile-test:
    [mkdir] Created dir: /home/travis/build/essentials/Essentials/Essentials/build/test/classes

-pre-compile-test:

-compile-test-depend:

-do-compile-test:
    [javac] Compiling 6 source files to /home/travis/build/essentials/Essentials/Essentials/build/test/classes
    [javac] warning: [options] bootstrap class path not set in conjunction with -source 1.6
    [javac] /home/travis/build/essentials/Essentials/Essentials/test/com/earth2me/essentials/FakeServer.java:786: warning: [unchecked] getOperators() in FakeServer implements getOperators() in Server
    [javac] 	public Set getOperators()
    [javac] 	           ^
    [javac]   return type requires unchecked conversion from Set to Set<OfflinePlayer>
    [javac] Note: Some input files use or override a deprecated API.
    [javac] Note: Recompile with -Xlint:deprecation for details.
    [javac] 2 warnings

-post-compile-test:

compile-test:

-pre-test-run:
    [mkdir] Created dir: /home/travis/build/essentials/Essentials/Essentials/build/test/results

-do-test-run:
    [junit] Nov 16, 2016 6:29:34 PM org.bukkit.Bukkit setServer
    [junit] INFO: This server is running Essentials Fake Server version 1.0 (Implementing API version Essentials Fake-Server)
    [junit] Nov 16, 2016 6:29:34 PM com.earth2me.essentials.Essentials setupForTesting
    [junit] INFO: Using temp folder for testing:
    [junit] Nov 16, 2016 6:29:34 PM com.earth2me.essentials.Essentials setupForTesting
    [junit] INFO: /tmp/essentialstest2644300232529630732
    [junit] Nov 16, 2016 6:29:34 PM com.earth2me.essentials.EssentialsConf load
    [junit] INFO: Creating config from template: /tmp/essentialstest2644300232529630732/config.yml
    [junit] Nov 16, 2016 6:29:34 PM com.earth2me.essentials.I18n updateLocale
    [junit] INFO: Using locale en
    [junit] Testsuite: com.earth2me.essentials.EconomyTest
    [junit] Tests run: 1, Failures: 0, Errors: 0, Time elapsed: 0.13 sec
    [junit] 
    [junit] ------------- Standard Error -----------------
    [junit] Nov 16, 2016 6:29:34 PM org.bukkit.Bukkit setServer
    [junit] INFO: This server is running Essentials Fake Server version 1.0 (Implementing API version Essentials Fake-Server)
    [junit] Nov 16, 2016 6:29:34 PM com.earth2me.essentials.Essentials setupForTesting
    [junit] INFO: Using temp folder for testing:
    [junit] Nov 16, 2016 6:29:34 PM com.earth2me.essentials.Essentials setupForTesting
    [junit] INFO: /tmp/essentialstest2644300232529630732
    [junit] Nov 16, 2016 6:29:34 PM com.earth2me.essentials.EssentialsConf load
    [junit] INFO: Creating config from template: /tmp/essentialstest2644300232529630732/config.yml
    [junit] Nov 16, 2016 6:29:34 PM com.earth2me.essentials.I18n updateLocale
    [junit] INFO: Using locale en
    [junit] Nov 16, 2016 6:29:35 PM com.earth2me.essentials.EssentialsConf$WriteRunner run
    [junit] Nov 16, 2016 6:29:35 PM com.earth2me.essentials.EssentialsConf$WriteRunner run
    [junit] INFO: Creating empty config: /tmp/essentialstest2644300232529630732/userdata/npc1.yml
    [junit] Nov 16, 2016 6:29:35 PM com.earth2me.essentials.EssentialsConf$WriteRunner run
    [junit] INFO: Creating empty config: /tmp/essentialstest2644300232529630732/userdata/testplayer1.yml
    [junit] INFO: Creating empty config: /tmp/essentialstest2644300232529630732/userdata/npc1.yml
    [junit] Nov 16, 2016 6:29:35 PM com.earth2me.essentials.EssentialsConf$WriteRunner run
    [junit] INFO: Creating empty config: /tmp/essentialstest2644300232529630732/userdata/testplayer1.yml
    [junit] ------------- ---------------- ---------------
    [junit] Nov 16, 2016 6:29:35 PM org.bukkit.Bukkit setServer
    [junit] INFO: This server is running Essentials Fake Server version 1.0 (Implementing API version Essentials Fake-Server)
    [junit] Nov 16, 2016 6:29:36 PM com.earth2me.essentials.Essentials setupForTesting
    [junit] INFO: Using temp folder for testing:
    [junit] Nov 16, 2016 6:29:36 PM com.earth2me.essentials.Essentials setupForTesting
    [junit] INFO: /tmp/essentialstest6032925702377265363
    [junit] Nov 16, 2016 6:29:36 PM com.earth2me.essentials.EssentialsConf load
    [junit] INFO: Creating config from template: /tmp/essentialstest6032925702377265363/config.yml
    [junit] Nov 16, 2016 6:29:36 PM com.earth2me.essentials.I18n updateLocale
    [junit] INFO: Using locale en
    [junit] Testsuite: com.earth2me.essentials.StorageTest
    [junit] execution time: fake user created: 4.442ms - load empty user: 11.811ms - change home 1 times: 16.120ms - write user: 1.137ms - write user (cached): 1.667ms - reloaded file: 1.148ms - reloaded file (cached): 0.555ms - Total: 36.880ms
    [junit] Tests run: 1, Failures: 0, Errors: 0, Time elapsed: 0.113 sec
    [junit] 
    [junit] ------------- Standard Output ---------------
    [junit] execution time: fake user created: 4.442ms - load empty user: 11.811ms - change home 1 times: 16.120ms - write user: 1.137ms - write user (cached): 1.667ms - reloaded file: 1.148ms - reloaded file (cached): 0.555ms - Total: 36.880ms
    [junit] ------------- ---------------- ---------------
    [junit] ------------- Standard Error -----------------
    [junit] Nov 16, 2016 6:29:35 PM org.bukkit.Bukkit setServer
    [junit] INFO: This server is running Essentials Fake Server version 1.0 (Implementing API version Essentials Fake-Server)
    [junit] Nov 16, 2016 6:29:36 PM com.earth2me.essentials.Essentials setupForTesting
    [junit] INFO: Using temp folder for testing:
    [junit] Nov 16, 2016 6:29:36 PM com.earth2me.essentials.Essentials setupForTesting
    [junit] INFO: /tmp/essentialstest6032925702377265363
    [junit] Nov 16, 2016 6:29:36 PM com.earth2me.essentials.EssentialsConf load
    [junit] INFO: Creating config from template: /tmp/essentialstest6032925702377265363/config.yml
    [junit] Nov 16, 2016 6:29:36 PM com.earth2me.essentials.I18n updateLocale
    [junit] INFO: Using locale en
    [junit] Nov 16, 2016 6:29:36 PM com.earth2me.essentials.EssentialsConf load
    [junit] INFO: File /tmp/essentialstest6032925702377265363/userdata/testplayer1.yml not read, because it's not yet written to disk.
    [junit] Nov 16, 2016 6:29:36 PM com.earth2me.essentials.EssentialsConf load
    [junit] INFO: File /tmp/essentialstest6032925702377265363/userdata/testplayer1.yml not read, because it's not yet written to disk.
    [junit] ------------- ---------------- ---------------
    [junit] Nov 16, 2016 6:29:36 PM com.earth2me.essentials.EssentialsConf load
    [junit] INFO: File /tmp/essentialstest6032925702377265363/userdata/testplayer1.yml not read, because it's not yet written to disk.
    [junit] Nov 16, 2016 6:29:36 PM com.earth2me.essentials.EssentialsConf load
    [junit] INFO: File /tmp/essentialstest6032925702377265363/userdata/testplayer1.yml not read, because it's not yet written to disk.
    [junit] Nov 16, 2016 6:29:36 PM com.earth2me.essentials.EssentialsConf$WriteRunner run
    [junit] INFO: Creating empty config: /tmp/essentialstest6032925702377265363/userdata/testplayer1.yml
    [junit] Nov 16, 2016 6:29:37 PM org.bukkit.Bukkit setServer
    [junit] INFO: This server is running Essentials Fake Server version 1.0 (Implementing API version Essentials Fake-Server)
    [junit] Nov 16, 2016 6:29:37 PM com.earth2me.essentials.Essentials setupForTesting
    [junit] INFO: Using temp folder for testing:
    [junit] Nov 16, 2016 6:29:37 PM com.earth2me.essentials.Essentials setupForTesting
    [junit] INFO: /tmp/essentialstest8299937092213368495
    [junit] Nov 16, 2016 6:29:37 PM com.earth2me.essentials.EssentialsConf load
    [junit] INFO: Creating config from template: /tmp/essentialstest8299937092213368495/config.yml
    [junit] Nov 16, 2016 6:29:37 PM com.earth2me.essentials.I18n updateLocale
    [junit] INFO: Using locale en
    [junit] Nov 16, 2016 6:29:37 PM com.earth2me.essentials.Essentials setupForTesting
    [junit] INFO: Using temp folder for testing:
    [junit] Nov 16, 2016 6:29:37 PM com.earth2me.essentials.Essentials setupForTesting
    [junit] INFO: /tmp/essentialstest45366290456218667
    [junit] Nov 16, 2016 6:29:37 PM com.earth2me.essentials.EssentialsConf load
    [junit] INFO: Creating config from template: /tmp/essentialstest45366290456218667/config.yml
    [junit] Nov 16, 2016 6:29:37 PM com.earth2me.essentials.I18n updateLocale
    [junit] INFO: Using locale en
    [junit] Nov 16, 2016 6:29:37 PM com.earth2me.essentials.Essentials setupForTesting
    [junit] INFO: Using temp folder for testing:
    [junit] Nov 16, 2016 6:29:37 PM com.earth2me.essentials.Essentials setupForTesting
    [junit] INFO: /tmp/essentialstest8290263192254818086
    [junit] Nov 16, 2016 6:29:37 PM com.earth2me.essentials.EssentialsConf load
    [junit] INFO: Creating config from template: /tmp/essentialstest8290263192254818086/config.yml
    [junit] Nov 16, 2016 6:29:37 PM com.earth2me.essentials.I18n updateLocale
    [junit] INFO: Using locale en
    [junit] Nov 16, 2016 6:29:37 PM com.earth2me.essentials.Essentials setupForTesting
    [junit] INFO: Using temp folder for testing:
    [junit] Nov 16, 2016 6:29:37 PM com.earth2me.essentials.Essentials setupForTesting
    [junit] INFO: /tmp/essentialstest4414028936030399820
    [junit] Nov 16, 2016 6:29:37 PM com.earth2me.essentials.EssentialsConf load
    [junit] INFO: Creating config from template: /tmp/essentialstest4414028936030399820/config.yml
    [junit] Nov 16, 2016 6:29:37 PM com.earth2me.essentials.I18n updateLocale
    [junit] INFO: Using locale en
    [junit] Nov 16, 2016 6:29:37 PM com.earth2me.essentials.Essentials setupForTesting
    [junit] INFO: Using temp folder for testing:
    [junit] Nov 16, 2016 6:29:37 PM com.earth2me.essentials.Essentials setupForTesting
    [junit] INFO: /tmp/essentialstest7877734683966184191
    [junit] Testsuite: com.earth2me.essentials.ToggleTest
    [junit] Nov 16, 2016 6:29:38 PM com.earth2me.essentials.EssentialsConf load
    [junit] INFO: Creating config from template: /tmp/essentialstest7877734683966184191/config.yml
    [junit] Nov 16, 2016 6:29:38 PM com.earth2me.essentials.I18n updateLocale
    [junit] INFO: Using locale en
    [junit] Console message: Â§6Set fly modeÂ§c enabled Â§6for testPlayer1Â§6.
    [junit] Console message: Â§6Set fly modeÂ§c enabled Â§6for testPlayer1Â§6.
    [junit] Console message: Â§6Set fly modeÂ§c disabled Â§6for testPlayer1Â§6.
    [junit] Console message: Â§6Set fly modeÂ§c disabled Â§6for testPlayer1Â§6.
    [junit] Console message: Â§6Set fly modeÂ§c enabled Â§6for testPlayer1Â§6.
    [junit] Console message: Â§6Set fly modeÂ§c disabled Â§6for testPlayer1Â§6.
    [junit] Console message: Â§6Set fly modeÂ§c enabled Â§6for testPlayer1Â§6.
    [junit] Console message: Â§6Set fly modeÂ§c enabled Â§6for testPlayer1Â§6.
    [junit] Console message: Â§6Set fly modeÂ§c disabled Â§6for testPlayer1Â§6.
    [junit] Console message: Â§6Set fly modeÂ§c disabled Â§6for testPlayer1Â§6.
    [junit] Console message: Â§6Set fly modeÂ§c enabled Â§6for testPlayer1Â§6.
    [junit] Console message: Â§6Set fly modeÂ§c enabled Â§6for testPlayer1Â§6.
    [junit] Console message: Â§6Set fly modeÂ§c disabled Â§6for testPlayer1Â§6.
    [junit] Console message: Â§6Set fly modeÂ§c disabled Â§6for testPlayer1Â§6.
    [junit] Tests run: 5, Failures: 0, Errors: 0, Time elapsed: 0.168 sec
    [junit] 
    [junit] ------------- Standard Output ---------------
    [junit] Console message: Â§6Set fly modeÂ§c enabled Â§6for testPlayer1Â§6.
    [junit] Console message: Â§6Set fly modeÂ§c enabled Â§6for testPlayer1Â§6.
    [junit] Console message: Â§6Set fly modeÂ§c disabled Â§6for testPlayer1Â§6.
    [junit] Console message: Â§6Set fly modeÂ§c disabled Â§6for testPlayer1Â§6.
    [junit] Console message: Â§6Set fly modeÂ§c enabled Â§6for testPlayer1Â§6.
    [junit] Console message: Â§6Set fly modeÂ§c disabled Â§6for testPlayer1Â§6.
    [junit] Console message: Â§6Set fly modeÂ§c enabled Â§6for testPlayer1Â§6.
    [junit] Console message: Â§6Set fly modeÂ§c enabled Â§6for testPlayer1Â§6.
    [junit] Console message: Â§6Set fly modeÂ§c disabled Â§6for testPlayer1Â§6.
    [junit] Console message: Â§6Set fly modeÂ§c disabled Â§6for testPlayer1Â§6.
    [junit] Console message: Â§6Set fly modeÂ§c enabled Â§6for testPlayer1Â§6.
    [junit] Console message: Â§6Set fly modeÂ§c enabled Â§6for testPlayer1Â§6.
    [junit] Console message: Â§6Set fly modeÂ§c disabled Â§6for testPlayer1Â§6.
    [junit] Console message: Â§6Set fly modeÂ§c disabled Â§6for testPlayer1Â§6.
    [junit] ------------- ---------------- ---------------
    [junit] ------------- Standard Error -----------------
    [junit] Nov 16, 2016 6:29:37 PM org.bukkit.Bukkit setServer
    [junit] INFO: This server is running Essentials Fake Server version 1.0 (Implementing API version Essentials Fake-Server)
    [junit] Nov 16, 2016 6:29:37 PM com.earth2me.essentials.Essentials setupForTesting
    [junit] INFO: Using temp folder for testing:
    [junit] Nov 16, 2016 6:29:37 PM com.earth2me.essentials.Essentials setupForTesting
    [junit] INFO: /tmp/essentialstest8299937092213368495
    [junit] Nov 16, 2016 6:29:37 PM com.earth2me.essentials.EssentialsConf load
    [junit] INFO: Creating config from template: /tmp/essentialstest8299937092213368495/config.yml
    [junit] Nov 16, 2016 6:29:37 PM com.earth2me.essentials.I18n updateLocale
    [junit] INFO: Using locale en
    [junit] Nov 16, 2016 6:29:37 PM com.earth2me.essentials.Essentials setupForTesting
    [junit] INFO: Using temp folder for testing:
    [junit] Nov 16, 2016 6:29:37 PM com.earth2me.essentials.Essentials setupForTesting
    [junit] INFO: /tmp/essentialstest45366290456218667
    [junit] Nov 16, 2016 6:29:37 PM com.earth2me.essentials.EssentialsConf load
    [junit] INFO: Creating config from template: /tmp/essentialstest45366290456218667/config.yml
    [junit] Nov 16, 2016 6:29:37 PM com.earth2me.essentials.I18n updateLocale
    [junit] INFO: Using locale en
    [junit] Nov 16, 2016 6:29:37 PM com.earth2me.essentials.Essentials setupForTesting
    [junit] INFO: Using temp folder for testing:
    [junit] Nov 16, 2016 6:29:37 PM com.earth2me.essentials.Essentials setupForTesting
    [junit] INFO: /tmp/essentialstest8290263192254818086
    [junit] Nov 16, 2016 6:29:37 PM com.earth2me.essentials.EssentialsConf load
    [junit] INFO: Creating config from template: /tmp/essentialstest8290263192254818086/config.yml
    [junit] Nov 16, 2016 6:29:37 PM com.earth2me.essentials.I18n updateLocale
    [junit] INFO: Using locale en
    [junit] Nov 16, 2016 6:29:37 PM com.earth2me.essentials.Essentials setupForTesting
    [junit] INFO: Using temp folder for testing:
    [junit] Nov 16, 2016 6:29:37 PM com.earth2me.essentials.Essentials setupForTesting
    [junit] INFO: /tmp/essentialstest4414028936030399820
    [junit] Nov 16, 2016 6:29:37 PM com.earth2me.essentials.EssentialsConf load
    [junit] INFO: Creating config from template: /tmp/essentialstest4414028936030399820/config.yml
    [junit] Nov 16, 2016 6:29:37 PM com.earth2me.essentials.I18n updateLocale
    [junit] INFO: Using locale en
    [junit] Nov 16, 2016 6:29:37 PM com.earth2me.essentials.Essentials setupForTesting
    [junit] INFO: Using temp folder for testing:
    [junit] Nov 16, 2016 6:29:37 PM com.earth2me.essentials.Essentials setupForTesting
    [junit] INFO: /tmp/essentialstest7877734683966184191
    [junit] Nov 16, 2016 6:29:38 PM com.earth2me.essentials.EssentialsConf load
    [junit] INFO: Creating config from template: /tmp/essentialstest7877734683966184191/config.yml
    [junit] Nov 16, 2016 6:29:38 PM com.earth2me.essentials.I18n updateLocale
    [junit] INFO: Using locale en
    [junit] Nov 16, 2016 6:29:38 PM com.earth2me.essentials.EssentialsConf$WriteRunner run
    [junit] INFO: Creating empty config: /tmp/essentialstest8299937092213368495/userdata/testplayer1.yml
    [junit] ------------- ---------------- ---------------
    [junit] Nov 16, 2016 6:29:38 PM com.earth2me.essentials.EssentialsConf$WriteRunner run
    [junit] INFO: Creating empty config: /tmp/essentialstest8299937092213368495/userdata/testplayer1.yml
    [junit] Nov 16, 2016 6:29:38 PM org.bukkit.Bukkit setServer
    [junit] INFO: This server is running Essentials Fake Server version 1.0 (Implementing API version Essentials Fake-Server)
    [junit] Nov 16, 2016 6:29:39 PM com.earth2me.essentials.Essentials setupForTesting
    [junit] INFO: Using temp folder for testing:
    [junit] Nov 16, 2016 6:29:39 PM com.earth2me.essentials.Essentials setupForTesting
    [junit] INFO: /tmp/essentialstest6323722171013346770
    [junit] Nov 16, 2016 6:29:39 PM com.earth2me.essentials.EssentialsConf load
    [junit] INFO: Creating config from template: /tmp/essentialstest6323722171013346770/config.yml
    [junit] Nov 16, 2016 6:29:39 PM com.earth2me.essentials.I18n updateLocale
    [junit] INFO: Using locale en
    [junit] Nov 16, 2016 6:29:39 PM com.earth2me.essentials.Essentials setupForTesting
    [junit] INFO: Using temp folder for testing:
    [junit] Nov 16, 2016 6:29:39 PM com.earth2me.essentials.Essentials setupForTesting
    [junit] INFO: /tmp/essentialstest3420923453067186794
    [junit] Nov 16, 2016 6:29:39 PM com.earth2me.essentials.EssentialsConf load
    [junit] INFO: Creating config from template: /tmp/essentialstest3420923453067186794/config.yml
    [junit] Nov 16, 2016 6:29:39 PM com.earth2me.essentials.I18n updateLocale
    [junit] INFO: Using locale en
    [junit] Nov 16, 2016 6:29:39 PM com.earth2me.essentials.Essentials setupForTesting
    [junit] INFO: Using temp folder for testing:
    [junit] Nov 16, 2016 6:29:39 PM com.earth2me.essentials.Essentials setupForTesting
    [junit] INFO: /tmp/essentialstest5923891979656243792
    [junit] Testsuite: com.earth2me.essentials.UserTest
    [junit] Nov 16, 2016 6:29:39 PM com.earth2me.essentials.EssentialsConf load
    [junit] INFO: Creating config from template: /tmp/essentialstest5923891979656243792/config.yml
    [junit] Nov 16, 2016 6:29:39 PM com.earth2me.essentials.I18n updateLocale
    [junit] INFO: Using locale en
    [junit] Nov 16, 2016 6:29:39 PM com.earth2me.essentials.Essentials setupForTesting
    [junit] INFO: Using temp folder for testing:
    [junit] Nov 16, 2016 6:29:39 PM com.earth2me.essentials.Essentials setupForTesting
    [junit] INFO: /tmp/essentialstest873046731908228989
    [junit] Nov 16, 2016 6:29:39 PM com.earth2me.essentials.EssentialsConf load
    [junit] INFO: Creating config from template: /tmp/essentialstest873046731908228989/config.yml
    [junit] Nov 16, 2016 6:29:39 PM com.earth2me.essentials.I18n updateLocale
    [junit] INFO: Using locale en
    [junit] testMoney should properly set, take, give, and get money
    [junit] testGetGroup should return the default group
    [junit] Tests run: 4, Failures: 0, Errors: 0, Time elapsed: 0.084 sec
    [junit] 
    [junit] ------------- Standard Output ---------------
    [junit] testMoney should properly set, take, give, and get money
    [junit] testGetGroup should return the default group
    [junit] ------------- ---------------- ---------------
    [junit] ------------- Standard Error -----------------
    [junit] Nov 16, 2016 6:29:38 PM org.bukkit.Bukkit setServer
    [junit] INFO: This server is running Essentials Fake Server version 1.0 (Implementing API version Essentials Fake-Server)
    [junit] Nov 16, 2016 6:29:39 PM com.earth2me.essentials.Essentials setupForTesting
    [junit] INFO: Using temp folder for testing:
    [junit] Nov 16, 2016 6:29:39 PM com.earth2me.essentials.Essentials setupForTesting
    [junit] INFO: /tmp/essentialstest6323722171013346770
    [junit] Nov 16, 2016 6:29:39 PM com.earth2me.essentials.EssentialsConf load
    [junit] INFO: Creating config from template: /tmp/essentialstest6323722171013346770/config.yml
    [junit] Nov 16, 2016 6:29:39 PM com.earth2me.essentials.I18n updateLocale
    [junit] INFO: Using locale en
    [junit] Nov 16, 2016 6:29:39 PM com.earth2me.essentials.Essentials setupForTesting
    [junit] INFO: Using temp folder for testing:
    [junit] Nov 16, 2016 6:29:39 PM com.earth2me.essentials.Essentials setupForTesting
    [junit] INFO: /tmp/essentialstest3420923453067186794
    [junit] Nov 16, 2016 6:29:39 PM com.earth2me.essentials.EssentialsConf load
    [junit] INFO: Creating config from template: /tmp/essentialstest3420923453067186794/config.yml
    [junit] Nov 16, 2016 6:29:39 PM com.earth2me.essentials.I18n updateLocale
    [junit] INFO: Using locale en
    [junit] Nov 16, 2016 6:29:39 PM com.earth2me.essentials.Essentials setupForTesting
    [junit] INFO: Using temp folder for testing:
    [junit] Nov 16, 2016 6:29:39 PM com.earth2me.essentials.Essentials setupForTesting
    [junit] INFO: /tmp/essentialstest5923891979656243792
    [junit] Nov 16, 2016 6:29:39 PM com.earth2me.essentials.EssentialsConf load
    [junit] INFO: Creating config from template: /tmp/essentialstest5923891979656243792/config.yml
    [junit] Nov 16, 2016 6:29:39 PM com.earth2me.essentials.I18n updateLocale
    [junit] INFO: Using locale en
    [junit] Nov 16, 2016 6:29:39 PM com.earth2me.essentials.Essentials setupForTesting
    [junit] INFO: Using temp folder for testing:
    [junit] Nov 16, 2016 6:29:39 PM com.earth2me.essentials.EssentialsConf$WriteRunner run
    [junit] INFO: Creating empty config: /tmp/essentialstest6323722171013346770/userdata/testplayer1.yml
    [junit] Nov 16, 2016 6:29:39 PM com.earth2me.essentials.EssentialsConf$WriteRunner run
    [junit] INFO: Creating empty config: /tmp/essentialstest873046731908228989/userdata/testplayer1.yml
    [junit] Nov 16, 2016 6:29:39 PM com.earth2me.essentials.Essentials setupForTesting
    [junit] INFO: /tmp/essentialstest873046731908228989
    [junit] Nov 16, 2016 6:29:39 PM com.earth2me.essentials.EssentialsConf load
    [junit] INFO: Creating config from template: /tmp/essentialstest873046731908228989/config.yml
    [junit] Nov 16, 2016 6:29:39 PM com.earth2me.essentials.I18n updateLocale
    [junit] INFO: Using locale en
    [junit] ------------- ---------------- ---------------
    [junit] Nov 16, 2016 6:29:40 PM org.bukkit.Bukkit setServer
    [junit] INFO: This server is running Essentials Fake Server version 1.0 (Implementing API version Essentials Fake-Server)
    [junit] Nov 16, 2016 6:29:40 PM com.earth2me.essentials.Essentials setupForTesting
    [junit] INFO: Using temp folder for testing:
    [junit] Nov 16, 2016 6:29:40 PM com.earth2me.essentials.Essentials setupForTesting
    [junit] INFO: /tmp/essentialstest8369486902046469856
    [junit] Nov 16, 2016 6:29:40 PM com.earth2me.essentials.EssentialsConf load
    [junit] INFO: Creating config from template: /tmp/essentialstest8369486902046469856/config.yml
    [junit] Nov 16, 2016 6:29:40 PM com.earth2me.essentials.I18n updateLocale
    [junit] INFO: Using locale en
    [junit] Nov 16, 2016 6:29:40 PM com.earth2me.essentials.Essentials setupForTesting
    [junit] INFO: Using temp folder for testing:
    [junit] Nov 16, 2016 6:29:40 PM com.earth2me.essentials.Essentials setupForTesting
    [junit] INFO: /tmp/essentialstest7018389625196125913
    [junit] Nov 16, 2016 6:29:41 PM com.earth2me.essentials.EssentialsConf load
    [junit] INFO: Creating config from template: /tmp/essentialstest7018389625196125913/config.yml
    [junit] Nov 16, 2016 6:29:41 PM com.earth2me.essentials.I18n updateLocale
    [junit] INFO: Using locale en
    [junit] Nov 16, 2016 6:29:41 PM com.earth2me.essentials.Essentials setupForTesting
    [junit] INFO: Using temp folder for testing:
    [junit] Nov 16, 2016 6:29:41 PM com.earth2me.essentials.Essentials setupForTesting
    [junit] INFO: /tmp/essentialstest6827301136514222372
    [junit] Nov 16, 2016 6:29:41 PM com.earth2me.essentials.EssentialsConf load
    [junit] INFO: Creating config from template: /tmp/essentialstest6827301136514222372/config.yml
    [junit] Nov 16, 2016 6:29:41 PM com.earth2me.essentials.I18n updateLocale
    [junit] INFO: Using locale en
    [junit] Nov 16, 2016 6:29:41 PM com.earth2me.essentials.Essentials setupForTesting
    [junit] INFO: Using temp folder for testing:
    [junit] Nov 16, 2016 6:29:41 PM com.earth2me.essentials.Essentials setupForTesting
    [junit] INFO: /tmp/essentialstest2549531108751772401
    [junit] Testsuite: com.earth2me.essentials.UtilTest
    [junit] Nov 16, 2016 6:29:41 PM com.earth2me.essentials.EssentialsConf load
    [junit] INFO: Creating config from template: /tmp/essentialstest2549531108751772401/config.yml
    [junit] Nov 16, 2016 6:29:41 PM com.earth2me.essentials.I18n updateLocale
    [junit] INFO: Using locale en
    [junit] Tests run: 4, Failures: 0, Errors: 0, Time elapsed: 0.153 sec
    [junit] 
    [junit] ------------- Standard Error -----------------
    [junit] Nov 16, 2016 6:29:40 PM org.bukkit.Bukkit setServer
    [junit] INFO: This server is running Essentials Fake Server version 1.0 (Implementing API version Essentials Fake-Server)
    [junit] Nov 16, 2016 6:29:40 PM com.earth2me.essentials.Essentials setupForTesting
    [junit] INFO: Using temp folder for testing:
    [junit] Nov 16, 2016 6:29:40 PM com.earth2me.essentials.Essentials setupForTesting
    [junit] INFO: /tmp/essentialstest8369486902046469856
    [junit] Nov 16, 2016 6:29:40 PM com.earth2me.essentials.EssentialsConf load
    [junit] INFO: Creating config from template: /tmp/essentialstest8369486902046469856/config.yml
    [junit] Nov 16, 2016 6:29:40 PM com.earth2me.essentials.I18n updateLocale
    [junit] INFO: Using locale en
    [junit] Nov 16, 2016 6:29:40 PM com.earth2me.essentials.Essentials setupForTesting
    [junit] INFO: Using temp folder for testing:
    [junit] Nov 16, 2016 6:29:40 PM com.earth2me.essentials.Essentials setupForTesting
    [junit] INFO: /tmp/essentialstest7018389625196125913
    [junit] Nov 16, 2016 6:29:41 PM com.earth2me.essentials.EssentialsConf load
    [junit] INFO: Creating config from template: /tmp/essentialstest7018389625196125913/config.yml
    [junit] Nov 16, 2016 6:29:41 PM com.earth2me.essentials.I18n updateLocale
    [junit] INFO: Using locale en
    [junit] Nov 16, 2016 6:29:41 PM com.earth2me.essentials.Essentials setupForTesting
    [junit] INFO: Using temp folder for testing:
    [junit] Nov 16, 2016 6:29:41 PM com.earth2me.essentials.Essentials setupForTesting
    [junit] INFO: /tmp/essentialstest6827301136514222372
    [junit] Nov 16, 2016 6:29:41 PM com.earth2me.essentials.EssentialsConf load
    [junit] INFO: Creating config from template: /tmp/essentialstest6827301136514222372/config.yml
    [junit] Nov 16, 2016 6:29:41 PM com.earth2me.essentials.I18n updateLocale
    [junit] INFO: Using locale en
    [junit] Nov 16, 2016 6:29:41 PM com.earth2me.essentials.Essentials setupForTesting
    [junit] INFO: Using temp folder for testing:
    [junit] Nov 16, 2016 6:29:41 PM com.earth2me.essentials.Essentials setupForTesting
    [junit] INFO: /tmp/essentialstest2549531108751772401
    [junit] Nov 16, 2016 6:29:41 PM com.earth2me.essentials.EssentialsConf load
    [junit] INFO: Creating config from template: /tmp/essentialstest2549531108751772401/config.yml
    [junit] Nov 16, 2016 6:29:41 PM com.earth2me.essentials.I18n updateLocale
    [junit] INFO: Using locale en
    [junit] ------------- ---------------- ---------------

test-report:

-post-test-run:

-test-browse:

test:

-pre-jar:

-pre-pre-jar:

-do-jar-with-manifest:

-do-jar-without-manifest:

-do-jar-with-mainclass:

-do-jar-with-libraries-create-manifest:

-do-jar-with-libraries-copy-manifest:

-do-jar-with-libraries-set-main:

-do-jar-with-libraries-set-splashscreen:

-init-macrodef-copylibs:

-do-jar-with-libraries-pack:

-do-jar-with-libraries-delete-manifest:

-do-jar-with-libraries:

-post-jar:

jar:

-javadoc-build:
    [mkdir] Created dir: /home/travis/build/essentials/Essentials/Essentials/dist/javadoc
  [javadoc] Warning: Leaving out empty argument '-windowtitle'
  [javadoc] Generating Javadoc
  [javadoc] Javadoc execution
  [javadoc] Loading source file /home/travis/build/essentials/Essentials/Essentials/src/com/earth2me/essentials/AlternativeCommandsHandler.java...
  [javadoc] Loading source file /home/travis/build/essentials/Essentials/Essentials/src/com/earth2me/essentials/Backup.java...
  [javadoc] Loading source file /home/travis/build/essentials/Essentials/Essentials/src/com/earth2me/essentials/ChargeException.java...
  [javadoc] Loading source file /home/travis/build/essentials/Essentials/Essentials/src/com/earth2me/essentials/Console.java...
  [javadoc] Loading source file /home/travis/build/essentials/Essentials/Essentials/src/com/earth2me/essentials/Enchantments.java...
  [javadoc] Loading source file /home/travis/build/essentials/Essentials/Essentials/src/com/earth2me/essentials/Essentials.java...
  [javadoc] warning: [options] bootstrap class path not set in conjunction with -source 1.6
  [javadoc] Loading source file /home/travis/build/essentials/Essentials/Essentials/src/com/earth2me/essentials/EssentialsBlockListener.java...
  [javadoc] Loading source file /home/travis/build/essentials/Essentials/Essentials/src/com/earth2me/essentials/EssentialsConf.java...
  [javadoc] Loading source file /home/travis/build/essentials/Essentials/Essentials/src/com/earth2me/essentials/EssentialsEntityListener.java...
  [javadoc] Loading source file /home/travis/build/essentials/Essentials/Essentials/src/com/earth2me/essentials/EssentialsPlayerListener.java...
  [javadoc] Loading source file /home/travis/build/essentials/Essentials/Essentials/src/com/earth2me/essentials/EssentialsPluginListener.java...
  [javadoc] Loading source file /home/travis/build/essentials/Essentials/Essentials/src/com/earth2me/essentials/EssentialsTimer.java...
  [javadoc] Loading source file /home/travis/build/essentials/Essentials/Essentials/src/com/earth2me/essentials/EssentialsUpgrade.java...
  [javadoc] Loading source file /home/travis/build/essentials/Essentials/Essentials/src/com/earth2me/essentials/ExecuteTimer.java...
  [javadoc] Loading source file /home/travis/build/essentials/Essentials/Essentials/src/com/earth2me/essentials/I18n.java...
  [javadoc] Loading source file /home/travis/build/essentials/Essentials/Essentials/src/com/earth2me/essentials/IConf.java...
  [javadoc] Loading source file /home/travis/build/essentials/Essentials/Essentials/src/com/earth2me/essentials/IEssentials.java...
  [javadoc] Loading source file /home/travis/build/essentials/Essentials/Essentials/src/com/earth2me/essentials/IEssentialsModule.java...
  [javadoc] Loading source file /home/travis/build/essentials/Essentials/Essentials/src/com/earth2me/essentials/IReplyTo.java...
  [javadoc] Loading source file /home/travis/build/essentials/Essentials/Essentials/src/com/earth2me/essentials/ISettings.java...
  [javadoc] Loading source file /home/travis/build/essentials/Essentials/Essentials/src/com/earth2me/essentials/ITarget.java...
  [javadoc] Loading source file /home/travis/build/essentials/Essentials/Essentials/src/com/earth2me/essentials/IUser.java...
  [javadoc] Loading source file /home/travis/build/essentials/Essentials/Essentials/src/com/earth2me/essentials/ItemDb.java...
  [javadoc] Loading source file /home/travis/build/essentials/Essentials/Essentials/src/com/earth2me/essentials/Jails.java...
  [javadoc] Loading source file /home/travis/build/essentials/Essentials/Essentials/src/com/earth2me/essentials/Kit.java...
  [javadoc] Loading source file /home/travis/build/essentials/Essentials/Essentials/src/com/earth2me/essentials/LocationTarget.java...
  [javadoc] Loading source file /home/travis/build/essentials/Essentials/Essentials/src/com/earth2me/essentials/ManagedFile.java...
  [javadoc] Loading source file /home/travis/build/essentials/Essentials/Essentials/src/com/earth2me/essentials/MetaItemStack.java...
  [javadoc] Loading source file /home/travis/build/essentials/Essentials/Essentials/src/com/earth2me/essentials/Mob.java...
  [javadoc] Loading source file /home/travis/build/essentials/Essentials/Essentials/src/com/earth2me/essentials/MobData.java...
  [javadoc] Loading source file /home/travis/build/essentials/Essentials/Essentials/src/com/earth2me/essentials/OfflinePlayer.java...
  [javadoc] Loading source file /home/travis/build/essentials/Essentials/Essentials/src/com/earth2me/essentials/PlayerExtension.java...
  [javadoc] Loading source file /home/travis/build/essentials/Essentials/Essentials/src/com/earth2me/essentials/PlayerTarget.java...
  [javadoc] Loading source file /home/travis/build/essentials/Essentials/Essentials/src/com/earth2me/essentials/Potions.java...
  [javadoc] Loading source file /home/travis/build/essentials/Essentials/Essentials/src/com/earth2me/essentials/Settings.java...
  [javadoc] Loading source file /home/travis/build/essentials/Essentials/Essentials/src/com/earth2me/essentials/SpawnMob.java...
  [javadoc] Loading source file /home/travis/build/essentials/Essentials/Essentials/src/com/earth2me/essentials/TNTExplodeListener.java...
  [javadoc] Loading source file /home/travis/build/essentials/Essentials/Essentials/src/com/earth2me/essentials/Teleport.java...
  [javadoc] Loading source file /home/travis/build/essentials/Essentials/Essentials/src/com/earth2me/essentials/TimedTeleport.java...
  [javadoc] Loading source file /home/travis/build/essentials/Essentials/Essentials/src/com/earth2me/essentials/Trade.java...
  [javadoc] Loading source file /home/travis/build/essentials/Essentials/Essentials/src/com/earth2me/essentials/User.java...
  [javadoc] Loading source file /home/travis/build/essentials/Essentials/Essentials/src/com/earth2me/essentials/UserData.java...
  [javadoc] Loading source file /home/travis/build/essentials/Essentials/Essentials/src/com/earth2me/essentials/UserMap.java...
  [javadoc] Loading source file /home/travis/build/essentials/Essentials/Essentials/src/com/earth2me/essentials/Warps.java...
  [javadoc] Loading source file /home/travis/build/essentials/Essentials/Essentials/src/com/earth2me/essentials/Worth.java...
  [javadoc] Loading source file /home/travis/build/essentials/Essentials/Essentials/src/com/earth2me/essentials/api/Economy.java...
  [javadoc] Loading source file /home/travis/build/essentials/Essentials/Essentials/src/com/earth2me/essentials/api/II18n.java...
  [javadoc] Loading source file /home/travis/build/essentials/Essentials/Essentials/src/com/earth2me/essentials/api/IItemDb.java...
  [javadoc] Loading source file /home/travis/build/essentials/Essentials/Essentials/src/com/earth2me/essentials/api/IJails.java...
  [javadoc] Loading source file /home/travis/build/essentials/Essentials/Essentials/src/com/earth2me/essentials/api/IReload.java...
  [javadoc] Loading source file /home/travis/build/essentials/Essentials/Essentials/src/com/earth2me/essentials/api/ITeleport.java...
  [javadoc] Loading source file /home/travis/build/essentials/Essentials/Essentials/src/com/earth2me/essentials/api/IWarps.java...
  [javadoc] Loading source file /home/travis/build/essentials/Essentials/Essentials/src/com/earth2me/essentials/api/InvalidNameException.java...
  [javadoc] Loading source file /home/travis/build/essentials/Essentials/Essentials/src/com/earth2me/essentials/api/InvalidWorldException.java...
  [javadoc] Loading source file /home/travis/build/essentials/Essentials/Essentials/src/com/earth2me/essentials/api/NoLoanPermittedException.java...
  [javadoc] Loading source file /home/travis/build/essentials/Essentials/Essentials/src/com/earth2me/essentials/api/UserDoesNotExistException.java...
  [javadoc] Loading source file /home/travis/build/essentials/Essentials/Essentials/src/com/earth2me/essentials/commands/Commandafk.java...
  [javadoc] Loading source file /home/travis/build/essentials/Essentials/Essentials/src/com/earth2me/essentials/commands/Commandantioch.java...
  [javadoc] Loading source file /home/travis/build/essentials/Essentials/Essentials/src/com/earth2me/essentials/commands/Commandback.java...
  [javadoc] Loading source file /home/travis/build/essentials/Essentials/Essentials/src/com/earth2me/essentials/commands/Commandbackup.java...
  [javadoc] Loading source file /home/travis/build/essentials/Essentials/Essentials/src/com/earth2me/essentials/commands/Commandbalance.java...
  [javadoc] Loading source file /home/travis/build/essentials/Essentials/Essentials/src/com/earth2me/essentials/commands/Commandbalancetop.java...
  [javadoc] Loading source file /home/travis/build/essentials/Essentials/Essentials/src/com/earth2me/essentials/commands/Commandban.java...
  [javadoc] Loading source file /home/travis/build/essentials/Essentials/Essentials/src/com/earth2me/essentials/commands/Commandbanip.java...
  [javadoc] Loading source file /home/travis/build/essentials/Essentials/Essentials/src/com/earth2me/essentials/commands/Commandbigtree.java...
  [javadoc] Loading source file /home/travis/build/essentials/Essentials/Essentials/src/com/earth2me/essentials/commands/Commandbook.java...
  [javadoc] Loading source file /home/travis/build/essentials/Essentials/Essentials/src/com/earth2me/essentials/commands/Commandbreak.java...
  [javadoc] Loading source file /home/travis/build/essentials/Essentials/Essentials/src/com/earth2me/essentials/commands/Commandbroadcast.java...
  [javadoc] Loading source file /home/travis/build/essentials/Essentials/Essentials/src/com/earth2me/essentials/commands/Commandburn.java...
  [javadoc] Loading source file /home/travis/build/essentials/Essentials/Essentials/src/com/earth2me/essentials/commands/Commandclearinventory.java...
  [javadoc] Loading source file /home/travis/build/essentials/Essentials/Essentials/src/com/earth2me/essentials/commands/Commandcompass.java...
  [javadoc] Loading source file /home/travis/build/essentials/Essentials/Essentials/src/com/earth2me/essentials/commands/Commanddelhome.java...
  [javadoc] Loading source file /home/travis/build/essentials/Essentials/Essentials/src/com/earth2me/essentials/commands/Commanddeljail.java...
  [javadoc] Loading source file /home/travis/build/essentials/Essentials/Essentials/src/com/earth2me/essentials/commands/Commanddelwarp.java...
  [javadoc] Loading source file /home/travis/build/essentials/Essentials/Essentials/src/com/earth2me/essentials/commands/Commanddepth.java...
  [javadoc] Loading source file /home/travis/build/essentials/Essentials/Essentials/src/com/earth2me/essentials/commands/Commandeco.java...
  [javadoc] Loading source file /home/travis/build/essentials/Essentials/Essentials/src/com/earth2me/essentials/commands/Commandenchant.java...
  [javadoc] Loading source file /home/travis/build/essentials/Essentials/Essentials/src/com/earth2me/essentials/commands/Commandenderchest.java...
  [javadoc] Loading source file /home/travis/build/essentials/Essentials/Essentials/src/com/earth2me/essentials/commands/Commandessentials.java...
  [javadoc] Loading source file /home/travis/build/essentials/Essentials/Essentials/src/com/earth2me/essentials/commands/Commandexp.java...
  [javadoc] Loading source file /home/travis/build/essentials/Essentials/Essentials/src/com/earth2me/essentials/commands/Commandext.java...
  [javadoc] Loading source file /home/travis/build/essentials/Essentials/Essentials/src/com/earth2me/essentials/commands/Commandfeed.java...
  [javadoc] Loading source file /home/travis/build/essentials/Essentials/Essentials/src/com/earth2me/essentials/commands/Commandfireball.java...
  [javadoc] Loading source file /home/travis/build/essentials/Essentials/Essentials/src/com/earth2me/essentials/commands/Commandfirework.java...
  [javadoc] Loading source file /home/travis/build/essentials/Essentials/Essentials/src/com/earth2me/essentials/commands/Commandfly.java...
  [javadoc] Loading source file /home/travis/build/essentials/Essentials/Essentials/src/com/earth2me/essentials/commands/Commandgamemode.java...
  [javadoc] Loading source file /home/travis/build/essentials/Essentials/Essentials/src/com/earth2me/essentials/commands/Commandgc.java...
  [javadoc] Loading source file /home/travis/build/essentials/Essentials/Essentials/src/com/earth2me/essentials/commands/Commandgetpos.java...
  [javadoc] Loading source file /home/travis/build/essentials/Essentials/Essentials/src/com/earth2me/essentials/commands/Commandgive.java...
  [javadoc] Loading source file /home/travis/build/essentials/Essentials/Essentials/src/com/earth2me/essentials/commands/Commandgod.java...
  [javadoc] Loading source file /home/travis/build/essentials/Essentials/Essentials/src/com/earth2me/essentials/commands/Commandhat.java...
  [javadoc] Loading source file /home/travis/build/essentials/Essentials/Essentials/src/com/earth2me/essentials/commands/Commandheal.java...
  [javadoc] Loading source file /home/travis/build/essentials/Essentials/Essentials/src/com/earth2me/essentials/commands/Commandhelp.java...
  [javadoc] Loading source file /home/travis/build/essentials/Essentials/Essentials/src/com/earth2me/essentials/commands/Commandhelpop.java...
  [javadoc] Loading source file /home/travis/build/essentials/Essentials/Essentials/src/com/earth2me/essentials/commands/Commandhome.java...
  [javadoc] Loading source file /home/travis/build/essentials/Essentials/Essentials/src/com/earth2me/essentials/commands/Commandignore.java...
  [javadoc] Loading source file /home/travis/build/essentials/Essentials/Essentials/src/com/earth2me/essentials/commands/Commandinfo.java...
  [javadoc] Loading source file /home/travis/build/essentials/Essentials/Essentials/src/com/earth2me/essentials/commands/Commandinvsee.java...
  [javadoc] Loading source file /home/travis/build/essentials/Essentials/Essentials/src/com/earth2me/essentials/commands/Commanditem.java...
  [javadoc] Loading source file /home/travis/build/essentials/Essentials/Essentials/src/com/earth2me/essentials/commands/Commanditemdb.java...
  [javadoc] Loading source file /home/travis/build/essentials/Essentials/Essentials/src/com/earth2me/essentials/commands/Commandjails.java...
  [javadoc] Loading source file /home/travis/build/essentials/Essentials/Essentials/src/com/earth2me/essentials/commands/Commandjump.java...
  [javadoc] Loading source file /home/travis/build/essentials/Essentials/Essentials/src/com/earth2me/essentials/commands/Commandkick.java...
  [javadoc] Loading source file /home/travis/build/essentials/Essentials/Essentials/src/com/earth2me/essentials/commands/Commandkickall.java...
  [javadoc] Loading source file /home/travis/build/essentials/Essentials/Essentials/src/com/earth2me/essentials/commands/Commandkill.java...
  [javadoc] Loading source file /home/travis/build/essentials/Essentials/Essentials/src/com/earth2me/essentials/commands/Commandkillall.java...
  [javadoc] Loading source file /home/travis/build/essentials/Essentials/Essentials/src/com/earth2me/essentials/commands/Commandkit.java...
  [javadoc] Loading source file /home/travis/build/essentials/Essentials/Essentials/src/com/earth2me/essentials/commands/Commandkittycannon.java...
  [javadoc] Loading source file /home/travis/build/essentials/Essentials/Essentials/src/com/earth2me/essentials/commands/Commandlightning.java...
  [javadoc] Loading source file /home/travis/build/essentials/Essentials/Essentials/src/com/earth2me/essentials/commands/Commandlist.java...
  [javadoc] Loading source file /home/travis/build/essentials/Essentials/Essentials/src/com/earth2me/essentials/commands/Commandmail.java...
  [javadoc] Loading source file /home/travis/build/essentials/Essentials/Essentials/src/com/earth2me/essentials/commands/Commandme.java...
  [javadoc] Loading source file /home/travis/build/essentials/Essentials/Essentials/src/com/earth2me/essentials/commands/Commandmore.java...
  [javadoc] Loading source file /home/travis/build/essentials/Essentials/Essentials/src/com/earth2me/essentials/commands/Commandmotd.java...
  [javadoc] Loading source file /home/travis/build/essentials/Essentials/Essentials/src/com/earth2me/essentials/commands/Commandmsg.java...
  [javadoc] Loading source file /home/travis/build/essentials/Essentials/Essentials/src/com/earth2me/essentials/commands/Commandmute.java...
  [javadoc] Loading source file /home/travis/build/essentials/Essentials/Essentials/src/com/earth2me/essentials/commands/Commandnear.java...
  [javadoc] Loading source file /home/travis/build/essentials/Essentials/Essentials/src/com/earth2me/essentials/commands/Commandnick.java...
  [javadoc] Loading source file /home/travis/build/essentials/Essentials/Essentials/src/com/earth2me/essentials/commands/Commandnuke.java...
  [javadoc] Loading source file /home/travis/build/essentials/Essentials/Essentials/src/com/earth2me/essentials/commands/Commandpay.java...
  [javadoc] Loading source file /home/travis/build/essentials/Essentials/Essentials/src/com/earth2me/essentials/commands/Commandping.java...
  [javadoc] Loading source file /home/travis/build/essentials/Essentials/Essentials/src/com/earth2me/essentials/commands/Commandpotion.java...
  [javadoc] Loading source file /home/travis/build/essentials/Essentials/Essentials/src/com/earth2me/essentials/commands/Commandpowertool.java...
  [javadoc] Loading source file /home/travis/build/essentials/Essentials/Essentials/src/com/earth2me/essentials/commands/Commandpowertooltoggle.java...
  [javadoc] Loading source file /home/travis/build/essentials/Essentials/Essentials/src/com/earth2me/essentials/commands/Commandptime.java...
  [javadoc] Loading source file /home/travis/build/essentials/Essentials/Essentials/src/com/earth2me/essentials/commands/Commandpweather.java...
  [javadoc] Loading source file /home/travis/build/essentials/Essentials/Essentials/src/com/earth2me/essentials/commands/Commandr.java...
  [javadoc] Loading source file /home/travis/build/essentials/Essentials/Essentials/src/com/earth2me/essentials/commands/Commandrealname.java...
  [javadoc] Loading source file /home/travis/build/essentials/Essentials/Essentials/src/com/earth2me/essentials/commands/Commandrecipe.java...
  [javadoc] Loading source file /home/travis/build/essentials/Essentials/Essentials/src/com/earth2me/essentials/commands/Commandremove.java...
  [javadoc] Loading source file /home/travis/build/essentials/Essentials/Essentials/src/com/earth2me/essentials/commands/Commandrepair.java...
  [javadoc] Loading source file /home/travis/build/essentials/Essentials/Essentials/src/com/earth2me/essentials/commands/Commandrules.java...
  [javadoc] Loading source file /home/travis/build/essentials/Essentials/Essentials/src/com/earth2me/essentials/commands/Commandseen.java...
  [javadoc] Loading source file /home/travis/build/essentials/Essentials/Essentials/src/com/earth2me/essentials/commands/Commandsell.java...
  [javadoc] Loading source file /home/travis/build/essentials/Essentials/Essentials/src/com/earth2me/essentials/commands/Commandsethome.java...
  [javadoc] Loading source file /home/travis/build/essentials/Essentials/Essentials/src/com/earth2me/essentials/commands/Commandsetjail.java...
  [javadoc] Loading source file /home/travis/build/essentials/Essentials/Essentials/src/com/earth2me/essentials/commands/Commandsetwarp.java...
  [javadoc] Loading source file /home/travis/build/essentials/Essentials/Essentials/src/com/earth2me/essentials/commands/Commandsetworth.java...
  [javadoc] Loading source file /home/travis/build/essentials/Essentials/Essentials/src/com/earth2me/essentials/commands/Commandsocialspy.java...
  [javadoc] Loading source file /home/travis/build/essentials/Essentials/Essentials/src/com/earth2me/essentials/commands/Commandspawner.java...
  [javadoc] Loading source file /home/travis/build/essentials/Essentials/Essentials/src/com/earth2me/essentials/commands/Commandspawnmob.java...
  [javadoc] Loading source file /home/travis/build/essentials/Essentials/Essentials/src/com/earth2me/essentials/commands/Commandspeed.java...
  [javadoc] Loading source file /home/travis/build/essentials/Essentials/Essentials/src/com/earth2me/essentials/commands/Commandsudo.java...
  [javadoc] Loading source file /home/travis/build/essentials/Essentials/Essentials/src/com/earth2me/essentials/commands/Commandsuicide.java...
  [javadoc] Loading source file /home/travis/build/essentials/Essentials/Essentials/src/com/earth2me/essentials/commands/Commandtempban.java...
  [javadoc] Loading source file /home/travis/build/essentials/Essentials/Essentials/src/com/earth2me/essentials/commands/Commandthunder.java...
  [javadoc] Loading source file /home/travis/build/essentials/Essentials/Essentials/src/com/earth2me/essentials/commands/Commandtime.java...
  [javadoc] Loading source file /home/travis/build/essentials/Essentials/Essentials/src/com/earth2me/essentials/commands/Commandtogglejail.java...
  [javadoc] Loading source file /home/travis/build/essentials/Essentials/Essentials/src/com/earth2me/essentials/commands/Commandtop.java...
  [javadoc] Loading source file /home/travis/build/essentials/Essentials/Essentials/src/com/earth2me/essentials/commands/Commandtp.java...
  [javadoc] Loading source file /home/travis/build/essentials/Essentials/Essentials/src/com/earth2me/essentials/commands/Commandtpa.java...
  [javadoc] Loading source file /home/travis/build/essentials/Essentials/Essentials/src/com/earth2me/essentials/commands/Commandtpaall.java...
  [javadoc] Loading source file /home/travis/build/essentials/Essentials/Essentials/src/com/earth2me/essentials/commands/Commandtpaccept.java...
  [javadoc] Loading source file /home/travis/build/essentials/Essentials/Essentials/src/com/earth2me/essentials/commands/Commandtpahere.java...
  [javadoc] Loading source file /home/travis/build/essentials/Essentials/Essentials/src/com/earth2me/essentials/commands/Commandtpall.java...
  [javadoc] Loading source file /home/travis/build/essentials/Essentials/Essentials/src/com/earth2me/essentials/commands/Commandtpdeny.java...
  [javadoc] Loading source file /home/travis/build/essentials/Essentials/Essentials/src/com/earth2me/essentials/commands/Commandtphere.java...
  [javadoc] Loading source file /home/travis/build/essentials/Essentials/Essentials/src/com/earth2me/essentials/commands/Commandtpo.java...
  [javadoc] Loading source file /home/travis/build/essentials/Essentials/Essentials/src/com/earth2me/essentials/commands/Commandtpohere.java...
  [javadoc] Loading source file /home/travis/build/essentials/Essentials/Essentials/src/com/earth2me/essentials/commands/Commandtppos.java...
  [javadoc] Loading source file /home/travis/build/essentials/Essentials/Essentials/src/com/earth2me/essentials/commands/Commandtptoggle.java...
  [javadoc] Loading source file /home/travis/build/essentials/Essentials/Essentials/src/com/earth2me/essentials/commands/Commandtree.java...
  [javadoc] Loading source file /home/travis/build/essentials/Essentials/Essentials/src/com/earth2me/essentials/commands/Commandunban.java...
  [javadoc] Loading source file /home/travis/build/essentials/Essentials/Essentials/src/com/earth2me/essentials/commands/Commandunbanip.java...
  [javadoc] Loading source file /home/travis/build/essentials/Essentials/Essentials/src/com/earth2me/essentials/commands/Commandunlimited.java...
  [javadoc] Loading source file /home/travis/build/essentials/Essentials/Essentials/src/com/earth2me/essentials/commands/Commandvanish.java...
  [javadoc] Loading source file /home/travis/build/essentials/Essentials/Essentials/src/com/earth2me/essentials/commands/Commandwarp.java...
  [javadoc] Loading source file /home/travis/build/essentials/Essentials/Essentials/src/com/earth2me/essentials/commands/Commandweather.java...
  [javadoc] Loading source file /home/travis/build/essentials/Essentials/Essentials/src/com/earth2me/essentials/commands/Commandwhois.java...
  [javadoc] Loading source file /home/travis/build/essentials/Essentials/Essentials/src/com/earth2me/essentials/commands/Commandworkbench.java...
  [javadoc] Loading source file /home/travis/build/essentials/Essentials/Essentials/src/com/earth2me/essentials/commands/Commandworld.java...
  [javadoc] Loading source file /home/travis/build/essentials/Essentials/Essentials/src/com/earth2me/essentials/commands/Commandworth.java...
  [javadoc] Loading source file /home/travis/build/essentials/Essentials/Essentials/src/com/earth2me/essentials/commands/EssentialsCommand.java...
  [javadoc] Loading source file /home/travis/build/essentials/Essentials/Essentials/src/com/earth2me/essentials/commands/EssentialsToggleCommand.java...
  [javadoc] Loading source file /home/travis/build/essentials/Essentials/Essentials/src/com/earth2me/essentials/commands/IEssentialsCommand.java...
  [javadoc] Loading source file /home/travis/build/essentials/Essentials/Essentials/src/com/earth2me/essentials/commands/NoChargeException.java...
  [javadoc] Loading source file /home/travis/build/essentials/Essentials/Essentials/src/com/earth2me/essentials/commands/NotEnoughArgumentsException.java...
  [javadoc] Loading source file /home/travis/build/essentials/Essentials/Essentials/src/com/earth2me/essentials/commands/PlayerNotFoundException.java...
  [javadoc] Loading source file /home/travis/build/essentials/Essentials/Essentials/src/com/earth2me/essentials/commands/QuietAbortException.java...
  [javadoc] Loading source file /home/travis/build/essentials/Essentials/Essentials/src/com/earth2me/essentials/commands/WarpNotFoundException.java...
  [javadoc] Loading source file /home/travis/build/essentials/Essentials/Essentials/src/com/earth2me/essentials/craftbukkit/FakeWorld.java...
  [javadoc] Loading source file /home/travis/build/essentials/Essentials/Essentials/src/com/earth2me/essentials/craftbukkit/InventoryWorkaround.java...
  [javadoc] Loading source file /home/travis/build/essentials/Essentials/Essentials/src/com/earth2me/essentials/craftbukkit/SetExpFix.java...
  [javadoc] Loading source file /home/travis/build/essentials/Essentials/Essentials/src/com/earth2me/essentials/metrics/Metrics.java...
  [javadoc] Loading source file /home/travis/build/essentials/Essentials/Essentials/src/com/earth2me/essentials/metrics/MetricsListener.java...
  [javadoc] Loading source file /home/travis/build/essentials/Essentials/Essentials/src/com/earth2me/essentials/metrics/MetricsStarter.java...
  [javadoc] Loading source file /home/travis/build/essentials/Essentials/Essentials/src/com/earth2me/essentials/perm/BPermissions2Handler.java...
  [javadoc] Loading source file /home/travis/build/essentials/Essentials/Essentials/src/com/earth2me/essentials/perm/ConfigPermissionsHandler.java...
  [javadoc] Loading source file /home/travis/build/essentials/Essentials/Essentials/src/com/earth2me/essentials/perm/GroupManagerHandler.java...
  [javadoc] Loading source file /home/travis/build/essentials/Essentials/Essentials/src/com/earth2me/essentials/perm/IPermissionsHandler.java...
  [javadoc] Loading source file /home/travis/build/essentials/Essentials/Essentials/src/com/earth2me/essentials/perm/NullPermissionsHandler.java...
  [javadoc] Loading source file /home/travis/build/essentials/Essentials/Essentials/src/com/earth2me/essentials/perm/PermissionsBukkitHandler.java...
  [javadoc] Loading source file /home/travis/build/essentials/Essentials/Essentials/src/com/earth2me/essentials/perm/PermissionsExHandler.java...
  [javadoc] Loading source file /home/travis/build/essentials/Essentials/Essentials/src/com/earth2me/essentials/perm/PermissionsHandler.java...
  [javadoc] Loading source file /home/travis/build/essentials/Essentials/Essentials/src/com/earth2me/essentials/perm/PrivilegesHandler.java...
  [javadoc] Loading source file /home/travis/build/essentials/Essentials/Essentials/src/com/earth2me/essentials/perm/SimplyPermsHandler.java...
  [javadoc] Loading source file /home/travis/build/essentials/Essentials/Essentials/src/com/earth2me/essentials/perm/SuperpermsHandler.java...
  [javadoc] Loading source file /home/travis/build/essentials/Essentials/Essentials/src/com/earth2me/essentials/perm/ZPermissionsHandler.java...
  [javadoc] Loading source file /home/travis/build/essentials/Essentials/Essentials/src/com/earth2me/essentials/register/payment/Method.java...
  [javadoc] Loading source file /home/travis/build/essentials/Essentials/Essentials/src/com/earth2me/essentials/register/payment/Methods.java...
  [javadoc] Loading source file /home/travis/build/essentials/Essentials/Essentials/src/com/earth2me/essentials/register/payment/methods/BOSE7.java...
  [javadoc] Loading source file /home/travis/build/essentials/Essentials/Essentials/src/com/earth2me/essentials/register/payment/methods/MCUR.java...
  [javadoc] Loading source file /home/travis/build/essentials/Essentials/Essentials/src/com/earth2me/essentials/register/payment/methods/VaultEco.java...
  [javadoc] Loading source file /home/travis/build/essentials/Essentials/Essentials/src/com/earth2me/essentials/register/payment/methods/iCo5.java...
  [javadoc] Loading source file /home/travis/build/essentials/Essentials/Essentials/src/com/earth2me/essentials/register/payment/methods/iCo6.java...
  [javadoc] Loading source file /home/travis/build/essentials/Essentials/Essentials/src/com/earth2me/essentials/settings/Jails.java...
  [javadoc] Loading source file /home/travis/build/essentials/Essentials/Essentials/src/com/earth2me/essentials/settings/Spawns.java...
  [javadoc] Loading source file /home/travis/build/essentials/Essentials/Essentials/src/com/earth2me/essentials/signs/EssentialsSign.java...
  [javadoc] Loading source file /home/travis/build/essentials/Essentials/Essentials/src/com/earth2me/essentials/signs/SignBalance.java...
  [javadoc] Loading source file /home/travis/build/essentials/Essentials/Essentials/src/com/earth2me/essentials/signs/SignBlockListener.java...
  [javadoc] Loading source file /home/travis/build/essentials/Essentials/Essentials/src/com/earth2me/essentials/signs/SignBuy.java...
  [javadoc] Loading source file /home/travis/build/essentials/Essentials/Essentials/src/com/earth2me/essentials/signs/SignDisposal.java...
  [javadoc] Loading source file /home/travis/build/essentials/Essentials/Essentials/src/com/earth2me/essentials/signs/SignEnchant.java...
  [javadoc] Loading source file /home/travis/build/essentials/Essentials/Essentials/src/com/earth2me/essentials/signs/SignEntityListener.java...
  [javadoc] Loading source file /home/travis/build/essentials/Essentials/Essentials/src/com/earth2me/essentials/signs/SignException.java...
  [javadoc] Loading source file /home/travis/build/essentials/Essentials/Essentials/src/com/earth2me/essentials/signs/SignFree.java...
  [javadoc] Loading source file /home/travis/build/essentials/Essentials/Essentials/src/com/earth2me/essentials/signs/SignGameMode.java...
  [javadoc] Loading source file /home/travis/build/essentials/Essentials/Essentials/src/com/earth2me/essentials/signs/SignHeal.java...
  [javadoc] Loading source file /home/travis/build/essentials/Essentials/Essentials/src/com/earth2me/essentials/signs/SignInfo.java...
  [javadoc] Loading source file /home/travis/build/essentials/Essentials/Essentials/src/com/earth2me/essentials/signs/SignKit.java...
  [javadoc] Loading source file /home/travis/build/essentials/Essentials/Essentials/src/com/earth2me/essentials/signs/SignMail.java...
  [javadoc] Loading source file /home/travis/build/essentials/Essentials/Essentials/src/com/earth2me/essentials/signs/SignPlayerListener.java...
  [javadoc] Loading source file /home/travis/build/essentials/Essentials/Essentials/src/com/earth2me/essentials/signs/SignProtection.java...
  [javadoc] Loading source file /home/travis/build/essentials/Essentials/Essentials/src/com/earth2me/essentials/signs/SignRepair.java...
  [javadoc] Loading source file /home/travis/build/essentials/Essentials/Essentials/src/com/earth2me/essentials/signs/SignSell.java...
  [javadoc] Loading source file /home/travis/build/essentials/Essentials/Essentials/src/com/earth2me/essentials/signs/SignSpawnmob.java...
  [javadoc] Loading source file /home/travis/build/essentials/Essentials/Essentials/src/com/earth2me/essentials/signs/SignTime.java...
  [javadoc] Loading source file /home/travis/build/essentials/Essentials/Essentials/src/com/earth2me/essentials/signs/SignTrade.java...
  [javadoc] Loading source file /home/travis/build/essentials/Essentials/Essentials/src/com/earth2me/essentials/signs/SignWarp.java...
  [javadoc] Loading source file /home/travis/build/essentials/Essentials/Essentials/src/com/earth2me/essentials/signs/SignWeather.java...
  [javadoc] Loading source file /home/travis/build/essentials/Essentials/Essentials/src/com/earth2me/essentials/signs/Signs.java...
  [javadoc] Loading source file /home/travis/build/essentials/Essentials/Essentials/src/com/earth2me/essentials/storage/AbstractDelayedYamlFileReader.java...
  [javadoc] Loading source file /home/travis/build/essentials/Essentials/Essentials/src/com/earth2me/essentials/storage/AbstractDelayedYamlFileWriter.java...
  [javadoc] Loading source file /home/travis/build/essentials/Essentials/Essentials/src/com/earth2me/essentials/storage/AsyncStorageObjectHolder.java...
  [javadoc] Loading source file /home/travis/build/essentials/Essentials/Essentials/src/com/earth2me/essentials/storage/BukkitConstructor.java...
  [javadoc] Loading source file /home/travis/build/essentials/Essentials/Essentials/src/com/earth2me/essentials/storage/Comment.java...
  [javadoc] Loading source file /home/travis/build/essentials/Essentials/Essentials/src/com/earth2me/essentials/storage/EnchantmentLevel.java...
  [javadoc] Loading source file /home/travis/build/essentials/Essentials/Essentials/src/com/earth2me/essentials/storage/IStorageObjectHolder.java...
  [javadoc] Loading source file /home/travis/build/essentials/Essentials/Essentials/src/com/earth2me/essentials/storage/IStorageReader.java...
  [javadoc] Loading source file /home/travis/build/essentials/Essentials/Essentials/src/com/earth2me/essentials/storage/IStorageWriter.java...
  [javadoc] Loading source file /home/travis/build/essentials/Essentials/Essentials/src/com/earth2me/essentials/storage/ListType.java...
  [javadoc] Loading source file /home/travis/build/essentials/Essentials/Essentials/src/com/earth2me/essentials/storage/MapKeyType.java...
  [javadoc] Loading source file /home/travis/build/essentials/Essentials/Essentials/src/com/earth2me/essentials/storage/MapValueType.java...
  [javadoc] Loading source file /home/travis/build/essentials/Essentials/Essentials/src/com/earth2me/essentials/storage/ObjectLoadException.java...
  [javadoc] Loading source file /home/travis/build/essentials/Essentials/Essentials/src/com/earth2me/essentials/storage/StorageObject.java...
  [javadoc] Loading source file /home/travis/build/essentials/Essentials/Essentials/src/com/earth2me/essentials/storage/YamlStorageReader.java...
  [javadoc] Loading source file /home/travis/build/essentials/Essentials/Essentials/src/com/earth2me/essentials/storage/YamlStorageWriter.java...
  [javadoc] Loading source file /home/travis/build/essentials/Essentials/Essentials/src/com/earth2me/essentials/textreader/BookInput.java...
  [javadoc] Loading source file /home/travis/build/essentials/Essentials/Essentials/src/com/earth2me/essentials/textreader/BookPager.java...
  [javadoc] Loading source file /home/travis/build/essentials/Essentials/Essentials/src/com/earth2me/essentials/textreader/HelpInput.java...
  [javadoc] Loading source file /home/travis/build/essentials/Essentials/Essentials/src/com/earth2me/essentials/textreader/IText.java...
  [javadoc] Loading source file /home/travis/build/essentials/Essentials/Essentials/src/com/earth2me/essentials/textreader/KeywordReplacer.java...
  [javadoc] Loading source file /home/travis/build/essentials/Essentials/Essentials/src/com/earth2me/essentials/textreader/SimpleTextInput.java...
  [javadoc] Loading source file /home/travis/build/essentials/Essentials/Essentials/src/com/earth2me/essentials/textreader/SimpleTextPager.java...
  [javadoc] Loading source file /home/travis/build/essentials/Essentials/Essentials/src/com/earth2me/essentials/textreader/TextInput.java...
  [javadoc] Loading source file /home/travis/build/essentials/Essentials/Essentials/src/com/earth2me/essentials/textreader/TextPager.java...
  [javadoc] Loading source file /home/travis/build/essentials/Essentials/Essentials/src/com/earth2me/essentials/utils/DateUtil.java...
  [javadoc] Loading source file /home/travis/build/essentials/Essentials/Essentials/src/com/earth2me/essentials/utils/DescParseTickFormat.java...
  [javadoc] Loading source file /home/travis/build/essentials/Essentials/Essentials/src/com/earth2me/essentials/utils/FormatUtil.java...
  [javadoc] Loading source file /home/travis/build/essentials/Essentials/Essentials/src/com/earth2me/essentials/utils/LocationUtil.java...
  [javadoc] Loading source file /home/travis/build/essentials/Essentials/Essentials/src/com/earth2me/essentials/utils/NumberUtil.java...
  [javadoc] Loading source file /home/travis/build/essentials/Essentials/Essentials/src/com/earth2me/essentials/utils/StringUtil.java...
  [javadoc] Loading source file /home/travis/build/essentials/Essentials/Essentials/src/net/ess3/api/Economy.java...
  [javadoc] Loading source file /home/travis/build/essentials/Essentials/Essentials/src/net/ess3/api/IEssentials.java...
  [javadoc] Loading source file /home/travis/build/essentials/Essentials/Essentials/src/net/ess3/api/II18n.java...
  [javadoc] Loading source file /home/travis/build/essentials/Essentials/Essentials/src/net/ess3/api/IItemDb.java...
  [javadoc] Loading source file /home/travis/build/essentials/Essentials/Essentials/src/net/ess3/api/IJails.java...
  [javadoc] Loading source file /home/travis/build/essentials/Essentials/Essentials/src/net/ess3/api/IReload.java...
  [javadoc] Loading source file /home/travis/build/essentials/Essentials/Essentials/src/net/ess3/api/ISettings.java...
  [javadoc] Loading source file /home/travis/build/essentials/Essentials/Essentials/src/net/ess3/api/ITeleport.java...
  [javadoc] Loading source file /home/travis/build/essentials/Essentials/Essentials/src/net/ess3/api/IUser.java...
  [javadoc] Loading source file /home/travis/build/essentials/Essentials/Essentials/src/net/ess3/api/IWarps.java...
  [javadoc] Loading source file /home/travis/build/essentials/Essentials/Essentials/src/net/ess3/api/InvalidNameException.java...
  [javadoc] Loading source file /home/travis/build/essentials/Essentials/Essentials/src/net/ess3/api/InvalidWorldException.java...
  [javadoc] Loading source file /home/travis/build/essentials/Essentials/Essentials/src/net/ess3/api/NoLoanPermittedException.java...
  [javadoc] Loading source file /home/travis/build/essentials/Essentials/Essentials/src/net/ess3/api/UserDoesNotExistException.java...
  [javadoc] Loading source file /home/travis/build/essentials/Essentials/Essentials/src/net/ess3/api/events/AfkStatusChangeEvent.java...
  [javadoc] Loading source file /home/travis/build/essentials/Essentials/Essentials/src/net/ess3/api/events/GodStatusChangeEvent.java...
  [javadoc] Loading source file /home/travis/build/essentials/Essentials/Essentials/src/net/ess3/api/events/IgnoreStatusChangeEvent.java...
  [javadoc] Loading source file /home/travis/build/essentials/Essentials/Essentials/src/net/ess3/api/events/JailStatusChangeEvent.java...
  [javadoc] Loading source file /home/travis/build/essentials/Essentials/Essentials/src/net/ess3/api/events/LocalChatSpyEvent.java...
  [javadoc] Loading source file /home/travis/build/essentials/Essentials/Essentials/src/net/ess3/api/events/MuteStatusChangeEvent.java...
  [javadoc] Loading source file /home/travis/build/essentials/Essentials/Essentials/src/net/ess3/api/events/StatusChangeEvent.java...
  [javadoc] Constructing Javadoc information...
  [javadoc] /home/travis/build/essentials/Essentials/lib/MultiCurrency.jar(me/ashtheking/currency/Currency.java):12: error: package com.nijiko.permissions does not exist
  [javadoc]    import com.nijiko.permissions.PermissionHandler;
  [javadoc]                                 ^
  [javadoc] /home/travis/build/essentials/Essentials/lib/MultiCurrency.jar(me/ashtheking/currency/Currency.java):13: error: package com.nijikokun.bukkit.Permissions does not exist
  [javadoc]    import com.nijikokun.bukkit.Permissions.Permissions;
  [javadoc]                                           ^
  [javadoc] /home/travis/build/essentials/Essentials/lib/MultiCurrency.jar(me/ashtheking/currency/Currency.java):22: error: cannot find symbol
  [javadoc]       public static PermissionHandler permissionHandler = null;
  [javadoc]                     ^
  [javadoc]   symbol:   class PermissionHandler
  [javadoc]   location: class Currency
  [javadoc] /home/travis/build/essentials/Essentials/lib/MultiCurrency.jar(me/ashtheking/currency/Currency.java):160: error: cannot find symbol
  [javadoc]       public class MoneyListener extends PlayerListener
  [javadoc]                                          ^
  [javadoc]   symbol:   class PlayerListener
  [javadoc]   location: class Currency
  [javadoc] Standard Doclet version 1.7.0_75
  [javadoc] Building tree for all the packages and classes...
  [javadoc] /home/travis/build/essentials/Essentials/Essentials/src/com/earth2me/essentials/register/payment/Method.java:13: warning - @copyright is an unknown tag.
  [javadoc] /home/travis/build/essentials/Essentials/Essentials/src/com/earth2me/essentials/register/payment/Method.java:13: warning - @license is an unknown tag.
  [javadoc] /home/travis/build/essentials/Essentials/Essentials/src/com/earth2me/essentials/register/payment/Methods.java:96: warning - Tag @see: can't find setMethod(org.bukkit.plugin.Plugin) in com.earth2me.essentials.register.payment.Methods
  [javadoc] /home/travis/build/essentials/Essentials/Essentials/src/com/earth2me/essentials/register/payment/Methods.java:136: warning - Tag @see: can't find setMethod(org.bukkit.plugin.Plugin) in com.earth2me.essentials.register.payment.Methods
  [javadoc] /home/travis/build/essentials/Essentials/Essentials/src/com/earth2me/essentials/register/payment/Methods.java:28: warning - @author: is an unknown tag.
  [javadoc] /home/travis/build/essentials/Essentials/Essentials/src/com/earth2me/essentials/register/payment/Methods.java:148: warning - @param argument "<code>PluginManager</code>" is not a parameter name.
  [javadoc] /home/travis/build/essentials/Essentials/Essentials/src/com/earth2me/essentials/api/Economy.java:215: warning - @param argument "value" is not a parameter name.
  [javadoc] /home/travis/build/essentials/Essentials/Essentials/src/com/earth2me/essentials/api/Economy.java:242: warning - @param argument "value" is not a parameter name.
  [javadoc] /home/travis/build/essentials/Essentials/Essentials/src/com/earth2me/essentials/api/IWarps.java:58: warning - @return tag has no arguments.
  [javadoc] /home/travis/build/essentials/Essentials/Essentials/src/com/earth2me/essentials/metrics/Metrics.java:534: warning - @return tag has no arguments.
  [javadoc] /home/travis/build/essentials/Essentials/Essentials/src/com/earth2me/essentials/metrics/Metrics.java:629: warning - @return tag has no arguments.
  [javadoc] /home/travis/build/essentials/Essentials/Essentials/src/com/earth2me/essentials/IReplyTo.java:17: warning - @return tag has no arguments.
  [javadoc] /home/travis/build/essentials/Essentials/Essentials/src/com/earth2me/essentials/IUser.java:59: warning - Tag @see: reference not found: isVanished
  [javadoc] /home/travis/build/essentials/Essentials/Essentials/src/com/earth2me/essentials/IUser.java:87: warning - Tag @see: reference not found: isHidden
  [javadoc] /home/travis/build/essentials/Essentials/Essentials/src/com/earth2me/essentials/IUser.java:59: warning - Tag @see: reference not found: isVanished
  [javadoc] /home/travis/build/essentials/Essentials/Essentials/src/com/earth2me/essentials/IUser.java:87: warning - Tag @see: reference not found: isHidden
  [javadoc] Building index for all the packages and classes...
  [javadoc] Building index for all classes...
  [javadoc] Generating /home/travis/build/essentials/Essentials/Essentials/dist/javadoc/help-doc.html...
  [javadoc] 21 warnings

-javadoc-browse:

javadoc:

default:

buildRest:

-pre-init:

-init-private:

-pre-init-libraries:

-init-private-libraries:

-init-libraries:

-init-user:

-init-project:

-init-macrodef-property:

-do-init:

-post-init:

-init-check:

-init-ap-cmdline-properties:

-init-macrodef-javac-with-processors:

-init-macrodef-javac-without-processors:

-init-macrodef-javac:

-init-macrodef-test-impl:

-init-macrodef-junit-init:

-init-macrodef-junit-single:

-init-test-properties:

-init-macrodef-junit-batch:

-init-macrodef-junit:

-init-macrodef-junit-impl:
Trying to override old definition of task http://www.netbeans.org/ns/j2se-project/3:test-impl

-init-macrodef-testng:

-init-macrodef-testng-impl:

-init-macrodef-test:

-init-macrodef-junit-debug:

-init-macrodef-junit-debug-batch:

-init-macrodef-junit-debug-impl:

-init-macrodef-test-debug-junit:

-init-macrodef-testng-debug:

-init-macrodef-testng-debug-impl:

-init-macrodef-test-debug-testng:

-init-macrodef-test-debug:

-init-debug-args:

-init-macrodef-nbjpda:

-init-macrodef-debug:

-init-macrodef-java:

-init-presetdef-jar:

-init-ap-cmdline-supported:

-init-ap-cmdline:

init:

-deps-jar-init:

deps-jar:
    [mkdir] Created dir: /home/travis/build/essentials/Essentials/EssentialsChat/build

-warn-already-built-jar:
[propertyfile] Updating property file: /home/travis/build/essentials/Essentials/EssentialsChat/build/built-jar.properties

-check-call-dep:

-maybe-call-dep:

-pre-init:

-init-private:

-pre-init-libraries:

-init-private-libraries:

-init-libraries:

-init-user:

-init-project:

-init-macrodef-property:

-do-init:

-post-init:

-init-check:

-init-ap-cmdline-properties:

-init-macrodef-javac-with-processors:

-init-macrodef-javac-without-processors:

-init-macrodef-javac:

-init-macrodef-test-impl:
Trying to override old definition of task http://www.netbeans.org/ns/j2se-project/3:test-impl

-init-macrodef-junit-init:

-init-macrodef-junit-single:

-init-test-properties:

-init-macrodef-junit-batch:

-init-macrodef-junit:

-init-macrodef-junit-impl:
Trying to override old definition of task http://www.netbeans.org/ns/j2se-project/3:test-impl

-init-macrodef-testng:

-init-macrodef-testng-impl:

-init-macrodef-test:

-init-macrodef-junit-debug:

-init-macrodef-junit-debug-batch:

-init-macrodef-junit-debug-impl:

-init-macrodef-test-debug-junit:

-init-macrodef-testng-debug:

-init-macrodef-testng-debug-impl:

-init-macrodef-test-debug-testng:

-init-macrodef-test-debug:

-init-debug-args:

-init-macrodef-nbjpda:

-init-macrodef-debug:

-init-macrodef-java:

-init-presetdef-jar:

-init-ap-cmdline-supported:

-init-ap-cmdline:

init:

-deps-jar-init:

deps-jar:

-warn-already-built-jar:
     [echo] Cycle detected: Essentials was already built
[propertyfile] Updating property file: /home/travis/build/essentials/Essentials/EssentialsChat/build/built-jar.properties

-check-call-dep:

-maybe-call-dep:

-pre-init:

-init-private:

-init-user:

-init-project:

-init-macrodef-property:

-do-init:

-post-init:

-init-check:

-init-ap-cmdline-properties:

-init-macrodef-javac-with-processors:

-init-macrodef-javac-without-processors:

-init-macrodef-javac:

-init-macrodef-test-impl:
Trying to override old definition of task http://www.netbeans.org/ns/j2se-project/3:test-impl

-init-macrodef-junit-init:

-init-macrodef-junit-single:

-init-test-properties:

-init-macrodef-junit-batch:

-init-macrodef-junit:

-init-macrodef-junit-impl:

-init-macrodef-testng:

-init-macrodef-testng-impl:

-init-macrodef-test:

-init-macrodef-junit-debug:

-init-macrodef-junit-debug-batch:

-init-macrodef-junit-debug-impl:

-init-macrodef-test-debug-junit:

-init-macrodef-testng-debug:

-init-macrodef-testng-debug-impl:

-init-macrodef-test-debug-testng:

-init-macrodef-test-debug:

-init-debug-args:

-init-macrodef-nbjpda:

-init-macrodef-debug:

-init-macrodef-java:

-init-presetdef-jar:

-init-ap-cmdline-supported:

-init-ap-cmdline:

init:

-deps-jar-init:

deps-jar:

-warn-already-built-jar:
     [echo] Cycle detected: EssentialsGroupManager was already built
[propertyfile] Updating property file: /home/travis/build/essentials/Essentials/EssentialsChat/build/built-jar.properties

-check-automatic-build:

-clean-after-automatic-build:

-verify-automatic-build:

-pre-pre-compile:
    [mkdir] Created dir: /home/travis/build/essentials/Essentials/EssentialsChat/build/classes

-pre-compile:

-copy-persistence-xml:

-compile-depend:

-do-compile:
    [mkdir] Created dir: /home/travis/build/essentials/Essentials/EssentialsChat/build/empty
    [mkdir] Created dir: /home/travis/build/essentials/Essentials/EssentialsChat/build/generated-sources/ap-source-output
    [javac] Compiling 6 source files to /home/travis/build/essentials/Essentials/EssentialsChat/build/classes
    [javac] warning: [options] bootstrap class path not set in conjunction with -source 1.6
    [javac] 1 warning
     [copy] Copying 1 file to /home/travis/build/essentials/Essentials/EssentialsChat/build/classes

-post-compile:

compile:

-pre-jar:

-pre-pre-jar:
    [mkdir] Created dir: /home/travis/build/essentials/Essentials/EssentialsChat/dist

-do-jar-with-manifest:

-do-jar-without-manifest:
[j2seproject1:jar] Building jar: /home/travis/build/essentials/Essentials/EssentialsChat/dist/EssentialsChat.jar

-do-jar-with-mainclass:

-do-jar-with-libraries-create-manifest:

-do-jar-with-libraries-copy-manifest:

-do-jar-with-libraries-set-main:

-do-jar-with-libraries-set-splashscreen:

-init-macrodef-copylibs:

-do-jar-with-libraries-pack:

-do-jar-with-libraries-delete-manifest:

-do-jar-with-libraries:

-post-jar:

jar:

-check-automatic-build:

-clean-after-automatic-build:

-verify-automatic-build:

-pre-pre-compile:

-pre-compile:

-copy-persistence-xml:

-compile-depend:

-do-compile:

-post-compile:

compile:

-pre-jar:

-pre-pre-jar:

-do-jar-with-manifest:

-do-jar-without-manifest:

-do-jar-with-mainclass:

-do-jar-with-libraries-create-manifest:

-do-jar-with-libraries-copy-manifest:

-do-jar-with-libraries-set-main:

-do-jar-with-libraries-set-splashscreen:

-init-macrodef-copylibs:

-do-jar-with-libraries-pack:

-do-jar-with-libraries-delete-manifest:

-do-jar-with-libraries:

-post-jar:

jar:

-check-automatic-build:

-clean-after-automatic-build:

-verify-automatic-build:

-pre-pre-compile:

-pre-compile:

-copy-persistence-xml:

-compile-depend:

-do-compile:

-post-compile:

compile:

-pre-pre-compile-test:

-pre-compile-test:

-compile-test-depend:

-do-compile-test:

-post-compile-test:

compile-test:

-pre-test-run:

-do-test-run:

test-report:

-post-test-run:

-test-browse:

test:

-pre-jar:

-pre-pre-jar:

-do-jar-with-manifest:

-do-jar-without-manifest:

-do-jar-with-mainclass:

-do-jar-with-libraries-create-manifest:

-do-jar-with-libraries-copy-manifest:

-do-jar-with-libraries-set-main:

-do-jar-with-libraries-set-splashscreen:

-init-macrodef-copylibs:

-do-jar-with-libraries-pack:

-do-jar-with-libraries-delete-manifest:

-do-jar-with-libraries:

-post-jar:
      [jar] Updating jar: /home/travis/build/essentials/Essentials/EssentialsChat/dist/EssentialsChat.jar

jar:

-javadoc-build:
    [mkdir] Created dir: /home/travis/build/essentials/Essentials/EssentialsChat/dist/javadoc
  [javadoc] Warning: Leaving out empty argument '-windowtitle'
  [javadoc] Generating Javadoc
  [javadoc] Javadoc execution
  [javadoc] Loading source file /home/travis/build/essentials/Essentials/EssentialsChat/src/com/earth2me/essentials/chat/ChatStore.java...
  [javadoc] Loading source file /home/travis/build/essentials/Essentials/EssentialsChat/src/com/earth2me/essentials/chat/EssentialsChat.java...
  [javadoc] Loading source file /home/travis/build/essentials/Essentials/EssentialsChat/src/com/earth2me/essentials/chat/EssentialsChatPlayer.java...
  [javadoc] Loading source file /home/travis/build/essentials/Essentials/EssentialsChat/src/com/earth2me/essentials/chat/EssentialsChatPlayerListenerHighest.java...
  [javadoc] Loading source file /home/travis/build/essentials/Essentials/EssentialsChat/src/com/earth2me/essentials/chat/EssentialsChatPlayerListenerLowest.java...
  [javadoc] Loading source file /home/travis/build/essentials/Essentials/EssentialsChat/src/com/earth2me/essentials/chat/EssentialsChatPlayerListenerNormal.java...
  [javadoc] Constructing Javadoc information...
  [javadoc] warning: [options] bootstrap class path not set in conjunction with -source 1.6
  [javadoc] Standard Doclet version 1.7.0_75
  [javadoc] Building tree for all the packages and classes...
  [javadoc] Building index for all the packages and classes...
  [javadoc] Building index for all classes...
  [javadoc] Generating /home/travis/build/essentials/Essentials/EssentialsChat/dist/javadoc/help-doc.html...
  [javadoc] 1 warning

-javadoc-browse:

javadoc:

default:

-pre-init:

-init-private:

-pre-init-libraries:

-init-private-libraries:

-init-libraries:

-init-user:

-init-project:

-init-macrodef-property:

-do-init:

-post-init:

-init-check:

-init-ap-cmdline-properties:

-init-macrodef-javac-with-processors:

-init-macrodef-javac-without-processors:

-init-macrodef-javac:

-init-macrodef-test-impl:

-init-macrodef-junit-init:

-init-macrodef-junit-single:

-init-test-properties:

-init-macrodef-junit-batch:

-init-macrodef-junit:

-init-macrodef-junit-impl:
Trying to override old definition of task http://www.netbeans.org/ns/j2se-project/3:test-impl

-init-macrodef-testng:

-init-macrodef-testng-impl:

-init-macrodef-test:

-init-macrodef-junit-debug:

-init-macrodef-junit-debug-batch:

-init-macrodef-junit-debug-impl:

-init-macrodef-test-debug-junit:

-init-macrodef-testng-debug:

-init-macrodef-testng-debug-impl:

-init-macrodef-test-debug-testng:

-init-macrodef-test-debug:

-init-debug-args:

-init-macrodef-nbjpda:

-init-macrodef-debug:

-init-macrodef-java:

-init-presetdef-jar:

-init-ap-cmdline-supported:

-init-ap-cmdline:

init:

-deps-jar-init:

deps-jar:
    [mkdir] Created dir: /home/travis/build/essentials/Essentials/EssentialsSpawn/build

-warn-already-built-jar:
[propertyfile] Updating property file: /home/travis/build/essentials/Essentials/EssentialsSpawn/build/built-jar.properties

-check-call-dep:

-maybe-call-dep:

-pre-init:

-init-private:

-pre-init-libraries:

-init-private-libraries:

-init-libraries:

-init-user:

-init-project:

-init-macrodef-property:

-do-init:

-post-init:

-init-check:

-init-ap-cmdline-properties:

-init-macrodef-javac-with-processors:

-init-macrodef-javac-without-processors:

-init-macrodef-javac:

-init-macrodef-test-impl:
Trying to override old definition of task http://www.netbeans.org/ns/j2se-project/3:test-impl

-init-macrodef-junit-init:

-init-macrodef-junit-single:

-init-test-properties:

-init-macrodef-junit-batch:

-init-macrodef-junit:

-init-macrodef-junit-impl:
Trying to override old definition of task http://www.netbeans.org/ns/j2se-project/3:test-impl

-init-macrodef-testng:

-init-macrodef-testng-impl:

-init-macrodef-test:

-init-macrodef-junit-debug:

-init-macrodef-junit-debug-batch:

-init-macrodef-junit-debug-impl:

-init-macrodef-test-debug-junit:

-init-macrodef-testng-debug:

-init-macrodef-testng-debug-impl:

-init-macrodef-test-debug-testng:

-init-macrodef-test-debug:

-init-debug-args:

-init-macrodef-nbjpda:

-init-macrodef-debug:

-init-macrodef-java:

-init-presetdef-jar:

-init-ap-cmdline-supported:

-init-ap-cmdline:

init:

-deps-jar-init:

deps-jar:

-warn-already-built-jar:
     [echo] Cycle detected: Essentials was already built
[propertyfile] Updating property file: /home/travis/build/essentials/Essentials/EssentialsSpawn/build/built-jar.properties

-check-call-dep:

-maybe-call-dep:

-pre-init:

-init-private:

-init-user:

-init-project:

-init-macrodef-property:

-do-init:

-post-init:

-init-check:

-init-ap-cmdline-properties:

-init-macrodef-javac-with-processors:

-init-macrodef-javac-without-processors:

-init-macrodef-javac:

-init-macrodef-test-impl:
Trying to override old definition of task http://www.netbeans.org/ns/j2se-project/3:test-impl

-init-macrodef-junit-init:

-init-macrodef-junit-single:

-init-test-properties:

-init-macrodef-junit-batch:

-init-macrodef-junit:

-init-macrodef-junit-impl:

-init-macrodef-testng:

-init-macrodef-testng-impl:

-init-macrodef-test:

-init-macrodef-junit-debug:

-init-macrodef-junit-debug-batch:

-init-macrodef-junit-debug-impl:

-init-macrodef-test-debug-junit:

-init-macrodef-testng-debug:

-init-macrodef-testng-debug-impl:

-init-macrodef-test-debug-testng:

-init-macrodef-test-debug:

-init-debug-args:

-init-macrodef-nbjpda:

-init-macrodef-debug:

-init-macrodef-java:

-init-presetdef-jar:

-init-ap-cmdline-supported:

-init-ap-cmdline:

init:

-deps-jar-init:

deps-jar:

-warn-already-built-jar:
     [echo] Cycle detected: EssentialsGroupManager was already built
[propertyfile] Updating property file: /home/travis/build/essentials/Essentials/EssentialsSpawn/build/built-jar.properties

-check-automatic-build:

-clean-after-automatic-build:

-verify-automatic-build:

-pre-pre-compile:
    [mkdir] Created dir: /home/travis/build/essentials/Essentials/EssentialsSpawn/build/classes

-pre-compile:

-copy-persistence-xml:

-compile-depend:

-do-compile:
    [mkdir] Created dir: /home/travis/build/essentials/Essentials/EssentialsSpawn/build/empty
    [mkdir] Created dir: /home/travis/build/essentials/Essentials/EssentialsSpawn/build/generated-sources/ap-source-output
    [javac] Compiling 5 source files to /home/travis/build/essentials/Essentials/EssentialsSpawn/build/classes
    [javac] warning: [options] bootstrap class path not set in conjunction with -source 1.6
    [javac] 1 warning
     [copy] Copying 1 file to /home/travis/build/essentials/Essentials/EssentialsSpawn/build/classes

-post-compile:

compile:

-pre-jar:

-pre-pre-jar:
    [mkdir] Created dir: /home/travis/build/essentials/Essentials/EssentialsSpawn/dist

-do-jar-with-manifest:

-do-jar-without-manifest:
[j2seproject1:jar] Building jar: /home/travis/build/essentials/Essentials/EssentialsSpawn/dist/EssentialsSpawn.jar

-do-jar-with-mainclass:

-do-jar-with-libraries-create-manifest:

-do-jar-with-libraries-copy-manifest:

-do-jar-with-libraries-set-main:

-do-jar-with-libraries-set-splashscreen:

-init-macrodef-copylibs:

-do-jar-with-libraries-pack:

-do-jar-with-libraries-delete-manifest:

-do-jar-with-libraries:

-post-jar:

jar:

-check-automatic-build:

-clean-after-automatic-build:

-verify-automatic-build:

-pre-pre-compile:

-pre-compile:

-copy-persistence-xml:

-compile-depend:

-do-compile:

-post-compile:

compile:

-pre-jar:

-pre-pre-jar:

-do-jar-with-manifest:

-do-jar-without-manifest:

-do-jar-with-mainclass:

-do-jar-with-libraries-create-manifest:

-do-jar-with-libraries-copy-manifest:

-do-jar-with-libraries-set-main:

-do-jar-with-libraries-set-splashscreen:

-init-macrodef-copylibs:

-do-jar-with-libraries-pack:

-do-jar-with-libraries-delete-manifest:

-do-jar-with-libraries:

-post-jar:

jar:

-check-automatic-build:

-clean-after-automatic-build:

-verify-automatic-build:

-pre-pre-compile:

-pre-compile:

-copy-persistence-xml:

-compile-depend:

-do-compile:

-post-compile:

compile:

-pre-pre-compile-test:

-pre-compile-test:

-compile-test-depend:

-do-compile-test:

-post-compile-test:

compile-test:

-pre-test-run:

-do-test-run:

test-report:

-post-test-run:

-test-browse:

test:

-pre-jar:

-pre-pre-jar:

-do-jar-with-manifest:

-do-jar-without-manifest:

-do-jar-with-mainclass:

-do-jar-with-libraries-create-manifest:

-do-jar-with-libraries-copy-manifest:

-do-jar-with-libraries-set-main:

-do-jar-with-libraries-set-splashscreen:

-init-macrodef-copylibs:

-do-jar-with-libraries-pack:

-do-jar-with-libraries-delete-manifest:

-do-jar-with-libraries:

-post-jar:
      [jar] Updating jar: /home/travis/build/essentials/Essentials/EssentialsSpawn/dist/EssentialsSpawn.jar

jar:

-javadoc-build:
    [mkdir] Created dir: /home/travis/build/essentials/Essentials/EssentialsSpawn/dist/javadoc
  [javadoc] Warning: Leaving out empty argument '-windowtitle'
  [javadoc] Generating Javadoc
  [javadoc] Javadoc execution
  [javadoc] warning: [options] bootstrap class path not set in conjunction with -source 1.6
  [javadoc] Loading source file /home/travis/build/essentials/Essentials/EssentialsSpawn/src/com/earth2me/essentials/spawn/Commandsetspawn.java...
  [javadoc] Loading source file /home/travis/build/essentials/Essentials/EssentialsSpawn/src/com/earth2me/essentials/spawn/Commandspawn.java...
  [javadoc] Loading source file /home/travis/build/essentials/Essentials/EssentialsSpawn/src/com/earth2me/essentials/spawn/EssentialsSpawn.java...
  [javadoc] Loading source file /home/travis/build/essentials/Essentials/EssentialsSpawn/src/com/earth2me/essentials/spawn/EssentialsSpawnPlayerListener.java...
  [javadoc] Loading source file /home/travis/build/essentials/Essentials/EssentialsSpawn/src/com/earth2me/essentials/spawn/SpawnStorage.java...
  [javadoc] Constructing Javadoc information...
  [javadoc] Standard Doclet version 1.7.0_75
  [javadoc] Building tree for all the packages and classes...
  [javadoc] Building index for all the packages and classes...
  [javadoc] Building index for all classes...
  [javadoc] Generating /home/travis/build/essentials/Essentials/EssentialsSpawn/dist/javadoc/help-doc.html...
  [javadoc] 1 warning

-javadoc-browse:

javadoc:

default:

-pre-init:

-init-private:

-pre-init-libraries:

-init-private-libraries:

-init-libraries:

-init-user:

-init-project:

-init-macrodef-property:

-do-init:

-post-init:

-init-check:

-init-ap-cmdline-properties:

-init-macrodef-javac-with-processors:

-init-macrodef-javac-without-processors:

-init-macrodef-javac:

-init-macrodef-test-impl:

-init-macrodef-junit-init:

-init-macrodef-junit-single:

-init-test-properties:

-init-macrodef-junit-batch:

-init-macrodef-junit:

-init-macrodef-junit-impl:
Trying to override old definition of task http://www.netbeans.org/ns/j2se-project/3:test-impl

-init-macrodef-testng:

-init-macrodef-testng-impl:

-init-macrodef-test:

-init-macrodef-junit-debug:

-init-macrodef-junit-debug-batch:

-init-macrodef-junit-debug-impl:

-init-macrodef-test-debug-junit:

-init-macrodef-testng-debug:

-init-macrodef-testng-debug-impl:

-init-macrodef-test-debug-testng:

-init-macrodef-test-debug:

-init-debug-args:

-init-macrodef-nbjpda:

-init-macrodef-debug:

-init-macrodef-java:

-init-presetdef-jar:

-init-ap-cmdline-supported:

-init-ap-cmdline:

init:

-deps-jar-init:

deps-jar:
    [mkdir] Created dir: /home/travis/build/essentials/Essentials/EssentialsAntiBuild/build

-warn-already-built-jar:
[propertyfile] Updating property file: /home/travis/build/essentials/Essentials/EssentialsAntiBuild/build/built-jar.properties

-check-call-dep:

-maybe-call-dep:

-pre-init:

-init-private:

-pre-init-libraries:

-init-private-libraries:

-init-libraries:

-init-user:

-init-project:

-init-macrodef-property:

-do-init:

-post-init:

-init-check:

-init-ap-cmdline-properties:

-init-macrodef-javac-with-processors:

-init-macrodef-javac-without-processors:

-init-macrodef-javac:

-init-macrodef-test-impl:
Trying to override old definition of task http://www.netbeans.org/ns/j2se-project/3:test-impl

-init-macrodef-junit-init:

-init-macrodef-junit-single:

-init-test-properties:

-init-macrodef-junit-batch:

-init-macrodef-junit:

-init-macrodef-junit-impl:
Trying to override old definition of task http://www.netbeans.org/ns/j2se-project/3:test-impl

-init-macrodef-testng:

-init-macrodef-testng-impl:

-init-macrodef-test:

-init-macrodef-junit-debug:

-init-macrodef-junit-debug-batch:

-init-macrodef-junit-debug-impl:

-init-macrodef-test-debug-junit:

-init-macrodef-testng-debug:

-init-macrodef-testng-debug-impl:

-init-macrodef-test-debug-testng:

-init-macrodef-test-debug:

-init-debug-args:

-init-macrodef-nbjpda:

-init-macrodef-debug:

-init-macrodef-java:

-init-presetdef-jar:

-init-ap-cmdline-supported:

-init-ap-cmdline:

init:

-deps-jar-init:

deps-jar:

-warn-already-built-jar:
     [echo] Cycle detected: Essentials was already built
[propertyfile] Updating property file: /home/travis/build/essentials/Essentials/EssentialsAntiBuild/build/built-jar.properties

-check-call-dep:

-maybe-call-dep:

-pre-init:

-init-private:

-init-user:

-init-project:

-init-macrodef-property:

-do-init:

-post-init:

-init-check:

-init-ap-cmdline-properties:

-init-macrodef-javac-with-processors:

-init-macrodef-javac-without-processors:

-init-macrodef-javac:

-init-macrodef-test-impl:
Trying to override old definition of task http://www.netbeans.org/ns/j2se-project/3:test-impl

-init-macrodef-junit-init:

-init-macrodef-junit-single:

-init-test-properties:

-init-macrodef-junit-batch:

-init-macrodef-junit:

-init-macrodef-junit-impl:

-init-macrodef-testng:

-init-macrodef-testng-impl:

-init-macrodef-test:

-init-macrodef-junit-debug:

-init-macrodef-junit-debug-batch:

-init-macrodef-junit-debug-impl:

-init-macrodef-test-debug-junit:

-init-macrodef-testng-debug:

-init-macrodef-testng-debug-impl:

-init-macrodef-test-debug-testng:

-init-macrodef-test-debug:

-init-debug-args:

-init-macrodef-nbjpda:

-init-macrodef-debug:

-init-macrodef-java:

-init-presetdef-jar:

-init-ap-cmdline-supported:

-init-ap-cmdline:

init:

-deps-jar-init:

deps-jar:

-warn-already-built-jar:
     [echo] Cycle detected: EssentialsGroupManager was already built
[propertyfile] Updating property file: /home/travis/build/essentials/Essentials/EssentialsAntiBuild/build/built-jar.properties

-check-automatic-build:

-clean-after-automatic-build:

-verify-automatic-build:

-pre-pre-compile:
    [mkdir] Created dir: /home/travis/build/essentials/Essentials/EssentialsAntiBuild/build/classes

-pre-compile:

-copy-persistence-xml:

-compile-depend:

-do-compile:
    [mkdir] Created dir: /home/travis/build/essentials/Essentials/EssentialsAntiBuild/build/empty
    [mkdir] Created dir: /home/travis/build/essentials/Essentials/EssentialsAntiBuild/build/generated-sources/ap-source-output
    [javac] Compiling 5 source files to /home/travis/build/essentials/Essentials/EssentialsAntiBuild/build/classes
    [javac] warning: [options] bootstrap class path not set in conjunction with -source 1.6
    [javac] Note: /home/travis/build/essentials/Essentials/EssentialsAntiBuild/src/com/earth2me/essentials/antibuild/EssentialsAntiBuildListener.java uses or overrides a deprecated API.
    [javac] Note: Recompile with -Xlint:deprecation for details.
    [javac] 1 warning
     [copy] Copying 1 file to /home/travis/build/essentials/Essentials/EssentialsAntiBuild/build/classes

-post-compile:

compile:

-pre-jar:

-pre-pre-jar:
    [mkdir] Created dir: /home/travis/build/essentials/Essentials/EssentialsAntiBuild/dist

-do-jar-with-manifest:

-do-jar-without-manifest:
[j2seproject1:jar] Building jar: /home/travis/build/essentials/Essentials/EssentialsAntiBuild/dist/original-EssentialsAntiBuild.jar

-do-jar-with-mainclass:

-do-jar-with-libraries-create-manifest:

-do-jar-with-libraries-copy-manifest:

-do-jar-with-libraries-set-main:

-do-jar-with-libraries-set-splashscreen:

-init-macrodef-copylibs:

-do-jar-with-libraries-pack:

-do-jar-with-libraries-delete-manifest:

-do-jar-with-libraries:

-post-jar:

jar:

-check-automatic-build:

-clean-after-automatic-build:

-verify-automatic-build:

-pre-pre-compile:

-pre-compile:

-copy-persistence-xml:

-compile-depend:

-do-compile:

-post-compile:

compile:

-pre-jar:

-pre-pre-jar:

-do-jar-with-manifest:

-do-jar-without-manifest:

-do-jar-with-mainclass:

-do-jar-with-libraries-create-manifest:

-do-jar-with-libraries-copy-manifest:

-do-jar-with-libraries-set-main:

-do-jar-with-libraries-set-splashscreen:

-init-macrodef-copylibs:

-do-jar-with-libraries-pack:

-do-jar-with-libraries-delete-manifest:

-do-jar-with-libraries:

-post-jar:

jar:

-check-automatic-build:

-clean-after-automatic-build:

-verify-automatic-build:

-pre-pre-compile:

-pre-compile:

-copy-persistence-xml:

-compile-depend:

-do-compile:

-post-compile:

compile:

-pre-pre-compile-test:

-pre-compile-test:

-compile-test-depend:

-do-compile-test:

-post-compile-test:

compile-test:

-pre-test-run:

-do-test-run:

test-report:

-post-test-run:

-test-browse:

test:

-pre-jar:

-pre-pre-jar:

-do-jar-with-manifest:

-do-jar-without-manifest:

-do-jar-with-mainclass:

-do-jar-with-libraries-create-manifest:

-do-jar-with-libraries-copy-manifest:

-do-jar-with-libraries-set-main:

-do-jar-with-libraries-set-splashscreen:

-init-macrodef-copylibs:

-do-jar-with-libraries-pack:

-do-jar-with-libraries-delete-manifest:

-do-jar-with-libraries:

-post-jar:
      [jar] Building jar: /home/travis/build/essentials/Essentials/EssentialsAntiBuild/dist/EssentialsAntiBuild.jar

jar:

-javadoc-build:
    [mkdir] Created dir: /home/travis/build/essentials/Essentials/EssentialsAntiBuild/dist/javadoc
  [javadoc] Warning: Leaving out empty argument '-windowtitle'
  [javadoc] Generating Javadoc
  [javadoc] Javadoc execution
  [javadoc] warning: [options] bootstrap class path not set in conjunction with -source 1.6
  [javadoc] Loading source file /home/travis/build/essentials/Essentials/EssentialsAntiBuild/src/com/earth2me/essentials/antibuild/AntiBuildConfig.java...
  [javadoc] Loading source file /home/travis/build/essentials/Essentials/EssentialsAntiBuild/src/com/earth2me/essentials/antibuild/EssentialsAntiBuild.java...
  [javadoc] Loading source file /home/travis/build/essentials/Essentials/EssentialsAntiBuild/src/com/earth2me/essentials/antibuild/EssentialsAntiBuildListener.java...
  [javadoc] Loading source file /home/travis/build/essentials/Essentials/EssentialsAntiBuild/src/com/earth2me/essentials/antibuild/EssentialsConnect.java...
  [javadoc] Loading source file /home/travis/build/essentials/Essentials/EssentialsAntiBuild/src/com/earth2me/essentials/antibuild/IAntiBuild.java...
  [javadoc] Constructing Javadoc information...
  [javadoc] Standard Doclet version 1.7.0_75
  [javadoc] Building tree for all the packages and classes...
  [javadoc] Building index for all the packages and classes...
  [javadoc] Building index for all classes...
  [javadoc] Generating /home/travis/build/essentials/Essentials/EssentialsAntiBuild/dist/javadoc/help-doc.html...
  [javadoc] 1 warning

-javadoc-browse:

javadoc:

default:

-pre-init:

-init-private:

-pre-init-libraries:

-init-private-libraries:

-init-libraries:

-init-user:

-init-project:

-init-macrodef-property:

-do-init:

-post-init:

-init-check:

-init-ap-cmdline-properties:

-init-macrodef-javac-with-processors:

-init-macrodef-javac-without-processors:

-init-macrodef-javac:

-init-macrodef-test-impl:

-init-macrodef-junit-init:

-init-macrodef-junit-single:

-init-test-properties:

-init-macrodef-junit-batch:

-init-macrodef-junit:

-init-macrodef-junit-impl:
Trying to override old definition of task http://www.netbeans.org/ns/j2se-project/3:test-impl

-init-macrodef-testng:

-init-macrodef-testng-impl:

-init-macrodef-test:

-init-macrodef-junit-debug:

-init-macrodef-junit-debug-batch:

-init-macrodef-junit-debug-impl:

-init-macrodef-test-debug-junit:

-init-macrodef-testng-debug:

-init-macrodef-testng-debug-impl:

-init-macrodef-test-debug-testng:

-init-macrodef-test-debug:

-init-debug-args:

-init-macrodef-nbjpda:

-init-macrodef-debug:

-init-macrodef-java:

-init-presetdef-jar:

-init-ap-cmdline-supported:

-init-ap-cmdline:

init:

-deps-jar-init:

deps-jar:
    [mkdir] Created dir: /home/travis/build/essentials/Essentials/EssentialsProtect/build

-warn-already-built-jar:
[propertyfile] Updating property file: /home/travis/build/essentials/Essentials/EssentialsProtect/build/built-jar.properties

-check-call-dep:

-maybe-call-dep:

-pre-init:

-init-private:

-pre-init-libraries:

-init-private-libraries:

-init-libraries:

-init-user:

-init-project:

-init-macrodef-property:

-do-init:

-post-init:

-init-check:

-init-ap-cmdline-properties:

-init-macrodef-javac-with-processors:

-init-macrodef-javac-without-processors:

-init-macrodef-javac:

-init-macrodef-test-impl:
Trying to override old definition of task http://www.netbeans.org/ns/j2se-project/3:test-impl

-init-macrodef-junit-init:

-init-macrodef-junit-single:

-init-test-properties:

-init-macrodef-junit-batch:

-init-macrodef-junit:

-init-macrodef-junit-impl:
Trying to override old definition of task http://www.netbeans.org/ns/j2se-project/3:test-impl

-init-macrodef-testng:

-init-macrodef-testng-impl:

-init-macrodef-test:

-init-macrodef-junit-debug:

-init-macrodef-junit-debug-batch:

-init-macrodef-junit-debug-impl:

-init-macrodef-test-debug-junit:

-init-macrodef-testng-debug:

-init-macrodef-testng-debug-impl:

-init-macrodef-test-debug-testng:

-init-macrodef-test-debug:

-init-debug-args:

-init-macrodef-nbjpda:

-init-macrodef-debug:

-init-macrodef-java:

-init-presetdef-jar:

-init-ap-cmdline-supported:

-init-ap-cmdline:

init:

-deps-jar-init:

deps-jar:

-warn-already-built-jar:
     [echo] Cycle detected: Essentials was already built
[propertyfile] Updating property file: /home/travis/build/essentials/Essentials/EssentialsProtect/build/built-jar.properties

-check-call-dep:

-maybe-call-dep:

-pre-init:

-init-private:

-init-user:

-init-project:

-init-macrodef-property:

-do-init:

-post-init:

-init-check:

-init-ap-cmdline-properties:

-init-macrodef-javac-with-processors:

-init-macrodef-javac-without-processors:

-init-macrodef-javac:

-init-macrodef-test-impl:
Trying to override old definition of task http://www.netbeans.org/ns/j2se-project/3:test-impl

-init-macrodef-junit-init:

-init-macrodef-junit-single:

-init-test-properties:

-init-macrodef-junit-batch:

-init-macrodef-junit:

-init-macrodef-junit-impl:

-init-macrodef-testng:

-init-macrodef-testng-impl:

-init-macrodef-test:

-init-macrodef-junit-debug:

-init-macrodef-junit-debug-batch:

-init-macrodef-junit-debug-impl:

-init-macrodef-test-debug-junit:

-init-macrodef-testng-debug:

-init-macrodef-testng-debug-impl:

-init-macrodef-test-debug-testng:

-init-macrodef-test-debug:

-init-debug-args:

-init-macrodef-nbjpda:

-init-macrodef-debug:

-init-macrodef-java:

-init-presetdef-jar:

-init-ap-cmdline-supported:

-init-ap-cmdline:

init:

-deps-jar-init:

deps-jar:

-warn-already-built-jar:
     [echo] Cycle detected: EssentialsGroupManager was already built
[propertyfile] Updating property file: /home/travis/build/essentials/Essentials/EssentialsProtect/build/built-jar.properties

-check-automatic-build:

-clean-after-automatic-build:

-verify-automatic-build:

-pre-pre-compile:
    [mkdir] Created dir: /home/travis/build/essentials/Essentials/EssentialsProtect/build/classes

-pre-compile:

-copy-persistence-xml:

-compile-depend:

-do-compile:
    [mkdir] Created dir: /home/travis/build/essentials/Essentials/EssentialsProtect/build/empty
    [mkdir] Created dir: /home/travis/build/essentials/Essentials/EssentialsProtect/build/generated-sources/ap-source-output
    [javac] Compiling 8 source files to /home/travis/build/essentials/Essentials/EssentialsProtect/build/classes
    [javac] warning: [options] bootstrap class path not set in conjunction with -source 1.6
    [javac] 1 warning
     [copy] Copying 1 file to /home/travis/build/essentials/Essentials/EssentialsProtect/build/classes

-post-compile:

compile:

-pre-jar:

-pre-pre-jar:
    [mkdir] Created dir: /home/travis/build/essentials/Essentials/EssentialsProtect/dist

-do-jar-with-manifest:

-do-jar-without-manifest:
[j2seproject1:jar] Building jar: /home/travis/build/essentials/Essentials/EssentialsProtect/dist/original-EssentialsProtect.jar

-do-jar-with-mainclass:

-do-jar-with-libraries-create-manifest:

-do-jar-with-libraries-copy-manifest:

-do-jar-with-libraries-set-main:

-do-jar-with-libraries-set-splashscreen:

-init-macrodef-copylibs:

-do-jar-with-libraries-pack:

-do-jar-with-libraries-delete-manifest:

-do-jar-with-libraries:

-post-jar:

jar:

-check-automatic-build:

-clean-after-automatic-build:

-verify-automatic-build:

-pre-pre-compile:

-pre-compile:

-copy-persistence-xml:

-compile-depend:

-do-compile:

-post-compile:

compile:

-pre-jar:

-pre-pre-jar:

-do-jar-with-manifest:

-do-jar-without-manifest:

-do-jar-with-mainclass:

-do-jar-with-libraries-create-manifest:

-do-jar-with-libraries-copy-manifest:

-do-jar-with-libraries-set-main:

-do-jar-with-libraries-set-splashscreen:

-init-macrodef-copylibs:

-do-jar-with-libraries-pack:

-do-jar-with-libraries-delete-manifest:

-do-jar-with-libraries:

-post-jar:

jar:

-check-automatic-build:

-clean-after-automatic-build:

-verify-automatic-build:

-pre-pre-compile:

-pre-compile:

-copy-persistence-xml:

-compile-depend:

-do-compile:

-post-compile:

compile:

-pre-pre-compile-test:

-pre-compile-test:

-compile-test-depend:

-do-compile-test:

-post-compile-test:

compile-test:

-pre-test-run:

-do-test-run:

test-report:

-post-test-run:

-test-browse:

test:

-pre-jar:

-pre-pre-jar:

-do-jar-with-manifest:

-do-jar-without-manifest:

-do-jar-with-mainclass:

-do-jar-with-libraries-create-manifest:

-do-jar-with-libraries-copy-manifest:

-do-jar-with-libraries-set-main:

-do-jar-with-libraries-set-splashscreen:

-init-macrodef-copylibs:

-do-jar-with-libraries-pack:

-do-jar-with-libraries-delete-manifest:

-do-jar-with-libraries:

-post-jar:
      [jar] Building jar: /home/travis/build/essentials/Essentials/EssentialsProtect/dist/EssentialsProtect.jar

jar:

-javadoc-build:
    [mkdir] Created dir: /home/travis/build/essentials/Essentials/EssentialsProtect/dist/javadoc
  [javadoc] Warning: Leaving out empty argument '-windowtitle'
  [javadoc] Generating Javadoc
  [javadoc] Javadoc execution
  [javadoc] warning: [options] bootstrap class path not set in conjunction with -source 1.6
  [javadoc] Loading source file /home/travis/build/essentials/Essentials/EssentialsProtect/src/com/earth2me/essentials/protect/EmergencyListener.java...
  [javadoc] Loading source file /home/travis/build/essentials/Essentials/EssentialsProtect/src/com/earth2me/essentials/protect/EssentialsConnect.java...
  [javadoc] Loading source file /home/travis/build/essentials/Essentials/EssentialsProtect/src/com/earth2me/essentials/protect/EssentialsProtect.java...
  [javadoc] Loading source file /home/travis/build/essentials/Essentials/EssentialsProtect/src/com/earth2me/essentials/protect/EssentialsProtectBlockListener.java...
  [javadoc] Loading source file /home/travis/build/essentials/Essentials/EssentialsProtect/src/com/earth2me/essentials/protect/EssentialsProtectEntityListener.java...
  [javadoc] Loading source file /home/travis/build/essentials/Essentials/EssentialsProtect/src/com/earth2me/essentials/protect/EssentialsProtectWeatherListener.java...
  [javadoc] Loading source file /home/travis/build/essentials/Essentials/EssentialsProtect/src/com/earth2me/essentials/protect/IProtect.java...
  [javadoc] Loading source file /home/travis/build/essentials/Essentials/EssentialsProtect/src/com/earth2me/essentials/protect/ProtectConfig.java...
  [javadoc] Constructing Javadoc information...
  [javadoc] Standard Doclet version 1.7.0_75
  [javadoc] Building tree for all the packages and classes...
  [javadoc] Building index for all the packages and classes...
  [javadoc] Building index for all classes...
  [javadoc] Generating /home/travis/build/essentials/Essentials/EssentialsProtect/dist/javadoc/help-doc.html...
  [javadoc] 1 warning

-javadoc-browse:

javadoc:

default:

-pre-init:

-init-private:

-pre-init-libraries:

-init-private-libraries:

-init-libraries:

-init-user:

-init-project:

-init-macrodef-property:

-do-init:

-post-init:

-init-check:

-init-ap-cmdline-properties:

-init-macrodef-javac-with-processors:

-init-macrodef-javac-without-processors:

-init-macrodef-javac:

-init-macrodef-test-impl:

-init-macrodef-junit-init:

-init-macrodef-junit-single:

-init-test-properties:

-init-macrodef-junit-batch:

-init-macrodef-junit:

-init-macrodef-junit-impl:
Trying to override old definition of task http://www.netbeans.org/ns/j2se-project/3:test-impl

-init-macrodef-testng:

-init-macrodef-testng-impl:

-init-macrodef-test:

-init-macrodef-junit-debug:

-init-macrodef-junit-debug-batch:

-init-macrodef-junit-debug-impl:

-init-macrodef-test-debug-junit:

-init-macrodef-testng-debug:

-init-macrodef-testng-debug-impl:

-init-macrodef-test-debug-testng:

-init-macrodef-test-debug:

-init-debug-args:

-init-macrodef-nbjpda:

-init-macrodef-debug:

-init-macrodef-java:

-init-presetdef-jar:

-init-ap-cmdline-supported:

-init-ap-cmdline:

init:

-deps-jar-init:

deps-jar:
    [mkdir] Created dir: /home/travis/build/essentials/Essentials/EssentialsGeoIP/build

-warn-already-built-jar:
[propertyfile] Updating property file: /home/travis/build/essentials/Essentials/EssentialsGeoIP/build/built-jar.properties

-check-call-dep:

-maybe-call-dep:

-pre-init:

-init-private:

-pre-init-libraries:

-init-private-libraries:

-init-libraries:

-init-user:

-init-project:

-init-macrodef-property:

-do-init:

-post-init:

-init-check:

-init-ap-cmdline-properties:

-init-macrodef-javac-with-processors:

-init-macrodef-javac-without-processors:

-init-macrodef-javac:

-init-macrodef-test-impl:
Trying to override old definition of task http://www.netbeans.org/ns/j2se-project/3:test-impl

-init-macrodef-junit-init:

-init-macrodef-junit-single:

-init-test-properties:

-init-macrodef-junit-batch:

-init-macrodef-junit:

-init-macrodef-junit-impl:
Trying to override old definition of task http://www.netbeans.org/ns/j2se-project/3:test-impl

-init-macrodef-testng:

-init-macrodef-testng-impl:

-init-macrodef-test:

-init-macrodef-junit-debug:

-init-macrodef-junit-debug-batch:

-init-macrodef-junit-debug-impl:

-init-macrodef-test-debug-junit:

-init-macrodef-testng-debug:

-init-macrodef-testng-debug-impl:

-init-macrodef-test-debug-testng:

-init-macrodef-test-debug:

-init-debug-args:

-init-macrodef-nbjpda:

-init-macrodef-debug:

-init-macrodef-java:

-init-presetdef-jar:

-init-ap-cmdline-supported:

-init-ap-cmdline:

init:

-deps-jar-init:

deps-jar:

-warn-already-built-jar:
     [echo] Cycle detected: Essentials was already built
[propertyfile] Updating property file: /home/travis/build/essentials/Essentials/EssentialsGeoIP/build/built-jar.properties

-check-call-dep:

-maybe-call-dep:

-pre-init:

-init-private:

-init-user:

-init-project:

-init-macrodef-property:

-do-init:

-post-init:

-init-check:

-init-ap-cmdline-properties:

-init-macrodef-javac-with-processors:

-init-macrodef-javac-without-processors:

-init-macrodef-javac:

-init-macrodef-test-impl:
Trying to override old definition of task http://www.netbeans.org/ns/j2se-project/3:test-impl

-init-macrodef-junit-init:

-init-macrodef-junit-single:

-init-test-properties:

-init-macrodef-junit-batch:

-init-macrodef-junit:

-init-macrodef-junit-impl:

-init-macrodef-testng:

-init-macrodef-testng-impl:

-init-macrodef-test:

-init-macrodef-junit-debug:

-init-macrodef-junit-debug-batch:

-init-macrodef-junit-debug-impl:

-init-macrodef-test-debug-junit:

-init-macrodef-testng-debug:

-init-macrodef-testng-debug-impl:

-init-macrodef-test-debug-testng:

-init-macrodef-test-debug:

-init-debug-args:

-init-macrodef-nbjpda:

-init-macrodef-debug:

-init-macrodef-java:

-init-presetdef-jar:

-init-ap-cmdline-supported:

-init-ap-cmdline:

init:

-deps-jar-init:

deps-jar:

-warn-already-built-jar:
     [echo] Cycle detected: EssentialsGroupManager was already built
[propertyfile] Updating property file: /home/travis/build/essentials/Essentials/EssentialsGeoIP/build/built-jar.properties

-check-automatic-build:

-clean-after-automatic-build:

-verify-automatic-build:

-pre-pre-compile:
    [mkdir] Created dir: /home/travis/build/essentials/Essentials/EssentialsGeoIP/build/classes

-pre-compile:

-copy-persistence-xml:

-compile-depend:

-do-compile:
    [mkdir] Created dir: /home/travis/build/essentials/Essentials/EssentialsGeoIP/build/empty
    [mkdir] Created dir: /home/travis/build/essentials/Essentials/EssentialsGeoIP/build/generated-sources/ap-source-output
    [javac] Compiling 9 source files to /home/travis/build/essentials/Essentials/EssentialsGeoIP/build/classes
    [javac] warning: [options] bootstrap class path not set in conjunction with -source 1.6
    [javac] Note: /home/travis/build/essentials/Essentials/EssentialsGeoIP/src/com/maxmind/geoip/LookupService.java uses unchecked or unsafe operations.
    [javac] Note: Recompile with -Xlint:unchecked for details.
    [javac] 1 warning
     [copy] Copying 3 files to /home/travis/build/essentials/Essentials/EssentialsGeoIP/build/classes

-post-compile:

compile:

-pre-jar:

-pre-pre-jar:
    [mkdir] Created dir: /home/travis/build/essentials/Essentials/EssentialsGeoIP/dist

-do-jar-with-manifest:

-do-jar-without-manifest:
[j2seproject1:jar] Building jar: /home/travis/build/essentials/Essentials/EssentialsGeoIP/dist/EssentialsGeoIP.jar

-do-jar-with-mainclass:

-do-jar-with-libraries-create-manifest:

-do-jar-with-libraries-copy-manifest:

-do-jar-with-libraries-set-main:

-do-jar-with-libraries-set-splashscreen:

-init-macrodef-copylibs:

-do-jar-with-libraries-pack:

-do-jar-with-libraries-delete-manifest:

-do-jar-with-libraries:

-post-jar:

jar:

-check-automatic-build:

-clean-after-automatic-build:

-verify-automatic-build:

-pre-pre-compile:

-pre-compile:

-copy-persistence-xml:

-compile-depend:

-do-compile:

-post-compile:

compile:

-pre-jar:

-pre-pre-jar:

-do-jar-with-manifest:

-do-jar-without-manifest:

-do-jar-with-mainclass:

-do-jar-with-libraries-create-manifest:

-do-jar-with-libraries-copy-manifest:

-do-jar-with-libraries-set-main:

-do-jar-with-libraries-set-splashscreen:

-init-macrodef-copylibs:

-do-jar-with-libraries-pack:

-do-jar-with-libraries-delete-manifest:

-do-jar-with-libraries:

-post-jar:

jar:

-check-automatic-build:

-clean-after-automatic-build:

-verify-automatic-build:

-pre-pre-compile:

-pre-compile:

-copy-persistence-xml:

-compile-depend:

-do-compile:

-post-compile:

compile:

-pre-pre-compile-test:

-pre-compile-test:

-compile-test-depend:

-do-compile-test:

-post-compile-test:

compile-test:

-pre-test-run:

-do-test-run:

test-report:

-post-test-run:

-test-browse:

test:

-pre-jar:

-pre-pre-jar:

-do-jar-with-manifest:

-do-jar-without-manifest:

-do-jar-with-mainclass:

-do-jar-with-libraries-create-manifest:

-do-jar-with-libraries-copy-manifest:

-do-jar-with-libraries-set-main:

-do-jar-with-libraries-set-splashscreen:

-init-macrodef-copylibs:

-do-jar-with-libraries-pack:

-do-jar-with-libraries-delete-manifest:

-do-jar-with-libraries:

-post-jar:

jar:

-javadoc-build:
    [mkdir] Created dir: /home/travis/build/essentials/Essentials/EssentialsGeoIP/dist/javadoc
  [javadoc] Warning: Leaving out empty argument '-windowtitle'
  [javadoc] Generating Javadoc
  [javadoc] Javadoc execution
  [javadoc] warning: [options] bootstrap class path not set in conjunction with -source 1.6
  [javadoc] Loading source file /home/travis/build/essentials/Essentials/EssentialsGeoIP/src/com/earth2me/essentials/geoip/EssentialsGeoIP.java...
  [javadoc] Loading source file /home/travis/build/essentials/Essentials/EssentialsGeoIP/src/com/earth2me/essentials/geoip/EssentialsGeoIPPlayerListener.java...
  [javadoc] Loading source file /home/travis/build/essentials/Essentials/EssentialsGeoIP/src/com/maxmind/geoip/Country.java...
  [javadoc] Loading source file /home/travis/build/essentials/Essentials/EssentialsGeoIP/src/com/maxmind/geoip/DatabaseInfo.java...
  [javadoc] Loading source file /home/travis/build/essentials/Essentials/EssentialsGeoIP/src/com/maxmind/geoip/Location.java...
  [javadoc] Loading source file /home/travis/build/essentials/Essentials/EssentialsGeoIP/src/com/maxmind/geoip/LookupService.java...
  [javadoc] Loading source file /home/travis/build/essentials/Essentials/EssentialsGeoIP/src/com/maxmind/geoip/Region.java...
  [javadoc] Loading source file /home/travis/build/essentials/Essentials/EssentialsGeoIP/src/com/maxmind/geoip/regionName.java...
  [javadoc] Loading source file /home/travis/build/essentials/Essentials/EssentialsGeoIP/src/com/maxmind/geoip/timeZone.java...
  [javadoc] Constructing Javadoc information...
  [javadoc] Standard Doclet version 1.7.0_75
  [javadoc] Building tree for all the packages and classes...
  [javadoc] Building index for all the packages and classes...
  [javadoc] Building index for all classes...
  [javadoc] Generating /home/travis/build/essentials/Essentials/EssentialsGeoIP/dist/javadoc/help-doc.html...
  [javadoc] 1 warning

-javadoc-browse:

javadoc:

default:

-pre-init:

-init-private:

-pre-init-libraries:

-init-private-libraries:

-init-libraries:

-init-user:

-init-project:

-init-macrodef-property:

-do-init:

-post-init:

-init-check:

-init-ap-cmdline-properties:

-init-macrodef-javac-with-processors:

-init-macrodef-javac-without-processors:

-init-macrodef-javac:

-init-macrodef-test-impl:

-init-macrodef-junit-init:

-init-macrodef-junit-single:

-init-test-properties:

-init-macrodef-junit-batch:

-init-macrodef-junit:

-init-macrodef-junit-impl:
Trying to override old definition of task http://www.netbeans.org/ns/j2se-project/3:test-impl

-init-macrodef-testng:

-init-macrodef-testng-impl:

-init-macrodef-test:

-init-macrodef-junit-debug:

-init-macrodef-junit-debug-batch:

-init-macrodef-junit-debug-impl:

-init-macrodef-test-debug-junit:

-init-macrodef-testng-debug:

-init-macrodef-testng-debug-impl:

-init-macrodef-test-debug-testng:

-init-macrodef-test-debug:

-init-debug-args:

-init-macrodef-nbjpda:

-init-macrodef-debug:

-init-macrodef-java:

-init-presetdef-jar:

-init-ap-cmdline-supported:

-init-ap-cmdline:

init:

-deps-jar-init:

deps-jar:
    [mkdir] Created dir: /home/travis/build/essentials/Essentials/EssentialsXMPP/build

-warn-already-built-jar:
[propertyfile] Updating property file: /home/travis/build/essentials/Essentials/EssentialsXMPP/build/built-jar.properties

-check-call-dep:

-maybe-call-dep:

-pre-init:

-init-private:

-pre-init-libraries:

-init-private-libraries:

-init-libraries:

-init-user:

-init-project:

-init-macrodef-property:

-do-init:

-post-init:

-init-check:

-init-ap-cmdline-properties:

-init-macrodef-javac-with-processors:

-init-macrodef-javac-without-processors:

-init-macrodef-javac:

-init-macrodef-test-impl:
Trying to override old definition of task http://www.netbeans.org/ns/j2se-project/3:test-impl

-init-macrodef-junit-init:

-init-macrodef-junit-single:

-init-test-properties:

-init-macrodef-junit-batch:

-init-macrodef-junit:

-init-macrodef-junit-impl:
Trying to override old definition of task http://www.netbeans.org/ns/j2se-project/3:test-impl

-init-macrodef-testng:

-init-macrodef-testng-impl:

-init-macrodef-test:

-init-macrodef-junit-debug:

-init-macrodef-junit-debug-batch:

-init-macrodef-junit-debug-impl:

-init-macrodef-test-debug-junit:

-init-macrodef-testng-debug:

-init-macrodef-testng-debug-impl:

-init-macrodef-test-debug-testng:

-init-macrodef-test-debug:

-init-debug-args:

-init-macrodef-nbjpda:

-init-macrodef-debug:

-init-macrodef-java:

-init-presetdef-jar:

-init-ap-cmdline-supported:

-init-ap-cmdline:

init:

-deps-jar-init:

deps-jar:

-warn-already-built-jar:
     [echo] Cycle detected: Essentials was already built
[propertyfile] Updating property file: /home/travis/build/essentials/Essentials/EssentialsXMPP/build/built-jar.properties

-check-call-dep:

-maybe-call-dep:

-pre-init:

-init-private:

-init-user:

-init-project:

-init-macrodef-property:

-do-init:

-post-init:

-init-check:

-init-ap-cmdline-properties:

-init-macrodef-javac-with-processors:

-init-macrodef-javac-without-processors:

-init-macrodef-javac:

-init-macrodef-test-impl:
Trying to override old definition of task http://www.netbeans.org/ns/j2se-project/3:test-impl

-init-macrodef-junit-init:

-init-macrodef-junit-single:

-init-test-properties:

-init-macrodef-junit-batch:

-init-macrodef-junit:

-init-macrodef-junit-impl:

-init-macrodef-testng:

-init-macrodef-testng-impl:

-init-macrodef-test:

-init-macrodef-junit-debug:

-init-macrodef-junit-debug-batch:

-init-macrodef-junit-debug-impl:

-init-macrodef-test-debug-junit:

-init-macrodef-testng-debug:

-init-macrodef-testng-debug-impl:

-init-macrodef-test-debug-testng:

-init-macrodef-test-debug:

-init-debug-args:

-init-macrodef-nbjpda:

-init-macrodef-debug:

-init-macrodef-java:

-init-presetdef-jar:

-init-ap-cmdline-supported:

-init-ap-cmdline:

init:

-deps-jar-init:

deps-jar:

-warn-already-built-jar:
     [echo] Cycle detected: EssentialsGroupManager was already built
[propertyfile] Updating property file: /home/travis/build/essentials/Essentials/EssentialsXMPP/build/built-jar.properties

-check-automatic-build:

-clean-after-automatic-build:

-verify-automatic-build:

-pre-pre-compile:
    [mkdir] Created dir: /home/travis/build/essentials/Essentials/EssentialsXMPP/build/classes

-pre-compile:

-copy-persistence-xml:

-compile-depend:

-do-compile:
    [mkdir] Created dir: /home/travis/build/essentials/Essentials/EssentialsXMPP/build/empty
    [mkdir] Created dir: /home/travis/build/essentials/Essentials/EssentialsXMPP/build/generated-sources/ap-source-output
    [javac] Compiling 8 source files to /home/travis/build/essentials/Essentials/EssentialsXMPP/build/classes
    [javac] warning: [options] bootstrap class path not set in conjunction with -source 1.6
    [javac] 1 warning
     [copy] Copying 2 files to /home/travis/build/essentials/Essentials/EssentialsXMPP/build/classes

-post-compile:

compile:

-pre-jar:

-pre-pre-jar:
    [mkdir] Created dir: /home/travis/build/essentials/Essentials/EssentialsXMPP/dist

-do-jar-with-manifest:

-do-jar-without-manifest:
[j2seproject1:jar] Building jar: /home/travis/build/essentials/Essentials/EssentialsXMPP/dist/original-EssentialsXMPP.jar

-do-jar-with-mainclass:

-do-jar-with-libraries-create-manifest:

-do-jar-with-libraries-copy-manifest:

-do-jar-with-libraries-set-main:

-do-jar-with-libraries-set-splashscreen:

-init-macrodef-copylibs:

-do-jar-with-libraries-pack:

-do-jar-with-libraries-delete-manifest:

-do-jar-with-libraries:

-post-jar:

jar:

-check-automatic-build:

-clean-after-automatic-build:

-verify-automatic-build:

-pre-pre-compile:

-pre-compile:

-copy-persistence-xml:

-compile-depend:

-do-compile:

-post-compile:

compile:

-pre-jar:

-pre-pre-jar:

-do-jar-with-manifest:

-do-jar-without-manifest:

-do-jar-with-mainclass:

-do-jar-with-libraries-create-manifest:

-do-jar-with-libraries-copy-manifest:

-do-jar-with-libraries-set-main:

-do-jar-with-libraries-set-splashscreen:

-init-macrodef-copylibs:

-do-jar-with-libraries-pack:

-do-jar-with-libraries-delete-manifest:

-do-jar-with-libraries:

-post-jar:

jar:

-check-automatic-build:

-clean-after-automatic-build:

-verify-automatic-build:

-pre-pre-compile:

-pre-compile:

-copy-persistence-xml:

-compile-depend:

-do-compile:

-post-compile:

compile:

-pre-pre-compile-test:

-pre-compile-test:

-compile-test-depend:

-do-compile-test:

-post-compile-test:

compile-test:

-pre-test-run:

-do-test-run:

test-report:

-post-test-run:

-test-browse:

test:

-pre-jar:

-pre-pre-jar:

-do-jar-with-manifest:

-do-jar-without-manifest:

-do-jar-with-mainclass:

-do-jar-with-libraries-create-manifest:

-do-jar-with-libraries-copy-manifest:

-do-jar-with-libraries-set-main:

-do-jar-with-libraries-set-splashscreen:

-init-macrodef-copylibs:

-do-jar-with-libraries-pack:

-do-jar-with-libraries-delete-manifest:

-do-jar-with-libraries:

-post-jar:
      [jar] Building jar: /home/travis/build/essentials/Essentials/EssentialsXMPP/dist/EssentialsXMPP.jar

jar:

-javadoc-build:
    [mkdir] Created dir: /home/travis/build/essentials/Essentials/EssentialsXMPP/dist/javadoc
  [javadoc] Warning: Leaving out empty argument '-windowtitle'
  [javadoc] Generating Javadoc
  [javadoc] Javadoc execution
  [javadoc] Loading source file /home/travis/build/essentials/Essentials/EssentialsXMPP/src/com/earth2me/essentials/xmpp/Commandsetxmpp.java...
  [javadoc] Loading source file /home/travis/build/essentials/Essentials/EssentialsXMPP/src/com/earth2me/essentials/xmpp/Commandxmpp.java...
  [javadoc] Loading source file /home/travis/build/essentials/Essentials/EssentialsXMPP/src/com/earth2me/essentials/xmpp/Commandxmppspy.java...
  [javadoc] Loading source file /home/travis/build/essentials/Essentials/EssentialsXMPP/src/com/earth2me/essentials/xmpp/EssentialsXMPP.java...
  [javadoc] Loading source file /home/travis/build/essentials/Essentials/EssentialsXMPP/src/com/earth2me/essentials/xmpp/EssentialsXMPPPlayerListener.java...
  [javadoc] Loading source file /home/travis/build/essentials/Essentials/EssentialsXMPP/src/com/earth2me/essentials/xmpp/IEssentialsXMPP.java...
  [javadoc] Loading source file /home/travis/build/essentials/Essentials/EssentialsXMPP/src/com/earth2me/essentials/xmpp/UserManager.java...
  [javadoc] Loading source file /home/travis/build/essentials/Essentials/EssentialsXMPP/src/com/earth2me/essentials/xmpp/XMPPManager.java...
  [javadoc] Constructing Javadoc information...
  [javadoc] warning: [options] bootstrap class path not set in conjunction with -source 1.6
  [javadoc] Standard Doclet version 1.7.0_75
  [javadoc] Building tree for all the packages and classes...
  [javadoc] Building index for all the packages and classes...
  [javadoc] Building index for all classes...
  [javadoc] Generating /home/travis/build/essentials/Essentials/EssentialsXMPP/dist/javadoc/help-doc.html...
  [javadoc] 1 warning

-javadoc-browse:

javadoc:

default:

collect:
    [mkdir] Created dir: /home/travis/build/essentials/Essentials/jars
     [copy] Copying 28 files to /home/travis/build/essentials/Essentials/jars

BUILD SUCCESSFUL
Total time: 52 seconds

travis_time:end:1206596b:start=1479320954083028566,finish=1479321006869829291,duration=52786800725[0K
[32;1mThe command "ant collect" exited with 0.[0m

Done. Your build exited with 0.
