travis_fold:start:system_info[0K[33;1mBuild system information[0m
Build language: java
Build id: ''
Job id: ''
[34m[1mBuild image provisioning date and time[0m
Thu Feb  5 15:09:33 UTC 2015
[34m[1mOperating System Details[0m
Distributor ID:	Ubuntu
Description:	Ubuntu 12.04.5 LTS
Release:	12.04
Codename:	precise
[34m[1mLinux Version[0m
3.13.0-29-generic
[34m[1mCookbooks Version[0m
a68419e https://github.com/travis-ci/travis-cookbooks/tree/a68419e
[34m[1mGCC version[0m
gcc (Ubuntu/Linaro 4.6.3-1ubuntu5) 4.6.3
Copyright (C) 2011 Free Software Foundation, Inc.
This is free software; see the source for copying conditions.  There is NO
warranty; not even for MERCHANTABILITY or FITNESS FOR A PARTICULAR PURPOSE.

[34m[1mLLVM version[0m
clang version 3.4 (tags/RELEASE_34/final)
Target: x86_64-unknown-linux-gnu
Thread model: posix
[34m[1mPre-installed Ruby versions[0m
ruby-1.9.3-p551
[34m[1mPre-installed Node.js versions[0m
v0.10.36
[34m[1mPre-installed Go versions[0m
1.4.1
[34m[1mRedis version[0m
redis-server 2.8.19
[34m[1mriak version[0m
2.0.2
[34m[1mMongoDB version[0m
MongoDB 2.4.12
[34m[1mCouchDB version[0m
couchdb 1.6.1
[34m[1mNeo4j version[0m
1.9.4
[34m[1mRabbitMQ Version[0m
3.4.3
[34m[1mElasticSearch version[0m
1.4.0
[34m[1mInstalled Sphinx versions[0m
2.0.10
2.1.9
2.2.6
[34m[1mDefault Sphinx version[0m
2.2.6
[34m[1mInstalled Firefox version[0m
firefox 31.0esr
[34m[1mPhantomJS version[0m
1.9.8
[34m[1mant -version[0m
Apache Ant(TM) version 1.8.2 compiled on December 3 2011
[34m[1mmvn -version[0m
Apache Maven 3.2.5 (12a6b3acb947671f09b81f49094c53f426d8cea1; 2014-12-14T17:29:23+00:00)
Maven home: /usr/local/maven
Java version: 1.7.0_76, vendor: Oracle Corporation
Java home: /usr/lib/jvm/java-7-oracle/jre
Default locale: en_US, platform encoding: ANSI_X3.4-1968
OS name: "linux", version: "3.13.0-29-generic", arch: "amd64", family: "unix"
travis_fold:end:system_info[0K
sed: cannot rename /etc/hosts: Device or resource busy
sed: cannot rename /etc/hosts: Device or resource busy
$ cd hamcrest/JavaHamcrest
$ jdk_switcher use openjdk6
Switching to OpenJDK6 (java-1.6.0-openjdk-amd64), JAVA_HOME will be set to /usr/lib/jvm/java-6-openjdk-amd64
$ java -Xmx32m -version
java version "1.6.0_34"
OpenJDK Runtime Environment (IcedTea6 1.13.6) (6b34-1.13.6-1ubuntu0.12.04.1)
OpenJDK 64-Bit Server VM (build 23.25-b01, mixed mode)
$ javac -J-Xmx32m -version
javac 1.6.0_34
travis_time:start:11266d31[0K$ ant javadoc
Buildfile: /home/travis/build/hamcrest/JavaHamcrest/build.xml

api:
    [mkdir] Created dir: /home/travis/build/hamcrest/JavaHamcrest/build/temp/hamcrest-api-SNAPSHOT-sources.jar.contents
     [copy] Copying 4 files to /home/travis/build/hamcrest/JavaHamcrest/build/temp/hamcrest-api-SNAPSHOT-sources.jar.contents
    [mkdir] Created dir: /home/travis/build/hamcrest/JavaHamcrest/build/temp/hamcrest-api-SNAPSHOT.jar.contents
    [javac] Compiling 4 source files to /home/travis/build/hamcrest/JavaHamcrest/build/temp/hamcrest-api-SNAPSHOT.jar.contents
    [mkdir] Created dir: /home/travis/build/hamcrest/JavaHamcrest/build/temp/hamcrest-api-SNAPSHOT-tests-sources.jar.contents
     [copy] Copying 1 file to /home/travis/build/hamcrest/JavaHamcrest/build/temp/hamcrest-api-SNAPSHOT-tests-sources.jar.contents
    [mkdir] Created dir: /home/travis/build/hamcrest/JavaHamcrest/build/temp/hamcrest-api-SNAPSHOT-tests.jar.contents
    [javac] Compiling 1 source file to /home/travis/build/hamcrest/JavaHamcrest/build/temp/hamcrest-api-SNAPSHOT-tests.jar.contents
    [mkdir] Created dir: /home/travis/build/hamcrest/JavaHamcrest/build/temp/hamcrest-api-SNAPSHOT.jar.manifest
     [copy] Copying 1 file to /home/travis/build/hamcrest/JavaHamcrest/build/temp/hamcrest-api-SNAPSHOT.jar.contents/META-INF
      [jar] Building jar: /home/travis/build/hamcrest/JavaHamcrest/build/hamcrest-api-SNAPSHOT.jar
     [copy] Copying 1 file to /home/travis/build/hamcrest/JavaHamcrest/build/temp/hamcrest-api-SNAPSHOT-tests.jar.contents/META-INF
      [jar] Building jar: /home/travis/build/hamcrest/JavaHamcrest/build/hamcrest-api-SNAPSHOT-tests.jar
     [copy] Copying 1 file to /home/travis/build/hamcrest/JavaHamcrest/build/temp/hamcrest-api-SNAPSHOT-sources.jar.contents/META-INF
      [jar] Building jar: /home/travis/build/hamcrest/JavaHamcrest/build/hamcrest-api-SNAPSHOT-sources.jar
    [mkdir] Created dir: /home/travis/build/hamcrest/JavaHamcrest/build/temp/hamcrest-api/test-wrk
    [junit] Testsuite: org.hamcrest.NullDescriptionTest
    [junit] Tests run: 1, Failures: 0, Errors: 0, Time elapsed: 0.013 sec
    [junit] 

generator:
    [mkdir] Created dir: /home/travis/build/hamcrest/JavaHamcrest/build/temp/hamcrest-generator-SNAPSHOT-sources.jar.contents
     [copy] Copying 11 files to /home/travis/build/hamcrest/JavaHamcrest/build/temp/hamcrest-generator-SNAPSHOT-sources.jar.contents
    [mkdir] Created dir: /home/travis/build/hamcrest/JavaHamcrest/build/temp/hamcrest-generator-SNAPSHOT.jar.contents
    [javac] Compiling 11 source files to /home/travis/build/hamcrest/JavaHamcrest/build/temp/hamcrest-generator-SNAPSHOT.jar.contents
    [mkdir] Created dir: /home/travis/build/hamcrest/JavaHamcrest/build/temp/hamcrest-generator-SNAPSHOT-tests-sources.jar.contents
     [copy] Copying 6 files to /home/travis/build/hamcrest/JavaHamcrest/build/temp/hamcrest-generator-SNAPSHOT-tests-sources.jar.contents
    [mkdir] Created dir: /home/travis/build/hamcrest/JavaHamcrest/build/temp/hamcrest-generator-SNAPSHOT-tests.jar.contents
    [javac] Compiling 6 source files to /home/travis/build/hamcrest/JavaHamcrest/build/temp/hamcrest-generator-SNAPSHOT-tests.jar.contents
    [mkdir] Created dir: /home/travis/build/hamcrest/JavaHamcrest/build/temp/hamcrest-generator-SNAPSHOT.jar.manifest
     [copy] Copying 1 file to /home/travis/build/hamcrest/JavaHamcrest/build/temp/hamcrest-generator-SNAPSHOT.jar.contents/META-INF
      [jar] Building jar: /home/travis/build/hamcrest/JavaHamcrest/build/hamcrest-generator-SNAPSHOT.jar
     [copy] Copying 1 file to /home/travis/build/hamcrest/JavaHamcrest/build/temp/hamcrest-generator-SNAPSHOT-tests.jar.contents/META-INF
      [jar] Building jar: /home/travis/build/hamcrest/JavaHamcrest/build/hamcrest-generator-SNAPSHOT-tests.jar
     [copy] Copying 1 file to /home/travis/build/hamcrest/JavaHamcrest/build/temp/hamcrest-generator-SNAPSHOT-sources.jar.contents/META-INF
      [jar] Building jar: /home/travis/build/hamcrest/JavaHamcrest/build/hamcrest-generator-SNAPSHOT-sources.jar
    [mkdir] Created dir: /home/travis/build/hamcrest/JavaHamcrest/build/temp/hamcrest-generator/test-wrk
    [junit] Testsuite: org.hamcrest.generator.EasyMock2FactoryWriterTest
    [junit] Tests run: 5, Failures: 0, Errors: 0, Time elapsed: 0.023 sec
    [junit] 
    [junit] Testsuite: org.hamcrest.generator.HamcrestFactoryWriterTest
    [junit] Tests run: 9, Failures: 0, Errors: 0, Time elapsed: 0.008 sec
    [junit] 
    [junit] Testsuite: org.hamcrest.generator.QDoxFactoryReaderTest
    [junit] Tests run: 4, Failures: 0, Errors: 0, Time elapsed: 0.093 sec
    [junit] 
    [junit] Testsuite: org.hamcrest.generator.QuickReferenceWriterTest
    [junit] Tests run: 2, Failures: 0, Errors: 0, Time elapsed: 0.01 sec
    [junit] 
    [junit] Testsuite: org.hamcrest.generator.ReflectiveFactoryReaderTest
    [junit] Tests run: 13, Failures: 0, Errors: 0, Time elapsed: 0.082 sec
    [junit] 
    [junit] Testsuite: org.hamcrest.generator.config.XmlConfiguratorTest
    [junit] Tests run: 1, Failures: 0, Errors: 0, Time elapsed: 0.209 sec
    [junit] 
     [copy] Copying 1 file to /home/travis/build/hamcrest/JavaHamcrest/build
   [jarjar] Building jar: /home/travis/build/hamcrest/JavaHamcrest/build/hamcrest-generator-SNAPSHOT.jar

core:
    [mkdir] Created dir: /home/travis/build/hamcrest/JavaHamcrest/build/temp/hamcrest-core-SNAPSHOT-sources.jar.contents
     [copy] Copying 35 files to /home/travis/build/hamcrest/JavaHamcrest/build/temp/hamcrest-core-SNAPSHOT-sources.jar.contents
    [mkdir] Created dir: /home/travis/build/hamcrest/JavaHamcrest/build/temp/hamcrest-core-SNAPSHOT.jar.contents
    [javac] Compiling 33 source files to /home/travis/build/hamcrest/JavaHamcrest/build/temp/hamcrest-core-SNAPSHOT.jar.contents
    [mkdir] Created dir: /home/travis/build/hamcrest/JavaHamcrest/build/temp/hamcrest-core-SNAPSHOT-tests-sources.jar.contents
     [copy] Copying 23 files to /home/travis/build/hamcrest/JavaHamcrest/build/temp/hamcrest-core-SNAPSHOT-tests-sources.jar.contents
    [mkdir] Created dir: /home/travis/build/hamcrest/JavaHamcrest/build/temp/hamcrest-core-SNAPSHOT-tests.jar.contents
    [javac] Compiling 23 source files to /home/travis/build/hamcrest/JavaHamcrest/build/temp/hamcrest-core-SNAPSHOT-tests.jar.contents
    [mkdir] Created dir: /home/travis/build/hamcrest/JavaHamcrest/build/temp/hamcrest-core/generated-code
     [java] Generating org.hamcrest.CoreMatchers
     [java]              [T] allOf(Matcher<? super T> first, Matcher<? super T> second, Matcher<? super T> third)
     [java]              [T] allOf(Matcher<? super T> first, Matcher<? super T> second, Matcher<? super T> third, Matcher<? super T> fourth)
     [java]              [T] allOf(Matcher<? super T> first, Matcher<? super T> second, Matcher<? super T> third, Matcher<? super T> fourth, Matcher<? super T> fifth)
     [java]              [T] allOf(Matcher<? super T> first, Matcher<? super T> second, Matcher<? super T> third, Matcher<? super T> fourth, Matcher<? super T> fifth, Matcher<? super T> sixth)
     [java]              [T] allOf(Matcher<? super T> first, Matcher<? super T> second)
     [java]              [T] allOf(Matcher<? super T>... matchers)
     [java]              [T] allOf(Iterable<Matcher<? super T>> matchers)
     [java]              [T] anyOf(Matcher<T> first, Matcher<? super T> second, Matcher<? super T> third, Matcher<? super T> fourth)
     [java]              [T] anyOf(Matcher<T> first, Matcher<? super T> second, Matcher<? super T> third, Matcher<? super T> fourth, Matcher<? super T> fifth)
     [java]              [T] anyOf(Matcher<T> first, Matcher<? super T> second)
     [java]              [T] anyOf(Matcher<T> first, Matcher<? super T> second, Matcher<? super T> third, Matcher<? super T> fourth, Matcher<? super T> fifth, Matcher<? super T> sixth)
     [java]              [T] anyOf(Matcher<T> first, Matcher<? super T> second, Matcher<? super T> third)
     [java]              [T] anyOf(Matcher<? super T>... matchers)
     [java]              [T] anyOf(Iterable<Matcher<? super T>> matchers)
     [java]            [LHS] both(Matcher<? super LHS> matcher)
     [java]            [LHS] either(Matcher<? super LHS> matcher)
     [java]              [T] describedAs(String description, Matcher<T> matcher, Object... values)
     [java]    [Iterable<U>] everyItem(Matcher<U> itemMatcher)
     [java]              [T] is(Matcher<T> matcher)
     [java]              [T] is(T value)
     [java]              [T] isA(Class<T> type)
     [java]         [Object] anything()
     [java]         [Object] anything(String description)
     [java] [Iterable<? super T>] hasItem(Matcher<? super T> itemMatcher)
     [java] [Iterable<? super T>] hasItem(T item)
     [java]    [Iterable<T>] hasItems(T... items)
     [java]    [Iterable<T>] hasItems(Matcher<? super T>... itemMatchers)
     [java]              [T] equalTo(T operand)
     [java]              [T] any(Class<T> type)
     [java]              [T] instanceOf(Class<?> type)
     [java]              [T] not(Matcher<T> matcher)
     [java]              [T] not(T value)
     [java]         [Object] notNullValue()
     [java]              [T] notNullValue(Class<T> type)
     [java]              [T] nullValue(Class<T> type)
     [java]         [Object] nullValue()
     [java]              [T] theInstance(T target)
     [java]              [T] sameInstance(T target)
     [java]         [String] containsString(String substring)
     [java]         [String] startsWith(String prefix)
     [java]         [String] endsWith(String suffix)
     [copy] Copying 1 file to /home/travis/build/hamcrest/JavaHamcrest/build/temp/hamcrest-core-SNAPSHOT-sources.jar.contents
    [javac] Compiling 1 source file to /home/travis/build/hamcrest/JavaHamcrest/build/temp/hamcrest-core-SNAPSHOT.jar.contents
    [mkdir] Created dir: /home/travis/build/hamcrest/JavaHamcrest/build/temp/hamcrest-core-SNAPSHOT.jar.manifest
     [copy] Copying 1 file to /home/travis/build/hamcrest/JavaHamcrest/build/temp/hamcrest-core-SNAPSHOT.jar.contents/META-INF
      [jar] Building jar: /home/travis/build/hamcrest/JavaHamcrest/build/hamcrest-core-SNAPSHOT.jar
     [copy] Copying 1 file to /home/travis/build/hamcrest/JavaHamcrest/build/temp/hamcrest-core-SNAPSHOT-tests.jar.contents/META-INF
      [jar] Building jar: /home/travis/build/hamcrest/JavaHamcrest/build/hamcrest-core-SNAPSHOT-tests.jar
     [copy] Copying 1 file to /home/travis/build/hamcrest/JavaHamcrest/build/temp/hamcrest-core-SNAPSHOT-sources.jar.contents/META-INF
      [jar] Building jar: /home/travis/build/hamcrest/JavaHamcrest/build/hamcrest-core-SNAPSHOT-sources.jar
    [mkdir] Created dir: /home/travis/build/hamcrest/JavaHamcrest/build/temp/hamcrest-core/test-wrk
    [junit] Testsuite: org.hamcrest.BaseDescriptionTest
    [junit] Tests run: 9, Failures: 0, Errors: 0, Time elapsed: 0.034 sec
    [junit] 
    [junit] Testsuite: org.hamcrest.BaseMatcherTest
    [junit] Tests run: 1, Failures: 0, Errors: 0, Time elapsed: 0.003 sec
    [junit] 
    [junit] Testsuite: org.hamcrest.CustomMatcherTest
    [junit] Tests run: 1, Failures: 0, Errors: 0, Time elapsed: 0.002 sec
    [junit] 
    [junit] Testsuite: org.hamcrest.CustomTypeSafeMatcherTest
    [junit] Tests run: 4, Failures: 0, Errors: 0, Time elapsed: 0.027 sec
    [junit] 
    [junit] Testsuite: org.hamcrest.FeatureMatcherTest
    [junit] Tests run: 4, Failures: 0, Errors: 0, Time elapsed: 0.005 sec
    [junit] 
    [junit] Testsuite: org.hamcrest.MatcherAssertTest
    [junit] Tests run: 5, Failures: 0, Errors: 0, Time elapsed: 0.035 sec
    [junit] 
    [junit] Testsuite: org.hamcrest.TypeSafeMatcherTest
    [junit] Tests run: 2, Failures: 0, Errors: 0, Time elapsed: 0.013 sec
    [junit] 
    [junit] Testsuite: org.hamcrest.core.AllOfTest
    [junit] Tests run: 6, Failures: 0, Errors: 0, Time elapsed: 0.023 sec
    [junit] 
    [junit] Testsuite: org.hamcrest.core.AnyOfTest
    [junit] Tests run: 5, Failures: 0, Errors: 0, Time elapsed: 0.007 sec
    [junit] 
    [junit] Testsuite: org.hamcrest.core.CombinableTest
    [junit] Tests run: 8, Failures: 0, Errors: 0, Time elapsed: 0.043 sec
    [junit] 
    [junit] Testsuite: org.hamcrest.core.DescribedAsTest
    [junit] Tests run: 5, Failures: 0, Errors: 0, Time elapsed: 0.018 sec
    [junit] 
    [junit] Testsuite: org.hamcrest.core.EveryTest
    [junit] Tests run: 5, Failures: 0, Errors: 0, Time elapsed: 0.019 sec
    [junit] 
    [junit] Testsuite: org.hamcrest.core.IsAnythingTest
    [junit] Tests run: 3, Failures: 0, Errors: 0, Time elapsed: 0.004 sec
    [junit] 
    [junit] Testsuite: org.hamcrest.core.IsCollectionContainingTest
    [junit] Tests run: 8, Failures: 0, Errors: 0, Time elapsed: 0.033 sec
    [junit] 
    [junit] Testsuite: org.hamcrest.core.IsEqualTest
    [junit] Tests run: 10, Failures: 0, Errors: 0, Time elapsed: 0.035 sec
    [junit] 
    [junit] Testsuite: org.hamcrest.core.IsInstanceOfTest
    [junit] Tests run: 7, Failures: 0, Errors: 0, Time elapsed: 0.019 sec
    [junit] 
    [junit] Testsuite: org.hamcrest.core.IsNotTest
    [junit] Tests run: 4, Failures: 0, Errors: 0, Time elapsed: 0.018 sec
    [junit] 
    [junit] Testsuite: org.hamcrest.core.IsNullTest
    [junit] Tests run: 3, Failures: 0, Errors: 0, Time elapsed: 0.011 sec
    [junit] 
    [junit] Testsuite: org.hamcrest.core.IsSameTest
    [junit] Tests run: 5, Failures: 0, Errors: 0, Time elapsed: 0.039 sec
    [junit] 
    [junit] Testsuite: org.hamcrest.core.IsTest
    [junit] Tests run: 5, Failures: 0, Errors: 0, Time elapsed: 0.02 sec
    [junit] 

library:
    [mkdir] Created dir: /home/travis/build/hamcrest/JavaHamcrest/build/temp/hamcrest-library-SNAPSHOT-sources.jar.contents
     [copy] Copying 38 files to /home/travis/build/hamcrest/JavaHamcrest/build/temp/hamcrest-library-SNAPSHOT-sources.jar.contents
    [mkdir] Created dir: /home/travis/build/hamcrest/JavaHamcrest/build/temp/hamcrest-library-SNAPSHOT.jar.contents
    [javac] Compiling 32 source files to /home/travis/build/hamcrest/JavaHamcrest/build/temp/hamcrest-library-SNAPSHOT.jar.contents
    [mkdir] Created dir: /home/travis/build/hamcrest/JavaHamcrest/build/temp/hamcrest-library-SNAPSHOT-tests-sources.jar.contents
     [copy] Copying 36 files to /home/travis/build/hamcrest/JavaHamcrest/build/temp/hamcrest-library-SNAPSHOT-tests-sources.jar.contents
    [mkdir] Created dir: /home/travis/build/hamcrest/JavaHamcrest/build/temp/hamcrest-library-SNAPSHOT-tests.jar.contents
    [javac] Compiling 36 source files to /home/travis/build/hamcrest/JavaHamcrest/build/temp/hamcrest-library-SNAPSHOT-tests.jar.contents
    [javac] Note: Some input files use unchecked or unsafe operations.
    [javac] Note: Recompile with -Xlint:unchecked for details.
    [mkdir] Created dir: /home/travis/build/hamcrest/JavaHamcrest/build/temp/hamcrest-library/generated-code
     [java] Generating org.hamcrest.Matchers
     [java]              [T] allOf(Matcher<? super T> first, Matcher<? super T> second, Matcher<? super T> third)
     [java]              [T] allOf(Matcher<? super T> first, Matcher<? super T> second, Matcher<? super T> third, Matcher<? super T> fourth)
     [java]              [T] allOf(Matcher<? super T> first, Matcher<? super T> second, Matcher<? super T> third, Matcher<? super T> fourth, Matcher<? super T> fifth)
     [java]              [T] allOf(Matcher<? super T> first, Matcher<? super T> second, Matcher<? super T> third, Matcher<? super T> fourth, Matcher<? super T> fifth, Matcher<? super T> sixth)
     [java]              [T] allOf(Matcher<? super T> first, Matcher<? super T> second)
     [java]              [T] allOf(Matcher<? super T>... matchers)
     [java]              [T] allOf(Iterable<Matcher<? super T>> matchers)
     [java]              [T] anyOf(Matcher<T> first, Matcher<? super T> second, Matcher<? super T> third, Matcher<? super T> fourth)
     [java]              [T] anyOf(Matcher<T> first, Matcher<? super T> second, Matcher<? super T> third, Matcher<? super T> fourth, Matcher<? super T> fifth)
     [java]              [T] anyOf(Matcher<T> first, Matcher<? super T> second)
     [java]              [T] anyOf(Matcher<T> first, Matcher<? super T> second, Matcher<? super T> third, Matcher<? super T> fourth, Matcher<? super T> fifth, Matcher<? super T> sixth)
     [java]              [T] anyOf(Matcher<T> first, Matcher<? super T> second, Matcher<? super T> third)
     [java]              [T] anyOf(Matcher<? super T>... matchers)
     [java]              [T] anyOf(Iterable<Matcher<? super T>> matchers)
     [java]            [LHS] both(Matcher<? super LHS> matcher)
     [java]            [LHS] either(Matcher<? super LHS> matcher)
     [java]              [T] describedAs(String description, Matcher<T> matcher, Object... values)
     [java]    [Iterable<U>] everyItem(Matcher<U> itemMatcher)
     [java]              [T] is(Matcher<T> matcher)
     [java]              [T] is(T value)
     [java]              [T] isA(Class<T> type)
     [java]         [Object] anything()
     [java]         [Object] anything(String description)
     [java] [Iterable<? super T>] hasItem(Matcher<? super T> itemMatcher)
     [java] [Iterable<? super T>] hasItem(T item)
     [java]    [Iterable<T>] hasItems(T... items)
     [java]    [Iterable<T>] hasItems(Matcher<? super T>... itemMatchers)
     [java]              [T] equalTo(T operand)
     [java]              [T] any(Class<T> type)
     [java]              [T] instanceOf(Class<?> type)
     [java]              [T] not(Matcher<T> matcher)
     [java]              [T] not(T value)
     [java]         [Object] notNullValue()
     [java]              [T] notNullValue(Class<T> type)
     [java]              [T] nullValue(Class<T> type)
     [java]         [Object] nullValue()
     [java]              [T] sameInstance(T target)
     [java]              [T] theInstance(T target)
     [java]         [String] containsString(String substring)
     [java]         [String] startsWith(String prefix)
     [java]         [String] endsWith(String suffix)
     [java]              [T] array(Matcher<? super T>... elementMatchers)
     [java]            [T[]] hasItemInArray(Matcher<? super T> elementMatcher)
     [java]            [T[]] hasItemInArray(T element)
     [java]            [E[]] arrayContaining(Matcher<? super E>... itemMatchers)
     [java]            [E[]] arrayContaining(E... items)
     [java]            [E[]] arrayContaining(List<Matcher<? super E>> itemMatchers)
     [java]            [E[]] arrayContainingInAnyOrder(Matcher<? super E>... itemMatchers)
     [java]            [E[]] arrayContainingInAnyOrder(Collection<Matcher<? super E>> itemMatchers)
     [java]            [E[]] arrayContainingInAnyOrder(E... items)
     [java]            [E[]] emptyArray()
     [java]            [E[]] arrayWithSize(Matcher<Integer> sizeMatcher)
     [java]            [E[]] arrayWithSize(int size)
     [java] [Map<? extends K, ? extends V>] anEmptyMap()
     [java] [Map<? extends K, ? extends V>] aMapWithSize(Matcher<Integer> sizeMatcher)
     [java] [Map<? extends K, ? extends V>] aMapWithSize(int size)
     [java] [Collection<? extends E>] hasSize(int size)
     [java] [Collection<? extends E>] hasSize(Matcher<Integer> sizeMatcher)
     [java] [Collection<? extends E>] empty()
     [java]  [Collection<E>] emptyCollectionOf(Class<E> unusedToForceReturnType)
     [java] [Iterable<? extends E>] emptyIterable()
     [java]    [Iterable<E>] emptyIterableOf(Class<E> unusedToForceReturnType)
     [java] [Iterable<? extends E>] contains(Matcher<? super E> itemMatcher)
     [java] [Iterable<? extends E>] contains(Matcher<? super E>... itemMatchers)
     [java] [Iterable<? extends E>] contains(List<Matcher<? super E>> itemMatchers)
     [java] [Iterable<? extends E>] contains(E... items)
     [java] [Iterable<? extends T>] containsInAnyOrder(Matcher<? super T>... itemMatchers)
     [java] [Iterable<? extends T>] containsInAnyOrder(Collection<Matcher<? super T>> itemMatchers)
     [java] [Iterable<? extends T>] containsInAnyOrder(T... items)
     [java]    [Iterable<E>] iterableWithSize(int size)
     [java]    [Iterable<E>] iterableWithSize(Matcher<Integer> sizeMatcher)
     [java] [Map<? extends K, ? extends V>] hasEntry(K key, V value)
     [java] [Map<? extends K, ? extends V>] hasEntry(Matcher<? super K> keyMatcher, Matcher<? super V> valueMatcher)
     [java] [Map<? extends K, ?>] hasKey(Matcher<? super K> keyMatcher)
     [java] [Map<? extends K, ?>] hasKey(K key)
     [java] [Map<?, ? extends V>] hasValue(Matcher<? super V> valueMatcher)
     [java] [Map<?, ? extends V>] hasValue(V value)
     [java]              [T] in(T[] param1)
     [java]              [T] in(Collection<T> collection)
     [java]              [T] isIn(Collection<T> collection)
     [java]              [T] isIn(T[] param1)
     [java]              [T] isOneOf(T... elements)
     [java]              [T] oneOf(T... elements)
     [java]         [Double] closeTo(double operand, double error)
     [java]         [Double] notANumber()
     [java]     [BigDecimal] closeTo(BigDecimal operand, BigDecimal error)
     [java]              [T] comparesEqualTo(T value)
     [java]              [T] greaterThan(T value)
     [java]              [T] greaterThanOrEqualTo(T value)
     [java]              [T] lessThan(T value)
     [java]              [T] lessThanOrEqualTo(T value)
     [java]         [String] equalToIgnoringCase(String expectedString)
     [java]         [String] equalToIgnoringWhiteSpace(String expectedString)
     [java]         [String] isEmptyString()
     [java]         [String] isEmptyOrNullString()
     [java]         [String] emptyOrNullString()
     [java]         [String] emptyString()
     [java]         [String] blankOrNullString()
     [java]         [String] blankString()
     [java]         [String] stringContainsInOrder(Iterable<String> substrings)
     [java]         [String] stringContainsInOrder(String... substrings)
     [java]              [T] hasToString(String expectedToString)
     [java]              [T] hasToString(Matcher<String> toStringMatcher)
     [java]       [Class<?>] typeCompatibleWith(Class<T> baseType)
     [java]    [EventObject] eventFrom(Object source)
     [java]    [EventObject] eventFrom(Class<EventObject> eventClass, Object source)
     [java]              [T] hasProperty(String propertyName)
     [java]              [T] hasProperty(String propertyName, Matcher<?> valueMatcher)
     [java]              [T] samePropertyValuesAs(T expectedBean)
     [java]           [Node] hasXPath(String xPath, NamespaceContext namespaceContext)
     [java]           [Node] hasXPath(String xPath, NamespaceContext namespaceContext, Matcher<String> valueMatcher)
     [java]           [Node] hasXPath(String xPath)
     [java]           [Node] hasXPath(String xPath, Matcher<String> valueMatcher)
     [copy] Copying 1 file to /home/travis/build/hamcrest/JavaHamcrest/build/temp/hamcrest-library-SNAPSHOT-sources.jar.contents
    [javac] Compiling 1 source file to /home/travis/build/hamcrest/JavaHamcrest/build/temp/hamcrest-library-SNAPSHOT.jar.contents
    [javac] Note: /home/travis/build/hamcrest/JavaHamcrest/build/temp/hamcrest-library-SNAPSHOT-sources.jar.contents/org/hamcrest/Matchers.java uses or overrides a deprecated API.
    [javac] Note: Recompile with -Xlint:deprecation for details.
    [mkdir] Created dir: /home/travis/build/hamcrest/JavaHamcrest/build/temp/hamcrest-library-SNAPSHOT.jar.manifest
     [copy] Copying 1 file to /home/travis/build/hamcrest/JavaHamcrest/build/temp/hamcrest-library-SNAPSHOT.jar.contents/META-INF
      [jar] Building jar: /home/travis/build/hamcrest/JavaHamcrest/build/hamcrest-library-SNAPSHOT.jar
     [copy] Copying 1 file to /home/travis/build/hamcrest/JavaHamcrest/build/temp/hamcrest-library-SNAPSHOT-tests.jar.contents/META-INF
      [jar] Building jar: /home/travis/build/hamcrest/JavaHamcrest/build/hamcrest-library-SNAPSHOT-tests.jar
     [copy] Copying 1 file to /home/travis/build/hamcrest/JavaHamcrest/build/temp/hamcrest-library-SNAPSHOT-sources.jar.contents/META-INF
      [jar] Building jar: /home/travis/build/hamcrest/JavaHamcrest/build/hamcrest-library-SNAPSHOT-sources.jar
    [mkdir] Created dir: /home/travis/build/hamcrest/JavaHamcrest/build/temp/hamcrest-library/test-wrk
    [junit] Testsuite: org.hamcrest.beans.HasPropertyTest
    [junit] Tests run: 5, Failures: 0, Errors: 0, Time elapsed: 0.048 sec
    [junit] 
    [junit] Testsuite: org.hamcrest.beans.HasPropertyWithValueTest
    [junit] Tests run: 11, Failures: 0, Errors: 0, Time elapsed: 0.067 sec
    [junit] 
    [junit] Testsuite: org.hamcrest.beans.SamePropertyValuesAsTest
    [junit] Tests run: 8, Failures: 0, Errors: 0, Time elapsed: 0.066 sec
    [junit] 
    [junit] Testsuite: org.hamcrest.collection.IsArrayContainingInAnyOrderTest
    [junit] Tests run: 6, Failures: 0, Errors: 0, Time elapsed: 0.021 sec
    [junit] 
    [junit] Testsuite: org.hamcrest.collection.IsArrayContainingInOrderTest
    [junit] Tests run: 7, Failures: 0, Errors: 0, Time elapsed: 0.023 sec
    [junit] 
    [junit] Testsuite: org.hamcrest.collection.IsArrayContainingTest
    [junit] Tests run: 6, Failures: 0, Errors: 0, Time elapsed: 0.026 sec
    [junit] 
    [junit] Testsuite: org.hamcrest.collection.IsArrayTest
    [junit] Tests run: 9, Failures: 0, Errors: 0, Time elapsed: 0.014 sec
    [junit] 
    [junit] Testsuite: org.hamcrest.collection.IsArrayWithSizeTest
    [junit] Tests run: 6, Failures: 0, Errors: 0, Time elapsed: 0.023 sec
    [junit] 
    [junit] Testsuite: org.hamcrest.collection.IsCollectionWithSizeTest
    [junit] Tests run: 12, Failures: 0, Errors: 0, Time elapsed: 0.044 sec
    [junit] 
    [junit] Testsuite: org.hamcrest.collection.IsEmptyCollectionTest
    [junit] Tests run: 6, Failures: 0, Errors: 0, Time elapsed: 0.028 sec
    [junit] 
    [junit] Testsuite: org.hamcrest.collection.IsEmptyIterableTest
    [junit] Tests run: 6, Failures: 0, Errors: 0, Time elapsed: 0.027 sec
    [junit] 
    [junit] Testsuite: org.hamcrest.collection.IsInTest
    [junit] Tests run: 5, Failures: 0, Errors: 0, Time elapsed: 0.019 sec
    [junit] 
    [junit] Testsuite: org.hamcrest.collection.IsIterableContainingInAnyOrderTest
    [junit] Tests run: 10, Failures: 0, Errors: 0, Time elapsed: 0.029 sec
    [junit] 
    [junit] Testsuite: org.hamcrest.collection.IsIterableContainingInOrderTest
    [junit] Tests run: 10, Failures: 0, Errors: 0, Time elapsed: 0.023 sec
    [junit] 
    [junit] Testsuite: org.hamcrest.collection.IsIterableWithSizeTest
    [junit] Tests run: 7, Failures: 0, Errors: 0, Time elapsed: 0.002 sec
    [junit] 
    [junit] Testsuite: org.hamcrest.collection.IsMapContainingKeyTest
    [junit] Tests run: 9, Failures: 0, Errors: 0, Time elapsed: 0.024 sec
    [junit] 
    [junit] Testsuite: org.hamcrest.collection.IsMapContainingTest
    [junit] Tests run: 5, Failures: 0, Errors: 0, Time elapsed: 0.016 sec
    [junit] 
    [junit] Testsuite: org.hamcrest.collection.IsMapContainingValueTest
    [junit] Tests run: 6, Failures: 0, Errors: 0, Time elapsed: 0.016 sec
    [junit] 
    [junit] Testsuite: org.hamcrest.collection.IsMapWithSizeTest
    [junit] Tests run: 12, Failures: 0, Errors: 0, Time elapsed: 0.02 sec
    [junit] 
    [junit] Testsuite: org.hamcrest.io.FileMatchersTest
    [junit] Tests run: 12, Failures: 0, Errors: 0, Time elapsed: 0.059 sec
    [junit] 
    [junit] Testsuite: org.hamcrest.number.BigDecimalCloseToTest
    [junit] Tests run: 5, Failures: 0, Errors: 0, Time elapsed: 0.021 sec
    [junit] 
    [junit] Testsuite: org.hamcrest.number.IsCloseToTest
    [junit] Tests run: 4, Failures: 0, Errors: 0, Time elapsed: 0.005 sec
    [junit] 
    [junit] Testsuite: org.hamcrest.number.IsNanTest
    [junit] Tests run: 6, Failures: 0, Errors: 0, Time elapsed: 0.033 sec
    [junit] 
    [junit] Testsuite: org.hamcrest.number.OrderingComparisonTest
    [junit] Tests run: 11, Failures: 0, Errors: 0, Time elapsed: 0.03 sec
    [junit] 
    [junit] Testsuite: org.hamcrest.object.HasToStringTest
    [junit] Tests run: 5, Failures: 0, Errors: 0, Time elapsed: 0.022 sec
    [junit] 
    [junit] Testsuite: org.hamcrest.object.IsCompatibleTypeTest
    [junit] Tests run: 8, Failures: 0, Errors: 0, Time elapsed: 0.039 sec
    [junit] 
    [junit] Testsuite: org.hamcrest.object.IsEventFromTest
    [junit] Tests run: 4, Failures: 0, Errors: 0, Time elapsed: 0.022 sec
    [junit] 
    [junit] Testsuite: org.hamcrest.text.IsBlankStringTest
    [junit] Tests run: 7, Failures: 0, Errors: 0, Time elapsed: 0.03 sec
    [junit] 
    [junit] Testsuite: org.hamcrest.text.IsEmptyStringTest
    [junit] Tests run: 7, Failures: 0, Errors: 0, Time elapsed: 0.03 sec
    [junit] 
    [junit] Testsuite: org.hamcrest.text.IsEqualIgnoringCaseTest
    [junit] Tests run: 7, Failures: 0, Errors: 0, Time elapsed: 0.037 sec
    [junit] 
    [junit] Testsuite: org.hamcrest.text.IsEqualIgnoringWhiteSpaceTest
    [junit] Tests run: 8, Failures: 0, Errors: 0, Time elapsed: 0.047 sec
    [junit] 
    [junit] Testsuite: org.hamcrest.text.StringContainsInOrderTest
    [junit] Tests run: 4, Failures: 0, Errors: 0, Time elapsed: 0.019 sec
    [junit] 
    [junit] Testsuite: org.hamcrest.text.StringContainsTest
    [junit] Tests run: 5, Failures: 0, Errors: 0, Time elapsed: 0.022 sec
    [junit] 
    [junit] Testsuite: org.hamcrest.text.StringEndsWithTest
    [junit] Tests run: 5, Failures: 0, Errors: 0, Time elapsed: 0.033 sec
    [junit] 
    [junit] Testsuite: org.hamcrest.text.StringStartsWithTest
    [junit] Tests run: 5, Failures: 0, Errors: 0, Time elapsed: 0.005 sec
    [junit] 
    [junit] Testsuite: org.hamcrest.xml.HasXPathTest
    [junit] Tests run: 11, Failures: 0, Errors: 0, Time elapsed: 0.782 sec
    [junit] 

integration:
    [mkdir] Created dir: /home/travis/build/hamcrest/JavaHamcrest/build/temp/hamcrest-integration-SNAPSHOT-sources.jar.contents
     [copy] Copying 5 files to /home/travis/build/hamcrest/JavaHamcrest/build/temp/hamcrest-integration-SNAPSHOT-sources.jar.contents
    [mkdir] Created dir: /home/travis/build/hamcrest/JavaHamcrest/build/temp/hamcrest-integration-SNAPSHOT.jar.contents
    [javac] Compiling 5 source files to /home/travis/build/hamcrest/JavaHamcrest/build/temp/hamcrest-integration-SNAPSHOT.jar.contents
    [mkdir] Created dir: /home/travis/build/hamcrest/JavaHamcrest/build/temp/hamcrest-integration-SNAPSHOT-tests-sources.jar.contents
     [copy] Copying 3 files to /home/travis/build/hamcrest/JavaHamcrest/build/temp/hamcrest-integration-SNAPSHOT-tests-sources.jar.contents
    [mkdir] Created dir: /home/travis/build/hamcrest/JavaHamcrest/build/temp/hamcrest-integration-SNAPSHOT-tests.jar.contents
    [javac] Compiling 3 source files to /home/travis/build/hamcrest/JavaHamcrest/build/temp/hamcrest-integration-SNAPSHOT-tests.jar.contents
    [mkdir] Created dir: /home/travis/build/hamcrest/JavaHamcrest/build/temp/hamcrest-integration-SNAPSHOT.jar.manifest
     [copy] Copying 1 file to /home/travis/build/hamcrest/JavaHamcrest/build/temp/hamcrest-integration-SNAPSHOT.jar.contents/META-INF
      [jar] Building jar: /home/travis/build/hamcrest/JavaHamcrest/build/hamcrest-integration-SNAPSHOT.jar
     [copy] Copying 1 file to /home/travis/build/hamcrest/JavaHamcrest/build/temp/hamcrest-integration-SNAPSHOT-tests.jar.contents/META-INF
      [jar] Building jar: /home/travis/build/hamcrest/JavaHamcrest/build/hamcrest-integration-SNAPSHOT-tests.jar
     [copy] Copying 1 file to /home/travis/build/hamcrest/JavaHamcrest/build/temp/hamcrest-integration-SNAPSHOT-sources.jar.contents/META-INF
      [jar] Building jar: /home/travis/build/hamcrest/JavaHamcrest/build/hamcrest-integration-SNAPSHOT-sources.jar
    [mkdir] Created dir: /home/travis/build/hamcrest/JavaHamcrest/build/temp/hamcrest-integration/test-wrk
    [junit] Testsuite: org.hamcrest.JavaLangMatcherAssertTest
    [junit] Tests run: 2, Failures: 0, Errors: 0, Time elapsed: 0.021 sec
    [junit] 
    [junit] Testsuite: org.hamcrest.integration.EasyMock2AdapterTest
    [junit] Tests run: 2, Failures: 0, Errors: 0, Time elapsed: 0.011 sec
    [junit] 
    [junit] Testsuite: org.hamcrest.integration.JMock1AdapterTest
    [junit] Tests run: 2, Failures: 0, Errors: 0, Time elapsed: 0.009 sec
    [junit] 

bigjar:
     [copy] Copying 5 files to /home/travis/build/hamcrest/JavaHamcrest/build/temp/hamcrest-core-SNAPSHOT.jar.contents
     [copy] Copying 4 files to /home/travis/build/hamcrest/JavaHamcrest/build/temp/hamcrest-core-SNAPSHOT-sources.jar.contents
      [jar] Building jar: /home/travis/build/hamcrest/JavaHamcrest/build/hamcrest-core-SNAPSHOT.jar
      [jar] Building jar: /home/travis/build/hamcrest/JavaHamcrest/build/hamcrest-core-SNAPSHOT-sources.jar
     [copy] Copying 117 files to /home/travis/build/hamcrest/JavaHamcrest/build/temp/hamcrest-all-SNAPSHOT.jar.contents
     [copy] Copying 99 files to /home/travis/build/hamcrest/JavaHamcrest/build/temp/hamcrest-all-SNAPSHOT-sources.jar.contents
    [mkdir] Created dir: /home/travis/build/hamcrest/JavaHamcrest/build/temp/hamcrest-all-SNAPSHOT.jar.manifest
      [jar] Building jar: /home/travis/build/hamcrest/JavaHamcrest/build/hamcrest-all-SNAPSHOT.jar
     [copy] Copying 1 file to /home/travis/build/hamcrest/JavaHamcrest/build/temp/hamcrest-all-SNAPSHOT-tests.jar.contents/META-INF
      [jar] Building jar: /home/travis/build/hamcrest/JavaHamcrest/build/hamcrest-all-SNAPSHOT-tests.jar
      [jar] Building jar: /home/travis/build/hamcrest/JavaHamcrest/build/hamcrest-all-SNAPSHOT-sources.jar

javadoc:
  [javadoc] Generating Javadoc
  [javadoc] Javadoc execution
  [javadoc] Creating destination directory: "/home/travis/build/hamcrest/JavaHamcrest/build/temp/hamcrest-generator-SNAPSHOT-javadoc.jar.contents/"
  [javadoc] Loading source files for package org.hamcrest.generator...
  [javadoc] Loading source files for package org.hamcrest.generator.config...
  [javadoc] Constructing Javadoc information...
  [javadoc] Standard Doclet version 1.6.0_34
  [javadoc] Building tree for all the packages and classes...
  [javadoc] Building index for all the packages and classes...
  [javadoc] Building index for all classes...
     [copy] Copying 1 file to /home/travis/build/hamcrest/JavaHamcrest/build/temp/hamcrest-generator-SNAPSHOT-javadoc.jar.contents/META-INF
      [jar] Building jar: /home/travis/build/hamcrest/JavaHamcrest/build/hamcrest-generator-SNAPSHOT-javadoc.jar
  [javadoc] Generating Javadoc
  [javadoc] Javadoc execution
  [javadoc] Creating destination directory: "/home/travis/build/hamcrest/JavaHamcrest/build/temp/hamcrest-core-SNAPSHOT-javadoc.jar.contents/"
  [javadoc] Loading source files for package org.hamcrest...
  [javadoc] Loading source files for package org.hamcrest.core...
  [javadoc] Loading source files for package org.hamcrest.internal...
  [javadoc] Constructing Javadoc information...
  [javadoc] Standard Doclet version 1.6.0_34
  [javadoc] Building tree for all the packages and classes...
  [javadoc] Building index for all the packages and classes...
  [javadoc] Building index for all classes...
     [copy] Copying 1 file to /home/travis/build/hamcrest/JavaHamcrest/build/temp/hamcrest-core-SNAPSHOT-javadoc.jar.contents/META-INF
      [jar] Building jar: /home/travis/build/hamcrest/JavaHamcrest/build/hamcrest-core-SNAPSHOT-javadoc.jar
  [javadoc] Generating Javadoc
  [javadoc] Javadoc execution
  [javadoc] Creating destination directory: "/home/travis/build/hamcrest/JavaHamcrest/build/temp/hamcrest-library-SNAPSHOT-javadoc.jar.contents/"
  [javadoc] Loading source files for package org.hamcrest...
  [javadoc] Loading source files for package org.hamcrest.beans...
  [javadoc] Loading source files for package org.hamcrest.collection...
  [javadoc] Loading source files for package org.hamcrest.io...
  [javadoc] Loading source files for package org.hamcrest.number...
  [javadoc] Loading source files for package org.hamcrest.object...
  [javadoc] Loading source files for package org.hamcrest.text...
  [javadoc] Loading source files for package org.hamcrest.xml...
  [javadoc] Constructing Javadoc information...
  [javadoc] Standard Doclet version 1.6.0_34
  [javadoc] Building tree for all the packages and classes...
  [javadoc] Building index for all the packages and classes...
  [javadoc] Building index for all classes...
     [copy] Copying 1 file to /home/travis/build/hamcrest/JavaHamcrest/build/temp/hamcrest-library-SNAPSHOT-javadoc.jar.contents/META-INF
      [jar] Building jar: /home/travis/build/hamcrest/JavaHamcrest/build/hamcrest-library-SNAPSHOT-javadoc.jar
  [javadoc] Generating Javadoc
  [javadoc] Javadoc execution
  [javadoc] Creating destination directory: "/home/travis/build/hamcrest/JavaHamcrest/build/temp/hamcrest-integration-SNAPSHOT-javadoc.jar.contents/"
  [javadoc] Loading source files for package org.hamcrest...
  [javadoc] Loading source files for package org.hamcrest.integration...
  [javadoc] Constructing Javadoc information...
  [javadoc] Standard Doclet version 1.6.0_34
  [javadoc] Building tree for all the packages and classes...
  [javadoc] Building index for all the packages and classes...
  [javadoc] Building index for all classes...
     [copy] Copying 1 file to /home/travis/build/hamcrest/JavaHamcrest/build/temp/hamcrest-integration-SNAPSHOT-javadoc.jar.contents/META-INF
      [jar] Building jar: /home/travis/build/hamcrest/JavaHamcrest/build/hamcrest-integration-SNAPSHOT-javadoc.jar
  [javadoc] Generating Javadoc
  [javadoc] Javadoc execution
  [javadoc] Creating destination directory: "/home/travis/build/hamcrest/JavaHamcrest/build/temp/hamcrest-all-SNAPSHOT-javadoc.jar.contents/"
  [javadoc] Loading source files for package org.hamcrest...
  [javadoc] Loading source files for package org.hamcrest.beans...
  [javadoc] Loading source files for package org.hamcrest.collection...
  [javadoc] Loading source files for package org.hamcrest.core...
  [javadoc] Loading source files for package org.hamcrest.generator...
  [javadoc] Loading source files for package org.hamcrest.generator.config...
  [javadoc] Loading source files for package org.hamcrest.integration...
  [javadoc] Loading source files for package org.hamcrest.internal...
  [javadoc] Loading source files for package org.hamcrest.io...
  [javadoc] Loading source files for package org.hamcrest.number...
  [javadoc] Loading source files for package org.hamcrest.object...
  [javadoc] Loading source files for package org.hamcrest.text...
  [javadoc] Loading source files for package org.hamcrest.xml...
  [javadoc] Constructing Javadoc information...
  [javadoc] Standard Doclet version 1.6.0_34
  [javadoc] Building tree for all the packages and classes...
  [javadoc] Building index for all the packages and classes...
  [javadoc] Building index for all classes...
     [copy] Copying 1 file to /home/travis/build/hamcrest/JavaHamcrest/build/temp/hamcrest-all-SNAPSHOT-javadoc.jar.contents/META-INF
      [jar] Building jar: /home/travis/build/hamcrest/JavaHamcrest/build/hamcrest-all-SNAPSHOT-javadoc.jar

BUILD SUCCESSFUL
Total time: 31 seconds

travis_time:end:11266d31:start=1479420127721861930,finish=1479420160377077572,duration=32655215642[0K
[32;1mThe command "ant javadoc" exited with 0.[0m

Done. Your build exited with 0.
