travis_fold:start:worker_info[0K[33;1mWorker information[0m
hostname: i-0218afc-precise-production-2-worker-org-docker.travisci.net:f1c55dec-e148-4dcb-a18c-b00b0e4380b9
version: v2.5.0 https://github.com/travis-ci/worker/tree/da3a43228dffc0fcca5a46569ca786b22991979f
instance: d2d55cf:travis:java
startup: 586.106879ms
travis_fold:end:worker_info[0Ktravis_fold:start:system_info[0K[33;1mBuild system information[0m
Build language: java
Build group: stable
Build dist: precise
Build id: 201546727
Job id: 201546728
travis-build version: f0dd9d84c
[34m[1mBuild image provisioning date and time[0m
Thu Feb  5 15:09:33 UTC 2015
[34m[1mOperating System Details[0m
Distributor ID:	Ubuntu
Description:	Ubuntu 12.04.5 LTS
Release:	12.04
Codename:	precise
[34m[1mLinux Version[0m
3.13.0-29-generic
[34m[1mCookbooks Version[0m
a68419e https://github.com/travis-ci/travis-cookbooks/tree/a68419e
[34m[1mGCC version[0m
gcc (Ubuntu/Linaro 4.6.3-1ubuntu5) 4.6.3
Copyright (C) 2011 Free Software Foundation, Inc.
This is free software; see the source for copying conditions.  There is NO
warranty; not even for MERCHANTABILITY or FITNESS FOR A PARTICULAR PURPOSE.

[34m[1mLLVM version[0m
clang version 3.4 (tags/RELEASE_34/final)
Target: x86_64-unknown-linux-gnu
Thread model: posix
[34m[1mPre-installed Ruby versions[0m
ruby-1.9.3-p551
[34m[1mPre-installed Node.js versions[0m
v0.10.36
[34m[1mPre-installed Go versions[0m
1.4.1
[34m[1mRedis version[0m
redis-server 2.8.19
[34m[1mriak version[0m
2.0.2
[34m[1mMongoDB version[0m
MongoDB 2.4.12
[34m[1mCouchDB version[0m
couchdb 1.6.1
[34m[1mNeo4j version[0m
1.9.4
[34m[1mRabbitMQ Version[0m
3.4.3
[34m[1mElasticSearch version[0m
1.4.0
[34m[1mInstalled Sphinx versions[0m
2.0.10
2.1.9
2.2.6
[34m[1mDefault Sphinx version[0m
2.2.6
[34m[1mInstalled Firefox version[0m
firefox 31.0esr
[34m[1mPhantomJS version[0m
1.9.8
[34m[1mant -version[0m
Apache Ant(TM) version 1.8.2 compiled on December 3 2011
[34m[1mmvn -version[0m
Apache Maven 3.2.5 (12a6b3acb947671f09b81f49094c53f426d8cea1; 2014-12-14T17:29:23+00:00)
Maven home: /usr/local/maven
Java version: 1.7.0_76, vendor: Oracle Corporation
Java home: /usr/lib/jvm/java-7-oracle/jre
Default locale: en_US, platform encoding: ANSI_X3.4-1968
OS name: "linux", version: "3.13.0-29-generic", arch: "amd64", family: "unix"
travis_fold:end:system_info[0K
travis_fold:start:fix.CVE-2015-7547[0K$ export DEBIAN_FRONTEND=noninteractive
W: Size of file /var/lib/apt/lists/us.archive.ubuntu.com_ubuntu_dists_precise-updates_restricted_binary-amd64_Packages.gz is not what the server reported 19578 20785
W: Size of file /var/lib/apt/lists/us.archive.ubuntu.com_ubuntu_dists_precise-updates_restricted_binary-i386_Packages.gz is not what the server reported 19540 20707
W: Size of file /var/lib/apt/lists/us.archive.ubuntu.com_ubuntu_dists_precise-backports_multiverse_source_Sources.gz is not what the server reported 5886 5888
W: Size of file /var/lib/apt/lists/ppa.launchpad.net_travis-ci_zero-mq_ubuntu_dists_precise_main_binary-amd64_Packages.gz is not what the server reported 832 1195
W: Size of file /var/lib/apt/lists/ppa.launchpad.net_ubuntugis_ppa_ubuntu_dists_precise_main_binary-amd64_Packages.gz is not what the server reported 33645 36677
W: Size of file /var/lib/apt/lists/ppa.launchpad.net_ubuntugis_ppa_ubuntu_dists_precise_main_binary-i386_Packages.gz is not what the server reported 33703 36733
W: Size of file /var/lib/apt/lists/security.ubuntu.com_ubuntu_dists_precise-security_restricted_binary-amd64_Packages.gz is not what the server reported 13782 14904
W: Size of file /var/lib/apt/lists/security.ubuntu.com_ubuntu_dists_precise-security_restricted_binary-i386_Packages.gz is not what the server reported 13762 14885
Reading package lists...
Building dependency tree...
Reading state information...
The following extra packages will be installed:
  libc-bin libc-dev-bin libc6-dev
Suggested packages:
  glibc-doc
The following packages will be upgraded:
  libc-bin libc-dev-bin libc6 libc6-dev
4 upgraded, 0 newly installed, 0 to remove and 271 not upgraded.
Need to get 8,840 kB of archives.
After this operation, 14.3 kB disk space will be freed.
Get:1 http://us.archive.ubuntu.com/ubuntu/ precise-updates/main libc6-dev amd64 2.15-0ubuntu10.15 [2,943 kB]
Get:2 http://us.archive.ubuntu.com/ubuntu/ precise-updates/main libc-dev-bin amd64 2.15-0ubuntu10.15 [84.7 kB]
Get:3 http://us.archive.ubuntu.com/ubuntu/ precise-updates/main libc-bin amd64 2.15-0ubuntu10.15 [1,177 kB]
Get:4 http://us.archive.ubuntu.com/ubuntu/ precise-updates/main libc6 amd64 2.15-0ubuntu10.15 [4,636 kB]
Fetched 8,840 kB in 0s (17.2 MB/s)
Preconfiguring packages ...
(Reading database ... (Reading database ... 5%(Reading database ... 10%(Reading database ... 15%(Reading database ... 20%(Reading database ... 25%(Reading database ... 30%(Reading database ... 35%(Reading database ... 40%(Reading database ... 45%(Reading database ... 50%(Reading database ... 55%(Reading database ... 60%(Reading database ... 65%(Reading database ... 70%(Reading database ... 75%(Reading database ... 80%(Reading database ... 85%(Reading database ... 90%(Reading database ... 95%(Reading database ... 100%(Reading database ... 72019 files and directories currently installed.)
Preparing to replace libc6-dev 2.15-0ubuntu10.10 (using .../libc6-dev_2.15-0ubuntu10.15_amd64.deb) ...
Unpacking replacement libc6-dev ...
Preparing to replace libc-dev-bin 2.15-0ubuntu10.10 (using .../libc-dev-bin_2.15-0ubuntu10.15_amd64.deb) ...
Unpacking replacement libc-dev-bin ...
Preparing to replace libc-bin 2.15-0ubuntu10.10 (using .../libc-bin_2.15-0ubuntu10.15_amd64.deb) ...
Unpacking replacement libc-bin ...
Processing triggers for man-db ...
Setting up libc-bin (2.15-0ubuntu10.15) ...
(Reading database ... (Reading database ... 5%(Reading database ... 10%(Reading database ... 15%(Reading database ... 20%(Reading database ... 25%(Reading database ... 30%(Reading database ... 35%(Reading database ... 40%(Reading database ... 45%(Reading database ... 50%(Reading database ... 55%(Reading database ... 60%(Reading database ... 65%(Reading database ... 70%(Reading database ... 75%(Reading database ... 80%(Reading database ... 85%(Reading database ... 90%(Reading database ... 95%(Reading database ... 100%(Reading database ... 72018 files and directories currently installed.)
Preparing to replace libc6 2.15-0ubuntu10.10 (using .../libc6_2.15-0ubuntu10.15_amd64.deb) ...
Unpacking replacement libc6 ...
Setting up libc6 (2.15-0ubuntu10.15) ...
Setting up libc-dev-bin (2.15-0ubuntu10.15) ...
Setting up libc6-dev (2.15-0ubuntu10.15) ...
Processing triggers for libc-bin ...
ldconfig deferred processing now taking place
travis_fold:end:fix.CVE-2015-7547[0K$ jdk_switcher use oraclejdk8
Switching to Oracle JDK8 (java-8-oracle), JAVA_HOME will be set to /usr/lib/jvm/java-8-oracle
travis_fold:start:git.checkout[0Ktravis_time:start:313c8b70[0K$ git clone --depth=50 --branch=jw/2017-02-13/error-prone https://github.com/square/okio.git square/okio
Cloning into 'square/okio'...
remote: Counting objects: 801, done.[K
remote: Compressing objects:   0% (1/396)   [Kremote: Compressing objects:   1% (4/396)   [Kremote: Compressing objects:   2% (8/396)   [Kremote: Compressing objects:   3% (12/396)   [Kremote: Compressing objects:   4% (16/396)   [Kremote: Compressing objects:   5% (20/396)   [Kremote: Compressing objects:   6% (24/396)   [Kremote: Compressing objects:   7% (28/396)   [Kremote: Compressing objects:   8% (32/396)   [Kremote: Compressing objects:   9% (36/396)   [Kremote: Compressing objects:  10% (40/396)   [Kremote: Compressing objects:  11% (44/396)   [Kremote: Compressing objects:  12% (48/396)   [Kremote: Compressing objects:  13% (52/396)   [Kremote: Compressing objects:  14% (56/396)   [Kremote: Compressing objects:  15% (60/396)   [Kremote: Compressing objects:  16% (64/396)   [Kremote: Compressing objects:  17% (68/396)   [Kremote: Compressing objects:  18% (72/396)   [Kremote: Compressing objects:  19% (76/396)   [Kremote: Compressing objects:  20% (80/396)   [Kremote: Compressing objects:  21% (84/396)   [Kremote: Compressing objects:  22% (88/396)   [Kremote: Compressing objects:  23% (92/396)   [Kremote: Compressing objects:  24% (96/396)   [Kremote: Compressing objects:  25% (99/396)   [Kremote: Compressing objects:  26% (103/396)   [Kremote: Compressing objects:  27% (107/396)   [Kremote: Compressing objects:  28% (111/396)   [Kremote: Compressing objects:  29% (115/396)   [Kremote: Compressing objects:  30% (119/396)   [Kremote: Compressing objects:  31% (123/396)   [Kremote: Compressing objects:  32% (127/396)   [Kremote: Compressing objects:  33% (131/396)   [Kremote: Compressing objects:  34% (135/396)   [Kremote: Compressing objects:  35% (139/396)   [Kremote: Compressing objects:  36% (143/396)   [Kremote: Compressing objects:  37% (147/396)   [Kremote: Compressing objects:  38% (151/396)   [Kremote: Compressing objects:  39% (155/396)   [Kremote: Compressing objects:  40% (159/396)   [Kremote: Compressing objects:  41% (163/396)   [Kremote: Compressing objects:  42% (167/396)   [Kremote: Compressing objects:  43% (171/396)   [Kremote: Compressing objects:  44% (175/396)   [Kremote: Compressing objects:  45% (179/396)   [Kremote: Compressing objects:  46% (183/396)   [Kremote: Compressing objects:  47% (187/396)   [Kremote: Compressing objects:  48% (191/396)   [Kremote: Compressing objects:  49% (195/396)   [Kremote: Compressing objects:  50% (198/396)   [Kremote: Compressing objects:  51% (202/396)   [Kremote: Compressing objects:  52% (206/396)   [Kremote: Compressing objects:  53% (210/396)   [Kremote: Compressing objects:  54% (214/396)   [Kremote: Compressing objects:  55% (218/396)   [Kremote: Compressing objects:  56% (222/396)   [Kremote: Compressing objects:  57% (226/396)   [Kremote: Compressing objects:  58% (230/396)   [Kremote: Compressing objects:  59% (234/396)   [Kremote: Compressing objects:  60% (238/396)   [Kremote: Compressing objects:  61% (242/396)   [Kremote: Compressing objects:  62% (246/396)   [Kremote: Compressing objects:  63% (250/396)   [Kremote: Compressing objects:  64% (254/396)   [Kremote: Compressing objects:  65% (258/396)   [Kremote: Compressing objects:  66% (262/396)   [Kremote: Compressing objects:  67% (266/396)   [Kremote: Compressing objects:  68% (270/396)   [Kremote: Compressing objects:  69% (274/396)   [Kremote: Compressing objects:  70% (278/396)   [Kremote: Compressing objects:  71% (282/396)   [Kremote: Compressing objects:  72% (286/396)   [Kremote: Compressing objects:  73% (290/396)   [Kremote: Compressing objects:  74% (294/396)   [Kremote: Compressing objects:  75% (297/396)   [Kremote: Compressing objects:  76% (301/396)   [Kremote: Compressing objects:  77% (305/396)   [Kremote: Compressing objects:  78% (309/396)   [Kremote: Compressing objects:  79% (313/396)   [Kremote: Compressing objects:  80% (317/396)   [Kremote: Compressing objects:  81% (321/396)   [Kremote: Compressing objects:  82% (325/396)   [Kremote: Compressing objects:  83% (329/396)   [Kremote: Compressing objects:  84% (333/396)   [Kremote: Compressing objects:  85% (337/396)   [Kremote: Compressing objects:  86% (341/396)   [Kremote: Compressing objects:  87% (345/396)   [Kremote: Compressing objects:  88% (349/396)   [Kremote: Compressing objects:  89% (353/396)   [Kremote: Compressing objects:  90% (357/396)   [Kremote: Compressing objects:  91% (361/396)   [Kremote: Compressing objects:  92% (365/396)   [Kremote: Compressing objects:  93% (369/396)   [Kremote: Compressing objects:  94% (373/396)   [Kremote: Compressing objects:  95% (377/396)   [Kremote: Compressing objects:  96% (381/396)   [Kremote: Compressing objects:  97% (385/396)   [Kremote: Compressing objects:  98% (389/396)   [Kremote: Compressing objects:  99% (393/396)   [Kremote: Compressing objects: 100% (396/396)   [Kremote: Compressing objects: 100% (396/396), done.[K
Receiving objects:   0% (1/801)   Receiving objects:   1% (9/801)   Receiving objects:   2% (17/801)   Receiving objects:   3% (25/801)   Receiving objects:   4% (33/801)   Receiving objects:   5% (41/801)   Receiving objects:   6% (49/801)   Receiving objects:   7% (57/801)   Receiving objects:   8% (65/801)   Receiving objects:   9% (73/801)   Receiving objects:  10% (81/801)   Receiving objects:  11% (89/801)   Receiving objects:  12% (97/801)   Receiving objects:  13% (105/801)   Receiving objects:  14% (113/801)   Receiving objects:  15% (121/801)   Receiving objects:  16% (129/801)   Receiving objects:  17% (137/801)   Receiving objects:  18% (145/801)   Receiving objects:  19% (153/801)   Receiving objects:  20% (161/801)   Receiving objects:  21% (169/801)   Receiving objects:  22% (177/801)   Receiving objects:  23% (185/801)   Receiving objects:  24% (193/801)   Receiving objects:  25% (201/801)   Receiving objects:  26% (209/801)   Receiving objects:  27% (217/801)   Receiving objects:  28% (225/801)   Receiving objects:  29% (233/801)   Receiving objects:  30% (241/801)   Receiving objects:  31% (249/801)   Receiving objects:  32% (257/801)   Receiving objects:  33% (265/801)   Receiving objects:  34% (273/801)   Receiving objects:  35% (281/801)   Receiving objects:  36% (289/801)   Receiving objects:  37% (297/801)   Receiving objects:  38% (305/801)   Receiving objects:  39% (313/801)   Receiving objects:  40% (321/801)   Receiving objects:  41% (329/801)   Receiving objects:  42% (337/801)   Receiving objects:  43% (345/801)   Receiving objects:  44% (353/801)   Receiving objects:  45% (361/801)   Receiving objects:  46% (369/801)   Receiving objects:  47% (377/801)   Receiving objects:  48% (385/801)   Receiving objects:  49% (393/801)   Receiving objects:  50% (401/801)   Receiving objects:  51% (409/801)   Receiving objects:  52% (417/801)   remote: Total 801 (delta 320), reused 687 (delta 235), pack-reused 0[K
Receiving objects:  53% (425/801)   Receiving objects:  54% (433/801)   Receiving objects:  55% (441/801)   Receiving objects:  56% (449/801)   Receiving objects:  57% (457/801)   Receiving objects:  58% (465/801)   Receiving objects:  59% (473/801)   Receiving objects:  60% (481/801)   Receiving objects:  61% (489/801)   Receiving objects:  62% (497/801)   Receiving objects:  63% (505/801)   Receiving objects:  64% (513/801)   Receiving objects:  65% (521/801)   Receiving objects:  66% (529/801)   Receiving objects:  67% (537/801)   Receiving objects:  68% (545/801)   Receiving objects:  69% (553/801)   Receiving objects:  70% (561/801)   Receiving objects:  71% (569/801)   Receiving objects:  72% (577/801)   Receiving objects:  73% (585/801)   Receiving objects:  74% (593/801)   Receiving objects:  75% (601/801)   Receiving objects:  76% (609/801)   Receiving objects:  77% (617/801)   Receiving objects:  78% (625/801)   Receiving objects:  79% (633/801)   Receiving objects:  80% (641/801)   Receiving objects:  81% (649/801)   Receiving objects:  82% (657/801)   Receiving objects:  83% (665/801)   Receiving objects:  84% (673/801)   Receiving objects:  85% (681/801)   Receiving objects:  86% (689/801)   Receiving objects:  87% (697/801)   Receiving objects:  88% (705/801)   Receiving objects:  89% (713/801)   Receiving objects:  90% (721/801)   Receiving objects:  91% (729/801)   Receiving objects:  92% (737/801)   Receiving objects:  93% (745/801)   Receiving objects:  94% (753/801)   Receiving objects:  95% (761/801)   Receiving objects:  96% (769/801)   Receiving objects:  97% (777/801)   Receiving objects:  98% (785/801)   Receiving objects:  99% (793/801)   Receiving objects: 100% (801/801)   Receiving objects: 100% (801/801), 240.01 KiB | 0 bytes/s, done.
Resolving deltas:   0% (0/320)   Resolving deltas:  23% (75/320)   Resolving deltas:  26% (84/320)   Resolving deltas:  27% (87/320)   Resolving deltas:  28% (91/320)   Resolving deltas:  33% (108/320)   Resolving deltas:  35% (112/320)   Resolving deltas:  37% (119/320)   Resolving deltas:  38% (123/320)   Resolving deltas:  41% (132/320)   Resolving deltas:  45% (147/320)   Resolving deltas:  47% (151/320)   Resolving deltas:  48% (154/320)   Resolving deltas:  49% (159/320)   Resolving deltas:  51% (164/320)   Resolving deltas:  52% (168/320)   Resolving deltas:  54% (174/320)   Resolving deltas:  55% (176/320)   Resolving deltas:  56% (181/320)   Resolving deltas:  58% (186/320)   Resolving deltas:  60% (193/320)   Resolving deltas:  62% (200/320)   Resolving deltas:  67% (216/320)   Resolving deltas:  68% (219/320)   Resolving deltas:  73% (236/320)   Resolving deltas:  75% (240/320)   Resolving deltas:  79% (253/320)   Resolving deltas:  80% (256/320)   Resolving deltas:  81% (260/320)   Resolving deltas:  82% (265/320)   Resolving deltas:  83% (268/320)   Resolving deltas:  84% (269/320)   Resolving deltas:  85% (274/320)   Resolving deltas:  86% (277/320)   Resolving deltas:  89% (286/320)   Resolving deltas:  90% (289/320)   Resolving deltas:  93% (299/320)   Resolving deltas:  94% (301/320)   Resolving deltas:  99% (317/320)   Resolving deltas: 100% (320/320)   Resolving deltas: 100% (320/320), done.
Checking connectivity... done.

travis_time:end:313c8b70:start=1487086358702708455,finish=1487086359221447565,duration=518739110[0K$ cd square/okio
$ git checkout -qf aae7a847035401e51c6815f611e830b834df6b10
travis_fold:end:git.checkout[0Ktravis_fold:start:apt[0K[33;1mInstalling APT Packages (BETA)[0m
$ export DEBIAN_FRONTEND=noninteractive
travis_time:start:10db24ce[0K$ sudo -E apt-get -yq update &>> ~/apt-get-update.log

travis_time:end:10db24ce:start=1487086359246208519,finish=1487086365358094821,duration=6111886302[0Ktravis_time:start:0888ab3c[0K$ sudo -E apt-get -yq --no-install-suggests --no-install-recommends --force-yes install oracle-java8-installer
Reading package lists...
Building dependency tree...
Reading state information...
Suggested packages:
  binfmt-support visualvm ttf-baekmuk ttf-unfonts ttf-unfonts-core
  ttf-kochi-gothic ttf-sazanami-gothic ttf-kochi-mincho ttf-sazanami-mincho
  ttf-arphic-uming
Recommended packages:
  oracle-java8-set-default
The following packages will be upgraded:
  oracle-java8-installer
1 upgraded, 0 newly installed, 0 to remove and 270 not upgraded.
Need to get 23.8 kB of archives.
After this operation, 127 kB disk space will be freed.
Get:1 http://ppa.launchpad.net/webupd8team/java/ubuntu/ precise/main oracle-java8-installer all 8u121-1~webupd8~0 [23.8 kB]
Fetched 23.8 kB in 0s (102 kB/s)
Preconfiguring packages ...
(Reading database ... (Reading database ... 5%(Reading database ... 10%(Reading database ... 15%(Reading database ... 20%(Reading database ... 25%(Reading database ... 30%(Reading database ... 35%(Reading database ... 40%(Reading database ... 45%(Reading database ... 50%(Reading database ... 55%(Reading database ... 60%(Reading database ... 65%(Reading database ... 70%(Reading database ... 75%(Reading database ... 80%(Reading database ... 85%(Reading database ... 90%(Reading database ... 95%(Reading database ... 100%(Reading database ... 72018 files and directories currently installed.)
Preparing to replace oracle-java8-installer 8u31+8u33arm-1~webupd8~1 (using .../oracle-java8-installer_8u121-1~webupd8~0_all.deb) ...
oracle-license-v1-1 license has already been accepted
Unpacking replacement oracle-java8-installer ...
Processing triggers for shared-mime-info ...
Setting up oracle-java8-installer (8u121-1~webupd8~0) ...
No /var/cache/oracle-jdk8-installer/wgetrc file found.
Creating /var/cache/oracle-jdk8-installer/wgetrc and
using default oracle-java8-installer wgetrc settings for it.
Downloading Oracle Java 8...
--2017-02-14 15:32:53--  http://download.oracle.com/otn-pub/java/jdk/8u121-b13/e9e7ea248e2c4826b92b3f075a80e441/jdk-8u121-linux-x64.tar.gz
Resolving download.oracle.com (download.oracle.com)... 104.96.220.162, 104.96.220.152
Connecting to download.oracle.com (download.oracle.com)|104.96.220.162|:80... connected.
HTTP request sent, awaiting response... 302 Moved Temporarily
Location: https://edelivery.oracle.com/otn-pub/java/jdk/8u121-b13/e9e7ea248e2c4826b92b3f075a80e441/jdk-8u121-linux-x64.tar.gz [following]
--2017-02-14 15:32:53--  https://edelivery.oracle.com/otn-pub/java/jdk/8u121-b13/e9e7ea248e2c4826b92b3f075a80e441/jdk-8u121-linux-x64.tar.gz
Resolving edelivery.oracle.com (edelivery.oracle.com)... 23.49.182.138, 2600:1408:10:184::2d3e, 2600:1408:10:185::2d3e
Connecting to edelivery.oracle.com (edelivery.oracle.com)|23.49.182.138|:443... connected.
HTTP request sent, awaiting response... 302 Moved Temporarily
Location: http://download.oracle.com/otn-pub/java/jdk/8u121-b13/e9e7ea248e2c4826b92b3f075a80e441/jdk-8u121-linux-x64.tar.gz?AuthParam=1487086495_5d97a06922e3ec8395390e2a4caa0b4c [following]
--2017-02-14 15:32:53--  http://download.oracle.com/otn-pub/java/jdk/8u121-b13/e9e7ea248e2c4826b92b3f075a80e441/jdk-8u121-linux-x64.tar.gz?AuthParam=1487086495_5d97a06922e3ec8395390e2a4caa0b4c
Connecting to download.oracle.com (download.oracle.com)|104.96.220.162|:80... connected.
HTTP request sent, awaiting response... 200 OK
Length: 183246769 (175M) [application/x-gzip]
Saving to: `jdk-8u121-linux-x64.tar.gz'

     0K ........ ........ ........ ........ ........ ........  1% 19.3M 9s
  3072K ........ ........ ........ ........ ........ ........  3% 18.1M 9s
  6144K ........ ........ ........ ........ ........ ........  5% 19.6M 9s
  9216K ........ ........ ........ ........ ........ ........  6% 17.7M 9s
 12288K ........ ........ ........ ........ ........ ........  8% 19.5M 8s
 15360K ........ ........ ........ ........ ........ ........ 10% 17.8M 8s
 18432K ........ ........ ........ ........ ........ ........ 12% 19.4M 8s
 21504K ........ ........ ........ ........ ........ ........ 13% 18.1M 8s
 24576K ........ ........ ........ ........ ........ ........ 15% 19.2M 8s
 27648K ........ ........ ........ ........ ........ ........ 17% 17.2M 8s
 30720K ........ ........ ........ ........ ........ ........ 18% 19.6M 8s
 33792K ........ ........ ........ ........ ........ ........ 20% 17.9M 7s
 36864K ........ ........ ........ ........ ........ ........ 22% 18.8M 7s
 39936K ........ ........ ........ ........ ........ ........ 24% 18.1M 7s
 43008K ........ ........ ........ ........ ........ ........ 25% 19.3M 7s
 46080K ........ ........ ........ ........ ........ ........ 27% 18.1M 7s
 49152K ........ ........ ........ ........ ........ ........ 29% 19.7M 7s
 52224K ........ ........ ........ ........ ........ ........ 30% 18.1M 6s
 55296K ........ ........ ........ ........ ........ ........ 32% 19.2M 6s
 58368K ........ ........ ........ ........ ........ ........ 34% 17.5M 6s
 61440K ........ ........ ........ ........ ........ ........ 36% 19.0M 6s
 64512K ........ ........ ........ ........ ........ ........ 37% 18.1M 6s
 67584K ........ ........ ........ ........ ........ ........ 39% 19.5M 6s
 70656K ........ ........ ........ ........ ........ ........ 41% 17.9M 6s
 73728K ........ ........ ........ ........ ........ ........ 42% 19.7M 5s
 76800K ........ ........ ........ ........ ........ ........ 44% 18.0M 5s
 79872K ........ ........ ........ ........ ........ ........ 46% 19.8M 5s
 82944K ........ ........ ........ ........ ........ ........ 48% 18.1M 5s
 86016K ........ ........ ........ ........ ........ ........ 49% 19.4M 5s
 89088K ........ ........ ........ ........ ........ ........ 51% 18.1M 5s
 92160K ........ ........ ........ ........ ........ ........ 53% 19.5M 4s
 95232K ........ ........ ........ ........ ........ ........ 54% 18.1M 4s
 98304K ........ ........ ........ ........ ........ ........ 56% 19.5M 4s
101376K ........ ........ ........ ........ ........ ........ 58% 17.8M 4s
104448K ........ ........ ........ ........ ........ ........ 60% 19.4M 4s
107520K ........ ........ ........ ........ ........ ........ 61% 18.0M 4s
110592K ........ ........ ........ ........ ........ ........ 63% 19.6M 3s
113664K ........ ........ ........ ........ ........ ........ 65% 18.1M 3s
116736K ........ ........ ........ ........ ........ ........ 66% 19.2M 3s
119808K ........ ........ ........ ........ ........ ........ 68% 19.7M 3s
122880K ........ ........ ........ ........ ........ ........ 70% 19.0M 3s
125952K ........ ........ ........ ........ ........ ........ 72% 17.9M 3s
129024K ........ ........ ........ ........ ........ ........ 73% 37.7M 2s
132096K ........ ........ ........ ........ ........ ........ 75% 19.6M 2s
135168K ........ ........ ........ ........ ........ ........ 77% 19.5M 2s
138240K ........ ........ ........ ........ ........ ........ 78% 18.2M 2s
141312K ........ ........ ........ ........ ........ ........ 80% 19.0M 2s
144384K ........ ........ ........ ........ ........ ........ 82% 17.9M 2s
147456K ........ ........ ........ ........ ........ ........ 84% 19.5M 1s
150528K ........ ........ ........ ........ ........ ........ 85% 18.0M 1s
153600K ........ ........ ........ ........ ........ ........ 87% 19.5M 1s
156672K ........ ........ ........ ........ ........ ........ 89% 18.1M 1s
159744K ........ ........ ........ ........ ........ ........ 90% 19.3M 1s
162816K ........ ........ ........ ........ ........ ........ 92% 18.1M 1s
165888K ........ ........ ........ ........ ........ ........ 94% 19.7M 1s
168960K ........ ........ ........ ........ ........ ........ 96% 18.1M 0s
172032K ........ ........ ........ ........ ........ ........ 97% 21.0M 0s
175104K ........ ........ ........ ........ ........ ........ 99% 17.9M 0s
178176K ........ ....                                        100% 23.3M=9.2s

2017-02-14 15:33:03 (18.9 MB/s) - `jdk-8u121-linux-x64.tar.gz' saved [183246769/183246769]

Download done.
Removing outdated cached downloads...
Oracle JRE 8 browser plugin installed
Oracle JDK 8 installed

#####Important########
To set Oracle JDK8 as default, install the "oracle-java8-set-default" package.
E.g.: sudo apt install oracle-java8-set-default
On Ubuntu systems, oracle-java8-set-default is most probably installed
automatically with this package.
######################


travis_time:end:0888ab3c:start=1487086365363733519,finish=1487086389319350301,duration=23955616782[0Ktravis_fold:end:apt[0K
[33;1mThis job is running on container-based infrastructure, which does not allow use of 'sudo', setuid and setguid executables.[0m
[33;1mIf you require sudo, add 'sudo: required' to your .travis.yml[0m
[33;1mSee https://docs.travis-ci.com/user/workers/container-based-infrastructure/ for details.[0m

[33;1mSetting environment variables from .travis.yml[0m
$ export CI_DEPLOY_USERNAME=[secure]
$ export CI_DEPLOY_PASSWORD=[secure]

travis_fold:start:cache.1[0KSetting up build cache
$ export CASHER_DIR=$HOME/.casher
travis_time:start:0e79bc7f[0K$ Installing caching utilities

travis_time:end:0e79bc7f:start=1487086393664535260,finish=1487086393704409428,duration=39874168[0Ktravis_time:start:09725f40[0K
travis_time:end:09725f40:start=1487086393711873911,finish=1487086393716748307,duration=4874396[0Ktravis_time:start:028f44fc[0K[32;1mattempting to download cache archive[0m
[32;1mfetching jw2017-02-13error-prone/cache-linux-precise-e3b0c44298fc1c149afbf4c8996fb92427ae41e4649b934ca495991b7852b855--jdk-oraclejdk8.tgz[0m
[32;1mfound cache[0m

travis_time:end:028f44fc:start=1487086393722304805,finish=1487086394737063364,duration=1014758559[0Ktravis_time:start:0f9eb868[0K
travis_time:end:0f9eb868:start=1487086394744740715,finish=1487086394751905424,duration=7164709[0Ktravis_time:start:1170ac16[0K[32;1madding /home/travis/.m2 to cache[0m

travis_time:end:1170ac16:start=1487086394759026689,finish=1487086396562047565,duration=1803020876[0Ktravis_fold:end:cache.1[0K$ java -Xmx32m -version
java version "1.8.0_121"
Java(TM) SE Runtime Environment (build 1.8.0_121-b13)
Java HotSpot(TM) 64-Bit Server VM (build 25.121-b13, mixed mode)
$ javac -J-Xmx32m -version
javac 1.8.0_121
travis_fold:start:install[0Ktravis_time:start:1e399d9f[0K$ mvn install -DskipTests=true -Dmaven.javadoc.skip=true -B -V
Java HotSpot(TM) 64-Bit Server VM warning: ignoring option MaxPermSize=192m; support was removed in 8.0
Apache Maven 3.2.5 (12a6b3acb947671f09b81f49094c53f426d8cea1; 2014-12-14T17:29:23+00:00)
Maven home: /usr/local/maven
Java version: 1.8.0_121, vendor: Oracle Corporation
Java home: /usr/lib/jvm/java-8-oracle/jre
Default locale: en_US, platform encoding: UTF-8
OS name: "linux", version: "4.8.12-040812-generic", arch: "amd64", family: "unix"
[INFO] Scanning for projects...
[INFO] ------------------------------------------------------------------------
[INFO] Reactor Build Order:
[INFO] 
[INFO] Okio (Parent)
[INFO] Okio
[INFO] Okio Performance Benchmarks
[INFO]                                                                         
[INFO] ------------------------------------------------------------------------
[INFO] Building Okio (Parent) 1.11.0-SNAPSHOT
[INFO] ------------------------------------------------------------------------
[INFO] 
[INFO] --- maven-enforcer-plugin:1.0:enforce (enforce-maven) @ okio-parent ---
[INFO] 
[INFO] --- maven-install-plugin:2.4:install (default-install) @ okio-parent ---
[INFO] Installing /home/travis/build/square/okio/pom.xml to /home/travis/.m2/repository/com/squareup/okio/okio-parent/1.11.0-SNAPSHOT/okio-parent-1.11.0-SNAPSHOT.pom
[INFO]                                                                         
[INFO] ------------------------------------------------------------------------
[INFO] Building Okio 1.11.0-SNAPSHOT
[INFO] ------------------------------------------------------------------------
[INFO] 
[INFO] --- maven-enforcer-plugin:1.0:enforce (enforce-maven) @ okio ---
[INFO] 
[INFO] --- maven-resources-plugin:2.6:resources (default-resources) @ okio ---
[INFO] Using 'UTF-8' encoding to copy filtered resources.
[INFO] skip non existing resourceDirectory /home/travis/build/square/okio/okio/src/main/resources
[INFO] 
[INFO] --- maven-compiler-plugin:3.3:compile (default-compile) @ okio ---
[INFO] Changes detected - recompiling the module!
[INFO] Compiling 28 source files to /home/travis/build/square/okio/okio/target/classes
[INFO] 
[INFO] --- maven-resources-plugin:2.6:testResources (default-testResources) @ okio ---
[INFO] Using 'UTF-8' encoding to copy filtered resources.
[INFO] skip non existing resourceDirectory /home/travis/build/square/okio/okio/src/test/resources
[INFO] 
[INFO] --- maven-compiler-plugin:3.3:testCompile (default-testCompile) @ okio ---
[INFO] Changes detected - recompiling the module!
[INFO] Compiling 24 source files to /home/travis/build/square/okio/okio/target/test-classes
[INFO] 
[INFO] --- maven-surefire-plugin:2.12.4:test (default-test) @ okio ---
[INFO] Tests are skipped.
[INFO] 
[INFO] --- animal-sniffer-maven-plugin:1.10:check (default) @ okio ---
[INFO] Checking unresolved references to org.codehaus.mojo.signature:java16:1.1
[INFO] 
[INFO] --- maven-jar-plugin:2.4:jar (default-jar) @ okio ---
[INFO] Building jar: /home/travis/build/square/okio/okio/target/okio-1.11.0-SNAPSHOT.jar
[INFO] 
[INFO] --- maven-install-plugin:2.4:install (default-install) @ okio ---
[INFO] Installing /home/travis/build/square/okio/okio/target/okio-1.11.0-SNAPSHOT.jar to /home/travis/.m2/repository/com/squareup/okio/okio/1.11.0-SNAPSHOT/okio-1.11.0-SNAPSHOT.jar
[INFO] Installing /home/travis/build/square/okio/okio/pom.xml to /home/travis/.m2/repository/com/squareup/okio/okio/1.11.0-SNAPSHOT/okio-1.11.0-SNAPSHOT.pom
[INFO]                                                                         
[INFO] ------------------------------------------------------------------------
[INFO] Building Okio Performance Benchmarks 1.11.0-SNAPSHOT
[INFO] ------------------------------------------------------------------------
[INFO] 
[INFO] --- maven-enforcer-plugin:1.0:enforce (enforce-maven) @ benchmarks ---
[INFO] 
[INFO] --- maven-resources-plugin:2.6:resources (default-resources) @ benchmarks ---
[INFO] Using 'UTF-8' encoding to copy filtered resources.
[INFO] skip non existing resourceDirectory /home/travis/build/square/okio/benchmarks/src/main/resources
[INFO] 
[INFO] --- maven-compiler-plugin:3.3:compile (default-compile) @ benchmarks ---
[INFO] Changes detected - recompiling the module!
[INFO] Compiling 2 source files to /home/travis/build/square/okio/benchmarks/target/classes
[INFO] 
[INFO] --- maven-resources-plugin:2.6:testResources (default-testResources) @ benchmarks ---
[INFO] Using 'UTF-8' encoding to copy filtered resources.
[INFO] skip non existing resourceDirectory /home/travis/build/square/okio/benchmarks/src/test/resources
[INFO] 
[INFO] --- maven-compiler-plugin:3.3:testCompile (default-testCompile) @ benchmarks ---
[INFO] No sources to compile
[INFO] 
[INFO] --- maven-surefire-plugin:2.12.4:test (default-test) @ benchmarks ---
[INFO] Tests are skipped.
[INFO] 
[INFO] --- maven-jar-plugin:2.4:jar (default-jar) @ benchmarks ---
[INFO] Building jar: /home/travis/build/square/okio/benchmarks/target/benchmarks-1.11.0-SNAPSHOT.jar
[INFO] 
[INFO] --- maven-shade-plugin:2.2:shade (default) @ benchmarks ---
[INFO] Including org.openjdk.jmh:jmh-core:jar:1.4.1 in the shaded jar.
[INFO] Including net.sf.jopt-simple:jopt-simple:jar:4.6 in the shaded jar.
[INFO] Including org.apache.commons:commons-math3:jar:3.2 in the shaded jar.
[INFO] Including com.squareup.okio:okio:jar:1.11.0-SNAPSHOT in the shaded jar.
[INFO] Replacing /home/travis/build/square/okio/benchmarks/target/benchmarks.jar with /home/travis/build/square/okio/benchmarks/target/benchmarks-1.11.0-SNAPSHOT-shaded.jar
[INFO] 
[INFO] --- maven-install-plugin:2.4:install (default-install) @ benchmarks ---
[INFO] Installing /home/travis/build/square/okio/benchmarks/target/benchmarks-1.11.0-SNAPSHOT.jar to /home/travis/.m2/repository/com/squareup/okio/benchmarks/1.11.0-SNAPSHOT/benchmarks-1.11.0-SNAPSHOT.jar
[INFO] Installing /home/travis/build/square/okio/benchmarks/pom.xml to /home/travis/.m2/repository/com/squareup/okio/benchmarks/1.11.0-SNAPSHOT/benchmarks-1.11.0-SNAPSHOT.pom
[INFO] ------------------------------------------------------------------------
[INFO] Reactor Summary:
[INFO] 
[INFO] Okio (Parent) ...................................... SUCCESS [  0.841 s]
[INFO] Okio ............................................... SUCCESS [  9.730 s]
[INFO] Okio Performance Benchmarks ........................ SUCCESS [  3.386 s]
[INFO] ------------------------------------------------------------------------
[INFO] BUILD SUCCESS
[INFO] ------------------------------------------------------------------------
[INFO] Total time: 14.233 s
[INFO] Finished at: 2017-02-14T15:33:33+00:00
[INFO] Final Memory: 36M/462M
[INFO] ------------------------------------------------------------------------

travis_time:end:1e399d9f:start=1487086397014361181,finish=1487086414214844532,duration=17200483351[0Ktravis_fold:end:install[0Ktravis_time:start:164f2e10[0K$ mvn test -B
Java HotSpot(TM) 64-Bit Server VM warning: ignoring option MaxPermSize=192m; support was removed in 8.0
[INFO] Scanning for projects...
[INFO] ------------------------------------------------------------------------
[INFO] Reactor Build Order:
[INFO] 
[INFO] Okio (Parent)
[INFO] Okio
[INFO] Okio Performance Benchmarks
[INFO]                                                                         
[INFO] ------------------------------------------------------------------------
[INFO] Building Okio (Parent) 1.11.0-SNAPSHOT
[INFO] ------------------------------------------------------------------------
[INFO] 
[INFO] --- maven-enforcer-plugin:1.0:enforce (enforce-maven) @ okio-parent ---
[INFO]                                                                         
[INFO] ------------------------------------------------------------------------
[INFO] Building Okio 1.11.0-SNAPSHOT
[INFO] ------------------------------------------------------------------------
[INFO] 
[INFO] --- maven-enforcer-plugin:1.0:enforce (enforce-maven) @ okio ---
[INFO] 
[INFO] --- maven-resources-plugin:2.6:resources (default-resources) @ okio ---
[INFO] Using 'UTF-8' encoding to copy filtered resources.
[INFO] skip non existing resourceDirectory /home/travis/build/square/okio/okio/src/main/resources
[INFO] 
[INFO] --- maven-compiler-plugin:3.3:compile (default-compile) @ okio ---
[INFO] Changes detected - recompiling the module!
[INFO] Compiling 28 source files to /home/travis/build/square/okio/okio/target/classes
[INFO] 
[INFO] --- maven-resources-plugin:2.6:testResources (default-testResources) @ okio ---
[INFO] Using 'UTF-8' encoding to copy filtered resources.
[INFO] skip non existing resourceDirectory /home/travis/build/square/okio/okio/src/test/resources
[INFO] 
[INFO] --- maven-compiler-plugin:3.3:testCompile (default-testCompile) @ okio ---
[INFO] Nothing to compile - all classes are up to date
[INFO] 
[INFO] --- maven-surefire-plugin:2.12.4:test (default-test) @ okio ---
[INFO] Surefire report directory: /home/travis/build/square/okio/okio/target/surefire-reports

-------------------------------------------------------
 T E S T S
-------------------------------------------------------
Running okio.DeflaterSinkTest
Tests run: 7, Failures: 0, Errors: 0, Skipped: 0, Time elapsed: 1.188 sec
Running okio.GzipSourceTest
Tests run: 11, Failures: 0, Errors: 0, Skipped: 0, Time elapsed: 0.009 sec
Running okio.Utf8Test
Tests run: 19, Failures: 0, Errors: 0, Skipped: 0, Time elapsed: 0.009 sec
Running okio.GzipSinkTest
Tests run: 2, Failures: 0, Errors: 0, Skipped: 0, Time elapsed: 0.003 sec
Running okio.LargeStreamsTest
Tests run: 3, Failures: 0, Errors: 0, Skipped: 0, Time elapsed: 150.727 sec
Running okio.HashingTest
Tests run: 13, Failures: 0, Errors: 0, Skipped: 0, Time elapsed: 0.231 sec
Running okio.BufferedSinkTest
Tests run: 54, Failures: 0, Errors: 0, Skipped: 0, Time elapsed: 0.048 sec
Running okio.OkioTest
Tests run: 9, Failures: 0, Errors: 0, Skipped: 0, Time elapsed: 0 sec
Running okio.HashingSinkTest
Tests run: 9, Failures: 0, Errors: 0, Skipped: 0, Time elapsed: 0.004 sec
Running okio.RealBufferedSinkTest
Tests run: 16, Failures: 0, Errors: 0, Skipped: 0, Time elapsed: 0.008 sec
Running okio.SocketTimeoutTest
Tests run: 4, Failures: 0, Errors: 0, Skipped: 0, Time elapsed: 0.833 sec
Running okio.WaitUntilNotifiedTest
Tests run: 7, Failures: 0, Errors: 0, Skipped: 0, Time elapsed: 5.008 sec
Running okio.SegmentSharingTest
Tests run: 14, Failures: 0, Errors: 0, Skipped: 0, Time elapsed: 0.046 sec
Running okio.ReadUtf8LineTest
Tests run: 18, Failures: 0, Errors: 0, Skipped: 0, Time elapsed: 0.009 sec
Running okio.AsyncTimeoutTest
Tests run: 18, Failures: 0, Errors: 0, Skipped: 0, Time elapsed: 8.569 sec
Running okio.HashingSourceTest
Tests run: 10, Failures: 0, Errors: 0, Skipped: 0, Time elapsed: 0.006 sec
Running okio.RealBufferedSourceTest
Tests run: 10, Failures: 0, Errors: 0, Skipped: 0, Time elapsed: 0.001 sec
Running okio.BufferTest
Tests run: 46, Failures: 0, Errors: 0, Skipped: 0, Time elapsed: 0.038 sec
Running okio.PipeTest
Tests run: 15, Failures: 0, Errors: 0, Skipped: 0, Time elapsed: 17.641 sec
Running okio.ByteStringTest
Tests run: 162, Failures: 0, Errors: 0, Skipped: 0, Time elapsed: 0.054 sec
Running okio.BufferedSourceTest
Tests run: 240, Failures: 0, Errors: 0, Skipped: 2, Time elapsed: 6.436 sec
Running okio.InflaterSourceTest
Tests run: 5, Failures: 0, Errors: 0, Skipped: 0, Time elapsed: 0.274 sec

Results :

Tests run: 692, Failures: 0, Errors: 0, Skipped: 2

[INFO] 
[INFO] --- animal-sniffer-maven-plugin:1.10:check (default) @ okio ---
[INFO] Checking unresolved references to org.codehaus.mojo.signature:java16:1.1
[INFO]                                                                         
[INFO] ------------------------------------------------------------------------
[INFO] Building Okio Performance Benchmarks 1.11.0-SNAPSHOT
[INFO] ------------------------------------------------------------------------
[INFO] 
[INFO] --- maven-enforcer-plugin:1.0:enforce (enforce-maven) @ benchmarks ---
[INFO] 
[INFO] --- maven-resources-plugin:2.6:resources (default-resources) @ benchmarks ---
[INFO] Using 'UTF-8' encoding to copy filtered resources.
[INFO] skip non existing resourceDirectory /home/travis/build/square/okio/benchmarks/src/main/resources
[INFO] 
[INFO] --- maven-compiler-plugin:3.3:compile (default-compile) @ benchmarks ---
[INFO] Changes detected - recompiling the module!
[INFO] Compiling 32 source files to /home/travis/build/square/okio/benchmarks/target/classes
An exception has occurred in the compiler (1.9.0-internal). Please file a bug at the Java Bug Database (http://bugreport.java.com/bugreport/) after checking the database for duplicates. Include your program and the following diagnostic in your report.  Thank you.
java.lang.IllegalStateException: endPosTable already set
	at com.sun.tools.javac.util.DiagnosticSource.setEndPosTable(DiagnosticSource.java:136)
	at com.sun.tools.javac.util.Log.setEndPosTable(Log.java:345)
	at com.sun.tools.javac.main.JavaCompiler.parse(JavaCompiler.java:634)
	at com.sun.tools.javac.main.JavaCompiler.parseFiles(JavaCompiler.java:920)
	at com.sun.tools.javac.processing.JavacProcessingEnvironment$Round.<init>(JavacProcessingEnvironment.java:888)
	at com.sun.tools.javac.processing.JavacProcessingEnvironment$Round.next(JavacProcessingEnvironment.java:916)
	at com.sun.tools.javac.processing.JavacProcessingEnvironment.doProcessing(JavacProcessingEnvironment.java:1141)
	at com.sun.tools.javac.main.JavaCompiler.processAnnotations(JavaCompiler.java:1141)
	at com.sun.tools.javac.main.JavaCompiler.compile(JavaCompiler.java:832)
	at com.sun.tools.javac.main.Main.compile(Main.java:253)
	at com.google.errorprone.BaseErrorProneCompiler.run(BaseErrorProneCompiler.java:214)
	at com.google.errorprone.BaseErrorProneCompiler.run(BaseErrorProneCompiler.java:106)
	at com.google.errorprone.ErrorProneCompiler.run(ErrorProneCompiler.java:128)
	at com.google.errorprone.ErrorProneCompiler.compile(ErrorProneCompiler.java:70)
	at org.codehaus.plexus.compiler.javac.errorprone.JavacCompilerWithErrorProne$CompilerInvoker.compile(JavacCompilerWithErrorProne.java:219)
	at sun.reflect.NativeMethodAccessorImpl.invoke0(Native Method)
	at sun.reflect.NativeMethodAccessorImpl.invoke(NativeMethodAccessorImpl.java:62)
	at sun.reflect.DelegatingMethodAccessorImpl.invoke(DelegatingMethodAccessorImpl.java:43)
	at java.lang.reflect.Method.invoke(Method.java:498)
	at org.codehaus.plexus.compiler.javac.errorprone.JavacCompilerWithErrorProne.performCompile(JavacCompilerWithErrorProne.java:91)
	at org.apache.maven.plugin.compiler.AbstractCompilerMojo.execute(AbstractCompilerMojo.java:825)
	at org.apache.maven.plugin.compiler.CompilerMojo.execute(CompilerMojo.java:129)
	at org.apache.maven.plugin.DefaultBuildPluginManager.executeMojo(DefaultBuildPluginManager.java:132)
	at org.apache.maven.lifecycle.internal.MojoExecutor.execute(MojoExecutor.java:208)
	at org.apache.maven.lifecycle.internal.MojoExecutor.execute(MojoExecutor.java:153)
	at org.apache.maven.lifecycle.internal.MojoExecutor.execute(MojoExecutor.java:145)
	at org.apache.maven.lifecycle.internal.LifecycleModuleBuilder.buildProject(LifecycleModuleBuilder.java:116)
	at org.apache.maven.lifecycle.internal.LifecycleModuleBuilder.buildProject(LifecycleModuleBuilder.java:80)
	at org.apache.maven.lifecycle.internal.builder.singlethreaded.SingleThreadedBuilder.build(SingleThreadedBuilder.java:51)
	at org.apache.maven.lifecycle.internal.LifecycleStarter.execute(LifecycleStarter.java:120)
	at org.apache.maven.DefaultMaven.doExecute(DefaultMaven.java:355)
	at org.apache.maven.DefaultMaven.execute(DefaultMaven.java:155)
	at org.apache.maven.cli.MavenCli.execute(MavenCli.java:584)
	at org.apache.maven.cli.MavenCli.doMain(MavenCli.java:216)
	at org.apache.maven.cli.MavenCli.main(MavenCli.java:160)
	at sun.reflect.NativeMethodAccessorImpl.invoke0(Native Method)
	at sun.reflect.NativeMethodAccessorImpl.invoke(NativeMethodAccessorImpl.java:62)
	at sun.reflect.DelegatingMethodAccessorImpl.invoke(DelegatingMethodAccessorImpl.java:43)
	at java.lang.reflect.Method.invoke(Method.java:498)
	at org.codehaus.plexus.classworlds.launcher.Launcher.launchEnhanced(Launcher.java:289)
	at org.codehaus.plexus.classworlds.launcher.Launcher.launch(Launcher.java:229)
	at org.codehaus.plexus.classworlds.launcher.Launcher.mainWithExitCode(Launcher.java:415)
	at org.codehaus.plexus.classworlds.launcher.Launcher.main(Launcher.java:356)
[INFO] ------------------------------------------------------------------------
[INFO] Reactor Summary:
[INFO] 
[INFO] Okio (Parent) ...................................... SUCCESS [  0.324 s]
[INFO] Okio ............................................... SUCCESS [03:16 min]
[INFO] Okio Performance Benchmarks ........................ FAILURE [  0.761 s]
[INFO] ------------------------------------------------------------------------
[INFO] BUILD FAILURE
[INFO] ------------------------------------------------------------------------
[INFO] Total time: 03:17 min
[INFO] Finished at: 2017-02-14T15:36:53+00:00
[INFO] Final Memory: 23M/485M
[INFO] ------------------------------------------------------------------------
[ERROR] Failed to execute goal org.apache.maven.plugins:maven-compiler-plugin:3.3:compile (default-compile) on project benchmarks: Compilation failure -> [Help 1]
[ERROR] 
[ERROR] To see the full stack trace of the errors, re-run Maven with the -e switch.
[ERROR] Re-run Maven using the -X switch to enable full debug logging.
[ERROR] 
[ERROR] For more information about the errors and possible solutions, please read the following articles:
[ERROR] [Help 1] http://cwiki.apache.org/confluence/display/MAVEN/MojoFailureException
[ERROR] 
[ERROR] After correcting the problems, you can resume the build with the command
[ERROR]   mvn <goals> -rf :benchmarks

travis_time:end:164f2e10:start=1487086414221519447,finish=1487086614311831247,duration=200090311800[0K
[31;1mThe command "mvn test -B" exited with 1.[0m
travis_fold:start:cache.2[0Kstore build cache
travis_time:start:2039a0a4[0K
travis_time:end:2039a0a4:start=1487086614318178817,finish=1487086614323676747,duration=5497930[0Ktravis_time:start:002570d0[0K[32;1mchange detected (content changed, file is created, or file is deleted):
/home/travis/.m2/repository/com/squareup/okio/benchmarks/1.11.0-SNAPSHOT/benchmarks-1.11.0-SNAPSHOT.jar
/home/travis/.m2/repository/com/squareup/okio/benchmarks/1.11.0-SNAPSHOT/maven-metadata-local.xml
/home/travis/.m2/repository/com/squareup/okio/benchmarks/1.11.0-SNAPSHOT/_remote.repositories
/home/travis/.m2/repository/com/squareup/okio/benchmarks/maven-metadata-local.xml
/home/travis/.m2/repository/com/squareup/okio/okio/1.11.0-SNAPSHOT/maven-metadata-local.xml
/home/travis/.m2/repository/com/squareup/okio/okio/1.11.0-SNAPSHOT/okio-1.11.0-SNAPSHOT.jar
/home/travis/.m2/repository/com/squareup/okio/okio/1.11.0-SNAPSHOT/_remote.repositories
/home/travis/.m2/repository/com/squareup/okio/okio/maven-metadata-local.xml
/home/travis/.m2/repository/com/squareup/okio/okio-parent/1.11.0-SNAPSHOT/maven-metadata-local.xml
/home/travis/.m2/repository/com/squareup/okio/okio-parent/1.11.0-SNAPSHOT/_remote.repositories
/home/travis/.m2/repository/com/squareup/okio/okio-parent/maven-metadata-local.xm
[0m
[32;1m...
[0m
[32;1mchanges detected, packing new archive[0m
[32;1muploading archive[0m

travis_time:end:002570d0:start=1487086614329427866,finish=1487086617856914567,duration=3527486701[0Ktravis_fold:end:cache.2[0K
Done. Your build exited with 1.
